[2023-05-28T07:09:00.469+0000] {taskinstance.py:1165} INFO - Dependencies all met for <TaskInstance: example_bash_operator.also_run_this scheduled__2023-05-27T00:00:00+00:00 [queued]>
[2023-05-28T07:09:00.499+0000] {taskinstance.py:1165} INFO - Dependencies all met for <TaskInstance: example_bash_operator.also_run_this scheduled__2023-05-27T00:00:00+00:00 [queued]>
[2023-05-28T07:09:00.499+0000] {taskinstance.py:1362} INFO - 
--------------------------------------------------------------------------------
[2023-05-28T07:09:00.499+0000] {taskinstance.py:1363} INFO - Starting attempt 1 of 1
[2023-05-28T07:09:00.499+0000] {taskinstance.py:1364} INFO - 
--------------------------------------------------------------------------------
[2023-05-28T07:09:00.545+0000] {taskinstance.py:1383} INFO - Executing <Task(BashOperator): also_run_this> on 2023-05-27 00:00:00+00:00
[2023-05-28T07:09:00.569+0000] {standard_task_runner.py:55} INFO - Started process 359 to run task
[2023-05-28T07:09:00.569+0000] {standard_task_runner.py:82} INFO - Running: ['***', 'tasks', 'run', 'example_bash_operator', 'also_run_this', 'scheduled__2023-05-27T00:00:00+00:00', '--job-id', '9', '--raw', '--subdir', '/home/***/.local/lib/python3.7/site-packages/***/example_dags/example_bash_operator.py', '--cfg-path', '/tmp/tmpx4f1gxng']
[2023-05-28T07:09:00.583+0000] {standard_task_runner.py:83} INFO - Job 9: Subtask also_run_this
[2023-05-28T07:09:00.814+0000] {task_command.py:376} INFO - Running <TaskInstance: example_bash_operator.also_run_this scheduled__2023-05-27T00:00:00+00:00 [running]> on host 3d3769f77768
[2023-05-28T07:09:01.017+0000] {taskinstance.py:1592} INFO - Exporting the following env vars:
AIRFLOW_CTX_DAG_OWNER=***
AIRFLOW_CTX_DAG_ID=example_bash_operator
AIRFLOW_CTX_TASK_ID=also_run_this
AIRFLOW_CTX_EXECUTION_DATE=2023-05-27T00:00:00+00:00
AIRFLOW_CTX_TRY_NUMBER=1
AIRFLOW_CTX_DAG_RUN_ID=scheduled__2023-05-27T00:00:00+00:00
[2023-05-28T07:09:01.018+0000] {subprocess.py:63} INFO - Tmp dir root location: 
 /tmp
[2023-05-28T07:09:01.018+0000] {subprocess.py:75} INFO - Running command: ['/bin/bash', '-c', 'echo "ti_key=example_bash_operator__also_run_this__20230527"']
[2023-05-28T07:09:01.065+0000] {subprocess.py:86} INFO - Output:
[2023-05-28T07:09:01.067+0000] {subprocess.py:93} INFO - ti_key=example_bash_operator__also_run_this__20230527
[2023-05-28T07:09:01.067+0000] {subprocess.py:97} INFO - Command exited with return code 0
[2023-05-28T07:09:01.098+0000] {taskinstance.py:1406} INFO - Marking task as SUCCESS. dag_id=example_bash_operator, task_id=also_run_this, execution_date=20230527T000000, start_date=20230528T070900, end_date=20230528T070901
[2023-05-28T07:09:01.126+0000] {local_task_job.py:164} INFO - Task exited with return code 0
[2023-05-28T07:09:01.153+0000] {local_task_job.py:273} INFO - 0 downstream tasks scheduled from follow-on schedule check
