[2023-05-27T14:38:29.415+0000] {processor.py:154} INFO - Started process (PID=68) to work on /home/airflow/.local/lib/python3.7/site-packages/airflow/example_dags/example_dag_decorator.py
[2023-05-27T14:38:29.415+0000] {processor.py:756} INFO - Processing file /home/airflow/.local/lib/python3.7/site-packages/airflow/example_dags/example_dag_decorator.py for tasks to queue
[2023-05-27T14:38:29.416+0000] {logging_mixin.py:120} INFO - [2023-05-27T14:38:29.416+0000] {dagbag.py:537} INFO - Filling up the DagBag from /home/airflow/.local/lib/python3.7/site-packages/airflow/example_dags/example_dag_decorator.py
[2023-05-27T14:38:29.471+0000] {logging_mixin.py:120} INFO - [2023-05-27T14:38:29.471+0000] {taskmixin.py:205} WARNING - Dependency <Task(_PythonDecoratedOperator): prepare_email>, send_email already registered for DAG: example_dag_decorator
[2023-05-27T14:38:29.472+0000] {logging_mixin.py:120} INFO - [2023-05-27T14:38:29.472+0000] {taskmixin.py:205} WARNING - Dependency <Task(EmailOperator): send_email>, prepare_email already registered for DAG: example_dag_decorator
[2023-05-27T14:38:29.529+0000] {processor.py:766} INFO - DAG(s) dict_keys(['example_dag_decorator']) retrieved from /home/airflow/.local/lib/python3.7/site-packages/airflow/example_dags/example_dag_decorator.py
[2023-05-27T14:38:29.897+0000] {logging_mixin.py:120} INFO - [2023-05-27T14:38:29.897+0000] {manager.py:507} INFO - Created Permission View: can read on DAG:example_dag_decorator
[2023-05-27T14:38:29.916+0000] {logging_mixin.py:120} INFO - [2023-05-27T14:38:29.916+0000] {manager.py:507} INFO - Created Permission View: can edit on DAG:example_dag_decorator
[2023-05-27T14:38:29.931+0000] {logging_mixin.py:120} INFO - [2023-05-27T14:38:29.930+0000] {manager.py:507} INFO - Created Permission View: can delete on DAG:example_dag_decorator
[2023-05-27T14:38:29.931+0000] {logging_mixin.py:120} INFO - [2023-05-27T14:38:29.931+0000] {dag.py:2585} INFO - Sync 1 DAGs
[2023-05-27T14:38:29.971+0000] {logging_mixin.py:120} INFO - [2023-05-27T14:38:29.970+0000] {dag.py:2606} INFO - Creating ORM DAG for example_dag_decorator
[2023-05-27T14:38:30.000+0000] {logging_mixin.py:120} INFO - [2023-05-27T14:38:30.000+0000] {dag.py:3340} INFO - Setting next_dagrun for example_dag_decorator to None, run_after=None
[2023-05-27T14:38:30.042+0000] {processor.py:176} INFO - Processing /home/airflow/.local/lib/python3.7/site-packages/airflow/example_dags/example_dag_decorator.py took 0.640 seconds
[2023-05-27T14:39:00.156+0000] {processor.py:154} INFO - Started process (PID=122) to work on /home/airflow/.local/lib/python3.7/site-packages/airflow/example_dags/example_dag_decorator.py
[2023-05-27T14:39:00.157+0000] {processor.py:756} INFO - Processing file /home/airflow/.local/lib/python3.7/site-packages/airflow/example_dags/example_dag_decorator.py for tasks to queue
[2023-05-27T14:39:00.158+0000] {logging_mixin.py:120} INFO - [2023-05-27T14:39:00.158+0000] {dagbag.py:537} INFO - Filling up the DagBag from /home/airflow/.local/lib/python3.7/site-packages/airflow/example_dags/example_dag_decorator.py
[2023-05-27T14:39:00.180+0000] {logging_mixin.py:120} INFO - [2023-05-27T14:39:00.180+0000] {taskmixin.py:205} WARNING - Dependency <Task(_PythonDecoratedOperator): prepare_email>, send_email already registered for DAG: example_dag_decorator
[2023-05-27T14:39:00.180+0000] {logging_mixin.py:120} INFO - [2023-05-27T14:39:00.180+0000] {taskmixin.py:205} WARNING - Dependency <Task(EmailOperator): send_email>, prepare_email already registered for DAG: example_dag_decorator
[2023-05-27T14:39:00.198+0000] {processor.py:766} INFO - DAG(s) dict_keys(['example_dag_decorator']) retrieved from /home/airflow/.local/lib/python3.7/site-packages/airflow/example_dags/example_dag_decorator.py
[2023-05-27T14:39:00.251+0000] {logging_mixin.py:120} INFO - [2023-05-27T14:39:00.250+0000] {dag.py:2585} INFO - Sync 1 DAGs
[2023-05-27T14:39:00.284+0000] {logging_mixin.py:120} INFO - [2023-05-27T14:39:00.283+0000] {dag.py:3340} INFO - Setting next_dagrun for example_dag_decorator to None, run_after=None
[2023-05-27T14:39:00.305+0000] {processor.py:176} INFO - Processing /home/airflow/.local/lib/python3.7/site-packages/airflow/example_dags/example_dag_decorator.py took 0.153 seconds
[2023-05-27T14:39:30.398+0000] {processor.py:154} INFO - Started process (PID=186) to work on /home/airflow/.local/lib/python3.7/site-packages/airflow/example_dags/example_dag_decorator.py
[2023-05-27T14:39:30.399+0000] {processor.py:756} INFO - Processing file /home/airflow/.local/lib/python3.7/site-packages/airflow/example_dags/example_dag_decorator.py for tasks to queue
[2023-05-27T14:39:30.400+0000] {logging_mixin.py:120} INFO - [2023-05-27T14:39:30.400+0000] {dagbag.py:537} INFO - Filling up the DagBag from /home/airflow/.local/lib/python3.7/site-packages/airflow/example_dags/example_dag_decorator.py
[2023-05-27T14:39:30.421+0000] {logging_mixin.py:120} INFO - [2023-05-27T14:39:30.421+0000] {taskmixin.py:205} WARNING - Dependency <Task(_PythonDecoratedOperator): prepare_email>, send_email already registered for DAG: example_dag_decorator
[2023-05-27T14:39:30.421+0000] {logging_mixin.py:120} INFO - [2023-05-27T14:39:30.421+0000] {taskmixin.py:205} WARNING - Dependency <Task(EmailOperator): send_email>, prepare_email already registered for DAG: example_dag_decorator
[2023-05-27T14:39:30.442+0000] {processor.py:766} INFO - DAG(s) dict_keys(['example_dag_decorator']) retrieved from /home/airflow/.local/lib/python3.7/site-packages/airflow/example_dags/example_dag_decorator.py
[2023-05-27T14:39:30.500+0000] {logging_mixin.py:120} INFO - [2023-05-27T14:39:30.500+0000] {dag.py:2585} INFO - Sync 1 DAGs
[2023-05-27T14:39:30.531+0000] {logging_mixin.py:120} INFO - [2023-05-27T14:39:30.531+0000] {dag.py:3340} INFO - Setting next_dagrun for example_dag_decorator to None, run_after=None
[2023-05-27T14:39:30.553+0000] {processor.py:176} INFO - Processing /home/airflow/.local/lib/python3.7/site-packages/airflow/example_dags/example_dag_decorator.py took 0.161 seconds
[2023-05-27T14:40:01.087+0000] {processor.py:154} INFO - Started process (PID=239) to work on /home/airflow/.local/lib/python3.7/site-packages/airflow/example_dags/example_dag_decorator.py
[2023-05-27T14:40:01.091+0000] {processor.py:756} INFO - Processing file /home/airflow/.local/lib/python3.7/site-packages/airflow/example_dags/example_dag_decorator.py for tasks to queue
[2023-05-27T14:40:01.093+0000] {logging_mixin.py:120} INFO - [2023-05-27T14:40:01.092+0000] {dagbag.py:537} INFO - Filling up the DagBag from /home/airflow/.local/lib/python3.7/site-packages/airflow/example_dags/example_dag_decorator.py
[2023-05-27T14:40:01.162+0000] {logging_mixin.py:120} INFO - [2023-05-27T14:40:01.162+0000] {taskmixin.py:205} WARNING - Dependency <Task(_PythonDecoratedOperator): prepare_email>, send_email already registered for DAG: example_dag_decorator
[2023-05-27T14:40:01.162+0000] {logging_mixin.py:120} INFO - [2023-05-27T14:40:01.162+0000] {taskmixin.py:205} WARNING - Dependency <Task(EmailOperator): send_email>, prepare_email already registered for DAG: example_dag_decorator
[2023-05-27T14:40:01.246+0000] {processor.py:766} INFO - DAG(s) dict_keys(['example_dag_decorator']) retrieved from /home/airflow/.local/lib/python3.7/site-packages/airflow/example_dags/example_dag_decorator.py
[2023-05-27T14:40:01.425+0000] {logging_mixin.py:120} INFO - [2023-05-27T14:40:01.425+0000] {dag.py:2585} INFO - Sync 1 DAGs
[2023-05-27T14:40:01.456+0000] {logging_mixin.py:120} INFO - [2023-05-27T14:40:01.456+0000] {dag.py:3340} INFO - Setting next_dagrun for example_dag_decorator to None, run_after=None
[2023-05-27T14:40:01.482+0000] {processor.py:176} INFO - Processing /home/airflow/.local/lib/python3.7/site-packages/airflow/example_dags/example_dag_decorator.py took 0.410 seconds
[2023-05-27T14:40:32.331+0000] {processor.py:154} INFO - Started process (PID=302) to work on /home/airflow/.local/lib/python3.7/site-packages/airflow/example_dags/example_dag_decorator.py
[2023-05-27T14:40:32.334+0000] {processor.py:756} INFO - Processing file /home/airflow/.local/lib/python3.7/site-packages/airflow/example_dags/example_dag_decorator.py for tasks to queue
[2023-05-27T14:40:32.335+0000] {logging_mixin.py:120} INFO - [2023-05-27T14:40:32.335+0000] {dagbag.py:537} INFO - Filling up the DagBag from /home/airflow/.local/lib/python3.7/site-packages/airflow/example_dags/example_dag_decorator.py
[2023-05-27T14:40:32.359+0000] {logging_mixin.py:120} INFO - [2023-05-27T14:40:32.359+0000] {taskmixin.py:205} WARNING - Dependency <Task(_PythonDecoratedOperator): prepare_email>, send_email already registered for DAG: example_dag_decorator
[2023-05-27T14:40:32.359+0000] {logging_mixin.py:120} INFO - [2023-05-27T14:40:32.359+0000] {taskmixin.py:205} WARNING - Dependency <Task(EmailOperator): send_email>, prepare_email already registered for DAG: example_dag_decorator
[2023-05-27T14:40:32.376+0000] {processor.py:766} INFO - DAG(s) dict_keys(['example_dag_decorator']) retrieved from /home/airflow/.local/lib/python3.7/site-packages/airflow/example_dags/example_dag_decorator.py
[2023-05-27T14:40:32.479+0000] {logging_mixin.py:120} INFO - [2023-05-27T14:40:32.479+0000] {dag.py:2585} INFO - Sync 1 DAGs
[2023-05-27T14:40:32.509+0000] {logging_mixin.py:120} INFO - [2023-05-27T14:40:32.509+0000] {dag.py:3340} INFO - Setting next_dagrun for example_dag_decorator to None, run_after=None
[2023-05-27T14:40:32.545+0000] {processor.py:176} INFO - Processing /home/airflow/.local/lib/python3.7/site-packages/airflow/example_dags/example_dag_decorator.py took 0.218 seconds
[2023-05-27T14:41:02.748+0000] {processor.py:154} INFO - Started process (PID=357) to work on /home/airflow/.local/lib/python3.7/site-packages/airflow/example_dags/example_dag_decorator.py
[2023-05-27T14:41:02.752+0000] {processor.py:756} INFO - Processing file /home/airflow/.local/lib/python3.7/site-packages/airflow/example_dags/example_dag_decorator.py for tasks to queue
[2023-05-27T14:41:02.753+0000] {logging_mixin.py:120} INFO - [2023-05-27T14:41:02.753+0000] {dagbag.py:537} INFO - Filling up the DagBag from /home/airflow/.local/lib/python3.7/site-packages/airflow/example_dags/example_dag_decorator.py
[2023-05-27T14:41:02.777+0000] {logging_mixin.py:120} INFO - [2023-05-27T14:41:02.777+0000] {taskmixin.py:205} WARNING - Dependency <Task(_PythonDecoratedOperator): prepare_email>, send_email already registered for DAG: example_dag_decorator
[2023-05-27T14:41:02.778+0000] {logging_mixin.py:120} INFO - [2023-05-27T14:41:02.778+0000] {taskmixin.py:205} WARNING - Dependency <Task(EmailOperator): send_email>, prepare_email already registered for DAG: example_dag_decorator
[2023-05-27T14:41:02.820+0000] {processor.py:766} INFO - DAG(s) dict_keys(['example_dag_decorator']) retrieved from /home/airflow/.local/lib/python3.7/site-packages/airflow/example_dags/example_dag_decorator.py
[2023-05-27T14:41:03.083+0000] {logging_mixin.py:120} INFO - [2023-05-27T14:41:03.082+0000] {dag.py:2585} INFO - Sync 1 DAGs
[2023-05-27T14:41:03.121+0000] {logging_mixin.py:120} INFO - [2023-05-27T14:41:03.121+0000] {dag.py:3340} INFO - Setting next_dagrun for example_dag_decorator to None, run_after=None
[2023-05-27T14:41:03.150+0000] {processor.py:176} INFO - Processing /home/airflow/.local/lib/python3.7/site-packages/airflow/example_dags/example_dag_decorator.py took 0.406 seconds
[2023-05-27T14:41:33.860+0000] {processor.py:154} INFO - Started process (PID=421) to work on /home/airflow/.local/lib/python3.7/site-packages/airflow/example_dags/example_dag_decorator.py
[2023-05-27T14:41:33.862+0000] {processor.py:756} INFO - Processing file /home/airflow/.local/lib/python3.7/site-packages/airflow/example_dags/example_dag_decorator.py for tasks to queue
[2023-05-27T14:41:33.863+0000] {logging_mixin.py:120} INFO - [2023-05-27T14:41:33.862+0000] {dagbag.py:537} INFO - Filling up the DagBag from /home/airflow/.local/lib/python3.7/site-packages/airflow/example_dags/example_dag_decorator.py
[2023-05-27T14:41:33.898+0000] {logging_mixin.py:120} INFO - [2023-05-27T14:41:33.898+0000] {taskmixin.py:205} WARNING - Dependency <Task(_PythonDecoratedOperator): prepare_email>, send_email already registered for DAG: example_dag_decorator
[2023-05-27T14:41:33.899+0000] {logging_mixin.py:120} INFO - [2023-05-27T14:41:33.899+0000] {taskmixin.py:205} WARNING - Dependency <Task(EmailOperator): send_email>, prepare_email already registered for DAG: example_dag_decorator
[2023-05-27T14:41:33.960+0000] {processor.py:766} INFO - DAG(s) dict_keys(['example_dag_decorator']) retrieved from /home/airflow/.local/lib/python3.7/site-packages/airflow/example_dags/example_dag_decorator.py
[2023-05-27T14:41:34.275+0000] {logging_mixin.py:120} INFO - [2023-05-27T14:41:34.274+0000] {dag.py:2585} INFO - Sync 1 DAGs
[2023-05-27T14:41:34.353+0000] {logging_mixin.py:120} INFO - [2023-05-27T14:41:34.350+0000] {dag.py:3340} INFO - Setting next_dagrun for example_dag_decorator to None, run_after=None
[2023-05-27T14:41:34.411+0000] {processor.py:176} INFO - Processing /home/airflow/.local/lib/python3.7/site-packages/airflow/example_dags/example_dag_decorator.py took 0.573 seconds
[2023-05-27T14:42:05.243+0000] {processor.py:154} INFO - Started process (PID=475) to work on /home/airflow/.local/lib/python3.7/site-packages/airflow/example_dags/example_dag_decorator.py
[2023-05-27T14:42:05.245+0000] {processor.py:756} INFO - Processing file /home/airflow/.local/lib/python3.7/site-packages/airflow/example_dags/example_dag_decorator.py for tasks to queue
[2023-05-27T14:42:05.246+0000] {logging_mixin.py:120} INFO - [2023-05-27T14:42:05.246+0000] {dagbag.py:537} INFO - Filling up the DagBag from /home/airflow/.local/lib/python3.7/site-packages/airflow/example_dags/example_dag_decorator.py
[2023-05-27T14:42:05.274+0000] {logging_mixin.py:120} INFO - [2023-05-27T14:42:05.273+0000] {taskmixin.py:205} WARNING - Dependency <Task(_PythonDecoratedOperator): prepare_email>, send_email already registered for DAG: example_dag_decorator
[2023-05-27T14:42:05.274+0000] {logging_mixin.py:120} INFO - [2023-05-27T14:42:05.274+0000] {taskmixin.py:205} WARNING - Dependency <Task(EmailOperator): send_email>, prepare_email already registered for DAG: example_dag_decorator
[2023-05-27T14:42:05.310+0000] {processor.py:766} INFO - DAG(s) dict_keys(['example_dag_decorator']) retrieved from /home/airflow/.local/lib/python3.7/site-packages/airflow/example_dags/example_dag_decorator.py
[2023-05-27T14:42:05.533+0000] {logging_mixin.py:120} INFO - [2023-05-27T14:42:05.533+0000] {dag.py:2585} INFO - Sync 1 DAGs
[2023-05-27T14:42:05.565+0000] {logging_mixin.py:120} INFO - [2023-05-27T14:42:05.565+0000] {dag.py:3340} INFO - Setting next_dagrun for example_dag_decorator to None, run_after=None
[2023-05-27T14:42:05.597+0000] {processor.py:176} INFO - Processing /home/airflow/.local/lib/python3.7/site-packages/airflow/example_dags/example_dag_decorator.py took 0.358 seconds
[2023-05-27T14:42:36.003+0000] {processor.py:154} INFO - Started process (PID=530) to work on /home/airflow/.local/lib/python3.7/site-packages/airflow/example_dags/example_dag_decorator.py
[2023-05-27T14:42:36.004+0000] {processor.py:756} INFO - Processing file /home/airflow/.local/lib/python3.7/site-packages/airflow/example_dags/example_dag_decorator.py for tasks to queue
[2023-05-27T14:42:36.005+0000] {logging_mixin.py:120} INFO - [2023-05-27T14:42:36.005+0000] {dagbag.py:537} INFO - Filling up the DagBag from /home/airflow/.local/lib/python3.7/site-packages/airflow/example_dags/example_dag_decorator.py
[2023-05-27T14:42:36.028+0000] {logging_mixin.py:120} INFO - [2023-05-27T14:42:36.027+0000] {taskmixin.py:205} WARNING - Dependency <Task(_PythonDecoratedOperator): prepare_email>, send_email already registered for DAG: example_dag_decorator
[2023-05-27T14:42:36.028+0000] {logging_mixin.py:120} INFO - [2023-05-27T14:42:36.028+0000] {taskmixin.py:205} WARNING - Dependency <Task(EmailOperator): send_email>, prepare_email already registered for DAG: example_dag_decorator
[2023-05-27T14:42:36.051+0000] {processor.py:766} INFO - DAG(s) dict_keys(['example_dag_decorator']) retrieved from /home/airflow/.local/lib/python3.7/site-packages/airflow/example_dags/example_dag_decorator.py
[2023-05-27T14:42:36.156+0000] {logging_mixin.py:120} INFO - [2023-05-27T14:42:36.155+0000] {dag.py:2585} INFO - Sync 1 DAGs
[2023-05-27T14:42:36.186+0000] {logging_mixin.py:120} INFO - [2023-05-27T14:42:36.186+0000] {dag.py:3340} INFO - Setting next_dagrun for example_dag_decorator to None, run_after=None
[2023-05-27T14:42:36.214+0000] {processor.py:176} INFO - Processing /home/airflow/.local/lib/python3.7/site-packages/airflow/example_dags/example_dag_decorator.py took 0.215 seconds
[2023-05-27T14:43:06.369+0000] {processor.py:154} INFO - Started process (PID=593) to work on /home/airflow/.local/lib/python3.7/site-packages/airflow/example_dags/example_dag_decorator.py
[2023-05-27T14:43:06.371+0000] {processor.py:756} INFO - Processing file /home/airflow/.local/lib/python3.7/site-packages/airflow/example_dags/example_dag_decorator.py for tasks to queue
[2023-05-27T14:43:06.371+0000] {logging_mixin.py:120} INFO - [2023-05-27T14:43:06.371+0000] {dagbag.py:537} INFO - Filling up the DagBag from /home/airflow/.local/lib/python3.7/site-packages/airflow/example_dags/example_dag_decorator.py
[2023-05-27T14:43:06.398+0000] {logging_mixin.py:120} INFO - [2023-05-27T14:43:06.398+0000] {taskmixin.py:205} WARNING - Dependency <Task(_PythonDecoratedOperator): prepare_email>, send_email already registered for DAG: example_dag_decorator
[2023-05-27T14:43:06.398+0000] {logging_mixin.py:120} INFO - [2023-05-27T14:43:06.398+0000] {taskmixin.py:205} WARNING - Dependency <Task(EmailOperator): send_email>, prepare_email already registered for DAG: example_dag_decorator
[2023-05-27T14:43:06.419+0000] {processor.py:766} INFO - DAG(s) dict_keys(['example_dag_decorator']) retrieved from /home/airflow/.local/lib/python3.7/site-packages/airflow/example_dags/example_dag_decorator.py
[2023-05-27T14:43:06.522+0000] {logging_mixin.py:120} INFO - [2023-05-27T14:43:06.522+0000] {dag.py:2585} INFO - Sync 1 DAGs
[2023-05-27T14:43:06.552+0000] {logging_mixin.py:120} INFO - [2023-05-27T14:43:06.552+0000] {dag.py:3340} INFO - Setting next_dagrun for example_dag_decorator to None, run_after=None
[2023-05-27T14:43:06.606+0000] {processor.py:176} INFO - Processing /home/airflow/.local/lib/python3.7/site-packages/airflow/example_dags/example_dag_decorator.py took 0.241 seconds
[2023-05-27T14:43:36.743+0000] {processor.py:154} INFO - Started process (PID=647) to work on /home/airflow/.local/lib/python3.7/site-packages/airflow/example_dags/example_dag_decorator.py
[2023-05-27T14:43:36.750+0000] {processor.py:756} INFO - Processing file /home/airflow/.local/lib/python3.7/site-packages/airflow/example_dags/example_dag_decorator.py for tasks to queue
[2023-05-27T14:43:36.752+0000] {logging_mixin.py:120} INFO - [2023-05-27T14:43:36.752+0000] {dagbag.py:537} INFO - Filling up the DagBag from /home/airflow/.local/lib/python3.7/site-packages/airflow/example_dags/example_dag_decorator.py
[2023-05-27T14:43:36.777+0000] {logging_mixin.py:120} INFO - [2023-05-27T14:43:36.776+0000] {taskmixin.py:205} WARNING - Dependency <Task(_PythonDecoratedOperator): prepare_email>, send_email already registered for DAG: example_dag_decorator
[2023-05-27T14:43:36.777+0000] {logging_mixin.py:120} INFO - [2023-05-27T14:43:36.777+0000] {taskmixin.py:205} WARNING - Dependency <Task(EmailOperator): send_email>, prepare_email already registered for DAG: example_dag_decorator
[2023-05-27T14:43:36.802+0000] {processor.py:766} INFO - DAG(s) dict_keys(['example_dag_decorator']) retrieved from /home/airflow/.local/lib/python3.7/site-packages/airflow/example_dags/example_dag_decorator.py
[2023-05-27T14:43:36.909+0000] {logging_mixin.py:120} INFO - [2023-05-27T14:43:36.909+0000] {dag.py:2585} INFO - Sync 1 DAGs
[2023-05-27T14:43:36.938+0000] {logging_mixin.py:120} INFO - [2023-05-27T14:43:36.938+0000] {dag.py:3340} INFO - Setting next_dagrun for example_dag_decorator to None, run_after=None
[2023-05-27T14:43:36.965+0000] {processor.py:176} INFO - Processing /home/airflow/.local/lib/python3.7/site-packages/airflow/example_dags/example_dag_decorator.py took 0.226 seconds
[2023-05-27T14:44:07.835+0000] {processor.py:154} INFO - Started process (PID=710) to work on /home/airflow/.local/lib/python3.7/site-packages/airflow/example_dags/example_dag_decorator.py
[2023-05-27T14:44:07.839+0000] {processor.py:756} INFO - Processing file /home/airflow/.local/lib/python3.7/site-packages/airflow/example_dags/example_dag_decorator.py for tasks to queue
[2023-05-27T14:44:07.840+0000] {logging_mixin.py:120} INFO - [2023-05-27T14:44:07.840+0000] {dagbag.py:537} INFO - Filling up the DagBag from /home/airflow/.local/lib/python3.7/site-packages/airflow/example_dags/example_dag_decorator.py
[2023-05-27T14:44:07.861+0000] {logging_mixin.py:120} INFO - [2023-05-27T14:44:07.861+0000] {taskmixin.py:205} WARNING - Dependency <Task(_PythonDecoratedOperator): prepare_email>, send_email already registered for DAG: example_dag_decorator
[2023-05-27T14:44:07.861+0000] {logging_mixin.py:120} INFO - [2023-05-27T14:44:07.861+0000] {taskmixin.py:205} WARNING - Dependency <Task(EmailOperator): send_email>, prepare_email already registered for DAG: example_dag_decorator
[2023-05-27T14:44:07.878+0000] {processor.py:766} INFO - DAG(s) dict_keys(['example_dag_decorator']) retrieved from /home/airflow/.local/lib/python3.7/site-packages/airflow/example_dags/example_dag_decorator.py
[2023-05-27T14:44:07.983+0000] {logging_mixin.py:120} INFO - [2023-05-27T14:44:07.982+0000] {dag.py:2585} INFO - Sync 1 DAGs
[2023-05-27T14:44:08.013+0000] {logging_mixin.py:120} INFO - [2023-05-27T14:44:08.012+0000] {dag.py:3340} INFO - Setting next_dagrun for example_dag_decorator to None, run_after=None
[2023-05-27T14:44:08.043+0000] {processor.py:176} INFO - Processing /home/airflow/.local/lib/python3.7/site-packages/airflow/example_dags/example_dag_decorator.py took 0.211 seconds
[2023-05-27T14:44:38.082+0000] {processor.py:154} INFO - Started process (PID=764) to work on /home/airflow/.local/lib/python3.7/site-packages/airflow/example_dags/example_dag_decorator.py
[2023-05-27T14:44:38.084+0000] {processor.py:756} INFO - Processing file /home/airflow/.local/lib/python3.7/site-packages/airflow/example_dags/example_dag_decorator.py for tasks to queue
[2023-05-27T14:44:38.085+0000] {logging_mixin.py:120} INFO - [2023-05-27T14:44:38.084+0000] {dagbag.py:537} INFO - Filling up the DagBag from /home/airflow/.local/lib/python3.7/site-packages/airflow/example_dags/example_dag_decorator.py
[2023-05-27T14:44:38.107+0000] {logging_mixin.py:120} INFO - [2023-05-27T14:44:38.107+0000] {taskmixin.py:205} WARNING - Dependency <Task(_PythonDecoratedOperator): prepare_email>, send_email already registered for DAG: example_dag_decorator
[2023-05-27T14:44:38.107+0000] {logging_mixin.py:120} INFO - [2023-05-27T14:44:38.107+0000] {taskmixin.py:205} WARNING - Dependency <Task(EmailOperator): send_email>, prepare_email already registered for DAG: example_dag_decorator
[2023-05-27T14:44:38.127+0000] {processor.py:766} INFO - DAG(s) dict_keys(['example_dag_decorator']) retrieved from /home/airflow/.local/lib/python3.7/site-packages/airflow/example_dags/example_dag_decorator.py
[2023-05-27T14:44:38.233+0000] {logging_mixin.py:120} INFO - [2023-05-27T14:44:38.232+0000] {dag.py:2585} INFO - Sync 1 DAGs
[2023-05-27T14:44:38.262+0000] {logging_mixin.py:120} INFO - [2023-05-27T14:44:38.262+0000] {dag.py:3340} INFO - Setting next_dagrun for example_dag_decorator to None, run_after=None
[2023-05-27T14:44:38.291+0000] {processor.py:176} INFO - Processing /home/airflow/.local/lib/python3.7/site-packages/airflow/example_dags/example_dag_decorator.py took 0.213 seconds
[2023-05-27T14:45:08.687+0000] {processor.py:154} INFO - Started process (PID=824) to work on /home/airflow/.local/lib/python3.7/site-packages/airflow/example_dags/example_dag_decorator.py
[2023-05-27T14:45:08.690+0000] {processor.py:756} INFO - Processing file /home/airflow/.local/lib/python3.7/site-packages/airflow/example_dags/example_dag_decorator.py for tasks to queue
[2023-05-27T14:45:08.690+0000] {logging_mixin.py:120} INFO - [2023-05-27T14:45:08.690+0000] {dagbag.py:537} INFO - Filling up the DagBag from /home/airflow/.local/lib/python3.7/site-packages/airflow/example_dags/example_dag_decorator.py
[2023-05-27T14:45:08.713+0000] {logging_mixin.py:120} INFO - [2023-05-27T14:45:08.713+0000] {taskmixin.py:205} WARNING - Dependency <Task(_PythonDecoratedOperator): prepare_email>, send_email already registered for DAG: example_dag_decorator
[2023-05-27T14:45:08.713+0000] {logging_mixin.py:120} INFO - [2023-05-27T14:45:08.713+0000] {taskmixin.py:205} WARNING - Dependency <Task(EmailOperator): send_email>, prepare_email already registered for DAG: example_dag_decorator
[2023-05-27T14:45:08.765+0000] {processor.py:766} INFO - DAG(s) dict_keys(['example_dag_decorator']) retrieved from /home/airflow/.local/lib/python3.7/site-packages/airflow/example_dags/example_dag_decorator.py
[2023-05-27T14:45:08.969+0000] {logging_mixin.py:120} INFO - [2023-05-27T14:45:08.969+0000] {dag.py:2585} INFO - Sync 1 DAGs
[2023-05-27T14:45:09.010+0000] {logging_mixin.py:120} INFO - [2023-05-27T14:45:09.010+0000] {dag.py:3340} INFO - Setting next_dagrun for example_dag_decorator to None, run_after=None
[2023-05-27T14:45:09.042+0000] {processor.py:176} INFO - Processing /home/airflow/.local/lib/python3.7/site-packages/airflow/example_dags/example_dag_decorator.py took 0.361 seconds
[2023-05-27T14:45:39.534+0000] {processor.py:154} INFO - Started process (PID=879) to work on /home/airflow/.local/lib/python3.7/site-packages/airflow/example_dags/example_dag_decorator.py
[2023-05-27T14:45:39.536+0000] {processor.py:756} INFO - Processing file /home/airflow/.local/lib/python3.7/site-packages/airflow/example_dags/example_dag_decorator.py for tasks to queue
[2023-05-27T14:45:39.540+0000] {logging_mixin.py:120} INFO - [2023-05-27T14:45:39.539+0000] {dagbag.py:537} INFO - Filling up the DagBag from /home/airflow/.local/lib/python3.7/site-packages/airflow/example_dags/example_dag_decorator.py
[2023-05-27T14:45:39.594+0000] {logging_mixin.py:120} INFO - [2023-05-27T14:45:39.594+0000] {taskmixin.py:205} WARNING - Dependency <Task(_PythonDecoratedOperator): prepare_email>, send_email already registered for DAG: example_dag_decorator
[2023-05-27T14:45:39.594+0000] {logging_mixin.py:120} INFO - [2023-05-27T14:45:39.594+0000] {taskmixin.py:205} WARNING - Dependency <Task(EmailOperator): send_email>, prepare_email already registered for DAG: example_dag_decorator
[2023-05-27T14:45:39.622+0000] {processor.py:766} INFO - DAG(s) dict_keys(['example_dag_decorator']) retrieved from /home/airflow/.local/lib/python3.7/site-packages/airflow/example_dags/example_dag_decorator.py
[2023-05-27T14:45:39.793+0000] {logging_mixin.py:120} INFO - [2023-05-27T14:45:39.792+0000] {dag.py:2585} INFO - Sync 1 DAGs
[2023-05-27T14:45:39.852+0000] {logging_mixin.py:120} INFO - [2023-05-27T14:45:39.851+0000] {dag.py:3340} INFO - Setting next_dagrun for example_dag_decorator to None, run_after=None
[2023-05-27T14:45:39.875+0000] {processor.py:176} INFO - Processing /home/airflow/.local/lib/python3.7/site-packages/airflow/example_dags/example_dag_decorator.py took 0.347 seconds
[2023-05-27T14:46:10.889+0000] {processor.py:154} INFO - Started process (PID=933) to work on /home/airflow/.local/lib/python3.7/site-packages/airflow/example_dags/example_dag_decorator.py
[2023-05-27T14:46:10.897+0000] {processor.py:756} INFO - Processing file /home/airflow/.local/lib/python3.7/site-packages/airflow/example_dags/example_dag_decorator.py for tasks to queue
[2023-05-27T14:46:10.898+0000] {logging_mixin.py:120} INFO - [2023-05-27T14:46:10.897+0000] {dagbag.py:537} INFO - Filling up the DagBag from /home/airflow/.local/lib/python3.7/site-packages/airflow/example_dags/example_dag_decorator.py
[2023-05-27T14:46:10.934+0000] {logging_mixin.py:120} INFO - [2023-05-27T14:46:10.934+0000] {taskmixin.py:205} WARNING - Dependency <Task(_PythonDecoratedOperator): prepare_email>, send_email already registered for DAG: example_dag_decorator
[2023-05-27T14:46:10.934+0000] {logging_mixin.py:120} INFO - [2023-05-27T14:46:10.934+0000] {taskmixin.py:205} WARNING - Dependency <Task(EmailOperator): send_email>, prepare_email already registered for DAG: example_dag_decorator
[2023-05-27T14:46:10.958+0000] {processor.py:766} INFO - DAG(s) dict_keys(['example_dag_decorator']) retrieved from /home/airflow/.local/lib/python3.7/site-packages/airflow/example_dags/example_dag_decorator.py
[2023-05-27T14:46:11.081+0000] {logging_mixin.py:120} INFO - [2023-05-27T14:46:11.081+0000] {dag.py:2585} INFO - Sync 1 DAGs
[2023-05-27T14:46:11.111+0000] {logging_mixin.py:120} INFO - [2023-05-27T14:46:11.111+0000] {dag.py:3340} INFO - Setting next_dagrun for example_dag_decorator to None, run_after=None
[2023-05-27T14:46:11.142+0000] {processor.py:176} INFO - Processing /home/airflow/.local/lib/python3.7/site-packages/airflow/example_dags/example_dag_decorator.py took 0.258 seconds
[2023-05-27T14:46:41.325+0000] {processor.py:154} INFO - Started process (PID=996) to work on /home/airflow/.local/lib/python3.7/site-packages/airflow/example_dags/example_dag_decorator.py
[2023-05-27T14:46:41.328+0000] {processor.py:756} INFO - Processing file /home/airflow/.local/lib/python3.7/site-packages/airflow/example_dags/example_dag_decorator.py for tasks to queue
[2023-05-27T14:46:41.328+0000] {logging_mixin.py:120} INFO - [2023-05-27T14:46:41.328+0000] {dagbag.py:537} INFO - Filling up the DagBag from /home/airflow/.local/lib/python3.7/site-packages/airflow/example_dags/example_dag_decorator.py
[2023-05-27T14:46:41.359+0000] {logging_mixin.py:120} INFO - [2023-05-27T14:46:41.359+0000] {taskmixin.py:205} WARNING - Dependency <Task(_PythonDecoratedOperator): prepare_email>, send_email already registered for DAG: example_dag_decorator
[2023-05-27T14:46:41.360+0000] {logging_mixin.py:120} INFO - [2023-05-27T14:46:41.360+0000] {taskmixin.py:205} WARNING - Dependency <Task(EmailOperator): send_email>, prepare_email already registered for DAG: example_dag_decorator
[2023-05-27T14:46:41.394+0000] {processor.py:766} INFO - DAG(s) dict_keys(['example_dag_decorator']) retrieved from /home/airflow/.local/lib/python3.7/site-packages/airflow/example_dags/example_dag_decorator.py
[2023-05-27T14:46:41.508+0000] {logging_mixin.py:120} INFO - [2023-05-27T14:46:41.508+0000] {dag.py:2585} INFO - Sync 1 DAGs
[2023-05-27T14:46:41.541+0000] {logging_mixin.py:120} INFO - [2023-05-27T14:46:41.539+0000] {dag.py:3340} INFO - Setting next_dagrun for example_dag_decorator to None, run_after=None
[2023-05-27T14:46:41.569+0000] {processor.py:176} INFO - Processing /home/airflow/.local/lib/python3.7/site-packages/airflow/example_dags/example_dag_decorator.py took 0.247 seconds
[2023-05-27T14:47:11.792+0000] {processor.py:154} INFO - Started process (PID=1051) to work on /home/airflow/.local/lib/python3.7/site-packages/airflow/example_dags/example_dag_decorator.py
[2023-05-27T14:47:11.795+0000] {processor.py:756} INFO - Processing file /home/airflow/.local/lib/python3.7/site-packages/airflow/example_dags/example_dag_decorator.py for tasks to queue
[2023-05-27T14:47:11.796+0000] {logging_mixin.py:120} INFO - [2023-05-27T14:47:11.796+0000] {dagbag.py:537} INFO - Filling up the DagBag from /home/airflow/.local/lib/python3.7/site-packages/airflow/example_dags/example_dag_decorator.py
[2023-05-27T14:47:11.839+0000] {logging_mixin.py:120} INFO - [2023-05-27T14:47:11.839+0000] {taskmixin.py:205} WARNING - Dependency <Task(_PythonDecoratedOperator): prepare_email>, send_email already registered for DAG: example_dag_decorator
[2023-05-27T14:47:11.839+0000] {logging_mixin.py:120} INFO - [2023-05-27T14:47:11.839+0000] {taskmixin.py:205} WARNING - Dependency <Task(EmailOperator): send_email>, prepare_email already registered for DAG: example_dag_decorator
[2023-05-27T14:47:11.900+0000] {processor.py:766} INFO - DAG(s) dict_keys(['example_dag_decorator']) retrieved from /home/airflow/.local/lib/python3.7/site-packages/airflow/example_dags/example_dag_decorator.py
[2023-05-27T14:47:12.090+0000] {logging_mixin.py:120} INFO - [2023-05-27T14:47:12.089+0000] {dag.py:2585} INFO - Sync 1 DAGs
[2023-05-27T14:47:12.148+0000] {logging_mixin.py:120} INFO - [2023-05-27T14:47:12.148+0000] {dag.py:3340} INFO - Setting next_dagrun for example_dag_decorator to None, run_after=None
[2023-05-27T14:47:12.206+0000] {processor.py:176} INFO - Processing /home/airflow/.local/lib/python3.7/site-packages/airflow/example_dags/example_dag_decorator.py took 0.421 seconds
[2023-05-27T14:47:42.515+0000] {processor.py:154} INFO - Started process (PID=1116) to work on /home/airflow/.local/lib/python3.7/site-packages/airflow/example_dags/example_dag_decorator.py
[2023-05-27T14:47:42.517+0000] {processor.py:756} INFO - Processing file /home/airflow/.local/lib/python3.7/site-packages/airflow/example_dags/example_dag_decorator.py for tasks to queue
[2023-05-27T14:47:42.518+0000] {logging_mixin.py:120} INFO - [2023-05-27T14:47:42.518+0000] {dagbag.py:537} INFO - Filling up the DagBag from /home/airflow/.local/lib/python3.7/site-packages/airflow/example_dags/example_dag_decorator.py
[2023-05-27T14:47:42.570+0000] {logging_mixin.py:120} INFO - [2023-05-27T14:47:42.570+0000] {taskmixin.py:205} WARNING - Dependency <Task(_PythonDecoratedOperator): prepare_email>, send_email already registered for DAG: example_dag_decorator
[2023-05-27T14:47:42.570+0000] {logging_mixin.py:120} INFO - [2023-05-27T14:47:42.570+0000] {taskmixin.py:205} WARNING - Dependency <Task(EmailOperator): send_email>, prepare_email already registered for DAG: example_dag_decorator
[2023-05-27T14:47:42.624+0000] {processor.py:766} INFO - DAG(s) dict_keys(['example_dag_decorator']) retrieved from /home/airflow/.local/lib/python3.7/site-packages/airflow/example_dags/example_dag_decorator.py
[2023-05-27T14:47:42.790+0000] {logging_mixin.py:120} INFO - [2023-05-27T14:47:42.790+0000] {dag.py:2585} INFO - Sync 1 DAGs
[2023-05-27T14:47:42.822+0000] {logging_mixin.py:120} INFO - [2023-05-27T14:47:42.822+0000] {dag.py:3340} INFO - Setting next_dagrun for example_dag_decorator to None, run_after=None
[2023-05-27T14:47:42.868+0000] {processor.py:176} INFO - Processing /home/airflow/.local/lib/python3.7/site-packages/airflow/example_dags/example_dag_decorator.py took 0.358 seconds
[2023-05-27T14:48:12.938+0000] {processor.py:154} INFO - Started process (PID=1167) to work on /home/airflow/.local/lib/python3.7/site-packages/airflow/example_dags/example_dag_decorator.py
[2023-05-27T14:48:12.943+0000] {processor.py:756} INFO - Processing file /home/airflow/.local/lib/python3.7/site-packages/airflow/example_dags/example_dag_decorator.py for tasks to queue
[2023-05-27T14:48:12.944+0000] {logging_mixin.py:120} INFO - [2023-05-27T14:48:12.944+0000] {dagbag.py:537} INFO - Filling up the DagBag from /home/airflow/.local/lib/python3.7/site-packages/airflow/example_dags/example_dag_decorator.py
[2023-05-27T14:48:12.986+0000] {logging_mixin.py:120} INFO - [2023-05-27T14:48:12.986+0000] {taskmixin.py:205} WARNING - Dependency <Task(_PythonDecoratedOperator): prepare_email>, send_email already registered for DAG: example_dag_decorator
[2023-05-27T14:48:12.987+0000] {logging_mixin.py:120} INFO - [2023-05-27T14:48:12.987+0000] {taskmixin.py:205} WARNING - Dependency <Task(EmailOperator): send_email>, prepare_email already registered for DAG: example_dag_decorator
[2023-05-27T14:48:13.040+0000] {processor.py:766} INFO - DAG(s) dict_keys(['example_dag_decorator']) retrieved from /home/airflow/.local/lib/python3.7/site-packages/airflow/example_dags/example_dag_decorator.py
[2023-05-27T14:48:13.274+0000] {logging_mixin.py:120} INFO - [2023-05-27T14:48:13.273+0000] {dag.py:2585} INFO - Sync 1 DAGs
[2023-05-27T14:48:13.304+0000] {logging_mixin.py:120} INFO - [2023-05-27T14:48:13.304+0000] {dag.py:3340} INFO - Setting next_dagrun for example_dag_decorator to None, run_after=None
[2023-05-27T14:48:13.335+0000] {processor.py:176} INFO - Processing /home/airflow/.local/lib/python3.7/site-packages/airflow/example_dags/example_dag_decorator.py took 0.401 seconds
[2023-05-27T14:48:43.428+0000] {processor.py:154} INFO - Started process (PID=1222) to work on /home/airflow/.local/lib/python3.7/site-packages/airflow/example_dags/example_dag_decorator.py
[2023-05-27T14:48:43.430+0000] {processor.py:756} INFO - Processing file /home/airflow/.local/lib/python3.7/site-packages/airflow/example_dags/example_dag_decorator.py for tasks to queue
[2023-05-27T14:48:43.431+0000] {logging_mixin.py:120} INFO - [2023-05-27T14:48:43.431+0000] {dagbag.py:537} INFO - Filling up the DagBag from /home/airflow/.local/lib/python3.7/site-packages/airflow/example_dags/example_dag_decorator.py
[2023-05-27T14:48:43.456+0000] {logging_mixin.py:120} INFO - [2023-05-27T14:48:43.456+0000] {taskmixin.py:205} WARNING - Dependency <Task(_PythonDecoratedOperator): prepare_email>, send_email already registered for DAG: example_dag_decorator
[2023-05-27T14:48:43.456+0000] {logging_mixin.py:120} INFO - [2023-05-27T14:48:43.456+0000] {taskmixin.py:205} WARNING - Dependency <Task(EmailOperator): send_email>, prepare_email already registered for DAG: example_dag_decorator
[2023-05-27T14:48:43.480+0000] {processor.py:766} INFO - DAG(s) dict_keys(['example_dag_decorator']) retrieved from /home/airflow/.local/lib/python3.7/site-packages/airflow/example_dags/example_dag_decorator.py
[2023-05-27T14:48:43.608+0000] {logging_mixin.py:120} INFO - [2023-05-27T14:48:43.607+0000] {dag.py:2585} INFO - Sync 1 DAGs
[2023-05-27T14:48:43.638+0000] {logging_mixin.py:120} INFO - [2023-05-27T14:48:43.638+0000] {dag.py:3340} INFO - Setting next_dagrun for example_dag_decorator to None, run_after=None
[2023-05-27T14:48:43.664+0000] {processor.py:176} INFO - Processing /home/airflow/.local/lib/python3.7/site-packages/airflow/example_dags/example_dag_decorator.py took 0.242 seconds
[2023-05-27T14:49:14.283+0000] {processor.py:154} INFO - Started process (PID=1284) to work on /home/airflow/.local/lib/python3.7/site-packages/airflow/example_dags/example_dag_decorator.py
[2023-05-27T14:49:14.308+0000] {processor.py:756} INFO - Processing file /home/airflow/.local/lib/python3.7/site-packages/airflow/example_dags/example_dag_decorator.py for tasks to queue
[2023-05-27T14:49:14.308+0000] {logging_mixin.py:120} INFO - [2023-05-27T14:49:14.308+0000] {dagbag.py:537} INFO - Filling up the DagBag from /home/airflow/.local/lib/python3.7/site-packages/airflow/example_dags/example_dag_decorator.py
[2023-05-27T14:49:14.363+0000] {logging_mixin.py:120} INFO - [2023-05-27T14:49:14.363+0000] {taskmixin.py:205} WARNING - Dependency <Task(_PythonDecoratedOperator): prepare_email>, send_email already registered for DAG: example_dag_decorator
[2023-05-27T14:49:14.363+0000] {logging_mixin.py:120} INFO - [2023-05-27T14:49:14.363+0000] {taskmixin.py:205} WARNING - Dependency <Task(EmailOperator): send_email>, prepare_email already registered for DAG: example_dag_decorator
[2023-05-27T14:49:14.469+0000] {processor.py:766} INFO - DAG(s) dict_keys(['example_dag_decorator']) retrieved from /home/airflow/.local/lib/python3.7/site-packages/airflow/example_dags/example_dag_decorator.py
[2023-05-27T14:49:14.723+0000] {logging_mixin.py:120} INFO - [2023-05-27T14:49:14.723+0000] {dag.py:2585} INFO - Sync 1 DAGs
[2023-05-27T14:49:14.799+0000] {logging_mixin.py:120} INFO - [2023-05-27T14:49:14.798+0000] {dag.py:3340} INFO - Setting next_dagrun for example_dag_decorator to None, run_after=None
[2023-05-27T14:49:14.831+0000] {processor.py:176} INFO - Processing /home/airflow/.local/lib/python3.7/site-packages/airflow/example_dags/example_dag_decorator.py took 0.565 seconds
[2023-05-27T14:49:44.888+0000] {processor.py:154} INFO - Started process (PID=1338) to work on /home/airflow/.local/lib/python3.7/site-packages/airflow/example_dags/example_dag_decorator.py
[2023-05-27T14:49:44.891+0000] {processor.py:756} INFO - Processing file /home/airflow/.local/lib/python3.7/site-packages/airflow/example_dags/example_dag_decorator.py for tasks to queue
[2023-05-27T14:49:44.892+0000] {logging_mixin.py:120} INFO - [2023-05-27T14:49:44.891+0000] {dagbag.py:537} INFO - Filling up the DagBag from /home/airflow/.local/lib/python3.7/site-packages/airflow/example_dags/example_dag_decorator.py
[2023-05-27T14:49:44.914+0000] {logging_mixin.py:120} INFO - [2023-05-27T14:49:44.914+0000] {taskmixin.py:205} WARNING - Dependency <Task(_PythonDecoratedOperator): prepare_email>, send_email already registered for DAG: example_dag_decorator
[2023-05-27T14:49:44.915+0000] {logging_mixin.py:120} INFO - [2023-05-27T14:49:44.915+0000] {taskmixin.py:205} WARNING - Dependency <Task(EmailOperator): send_email>, prepare_email already registered for DAG: example_dag_decorator
[2023-05-27T14:49:44.935+0000] {processor.py:766} INFO - DAG(s) dict_keys(['example_dag_decorator']) retrieved from /home/airflow/.local/lib/python3.7/site-packages/airflow/example_dags/example_dag_decorator.py
[2023-05-27T14:49:45.045+0000] {logging_mixin.py:120} INFO - [2023-05-27T14:49:45.045+0000] {dag.py:2585} INFO - Sync 1 DAGs
[2023-05-27T14:49:45.080+0000] {logging_mixin.py:120} INFO - [2023-05-27T14:49:45.080+0000] {dag.py:3340} INFO - Setting next_dagrun for example_dag_decorator to None, run_after=None
[2023-05-27T14:49:45.113+0000] {processor.py:176} INFO - Processing /home/airflow/.local/lib/python3.7/site-packages/airflow/example_dags/example_dag_decorator.py took 0.228 seconds
[2023-05-27T14:50:15.212+0000] {processor.py:154} INFO - Started process (PID=1403) to work on /home/airflow/.local/lib/python3.7/site-packages/airflow/example_dags/example_dag_decorator.py
[2023-05-27T14:50:15.215+0000] {processor.py:756} INFO - Processing file /home/airflow/.local/lib/python3.7/site-packages/airflow/example_dags/example_dag_decorator.py for tasks to queue
[2023-05-27T14:50:15.215+0000] {logging_mixin.py:120} INFO - [2023-05-27T14:50:15.215+0000] {dagbag.py:537} INFO - Filling up the DagBag from /home/airflow/.local/lib/python3.7/site-packages/airflow/example_dags/example_dag_decorator.py
[2023-05-27T14:50:15.237+0000] {logging_mixin.py:120} INFO - [2023-05-27T14:50:15.237+0000] {taskmixin.py:205} WARNING - Dependency <Task(_PythonDecoratedOperator): prepare_email>, send_email already registered for DAG: example_dag_decorator
[2023-05-27T14:50:15.238+0000] {logging_mixin.py:120} INFO - [2023-05-27T14:50:15.238+0000] {taskmixin.py:205} WARNING - Dependency <Task(EmailOperator): send_email>, prepare_email already registered for DAG: example_dag_decorator
[2023-05-27T14:50:15.255+0000] {processor.py:766} INFO - DAG(s) dict_keys(['example_dag_decorator']) retrieved from /home/airflow/.local/lib/python3.7/site-packages/airflow/example_dags/example_dag_decorator.py
[2023-05-27T14:50:15.355+0000] {logging_mixin.py:120} INFO - [2023-05-27T14:50:15.355+0000] {dag.py:2585} INFO - Sync 1 DAGs
[2023-05-27T14:50:15.386+0000] {logging_mixin.py:120} INFO - [2023-05-27T14:50:15.385+0000] {dag.py:3340} INFO - Setting next_dagrun for example_dag_decorator to None, run_after=None
[2023-05-27T14:50:15.409+0000] {processor.py:176} INFO - Processing /home/airflow/.local/lib/python3.7/site-packages/airflow/example_dags/example_dag_decorator.py took 0.200 seconds
[2023-05-27T14:50:45.442+0000] {processor.py:154} INFO - Started process (PID=1457) to work on /home/airflow/.local/lib/python3.7/site-packages/airflow/example_dags/example_dag_decorator.py
[2023-05-27T14:50:45.446+0000] {processor.py:756} INFO - Processing file /home/airflow/.local/lib/python3.7/site-packages/airflow/example_dags/example_dag_decorator.py for tasks to queue
[2023-05-27T14:50:45.447+0000] {logging_mixin.py:120} INFO - [2023-05-27T14:50:45.447+0000] {dagbag.py:537} INFO - Filling up the DagBag from /home/airflow/.local/lib/python3.7/site-packages/airflow/example_dags/example_dag_decorator.py
[2023-05-27T14:50:45.474+0000] {logging_mixin.py:120} INFO - [2023-05-27T14:50:45.474+0000] {taskmixin.py:205} WARNING - Dependency <Task(_PythonDecoratedOperator): prepare_email>, send_email already registered for DAG: example_dag_decorator
[2023-05-27T14:50:45.474+0000] {logging_mixin.py:120} INFO - [2023-05-27T14:50:45.474+0000] {taskmixin.py:205} WARNING - Dependency <Task(EmailOperator): send_email>, prepare_email already registered for DAG: example_dag_decorator
[2023-05-27T14:50:45.492+0000] {processor.py:766} INFO - DAG(s) dict_keys(['example_dag_decorator']) retrieved from /home/airflow/.local/lib/python3.7/site-packages/airflow/example_dags/example_dag_decorator.py
[2023-05-27T14:50:45.596+0000] {logging_mixin.py:120} INFO - [2023-05-27T14:50:45.596+0000] {dag.py:2585} INFO - Sync 1 DAGs
[2023-05-27T14:50:45.628+0000] {logging_mixin.py:120} INFO - [2023-05-27T14:50:45.628+0000] {dag.py:3340} INFO - Setting next_dagrun for example_dag_decorator to None, run_after=None
[2023-05-27T14:50:45.651+0000] {processor.py:176} INFO - Processing /home/airflow/.local/lib/python3.7/site-packages/airflow/example_dags/example_dag_decorator.py took 0.213 seconds
[2023-05-27T14:51:16.383+0000] {processor.py:154} INFO - Started process (PID=1511) to work on /home/airflow/.local/lib/python3.7/site-packages/airflow/example_dags/example_dag_decorator.py
[2023-05-27T14:51:16.385+0000] {processor.py:756} INFO - Processing file /home/airflow/.local/lib/python3.7/site-packages/airflow/example_dags/example_dag_decorator.py for tasks to queue
[2023-05-27T14:51:16.386+0000] {logging_mixin.py:120} INFO - [2023-05-27T14:51:16.386+0000] {dagbag.py:537} INFO - Filling up the DagBag from /home/airflow/.local/lib/python3.7/site-packages/airflow/example_dags/example_dag_decorator.py
[2023-05-27T14:51:16.412+0000] {logging_mixin.py:120} INFO - [2023-05-27T14:51:16.412+0000] {taskmixin.py:205} WARNING - Dependency <Task(_PythonDecoratedOperator): prepare_email>, send_email already registered for DAG: example_dag_decorator
[2023-05-27T14:51:16.412+0000] {logging_mixin.py:120} INFO - [2023-05-27T14:51:16.412+0000] {taskmixin.py:205} WARNING - Dependency <Task(EmailOperator): send_email>, prepare_email already registered for DAG: example_dag_decorator
[2023-05-27T14:51:16.439+0000] {processor.py:766} INFO - DAG(s) dict_keys(['example_dag_decorator']) retrieved from /home/airflow/.local/lib/python3.7/site-packages/airflow/example_dags/example_dag_decorator.py
[2023-05-27T14:51:16.613+0000] {logging_mixin.py:120} INFO - [2023-05-27T14:51:16.613+0000] {dag.py:2585} INFO - Sync 1 DAGs
[2023-05-27T14:51:16.641+0000] {logging_mixin.py:120} INFO - [2023-05-27T14:51:16.641+0000] {dag.py:3340} INFO - Setting next_dagrun for example_dag_decorator to None, run_after=None
[2023-05-27T14:51:16.665+0000] {processor.py:176} INFO - Processing /home/airflow/.local/lib/python3.7/site-packages/airflow/example_dags/example_dag_decorator.py took 0.287 seconds
[2023-05-27T14:51:46.825+0000] {processor.py:154} INFO - Started process (PID=1574) to work on /home/airflow/.local/lib/python3.7/site-packages/airflow/example_dags/example_dag_decorator.py
[2023-05-27T14:51:46.834+0000] {processor.py:756} INFO - Processing file /home/airflow/.local/lib/python3.7/site-packages/airflow/example_dags/example_dag_decorator.py for tasks to queue
[2023-05-27T14:51:46.835+0000] {logging_mixin.py:120} INFO - [2023-05-27T14:51:46.835+0000] {dagbag.py:537} INFO - Filling up the DagBag from /home/airflow/.local/lib/python3.7/site-packages/airflow/example_dags/example_dag_decorator.py
[2023-05-27T14:51:46.873+0000] {logging_mixin.py:120} INFO - [2023-05-27T14:51:46.872+0000] {taskmixin.py:205} WARNING - Dependency <Task(_PythonDecoratedOperator): prepare_email>, send_email already registered for DAG: example_dag_decorator
[2023-05-27T14:51:46.873+0000] {logging_mixin.py:120} INFO - [2023-05-27T14:51:46.873+0000] {taskmixin.py:205} WARNING - Dependency <Task(EmailOperator): send_email>, prepare_email already registered for DAG: example_dag_decorator
[2023-05-27T14:51:46.933+0000] {processor.py:766} INFO - DAG(s) dict_keys(['example_dag_decorator']) retrieved from /home/airflow/.local/lib/python3.7/site-packages/airflow/example_dags/example_dag_decorator.py
[2023-05-27T14:51:47.196+0000] {logging_mixin.py:120} INFO - [2023-05-27T14:51:47.196+0000] {dag.py:2585} INFO - Sync 1 DAGs
[2023-05-27T14:51:47.240+0000] {logging_mixin.py:120} INFO - [2023-05-27T14:51:47.240+0000] {dag.py:3340} INFO - Setting next_dagrun for example_dag_decorator to None, run_after=None
[2023-05-27T14:51:47.277+0000] {processor.py:176} INFO - Processing /home/airflow/.local/lib/python3.7/site-packages/airflow/example_dags/example_dag_decorator.py took 0.462 seconds
[2023-05-27T14:52:17.390+0000] {processor.py:154} INFO - Started process (PID=1629) to work on /home/airflow/.local/lib/python3.7/site-packages/airflow/example_dags/example_dag_decorator.py
[2023-05-27T14:52:17.397+0000] {processor.py:756} INFO - Processing file /home/airflow/.local/lib/python3.7/site-packages/airflow/example_dags/example_dag_decorator.py for tasks to queue
[2023-05-27T14:52:17.398+0000] {logging_mixin.py:120} INFO - [2023-05-27T14:52:17.397+0000] {dagbag.py:537} INFO - Filling up the DagBag from /home/airflow/.local/lib/python3.7/site-packages/airflow/example_dags/example_dag_decorator.py
[2023-05-27T14:52:17.490+0000] {logging_mixin.py:120} INFO - [2023-05-27T14:52:17.490+0000] {taskmixin.py:205} WARNING - Dependency <Task(_PythonDecoratedOperator): prepare_email>, send_email already registered for DAG: example_dag_decorator
[2023-05-27T14:52:17.490+0000] {logging_mixin.py:120} INFO - [2023-05-27T14:52:17.490+0000] {taskmixin.py:205} WARNING - Dependency <Task(EmailOperator): send_email>, prepare_email already registered for DAG: example_dag_decorator
[2023-05-27T14:52:17.521+0000] {processor.py:766} INFO - DAG(s) dict_keys(['example_dag_decorator']) retrieved from /home/airflow/.local/lib/python3.7/site-packages/airflow/example_dags/example_dag_decorator.py
[2023-05-27T14:52:17.675+0000] {logging_mixin.py:120} INFO - [2023-05-27T14:52:17.675+0000] {dag.py:2585} INFO - Sync 1 DAGs
[2023-05-27T14:52:17.735+0000] {logging_mixin.py:120} INFO - [2023-05-27T14:52:17.735+0000] {dag.py:3340} INFO - Setting next_dagrun for example_dag_decorator to None, run_after=None
[2023-05-27T14:52:17.787+0000] {processor.py:176} INFO - Processing /home/airflow/.local/lib/python3.7/site-packages/airflow/example_dags/example_dag_decorator.py took 0.408 seconds
[2023-05-27T14:52:51.123+0000] {processor.py:154} INFO - Started process (PID=1689) to work on /home/airflow/.local/lib/python3.7/site-packages/airflow/example_dags/example_dag_decorator.py
[2023-05-27T14:52:51.141+0000] {processor.py:756} INFO - Processing file /home/airflow/.local/lib/python3.7/site-packages/airflow/example_dags/example_dag_decorator.py for tasks to queue
[2023-05-27T14:52:51.142+0000] {logging_mixin.py:120} INFO - [2023-05-27T14:52:51.142+0000] {dagbag.py:537} INFO - Filling up the DagBag from /home/airflow/.local/lib/python3.7/site-packages/airflow/example_dags/example_dag_decorator.py
[2023-05-27T14:52:51.310+0000] {logging_mixin.py:120} INFO - [2023-05-27T14:52:51.310+0000] {taskmixin.py:205} WARNING - Dependency <Task(_PythonDecoratedOperator): prepare_email>, send_email already registered for DAG: example_dag_decorator
[2023-05-27T14:52:51.310+0000] {logging_mixin.py:120} INFO - [2023-05-27T14:52:51.310+0000] {taskmixin.py:205} WARNING - Dependency <Task(EmailOperator): send_email>, prepare_email already registered for DAG: example_dag_decorator
[2023-05-27T14:52:51.625+0000] {processor.py:766} INFO - DAG(s) dict_keys(['example_dag_decorator']) retrieved from /home/airflow/.local/lib/python3.7/site-packages/airflow/example_dags/example_dag_decorator.py
[2023-05-27T14:52:52.563+0000] {logging_mixin.py:120} INFO - [2023-05-27T14:52:52.561+0000] {dag.py:2585} INFO - Sync 1 DAGs
[2023-05-27T14:52:52.866+0000] {logging_mixin.py:120} INFO - [2023-05-27T14:52:52.836+0000] {dag.py:3340} INFO - Setting next_dagrun for example_dag_decorator to None, run_after=None
[2023-05-27T14:52:53.134+0000] {processor.py:176} INFO - Processing /home/airflow/.local/lib/python3.7/site-packages/airflow/example_dags/example_dag_decorator.py took 2.015 seconds
[2023-05-27T14:53:23.486+0000] {processor.py:154} INFO - Started process (PID=1744) to work on /home/airflow/.local/lib/python3.7/site-packages/airflow/example_dags/example_dag_decorator.py
[2023-05-27T14:53:23.488+0000] {processor.py:756} INFO - Processing file /home/airflow/.local/lib/python3.7/site-packages/airflow/example_dags/example_dag_decorator.py for tasks to queue
[2023-05-27T14:53:23.489+0000] {logging_mixin.py:120} INFO - [2023-05-27T14:53:23.489+0000] {dagbag.py:537} INFO - Filling up the DagBag from /home/airflow/.local/lib/python3.7/site-packages/airflow/example_dags/example_dag_decorator.py
[2023-05-27T14:53:23.516+0000] {logging_mixin.py:120} INFO - [2023-05-27T14:53:23.516+0000] {taskmixin.py:205} WARNING - Dependency <Task(_PythonDecoratedOperator): prepare_email>, send_email already registered for DAG: example_dag_decorator
[2023-05-27T14:53:23.517+0000] {logging_mixin.py:120} INFO - [2023-05-27T14:53:23.516+0000] {taskmixin.py:205} WARNING - Dependency <Task(EmailOperator): send_email>, prepare_email already registered for DAG: example_dag_decorator
[2023-05-27T14:53:23.534+0000] {processor.py:766} INFO - DAG(s) dict_keys(['example_dag_decorator']) retrieved from /home/airflow/.local/lib/python3.7/site-packages/airflow/example_dags/example_dag_decorator.py
[2023-05-27T14:53:23.651+0000] {logging_mixin.py:120} INFO - [2023-05-27T14:53:23.651+0000] {dag.py:2585} INFO - Sync 1 DAGs
[2023-05-27T14:53:23.685+0000] {logging_mixin.py:120} INFO - [2023-05-27T14:53:23.685+0000] {dag.py:3340} INFO - Setting next_dagrun for example_dag_decorator to None, run_after=None
[2023-05-27T14:53:23.713+0000] {processor.py:176} INFO - Processing /home/airflow/.local/lib/python3.7/site-packages/airflow/example_dags/example_dag_decorator.py took 0.231 seconds
