[2023-05-27T14:38:31.956+0000] {processor.py:154} INFO - Started process (PID=74) to work on /home/airflow/.local/lib/python3.7/site-packages/airflow/example_dags/example_trigger_target_dag.py
[2023-05-27T14:38:31.959+0000] {processor.py:756} INFO - Processing file /home/airflow/.local/lib/python3.7/site-packages/airflow/example_dags/example_trigger_target_dag.py for tasks to queue
[2023-05-27T14:38:31.960+0000] {logging_mixin.py:120} INFO - [2023-05-27T14:38:31.959+0000] {dagbag.py:537} INFO - Filling up the DagBag from /home/airflow/.local/lib/python3.7/site-packages/airflow/example_dags/example_trigger_target_dag.py
[2023-05-27T14:38:32.074+0000] {processor.py:766} INFO - DAG(s) dict_keys(['example_trigger_target_dag']) retrieved from /home/airflow/.local/lib/python3.7/site-packages/airflow/example_dags/example_trigger_target_dag.py
[2023-05-27T14:38:32.606+0000] {logging_mixin.py:120} INFO - [2023-05-27T14:38:32.605+0000] {manager.py:507} INFO - Created Permission View: can read on DAG:example_trigger_target_dag
[2023-05-27T14:38:32.645+0000] {logging_mixin.py:120} INFO - [2023-05-27T14:38:32.645+0000] {manager.py:507} INFO - Created Permission View: can edit on DAG:example_trigger_target_dag
[2023-05-27T14:38:32.669+0000] {logging_mixin.py:120} INFO - [2023-05-27T14:38:32.669+0000] {manager.py:507} INFO - Created Permission View: can delete on DAG:example_trigger_target_dag
[2023-05-27T14:38:32.670+0000] {logging_mixin.py:120} INFO - [2023-05-27T14:38:32.669+0000] {dag.py:2585} INFO - Sync 1 DAGs
[2023-05-27T14:38:32.726+0000] {logging_mixin.py:120} INFO - [2023-05-27T14:38:32.726+0000] {dag.py:2606} INFO - Creating ORM DAG for example_trigger_target_dag
[2023-05-27T14:38:32.800+0000] {logging_mixin.py:120} INFO - [2023-05-27T14:38:32.799+0000] {dag.py:3340} INFO - Setting next_dagrun for example_trigger_target_dag to None, run_after=None
[2023-05-27T14:38:32.857+0000] {processor.py:176} INFO - Processing /home/airflow/.local/lib/python3.7/site-packages/airflow/example_dags/example_trigger_target_dag.py took 0.918 seconds
[2023-05-27T14:39:03.759+0000] {processor.py:154} INFO - Started process (PID=137) to work on /home/airflow/.local/lib/python3.7/site-packages/airflow/example_dags/example_trigger_target_dag.py
[2023-05-27T14:39:03.760+0000] {processor.py:756} INFO - Processing file /home/airflow/.local/lib/python3.7/site-packages/airflow/example_dags/example_trigger_target_dag.py for tasks to queue
[2023-05-27T14:39:03.761+0000] {logging_mixin.py:120} INFO - [2023-05-27T14:39:03.761+0000] {dagbag.py:537} INFO - Filling up the DagBag from /home/airflow/.local/lib/python3.7/site-packages/airflow/example_dags/example_trigger_target_dag.py
[2023-05-27T14:39:03.801+0000] {processor.py:766} INFO - DAG(s) dict_keys(['example_trigger_target_dag']) retrieved from /home/airflow/.local/lib/python3.7/site-packages/airflow/example_dags/example_trigger_target_dag.py
[2023-05-27T14:39:03.859+0000] {logging_mixin.py:120} INFO - [2023-05-27T14:39:03.858+0000] {dag.py:2585} INFO - Sync 1 DAGs
[2023-05-27T14:39:03.894+0000] {logging_mixin.py:120} INFO - [2023-05-27T14:39:03.893+0000] {dag.py:3340} INFO - Setting next_dagrun for example_trigger_target_dag to None, run_after=None
[2023-05-27T14:39:03.925+0000] {processor.py:176} INFO - Processing /home/airflow/.local/lib/python3.7/site-packages/airflow/example_dags/example_trigger_target_dag.py took 0.170 seconds
[2023-05-27T14:39:34.277+0000] {processor.py:154} INFO - Started process (PID=193) to work on /home/airflow/.local/lib/python3.7/site-packages/airflow/example_dags/example_trigger_target_dag.py
[2023-05-27T14:39:34.283+0000] {processor.py:756} INFO - Processing file /home/airflow/.local/lib/python3.7/site-packages/airflow/example_dags/example_trigger_target_dag.py for tasks to queue
[2023-05-27T14:39:34.286+0000] {logging_mixin.py:120} INFO - [2023-05-27T14:39:34.284+0000] {dagbag.py:537} INFO - Filling up the DagBag from /home/airflow/.local/lib/python3.7/site-packages/airflow/example_dags/example_trigger_target_dag.py
[2023-05-27T14:39:34.337+0000] {processor.py:766} INFO - DAG(s) dict_keys(['example_trigger_target_dag']) retrieved from /home/airflow/.local/lib/python3.7/site-packages/airflow/example_dags/example_trigger_target_dag.py
[2023-05-27T14:39:34.456+0000] {logging_mixin.py:120} INFO - [2023-05-27T14:39:34.456+0000] {dag.py:2585} INFO - Sync 1 DAGs
[2023-05-27T14:39:34.505+0000] {logging_mixin.py:120} INFO - [2023-05-27T14:39:34.505+0000] {dag.py:3340} INFO - Setting next_dagrun for example_trigger_target_dag to None, run_after=None
[2023-05-27T14:39:34.535+0000] {processor.py:176} INFO - Processing /home/airflow/.local/lib/python3.7/site-packages/airflow/example_dags/example_trigger_target_dag.py took 0.262 seconds
[2023-05-27T14:40:04.715+0000] {processor.py:154} INFO - Started process (PID=255) to work on /home/airflow/.local/lib/python3.7/site-packages/airflow/example_dags/example_trigger_target_dag.py
[2023-05-27T14:40:04.717+0000] {processor.py:756} INFO - Processing file /home/airflow/.local/lib/python3.7/site-packages/airflow/example_dags/example_trigger_target_dag.py for tasks to queue
[2023-05-27T14:40:04.718+0000] {logging_mixin.py:120} INFO - [2023-05-27T14:40:04.718+0000] {dagbag.py:537} INFO - Filling up the DagBag from /home/airflow/.local/lib/python3.7/site-packages/airflow/example_dags/example_trigger_target_dag.py
[2023-05-27T14:40:04.769+0000] {processor.py:766} INFO - DAG(s) dict_keys(['example_trigger_target_dag']) retrieved from /home/airflow/.local/lib/python3.7/site-packages/airflow/example_dags/example_trigger_target_dag.py
[2023-05-27T14:40:04.862+0000] {logging_mixin.py:120} INFO - [2023-05-27T14:40:04.862+0000] {dag.py:2585} INFO - Sync 1 DAGs
[2023-05-27T14:40:04.919+0000] {logging_mixin.py:120} INFO - [2023-05-27T14:40:04.919+0000] {dag.py:3340} INFO - Setting next_dagrun for example_trigger_target_dag to None, run_after=None
[2023-05-27T14:40:04.943+0000] {processor.py:176} INFO - Processing /home/airflow/.local/lib/python3.7/site-packages/airflow/example_dags/example_trigger_target_dag.py took 0.231 seconds
[2023-05-27T14:40:35.281+0000] {processor.py:154} INFO - Started process (PID=309) to work on /home/airflow/.local/lib/python3.7/site-packages/airflow/example_dags/example_trigger_target_dag.py
[2023-05-27T14:40:35.283+0000] {processor.py:756} INFO - Processing file /home/airflow/.local/lib/python3.7/site-packages/airflow/example_dags/example_trigger_target_dag.py for tasks to queue
[2023-05-27T14:40:35.284+0000] {logging_mixin.py:120} INFO - [2023-05-27T14:40:35.284+0000] {dagbag.py:537} INFO - Filling up the DagBag from /home/airflow/.local/lib/python3.7/site-packages/airflow/example_dags/example_trigger_target_dag.py
[2023-05-27T14:40:35.312+0000] {processor.py:766} INFO - DAG(s) dict_keys(['example_trigger_target_dag']) retrieved from /home/airflow/.local/lib/python3.7/site-packages/airflow/example_dags/example_trigger_target_dag.py
[2023-05-27T14:40:35.361+0000] {logging_mixin.py:120} INFO - [2023-05-27T14:40:35.361+0000] {dag.py:2585} INFO - Sync 1 DAGs
[2023-05-27T14:40:35.393+0000] {logging_mixin.py:120} INFO - [2023-05-27T14:40:35.392+0000] {dag.py:3340} INFO - Setting next_dagrun for example_trigger_target_dag to None, run_after=None
[2023-05-27T14:40:35.415+0000] {processor.py:176} INFO - Processing /home/airflow/.local/lib/python3.7/site-packages/airflow/example_dags/example_trigger_target_dag.py took 0.138 seconds
[2023-05-27T14:41:05.810+0000] {processor.py:154} INFO - Started process (PID=364) to work on /home/airflow/.local/lib/python3.7/site-packages/airflow/example_dags/example_trigger_target_dag.py
[2023-05-27T14:41:05.812+0000] {processor.py:756} INFO - Processing file /home/airflow/.local/lib/python3.7/site-packages/airflow/example_dags/example_trigger_target_dag.py for tasks to queue
[2023-05-27T14:41:05.813+0000] {logging_mixin.py:120} INFO - [2023-05-27T14:41:05.813+0000] {dagbag.py:537} INFO - Filling up the DagBag from /home/airflow/.local/lib/python3.7/site-packages/airflow/example_dags/example_trigger_target_dag.py
[2023-05-27T14:41:05.850+0000] {processor.py:766} INFO - DAG(s) dict_keys(['example_trigger_target_dag']) retrieved from /home/airflow/.local/lib/python3.7/site-packages/airflow/example_dags/example_trigger_target_dag.py
[2023-05-27T14:41:05.905+0000] {logging_mixin.py:120} INFO - [2023-05-27T14:41:05.905+0000] {dag.py:2585} INFO - Sync 1 DAGs
[2023-05-27T14:41:05.938+0000] {logging_mixin.py:120} INFO - [2023-05-27T14:41:05.938+0000] {dag.py:3340} INFO - Setting next_dagrun for example_trigger_target_dag to None, run_after=None
[2023-05-27T14:41:05.961+0000] {processor.py:176} INFO - Processing /home/airflow/.local/lib/python3.7/site-packages/airflow/example_dags/example_trigger_target_dag.py took 0.156 seconds
[2023-05-27T14:41:36.268+0000] {processor.py:154} INFO - Started process (PID=427) to work on /home/airflow/.local/lib/python3.7/site-packages/airflow/example_dags/example_trigger_target_dag.py
[2023-05-27T14:41:36.269+0000] {processor.py:756} INFO - Processing file /home/airflow/.local/lib/python3.7/site-packages/airflow/example_dags/example_trigger_target_dag.py for tasks to queue
[2023-05-27T14:41:36.271+0000] {logging_mixin.py:120} INFO - [2023-05-27T14:41:36.271+0000] {dagbag.py:537} INFO - Filling up the DagBag from /home/airflow/.local/lib/python3.7/site-packages/airflow/example_dags/example_trigger_target_dag.py
[2023-05-27T14:41:36.304+0000] {processor.py:766} INFO - DAG(s) dict_keys(['example_trigger_target_dag']) retrieved from /home/airflow/.local/lib/python3.7/site-packages/airflow/example_dags/example_trigger_target_dag.py
[2023-05-27T14:41:36.356+0000] {logging_mixin.py:120} INFO - [2023-05-27T14:41:36.356+0000] {dag.py:2585} INFO - Sync 1 DAGs
[2023-05-27T14:41:36.391+0000] {logging_mixin.py:120} INFO - [2023-05-27T14:41:36.391+0000] {dag.py:3340} INFO - Setting next_dagrun for example_trigger_target_dag to None, run_after=None
[2023-05-27T14:41:36.416+0000] {processor.py:176} INFO - Processing /home/airflow/.local/lib/python3.7/site-packages/airflow/example_dags/example_trigger_target_dag.py took 0.152 seconds
[2023-05-27T14:42:07.137+0000] {processor.py:154} INFO - Started process (PID=481) to work on /home/airflow/.local/lib/python3.7/site-packages/airflow/example_dags/example_trigger_target_dag.py
[2023-05-27T14:42:07.139+0000] {processor.py:756} INFO - Processing file /home/airflow/.local/lib/python3.7/site-packages/airflow/example_dags/example_trigger_target_dag.py for tasks to queue
[2023-05-27T14:42:07.139+0000] {logging_mixin.py:120} INFO - [2023-05-27T14:42:07.139+0000] {dagbag.py:537} INFO - Filling up the DagBag from /home/airflow/.local/lib/python3.7/site-packages/airflow/example_dags/example_trigger_target_dag.py
[2023-05-27T14:42:07.168+0000] {processor.py:766} INFO - DAG(s) dict_keys(['example_trigger_target_dag']) retrieved from /home/airflow/.local/lib/python3.7/site-packages/airflow/example_dags/example_trigger_target_dag.py
[2023-05-27T14:42:07.227+0000] {logging_mixin.py:120} INFO - [2023-05-27T14:42:07.227+0000] {dag.py:2585} INFO - Sync 1 DAGs
[2023-05-27T14:42:07.259+0000] {logging_mixin.py:120} INFO - [2023-05-27T14:42:07.258+0000] {dag.py:3340} INFO - Setting next_dagrun for example_trigger_target_dag to None, run_after=None
[2023-05-27T14:42:07.281+0000] {processor.py:176} INFO - Processing /home/airflow/.local/lib/python3.7/site-packages/airflow/example_dags/example_trigger_target_dag.py took 0.148 seconds
[2023-05-27T14:42:37.628+0000] {processor.py:154} INFO - Started process (PID=545) to work on /home/airflow/.local/lib/python3.7/site-packages/airflow/example_dags/example_trigger_target_dag.py
[2023-05-27T14:42:37.629+0000] {processor.py:756} INFO - Processing file /home/airflow/.local/lib/python3.7/site-packages/airflow/example_dags/example_trigger_target_dag.py for tasks to queue
[2023-05-27T14:42:37.630+0000] {logging_mixin.py:120} INFO - [2023-05-27T14:42:37.630+0000] {dagbag.py:537} INFO - Filling up the DagBag from /home/airflow/.local/lib/python3.7/site-packages/airflow/example_dags/example_trigger_target_dag.py
[2023-05-27T14:42:37.683+0000] {processor.py:766} INFO - DAG(s) dict_keys(['example_trigger_target_dag']) retrieved from /home/airflow/.local/lib/python3.7/site-packages/airflow/example_dags/example_trigger_target_dag.py
[2023-05-27T14:42:37.829+0000] {logging_mixin.py:120} INFO - [2023-05-27T14:42:37.828+0000] {dag.py:2585} INFO - Sync 1 DAGs
[2023-05-27T14:42:37.867+0000] {logging_mixin.py:120} INFO - [2023-05-27T14:42:37.867+0000] {dag.py:3340} INFO - Setting next_dagrun for example_trigger_target_dag to None, run_after=None
[2023-05-27T14:42:37.903+0000] {processor.py:176} INFO - Processing /home/airflow/.local/lib/python3.7/site-packages/airflow/example_dags/example_trigger_target_dag.py took 0.279 seconds
[2023-05-27T14:43:08.312+0000] {processor.py:154} INFO - Started process (PID=599) to work on /home/airflow/.local/lib/python3.7/site-packages/airflow/example_dags/example_trigger_target_dag.py
[2023-05-27T14:43:08.313+0000] {processor.py:756} INFO - Processing file /home/airflow/.local/lib/python3.7/site-packages/airflow/example_dags/example_trigger_target_dag.py for tasks to queue
[2023-05-27T14:43:08.322+0000] {logging_mixin.py:120} INFO - [2023-05-27T14:43:08.322+0000] {dagbag.py:537} INFO - Filling up the DagBag from /home/airflow/.local/lib/python3.7/site-packages/airflow/example_dags/example_trigger_target_dag.py
[2023-05-27T14:43:08.363+0000] {processor.py:766} INFO - DAG(s) dict_keys(['example_trigger_target_dag']) retrieved from /home/airflow/.local/lib/python3.7/site-packages/airflow/example_dags/example_trigger_target_dag.py
[2023-05-27T14:43:08.442+0000] {logging_mixin.py:120} INFO - [2023-05-27T14:43:08.442+0000] {dag.py:2585} INFO - Sync 1 DAGs
[2023-05-27T14:43:08.489+0000] {logging_mixin.py:120} INFO - [2023-05-27T14:43:08.489+0000] {dag.py:3340} INFO - Setting next_dagrun for example_trigger_target_dag to None, run_after=None
[2023-05-27T14:43:08.549+0000] {processor.py:176} INFO - Processing /home/airflow/.local/lib/python3.7/site-packages/airflow/example_dags/example_trigger_target_dag.py took 0.253 seconds
[2023-05-27T14:43:39.546+0000] {processor.py:154} INFO - Started process (PID=660) to work on /home/airflow/.local/lib/python3.7/site-packages/airflow/example_dags/example_trigger_target_dag.py
[2023-05-27T14:43:39.548+0000] {processor.py:756} INFO - Processing file /home/airflow/.local/lib/python3.7/site-packages/airflow/example_dags/example_trigger_target_dag.py for tasks to queue
[2023-05-27T14:43:39.548+0000] {logging_mixin.py:120} INFO - [2023-05-27T14:43:39.548+0000] {dagbag.py:537} INFO - Filling up the DagBag from /home/airflow/.local/lib/python3.7/site-packages/airflow/example_dags/example_trigger_target_dag.py
[2023-05-27T14:43:39.595+0000] {processor.py:766} INFO - DAG(s) dict_keys(['example_trigger_target_dag']) retrieved from /home/airflow/.local/lib/python3.7/site-packages/airflow/example_dags/example_trigger_target_dag.py
[2023-05-27T14:43:39.666+0000] {logging_mixin.py:120} INFO - [2023-05-27T14:43:39.666+0000] {dag.py:2585} INFO - Sync 1 DAGs
[2023-05-27T14:43:39.727+0000] {logging_mixin.py:120} INFO - [2023-05-27T14:43:39.727+0000] {dag.py:3340} INFO - Setting next_dagrun for example_trigger_target_dag to None, run_after=None
[2023-05-27T14:43:39.756+0000] {processor.py:176} INFO - Processing /home/airflow/.local/lib/python3.7/site-packages/airflow/example_dags/example_trigger_target_dag.py took 0.213 seconds
[2023-05-27T14:44:10.275+0000] {processor.py:154} INFO - Started process (PID=716) to work on /home/airflow/.local/lib/python3.7/site-packages/airflow/example_dags/example_trigger_target_dag.py
[2023-05-27T14:44:10.278+0000] {processor.py:756} INFO - Processing file /home/airflow/.local/lib/python3.7/site-packages/airflow/example_dags/example_trigger_target_dag.py for tasks to queue
[2023-05-27T14:44:10.279+0000] {logging_mixin.py:120} INFO - [2023-05-27T14:44:10.279+0000] {dagbag.py:537} INFO - Filling up the DagBag from /home/airflow/.local/lib/python3.7/site-packages/airflow/example_dags/example_trigger_target_dag.py
[2023-05-27T14:44:10.330+0000] {processor.py:766} INFO - DAG(s) dict_keys(['example_trigger_target_dag']) retrieved from /home/airflow/.local/lib/python3.7/site-packages/airflow/example_dags/example_trigger_target_dag.py
[2023-05-27T14:44:10.436+0000] {logging_mixin.py:120} INFO - [2023-05-27T14:44:10.436+0000] {dag.py:2585} INFO - Sync 1 DAGs
[2023-05-27T14:44:10.516+0000] {logging_mixin.py:120} INFO - [2023-05-27T14:44:10.516+0000] {dag.py:3340} INFO - Setting next_dagrun for example_trigger_target_dag to None, run_after=None
[2023-05-27T14:44:10.545+0000] {processor.py:176} INFO - Processing /home/airflow/.local/lib/python3.7/site-packages/airflow/example_dags/example_trigger_target_dag.py took 0.273 seconds
[2023-05-27T14:44:40.669+0000] {processor.py:154} INFO - Started process (PID=770) to work on /home/airflow/.local/lib/python3.7/site-packages/airflow/example_dags/example_trigger_target_dag.py
[2023-05-27T14:44:40.671+0000] {processor.py:756} INFO - Processing file /home/airflow/.local/lib/python3.7/site-packages/airflow/example_dags/example_trigger_target_dag.py for tasks to queue
[2023-05-27T14:44:40.672+0000] {logging_mixin.py:120} INFO - [2023-05-27T14:44:40.671+0000] {dagbag.py:537} INFO - Filling up the DagBag from /home/airflow/.local/lib/python3.7/site-packages/airflow/example_dags/example_trigger_target_dag.py
[2023-05-27T14:44:40.701+0000] {processor.py:766} INFO - DAG(s) dict_keys(['example_trigger_target_dag']) retrieved from /home/airflow/.local/lib/python3.7/site-packages/airflow/example_dags/example_trigger_target_dag.py
[2023-05-27T14:44:40.761+0000] {logging_mixin.py:120} INFO - [2023-05-27T14:44:40.761+0000] {dag.py:2585} INFO - Sync 1 DAGs
[2023-05-27T14:44:40.796+0000] {logging_mixin.py:120} INFO - [2023-05-27T14:44:40.795+0000] {dag.py:3340} INFO - Setting next_dagrun for example_trigger_target_dag to None, run_after=None
[2023-05-27T14:44:40.817+0000] {processor.py:176} INFO - Processing /home/airflow/.local/lib/python3.7/site-packages/airflow/example_dags/example_trigger_target_dag.py took 0.152 seconds
[2023-05-27T14:45:11.337+0000] {processor.py:154} INFO - Started process (PID=832) to work on /home/airflow/.local/lib/python3.7/site-packages/airflow/example_dags/example_trigger_target_dag.py
[2023-05-27T14:45:11.352+0000] {processor.py:756} INFO - Processing file /home/airflow/.local/lib/python3.7/site-packages/airflow/example_dags/example_trigger_target_dag.py for tasks to queue
[2023-05-27T14:45:11.352+0000] {logging_mixin.py:120} INFO - [2023-05-27T14:45:11.352+0000] {dagbag.py:537} INFO - Filling up the DagBag from /home/airflow/.local/lib/python3.7/site-packages/airflow/example_dags/example_trigger_target_dag.py
[2023-05-27T14:45:11.437+0000] {processor.py:766} INFO - DAG(s) dict_keys(['example_trigger_target_dag']) retrieved from /home/airflow/.local/lib/python3.7/site-packages/airflow/example_dags/example_trigger_target_dag.py
[2023-05-27T14:45:11.531+0000] {logging_mixin.py:120} INFO - [2023-05-27T14:45:11.531+0000] {dag.py:2585} INFO - Sync 1 DAGs
[2023-05-27T14:45:11.566+0000] {logging_mixin.py:120} INFO - [2023-05-27T14:45:11.565+0000] {dag.py:3340} INFO - Setting next_dagrun for example_trigger_target_dag to None, run_after=None
[2023-05-27T14:45:11.597+0000] {processor.py:176} INFO - Processing /home/airflow/.local/lib/python3.7/site-packages/airflow/example_dags/example_trigger_target_dag.py took 0.269 seconds
[2023-05-27T14:45:42.271+0000] {processor.py:154} INFO - Started process (PID=885) to work on /home/airflow/.local/lib/python3.7/site-packages/airflow/example_dags/example_trigger_target_dag.py
[2023-05-27T14:45:42.274+0000] {processor.py:756} INFO - Processing file /home/airflow/.local/lib/python3.7/site-packages/airflow/example_dags/example_trigger_target_dag.py for tasks to queue
[2023-05-27T14:45:42.275+0000] {logging_mixin.py:120} INFO - [2023-05-27T14:45:42.275+0000] {dagbag.py:537} INFO - Filling up the DagBag from /home/airflow/.local/lib/python3.7/site-packages/airflow/example_dags/example_trigger_target_dag.py
[2023-05-27T14:45:42.305+0000] {processor.py:766} INFO - DAG(s) dict_keys(['example_trigger_target_dag']) retrieved from /home/airflow/.local/lib/python3.7/site-packages/airflow/example_dags/example_trigger_target_dag.py
[2023-05-27T14:45:42.365+0000] {logging_mixin.py:120} INFO - [2023-05-27T14:45:42.365+0000] {dag.py:2585} INFO - Sync 1 DAGs
[2023-05-27T14:45:42.408+0000] {logging_mixin.py:120} INFO - [2023-05-27T14:45:42.408+0000] {dag.py:3340} INFO - Setting next_dagrun for example_trigger_target_dag to None, run_after=None
[2023-05-27T14:45:42.434+0000] {processor.py:176} INFO - Processing /home/airflow/.local/lib/python3.7/site-packages/airflow/example_dags/example_trigger_target_dag.py took 0.166 seconds
[2023-05-27T14:46:12.502+0000] {processor.py:154} INFO - Started process (PID=948) to work on /home/airflow/.local/lib/python3.7/site-packages/airflow/example_dags/example_trigger_target_dag.py
[2023-05-27T14:46:12.504+0000] {processor.py:756} INFO - Processing file /home/airflow/.local/lib/python3.7/site-packages/airflow/example_dags/example_trigger_target_dag.py for tasks to queue
[2023-05-27T14:46:12.505+0000] {logging_mixin.py:120} INFO - [2023-05-27T14:46:12.505+0000] {dagbag.py:537} INFO - Filling up the DagBag from /home/airflow/.local/lib/python3.7/site-packages/airflow/example_dags/example_trigger_target_dag.py
[2023-05-27T14:46:12.533+0000] {processor.py:766} INFO - DAG(s) dict_keys(['example_trigger_target_dag']) retrieved from /home/airflow/.local/lib/python3.7/site-packages/airflow/example_dags/example_trigger_target_dag.py
[2023-05-27T14:46:12.615+0000] {logging_mixin.py:120} INFO - [2023-05-27T14:46:12.613+0000] {dag.py:2585} INFO - Sync 1 DAGs
[2023-05-27T14:46:12.691+0000] {logging_mixin.py:120} INFO - [2023-05-27T14:46:12.691+0000] {dag.py:3340} INFO - Setting next_dagrun for example_trigger_target_dag to None, run_after=None
[2023-05-27T14:46:12.737+0000] {processor.py:176} INFO - Processing /home/airflow/.local/lib/python3.7/site-packages/airflow/example_dags/example_trigger_target_dag.py took 0.238 seconds
[2023-05-27T14:46:42.807+0000] {processor.py:154} INFO - Started process (PID=1002) to work on /home/airflow/.local/lib/python3.7/site-packages/airflow/example_dags/example_trigger_target_dag.py
[2023-05-27T14:46:42.811+0000] {processor.py:756} INFO - Processing file /home/airflow/.local/lib/python3.7/site-packages/airflow/example_dags/example_trigger_target_dag.py for tasks to queue
[2023-05-27T14:46:42.811+0000] {logging_mixin.py:120} INFO - [2023-05-27T14:46:42.811+0000] {dagbag.py:537} INFO - Filling up the DagBag from /home/airflow/.local/lib/python3.7/site-packages/airflow/example_dags/example_trigger_target_dag.py
[2023-05-27T14:46:42.853+0000] {processor.py:766} INFO - DAG(s) dict_keys(['example_trigger_target_dag']) retrieved from /home/airflow/.local/lib/python3.7/site-packages/airflow/example_dags/example_trigger_target_dag.py
[2023-05-27T14:46:42.938+0000] {logging_mixin.py:120} INFO - [2023-05-27T14:46:42.938+0000] {dag.py:2585} INFO - Sync 1 DAGs
[2023-05-27T14:46:42.978+0000] {logging_mixin.py:120} INFO - [2023-05-27T14:46:42.977+0000] {dag.py:3340} INFO - Setting next_dagrun for example_trigger_target_dag to None, run_after=None
[2023-05-27T14:46:43.009+0000] {processor.py:176} INFO - Processing /home/airflow/.local/lib/python3.7/site-packages/airflow/example_dags/example_trigger_target_dag.py took 0.216 seconds
[2023-05-27T14:47:13.350+0000] {processor.py:154} INFO - Started process (PID=1056) to work on /home/airflow/.local/lib/python3.7/site-packages/airflow/example_dags/example_trigger_target_dag.py
[2023-05-27T14:47:13.353+0000] {processor.py:756} INFO - Processing file /home/airflow/.local/lib/python3.7/site-packages/airflow/example_dags/example_trigger_target_dag.py for tasks to queue
[2023-05-27T14:47:13.376+0000] {logging_mixin.py:120} INFO - [2023-05-27T14:47:13.376+0000] {dagbag.py:537} INFO - Filling up the DagBag from /home/airflow/.local/lib/python3.7/site-packages/airflow/example_dags/example_trigger_target_dag.py
[2023-05-27T14:47:13.449+0000] {processor.py:766} INFO - DAG(s) dict_keys(['example_trigger_target_dag']) retrieved from /home/airflow/.local/lib/python3.7/site-packages/airflow/example_dags/example_trigger_target_dag.py
[2023-05-27T14:47:13.554+0000] {logging_mixin.py:120} INFO - [2023-05-27T14:47:13.554+0000] {dag.py:2585} INFO - Sync 1 DAGs
[2023-05-27T14:47:13.588+0000] {logging_mixin.py:120} INFO - [2023-05-27T14:47:13.588+0000] {dag.py:3340} INFO - Setting next_dagrun for example_trigger_target_dag to None, run_after=None
[2023-05-27T14:47:13.636+0000] {processor.py:176} INFO - Processing /home/airflow/.local/lib/python3.7/site-packages/airflow/example_dags/example_trigger_target_dag.py took 0.290 seconds
[2023-05-27T14:47:43.919+0000] {processor.py:154} INFO - Started process (PID=1120) to work on /home/airflow/.local/lib/python3.7/site-packages/airflow/example_dags/example_trigger_target_dag.py
[2023-05-27T14:47:43.921+0000] {processor.py:756} INFO - Processing file /home/airflow/.local/lib/python3.7/site-packages/airflow/example_dags/example_trigger_target_dag.py for tasks to queue
[2023-05-27T14:47:43.922+0000] {logging_mixin.py:120} INFO - [2023-05-27T14:47:43.922+0000] {dagbag.py:537} INFO - Filling up the DagBag from /home/airflow/.local/lib/python3.7/site-packages/airflow/example_dags/example_trigger_target_dag.py
[2023-05-27T14:47:43.950+0000] {processor.py:766} INFO - DAG(s) dict_keys(['example_trigger_target_dag']) retrieved from /home/airflow/.local/lib/python3.7/site-packages/airflow/example_dags/example_trigger_target_dag.py
[2023-05-27T14:47:44.002+0000] {logging_mixin.py:120} INFO - [2023-05-27T14:47:44.002+0000] {dag.py:2585} INFO - Sync 1 DAGs
[2023-05-27T14:47:44.037+0000] {logging_mixin.py:120} INFO - [2023-05-27T14:47:44.037+0000] {dag.py:3340} INFO - Setting next_dagrun for example_trigger_target_dag to None, run_after=None
[2023-05-27T14:47:44.065+0000] {processor.py:176} INFO - Processing /home/airflow/.local/lib/python3.7/site-packages/airflow/example_dags/example_trigger_target_dag.py took 0.150 seconds
[2023-05-27T14:48:14.580+0000] {processor.py:154} INFO - Started process (PID=1173) to work on /home/airflow/.local/lib/python3.7/site-packages/airflow/example_dags/example_trigger_target_dag.py
[2023-05-27T14:48:14.585+0000] {processor.py:756} INFO - Processing file /home/airflow/.local/lib/python3.7/site-packages/airflow/example_dags/example_trigger_target_dag.py for tasks to queue
[2023-05-27T14:48:14.586+0000] {logging_mixin.py:120} INFO - [2023-05-27T14:48:14.586+0000] {dagbag.py:537} INFO - Filling up the DagBag from /home/airflow/.local/lib/python3.7/site-packages/airflow/example_dags/example_trigger_target_dag.py
[2023-05-27T14:48:14.613+0000] {processor.py:766} INFO - DAG(s) dict_keys(['example_trigger_target_dag']) retrieved from /home/airflow/.local/lib/python3.7/site-packages/airflow/example_dags/example_trigger_target_dag.py
[2023-05-27T14:48:14.668+0000] {logging_mixin.py:120} INFO - [2023-05-27T14:48:14.668+0000] {dag.py:2585} INFO - Sync 1 DAGs
[2023-05-27T14:48:14.698+0000] {logging_mixin.py:120} INFO - [2023-05-27T14:48:14.698+0000] {dag.py:3340} INFO - Setting next_dagrun for example_trigger_target_dag to None, run_after=None
[2023-05-27T14:48:14.720+0000] {processor.py:176} INFO - Processing /home/airflow/.local/lib/python3.7/site-packages/airflow/example_dags/example_trigger_target_dag.py took 0.145 seconds
[2023-05-27T14:48:45.023+0000] {processor.py:154} INFO - Started process (PID=1236) to work on /home/airflow/.local/lib/python3.7/site-packages/airflow/example_dags/example_trigger_target_dag.py
[2023-05-27T14:48:45.028+0000] {processor.py:756} INFO - Processing file /home/airflow/.local/lib/python3.7/site-packages/airflow/example_dags/example_trigger_target_dag.py for tasks to queue
[2023-05-27T14:48:45.028+0000] {logging_mixin.py:120} INFO - [2023-05-27T14:48:45.028+0000] {dagbag.py:537} INFO - Filling up the DagBag from /home/airflow/.local/lib/python3.7/site-packages/airflow/example_dags/example_trigger_target_dag.py
[2023-05-27T14:48:45.093+0000] {processor.py:766} INFO - DAG(s) dict_keys(['example_trigger_target_dag']) retrieved from /home/airflow/.local/lib/python3.7/site-packages/airflow/example_dags/example_trigger_target_dag.py
[2023-05-27T14:48:45.253+0000] {logging_mixin.py:120} INFO - [2023-05-27T14:48:45.253+0000] {dag.py:2585} INFO - Sync 1 DAGs
[2023-05-27T14:48:45.285+0000] {logging_mixin.py:120} INFO - [2023-05-27T14:48:45.285+0000] {dag.py:3340} INFO - Setting next_dagrun for example_trigger_target_dag to None, run_after=None
[2023-05-27T14:48:45.320+0000] {processor.py:176} INFO - Processing /home/airflow/.local/lib/python3.7/site-packages/airflow/example_dags/example_trigger_target_dag.py took 0.300 seconds
[2023-05-27T14:49:15.657+0000] {processor.py:154} INFO - Started process (PID=1290) to work on /home/airflow/.local/lib/python3.7/site-packages/airflow/example_dags/example_trigger_target_dag.py
[2023-05-27T14:49:15.659+0000] {processor.py:756} INFO - Processing file /home/airflow/.local/lib/python3.7/site-packages/airflow/example_dags/example_trigger_target_dag.py for tasks to queue
[2023-05-27T14:49:15.660+0000] {logging_mixin.py:120} INFO - [2023-05-27T14:49:15.660+0000] {dagbag.py:537} INFO - Filling up the DagBag from /home/airflow/.local/lib/python3.7/site-packages/airflow/example_dags/example_trigger_target_dag.py
[2023-05-27T14:49:15.733+0000] {processor.py:766} INFO - DAG(s) dict_keys(['example_trigger_target_dag']) retrieved from /home/airflow/.local/lib/python3.7/site-packages/airflow/example_dags/example_trigger_target_dag.py
[2023-05-27T14:49:15.853+0000] {logging_mixin.py:120} INFO - [2023-05-27T14:49:15.853+0000] {dag.py:2585} INFO - Sync 1 DAGs
[2023-05-27T14:49:15.888+0000] {logging_mixin.py:120} INFO - [2023-05-27T14:49:15.887+0000] {dag.py:3340} INFO - Setting next_dagrun for example_trigger_target_dag to None, run_after=None
[2023-05-27T14:49:15.924+0000] {processor.py:176} INFO - Processing /home/airflow/.local/lib/python3.7/site-packages/airflow/example_dags/example_trigger_target_dag.py took 0.272 seconds
[2023-05-27T14:49:46.594+0000] {processor.py:154} INFO - Started process (PID=1352) to work on /home/airflow/.local/lib/python3.7/site-packages/airflow/example_dags/example_trigger_target_dag.py
[2023-05-27T14:49:46.600+0000] {processor.py:756} INFO - Processing file /home/airflow/.local/lib/python3.7/site-packages/airflow/example_dags/example_trigger_target_dag.py for tasks to queue
[2023-05-27T14:49:46.601+0000] {logging_mixin.py:120} INFO - [2023-05-27T14:49:46.600+0000] {dagbag.py:537} INFO - Filling up the DagBag from /home/airflow/.local/lib/python3.7/site-packages/airflow/example_dags/example_trigger_target_dag.py
[2023-05-27T14:49:46.650+0000] {processor.py:766} INFO - DAG(s) dict_keys(['example_trigger_target_dag']) retrieved from /home/airflow/.local/lib/python3.7/site-packages/airflow/example_dags/example_trigger_target_dag.py
[2023-05-27T14:49:46.720+0000] {logging_mixin.py:120} INFO - [2023-05-27T14:49:46.720+0000] {dag.py:2585} INFO - Sync 1 DAGs
[2023-05-27T14:49:46.782+0000] {logging_mixin.py:120} INFO - [2023-05-27T14:49:46.782+0000] {dag.py:3340} INFO - Setting next_dagrun for example_trigger_target_dag to None, run_after=None
[2023-05-27T14:49:46.826+0000] {processor.py:176} INFO - Processing /home/airflow/.local/lib/python3.7/site-packages/airflow/example_dags/example_trigger_target_dag.py took 0.238 seconds
[2023-05-27T14:50:16.911+0000] {processor.py:154} INFO - Started process (PID=1409) to work on /home/airflow/.local/lib/python3.7/site-packages/airflow/example_dags/example_trigger_target_dag.py
[2023-05-27T14:50:16.914+0000] {processor.py:756} INFO - Processing file /home/airflow/.local/lib/python3.7/site-packages/airflow/example_dags/example_trigger_target_dag.py for tasks to queue
[2023-05-27T14:50:16.916+0000] {logging_mixin.py:120} INFO - [2023-05-27T14:50:16.916+0000] {dagbag.py:537} INFO - Filling up the DagBag from /home/airflow/.local/lib/python3.7/site-packages/airflow/example_dags/example_trigger_target_dag.py
[2023-05-27T14:50:16.962+0000] {processor.py:766} INFO - DAG(s) dict_keys(['example_trigger_target_dag']) retrieved from /home/airflow/.local/lib/python3.7/site-packages/airflow/example_dags/example_trigger_target_dag.py
[2023-05-27T14:50:17.012+0000] {logging_mixin.py:120} INFO - [2023-05-27T14:50:17.012+0000] {dag.py:2585} INFO - Sync 1 DAGs
[2023-05-27T14:50:17.060+0000] {logging_mixin.py:120} INFO - [2023-05-27T14:50:17.046+0000] {dag.py:3340} INFO - Setting next_dagrun for example_trigger_target_dag to None, run_after=None
[2023-05-27T14:50:17.144+0000] {processor.py:176} INFO - Processing /home/airflow/.local/lib/python3.7/site-packages/airflow/example_dags/example_trigger_target_dag.py took 0.237 seconds
[2023-05-27T14:50:48.123+0000] {processor.py:154} INFO - Started process (PID=1463) to work on /home/airflow/.local/lib/python3.7/site-packages/airflow/example_dags/example_trigger_target_dag.py
[2023-05-27T14:50:48.128+0000] {processor.py:756} INFO - Processing file /home/airflow/.local/lib/python3.7/site-packages/airflow/example_dags/example_trigger_target_dag.py for tasks to queue
[2023-05-27T14:50:48.131+0000] {logging_mixin.py:120} INFO - [2023-05-27T14:50:48.130+0000] {dagbag.py:537} INFO - Filling up the DagBag from /home/airflow/.local/lib/python3.7/site-packages/airflow/example_dags/example_trigger_target_dag.py
[2023-05-27T14:50:48.222+0000] {processor.py:766} INFO - DAG(s) dict_keys(['example_trigger_target_dag']) retrieved from /home/airflow/.local/lib/python3.7/site-packages/airflow/example_dags/example_trigger_target_dag.py
[2023-05-27T14:50:48.379+0000] {logging_mixin.py:120} INFO - [2023-05-27T14:50:48.379+0000] {dag.py:2585} INFO - Sync 1 DAGs
[2023-05-27T14:50:48.420+0000] {logging_mixin.py:120} INFO - [2023-05-27T14:50:48.420+0000] {dag.py:3340} INFO - Setting next_dagrun for example_trigger_target_dag to None, run_after=None
[2023-05-27T14:50:48.447+0000] {processor.py:176} INFO - Processing /home/airflow/.local/lib/python3.7/site-packages/airflow/example_dags/example_trigger_target_dag.py took 0.329 seconds
[2023-05-27T14:51:19.061+0000] {processor.py:154} INFO - Started process (PID=1517) to work on /home/airflow/.local/lib/python3.7/site-packages/airflow/example_dags/example_trigger_target_dag.py
[2023-05-27T14:51:19.064+0000] {processor.py:756} INFO - Processing file /home/airflow/.local/lib/python3.7/site-packages/airflow/example_dags/example_trigger_target_dag.py for tasks to queue
[2023-05-27T14:51:19.064+0000] {logging_mixin.py:120} INFO - [2023-05-27T14:51:19.064+0000] {dagbag.py:537} INFO - Filling up the DagBag from /home/airflow/.local/lib/python3.7/site-packages/airflow/example_dags/example_trigger_target_dag.py
[2023-05-27T14:51:19.091+0000] {processor.py:766} INFO - DAG(s) dict_keys(['example_trigger_target_dag']) retrieved from /home/airflow/.local/lib/python3.7/site-packages/airflow/example_dags/example_trigger_target_dag.py
[2023-05-27T14:51:19.143+0000] {logging_mixin.py:120} INFO - [2023-05-27T14:51:19.142+0000] {dag.py:2585} INFO - Sync 1 DAGs
[2023-05-27T14:51:19.173+0000] {logging_mixin.py:120} INFO - [2023-05-27T14:51:19.173+0000] {dag.py:3340} INFO - Setting next_dagrun for example_trigger_target_dag to None, run_after=None
[2023-05-27T14:51:19.195+0000] {processor.py:176} INFO - Processing /home/airflow/.local/lib/python3.7/site-packages/airflow/example_dags/example_trigger_target_dag.py took 0.138 seconds
[2023-05-27T14:51:49.804+0000] {processor.py:154} INFO - Started process (PID=1580) to work on /home/airflow/.local/lib/python3.7/site-packages/airflow/example_dags/example_trigger_target_dag.py
[2023-05-27T14:51:49.815+0000] {processor.py:756} INFO - Processing file /home/airflow/.local/lib/python3.7/site-packages/airflow/example_dags/example_trigger_target_dag.py for tasks to queue
[2023-05-27T14:51:49.816+0000] {logging_mixin.py:120} INFO - [2023-05-27T14:51:49.816+0000] {dagbag.py:537} INFO - Filling up the DagBag from /home/airflow/.local/lib/python3.7/site-packages/airflow/example_dags/example_trigger_target_dag.py
[2023-05-27T14:51:49.861+0000] {processor.py:766} INFO - DAG(s) dict_keys(['example_trigger_target_dag']) retrieved from /home/airflow/.local/lib/python3.7/site-packages/airflow/example_dags/example_trigger_target_dag.py
[2023-05-27T14:51:49.958+0000] {logging_mixin.py:120} INFO - [2023-05-27T14:51:49.956+0000] {dag.py:2585} INFO - Sync 1 DAGs
[2023-05-27T14:51:50.025+0000] {logging_mixin.py:120} INFO - [2023-05-27T14:51:50.025+0000] {dag.py:3340} INFO - Setting next_dagrun for example_trigger_target_dag to None, run_after=None
[2023-05-27T14:51:50.058+0000] {processor.py:176} INFO - Processing /home/airflow/.local/lib/python3.7/site-packages/airflow/example_dags/example_trigger_target_dag.py took 0.262 seconds
[2023-05-27T14:52:20.743+0000] {processor.py:154} INFO - Started process (PID=1634) to work on /home/airflow/.local/lib/python3.7/site-packages/airflow/example_dags/example_trigger_target_dag.py
[2023-05-27T14:52:20.746+0000] {processor.py:756} INFO - Processing file /home/airflow/.local/lib/python3.7/site-packages/airflow/example_dags/example_trigger_target_dag.py for tasks to queue
[2023-05-27T14:52:20.747+0000] {logging_mixin.py:120} INFO - [2023-05-27T14:52:20.747+0000] {dagbag.py:537} INFO - Filling up the DagBag from /home/airflow/.local/lib/python3.7/site-packages/airflow/example_dags/example_trigger_target_dag.py
[2023-05-27T14:52:20.840+0000] {processor.py:766} INFO - DAG(s) dict_keys(['example_trigger_target_dag']) retrieved from /home/airflow/.local/lib/python3.7/site-packages/airflow/example_dags/example_trigger_target_dag.py
[2023-05-27T14:52:21.054+0000] {logging_mixin.py:120} INFO - [2023-05-27T14:52:21.053+0000] {dag.py:2585} INFO - Sync 1 DAGs
[2023-05-27T14:52:21.160+0000] {logging_mixin.py:120} INFO - [2023-05-27T14:52:21.160+0000] {dag.py:3340} INFO - Setting next_dagrun for example_trigger_target_dag to None, run_after=None
[2023-05-27T14:52:21.209+0000] {processor.py:176} INFO - Processing /home/airflow/.local/lib/python3.7/site-packages/airflow/example_dags/example_trigger_target_dag.py took 0.472 seconds
[2023-05-27T14:52:54.811+0000] {processor.py:154} INFO - Started process (PID=1697) to work on /home/airflow/.local/lib/python3.7/site-packages/airflow/example_dags/example_trigger_target_dag.py
[2023-05-27T14:52:54.819+0000] {processor.py:756} INFO - Processing file /home/airflow/.local/lib/python3.7/site-packages/airflow/example_dags/example_trigger_target_dag.py for tasks to queue
[2023-05-27T14:52:54.820+0000] {logging_mixin.py:120} INFO - [2023-05-27T14:52:54.820+0000] {dagbag.py:537} INFO - Filling up the DagBag from /home/airflow/.local/lib/python3.7/site-packages/airflow/example_dags/example_trigger_target_dag.py
[2023-05-27T14:52:54.902+0000] {processor.py:766} INFO - DAG(s) dict_keys(['example_trigger_target_dag']) retrieved from /home/airflow/.local/lib/python3.7/site-packages/airflow/example_dags/example_trigger_target_dag.py
[2023-05-27T14:52:54.999+0000] {logging_mixin.py:120} INFO - [2023-05-27T14:52:54.997+0000] {dag.py:2585} INFO - Sync 1 DAGs
[2023-05-27T14:52:55.031+0000] {logging_mixin.py:120} INFO - [2023-05-27T14:52:55.031+0000] {dag.py:3340} INFO - Setting next_dagrun for example_trigger_target_dag to None, run_after=None
[2023-05-27T14:52:55.060+0000] {processor.py:176} INFO - Processing /home/airflow/.local/lib/python3.7/site-packages/airflow/example_dags/example_trigger_target_dag.py took 0.253 seconds
[2023-05-27T14:53:25.210+0000] {processor.py:154} INFO - Started process (PID=1750) to work on /home/airflow/.local/lib/python3.7/site-packages/airflow/example_dags/example_trigger_target_dag.py
[2023-05-27T14:53:25.212+0000] {processor.py:756} INFO - Processing file /home/airflow/.local/lib/python3.7/site-packages/airflow/example_dags/example_trigger_target_dag.py for tasks to queue
[2023-05-27T14:53:25.213+0000] {logging_mixin.py:120} INFO - [2023-05-27T14:53:25.213+0000] {dagbag.py:537} INFO - Filling up the DagBag from /home/airflow/.local/lib/python3.7/site-packages/airflow/example_dags/example_trigger_target_dag.py
[2023-05-27T14:53:25.240+0000] {processor.py:766} INFO - DAG(s) dict_keys(['example_trigger_target_dag']) retrieved from /home/airflow/.local/lib/python3.7/site-packages/airflow/example_dags/example_trigger_target_dag.py
[2023-05-27T14:53:25.289+0000] {logging_mixin.py:120} INFO - [2023-05-27T14:53:25.288+0000] {dag.py:2585} INFO - Sync 1 DAGs
[2023-05-27T14:53:25.321+0000] {logging_mixin.py:120} INFO - [2023-05-27T14:53:25.321+0000] {dag.py:3340} INFO - Setting next_dagrun for example_trigger_target_dag to None, run_after=None
[2023-05-27T14:53:25.343+0000] {processor.py:176} INFO - Processing /home/airflow/.local/lib/python3.7/site-packages/airflow/example_dags/example_trigger_target_dag.py took 0.137 seconds
