[2023-05-27T14:38:23.778+0000] {processor.py:154} INFO - Started process (PID=60) to work on /home/airflow/.local/lib/python3.7/site-packages/airflow/example_dags/example_task_group.py
[2023-05-27T14:38:23.795+0000] {processor.py:756} INFO - Processing file /home/airflow/.local/lib/python3.7/site-packages/airflow/example_dags/example_task_group.py for tasks to queue
[2023-05-27T14:38:23.796+0000] {logging_mixin.py:120} INFO - [2023-05-27T14:38:23.796+0000] {dagbag.py:537} INFO - Filling up the DagBag from /home/airflow/.local/lib/python3.7/site-packages/airflow/example_dags/example_task_group.py
[2023-05-27T14:38:23.882+0000] {processor.py:766} INFO - DAG(s) dict_keys(['example_task_group']) retrieved from /home/airflow/.local/lib/python3.7/site-packages/airflow/example_dags/example_task_group.py
[2023-05-27T14:38:24.812+0000] {logging_mixin.py:120} INFO - [2023-05-27T14:38:24.811+0000] {manager.py:507} INFO - Created Permission View: can read on DAG:example_task_group
[2023-05-27T14:38:24.861+0000] {logging_mixin.py:120} INFO - [2023-05-27T14:38:24.861+0000] {manager.py:507} INFO - Created Permission View: can edit on DAG:example_task_group
[2023-05-27T14:38:24.901+0000] {logging_mixin.py:120} INFO - [2023-05-27T14:38:24.901+0000] {manager.py:507} INFO - Created Permission View: can delete on DAG:example_task_group
[2023-05-27T14:38:24.902+0000] {logging_mixin.py:120} INFO - [2023-05-27T14:38:24.901+0000] {dag.py:2585} INFO - Sync 1 DAGs
[2023-05-27T14:38:24.973+0000] {logging_mixin.py:120} INFO - [2023-05-27T14:38:24.973+0000] {dag.py:2606} INFO - Creating ORM DAG for example_task_group
[2023-05-27T14:38:25.056+0000] {logging_mixin.py:120} INFO - [2023-05-27T14:38:25.056+0000] {dag.py:3340} INFO - Setting next_dagrun for example_task_group to 2023-05-26T14:38:25.056351+00:00, run_after=2023-05-27T14:38:25.056351+00:00
[2023-05-27T14:38:25.216+0000] {processor.py:176} INFO - Processing /home/airflow/.local/lib/python3.7/site-packages/airflow/example_dags/example_task_group.py took 1.445 seconds
[2023-05-27T14:38:55.337+0000] {processor.py:154} INFO - Started process (PID=114) to work on /home/airflow/.local/lib/python3.7/site-packages/airflow/example_dags/example_task_group.py
[2023-05-27T14:38:55.338+0000] {processor.py:756} INFO - Processing file /home/airflow/.local/lib/python3.7/site-packages/airflow/example_dags/example_task_group.py for tasks to queue
[2023-05-27T14:38:55.339+0000] {logging_mixin.py:120} INFO - [2023-05-27T14:38:55.339+0000] {dagbag.py:537} INFO - Filling up the DagBag from /home/airflow/.local/lib/python3.7/site-packages/airflow/example_dags/example_task_group.py
[2023-05-27T14:38:55.362+0000] {processor.py:766} INFO - DAG(s) dict_keys(['example_task_group']) retrieved from /home/airflow/.local/lib/python3.7/site-packages/airflow/example_dags/example_task_group.py
[2023-05-27T14:38:55.412+0000] {logging_mixin.py:120} INFO - [2023-05-27T14:38:55.412+0000] {dag.py:2585} INFO - Sync 1 DAGs
[2023-05-27T14:38:55.443+0000] {logging_mixin.py:120} INFO - [2023-05-27T14:38:55.443+0000] {dag.py:3340} INFO - Setting next_dagrun for example_task_group to 2023-05-26T14:38:55.443014+00:00, run_after=2023-05-27T14:38:55.443014+00:00
[2023-05-27T14:38:55.466+0000] {processor.py:176} INFO - Processing /home/airflow/.local/lib/python3.7/site-packages/airflow/example_dags/example_task_group.py took 0.133 seconds
[2023-05-27T14:39:25.869+0000] {processor.py:154} INFO - Started process (PID=170) to work on /home/airflow/.local/lib/python3.7/site-packages/airflow/example_dags/example_task_group.py
[2023-05-27T14:39:25.872+0000] {processor.py:756} INFO - Processing file /home/airflow/.local/lib/python3.7/site-packages/airflow/example_dags/example_task_group.py for tasks to queue
[2023-05-27T14:39:25.872+0000] {logging_mixin.py:120} INFO - [2023-05-27T14:39:25.872+0000] {dagbag.py:537} INFO - Filling up the DagBag from /home/airflow/.local/lib/python3.7/site-packages/airflow/example_dags/example_task_group.py
[2023-05-27T14:39:25.923+0000] {processor.py:766} INFO - DAG(s) dict_keys(['example_task_group']) retrieved from /home/airflow/.local/lib/python3.7/site-packages/airflow/example_dags/example_task_group.py
[2023-05-27T14:39:26.008+0000] {logging_mixin.py:120} INFO - [2023-05-27T14:39:26.008+0000] {dag.py:2585} INFO - Sync 1 DAGs
[2023-05-27T14:39:26.040+0000] {logging_mixin.py:120} INFO - [2023-05-27T14:39:26.040+0000] {dag.py:3340} INFO - Setting next_dagrun for example_task_group to 2023-05-26T14:39:26.039865+00:00, run_after=2023-05-27T14:39:26.039865+00:00
[2023-05-27T14:39:26.061+0000] {processor.py:176} INFO - Processing /home/airflow/.local/lib/python3.7/site-packages/airflow/example_dags/example_task_group.py took 0.209 seconds
[2023-05-27T14:39:56.899+0000] {processor.py:154} INFO - Started process (PID=232) to work on /home/airflow/.local/lib/python3.7/site-packages/airflow/example_dags/example_task_group.py
[2023-05-27T14:39:56.901+0000] {processor.py:756} INFO - Processing file /home/airflow/.local/lib/python3.7/site-packages/airflow/example_dags/example_task_group.py for tasks to queue
[2023-05-27T14:39:56.901+0000] {logging_mixin.py:120} INFO - [2023-05-27T14:39:56.901+0000] {dagbag.py:537} INFO - Filling up the DagBag from /home/airflow/.local/lib/python3.7/site-packages/airflow/example_dags/example_task_group.py
[2023-05-27T14:39:56.928+0000] {processor.py:766} INFO - DAG(s) dict_keys(['example_task_group']) retrieved from /home/airflow/.local/lib/python3.7/site-packages/airflow/example_dags/example_task_group.py
[2023-05-27T14:39:56.980+0000] {logging_mixin.py:120} INFO - [2023-05-27T14:39:56.980+0000] {dag.py:2585} INFO - Sync 1 DAGs
[2023-05-27T14:39:57.049+0000] {logging_mixin.py:120} INFO - [2023-05-27T14:39:57.048+0000] {dag.py:3340} INFO - Setting next_dagrun for example_task_group to 2023-05-26T14:39:57.048687+00:00, run_after=2023-05-27T14:39:57.048687+00:00
[2023-05-27T14:39:57.084+0000] {processor.py:176} INFO - Processing /home/airflow/.local/lib/python3.7/site-packages/airflow/example_dags/example_task_group.py took 0.194 seconds
[2023-05-27T14:40:27.648+0000] {processor.py:154} INFO - Started process (PID=286) to work on /home/airflow/.local/lib/python3.7/site-packages/airflow/example_dags/example_task_group.py
[2023-05-27T14:40:27.650+0000] {processor.py:756} INFO - Processing file /home/airflow/.local/lib/python3.7/site-packages/airflow/example_dags/example_task_group.py for tasks to queue
[2023-05-27T14:40:27.651+0000] {logging_mixin.py:120} INFO - [2023-05-27T14:40:27.651+0000] {dagbag.py:537} INFO - Filling up the DagBag from /home/airflow/.local/lib/python3.7/site-packages/airflow/example_dags/example_task_group.py
[2023-05-27T14:40:27.675+0000] {processor.py:766} INFO - DAG(s) dict_keys(['example_task_group']) retrieved from /home/airflow/.local/lib/python3.7/site-packages/airflow/example_dags/example_task_group.py
[2023-05-27T14:40:27.827+0000] {logging_mixin.py:120} INFO - [2023-05-27T14:40:27.826+0000] {dag.py:2585} INFO - Sync 1 DAGs
[2023-05-27T14:40:27.898+0000] {logging_mixin.py:120} INFO - [2023-05-27T14:40:27.897+0000] {dag.py:3340} INFO - Setting next_dagrun for example_task_group to 2023-05-26T14:40:27.891095+00:00, run_after=2023-05-27T14:40:27.891095+00:00
[2023-05-27T14:40:27.936+0000] {processor.py:176} INFO - Processing /home/airflow/.local/lib/python3.7/site-packages/airflow/example_dags/example_task_group.py took 0.294 seconds
[2023-05-27T14:40:58.185+0000] {processor.py:154} INFO - Started process (PID=350) to work on /home/airflow/.local/lib/python3.7/site-packages/airflow/example_dags/example_task_group.py
[2023-05-27T14:40:58.186+0000] {processor.py:756} INFO - Processing file /home/airflow/.local/lib/python3.7/site-packages/airflow/example_dags/example_task_group.py for tasks to queue
[2023-05-27T14:40:58.187+0000] {logging_mixin.py:120} INFO - [2023-05-27T14:40:58.187+0000] {dagbag.py:537} INFO - Filling up the DagBag from /home/airflow/.local/lib/python3.7/site-packages/airflow/example_dags/example_task_group.py
[2023-05-27T14:40:58.208+0000] {processor.py:766} INFO - DAG(s) dict_keys(['example_task_group']) retrieved from /home/airflow/.local/lib/python3.7/site-packages/airflow/example_dags/example_task_group.py
[2023-05-27T14:40:58.260+0000] {logging_mixin.py:120} INFO - [2023-05-27T14:40:58.260+0000] {dag.py:2585} INFO - Sync 1 DAGs
[2023-05-27T14:40:58.292+0000] {logging_mixin.py:120} INFO - [2023-05-27T14:40:58.292+0000] {dag.py:3340} INFO - Setting next_dagrun for example_task_group to 2023-05-26T14:40:58.291986+00:00, run_after=2023-05-27T14:40:58.291986+00:00
[2023-05-27T14:40:58.315+0000] {processor.py:176} INFO - Processing /home/airflow/.local/lib/python3.7/site-packages/airflow/example_dags/example_task_group.py took 0.135 seconds
[2023-05-27T14:41:29.204+0000] {processor.py:154} INFO - Started process (PID=404) to work on /home/airflow/.local/lib/python3.7/site-packages/airflow/example_dags/example_task_group.py
[2023-05-27T14:41:29.205+0000] {processor.py:756} INFO - Processing file /home/airflow/.local/lib/python3.7/site-packages/airflow/example_dags/example_task_group.py for tasks to queue
[2023-05-27T14:41:29.206+0000] {logging_mixin.py:120} INFO - [2023-05-27T14:41:29.205+0000] {dagbag.py:537} INFO - Filling up the DagBag from /home/airflow/.local/lib/python3.7/site-packages/airflow/example_dags/example_task_group.py
[2023-05-27T14:41:29.228+0000] {processor.py:766} INFO - DAG(s) dict_keys(['example_task_group']) retrieved from /home/airflow/.local/lib/python3.7/site-packages/airflow/example_dags/example_task_group.py
[2023-05-27T14:41:29.280+0000] {logging_mixin.py:120} INFO - [2023-05-27T14:41:29.278+0000] {dag.py:2585} INFO - Sync 1 DAGs
[2023-05-27T14:41:29.314+0000] {logging_mixin.py:120} INFO - [2023-05-27T14:41:29.314+0000] {dag.py:3340} INFO - Setting next_dagrun for example_task_group to 2023-05-26T14:41:29.313815+00:00, run_after=2023-05-27T14:41:29.313815+00:00
[2023-05-27T14:41:29.338+0000] {processor.py:176} INFO - Processing /home/airflow/.local/lib/python3.7/site-packages/airflow/example_dags/example_task_group.py took 0.138 seconds
[2023-05-27T14:41:59.429+0000] {processor.py:154} INFO - Started process (PID=466) to work on /home/airflow/.local/lib/python3.7/site-packages/airflow/example_dags/example_task_group.py
[2023-05-27T14:41:59.438+0000] {processor.py:756} INFO - Processing file /home/airflow/.local/lib/python3.7/site-packages/airflow/example_dags/example_task_group.py for tasks to queue
[2023-05-27T14:41:59.439+0000] {logging_mixin.py:120} INFO - [2023-05-27T14:41:59.438+0000] {dagbag.py:537} INFO - Filling up the DagBag from /home/airflow/.local/lib/python3.7/site-packages/airflow/example_dags/example_task_group.py
[2023-05-27T14:41:59.472+0000] {processor.py:766} INFO - DAG(s) dict_keys(['example_task_group']) retrieved from /home/airflow/.local/lib/python3.7/site-packages/airflow/example_dags/example_task_group.py
[2023-05-27T14:41:59.549+0000] {logging_mixin.py:120} INFO - [2023-05-27T14:41:59.549+0000] {dag.py:2585} INFO - Sync 1 DAGs
[2023-05-27T14:41:59.610+0000] {logging_mixin.py:120} INFO - [2023-05-27T14:41:59.610+0000] {dag.py:3340} INFO - Setting next_dagrun for example_task_group to 2023-05-26T14:41:59.610248+00:00, run_after=2023-05-27T14:41:59.610248+00:00
[2023-05-27T14:41:59.637+0000] {processor.py:176} INFO - Processing /home/airflow/.local/lib/python3.7/site-packages/airflow/example_dags/example_task_group.py took 0.211 seconds
[2023-05-27T14:42:30.291+0000] {processor.py:154} INFO - Started process (PID=523) to work on /home/airflow/.local/lib/python3.7/site-packages/airflow/example_dags/example_task_group.py
[2023-05-27T14:42:30.296+0000] {processor.py:756} INFO - Processing file /home/airflow/.local/lib/python3.7/site-packages/airflow/example_dags/example_task_group.py for tasks to queue
[2023-05-27T14:42:30.296+0000] {logging_mixin.py:120} INFO - [2023-05-27T14:42:30.296+0000] {dagbag.py:537} INFO - Filling up the DagBag from /home/airflow/.local/lib/python3.7/site-packages/airflow/example_dags/example_task_group.py
[2023-05-27T14:42:30.327+0000] {processor.py:766} INFO - DAG(s) dict_keys(['example_task_group']) retrieved from /home/airflow/.local/lib/python3.7/site-packages/airflow/example_dags/example_task_group.py
[2023-05-27T14:42:30.380+0000] {logging_mixin.py:120} INFO - [2023-05-27T14:42:30.380+0000] {dag.py:2585} INFO - Sync 1 DAGs
[2023-05-27T14:42:30.413+0000] {logging_mixin.py:120} INFO - [2023-05-27T14:42:30.412+0000] {dag.py:3340} INFO - Setting next_dagrun for example_task_group to 2023-05-26T14:42:30.412665+00:00, run_after=2023-05-27T14:42:30.412665+00:00
[2023-05-27T14:42:30.454+0000] {processor.py:176} INFO - Processing /home/airflow/.local/lib/python3.7/site-packages/airflow/example_dags/example_task_group.py took 0.166 seconds
[2023-05-27T14:43:00.532+0000] {processor.py:154} INFO - Started process (PID=577) to work on /home/airflow/.local/lib/python3.7/site-packages/airflow/example_dags/example_task_group.py
[2023-05-27T14:43:00.534+0000] {processor.py:756} INFO - Processing file /home/airflow/.local/lib/python3.7/site-packages/airflow/example_dags/example_task_group.py for tasks to queue
[2023-05-27T14:43:00.535+0000] {logging_mixin.py:120} INFO - [2023-05-27T14:43:00.535+0000] {dagbag.py:537} INFO - Filling up the DagBag from /home/airflow/.local/lib/python3.7/site-packages/airflow/example_dags/example_task_group.py
[2023-05-27T14:43:00.557+0000] {processor.py:766} INFO - DAG(s) dict_keys(['example_task_group']) retrieved from /home/airflow/.local/lib/python3.7/site-packages/airflow/example_dags/example_task_group.py
[2023-05-27T14:43:00.606+0000] {logging_mixin.py:120} INFO - [2023-05-27T14:43:00.606+0000] {dag.py:2585} INFO - Sync 1 DAGs
[2023-05-27T14:43:00.639+0000] {logging_mixin.py:120} INFO - [2023-05-27T14:43:00.639+0000] {dag.py:3340} INFO - Setting next_dagrun for example_task_group to 2023-05-26T14:43:00.638929+00:00, run_after=2023-05-27T14:43:00.638929+00:00
[2023-05-27T14:43:00.662+0000] {processor.py:176} INFO - Processing /home/airflow/.local/lib/python3.7/site-packages/airflow/example_dags/example_task_group.py took 0.134 seconds
[2023-05-27T14:43:31.333+0000] {processor.py:154} INFO - Started process (PID=640) to work on /home/airflow/.local/lib/python3.7/site-packages/airflow/example_dags/example_task_group.py
[2023-05-27T14:43:31.335+0000] {processor.py:756} INFO - Processing file /home/airflow/.local/lib/python3.7/site-packages/airflow/example_dags/example_task_group.py for tasks to queue
[2023-05-27T14:43:31.336+0000] {logging_mixin.py:120} INFO - [2023-05-27T14:43:31.336+0000] {dagbag.py:537} INFO - Filling up the DagBag from /home/airflow/.local/lib/python3.7/site-packages/airflow/example_dags/example_task_group.py
[2023-05-27T14:43:31.358+0000] {processor.py:766} INFO - DAG(s) dict_keys(['example_task_group']) retrieved from /home/airflow/.local/lib/python3.7/site-packages/airflow/example_dags/example_task_group.py
[2023-05-27T14:43:31.409+0000] {logging_mixin.py:120} INFO - [2023-05-27T14:43:31.409+0000] {dag.py:2585} INFO - Sync 1 DAGs
[2023-05-27T14:43:31.442+0000] {logging_mixin.py:120} INFO - [2023-05-27T14:43:31.442+0000] {dag.py:3340} INFO - Setting next_dagrun for example_task_group to 2023-05-26T14:43:31.441906+00:00, run_after=2023-05-27T14:43:31.441906+00:00
[2023-05-27T14:43:31.464+0000] {processor.py:176} INFO - Processing /home/airflow/.local/lib/python3.7/site-packages/airflow/example_dags/example_task_group.py took 0.135 seconds
[2023-05-27T14:44:01.847+0000] {processor.py:154} INFO - Started process (PID=694) to work on /home/airflow/.local/lib/python3.7/site-packages/airflow/example_dags/example_task_group.py
[2023-05-27T14:44:01.849+0000] {processor.py:756} INFO - Processing file /home/airflow/.local/lib/python3.7/site-packages/airflow/example_dags/example_task_group.py for tasks to queue
[2023-05-27T14:44:01.850+0000] {logging_mixin.py:120} INFO - [2023-05-27T14:44:01.850+0000] {dagbag.py:537} INFO - Filling up the DagBag from /home/airflow/.local/lib/python3.7/site-packages/airflow/example_dags/example_task_group.py
[2023-05-27T14:44:01.888+0000] {processor.py:766} INFO - DAG(s) dict_keys(['example_task_group']) retrieved from /home/airflow/.local/lib/python3.7/site-packages/airflow/example_dags/example_task_group.py
[2023-05-27T14:44:02.007+0000] {logging_mixin.py:120} INFO - [2023-05-27T14:44:02.007+0000] {dag.py:2585} INFO - Sync 1 DAGs
[2023-05-27T14:44:02.059+0000] {logging_mixin.py:120} INFO - [2023-05-27T14:44:02.058+0000] {dag.py:3340} INFO - Setting next_dagrun for example_task_group to 2023-05-26T14:44:02.058514+00:00, run_after=2023-05-27T14:44:02.058514+00:00
[2023-05-27T14:44:02.096+0000] {processor.py:176} INFO - Processing /home/airflow/.local/lib/python3.7/site-packages/airflow/example_dags/example_task_group.py took 0.268 seconds
[2023-05-27T14:44:32.467+0000] {processor.py:154} INFO - Started process (PID=757) to work on /home/airflow/.local/lib/python3.7/site-packages/airflow/example_dags/example_task_group.py
[2023-05-27T14:44:32.470+0000] {processor.py:756} INFO - Processing file /home/airflow/.local/lib/python3.7/site-packages/airflow/example_dags/example_task_group.py for tasks to queue
[2023-05-27T14:44:32.470+0000] {logging_mixin.py:120} INFO - [2023-05-27T14:44:32.470+0000] {dagbag.py:537} INFO - Filling up the DagBag from /home/airflow/.local/lib/python3.7/site-packages/airflow/example_dags/example_task_group.py
[2023-05-27T14:44:32.517+0000] {processor.py:766} INFO - DAG(s) dict_keys(['example_task_group']) retrieved from /home/airflow/.local/lib/python3.7/site-packages/airflow/example_dags/example_task_group.py
[2023-05-27T14:44:32.607+0000] {logging_mixin.py:120} INFO - [2023-05-27T14:44:32.606+0000] {dag.py:2585} INFO - Sync 1 DAGs
[2023-05-27T14:44:32.639+0000] {logging_mixin.py:120} INFO - [2023-05-27T14:44:32.639+0000] {dag.py:3340} INFO - Setting next_dagrun for example_task_group to 2023-05-26T14:44:32.639093+00:00, run_after=2023-05-27T14:44:32.639093+00:00
[2023-05-27T14:44:32.666+0000] {processor.py:176} INFO - Processing /home/airflow/.local/lib/python3.7/site-packages/airflow/example_dags/example_task_group.py took 0.209 seconds
[2023-05-27T14:45:02.940+0000] {processor.py:154} INFO - Started process (PID=810) to work on /home/airflow/.local/lib/python3.7/site-packages/airflow/example_dags/example_task_group.py
[2023-05-27T14:45:02.942+0000] {processor.py:756} INFO - Processing file /home/airflow/.local/lib/python3.7/site-packages/airflow/example_dags/example_task_group.py for tasks to queue
[2023-05-27T14:45:02.944+0000] {logging_mixin.py:120} INFO - [2023-05-27T14:45:02.944+0000] {dagbag.py:537} INFO - Filling up the DagBag from /home/airflow/.local/lib/python3.7/site-packages/airflow/example_dags/example_task_group.py
[2023-05-27T14:45:02.999+0000] {processor.py:766} INFO - DAG(s) dict_keys(['example_task_group']) retrieved from /home/airflow/.local/lib/python3.7/site-packages/airflow/example_dags/example_task_group.py
[2023-05-27T14:45:03.101+0000] {logging_mixin.py:120} INFO - [2023-05-27T14:45:03.101+0000] {dag.py:2585} INFO - Sync 1 DAGs
[2023-05-27T14:45:03.177+0000] {logging_mixin.py:120} INFO - [2023-05-27T14:45:03.176+0000] {dag.py:3340} INFO - Setting next_dagrun for example_task_group to 2023-05-26T14:45:03.176628+00:00, run_after=2023-05-27T14:45:03.176628+00:00
[2023-05-27T14:45:03.225+0000] {processor.py:176} INFO - Processing /home/airflow/.local/lib/python3.7/site-packages/airflow/example_dags/example_task_group.py took 0.290 seconds
[2023-05-27T14:45:33.780+0000] {processor.py:154} INFO - Started process (PID=870) to work on /home/airflow/.local/lib/python3.7/site-packages/airflow/example_dags/example_task_group.py
[2023-05-27T14:45:33.782+0000] {processor.py:756} INFO - Processing file /home/airflow/.local/lib/python3.7/site-packages/airflow/example_dags/example_task_group.py for tasks to queue
[2023-05-27T14:45:33.783+0000] {logging_mixin.py:120} INFO - [2023-05-27T14:45:33.782+0000] {dagbag.py:537} INFO - Filling up the DagBag from /home/airflow/.local/lib/python3.7/site-packages/airflow/example_dags/example_task_group.py
[2023-05-27T14:45:33.822+0000] {processor.py:766} INFO - DAG(s) dict_keys(['example_task_group']) retrieved from /home/airflow/.local/lib/python3.7/site-packages/airflow/example_dags/example_task_group.py
[2023-05-27T14:45:33.934+0000] {logging_mixin.py:120} INFO - [2023-05-27T14:45:33.934+0000] {dag.py:2585} INFO - Sync 1 DAGs
[2023-05-27T14:45:33.975+0000] {logging_mixin.py:120} INFO - [2023-05-27T14:45:33.975+0000] {dag.py:3340} INFO - Setting next_dagrun for example_task_group to 2023-05-26T14:45:33.974732+00:00, run_after=2023-05-27T14:45:33.974732+00:00
[2023-05-27T14:45:34.012+0000] {processor.py:176} INFO - Processing /home/airflow/.local/lib/python3.7/site-packages/airflow/example_dags/example_task_group.py took 0.237 seconds
[2023-05-27T14:46:04.423+0000] {processor.py:154} INFO - Started process (PID=926) to work on /home/airflow/.local/lib/python3.7/site-packages/airflow/example_dags/example_task_group.py
[2023-05-27T14:46:04.430+0000] {processor.py:756} INFO - Processing file /home/airflow/.local/lib/python3.7/site-packages/airflow/example_dags/example_task_group.py for tasks to queue
[2023-05-27T14:46:04.431+0000] {logging_mixin.py:120} INFO - [2023-05-27T14:46:04.431+0000] {dagbag.py:537} INFO - Filling up the DagBag from /home/airflow/.local/lib/python3.7/site-packages/airflow/example_dags/example_task_group.py
[2023-05-27T14:46:04.475+0000] {processor.py:766} INFO - DAG(s) dict_keys(['example_task_group']) retrieved from /home/airflow/.local/lib/python3.7/site-packages/airflow/example_dags/example_task_group.py
[2023-05-27T14:46:04.548+0000] {logging_mixin.py:120} INFO - [2023-05-27T14:46:04.547+0000] {dag.py:2585} INFO - Sync 1 DAGs
[2023-05-27T14:46:04.588+0000] {logging_mixin.py:120} INFO - [2023-05-27T14:46:04.588+0000] {dag.py:3340} INFO - Setting next_dagrun for example_task_group to 2023-05-26T14:46:04.588215+00:00, run_after=2023-05-27T14:46:04.588215+00:00
[2023-05-27T14:46:04.629+0000] {processor.py:176} INFO - Processing /home/airflow/.local/lib/python3.7/site-packages/airflow/example_dags/example_task_group.py took 0.212 seconds
[2023-05-27T14:46:35.135+0000] {processor.py:154} INFO - Started process (PID=980) to work on /home/airflow/.local/lib/python3.7/site-packages/airflow/example_dags/example_task_group.py
[2023-05-27T14:46:35.140+0000] {processor.py:756} INFO - Processing file /home/airflow/.local/lib/python3.7/site-packages/airflow/example_dags/example_task_group.py for tasks to queue
[2023-05-27T14:46:35.140+0000] {logging_mixin.py:120} INFO - [2023-05-27T14:46:35.140+0000] {dagbag.py:537} INFO - Filling up the DagBag from /home/airflow/.local/lib/python3.7/site-packages/airflow/example_dags/example_task_group.py
[2023-05-27T14:46:35.162+0000] {processor.py:766} INFO - DAG(s) dict_keys(['example_task_group']) retrieved from /home/airflow/.local/lib/python3.7/site-packages/airflow/example_dags/example_task_group.py
[2023-05-27T14:46:35.215+0000] {logging_mixin.py:120} INFO - [2023-05-27T14:46:35.214+0000] {dag.py:2585} INFO - Sync 1 DAGs
[2023-05-27T14:46:35.246+0000] {logging_mixin.py:120} INFO - [2023-05-27T14:46:35.246+0000] {dag.py:3340} INFO - Setting next_dagrun for example_task_group to 2023-05-26T14:46:35.246323+00:00, run_after=2023-05-27T14:46:35.246323+00:00
[2023-05-27T14:46:35.274+0000] {processor.py:176} INFO - Processing /home/airflow/.local/lib/python3.7/site-packages/airflow/example_dags/example_task_group.py took 0.143 seconds
[2023-05-27T14:47:05.489+0000] {processor.py:154} INFO - Started process (PID=1043) to work on /home/airflow/.local/lib/python3.7/site-packages/airflow/example_dags/example_task_group.py
[2023-05-27T14:47:05.492+0000] {processor.py:756} INFO - Processing file /home/airflow/.local/lib/python3.7/site-packages/airflow/example_dags/example_task_group.py for tasks to queue
[2023-05-27T14:47:05.493+0000] {logging_mixin.py:120} INFO - [2023-05-27T14:47:05.493+0000] {dagbag.py:537} INFO - Filling up the DagBag from /home/airflow/.local/lib/python3.7/site-packages/airflow/example_dags/example_task_group.py
[2023-05-27T14:47:05.515+0000] {processor.py:766} INFO - DAG(s) dict_keys(['example_task_group']) retrieved from /home/airflow/.local/lib/python3.7/site-packages/airflow/example_dags/example_task_group.py
[2023-05-27T14:47:05.572+0000] {logging_mixin.py:120} INFO - [2023-05-27T14:47:05.572+0000] {dag.py:2585} INFO - Sync 1 DAGs
[2023-05-27T14:47:05.609+0000] {logging_mixin.py:120} INFO - [2023-05-27T14:47:05.609+0000] {dag.py:3340} INFO - Setting next_dagrun for example_task_group to 2023-05-26T14:47:05.609028+00:00, run_after=2023-05-27T14:47:05.609028+00:00
[2023-05-27T14:47:05.638+0000] {processor.py:176} INFO - Processing /home/airflow/.local/lib/python3.7/site-packages/airflow/example_dags/example_task_group.py took 0.153 seconds
[2023-05-27T14:47:35.677+0000] {processor.py:154} INFO - Started process (PID=1098) to work on /home/airflow/.local/lib/python3.7/site-packages/airflow/example_dags/example_task_group.py
[2023-05-27T14:47:35.679+0000] {processor.py:756} INFO - Processing file /home/airflow/.local/lib/python3.7/site-packages/airflow/example_dags/example_task_group.py for tasks to queue
[2023-05-27T14:47:35.680+0000] {logging_mixin.py:120} INFO - [2023-05-27T14:47:35.680+0000] {dagbag.py:537} INFO - Filling up the DagBag from /home/airflow/.local/lib/python3.7/site-packages/airflow/example_dags/example_task_group.py
[2023-05-27T14:47:35.708+0000] {processor.py:766} INFO - DAG(s) dict_keys(['example_task_group']) retrieved from /home/airflow/.local/lib/python3.7/site-packages/airflow/example_dags/example_task_group.py
[2023-05-27T14:47:35.763+0000] {logging_mixin.py:120} INFO - [2023-05-27T14:47:35.762+0000] {dag.py:2585} INFO - Sync 1 DAGs
[2023-05-27T14:47:35.795+0000] {logging_mixin.py:120} INFO - [2023-05-27T14:47:35.795+0000] {dag.py:3340} INFO - Setting next_dagrun for example_task_group to 2023-05-26T14:47:35.794351+00:00, run_after=2023-05-27T14:47:35.794351+00:00
[2023-05-27T14:47:35.818+0000] {processor.py:176} INFO - Processing /home/airflow/.local/lib/python3.7/site-packages/airflow/example_dags/example_task_group.py took 0.145 seconds
[2023-05-27T14:48:05.945+0000] {processor.py:154} INFO - Started process (PID=1152) to work on /home/airflow/.local/lib/python3.7/site-packages/airflow/example_dags/example_task_group.py
[2023-05-27T14:48:05.947+0000] {processor.py:756} INFO - Processing file /home/airflow/.local/lib/python3.7/site-packages/airflow/example_dags/example_task_group.py for tasks to queue
[2023-05-27T14:48:05.948+0000] {logging_mixin.py:120} INFO - [2023-05-27T14:48:05.948+0000] {dagbag.py:537} INFO - Filling up the DagBag from /home/airflow/.local/lib/python3.7/site-packages/airflow/example_dags/example_task_group.py
[2023-05-27T14:48:05.970+0000] {processor.py:766} INFO - DAG(s) dict_keys(['example_task_group']) retrieved from /home/airflow/.local/lib/python3.7/site-packages/airflow/example_dags/example_task_group.py
[2023-05-27T14:48:06.022+0000] {logging_mixin.py:120} INFO - [2023-05-27T14:48:06.022+0000] {dag.py:2585} INFO - Sync 1 DAGs
[2023-05-27T14:48:06.057+0000] {logging_mixin.py:120} INFO - [2023-05-27T14:48:06.057+0000] {dag.py:3340} INFO - Setting next_dagrun for example_task_group to 2023-05-26T14:48:06.056852+00:00, run_after=2023-05-27T14:48:06.056852+00:00
[2023-05-27T14:48:06.082+0000] {processor.py:176} INFO - Processing /home/airflow/.local/lib/python3.7/site-packages/airflow/example_dags/example_task_group.py took 0.141 seconds
[2023-05-27T14:48:36.798+0000] {processor.py:154} INFO - Started process (PID=1214) to work on /home/airflow/.local/lib/python3.7/site-packages/airflow/example_dags/example_task_group.py
[2023-05-27T14:48:36.802+0000] {processor.py:756} INFO - Processing file /home/airflow/.local/lib/python3.7/site-packages/airflow/example_dags/example_task_group.py for tasks to queue
[2023-05-27T14:48:36.807+0000] {logging_mixin.py:120} INFO - [2023-05-27T14:48:36.807+0000] {dagbag.py:537} INFO - Filling up the DagBag from /home/airflow/.local/lib/python3.7/site-packages/airflow/example_dags/example_task_group.py
[2023-05-27T14:48:36.855+0000] {processor.py:766} INFO - DAG(s) dict_keys(['example_task_group']) retrieved from /home/airflow/.local/lib/python3.7/site-packages/airflow/example_dags/example_task_group.py
[2023-05-27T14:48:36.932+0000] {logging_mixin.py:120} INFO - [2023-05-27T14:48:36.931+0000] {dag.py:2585} INFO - Sync 1 DAGs
[2023-05-27T14:48:36.964+0000] {logging_mixin.py:120} INFO - [2023-05-27T14:48:36.964+0000] {dag.py:3340} INFO - Setting next_dagrun for example_task_group to 2023-05-26T14:48:36.963880+00:00, run_after=2023-05-27T14:48:36.963880+00:00
[2023-05-27T14:48:37.009+0000] {processor.py:176} INFO - Processing /home/airflow/.local/lib/python3.7/site-packages/airflow/example_dags/example_task_group.py took 0.215 seconds
[2023-05-27T14:49:07.673+0000] {processor.py:154} INFO - Started process (PID=1268) to work on /home/airflow/.local/lib/python3.7/site-packages/airflow/example_dags/example_task_group.py
[2023-05-27T14:49:07.677+0000] {processor.py:756} INFO - Processing file /home/airflow/.local/lib/python3.7/site-packages/airflow/example_dags/example_task_group.py for tasks to queue
[2023-05-27T14:49:07.678+0000] {logging_mixin.py:120} INFO - [2023-05-27T14:49:07.678+0000] {dagbag.py:537} INFO - Filling up the DagBag from /home/airflow/.local/lib/python3.7/site-packages/airflow/example_dags/example_task_group.py
[2023-05-27T14:49:07.701+0000] {processor.py:766} INFO - DAG(s) dict_keys(['example_task_group']) retrieved from /home/airflow/.local/lib/python3.7/site-packages/airflow/example_dags/example_task_group.py
[2023-05-27T14:49:07.750+0000] {logging_mixin.py:120} INFO - [2023-05-27T14:49:07.750+0000] {dag.py:2585} INFO - Sync 1 DAGs
[2023-05-27T14:49:07.781+0000] {logging_mixin.py:120} INFO - [2023-05-27T14:49:07.781+0000] {dag.py:3340} INFO - Setting next_dagrun for example_task_group to 2023-05-26T14:49:07.781494+00:00, run_after=2023-05-27T14:49:07.781494+00:00
[2023-05-27T14:49:07.808+0000] {processor.py:176} INFO - Processing /home/airflow/.local/lib/python3.7/site-packages/airflow/example_dags/example_task_group.py took 0.139 seconds
[2023-05-27T14:49:38.389+0000] {processor.py:154} INFO - Started process (PID=1331) to work on /home/airflow/.local/lib/python3.7/site-packages/airflow/example_dags/example_task_group.py
[2023-05-27T14:49:38.391+0000] {processor.py:756} INFO - Processing file /home/airflow/.local/lib/python3.7/site-packages/airflow/example_dags/example_task_group.py for tasks to queue
[2023-05-27T14:49:38.392+0000] {logging_mixin.py:120} INFO - [2023-05-27T14:49:38.391+0000] {dagbag.py:537} INFO - Filling up the DagBag from /home/airflow/.local/lib/python3.7/site-packages/airflow/example_dags/example_task_group.py
[2023-05-27T14:49:38.414+0000] {processor.py:766} INFO - DAG(s) dict_keys(['example_task_group']) retrieved from /home/airflow/.local/lib/python3.7/site-packages/airflow/example_dags/example_task_group.py
[2023-05-27T14:49:38.464+0000] {logging_mixin.py:120} INFO - [2023-05-27T14:49:38.464+0000] {dag.py:2585} INFO - Sync 1 DAGs
[2023-05-27T14:49:38.497+0000] {logging_mixin.py:120} INFO - [2023-05-27T14:49:38.497+0000] {dag.py:3340} INFO - Setting next_dagrun for example_task_group to 2023-05-26T14:49:38.497486+00:00, run_after=2023-05-27T14:49:38.497486+00:00
[2023-05-27T14:49:38.521+0000] {processor.py:176} INFO - Processing /home/airflow/.local/lib/python3.7/site-packages/airflow/example_dags/example_task_group.py took 0.136 seconds
[2023-05-27T14:50:09.333+0000] {processor.py:154} INFO - Started process (PID=1387) to work on /home/airflow/.local/lib/python3.7/site-packages/airflow/example_dags/example_task_group.py
[2023-05-27T14:50:09.341+0000] {processor.py:756} INFO - Processing file /home/airflow/.local/lib/python3.7/site-packages/airflow/example_dags/example_task_group.py for tasks to queue
[2023-05-27T14:50:09.341+0000] {logging_mixin.py:120} INFO - [2023-05-27T14:50:09.341+0000] {dagbag.py:537} INFO - Filling up the DagBag from /home/airflow/.local/lib/python3.7/site-packages/airflow/example_dags/example_task_group.py
[2023-05-27T14:50:09.377+0000] {processor.py:766} INFO - DAG(s) dict_keys(['example_task_group']) retrieved from /home/airflow/.local/lib/python3.7/site-packages/airflow/example_dags/example_task_group.py
[2023-05-27T14:50:09.431+0000] {logging_mixin.py:120} INFO - [2023-05-27T14:50:09.431+0000] {dag.py:2585} INFO - Sync 1 DAGs
[2023-05-27T14:50:09.514+0000] {logging_mixin.py:120} INFO - [2023-05-27T14:50:09.514+0000] {dag.py:3340} INFO - Setting next_dagrun for example_task_group to 2023-05-26T14:50:09.514164+00:00, run_after=2023-05-27T14:50:09.514164+00:00
[2023-05-27T14:50:09.542+0000] {processor.py:176} INFO - Processing /home/airflow/.local/lib/python3.7/site-packages/airflow/example_dags/example_task_group.py took 0.213 seconds
[2023-05-27T14:50:39.679+0000] {processor.py:154} INFO - Started process (PID=1450) to work on /home/airflow/.local/lib/python3.7/site-packages/airflow/example_dags/example_task_group.py
[2023-05-27T14:50:39.682+0000] {processor.py:756} INFO - Processing file /home/airflow/.local/lib/python3.7/site-packages/airflow/example_dags/example_task_group.py for tasks to queue
[2023-05-27T14:50:39.683+0000] {logging_mixin.py:120} INFO - [2023-05-27T14:50:39.683+0000] {dagbag.py:537} INFO - Filling up the DagBag from /home/airflow/.local/lib/python3.7/site-packages/airflow/example_dags/example_task_group.py
[2023-05-27T14:50:39.705+0000] {processor.py:766} INFO - DAG(s) dict_keys(['example_task_group']) retrieved from /home/airflow/.local/lib/python3.7/site-packages/airflow/example_dags/example_task_group.py
[2023-05-27T14:50:39.756+0000] {logging_mixin.py:120} INFO - [2023-05-27T14:50:39.756+0000] {dag.py:2585} INFO - Sync 1 DAGs
[2023-05-27T14:50:39.788+0000] {logging_mixin.py:120} INFO - [2023-05-27T14:50:39.787+0000] {dag.py:3340} INFO - Setting next_dagrun for example_task_group to 2023-05-26T14:50:39.787580+00:00, run_after=2023-05-27T14:50:39.787580+00:00
[2023-05-27T14:50:39.810+0000] {processor.py:176} INFO - Processing /home/airflow/.local/lib/python3.7/site-packages/airflow/example_dags/example_task_group.py took 0.135 seconds
[2023-05-27T14:51:14.711+0000] {processor.py:154} INFO - Started process (PID=1504) to work on /home/airflow/.local/lib/python3.7/site-packages/airflow/example_dags/example_task_group.py
[2023-05-27T14:51:14.719+0000] {processor.py:756} INFO - Processing file /home/airflow/.local/lib/python3.7/site-packages/airflow/example_dags/example_task_group.py for tasks to queue
[2023-05-27T14:51:14.720+0000] {logging_mixin.py:120} INFO - [2023-05-27T14:51:14.720+0000] {dagbag.py:537} INFO - Filling up the DagBag from /home/airflow/.local/lib/python3.7/site-packages/airflow/example_dags/example_task_group.py
[2023-05-27T14:51:14.744+0000] {processor.py:766} INFO - DAG(s) dict_keys(['example_task_group']) retrieved from /home/airflow/.local/lib/python3.7/site-packages/airflow/example_dags/example_task_group.py
[2023-05-27T14:51:14.819+0000] {logging_mixin.py:120} INFO - [2023-05-27T14:51:14.819+0000] {dag.py:2585} INFO - Sync 1 DAGs
[2023-05-27T14:51:14.861+0000] {logging_mixin.py:120} INFO - [2023-05-27T14:51:14.860+0000] {dag.py:3340} INFO - Setting next_dagrun for example_task_group to 2023-05-26T14:51:14.860442+00:00, run_after=2023-05-27T14:51:14.860442+00:00
[2023-05-27T14:51:14.892+0000] {processor.py:176} INFO - Processing /home/airflow/.local/lib/python3.7/site-packages/airflow/example_dags/example_task_group.py took 0.189 seconds
[2023-05-27T14:51:45.034+0000] {processor.py:154} INFO - Started process (PID=1558) to work on /home/airflow/.local/lib/python3.7/site-packages/airflow/example_dags/example_task_group.py
[2023-05-27T14:51:45.036+0000] {processor.py:756} INFO - Processing file /home/airflow/.local/lib/python3.7/site-packages/airflow/example_dags/example_task_group.py for tasks to queue
[2023-05-27T14:51:45.037+0000] {logging_mixin.py:120} INFO - [2023-05-27T14:51:45.037+0000] {dagbag.py:537} INFO - Filling up the DagBag from /home/airflow/.local/lib/python3.7/site-packages/airflow/example_dags/example_task_group.py
[2023-05-27T14:51:45.071+0000] {processor.py:766} INFO - DAG(s) dict_keys(['example_task_group']) retrieved from /home/airflow/.local/lib/python3.7/site-packages/airflow/example_dags/example_task_group.py
[2023-05-27T14:51:45.122+0000] {logging_mixin.py:120} INFO - [2023-05-27T14:51:45.122+0000] {dag.py:2585} INFO - Sync 1 DAGs
[2023-05-27T14:51:45.155+0000] {logging_mixin.py:120} INFO - [2023-05-27T14:51:45.154+0000] {dag.py:3340} INFO - Setting next_dagrun for example_task_group to 2023-05-26T14:51:45.154320+00:00, run_after=2023-05-27T14:51:45.154320+00:00
[2023-05-27T14:51:45.180+0000] {processor.py:176} INFO - Processing /home/airflow/.local/lib/python3.7/site-packages/airflow/example_dags/example_task_group.py took 0.151 seconds
[2023-05-27T14:52:16.262+0000] {processor.py:154} INFO - Started process (PID=1621) to work on /home/airflow/.local/lib/python3.7/site-packages/airflow/example_dags/example_task_group.py
[2023-05-27T14:52:16.275+0000] {processor.py:756} INFO - Processing file /home/airflow/.local/lib/python3.7/site-packages/airflow/example_dags/example_task_group.py for tasks to queue
[2023-05-27T14:52:16.276+0000] {logging_mixin.py:120} INFO - [2023-05-27T14:52:16.276+0000] {dagbag.py:537} INFO - Filling up the DagBag from /home/airflow/.local/lib/python3.7/site-packages/airflow/example_dags/example_task_group.py
[2023-05-27T14:52:16.325+0000] {processor.py:766} INFO - DAG(s) dict_keys(['example_task_group']) retrieved from /home/airflow/.local/lib/python3.7/site-packages/airflow/example_dags/example_task_group.py
[2023-05-27T14:52:16.378+0000] {logging_mixin.py:120} INFO - [2023-05-27T14:52:16.378+0000] {dag.py:2585} INFO - Sync 1 DAGs
[2023-05-27T14:52:16.439+0000] {logging_mixin.py:120} INFO - [2023-05-27T14:52:16.438+0000] {dag.py:3340} INFO - Setting next_dagrun for example_task_group to 2023-05-26T14:52:16.438491+00:00, run_after=2023-05-27T14:52:16.438491+00:00
[2023-05-27T14:52:16.464+0000] {processor.py:176} INFO - Processing /home/airflow/.local/lib/python3.7/site-packages/airflow/example_dags/example_task_group.py took 0.210 seconds
[2023-05-27T14:52:46.995+0000] {processor.py:154} INFO - Started process (PID=1673) to work on /home/airflow/.local/lib/python3.7/site-packages/airflow/example_dags/example_task_group.py
[2023-05-27T14:52:47.000+0000] {processor.py:756} INFO - Processing file /home/airflow/.local/lib/python3.7/site-packages/airflow/example_dags/example_task_group.py for tasks to queue
[2023-05-27T14:52:47.001+0000] {logging_mixin.py:120} INFO - [2023-05-27T14:52:47.001+0000] {dagbag.py:537} INFO - Filling up the DagBag from /home/airflow/.local/lib/python3.7/site-packages/airflow/example_dags/example_task_group.py
[2023-05-27T14:52:47.035+0000] {processor.py:766} INFO - DAG(s) dict_keys(['example_task_group']) retrieved from /home/airflow/.local/lib/python3.7/site-packages/airflow/example_dags/example_task_group.py
[2023-05-27T14:52:47.230+0000] {logging_mixin.py:120} INFO - [2023-05-27T14:52:47.230+0000] {dag.py:2585} INFO - Sync 1 DAGs
[2023-05-27T14:52:47.333+0000] {logging_mixin.py:120} INFO - [2023-05-27T14:52:47.333+0000] {dag.py:3340} INFO - Setting next_dagrun for example_task_group to 2023-05-26T14:52:47.325304+00:00, run_after=2023-05-27T14:52:47.325304+00:00
[2023-05-27T14:52:47.405+0000] {processor.py:176} INFO - Processing /home/airflow/.local/lib/python3.7/site-packages/airflow/example_dags/example_task_group.py took 0.414 seconds
[2023-05-27T14:53:18.106+0000] {processor.py:154} INFO - Started process (PID=1727) to work on /home/airflow/.local/lib/python3.7/site-packages/airflow/example_dags/example_task_group.py
[2023-05-27T14:53:18.110+0000] {processor.py:756} INFO - Processing file /home/airflow/.local/lib/python3.7/site-packages/airflow/example_dags/example_task_group.py for tasks to queue
[2023-05-27T14:53:18.110+0000] {logging_mixin.py:120} INFO - [2023-05-27T14:53:18.110+0000] {dagbag.py:537} INFO - Filling up the DagBag from /home/airflow/.local/lib/python3.7/site-packages/airflow/example_dags/example_task_group.py
[2023-05-27T14:53:18.143+0000] {processor.py:766} INFO - DAG(s) dict_keys(['example_task_group']) retrieved from /home/airflow/.local/lib/python3.7/site-packages/airflow/example_dags/example_task_group.py
[2023-05-27T14:53:18.221+0000] {logging_mixin.py:120} INFO - [2023-05-27T14:53:18.221+0000] {dag.py:2585} INFO - Sync 1 DAGs
[2023-05-27T14:53:18.252+0000] {logging_mixin.py:120} INFO - [2023-05-27T14:53:18.252+0000] {dag.py:3340} INFO - Setting next_dagrun for example_task_group to 2023-05-26T14:53:18.251924+00:00, run_after=2023-05-27T14:53:18.251924+00:00
[2023-05-27T14:53:18.282+0000] {processor.py:176} INFO - Processing /home/airflow/.local/lib/python3.7/site-packages/airflow/example_dags/example_task_group.py took 0.181 seconds
