[2023-05-27T14:38:15.499+0000] {processor.py:154} INFO - Started process (PID=42) to work on /home/airflow/.local/lib/python3.7/site-packages/airflow/example_dags/example_latest_only_with_trigger.py
[2023-05-27T14:38:15.500+0000] {processor.py:756} INFO - Processing file /home/airflow/.local/lib/python3.7/site-packages/airflow/example_dags/example_latest_only_with_trigger.py for tasks to queue
[2023-05-27T14:38:15.501+0000] {logging_mixin.py:120} INFO - [2023-05-27T14:38:15.501+0000] {dagbag.py:537} INFO - Filling up the DagBag from /home/airflow/.local/lib/python3.7/site-packages/airflow/example_dags/example_latest_only_with_trigger.py
[2023-05-27T14:38:15.663+0000] {processor.py:766} INFO - DAG(s) dict_keys(['latest_only_with_trigger']) retrieved from /home/airflow/.local/lib/python3.7/site-packages/airflow/example_dags/example_latest_only_with_trigger.py
[2023-05-27T14:38:16.983+0000] {logging_mixin.py:120} INFO - [2023-05-27T14:38:16.975+0000] {manager.py:507} INFO - Created Permission View: can read on DAG:latest_only_with_trigger
[2023-05-27T14:38:17.156+0000] {logging_mixin.py:120} INFO - [2023-05-27T14:38:17.156+0000] {manager.py:507} INFO - Created Permission View: can edit on DAG:latest_only_with_trigger
[2023-05-27T14:38:17.202+0000] {logging_mixin.py:120} INFO - [2023-05-27T14:38:17.201+0000] {manager.py:507} INFO - Created Permission View: can delete on DAG:latest_only_with_trigger
[2023-05-27T14:38:17.202+0000] {logging_mixin.py:120} INFO - [2023-05-27T14:38:17.202+0000] {dag.py:2585} INFO - Sync 1 DAGs
[2023-05-27T14:38:17.318+0000] {logging_mixin.py:120} INFO - [2023-05-27T14:38:17.318+0000] {dag.py:2606} INFO - Creating ORM DAG for latest_only_with_trigger
[2023-05-27T14:38:17.358+0000] {logging_mixin.py:120} INFO - [2023-05-27T14:38:17.358+0000] {dag.py:3340} INFO - Setting next_dagrun for latest_only_with_trigger to 2023-05-27T10:38:17.358068+00:00, run_after=2023-05-27T14:38:17.358068+00:00
[2023-05-27T14:38:17.425+0000] {processor.py:176} INFO - Processing /home/airflow/.local/lib/python3.7/site-packages/airflow/example_dags/example_latest_only_with_trigger.py took 1.957 seconds
[2023-05-27T14:38:48.130+0000] {processor.py:154} INFO - Started process (PID=96) to work on /home/airflow/.local/lib/python3.7/site-packages/airflow/example_dags/example_latest_only_with_trigger.py
[2023-05-27T14:38:48.131+0000] {processor.py:756} INFO - Processing file /home/airflow/.local/lib/python3.7/site-packages/airflow/example_dags/example_latest_only_with_trigger.py for tasks to queue
[2023-05-27T14:38:48.132+0000] {logging_mixin.py:120} INFO - [2023-05-27T14:38:48.132+0000] {dagbag.py:537} INFO - Filling up the DagBag from /home/airflow/.local/lib/python3.7/site-packages/airflow/example_dags/example_latest_only_with_trigger.py
[2023-05-27T14:38:48.152+0000] {processor.py:766} INFO - DAG(s) dict_keys(['latest_only_with_trigger']) retrieved from /home/airflow/.local/lib/python3.7/site-packages/airflow/example_dags/example_latest_only_with_trigger.py
[2023-05-27T14:38:48.208+0000] {logging_mixin.py:120} INFO - [2023-05-27T14:38:48.208+0000] {dag.py:2585} INFO - Sync 1 DAGs
[2023-05-27T14:38:48.258+0000] {logging_mixin.py:120} INFO - [2023-05-27T14:38:48.258+0000] {dag.py:3340} INFO - Setting next_dagrun for latest_only_with_trigger to 2023-05-27T10:38:48.258179+00:00, run_after=2023-05-27T14:38:48.258179+00:00
[2023-05-27T14:38:48.282+0000] {processor.py:176} INFO - Processing /home/airflow/.local/lib/python3.7/site-packages/airflow/example_dags/example_latest_only_with_trigger.py took 0.156 seconds
[2023-05-27T14:39:18.768+0000] {processor.py:154} INFO - Started process (PID=161) to work on /home/airflow/.local/lib/python3.7/site-packages/airflow/example_dags/example_latest_only_with_trigger.py
[2023-05-27T14:39:18.776+0000] {processor.py:756} INFO - Processing file /home/airflow/.local/lib/python3.7/site-packages/airflow/example_dags/example_latest_only_with_trigger.py for tasks to queue
[2023-05-27T14:39:18.777+0000] {logging_mixin.py:120} INFO - [2023-05-27T14:39:18.777+0000] {dagbag.py:537} INFO - Filling up the DagBag from /home/airflow/.local/lib/python3.7/site-packages/airflow/example_dags/example_latest_only_with_trigger.py
[2023-05-27T14:39:18.881+0000] {processor.py:766} INFO - DAG(s) dict_keys(['latest_only_with_trigger']) retrieved from /home/airflow/.local/lib/python3.7/site-packages/airflow/example_dags/example_latest_only_with_trigger.py
[2023-05-27T14:39:19.277+0000] {logging_mixin.py:120} INFO - [2023-05-27T14:39:19.277+0000] {dag.py:2585} INFO - Sync 1 DAGs
[2023-05-27T14:39:19.346+0000] {logging_mixin.py:120} INFO - [2023-05-27T14:39:19.346+0000] {dag.py:3340} INFO - Setting next_dagrun for latest_only_with_trigger to 2023-05-27T10:39:19.337142+00:00, run_after=2023-05-27T14:39:19.337142+00:00
[2023-05-27T14:39:19.401+0000] {processor.py:176} INFO - Processing /home/airflow/.local/lib/python3.7/site-packages/airflow/example_dags/example_latest_only_with_trigger.py took 0.652 seconds
[2023-05-27T14:39:50.142+0000] {processor.py:154} INFO - Started process (PID=214) to work on /home/airflow/.local/lib/python3.7/site-packages/airflow/example_dags/example_latest_only_with_trigger.py
[2023-05-27T14:39:50.144+0000] {processor.py:756} INFO - Processing file /home/airflow/.local/lib/python3.7/site-packages/airflow/example_dags/example_latest_only_with_trigger.py for tasks to queue
[2023-05-27T14:39:50.145+0000] {logging_mixin.py:120} INFO - [2023-05-27T14:39:50.145+0000] {dagbag.py:537} INFO - Filling up the DagBag from /home/airflow/.local/lib/python3.7/site-packages/airflow/example_dags/example_latest_only_with_trigger.py
[2023-05-27T14:39:50.165+0000] {processor.py:766} INFO - DAG(s) dict_keys(['latest_only_with_trigger']) retrieved from /home/airflow/.local/lib/python3.7/site-packages/airflow/example_dags/example_latest_only_with_trigger.py
[2023-05-27T14:39:50.215+0000] {logging_mixin.py:120} INFO - [2023-05-27T14:39:50.214+0000] {dag.py:2585} INFO - Sync 1 DAGs
[2023-05-27T14:39:50.246+0000] {logging_mixin.py:120} INFO - [2023-05-27T14:39:50.246+0000] {dag.py:3340} INFO - Setting next_dagrun for latest_only_with_trigger to 2023-05-27T10:39:50.246438+00:00, run_after=2023-05-27T14:39:50.246438+00:00
[2023-05-27T14:39:50.271+0000] {processor.py:176} INFO - Processing /home/airflow/.local/lib/python3.7/site-packages/airflow/example_dags/example_latest_only_with_trigger.py took 0.134 seconds
[2023-05-27T14:40:20.617+0000] {processor.py:154} INFO - Started process (PID=277) to work on /home/airflow/.local/lib/python3.7/site-packages/airflow/example_dags/example_latest_only_with_trigger.py
[2023-05-27T14:40:20.619+0000] {processor.py:756} INFO - Processing file /home/airflow/.local/lib/python3.7/site-packages/airflow/example_dags/example_latest_only_with_trigger.py for tasks to queue
[2023-05-27T14:40:20.620+0000] {logging_mixin.py:120} INFO - [2023-05-27T14:40:20.619+0000] {dagbag.py:537} INFO - Filling up the DagBag from /home/airflow/.local/lib/python3.7/site-packages/airflow/example_dags/example_latest_only_with_trigger.py
[2023-05-27T14:40:20.671+0000] {processor.py:766} INFO - DAG(s) dict_keys(['latest_only_with_trigger']) retrieved from /home/airflow/.local/lib/python3.7/site-packages/airflow/example_dags/example_latest_only_with_trigger.py
[2023-05-27T14:40:20.749+0000] {logging_mixin.py:120} INFO - [2023-05-27T14:40:20.749+0000] {dag.py:2585} INFO - Sync 1 DAGs
[2023-05-27T14:40:20.782+0000] {logging_mixin.py:120} INFO - [2023-05-27T14:40:20.781+0000] {dag.py:3340} INFO - Setting next_dagrun for latest_only_with_trigger to 2023-05-27T10:40:20.781630+00:00, run_after=2023-05-27T14:40:20.781630+00:00
[2023-05-27T14:40:20.804+0000] {processor.py:176} INFO - Processing /home/airflow/.local/lib/python3.7/site-packages/airflow/example_dags/example_latest_only_with_trigger.py took 0.190 seconds
[2023-05-27T14:40:51.248+0000] {processor.py:154} INFO - Started process (PID=332) to work on /home/airflow/.local/lib/python3.7/site-packages/airflow/example_dags/example_latest_only_with_trigger.py
[2023-05-27T14:40:51.249+0000] {processor.py:756} INFO - Processing file /home/airflow/.local/lib/python3.7/site-packages/airflow/example_dags/example_latest_only_with_trigger.py for tasks to queue
[2023-05-27T14:40:51.250+0000] {logging_mixin.py:120} INFO - [2023-05-27T14:40:51.250+0000] {dagbag.py:537} INFO - Filling up the DagBag from /home/airflow/.local/lib/python3.7/site-packages/airflow/example_dags/example_latest_only_with_trigger.py
[2023-05-27T14:40:51.271+0000] {processor.py:766} INFO - DAG(s) dict_keys(['latest_only_with_trigger']) retrieved from /home/airflow/.local/lib/python3.7/site-packages/airflow/example_dags/example_latest_only_with_trigger.py
[2023-05-27T14:40:51.324+0000] {logging_mixin.py:120} INFO - [2023-05-27T14:40:51.323+0000] {dag.py:2585} INFO - Sync 1 DAGs
[2023-05-27T14:40:51.355+0000] {logging_mixin.py:120} INFO - [2023-05-27T14:40:51.355+0000] {dag.py:3340} INFO - Setting next_dagrun for latest_only_with_trigger to 2023-05-27T10:40:51.354907+00:00, run_after=2023-05-27T14:40:51.354907+00:00
[2023-05-27T14:40:51.389+0000] {processor.py:176} INFO - Processing /home/airflow/.local/lib/python3.7/site-packages/airflow/example_dags/example_latest_only_with_trigger.py took 0.144 seconds
[2023-05-27T14:41:22.004+0000] {processor.py:154} INFO - Started process (PID=395) to work on /home/airflow/.local/lib/python3.7/site-packages/airflow/example_dags/example_latest_only_with_trigger.py
[2023-05-27T14:41:22.006+0000] {processor.py:756} INFO - Processing file /home/airflow/.local/lib/python3.7/site-packages/airflow/example_dags/example_latest_only_with_trigger.py for tasks to queue
[2023-05-27T14:41:22.007+0000] {logging_mixin.py:120} INFO - [2023-05-27T14:41:22.007+0000] {dagbag.py:537} INFO - Filling up the DagBag from /home/airflow/.local/lib/python3.7/site-packages/airflow/example_dags/example_latest_only_with_trigger.py
[2023-05-27T14:41:22.091+0000] {processor.py:766} INFO - DAG(s) dict_keys(['latest_only_with_trigger']) retrieved from /home/airflow/.local/lib/python3.7/site-packages/airflow/example_dags/example_latest_only_with_trigger.py
[2023-05-27T14:41:22.251+0000] {logging_mixin.py:120} INFO - [2023-05-27T14:41:22.251+0000] {dag.py:2585} INFO - Sync 1 DAGs
[2023-05-27T14:41:22.348+0000] {logging_mixin.py:120} INFO - [2023-05-27T14:41:22.347+0000] {dag.py:3340} INFO - Setting next_dagrun for latest_only_with_trigger to 2023-05-27T10:41:22.338437+00:00, run_after=2023-05-27T14:41:22.338437+00:00
[2023-05-27T14:41:22.385+0000] {processor.py:176} INFO - Processing /home/airflow/.local/lib/python3.7/site-packages/airflow/example_dags/example_latest_only_with_trigger.py took 0.384 seconds
[2023-05-27T14:41:52.686+0000] {processor.py:154} INFO - Started process (PID=450) to work on /home/airflow/.local/lib/python3.7/site-packages/airflow/example_dags/example_latest_only_with_trigger.py
[2023-05-27T14:41:52.692+0000] {processor.py:756} INFO - Processing file /home/airflow/.local/lib/python3.7/site-packages/airflow/example_dags/example_latest_only_with_trigger.py for tasks to queue
[2023-05-27T14:41:52.692+0000] {logging_mixin.py:120} INFO - [2023-05-27T14:41:52.692+0000] {dagbag.py:537} INFO - Filling up the DagBag from /home/airflow/.local/lib/python3.7/site-packages/airflow/example_dags/example_latest_only_with_trigger.py
[2023-05-27T14:41:52.749+0000] {processor.py:766} INFO - DAG(s) dict_keys(['latest_only_with_trigger']) retrieved from /home/airflow/.local/lib/python3.7/site-packages/airflow/example_dags/example_latest_only_with_trigger.py
[2023-05-27T14:41:52.852+0000] {logging_mixin.py:120} INFO - [2023-05-27T14:41:52.852+0000] {dag.py:2585} INFO - Sync 1 DAGs
[2023-05-27T14:41:52.950+0000] {logging_mixin.py:120} INFO - [2023-05-27T14:41:52.950+0000] {dag.py:3340} INFO - Setting next_dagrun for latest_only_with_trigger to 2023-05-27T10:41:52.949777+00:00, run_after=2023-05-27T14:41:52.949777+00:00
[2023-05-27T14:41:53.019+0000] {processor.py:176} INFO - Processing /home/airflow/.local/lib/python3.7/site-packages/airflow/example_dags/example_latest_only_with_trigger.py took 0.336 seconds
[2023-05-27T14:42:23.096+0000] {processor.py:154} INFO - Started process (PID=504) to work on /home/airflow/.local/lib/python3.7/site-packages/airflow/example_dags/example_latest_only_with_trigger.py
[2023-05-27T14:42:23.098+0000] {processor.py:756} INFO - Processing file /home/airflow/.local/lib/python3.7/site-packages/airflow/example_dags/example_latest_only_with_trigger.py for tasks to queue
[2023-05-27T14:42:23.098+0000] {logging_mixin.py:120} INFO - [2023-05-27T14:42:23.098+0000] {dagbag.py:537} INFO - Filling up the DagBag from /home/airflow/.local/lib/python3.7/site-packages/airflow/example_dags/example_latest_only_with_trigger.py
[2023-05-27T14:42:23.177+0000] {processor.py:766} INFO - DAG(s) dict_keys(['latest_only_with_trigger']) retrieved from /home/airflow/.local/lib/python3.7/site-packages/airflow/example_dags/example_latest_only_with_trigger.py
[2023-05-27T14:42:23.251+0000] {logging_mixin.py:120} INFO - [2023-05-27T14:42:23.251+0000] {dag.py:2585} INFO - Sync 1 DAGs
[2023-05-27T14:42:23.308+0000] {logging_mixin.py:120} INFO - [2023-05-27T14:42:23.308+0000] {dag.py:3340} INFO - Setting next_dagrun for latest_only_with_trigger to 2023-05-27T10:42:23.307886+00:00, run_after=2023-05-27T14:42:23.307886+00:00
[2023-05-27T14:42:23.334+0000] {processor.py:176} INFO - Processing /home/airflow/.local/lib/python3.7/site-packages/airflow/example_dags/example_latest_only_with_trigger.py took 0.243 seconds
[2023-05-27T14:42:53.629+0000] {processor.py:154} INFO - Started process (PID=568) to work on /home/airflow/.local/lib/python3.7/site-packages/airflow/example_dags/example_latest_only_with_trigger.py
[2023-05-27T14:42:53.631+0000] {processor.py:756} INFO - Processing file /home/airflow/.local/lib/python3.7/site-packages/airflow/example_dags/example_latest_only_with_trigger.py for tasks to queue
[2023-05-27T14:42:53.631+0000] {logging_mixin.py:120} INFO - [2023-05-27T14:42:53.631+0000] {dagbag.py:537} INFO - Filling up the DagBag from /home/airflow/.local/lib/python3.7/site-packages/airflow/example_dags/example_latest_only_with_trigger.py
[2023-05-27T14:42:53.663+0000] {processor.py:766} INFO - DAG(s) dict_keys(['latest_only_with_trigger']) retrieved from /home/airflow/.local/lib/python3.7/site-packages/airflow/example_dags/example_latest_only_with_trigger.py
[2023-05-27T14:42:53.728+0000] {logging_mixin.py:120} INFO - [2023-05-27T14:42:53.728+0000] {dag.py:2585} INFO - Sync 1 DAGs
[2023-05-27T14:42:53.760+0000] {logging_mixin.py:120} INFO - [2023-05-27T14:42:53.759+0000] {dag.py:3340} INFO - Setting next_dagrun for latest_only_with_trigger to 2023-05-27T10:42:53.759563+00:00, run_after=2023-05-27T14:42:53.759563+00:00
[2023-05-27T14:42:53.781+0000] {processor.py:176} INFO - Processing /home/airflow/.local/lib/python3.7/site-packages/airflow/example_dags/example_latest_only_with_trigger.py took 0.156 seconds
[2023-05-27T14:43:24.415+0000] {processor.py:154} INFO - Started process (PID=622) to work on /home/airflow/.local/lib/python3.7/site-packages/airflow/example_dags/example_latest_only_with_trigger.py
[2023-05-27T14:43:24.416+0000] {processor.py:756} INFO - Processing file /home/airflow/.local/lib/python3.7/site-packages/airflow/example_dags/example_latest_only_with_trigger.py for tasks to queue
[2023-05-27T14:43:24.417+0000] {logging_mixin.py:120} INFO - [2023-05-27T14:43:24.417+0000] {dagbag.py:537} INFO - Filling up the DagBag from /home/airflow/.local/lib/python3.7/site-packages/airflow/example_dags/example_latest_only_with_trigger.py
[2023-05-27T14:43:24.436+0000] {processor.py:766} INFO - DAG(s) dict_keys(['latest_only_with_trigger']) retrieved from /home/airflow/.local/lib/python3.7/site-packages/airflow/example_dags/example_latest_only_with_trigger.py
[2023-05-27T14:43:24.484+0000] {logging_mixin.py:120} INFO - [2023-05-27T14:43:24.484+0000] {dag.py:2585} INFO - Sync 1 DAGs
[2023-05-27T14:43:24.516+0000] {logging_mixin.py:120} INFO - [2023-05-27T14:43:24.516+0000] {dag.py:3340} INFO - Setting next_dagrun for latest_only_with_trigger to 2023-05-27T10:43:24.516255+00:00, run_after=2023-05-27T14:43:24.516255+00:00
[2023-05-27T14:43:24.538+0000] {processor.py:176} INFO - Processing /home/airflow/.local/lib/python3.7/site-packages/airflow/example_dags/example_latest_only_with_trigger.py took 0.127 seconds
[2023-05-27T14:43:54.953+0000] {processor.py:154} INFO - Started process (PID=685) to work on /home/airflow/.local/lib/python3.7/site-packages/airflow/example_dags/example_latest_only_with_trigger.py
[2023-05-27T14:43:54.955+0000] {processor.py:756} INFO - Processing file /home/airflow/.local/lib/python3.7/site-packages/airflow/example_dags/example_latest_only_with_trigger.py for tasks to queue
[2023-05-27T14:43:54.956+0000] {logging_mixin.py:120} INFO - [2023-05-27T14:43:54.956+0000] {dagbag.py:537} INFO - Filling up the DagBag from /home/airflow/.local/lib/python3.7/site-packages/airflow/example_dags/example_latest_only_with_trigger.py
[2023-05-27T14:43:55.041+0000] {processor.py:766} INFO - DAG(s) dict_keys(['latest_only_with_trigger']) retrieved from /home/airflow/.local/lib/python3.7/site-packages/airflow/example_dags/example_latest_only_with_trigger.py
[2023-05-27T14:43:55.146+0000] {logging_mixin.py:120} INFO - [2023-05-27T14:43:55.145+0000] {dag.py:2585} INFO - Sync 1 DAGs
[2023-05-27T14:43:55.178+0000] {logging_mixin.py:120} INFO - [2023-05-27T14:43:55.178+0000] {dag.py:3340} INFO - Setting next_dagrun for latest_only_with_trigger to 2023-05-27T10:43:55.178383+00:00, run_after=2023-05-27T14:43:55.178383+00:00
[2023-05-27T14:43:55.202+0000] {processor.py:176} INFO - Processing /home/airflow/.local/lib/python3.7/site-packages/airflow/example_dags/example_latest_only_with_trigger.py took 0.252 seconds
[2023-05-27T14:44:25.438+0000] {processor.py:154} INFO - Started process (PID=738) to work on /home/airflow/.local/lib/python3.7/site-packages/airflow/example_dags/example_latest_only_with_trigger.py
[2023-05-27T14:44:25.441+0000] {processor.py:756} INFO - Processing file /home/airflow/.local/lib/python3.7/site-packages/airflow/example_dags/example_latest_only_with_trigger.py for tasks to queue
[2023-05-27T14:44:25.441+0000] {logging_mixin.py:120} INFO - [2023-05-27T14:44:25.441+0000] {dagbag.py:537} INFO - Filling up the DagBag from /home/airflow/.local/lib/python3.7/site-packages/airflow/example_dags/example_latest_only_with_trigger.py
[2023-05-27T14:44:25.498+0000] {processor.py:766} INFO - DAG(s) dict_keys(['latest_only_with_trigger']) retrieved from /home/airflow/.local/lib/python3.7/site-packages/airflow/example_dags/example_latest_only_with_trigger.py
[2023-05-27T14:44:25.581+0000] {logging_mixin.py:120} INFO - [2023-05-27T14:44:25.581+0000] {dag.py:2585} INFO - Sync 1 DAGs
[2023-05-27T14:44:25.612+0000] {logging_mixin.py:120} INFO - [2023-05-27T14:44:25.611+0000] {dag.py:3340} INFO - Setting next_dagrun for latest_only_with_trigger to 2023-05-27T10:44:25.611558+00:00, run_after=2023-05-27T14:44:25.611558+00:00
[2023-05-27T14:44:25.644+0000] {processor.py:176} INFO - Processing /home/airflow/.local/lib/python3.7/site-packages/airflow/example_dags/example_latest_only_with_trigger.py took 0.210 seconds
[2023-05-27T14:44:55.708+0000] {processor.py:154} INFO - Started process (PID=799) to work on /home/airflow/.local/lib/python3.7/site-packages/airflow/example_dags/example_latest_only_with_trigger.py
[2023-05-27T14:44:55.710+0000] {processor.py:756} INFO - Processing file /home/airflow/.local/lib/python3.7/site-packages/airflow/example_dags/example_latest_only_with_trigger.py for tasks to queue
[2023-05-27T14:44:55.713+0000] {logging_mixin.py:120} INFO - [2023-05-27T14:44:55.713+0000] {dagbag.py:537} INFO - Filling up the DagBag from /home/airflow/.local/lib/python3.7/site-packages/airflow/example_dags/example_latest_only_with_trigger.py
[2023-05-27T14:44:55.751+0000] {processor.py:766} INFO - DAG(s) dict_keys(['latest_only_with_trigger']) retrieved from /home/airflow/.local/lib/python3.7/site-packages/airflow/example_dags/example_latest_only_with_trigger.py
[2023-05-27T14:44:55.836+0000] {logging_mixin.py:120} INFO - [2023-05-27T14:44:55.836+0000] {dag.py:2585} INFO - Sync 1 DAGs
[2023-05-27T14:44:55.883+0000] {logging_mixin.py:120} INFO - [2023-05-27T14:44:55.882+0000] {dag.py:3340} INFO - Setting next_dagrun for latest_only_with_trigger to 2023-05-27T10:44:55.882609+00:00, run_after=2023-05-27T14:44:55.882609+00:00
[2023-05-27T14:44:55.922+0000] {processor.py:176} INFO - Processing /home/airflow/.local/lib/python3.7/site-packages/airflow/example_dags/example_latest_only_with_trigger.py took 0.218 seconds
[2023-05-27T14:45:25.972+0000] {processor.py:154} INFO - Started process (PID=854) to work on /home/airflow/.local/lib/python3.7/site-packages/airflow/example_dags/example_latest_only_with_trigger.py
[2023-05-27T14:45:25.975+0000] {processor.py:756} INFO - Processing file /home/airflow/.local/lib/python3.7/site-packages/airflow/example_dags/example_latest_only_with_trigger.py for tasks to queue
[2023-05-27T14:45:25.975+0000] {logging_mixin.py:120} INFO - [2023-05-27T14:45:25.975+0000] {dagbag.py:537} INFO - Filling up the DagBag from /home/airflow/.local/lib/python3.7/site-packages/airflow/example_dags/example_latest_only_with_trigger.py
[2023-05-27T14:45:26.072+0000] {processor.py:766} INFO - DAG(s) dict_keys(['latest_only_with_trigger']) retrieved from /home/airflow/.local/lib/python3.7/site-packages/airflow/example_dags/example_latest_only_with_trigger.py
[2023-05-27T14:45:26.216+0000] {logging_mixin.py:120} INFO - [2023-05-27T14:45:26.216+0000] {dag.py:2585} INFO - Sync 1 DAGs
[2023-05-27T14:45:26.275+0000] {logging_mixin.py:120} INFO - [2023-05-27T14:45:26.275+0000] {dag.py:3340} INFO - Setting next_dagrun for latest_only_with_trigger to 2023-05-27T10:45:26.274803+00:00, run_after=2023-05-27T14:45:26.274803+00:00
[2023-05-27T14:45:26.310+0000] {processor.py:176} INFO - Processing /home/airflow/.local/lib/python3.7/site-packages/airflow/example_dags/example_latest_only_with_trigger.py took 0.342 seconds
[2023-05-27T14:45:57.217+0000] {processor.py:154} INFO - Started process (PID=908) to work on /home/airflow/.local/lib/python3.7/site-packages/airflow/example_dags/example_latest_only_with_trigger.py
[2023-05-27T14:45:57.222+0000] {processor.py:756} INFO - Processing file /home/airflow/.local/lib/python3.7/site-packages/airflow/example_dags/example_latest_only_with_trigger.py for tasks to queue
[2023-05-27T14:45:57.223+0000] {logging_mixin.py:120} INFO - [2023-05-27T14:45:57.223+0000] {dagbag.py:537} INFO - Filling up the DagBag from /home/airflow/.local/lib/python3.7/site-packages/airflow/example_dags/example_latest_only_with_trigger.py
[2023-05-27T14:45:57.280+0000] {processor.py:766} INFO - DAG(s) dict_keys(['latest_only_with_trigger']) retrieved from /home/airflow/.local/lib/python3.7/site-packages/airflow/example_dags/example_latest_only_with_trigger.py
[2023-05-27T14:45:57.366+0000] {logging_mixin.py:120} INFO - [2023-05-27T14:45:57.366+0000] {dag.py:2585} INFO - Sync 1 DAGs
[2023-05-27T14:45:57.406+0000] {logging_mixin.py:120} INFO - [2023-05-27T14:45:57.406+0000] {dag.py:3340} INFO - Setting next_dagrun for latest_only_with_trigger to 2023-05-27T10:45:57.404682+00:00, run_after=2023-05-27T14:45:57.404682+00:00
[2023-05-27T14:45:57.428+0000] {processor.py:176} INFO - Processing /home/airflow/.local/lib/python3.7/site-packages/airflow/example_dags/example_latest_only_with_trigger.py took 0.216 seconds
[2023-05-27T14:46:28.085+0000] {processor.py:154} INFO - Started process (PID=971) to work on /home/airflow/.local/lib/python3.7/site-packages/airflow/example_dags/example_latest_only_with_trigger.py
[2023-05-27T14:46:28.087+0000] {processor.py:756} INFO - Processing file /home/airflow/.local/lib/python3.7/site-packages/airflow/example_dags/example_latest_only_with_trigger.py for tasks to queue
[2023-05-27T14:46:28.088+0000] {logging_mixin.py:120} INFO - [2023-05-27T14:46:28.088+0000] {dagbag.py:537} INFO - Filling up the DagBag from /home/airflow/.local/lib/python3.7/site-packages/airflow/example_dags/example_latest_only_with_trigger.py
[2023-05-27T14:46:28.116+0000] {processor.py:766} INFO - DAG(s) dict_keys(['latest_only_with_trigger']) retrieved from /home/airflow/.local/lib/python3.7/site-packages/airflow/example_dags/example_latest_only_with_trigger.py
[2023-05-27T14:46:28.164+0000] {logging_mixin.py:120} INFO - [2023-05-27T14:46:28.164+0000] {dag.py:2585} INFO - Sync 1 DAGs
[2023-05-27T14:46:28.195+0000] {logging_mixin.py:120} INFO - [2023-05-27T14:46:28.195+0000] {dag.py:3340} INFO - Setting next_dagrun for latest_only_with_trigger to 2023-05-27T10:46:28.195106+00:00, run_after=2023-05-27T14:46:28.195106+00:00
[2023-05-27T14:46:28.217+0000] {processor.py:176} INFO - Processing /home/airflow/.local/lib/python3.7/site-packages/airflow/example_dags/example_latest_only_with_trigger.py took 0.136 seconds
[2023-05-27T14:46:58.467+0000] {processor.py:154} INFO - Started process (PID=1025) to work on /home/airflow/.local/lib/python3.7/site-packages/airflow/example_dags/example_latest_only_with_trigger.py
[2023-05-27T14:46:58.469+0000] {processor.py:756} INFO - Processing file /home/airflow/.local/lib/python3.7/site-packages/airflow/example_dags/example_latest_only_with_trigger.py for tasks to queue
[2023-05-27T14:46:58.470+0000] {logging_mixin.py:120} INFO - [2023-05-27T14:46:58.470+0000] {dagbag.py:537} INFO - Filling up the DagBag from /home/airflow/.local/lib/python3.7/site-packages/airflow/example_dags/example_latest_only_with_trigger.py
[2023-05-27T14:46:58.490+0000] {processor.py:766} INFO - DAG(s) dict_keys(['latest_only_with_trigger']) retrieved from /home/airflow/.local/lib/python3.7/site-packages/airflow/example_dags/example_latest_only_with_trigger.py
[2023-05-27T14:46:58.541+0000] {logging_mixin.py:120} INFO - [2023-05-27T14:46:58.541+0000] {dag.py:2585} INFO - Sync 1 DAGs
[2023-05-27T14:46:58.573+0000] {logging_mixin.py:120} INFO - [2023-05-27T14:46:58.573+0000] {dag.py:3340} INFO - Setting next_dagrun for latest_only_with_trigger to 2023-05-27T10:46:58.572829+00:00, run_after=2023-05-27T14:46:58.572829+00:00
[2023-05-27T14:46:58.603+0000] {processor.py:176} INFO - Processing /home/airflow/.local/lib/python3.7/site-packages/airflow/example_dags/example_latest_only_with_trigger.py took 0.140 seconds
[2023-05-27T14:47:29.365+0000] {processor.py:154} INFO - Started process (PID=1089) to work on /home/airflow/.local/lib/python3.7/site-packages/airflow/example_dags/example_latest_only_with_trigger.py
[2023-05-27T14:47:29.368+0000] {processor.py:756} INFO - Processing file /home/airflow/.local/lib/python3.7/site-packages/airflow/example_dags/example_latest_only_with_trigger.py for tasks to queue
[2023-05-27T14:47:29.369+0000] {logging_mixin.py:120} INFO - [2023-05-27T14:47:29.369+0000] {dagbag.py:537} INFO - Filling up the DagBag from /home/airflow/.local/lib/python3.7/site-packages/airflow/example_dags/example_latest_only_with_trigger.py
[2023-05-27T14:47:29.434+0000] {processor.py:766} INFO - DAG(s) dict_keys(['latest_only_with_trigger']) retrieved from /home/airflow/.local/lib/python3.7/site-packages/airflow/example_dags/example_latest_only_with_trigger.py
[2023-05-27T14:47:29.567+0000] {logging_mixin.py:120} INFO - [2023-05-27T14:47:29.567+0000] {dag.py:2585} INFO - Sync 1 DAGs
[2023-05-27T14:47:29.622+0000] {logging_mixin.py:120} INFO - [2023-05-27T14:47:29.621+0000] {dag.py:3340} INFO - Setting next_dagrun for latest_only_with_trigger to 2023-05-27T10:47:29.620338+00:00, run_after=2023-05-27T14:47:29.620338+00:00
[2023-05-27T14:47:29.670+0000] {processor.py:176} INFO - Processing /home/airflow/.local/lib/python3.7/site-packages/airflow/example_dags/example_latest_only_with_trigger.py took 0.309 seconds
[2023-05-27T14:47:59.995+0000] {processor.py:154} INFO - Started process (PID=1143) to work on /home/airflow/.local/lib/python3.7/site-packages/airflow/example_dags/example_latest_only_with_trigger.py
[2023-05-27T14:47:59.999+0000] {processor.py:756} INFO - Processing file /home/airflow/.local/lib/python3.7/site-packages/airflow/example_dags/example_latest_only_with_trigger.py for tasks to queue
[2023-05-27T14:48:00.000+0000] {logging_mixin.py:120} INFO - [2023-05-27T14:48:00.000+0000] {dagbag.py:537} INFO - Filling up the DagBag from /home/airflow/.local/lib/python3.7/site-packages/airflow/example_dags/example_latest_only_with_trigger.py
[2023-05-27T14:48:00.033+0000] {processor.py:766} INFO - DAG(s) dict_keys(['latest_only_with_trigger']) retrieved from /home/airflow/.local/lib/python3.7/site-packages/airflow/example_dags/example_latest_only_with_trigger.py
[2023-05-27T14:48:00.123+0000] {logging_mixin.py:120} INFO - [2023-05-27T14:48:00.122+0000] {dag.py:2585} INFO - Sync 1 DAGs
[2023-05-27T14:48:00.158+0000] {logging_mixin.py:120} INFO - [2023-05-27T14:48:00.158+0000] {dag.py:3340} INFO - Setting next_dagrun for latest_only_with_trigger to 2023-05-27T10:48:00.157778+00:00, run_after=2023-05-27T14:48:00.157778+00:00
[2023-05-27T14:48:00.181+0000] {processor.py:176} INFO - Processing /home/airflow/.local/lib/python3.7/site-packages/airflow/example_dags/example_latest_only_with_trigger.py took 0.190 seconds
[2023-05-27T14:48:30.780+0000] {processor.py:154} INFO - Started process (PID=1196) to work on /home/airflow/.local/lib/python3.7/site-packages/airflow/example_dags/example_latest_only_with_trigger.py
[2023-05-27T14:48:30.782+0000] {processor.py:756} INFO - Processing file /home/airflow/.local/lib/python3.7/site-packages/airflow/example_dags/example_latest_only_with_trigger.py for tasks to queue
[2023-05-27T14:48:30.783+0000] {logging_mixin.py:120} INFO - [2023-05-27T14:48:30.782+0000] {dagbag.py:537} INFO - Filling up the DagBag from /home/airflow/.local/lib/python3.7/site-packages/airflow/example_dags/example_latest_only_with_trigger.py
[2023-05-27T14:48:30.802+0000] {processor.py:766} INFO - DAG(s) dict_keys(['latest_only_with_trigger']) retrieved from /home/airflow/.local/lib/python3.7/site-packages/airflow/example_dags/example_latest_only_with_trigger.py
[2023-05-27T14:48:30.872+0000] {logging_mixin.py:120} INFO - [2023-05-27T14:48:30.872+0000] {dag.py:2585} INFO - Sync 1 DAGs
[2023-05-27T14:48:30.903+0000] {logging_mixin.py:120} INFO - [2023-05-27T14:48:30.902+0000] {dag.py:3340} INFO - Setting next_dagrun for latest_only_with_trigger to 2023-05-27T10:48:30.902690+00:00, run_after=2023-05-27T14:48:30.902690+00:00
[2023-05-27T14:48:30.924+0000] {processor.py:176} INFO - Processing /home/airflow/.local/lib/python3.7/site-packages/airflow/example_dags/example_latest_only_with_trigger.py took 0.150 seconds
[2023-05-27T14:49:01.682+0000] {processor.py:154} INFO - Started process (PID=1259) to work on /home/airflow/.local/lib/python3.7/site-packages/airflow/example_dags/example_latest_only_with_trigger.py
[2023-05-27T14:49:01.699+0000] {processor.py:756} INFO - Processing file /home/airflow/.local/lib/python3.7/site-packages/airflow/example_dags/example_latest_only_with_trigger.py for tasks to queue
[2023-05-27T14:49:01.700+0000] {logging_mixin.py:120} INFO - [2023-05-27T14:49:01.700+0000] {dagbag.py:537} INFO - Filling up the DagBag from /home/airflow/.local/lib/python3.7/site-packages/airflow/example_dags/example_latest_only_with_trigger.py
[2023-05-27T14:49:01.777+0000] {processor.py:766} INFO - DAG(s) dict_keys(['latest_only_with_trigger']) retrieved from /home/airflow/.local/lib/python3.7/site-packages/airflow/example_dags/example_latest_only_with_trigger.py
[2023-05-27T14:49:01.881+0000] {logging_mixin.py:120} INFO - [2023-05-27T14:49:01.881+0000] {dag.py:2585} INFO - Sync 1 DAGs
[2023-05-27T14:49:01.938+0000] {logging_mixin.py:120} INFO - [2023-05-27T14:49:01.938+0000] {dag.py:3340} INFO - Setting next_dagrun for latest_only_with_trigger to 2023-05-27T10:49:01.938084+00:00, run_after=2023-05-27T14:49:01.938084+00:00
[2023-05-27T14:49:01.978+0000] {processor.py:176} INFO - Processing /home/airflow/.local/lib/python3.7/site-packages/airflow/example_dags/example_latest_only_with_trigger.py took 0.300 seconds
[2023-05-27T14:49:32.507+0000] {processor.py:154} INFO - Started process (PID=1313) to work on /home/airflow/.local/lib/python3.7/site-packages/airflow/example_dags/example_latest_only_with_trigger.py
[2023-05-27T14:49:32.511+0000] {processor.py:756} INFO - Processing file /home/airflow/.local/lib/python3.7/site-packages/airflow/example_dags/example_latest_only_with_trigger.py for tasks to queue
[2023-05-27T14:49:32.511+0000] {logging_mixin.py:120} INFO - [2023-05-27T14:49:32.511+0000] {dagbag.py:537} INFO - Filling up the DagBag from /home/airflow/.local/lib/python3.7/site-packages/airflow/example_dags/example_latest_only_with_trigger.py
[2023-05-27T14:49:32.539+0000] {processor.py:766} INFO - DAG(s) dict_keys(['latest_only_with_trigger']) retrieved from /home/airflow/.local/lib/python3.7/site-packages/airflow/example_dags/example_latest_only_with_trigger.py
[2023-05-27T14:49:32.608+0000] {logging_mixin.py:120} INFO - [2023-05-27T14:49:32.607+0000] {dag.py:2585} INFO - Sync 1 DAGs
[2023-05-27T14:49:32.638+0000] {logging_mixin.py:120} INFO - [2023-05-27T14:49:32.638+0000] {dag.py:3340} INFO - Setting next_dagrun for latest_only_with_trigger to 2023-05-27T10:49:32.637960+00:00, run_after=2023-05-27T14:49:32.637960+00:00
[2023-05-27T14:49:32.661+0000] {processor.py:176} INFO - Processing /home/airflow/.local/lib/python3.7/site-packages/airflow/example_dags/example_latest_only_with_trigger.py took 0.158 seconds
[2023-05-27T14:50:03.145+0000] {processor.py:154} INFO - Started process (PID=1378) to work on /home/airflow/.local/lib/python3.7/site-packages/airflow/example_dags/example_latest_only_with_trigger.py
[2023-05-27T14:50:03.147+0000] {processor.py:756} INFO - Processing file /home/airflow/.local/lib/python3.7/site-packages/airflow/example_dags/example_latest_only_with_trigger.py for tasks to queue
[2023-05-27T14:50:03.148+0000] {logging_mixin.py:120} INFO - [2023-05-27T14:50:03.148+0000] {dagbag.py:537} INFO - Filling up the DagBag from /home/airflow/.local/lib/python3.7/site-packages/airflow/example_dags/example_latest_only_with_trigger.py
[2023-05-27T14:50:03.175+0000] {processor.py:766} INFO - DAG(s) dict_keys(['latest_only_with_trigger']) retrieved from /home/airflow/.local/lib/python3.7/site-packages/airflow/example_dags/example_latest_only_with_trigger.py
[2023-05-27T14:50:03.224+0000] {logging_mixin.py:120} INFO - [2023-05-27T14:50:03.223+0000] {dag.py:2585} INFO - Sync 1 DAGs
[2023-05-27T14:50:03.258+0000] {logging_mixin.py:120} INFO - [2023-05-27T14:50:03.258+0000] {dag.py:3340} INFO - Setting next_dagrun for latest_only_with_trigger to 2023-05-27T10:50:03.258278+00:00, run_after=2023-05-27T14:50:03.258278+00:00
[2023-05-27T14:50:03.281+0000] {processor.py:176} INFO - Processing /home/airflow/.local/lib/python3.7/site-packages/airflow/example_dags/example_latest_only_with_trigger.py took 0.141 seconds
[2023-05-27T14:50:34.283+0000] {processor.py:154} INFO - Started process (PID=1432) to work on /home/airflow/.local/lib/python3.7/site-packages/airflow/example_dags/example_latest_only_with_trigger.py
[2023-05-27T14:50:34.286+0000] {processor.py:756} INFO - Processing file /home/airflow/.local/lib/python3.7/site-packages/airflow/example_dags/example_latest_only_with_trigger.py for tasks to queue
[2023-05-27T14:50:34.287+0000] {logging_mixin.py:120} INFO - [2023-05-27T14:50:34.286+0000] {dagbag.py:537} INFO - Filling up the DagBag from /home/airflow/.local/lib/python3.7/site-packages/airflow/example_dags/example_latest_only_with_trigger.py
[2023-05-27T14:50:34.348+0000] {processor.py:766} INFO - DAG(s) dict_keys(['latest_only_with_trigger']) retrieved from /home/airflow/.local/lib/python3.7/site-packages/airflow/example_dags/example_latest_only_with_trigger.py
[2023-05-27T14:50:34.456+0000] {logging_mixin.py:120} INFO - [2023-05-27T14:50:34.455+0000] {dag.py:2585} INFO - Sync 1 DAGs
[2023-05-27T14:50:34.488+0000] {logging_mixin.py:120} INFO - [2023-05-27T14:50:34.488+0000] {dag.py:3340} INFO - Setting next_dagrun for latest_only_with_trigger to 2023-05-27T10:50:34.488049+00:00, run_after=2023-05-27T14:50:34.488049+00:00
[2023-05-27T14:50:34.533+0000] {processor.py:176} INFO - Processing /home/airflow/.local/lib/python3.7/site-packages/airflow/example_dags/example_latest_only_with_trigger.py took 0.257 seconds
[2023-05-27T14:51:12.059+0000] {processor.py:154} INFO - Started process (PID=1495) to work on /home/airflow/.local/lib/python3.7/site-packages/airflow/example_dags/example_latest_only_with_trigger.py
[2023-05-27T14:51:12.076+0000] {processor.py:756} INFO - Processing file /home/airflow/.local/lib/python3.7/site-packages/airflow/example_dags/example_latest_only_with_trigger.py for tasks to queue
[2023-05-27T14:51:12.077+0000] {logging_mixin.py:120} INFO - [2023-05-27T14:51:12.077+0000] {dagbag.py:537} INFO - Filling up the DagBag from /home/airflow/.local/lib/python3.7/site-packages/airflow/example_dags/example_latest_only_with_trigger.py
[2023-05-27T14:51:12.568+0000] {processor.py:766} INFO - DAG(s) dict_keys(['latest_only_with_trigger']) retrieved from /home/airflow/.local/lib/python3.7/site-packages/airflow/example_dags/example_latest_only_with_trigger.py
[2023-05-27T14:51:13.377+0000] {logging_mixin.py:120} INFO - [2023-05-27T14:51:13.377+0000] {dag.py:2585} INFO - Sync 1 DAGs
[2023-05-27T14:51:13.455+0000] {logging_mixin.py:120} INFO - [2023-05-27T14:51:13.455+0000] {dag.py:3340} INFO - Setting next_dagrun for latest_only_with_trigger to 2023-05-27T10:51:13.455263+00:00, run_after=2023-05-27T14:51:13.455263+00:00
[2023-05-27T14:51:13.511+0000] {processor.py:176} INFO - Processing /home/airflow/.local/lib/python3.7/site-packages/airflow/example_dags/example_latest_only_with_trigger.py took 1.473 seconds
[2023-05-27T14:51:43.975+0000] {processor.py:154} INFO - Started process (PID=1548) to work on /home/airflow/.local/lib/python3.7/site-packages/airflow/example_dags/example_latest_only_with_trigger.py
[2023-05-27T14:51:43.977+0000] {processor.py:756} INFO - Processing file /home/airflow/.local/lib/python3.7/site-packages/airflow/example_dags/example_latest_only_with_trigger.py for tasks to queue
[2023-05-27T14:51:43.978+0000] {logging_mixin.py:120} INFO - [2023-05-27T14:51:43.978+0000] {dagbag.py:537} INFO - Filling up the DagBag from /home/airflow/.local/lib/python3.7/site-packages/airflow/example_dags/example_latest_only_with_trigger.py
[2023-05-27T14:51:44.023+0000] {processor.py:766} INFO - DAG(s) dict_keys(['latest_only_with_trigger']) retrieved from /home/airflow/.local/lib/python3.7/site-packages/airflow/example_dags/example_latest_only_with_trigger.py
[2023-05-27T14:51:44.090+0000] {logging_mixin.py:120} INFO - [2023-05-27T14:51:44.090+0000] {dag.py:2585} INFO - Sync 1 DAGs
[2023-05-27T14:51:44.122+0000] {logging_mixin.py:120} INFO - [2023-05-27T14:51:44.122+0000] {dag.py:3340} INFO - Setting next_dagrun for latest_only_with_trigger to 2023-05-27T10:51:44.122354+00:00, run_after=2023-05-27T14:51:44.122354+00:00
[2023-05-27T14:51:44.152+0000] {processor.py:176} INFO - Processing /home/airflow/.local/lib/python3.7/site-packages/airflow/example_dags/example_latest_only_with_trigger.py took 0.181 seconds
[2023-05-27T14:52:14.718+0000] {processor.py:154} INFO - Started process (PID=1611) to work on /home/airflow/.local/lib/python3.7/site-packages/airflow/example_dags/example_latest_only_with_trigger.py
[2023-05-27T14:52:14.724+0000] {processor.py:756} INFO - Processing file /home/airflow/.local/lib/python3.7/site-packages/airflow/example_dags/example_latest_only_with_trigger.py for tasks to queue
[2023-05-27T14:52:14.724+0000] {logging_mixin.py:120} INFO - [2023-05-27T14:52:14.724+0000] {dagbag.py:537} INFO - Filling up the DagBag from /home/airflow/.local/lib/python3.7/site-packages/airflow/example_dags/example_latest_only_with_trigger.py
[2023-05-27T14:52:14.757+0000] {processor.py:766} INFO - DAG(s) dict_keys(['latest_only_with_trigger']) retrieved from /home/airflow/.local/lib/python3.7/site-packages/airflow/example_dags/example_latest_only_with_trigger.py
[2023-05-27T14:52:14.810+0000] {logging_mixin.py:120} INFO - [2023-05-27T14:52:14.810+0000] {dag.py:2585} INFO - Sync 1 DAGs
[2023-05-27T14:52:14.845+0000] {logging_mixin.py:120} INFO - [2023-05-27T14:52:14.845+0000] {dag.py:3340} INFO - Setting next_dagrun for latest_only_with_trigger to 2023-05-27T10:52:14.845035+00:00, run_after=2023-05-27T14:52:14.845035+00:00
[2023-05-27T14:52:14.876+0000] {processor.py:176} INFO - Processing /home/airflow/.local/lib/python3.7/site-packages/airflow/example_dags/example_latest_only_with_trigger.py took 0.166 seconds
[2023-05-27T14:52:45.476+0000] {processor.py:154} INFO - Started process (PID=1664) to work on /home/airflow/.local/lib/python3.7/site-packages/airflow/example_dags/example_latest_only_with_trigger.py
[2023-05-27T14:52:45.478+0000] {processor.py:756} INFO - Processing file /home/airflow/.local/lib/python3.7/site-packages/airflow/example_dags/example_latest_only_with_trigger.py for tasks to queue
[2023-05-27T14:52:45.479+0000] {logging_mixin.py:120} INFO - [2023-05-27T14:52:45.479+0000] {dagbag.py:537} INFO - Filling up the DagBag from /home/airflow/.local/lib/python3.7/site-packages/airflow/example_dags/example_latest_only_with_trigger.py
[2023-05-27T14:52:45.532+0000] {processor.py:766} INFO - DAG(s) dict_keys(['latest_only_with_trigger']) retrieved from /home/airflow/.local/lib/python3.7/site-packages/airflow/example_dags/example_latest_only_with_trigger.py
[2023-05-27T14:52:45.632+0000] {logging_mixin.py:120} INFO - [2023-05-27T14:52:45.631+0000] {dag.py:2585} INFO - Sync 1 DAGs
[2023-05-27T14:52:45.675+0000] {logging_mixin.py:120} INFO - [2023-05-27T14:52:45.675+0000] {dag.py:3340} INFO - Setting next_dagrun for latest_only_with_trigger to 2023-05-27T10:52:45.675302+00:00, run_after=2023-05-27T14:52:45.675302+00:00
[2023-05-27T14:52:45.719+0000] {processor.py:176} INFO - Processing /home/airflow/.local/lib/python3.7/site-packages/airflow/example_dags/example_latest_only_with_trigger.py took 0.254 seconds
[2023-05-27T14:53:15.822+0000] {processor.py:154} INFO - Started process (PID=1715) to work on /home/airflow/.local/lib/python3.7/site-packages/airflow/example_dags/example_latest_only_with_trigger.py
[2023-05-27T14:53:15.825+0000] {processor.py:756} INFO - Processing file /home/airflow/.local/lib/python3.7/site-packages/airflow/example_dags/example_latest_only_with_trigger.py for tasks to queue
[2023-05-27T14:53:15.825+0000] {logging_mixin.py:120} INFO - [2023-05-27T14:53:15.825+0000] {dagbag.py:537} INFO - Filling up the DagBag from /home/airflow/.local/lib/python3.7/site-packages/airflow/example_dags/example_latest_only_with_trigger.py
[2023-05-27T14:53:15.846+0000] {processor.py:766} INFO - DAG(s) dict_keys(['latest_only_with_trigger']) retrieved from /home/airflow/.local/lib/python3.7/site-packages/airflow/example_dags/example_latest_only_with_trigger.py
[2023-05-27T14:53:15.898+0000] {logging_mixin.py:120} INFO - [2023-05-27T14:53:15.897+0000] {dag.py:2585} INFO - Sync 1 DAGs
[2023-05-27T14:53:15.930+0000] {logging_mixin.py:120} INFO - [2023-05-27T14:53:15.929+0000] {dag.py:3340} INFO - Setting next_dagrun for latest_only_with_trigger to 2023-05-27T10:53:15.929639+00:00, run_after=2023-05-27T14:53:15.929639+00:00
[2023-05-27T14:53:15.952+0000] {processor.py:176} INFO - Processing /home/airflow/.local/lib/python3.7/site-packages/airflow/example_dags/example_latest_only_with_trigger.py took 0.133 seconds
[2023-05-27T14:53:46.181+0000] {processor.py:154} INFO - Started process (PID=1769) to work on /home/airflow/.local/lib/python3.7/site-packages/airflow/example_dags/example_latest_only_with_trigger.py
[2023-05-27T14:53:46.183+0000] {processor.py:756} INFO - Processing file /home/airflow/.local/lib/python3.7/site-packages/airflow/example_dags/example_latest_only_with_trigger.py for tasks to queue
[2023-05-27T14:53:46.184+0000] {logging_mixin.py:120} INFO - [2023-05-27T14:53:46.184+0000] {dagbag.py:537} INFO - Filling up the DagBag from /home/airflow/.local/lib/python3.7/site-packages/airflow/example_dags/example_latest_only_with_trigger.py
[2023-05-27T14:53:46.230+0000] {processor.py:766} INFO - DAG(s) dict_keys(['latest_only_with_trigger']) retrieved from /home/airflow/.local/lib/python3.7/site-packages/airflow/example_dags/example_latest_only_with_trigger.py
[2023-05-27T14:53:46.340+0000] {logging_mixin.py:120} INFO - [2023-05-27T14:53:46.340+0000] {dag.py:2585} INFO - Sync 1 DAGs
[2023-05-27T14:53:46.409+0000] {logging_mixin.py:120} INFO - [2023-05-27T14:53:46.409+0000] {dag.py:3340} INFO - Setting next_dagrun for latest_only_with_trigger to 2023-05-27T10:53:46.408852+00:00, run_after=2023-05-27T14:53:46.408852+00:00
[2023-05-27T14:53:46.433+0000] {processor.py:176} INFO - Processing /home/airflow/.local/lib/python3.7/site-packages/airflow/example_dags/example_latest_only_with_trigger.py took 0.257 seconds
[2023-05-27T14:58:47.965+0000] {processor.py:154} INFO - Started process (PID=1785) to work on /home/airflow/.local/lib/python3.7/site-packages/airflow/example_dags/example_latest_only_with_trigger.py
[2023-05-27T14:58:47.980+0000] {processor.py:756} INFO - Processing file /home/airflow/.local/lib/python3.7/site-packages/airflow/example_dags/example_latest_only_with_trigger.py for tasks to queue
[2023-05-27T14:58:47.981+0000] {logging_mixin.py:120} INFO - [2023-05-27T14:58:47.980+0000] {dagbag.py:537} INFO - Filling up the DagBag from /home/airflow/.local/lib/python3.7/site-packages/airflow/example_dags/example_latest_only_with_trigger.py
[2023-05-27T14:58:48.429+0000] {processor.py:766} INFO - DAG(s) dict_keys(['latest_only_with_trigger']) retrieved from /home/airflow/.local/lib/python3.7/site-packages/airflow/example_dags/example_latest_only_with_trigger.py
