[2023-05-27T14:38:26.952+0000] {processor.py:154} INFO - Started process (PID=64) to work on /home/airflow/.local/lib/python3.7/site-packages/airflow/example_dags/example_latest_only.py
[2023-05-27T14:38:26.953+0000] {processor.py:756} INFO - Processing file /home/airflow/.local/lib/python3.7/site-packages/airflow/example_dags/example_latest_only.py for tasks to queue
[2023-05-27T14:38:26.954+0000] {logging_mixin.py:120} INFO - [2023-05-27T14:38:26.954+0000] {dagbag.py:537} INFO - Filling up the DagBag from /home/airflow/.local/lib/python3.7/site-packages/airflow/example_dags/example_latest_only.py
[2023-05-27T14:38:27.002+0000] {processor.py:766} INFO - DAG(s) dict_keys(['latest_only']) retrieved from /home/airflow/.local/lib/python3.7/site-packages/airflow/example_dags/example_latest_only.py
[2023-05-27T14:38:27.386+0000] {logging_mixin.py:120} INFO - [2023-05-27T14:38:27.386+0000] {manager.py:507} INFO - Created Permission View: can read on DAG:latest_only
[2023-05-27T14:38:27.427+0000] {logging_mixin.py:120} INFO - [2023-05-27T14:38:27.423+0000] {manager.py:507} INFO - Created Permission View: can edit on DAG:latest_only
[2023-05-27T14:38:27.455+0000] {logging_mixin.py:120} INFO - [2023-05-27T14:38:27.454+0000] {manager.py:507} INFO - Created Permission View: can delete on DAG:latest_only
[2023-05-27T14:38:27.455+0000] {logging_mixin.py:120} INFO - [2023-05-27T14:38:27.455+0000] {dag.py:2585} INFO - Sync 1 DAGs
[2023-05-27T14:38:27.515+0000] {logging_mixin.py:120} INFO - [2023-05-27T14:38:27.514+0000] {dag.py:2606} INFO - Creating ORM DAG for latest_only
[2023-05-27T14:38:27.597+0000] {logging_mixin.py:120} INFO - [2023-05-27T14:38:27.597+0000] {dag.py:3340} INFO - Setting next_dagrun for latest_only to 2023-05-27T10:38:27.596923+00:00, run_after=2023-05-27T14:38:27.596923+00:00
[2023-05-27T14:38:27.684+0000] {processor.py:176} INFO - Processing /home/airflow/.local/lib/python3.7/site-packages/airflow/example_dags/example_latest_only.py took 0.746 seconds
[2023-05-27T14:38:57.781+0000] {processor.py:154} INFO - Started process (PID=118) to work on /home/airflow/.local/lib/python3.7/site-packages/airflow/example_dags/example_latest_only.py
[2023-05-27T14:38:57.785+0000] {processor.py:756} INFO - Processing file /home/airflow/.local/lib/python3.7/site-packages/airflow/example_dags/example_latest_only.py for tasks to queue
[2023-05-27T14:38:57.786+0000] {logging_mixin.py:120} INFO - [2023-05-27T14:38:57.785+0000] {dagbag.py:537} INFO - Filling up the DagBag from /home/airflow/.local/lib/python3.7/site-packages/airflow/example_dags/example_latest_only.py
[2023-05-27T14:38:57.827+0000] {processor.py:766} INFO - DAG(s) dict_keys(['latest_only']) retrieved from /home/airflow/.local/lib/python3.7/site-packages/airflow/example_dags/example_latest_only.py
[2023-05-27T14:38:57.887+0000] {logging_mixin.py:120} INFO - [2023-05-27T14:38:57.887+0000] {dag.py:2585} INFO - Sync 1 DAGs
[2023-05-27T14:38:57.919+0000] {logging_mixin.py:120} INFO - [2023-05-27T14:38:57.918+0000] {dag.py:3340} INFO - Setting next_dagrun for latest_only to 2023-05-27T10:38:57.918617+00:00, run_after=2023-05-27T14:38:57.918617+00:00
[2023-05-27T14:38:57.942+0000] {processor.py:176} INFO - Processing /home/airflow/.local/lib/python3.7/site-packages/airflow/example_dags/example_latest_only.py took 0.173 seconds
[2023-05-27T14:39:28.307+0000] {processor.py:154} INFO - Started process (PID=183) to work on /home/airflow/.local/lib/python3.7/site-packages/airflow/example_dags/example_latest_only.py
[2023-05-27T14:39:28.319+0000] {processor.py:756} INFO - Processing file /home/airflow/.local/lib/python3.7/site-packages/airflow/example_dags/example_latest_only.py for tasks to queue
[2023-05-27T14:39:28.320+0000] {logging_mixin.py:120} INFO - [2023-05-27T14:39:28.320+0000] {dagbag.py:537} INFO - Filling up the DagBag from /home/airflow/.local/lib/python3.7/site-packages/airflow/example_dags/example_latest_only.py
[2023-05-27T14:39:28.373+0000] {processor.py:766} INFO - DAG(s) dict_keys(['latest_only']) retrieved from /home/airflow/.local/lib/python3.7/site-packages/airflow/example_dags/example_latest_only.py
[2023-05-27T14:39:28.486+0000] {logging_mixin.py:120} INFO - [2023-05-27T14:39:28.486+0000] {dag.py:2585} INFO - Sync 1 DAGs
[2023-05-27T14:39:28.532+0000] {logging_mixin.py:120} INFO - [2023-05-27T14:39:28.531+0000] {dag.py:3340} INFO - Setting next_dagrun for latest_only to 2023-05-27T10:39:28.528974+00:00, run_after=2023-05-27T14:39:28.528974+00:00
[2023-05-27T14:39:28.583+0000] {processor.py:176} INFO - Processing /home/airflow/.local/lib/python3.7/site-packages/airflow/example_dags/example_latest_only.py took 0.290 seconds
[2023-05-27T14:39:59.717+0000] {processor.py:154} INFO - Started process (PID=236) to work on /home/airflow/.local/lib/python3.7/site-packages/airflow/example_dags/example_latest_only.py
[2023-05-27T14:39:59.719+0000] {processor.py:756} INFO - Processing file /home/airflow/.local/lib/python3.7/site-packages/airflow/example_dags/example_latest_only.py for tasks to queue
[2023-05-27T14:39:59.720+0000] {logging_mixin.py:120} INFO - [2023-05-27T14:39:59.720+0000] {dagbag.py:537} INFO - Filling up the DagBag from /home/airflow/.local/lib/python3.7/site-packages/airflow/example_dags/example_latest_only.py
[2023-05-27T14:39:59.789+0000] {processor.py:766} INFO - DAG(s) dict_keys(['latest_only']) retrieved from /home/airflow/.local/lib/python3.7/site-packages/airflow/example_dags/example_latest_only.py
[2023-05-27T14:39:59.926+0000] {logging_mixin.py:120} INFO - [2023-05-27T14:39:59.926+0000] {dag.py:2585} INFO - Sync 1 DAGs
[2023-05-27T14:39:59.973+0000] {logging_mixin.py:120} INFO - [2023-05-27T14:39:59.973+0000] {dag.py:3340} INFO - Setting next_dagrun for latest_only to 2023-05-27T10:39:59.960912+00:00, run_after=2023-05-27T14:39:59.960912+00:00
[2023-05-27T14:39:59.999+0000] {processor.py:176} INFO - Processing /home/airflow/.local/lib/python3.7/site-packages/airflow/example_dags/example_latest_only.py took 0.288 seconds
[2023-05-27T14:40:30.146+0000] {processor.py:154} INFO - Started process (PID=297) to work on /home/airflow/.local/lib/python3.7/site-packages/airflow/example_dags/example_latest_only.py
[2023-05-27T14:40:30.152+0000] {processor.py:756} INFO - Processing file /home/airflow/.local/lib/python3.7/site-packages/airflow/example_dags/example_latest_only.py for tasks to queue
[2023-05-27T14:40:30.152+0000] {logging_mixin.py:120} INFO - [2023-05-27T14:40:30.152+0000] {dagbag.py:537} INFO - Filling up the DagBag from /home/airflow/.local/lib/python3.7/site-packages/airflow/example_dags/example_latest_only.py
[2023-05-27T14:40:30.177+0000] {processor.py:766} INFO - DAG(s) dict_keys(['latest_only']) retrieved from /home/airflow/.local/lib/python3.7/site-packages/airflow/example_dags/example_latest_only.py
[2023-05-27T14:40:30.226+0000] {logging_mixin.py:120} INFO - [2023-05-27T14:40:30.225+0000] {dag.py:2585} INFO - Sync 1 DAGs
[2023-05-27T14:40:30.256+0000] {logging_mixin.py:120} INFO - [2023-05-27T14:40:30.256+0000] {dag.py:3340} INFO - Setting next_dagrun for latest_only to 2023-05-27T10:40:30.256060+00:00, run_after=2023-05-27T14:40:30.256060+00:00
[2023-05-27T14:40:30.278+0000] {processor.py:176} INFO - Processing /home/airflow/.local/lib/python3.7/site-packages/airflow/example_dags/example_latest_only.py took 0.138 seconds
[2023-05-27T14:41:00.576+0000] {processor.py:154} INFO - Started process (PID=354) to work on /home/airflow/.local/lib/python3.7/site-packages/airflow/example_dags/example_latest_only.py
[2023-05-27T14:41:00.578+0000] {processor.py:756} INFO - Processing file /home/airflow/.local/lib/python3.7/site-packages/airflow/example_dags/example_latest_only.py for tasks to queue
[2023-05-27T14:41:00.578+0000] {logging_mixin.py:120} INFO - [2023-05-27T14:41:00.578+0000] {dagbag.py:537} INFO - Filling up the DagBag from /home/airflow/.local/lib/python3.7/site-packages/airflow/example_dags/example_latest_only.py
[2023-05-27T14:41:00.603+0000] {processor.py:766} INFO - DAG(s) dict_keys(['latest_only']) retrieved from /home/airflow/.local/lib/python3.7/site-packages/airflow/example_dags/example_latest_only.py
[2023-05-27T14:41:00.651+0000] {logging_mixin.py:120} INFO - [2023-05-27T14:41:00.651+0000] {dag.py:2585} INFO - Sync 1 DAGs
[2023-05-27T14:41:00.681+0000] {logging_mixin.py:120} INFO - [2023-05-27T14:41:00.681+0000] {dag.py:3340} INFO - Setting next_dagrun for latest_only to 2023-05-27T10:41:00.681288+00:00, run_after=2023-05-27T14:41:00.681288+00:00
[2023-05-27T14:41:00.703+0000] {processor.py:176} INFO - Processing /home/airflow/.local/lib/python3.7/site-packages/airflow/example_dags/example_latest_only.py took 0.131 seconds
[2023-05-27T14:41:31.665+0000] {processor.py:154} INFO - Started process (PID=408) to work on /home/airflow/.local/lib/python3.7/site-packages/airflow/example_dags/example_latest_only.py
[2023-05-27T14:41:31.669+0000] {processor.py:756} INFO - Processing file /home/airflow/.local/lib/python3.7/site-packages/airflow/example_dags/example_latest_only.py for tasks to queue
[2023-05-27T14:41:31.670+0000] {logging_mixin.py:120} INFO - [2023-05-27T14:41:31.670+0000] {dagbag.py:537} INFO - Filling up the DagBag from /home/airflow/.local/lib/python3.7/site-packages/airflow/example_dags/example_latest_only.py
[2023-05-27T14:41:31.691+0000] {processor.py:766} INFO - DAG(s) dict_keys(['latest_only']) retrieved from /home/airflow/.local/lib/python3.7/site-packages/airflow/example_dags/example_latest_only.py
[2023-05-27T14:41:31.740+0000] {logging_mixin.py:120} INFO - [2023-05-27T14:41:31.740+0000] {dag.py:2585} INFO - Sync 1 DAGs
[2023-05-27T14:41:31.774+0000] {logging_mixin.py:120} INFO - [2023-05-27T14:41:31.774+0000] {dag.py:3340} INFO - Setting next_dagrun for latest_only to 2023-05-27T10:41:31.773865+00:00, run_after=2023-05-27T14:41:31.773865+00:00
[2023-05-27T14:41:31.797+0000] {processor.py:176} INFO - Processing /home/airflow/.local/lib/python3.7/site-packages/airflow/example_dags/example_latest_only.py took 0.136 seconds
[2023-05-27T14:42:01.894+0000] {processor.py:154} INFO - Started process (PID=472) to work on /home/airflow/.local/lib/python3.7/site-packages/airflow/example_dags/example_latest_only.py
[2023-05-27T14:42:01.895+0000] {processor.py:756} INFO - Processing file /home/airflow/.local/lib/python3.7/site-packages/airflow/example_dags/example_latest_only.py for tasks to queue
[2023-05-27T14:42:01.896+0000] {logging_mixin.py:120} INFO - [2023-05-27T14:42:01.896+0000] {dagbag.py:537} INFO - Filling up the DagBag from /home/airflow/.local/lib/python3.7/site-packages/airflow/example_dags/example_latest_only.py
[2023-05-27T14:42:01.956+0000] {processor.py:766} INFO - DAG(s) dict_keys(['latest_only']) retrieved from /home/airflow/.local/lib/python3.7/site-packages/airflow/example_dags/example_latest_only.py
[2023-05-27T14:42:02.074+0000] {logging_mixin.py:120} INFO - [2023-05-27T14:42:02.074+0000] {dag.py:2585} INFO - Sync 1 DAGs
[2023-05-27T14:42:02.166+0000] {logging_mixin.py:120} INFO - [2023-05-27T14:42:02.166+0000] {dag.py:3340} INFO - Setting next_dagrun for latest_only to 2023-05-27T10:42:02.157651+00:00, run_after=2023-05-27T14:42:02.157651+00:00
[2023-05-27T14:42:02.195+0000] {processor.py:176} INFO - Processing /home/airflow/.local/lib/python3.7/site-packages/airflow/example_dags/example_latest_only.py took 0.305 seconds
[2023-05-27T14:42:32.805+0000] {processor.py:154} INFO - Started process (PID=527) to work on /home/airflow/.local/lib/python3.7/site-packages/airflow/example_dags/example_latest_only.py
[2023-05-27T14:42:32.811+0000] {processor.py:756} INFO - Processing file /home/airflow/.local/lib/python3.7/site-packages/airflow/example_dags/example_latest_only.py for tasks to queue
[2023-05-27T14:42:32.812+0000] {logging_mixin.py:120} INFO - [2023-05-27T14:42:32.812+0000] {dagbag.py:537} INFO - Filling up the DagBag from /home/airflow/.local/lib/python3.7/site-packages/airflow/example_dags/example_latest_only.py
[2023-05-27T14:42:32.844+0000] {processor.py:766} INFO - DAG(s) dict_keys(['latest_only']) retrieved from /home/airflow/.local/lib/python3.7/site-packages/airflow/example_dags/example_latest_only.py
[2023-05-27T14:42:32.894+0000] {logging_mixin.py:120} INFO - [2023-05-27T14:42:32.894+0000] {dag.py:2585} INFO - Sync 1 DAGs
[2023-05-27T14:42:32.928+0000] {logging_mixin.py:120} INFO - [2023-05-27T14:42:32.928+0000] {dag.py:3340} INFO - Setting next_dagrun for latest_only to 2023-05-27T10:42:32.928201+00:00, run_after=2023-05-27T14:42:32.928201+00:00
[2023-05-27T14:42:32.953+0000] {processor.py:176} INFO - Processing /home/airflow/.local/lib/python3.7/site-packages/airflow/example_dags/example_latest_only.py took 0.152 seconds
[2023-05-27T14:43:03.098+0000] {processor.py:154} INFO - Started process (PID=590) to work on /home/airflow/.local/lib/python3.7/site-packages/airflow/example_dags/example_latest_only.py
[2023-05-27T14:43:03.100+0000] {processor.py:756} INFO - Processing file /home/airflow/.local/lib/python3.7/site-packages/airflow/example_dags/example_latest_only.py for tasks to queue
[2023-05-27T14:43:03.102+0000] {logging_mixin.py:120} INFO - [2023-05-27T14:43:03.101+0000] {dagbag.py:537} INFO - Filling up the DagBag from /home/airflow/.local/lib/python3.7/site-packages/airflow/example_dags/example_latest_only.py
[2023-05-27T14:43:03.140+0000] {processor.py:766} INFO - DAG(s) dict_keys(['latest_only']) retrieved from /home/airflow/.local/lib/python3.7/site-packages/airflow/example_dags/example_latest_only.py
[2023-05-27T14:43:03.241+0000] {logging_mixin.py:120} INFO - [2023-05-27T14:43:03.241+0000] {dag.py:2585} INFO - Sync 1 DAGs
[2023-05-27T14:43:03.305+0000] {logging_mixin.py:120} INFO - [2023-05-27T14:43:03.305+0000] {dag.py:3340} INFO - Setting next_dagrun for latest_only to 2023-05-27T10:43:03.304734+00:00, run_after=2023-05-27T14:43:03.304734+00:00
[2023-05-27T14:43:03.344+0000] {processor.py:176} INFO - Processing /home/airflow/.local/lib/python3.7/site-packages/airflow/example_dags/example_latest_only.py took 0.252 seconds
[2023-05-27T14:43:33.815+0000] {processor.py:154} INFO - Started process (PID=644) to work on /home/airflow/.local/lib/python3.7/site-packages/airflow/example_dags/example_latest_only.py
[2023-05-27T14:43:33.820+0000] {processor.py:756} INFO - Processing file /home/airflow/.local/lib/python3.7/site-packages/airflow/example_dags/example_latest_only.py for tasks to queue
[2023-05-27T14:43:33.820+0000] {logging_mixin.py:120} INFO - [2023-05-27T14:43:33.820+0000] {dagbag.py:537} INFO - Filling up the DagBag from /home/airflow/.local/lib/python3.7/site-packages/airflow/example_dags/example_latest_only.py
[2023-05-27T14:43:33.917+0000] {processor.py:766} INFO - DAG(s) dict_keys(['latest_only']) retrieved from /home/airflow/.local/lib/python3.7/site-packages/airflow/example_dags/example_latest_only.py
[2023-05-27T14:43:34.245+0000] {logging_mixin.py:120} INFO - [2023-05-27T14:43:34.245+0000] {dag.py:2585} INFO - Sync 1 DAGs
[2023-05-27T14:43:34.419+0000] {logging_mixin.py:120} INFO - [2023-05-27T14:43:34.419+0000] {dag.py:3340} INFO - Setting next_dagrun for latest_only to 2023-05-27T10:43:34.414272+00:00, run_after=2023-05-27T14:43:34.414272+00:00
[2023-05-27T14:43:34.511+0000] {processor.py:176} INFO - Processing /home/airflow/.local/lib/python3.7/site-packages/airflow/example_dags/example_latest_only.py took 0.701 seconds
[2023-05-27T14:44:04.614+0000] {processor.py:154} INFO - Started process (PID=705) to work on /home/airflow/.local/lib/python3.7/site-packages/airflow/example_dags/example_latest_only.py
[2023-05-27T14:44:04.616+0000] {processor.py:756} INFO - Processing file /home/airflow/.local/lib/python3.7/site-packages/airflow/example_dags/example_latest_only.py for tasks to queue
[2023-05-27T14:44:04.617+0000] {logging_mixin.py:120} INFO - [2023-05-27T14:44:04.616+0000] {dagbag.py:537} INFO - Filling up the DagBag from /home/airflow/.local/lib/python3.7/site-packages/airflow/example_dags/example_latest_only.py
[2023-05-27T14:44:04.645+0000] {processor.py:766} INFO - DAG(s) dict_keys(['latest_only']) retrieved from /home/airflow/.local/lib/python3.7/site-packages/airflow/example_dags/example_latest_only.py
[2023-05-27T14:44:04.713+0000] {logging_mixin.py:120} INFO - [2023-05-27T14:44:04.713+0000] {dag.py:2585} INFO - Sync 1 DAGs
[2023-05-27T14:44:04.748+0000] {logging_mixin.py:120} INFO - [2023-05-27T14:44:04.748+0000] {dag.py:3340} INFO - Setting next_dagrun for latest_only to 2023-05-27T10:44:04.748320+00:00, run_after=2023-05-27T14:44:04.748320+00:00
[2023-05-27T14:44:04.772+0000] {processor.py:176} INFO - Processing /home/airflow/.local/lib/python3.7/site-packages/airflow/example_dags/example_latest_only.py took 0.162 seconds
[2023-05-27T14:44:34.876+0000] {processor.py:154} INFO - Started process (PID=761) to work on /home/airflow/.local/lib/python3.7/site-packages/airflow/example_dags/example_latest_only.py
[2023-05-27T14:44:34.879+0000] {processor.py:756} INFO - Processing file /home/airflow/.local/lib/python3.7/site-packages/airflow/example_dags/example_latest_only.py for tasks to queue
[2023-05-27T14:44:34.880+0000] {logging_mixin.py:120} INFO - [2023-05-27T14:44:34.880+0000] {dagbag.py:537} INFO - Filling up the DagBag from /home/airflow/.local/lib/python3.7/site-packages/airflow/example_dags/example_latest_only.py
[2023-05-27T14:44:34.899+0000] {processor.py:766} INFO - DAG(s) dict_keys(['latest_only']) retrieved from /home/airflow/.local/lib/python3.7/site-packages/airflow/example_dags/example_latest_only.py
[2023-05-27T14:44:34.947+0000] {logging_mixin.py:120} INFO - [2023-05-27T14:44:34.947+0000] {dag.py:2585} INFO - Sync 1 DAGs
[2023-05-27T14:44:34.979+0000] {logging_mixin.py:120} INFO - [2023-05-27T14:44:34.978+0000] {dag.py:3340} INFO - Setting next_dagrun for latest_only to 2023-05-27T10:44:34.978459+00:00, run_after=2023-05-27T14:44:34.978459+00:00
[2023-05-27T14:44:35.015+0000] {processor.py:176} INFO - Processing /home/airflow/.local/lib/python3.7/site-packages/airflow/example_dags/example_latest_only.py took 0.143 seconds
[2023-05-27T14:45:05.482+0000] {processor.py:154} INFO - Started process (PID=814) to work on /home/airflow/.local/lib/python3.7/site-packages/airflow/example_dags/example_latest_only.py
[2023-05-27T14:45:05.485+0000] {processor.py:756} INFO - Processing file /home/airflow/.local/lib/python3.7/site-packages/airflow/example_dags/example_latest_only.py for tasks to queue
[2023-05-27T14:45:05.486+0000] {logging_mixin.py:120} INFO - [2023-05-27T14:45:05.486+0000] {dagbag.py:537} INFO - Filling up the DagBag from /home/airflow/.local/lib/python3.7/site-packages/airflow/example_dags/example_latest_only.py
[2023-05-27T14:45:05.511+0000] {processor.py:766} INFO - DAG(s) dict_keys(['latest_only']) retrieved from /home/airflow/.local/lib/python3.7/site-packages/airflow/example_dags/example_latest_only.py
[2023-05-27T14:45:05.562+0000] {logging_mixin.py:120} INFO - [2023-05-27T14:45:05.562+0000] {dag.py:2585} INFO - Sync 1 DAGs
[2023-05-27T14:45:05.596+0000] {logging_mixin.py:120} INFO - [2023-05-27T14:45:05.596+0000] {dag.py:3340} INFO - Setting next_dagrun for latest_only to 2023-05-27T10:45:05.596160+00:00, run_after=2023-05-27T14:45:05.596160+00:00
[2023-05-27T14:45:05.622+0000] {processor.py:176} INFO - Processing /home/airflow/.local/lib/python3.7/site-packages/airflow/example_dags/example_latest_only.py took 0.145 seconds
[2023-05-27T14:45:36.244+0000] {processor.py:154} INFO - Started process (PID=876) to work on /home/airflow/.local/lib/python3.7/site-packages/airflow/example_dags/example_latest_only.py
[2023-05-27T14:45:36.246+0000] {processor.py:756} INFO - Processing file /home/airflow/.local/lib/python3.7/site-packages/airflow/example_dags/example_latest_only.py for tasks to queue
[2023-05-27T14:45:36.247+0000] {logging_mixin.py:120} INFO - [2023-05-27T14:45:36.247+0000] {dagbag.py:537} INFO - Filling up the DagBag from /home/airflow/.local/lib/python3.7/site-packages/airflow/example_dags/example_latest_only.py
[2023-05-27T14:45:36.278+0000] {processor.py:766} INFO - DAG(s) dict_keys(['latest_only']) retrieved from /home/airflow/.local/lib/python3.7/site-packages/airflow/example_dags/example_latest_only.py
[2023-05-27T14:45:36.326+0000] {logging_mixin.py:120} INFO - [2023-05-27T14:45:36.326+0000] {dag.py:2585} INFO - Sync 1 DAGs
[2023-05-27T14:45:36.373+0000] {logging_mixin.py:120} INFO - [2023-05-27T14:45:36.373+0000] {dag.py:3340} INFO - Setting next_dagrun for latest_only to 2023-05-27T10:45:36.372770+00:00, run_after=2023-05-27T14:45:36.372770+00:00
[2023-05-27T14:45:36.399+0000] {processor.py:176} INFO - Processing /home/airflow/.local/lib/python3.7/site-packages/airflow/example_dags/example_latest_only.py took 0.161 seconds
[2023-05-27T14:46:07.315+0000] {processor.py:154} INFO - Started process (PID=930) to work on /home/airflow/.local/lib/python3.7/site-packages/airflow/example_dags/example_latest_only.py
[2023-05-27T14:46:07.320+0000] {processor.py:756} INFO - Processing file /home/airflow/.local/lib/python3.7/site-packages/airflow/example_dags/example_latest_only.py for tasks to queue
[2023-05-27T14:46:07.320+0000] {logging_mixin.py:120} INFO - [2023-05-27T14:46:07.320+0000] {dagbag.py:537} INFO - Filling up the DagBag from /home/airflow/.local/lib/python3.7/site-packages/airflow/example_dags/example_latest_only.py
[2023-05-27T14:46:07.425+0000] {processor.py:766} INFO - DAG(s) dict_keys(['latest_only']) retrieved from /home/airflow/.local/lib/python3.7/site-packages/airflow/example_dags/example_latest_only.py
[2023-05-27T14:46:07.585+0000] {logging_mixin.py:120} INFO - [2023-05-27T14:46:07.585+0000] {dag.py:2585} INFO - Sync 1 DAGs
[2023-05-27T14:46:07.624+0000] {logging_mixin.py:120} INFO - [2023-05-27T14:46:07.624+0000] {dag.py:3340} INFO - Setting next_dagrun for latest_only to 2023-05-27T10:46:07.623883+00:00, run_after=2023-05-27T14:46:07.623883+00:00
[2023-05-27T14:46:07.647+0000] {processor.py:176} INFO - Processing /home/airflow/.local/lib/python3.7/site-packages/airflow/example_dags/example_latest_only.py took 0.336 seconds
[2023-05-27T14:46:38.572+0000] {processor.py:154} INFO - Started process (PID=993) to work on /home/airflow/.local/lib/python3.7/site-packages/airflow/example_dags/example_latest_only.py
[2023-05-27T14:46:38.582+0000] {processor.py:756} INFO - Processing file /home/airflow/.local/lib/python3.7/site-packages/airflow/example_dags/example_latest_only.py for tasks to queue
[2023-05-27T14:46:38.583+0000] {logging_mixin.py:120} INFO - [2023-05-27T14:46:38.583+0000] {dagbag.py:537} INFO - Filling up the DagBag from /home/airflow/.local/lib/python3.7/site-packages/airflow/example_dags/example_latest_only.py
[2023-05-27T14:46:38.616+0000] {processor.py:766} INFO - DAG(s) dict_keys(['latest_only']) retrieved from /home/airflow/.local/lib/python3.7/site-packages/airflow/example_dags/example_latest_only.py
[2023-05-27T14:46:38.791+0000] {logging_mixin.py:120} INFO - [2023-05-27T14:46:38.790+0000] {dag.py:2585} INFO - Sync 1 DAGs
[2023-05-27T14:46:38.870+0000] {logging_mixin.py:120} INFO - [2023-05-27T14:46:38.867+0000] {dag.py:3340} INFO - Setting next_dagrun for latest_only to 2023-05-27T10:46:38.862210+00:00, run_after=2023-05-27T14:46:38.862210+00:00
[2023-05-27T14:46:38.948+0000] {processor.py:176} INFO - Processing /home/airflow/.local/lib/python3.7/site-packages/airflow/example_dags/example_latest_only.py took 0.380 seconds
[2023-05-27T14:47:08.994+0000] {processor.py:154} INFO - Started process (PID=1047) to work on /home/airflow/.local/lib/python3.7/site-packages/airflow/example_dags/example_latest_only.py
[2023-05-27T14:47:08.998+0000] {processor.py:756} INFO - Processing file /home/airflow/.local/lib/python3.7/site-packages/airflow/example_dags/example_latest_only.py for tasks to queue
[2023-05-27T14:47:08.998+0000] {logging_mixin.py:120} INFO - [2023-05-27T14:47:08.998+0000] {dagbag.py:537} INFO - Filling up the DagBag from /home/airflow/.local/lib/python3.7/site-packages/airflow/example_dags/example_latest_only.py
[2023-05-27T14:47:09.024+0000] {processor.py:766} INFO - DAG(s) dict_keys(['latest_only']) retrieved from /home/airflow/.local/lib/python3.7/site-packages/airflow/example_dags/example_latest_only.py
[2023-05-27T14:47:09.075+0000] {logging_mixin.py:120} INFO - [2023-05-27T14:47:09.075+0000] {dag.py:2585} INFO - Sync 1 DAGs
[2023-05-27T14:47:09.108+0000] {logging_mixin.py:120} INFO - [2023-05-27T14:47:09.107+0000] {dag.py:3340} INFO - Setting next_dagrun for latest_only to 2023-05-27T10:47:09.107684+00:00, run_after=2023-05-27T14:47:09.107684+00:00
[2023-05-27T14:47:09.132+0000] {processor.py:176} INFO - Processing /home/airflow/.local/lib/python3.7/site-packages/airflow/example_dags/example_latest_only.py took 0.142 seconds
[2023-05-27T14:47:40.155+0000] {processor.py:154} INFO - Started process (PID=1102) to work on /home/airflow/.local/lib/python3.7/site-packages/airflow/example_dags/example_latest_only.py
[2023-05-27T14:47:40.160+0000] {processor.py:756} INFO - Processing file /home/airflow/.local/lib/python3.7/site-packages/airflow/example_dags/example_latest_only.py for tasks to queue
[2023-05-27T14:47:40.168+0000] {logging_mixin.py:120} INFO - [2023-05-27T14:47:40.167+0000] {dagbag.py:537} INFO - Filling up the DagBag from /home/airflow/.local/lib/python3.7/site-packages/airflow/example_dags/example_latest_only.py
[2023-05-27T14:47:40.214+0000] {processor.py:766} INFO - DAG(s) dict_keys(['latest_only']) retrieved from /home/airflow/.local/lib/python3.7/site-packages/airflow/example_dags/example_latest_only.py
[2023-05-27T14:47:40.311+0000] {logging_mixin.py:120} INFO - [2023-05-27T14:47:40.307+0000] {dag.py:2585} INFO - Sync 1 DAGs
[2023-05-27T14:47:40.385+0000] {logging_mixin.py:120} INFO - [2023-05-27T14:47:40.385+0000] {dag.py:3340} INFO - Setting next_dagrun for latest_only to 2023-05-27T10:47:40.384246+00:00, run_after=2023-05-27T14:47:40.384246+00:00
[2023-05-27T14:47:40.489+0000] {processor.py:176} INFO - Processing /home/airflow/.local/lib/python3.7/site-packages/airflow/example_dags/example_latest_only.py took 0.362 seconds
[2023-05-27T14:48:11.508+0000] {processor.py:154} INFO - Started process (PID=1164) to work on /home/airflow/.local/lib/python3.7/site-packages/airflow/example_dags/example_latest_only.py
[2023-05-27T14:48:11.513+0000] {processor.py:756} INFO - Processing file /home/airflow/.local/lib/python3.7/site-packages/airflow/example_dags/example_latest_only.py for tasks to queue
[2023-05-27T14:48:11.517+0000] {logging_mixin.py:120} INFO - [2023-05-27T14:48:11.516+0000] {dagbag.py:537} INFO - Filling up the DagBag from /home/airflow/.local/lib/python3.7/site-packages/airflow/example_dags/example_latest_only.py
[2023-05-27T14:48:11.588+0000] {processor.py:766} INFO - DAG(s) dict_keys(['latest_only']) retrieved from /home/airflow/.local/lib/python3.7/site-packages/airflow/example_dags/example_latest_only.py
[2023-05-27T14:48:11.730+0000] {logging_mixin.py:120} INFO - [2023-05-27T14:48:11.729+0000] {dag.py:2585} INFO - Sync 1 DAGs
[2023-05-27T14:48:11.818+0000] {logging_mixin.py:120} INFO - [2023-05-27T14:48:11.818+0000] {dag.py:3340} INFO - Setting next_dagrun for latest_only to 2023-05-27T10:48:11.815755+00:00, run_after=2023-05-27T14:48:11.815755+00:00
[2023-05-27T14:48:11.875+0000] {processor.py:176} INFO - Processing /home/airflow/.local/lib/python3.7/site-packages/airflow/example_dags/example_latest_only.py took 0.372 seconds
[2023-05-27T14:48:42.096+0000] {processor.py:154} INFO - Started process (PID=1218) to work on /home/airflow/.local/lib/python3.7/site-packages/airflow/example_dags/example_latest_only.py
[2023-05-27T14:48:42.101+0000] {processor.py:756} INFO - Processing file /home/airflow/.local/lib/python3.7/site-packages/airflow/example_dags/example_latest_only.py for tasks to queue
[2023-05-27T14:48:42.101+0000] {logging_mixin.py:120} INFO - [2023-05-27T14:48:42.101+0000] {dagbag.py:537} INFO - Filling up the DagBag from /home/airflow/.local/lib/python3.7/site-packages/airflow/example_dags/example_latest_only.py
[2023-05-27T14:48:42.123+0000] {processor.py:766} INFO - DAG(s) dict_keys(['latest_only']) retrieved from /home/airflow/.local/lib/python3.7/site-packages/airflow/example_dags/example_latest_only.py
[2023-05-27T14:48:42.177+0000] {logging_mixin.py:120} INFO - [2023-05-27T14:48:42.177+0000] {dag.py:2585} INFO - Sync 1 DAGs
[2023-05-27T14:48:42.208+0000] {logging_mixin.py:120} INFO - [2023-05-27T14:48:42.208+0000] {dag.py:3340} INFO - Setting next_dagrun for latest_only to 2023-05-27T10:48:42.207859+00:00, run_after=2023-05-27T14:48:42.207859+00:00
[2023-05-27T14:48:42.229+0000] {processor.py:176} INFO - Processing /home/airflow/.local/lib/python3.7/site-packages/airflow/example_dags/example_latest_only.py took 0.137 seconds
[2023-05-27T14:49:13.076+0000] {processor.py:154} INFO - Started process (PID=1281) to work on /home/airflow/.local/lib/python3.7/site-packages/airflow/example_dags/example_latest_only.py
[2023-05-27T14:49:13.078+0000] {processor.py:756} INFO - Processing file /home/airflow/.local/lib/python3.7/site-packages/airflow/example_dags/example_latest_only.py for tasks to queue
[2023-05-27T14:49:13.078+0000] {logging_mixin.py:120} INFO - [2023-05-27T14:49:13.078+0000] {dagbag.py:537} INFO - Filling up the DagBag from /home/airflow/.local/lib/python3.7/site-packages/airflow/example_dags/example_latest_only.py
[2023-05-27T14:49:13.099+0000] {processor.py:766} INFO - DAG(s) dict_keys(['latest_only']) retrieved from /home/airflow/.local/lib/python3.7/site-packages/airflow/example_dags/example_latest_only.py
[2023-05-27T14:49:13.149+0000] {logging_mixin.py:120} INFO - [2023-05-27T14:49:13.149+0000] {dag.py:2585} INFO - Sync 1 DAGs
[2023-05-27T14:49:13.180+0000] {logging_mixin.py:120} INFO - [2023-05-27T14:49:13.180+0000] {dag.py:3340} INFO - Setting next_dagrun for latest_only to 2023-05-27T10:49:13.180181+00:00, run_after=2023-05-27T14:49:13.180181+00:00
[2023-05-27T14:49:13.204+0000] {processor.py:176} INFO - Processing /home/airflow/.local/lib/python3.7/site-packages/airflow/example_dags/example_latest_only.py took 0.132 seconds
[2023-05-27T14:49:43.633+0000] {processor.py:154} INFO - Started process (PID=1335) to work on /home/airflow/.local/lib/python3.7/site-packages/airflow/example_dags/example_latest_only.py
[2023-05-27T14:49:43.635+0000] {processor.py:756} INFO - Processing file /home/airflow/.local/lib/python3.7/site-packages/airflow/example_dags/example_latest_only.py for tasks to queue
[2023-05-27T14:49:43.636+0000] {logging_mixin.py:120} INFO - [2023-05-27T14:49:43.636+0000] {dagbag.py:537} INFO - Filling up the DagBag from /home/airflow/.local/lib/python3.7/site-packages/airflow/example_dags/example_latest_only.py
[2023-05-27T14:49:43.672+0000] {processor.py:766} INFO - DAG(s) dict_keys(['latest_only']) retrieved from /home/airflow/.local/lib/python3.7/site-packages/airflow/example_dags/example_latest_only.py
[2023-05-27T14:49:43.765+0000] {logging_mixin.py:120} INFO - [2023-05-27T14:49:43.765+0000] {dag.py:2585} INFO - Sync 1 DAGs
[2023-05-27T14:49:43.802+0000] {logging_mixin.py:120} INFO - [2023-05-27T14:49:43.801+0000] {dag.py:3340} INFO - Setting next_dagrun for latest_only to 2023-05-27T10:49:43.801533+00:00, run_after=2023-05-27T14:49:43.801533+00:00
[2023-05-27T14:49:43.835+0000] {processor.py:176} INFO - Processing /home/airflow/.local/lib/python3.7/site-packages/airflow/example_dags/example_latest_only.py took 0.207 seconds
[2023-05-27T14:50:14.880+0000] {processor.py:154} INFO - Started process (PID=1400) to work on /home/airflow/.local/lib/python3.7/site-packages/airflow/example_dags/example_latest_only.py
[2023-05-27T14:50:14.885+0000] {processor.py:756} INFO - Processing file /home/airflow/.local/lib/python3.7/site-packages/airflow/example_dags/example_latest_only.py for tasks to queue
[2023-05-27T14:50:14.886+0000] {logging_mixin.py:120} INFO - [2023-05-27T14:50:14.886+0000] {dagbag.py:537} INFO - Filling up the DagBag from /home/airflow/.local/lib/python3.7/site-packages/airflow/example_dags/example_latest_only.py
[2023-05-27T14:50:14.911+0000] {processor.py:766} INFO - DAG(s) dict_keys(['latest_only']) retrieved from /home/airflow/.local/lib/python3.7/site-packages/airflow/example_dags/example_latest_only.py
[2023-05-27T14:50:14.964+0000] {logging_mixin.py:120} INFO - [2023-05-27T14:50:14.964+0000] {dag.py:2585} INFO - Sync 1 DAGs
[2023-05-27T14:50:14.997+0000] {logging_mixin.py:120} INFO - [2023-05-27T14:50:14.996+0000] {dag.py:3340} INFO - Setting next_dagrun for latest_only to 2023-05-27T10:50:14.996592+00:00, run_after=2023-05-27T14:50:14.996592+00:00
[2023-05-27T14:50:15.019+0000] {processor.py:176} INFO - Processing /home/airflow/.local/lib/python3.7/site-packages/airflow/example_dags/example_latest_only.py took 0.143 seconds
[2023-05-27T14:50:45.228+0000] {processor.py:154} INFO - Started process (PID=1454) to work on /home/airflow/.local/lib/python3.7/site-packages/airflow/example_dags/example_latest_only.py
[2023-05-27T14:50:45.230+0000] {processor.py:756} INFO - Processing file /home/airflow/.local/lib/python3.7/site-packages/airflow/example_dags/example_latest_only.py for tasks to queue
[2023-05-27T14:50:45.231+0000] {logging_mixin.py:120} INFO - [2023-05-27T14:50:45.231+0000] {dagbag.py:537} INFO - Filling up the DagBag from /home/airflow/.local/lib/python3.7/site-packages/airflow/example_dags/example_latest_only.py
[2023-05-27T14:50:45.256+0000] {processor.py:766} INFO - DAG(s) dict_keys(['latest_only']) retrieved from /home/airflow/.local/lib/python3.7/site-packages/airflow/example_dags/example_latest_only.py
[2023-05-27T14:50:45.310+0000] {logging_mixin.py:120} INFO - [2023-05-27T14:50:45.310+0000] {dag.py:2585} INFO - Sync 1 DAGs
[2023-05-27T14:50:45.343+0000] {logging_mixin.py:120} INFO - [2023-05-27T14:50:45.343+0000] {dag.py:3340} INFO - Setting next_dagrun for latest_only to 2023-05-27T10:50:45.342837+00:00, run_after=2023-05-27T14:50:45.342837+00:00
[2023-05-27T14:50:45.364+0000] {processor.py:176} INFO - Processing /home/airflow/.local/lib/python3.7/site-packages/airflow/example_dags/example_latest_only.py took 0.140 seconds
[2023-05-27T14:51:16.147+0000] {processor.py:154} INFO - Started process (PID=1508) to work on /home/airflow/.local/lib/python3.7/site-packages/airflow/example_dags/example_latest_only.py
[2023-05-27T14:51:16.149+0000] {processor.py:756} INFO - Processing file /home/airflow/.local/lib/python3.7/site-packages/airflow/example_dags/example_latest_only.py for tasks to queue
[2023-05-27T14:51:16.150+0000] {logging_mixin.py:120} INFO - [2023-05-27T14:51:16.150+0000] {dagbag.py:537} INFO - Filling up the DagBag from /home/airflow/.local/lib/python3.7/site-packages/airflow/example_dags/example_latest_only.py
[2023-05-27T14:51:16.171+0000] {processor.py:766} INFO - DAG(s) dict_keys(['latest_only']) retrieved from /home/airflow/.local/lib/python3.7/site-packages/airflow/example_dags/example_latest_only.py
[2023-05-27T14:51:16.224+0000] {logging_mixin.py:120} INFO - [2023-05-27T14:51:16.224+0000] {dag.py:2585} INFO - Sync 1 DAGs
[2023-05-27T14:51:16.261+0000] {logging_mixin.py:120} INFO - [2023-05-27T14:51:16.261+0000] {dag.py:3340} INFO - Setting next_dagrun for latest_only to 2023-05-27T10:51:16.260788+00:00, run_after=2023-05-27T14:51:16.260788+00:00
[2023-05-27T14:51:16.285+0000] {processor.py:176} INFO - Processing /home/airflow/.local/lib/python3.7/site-packages/airflow/example_dags/example_latest_only.py took 0.142 seconds
[2023-05-27T14:51:46.402+0000] {processor.py:154} INFO - Started process (PID=1571) to work on /home/airflow/.local/lib/python3.7/site-packages/airflow/example_dags/example_latest_only.py
[2023-05-27T14:51:46.412+0000] {processor.py:756} INFO - Processing file /home/airflow/.local/lib/python3.7/site-packages/airflow/example_dags/example_latest_only.py for tasks to queue
[2023-05-27T14:51:46.412+0000] {logging_mixin.py:120} INFO - [2023-05-27T14:51:46.412+0000] {dagbag.py:537} INFO - Filling up the DagBag from /home/airflow/.local/lib/python3.7/site-packages/airflow/example_dags/example_latest_only.py
[2023-05-27T14:51:46.439+0000] {processor.py:766} INFO - DAG(s) dict_keys(['latest_only']) retrieved from /home/airflow/.local/lib/python3.7/site-packages/airflow/example_dags/example_latest_only.py
[2023-05-27T14:51:46.492+0000] {logging_mixin.py:120} INFO - [2023-05-27T14:51:46.492+0000] {dag.py:2585} INFO - Sync 1 DAGs
[2023-05-27T14:51:46.560+0000] {logging_mixin.py:120} INFO - [2023-05-27T14:51:46.560+0000] {dag.py:3340} INFO - Setting next_dagrun for latest_only to 2023-05-27T10:51:46.559910+00:00, run_after=2023-05-27T14:51:46.559910+00:00
[2023-05-27T14:51:46.597+0000] {processor.py:176} INFO - Processing /home/airflow/.local/lib/python3.7/site-packages/airflow/example_dags/example_latest_only.py took 0.199 seconds
[2023-05-27T14:52:16.784+0000] {processor.py:154} INFO - Started process (PID=1625) to work on /home/airflow/.local/lib/python3.7/site-packages/airflow/example_dags/example_latest_only.py
[2023-05-27T14:52:16.790+0000] {processor.py:756} INFO - Processing file /home/airflow/.local/lib/python3.7/site-packages/airflow/example_dags/example_latest_only.py for tasks to queue
[2023-05-27T14:52:16.795+0000] {logging_mixin.py:120} INFO - [2023-05-27T14:52:16.794+0000] {dagbag.py:537} INFO - Filling up the DagBag from /home/airflow/.local/lib/python3.7/site-packages/airflow/example_dags/example_latest_only.py
[2023-05-27T14:52:16.816+0000] {processor.py:766} INFO - DAG(s) dict_keys(['latest_only']) retrieved from /home/airflow/.local/lib/python3.7/site-packages/airflow/example_dags/example_latest_only.py
[2023-05-27T14:52:16.871+0000] {logging_mixin.py:120} INFO - [2023-05-27T14:52:16.870+0000] {dag.py:2585} INFO - Sync 1 DAGs
[2023-05-27T14:52:16.905+0000] {logging_mixin.py:120} INFO - [2023-05-27T14:52:16.905+0000] {dag.py:3340} INFO - Setting next_dagrun for latest_only to 2023-05-27T10:52:16.905478+00:00, run_after=2023-05-27T14:52:16.905478+00:00
[2023-05-27T14:52:16.942+0000] {processor.py:176} INFO - Processing /home/airflow/.local/lib/python3.7/site-packages/airflow/example_dags/example_latest_only.py took 0.162 seconds
[2023-05-27T14:52:48.851+0000] {processor.py:154} INFO - Started process (PID=1678) to work on /home/airflow/.local/lib/python3.7/site-packages/airflow/example_dags/example_latest_only.py
[2023-05-27T14:52:48.854+0000] {processor.py:756} INFO - Processing file /home/airflow/.local/lib/python3.7/site-packages/airflow/example_dags/example_latest_only.py for tasks to queue
[2023-05-27T14:52:48.855+0000] {logging_mixin.py:120} INFO - [2023-05-27T14:52:48.854+0000] {dagbag.py:537} INFO - Filling up the DagBag from /home/airflow/.local/lib/python3.7/site-packages/airflow/example_dags/example_latest_only.py
[2023-05-27T14:52:49.132+0000] {processor.py:766} INFO - DAG(s) dict_keys(['latest_only']) retrieved from /home/airflow/.local/lib/python3.7/site-packages/airflow/example_dags/example_latest_only.py
[2023-05-27T14:52:50.292+0000] {logging_mixin.py:120} INFO - [2023-05-27T14:52:50.291+0000] {dag.py:2585} INFO - Sync 1 DAGs
[2023-05-27T14:52:50.351+0000] {logging_mixin.py:120} INFO - [2023-05-27T14:52:50.351+0000] {dag.py:3340} INFO - Setting next_dagrun for latest_only to 2023-05-27T10:52:50.334140+00:00, run_after=2023-05-27T14:52:50.334140+00:00
[2023-05-27T14:52:50.407+0000] {processor.py:176} INFO - Processing /home/airflow/.local/lib/python3.7/site-packages/airflow/example_dags/example_latest_only.py took 1.561 seconds
[2023-05-27T14:53:20.840+0000] {processor.py:154} INFO - Started process (PID=1739) to work on /home/airflow/.local/lib/python3.7/site-packages/airflow/example_dags/example_latest_only.py
[2023-05-27T14:53:20.844+0000] {processor.py:756} INFO - Processing file /home/airflow/.local/lib/python3.7/site-packages/airflow/example_dags/example_latest_only.py for tasks to queue
[2023-05-27T14:53:20.845+0000] {logging_mixin.py:120} INFO - [2023-05-27T14:53:20.845+0000] {dagbag.py:537} INFO - Filling up the DagBag from /home/airflow/.local/lib/python3.7/site-packages/airflow/example_dags/example_latest_only.py
[2023-05-27T14:53:20.939+0000] {processor.py:766} INFO - DAG(s) dict_keys(['latest_only']) retrieved from /home/airflow/.local/lib/python3.7/site-packages/airflow/example_dags/example_latest_only.py
[2023-05-27T14:53:21.071+0000] {logging_mixin.py:120} INFO - [2023-05-27T14:53:21.071+0000] {dag.py:2585} INFO - Sync 1 DAGs
[2023-05-27T14:53:21.111+0000] {logging_mixin.py:120} INFO - [2023-05-27T14:53:21.111+0000] {dag.py:3340} INFO - Setting next_dagrun for latest_only to 2023-05-27T10:53:21.111135+00:00, run_after=2023-05-27T14:53:21.111135+00:00
[2023-05-27T14:53:21.168+0000] {processor.py:176} INFO - Processing /home/airflow/.local/lib/python3.7/site-packages/airflow/example_dags/example_latest_only.py took 0.333 seconds
