[2023-05-27T14:38:34.933+0000] {processor.py:154} INFO - Started process (PID=80) to work on /home/airflow/.local/lib/python3.7/site-packages/airflow/example_dags/example_time_delta_sensor_async.py
[2023-05-27T14:38:34.934+0000] {processor.py:756} INFO - Processing file /home/airflow/.local/lib/python3.7/site-packages/airflow/example_dags/example_time_delta_sensor_async.py for tasks to queue
[2023-05-27T14:38:34.935+0000] {logging_mixin.py:120} INFO - [2023-05-27T14:38:34.935+0000] {dagbag.py:537} INFO - Filling up the DagBag from /home/airflow/.local/lib/python3.7/site-packages/airflow/example_dags/example_time_delta_sensor_async.py
[2023-05-27T14:38:34.977+0000] {processor.py:766} INFO - DAG(s) dict_keys(['example_time_delta_sensor_async']) retrieved from /home/airflow/.local/lib/python3.7/site-packages/airflow/example_dags/example_time_delta_sensor_async.py
[2023-05-27T14:38:35.644+0000] {logging_mixin.py:120} INFO - [2023-05-27T14:38:35.644+0000] {manager.py:507} INFO - Created Permission View: can read on DAG:example_time_delta_sensor_async
[2023-05-27T14:38:35.663+0000] {logging_mixin.py:120} INFO - [2023-05-27T14:38:35.663+0000] {manager.py:507} INFO - Created Permission View: can edit on DAG:example_time_delta_sensor_async
[2023-05-27T14:38:35.677+0000] {logging_mixin.py:120} INFO - [2023-05-27T14:38:35.677+0000] {manager.py:507} INFO - Created Permission View: can delete on DAG:example_time_delta_sensor_async
[2023-05-27T14:38:35.677+0000] {logging_mixin.py:120} INFO - [2023-05-27T14:38:35.677+0000] {dag.py:2585} INFO - Sync 1 DAGs
[2023-05-27T14:38:35.701+0000] {logging_mixin.py:120} INFO - [2023-05-27T14:38:35.701+0000] {dag.py:2606} INFO - Creating ORM DAG for example_time_delta_sensor_async
[2023-05-27T14:38:35.727+0000] {logging_mixin.py:120} INFO - [2023-05-27T14:38:35.726+0000] {dag.py:3340} INFO - Setting next_dagrun for example_time_delta_sensor_async to None, run_after=None
[2023-05-27T14:38:35.757+0000] {processor.py:176} INFO - Processing /home/airflow/.local/lib/python3.7/site-packages/airflow/example_dags/example_time_delta_sensor_async.py took 0.832 seconds
[2023-05-27T14:39:06.533+0000] {processor.py:154} INFO - Started process (PID=143) to work on /home/airflow/.local/lib/python3.7/site-packages/airflow/example_dags/example_time_delta_sensor_async.py
[2023-05-27T14:39:06.538+0000] {processor.py:756} INFO - Processing file /home/airflow/.local/lib/python3.7/site-packages/airflow/example_dags/example_time_delta_sensor_async.py for tasks to queue
[2023-05-27T14:39:06.539+0000] {logging_mixin.py:120} INFO - [2023-05-27T14:39:06.539+0000] {dagbag.py:537} INFO - Filling up the DagBag from /home/airflow/.local/lib/python3.7/site-packages/airflow/example_dags/example_time_delta_sensor_async.py
[2023-05-27T14:39:06.575+0000] {processor.py:766} INFO - DAG(s) dict_keys(['example_time_delta_sensor_async']) retrieved from /home/airflow/.local/lib/python3.7/site-packages/airflow/example_dags/example_time_delta_sensor_async.py
[2023-05-27T14:39:07.533+0000] {logging_mixin.py:120} INFO - [2023-05-27T14:39:07.533+0000] {dag.py:2585} INFO - Sync 1 DAGs
[2023-05-27T14:39:07.566+0000] {logging_mixin.py:120} INFO - [2023-05-27T14:39:07.566+0000] {dag.py:3340} INFO - Setting next_dagrun for example_time_delta_sensor_async to None, run_after=None
[2023-05-27T14:39:07.595+0000] {processor.py:176} INFO - Processing /home/airflow/.local/lib/python3.7/site-packages/airflow/example_dags/example_time_delta_sensor_async.py took 1.074 seconds
[2023-05-27T14:39:38.368+0000] {processor.py:154} INFO - Started process (PID=202) to work on /home/airflow/.local/lib/python3.7/site-packages/airflow/example_dags/example_time_delta_sensor_async.py
[2023-05-27T14:39:38.370+0000] {processor.py:756} INFO - Processing file /home/airflow/.local/lib/python3.7/site-packages/airflow/example_dags/example_time_delta_sensor_async.py for tasks to queue
[2023-05-27T14:39:38.371+0000] {logging_mixin.py:120} INFO - [2023-05-27T14:39:38.370+0000] {dagbag.py:537} INFO - Filling up the DagBag from /home/airflow/.local/lib/python3.7/site-packages/airflow/example_dags/example_time_delta_sensor_async.py
[2023-05-27T14:39:38.393+0000] {processor.py:766} INFO - DAG(s) dict_keys(['example_time_delta_sensor_async']) retrieved from /home/airflow/.local/lib/python3.7/site-packages/airflow/example_dags/example_time_delta_sensor_async.py
[2023-05-27T14:39:38.982+0000] {logging_mixin.py:120} INFO - [2023-05-27T14:39:38.982+0000] {dag.py:2585} INFO - Sync 1 DAGs
[2023-05-27T14:39:39.016+0000] {logging_mixin.py:120} INFO - [2023-05-27T14:39:39.015+0000] {dag.py:3340} INFO - Setting next_dagrun for example_time_delta_sensor_async to None, run_after=None
[2023-05-27T14:39:39.037+0000] {processor.py:176} INFO - Processing /home/airflow/.local/lib/python3.7/site-packages/airflow/example_dags/example_time_delta_sensor_async.py took 0.673 seconds
[2023-05-27T14:40:09.696+0000] {processor.py:154} INFO - Started process (PID=264) to work on /home/airflow/.local/lib/python3.7/site-packages/airflow/example_dags/example_time_delta_sensor_async.py
[2023-05-27T14:40:09.697+0000] {processor.py:756} INFO - Processing file /home/airflow/.local/lib/python3.7/site-packages/airflow/example_dags/example_time_delta_sensor_async.py for tasks to queue
[2023-05-27T14:40:09.698+0000] {logging_mixin.py:120} INFO - [2023-05-27T14:40:09.698+0000] {dagbag.py:537} INFO - Filling up the DagBag from /home/airflow/.local/lib/python3.7/site-packages/airflow/example_dags/example_time_delta_sensor_async.py
[2023-05-27T14:40:09.719+0000] {processor.py:766} INFO - DAG(s) dict_keys(['example_time_delta_sensor_async']) retrieved from /home/airflow/.local/lib/python3.7/site-packages/airflow/example_dags/example_time_delta_sensor_async.py
[2023-05-27T14:40:10.457+0000] {logging_mixin.py:120} INFO - [2023-05-27T14:40:10.457+0000] {dag.py:2585} INFO - Sync 1 DAGs
[2023-05-27T14:40:10.489+0000] {logging_mixin.py:120} INFO - [2023-05-27T14:40:10.489+0000] {dag.py:3340} INFO - Setting next_dagrun for example_time_delta_sensor_async to None, run_after=None
[2023-05-27T14:40:10.513+0000] {processor.py:176} INFO - Processing /home/airflow/.local/lib/python3.7/site-packages/airflow/example_dags/example_time_delta_sensor_async.py took 0.821 seconds
[2023-05-27T14:40:41.377+0000] {processor.py:154} INFO - Started process (PID=318) to work on /home/airflow/.local/lib/python3.7/site-packages/airflow/example_dags/example_time_delta_sensor_async.py
[2023-05-27T14:40:41.387+0000] {processor.py:756} INFO - Processing file /home/airflow/.local/lib/python3.7/site-packages/airflow/example_dags/example_time_delta_sensor_async.py for tasks to queue
[2023-05-27T14:40:41.387+0000] {logging_mixin.py:120} INFO - [2023-05-27T14:40:41.387+0000] {dagbag.py:537} INFO - Filling up the DagBag from /home/airflow/.local/lib/python3.7/site-packages/airflow/example_dags/example_time_delta_sensor_async.py
[2023-05-27T14:40:41.439+0000] {processor.py:766} INFO - DAG(s) dict_keys(['example_time_delta_sensor_async']) retrieved from /home/airflow/.local/lib/python3.7/site-packages/airflow/example_dags/example_time_delta_sensor_async.py
[2023-05-27T14:40:42.090+0000] {logging_mixin.py:120} INFO - [2023-05-27T14:40:42.090+0000] {dag.py:2585} INFO - Sync 1 DAGs
[2023-05-27T14:40:42.124+0000] {logging_mixin.py:120} INFO - [2023-05-27T14:40:42.124+0000] {dag.py:3340} INFO - Setting next_dagrun for example_time_delta_sensor_async to None, run_after=None
[2023-05-27T14:40:42.147+0000] {processor.py:176} INFO - Processing /home/airflow/.local/lib/python3.7/site-packages/airflow/example_dags/example_time_delta_sensor_async.py took 0.774 seconds
[2023-05-27T14:41:12.279+0000] {processor.py:154} INFO - Started process (PID=382) to work on /home/airflow/.local/lib/python3.7/site-packages/airflow/example_dags/example_time_delta_sensor_async.py
[2023-05-27T14:41:12.280+0000] {processor.py:756} INFO - Processing file /home/airflow/.local/lib/python3.7/site-packages/airflow/example_dags/example_time_delta_sensor_async.py for tasks to queue
[2023-05-27T14:41:12.281+0000] {logging_mixin.py:120} INFO - [2023-05-27T14:41:12.281+0000] {dagbag.py:537} INFO - Filling up the DagBag from /home/airflow/.local/lib/python3.7/site-packages/airflow/example_dags/example_time_delta_sensor_async.py
[2023-05-27T14:41:12.302+0000] {processor.py:766} INFO - DAG(s) dict_keys(['example_time_delta_sensor_async']) retrieved from /home/airflow/.local/lib/python3.7/site-packages/airflow/example_dags/example_time_delta_sensor_async.py
[2023-05-27T14:41:12.814+0000] {logging_mixin.py:120} INFO - [2023-05-27T14:41:12.814+0000] {dag.py:2585} INFO - Sync 1 DAGs
[2023-05-27T14:41:12.845+0000] {logging_mixin.py:120} INFO - [2023-05-27T14:41:12.845+0000] {dag.py:3340} INFO - Setting next_dagrun for example_time_delta_sensor_async to None, run_after=None
[2023-05-27T14:41:12.872+0000] {processor.py:176} INFO - Processing /home/airflow/.local/lib/python3.7/site-packages/airflow/example_dags/example_time_delta_sensor_async.py took 0.598 seconds
[2023-05-27T14:41:42.926+0000] {processor.py:154} INFO - Started process (PID=437) to work on /home/airflow/.local/lib/python3.7/site-packages/airflow/example_dags/example_time_delta_sensor_async.py
[2023-05-27T14:41:42.928+0000] {processor.py:756} INFO - Processing file /home/airflow/.local/lib/python3.7/site-packages/airflow/example_dags/example_time_delta_sensor_async.py for tasks to queue
[2023-05-27T14:41:42.929+0000] {logging_mixin.py:120} INFO - [2023-05-27T14:41:42.929+0000] {dagbag.py:537} INFO - Filling up the DagBag from /home/airflow/.local/lib/python3.7/site-packages/airflow/example_dags/example_time_delta_sensor_async.py
[2023-05-27T14:41:42.956+0000] {processor.py:766} INFO - DAG(s) dict_keys(['example_time_delta_sensor_async']) retrieved from /home/airflow/.local/lib/python3.7/site-packages/airflow/example_dags/example_time_delta_sensor_async.py
[2023-05-27T14:41:43.497+0000] {logging_mixin.py:120} INFO - [2023-05-27T14:41:43.497+0000] {dag.py:2585} INFO - Sync 1 DAGs
[2023-05-27T14:41:43.532+0000] {logging_mixin.py:120} INFO - [2023-05-27T14:41:43.532+0000] {dag.py:3340} INFO - Setting next_dagrun for example_time_delta_sensor_async to None, run_after=None
[2023-05-27T14:41:43.575+0000] {processor.py:176} INFO - Processing /home/airflow/.local/lib/python3.7/site-packages/airflow/example_dags/example_time_delta_sensor_async.py took 0.653 seconds
[2023-05-27T14:42:14.155+0000] {processor.py:154} INFO - Started process (PID=500) to work on /home/airflow/.local/lib/python3.7/site-packages/airflow/example_dags/example_time_delta_sensor_async.py
[2023-05-27T14:42:14.157+0000] {processor.py:756} INFO - Processing file /home/airflow/.local/lib/python3.7/site-packages/airflow/example_dags/example_time_delta_sensor_async.py for tasks to queue
[2023-05-27T14:42:14.159+0000] {logging_mixin.py:120} INFO - [2023-05-27T14:42:14.158+0000] {dagbag.py:537} INFO - Filling up the DagBag from /home/airflow/.local/lib/python3.7/site-packages/airflow/example_dags/example_time_delta_sensor_async.py
[2023-05-27T14:42:14.210+0000] {processor.py:766} INFO - DAG(s) dict_keys(['example_time_delta_sensor_async']) retrieved from /home/airflow/.local/lib/python3.7/site-packages/airflow/example_dags/example_time_delta_sensor_async.py
[2023-05-27T14:42:14.866+0000] {logging_mixin.py:120} INFO - [2023-05-27T14:42:14.865+0000] {dag.py:2585} INFO - Sync 1 DAGs
[2023-05-27T14:42:14.944+0000] {logging_mixin.py:120} INFO - [2023-05-27T14:42:14.944+0000] {dag.py:3340} INFO - Setting next_dagrun for example_time_delta_sensor_async to None, run_after=None
[2023-05-27T14:42:14.969+0000] {processor.py:176} INFO - Processing /home/airflow/.local/lib/python3.7/site-packages/airflow/example_dags/example_time_delta_sensor_async.py took 0.818 seconds
[2023-05-27T14:42:45.821+0000] {processor.py:154} INFO - Started process (PID=555) to work on /home/airflow/.local/lib/python3.7/site-packages/airflow/example_dags/example_time_delta_sensor_async.py
[2023-05-27T14:42:45.823+0000] {processor.py:756} INFO - Processing file /home/airflow/.local/lib/python3.7/site-packages/airflow/example_dags/example_time_delta_sensor_async.py for tasks to queue
[2023-05-27T14:42:45.824+0000] {logging_mixin.py:120} INFO - [2023-05-27T14:42:45.824+0000] {dagbag.py:537} INFO - Filling up the DagBag from /home/airflow/.local/lib/python3.7/site-packages/airflow/example_dags/example_time_delta_sensor_async.py
[2023-05-27T14:42:45.909+0000] {processor.py:766} INFO - DAG(s) dict_keys(['example_time_delta_sensor_async']) retrieved from /home/airflow/.local/lib/python3.7/site-packages/airflow/example_dags/example_time_delta_sensor_async.py
[2023-05-27T14:42:46.487+0000] {logging_mixin.py:120} INFO - [2023-05-27T14:42:46.487+0000] {dag.py:2585} INFO - Sync 1 DAGs
[2023-05-27T14:42:46.522+0000] {logging_mixin.py:120} INFO - [2023-05-27T14:42:46.522+0000] {dag.py:3340} INFO - Setting next_dagrun for example_time_delta_sensor_async to None, run_after=None
[2023-05-27T14:42:46.551+0000] {processor.py:176} INFO - Processing /home/airflow/.local/lib/python3.7/site-packages/airflow/example_dags/example_time_delta_sensor_async.py took 0.735 seconds
[2023-05-27T14:43:16.657+0000] {processor.py:154} INFO - Started process (PID=618) to work on /home/airflow/.local/lib/python3.7/site-packages/airflow/example_dags/example_time_delta_sensor_async.py
[2023-05-27T14:43:16.668+0000] {processor.py:756} INFO - Processing file /home/airflow/.local/lib/python3.7/site-packages/airflow/example_dags/example_time_delta_sensor_async.py for tasks to queue
[2023-05-27T14:43:16.669+0000] {logging_mixin.py:120} INFO - [2023-05-27T14:43:16.669+0000] {dagbag.py:537} INFO - Filling up the DagBag from /home/airflow/.local/lib/python3.7/site-packages/airflow/example_dags/example_time_delta_sensor_async.py
[2023-05-27T14:43:16.712+0000] {processor.py:766} INFO - DAG(s) dict_keys(['example_time_delta_sensor_async']) retrieved from /home/airflow/.local/lib/python3.7/site-packages/airflow/example_dags/example_time_delta_sensor_async.py
[2023-05-27T14:43:17.239+0000] {logging_mixin.py:120} INFO - [2023-05-27T14:43:17.238+0000] {dag.py:2585} INFO - Sync 1 DAGs
[2023-05-27T14:43:17.304+0000] {logging_mixin.py:120} INFO - [2023-05-27T14:43:17.304+0000] {dag.py:3340} INFO - Setting next_dagrun for example_time_delta_sensor_async to None, run_after=None
[2023-05-27T14:43:17.338+0000] {processor.py:176} INFO - Processing /home/airflow/.local/lib/python3.7/site-packages/airflow/example_dags/example_time_delta_sensor_async.py took 0.687 seconds
[2023-05-27T14:43:47.540+0000] {processor.py:154} INFO - Started process (PID=672) to work on /home/airflow/.local/lib/python3.7/site-packages/airflow/example_dags/example_time_delta_sensor_async.py
[2023-05-27T14:43:47.542+0000] {processor.py:756} INFO - Processing file /home/airflow/.local/lib/python3.7/site-packages/airflow/example_dags/example_time_delta_sensor_async.py for tasks to queue
[2023-05-27T14:43:47.543+0000] {logging_mixin.py:120} INFO - [2023-05-27T14:43:47.543+0000] {dagbag.py:537} INFO - Filling up the DagBag from /home/airflow/.local/lib/python3.7/site-packages/airflow/example_dags/example_time_delta_sensor_async.py
[2023-05-27T14:43:47.569+0000] {processor.py:766} INFO - DAG(s) dict_keys(['example_time_delta_sensor_async']) retrieved from /home/airflow/.local/lib/python3.7/site-packages/airflow/example_dags/example_time_delta_sensor_async.py
[2023-05-27T14:43:47.817+0000] {logging_mixin.py:120} INFO - [2023-05-27T14:43:47.816+0000] {dag.py:2585} INFO - Sync 1 DAGs
[2023-05-27T14:43:47.847+0000] {logging_mixin.py:120} INFO - [2023-05-27T14:43:47.847+0000] {dag.py:3340} INFO - Setting next_dagrun for example_time_delta_sensor_async to None, run_after=None
[2023-05-27T14:43:47.870+0000] {processor.py:176} INFO - Processing /home/airflow/.local/lib/python3.7/site-packages/airflow/example_dags/example_time_delta_sensor_async.py took 0.334 seconds
[2023-05-27T14:44:18.184+0000] {processor.py:154} INFO - Started process (PID=734) to work on /home/airflow/.local/lib/python3.7/site-packages/airflow/example_dags/example_time_delta_sensor_async.py
[2023-05-27T14:44:18.185+0000] {processor.py:756} INFO - Processing file /home/airflow/.local/lib/python3.7/site-packages/airflow/example_dags/example_time_delta_sensor_async.py for tasks to queue
[2023-05-27T14:44:18.186+0000] {logging_mixin.py:120} INFO - [2023-05-27T14:44:18.186+0000] {dagbag.py:537} INFO - Filling up the DagBag from /home/airflow/.local/lib/python3.7/site-packages/airflow/example_dags/example_time_delta_sensor_async.py
[2023-05-27T14:44:18.268+0000] {processor.py:766} INFO - DAG(s) dict_keys(['example_time_delta_sensor_async']) retrieved from /home/airflow/.local/lib/python3.7/site-packages/airflow/example_dags/example_time_delta_sensor_async.py
[2023-05-27T14:44:19.263+0000] {logging_mixin.py:120} INFO - [2023-05-27T14:44:19.261+0000] {dag.py:2585} INFO - Sync 1 DAGs
[2023-05-27T14:44:19.304+0000] {logging_mixin.py:120} INFO - [2023-05-27T14:44:19.303+0000] {dag.py:3340} INFO - Setting next_dagrun for example_time_delta_sensor_async to None, run_after=None
[2023-05-27T14:44:19.338+0000] {processor.py:176} INFO - Processing /home/airflow/.local/lib/python3.7/site-packages/airflow/example_dags/example_time_delta_sensor_async.py took 1.159 seconds
[2023-05-27T14:44:50.083+0000] {processor.py:154} INFO - Started process (PID=789) to work on /home/airflow/.local/lib/python3.7/site-packages/airflow/example_dags/example_time_delta_sensor_async.py
[2023-05-27T14:44:50.091+0000] {processor.py:756} INFO - Processing file /home/airflow/.local/lib/python3.7/site-packages/airflow/example_dags/example_time_delta_sensor_async.py for tasks to queue
[2023-05-27T14:44:50.092+0000] {logging_mixin.py:120} INFO - [2023-05-27T14:44:50.092+0000] {dagbag.py:537} INFO - Filling up the DagBag from /home/airflow/.local/lib/python3.7/site-packages/airflow/example_dags/example_time_delta_sensor_async.py
[2023-05-27T14:44:50.140+0000] {processor.py:766} INFO - DAG(s) dict_keys(['example_time_delta_sensor_async']) retrieved from /home/airflow/.local/lib/python3.7/site-packages/airflow/example_dags/example_time_delta_sensor_async.py
[2023-05-27T14:44:50.581+0000] {logging_mixin.py:120} INFO - [2023-05-27T14:44:50.581+0000] {dag.py:2585} INFO - Sync 1 DAGs
[2023-05-27T14:44:50.613+0000] {logging_mixin.py:120} INFO - [2023-05-27T14:44:50.613+0000] {dag.py:3340} INFO - Setting next_dagrun for example_time_delta_sensor_async to None, run_after=None
[2023-05-27T14:44:50.637+0000] {processor.py:176} INFO - Processing /home/airflow/.local/lib/python3.7/site-packages/airflow/example_dags/example_time_delta_sensor_async.py took 0.574 seconds
[2023-05-27T14:45:21.325+0000] {processor.py:154} INFO - Started process (PID=844) to work on /home/airflow/.local/lib/python3.7/site-packages/airflow/example_dags/example_time_delta_sensor_async.py
[2023-05-27T14:45:21.330+0000] {processor.py:756} INFO - Processing file /home/airflow/.local/lib/python3.7/site-packages/airflow/example_dags/example_time_delta_sensor_async.py for tasks to queue
[2023-05-27T14:45:21.331+0000] {logging_mixin.py:120} INFO - [2023-05-27T14:45:21.330+0000] {dagbag.py:537} INFO - Filling up the DagBag from /home/airflow/.local/lib/python3.7/site-packages/airflow/example_dags/example_time_delta_sensor_async.py
[2023-05-27T14:45:21.380+0000] {processor.py:766} INFO - DAG(s) dict_keys(['example_time_delta_sensor_async']) retrieved from /home/airflow/.local/lib/python3.7/site-packages/airflow/example_dags/example_time_delta_sensor_async.py
[2023-05-27T14:45:21.721+0000] {logging_mixin.py:120} INFO - [2023-05-27T14:45:21.720+0000] {dag.py:2585} INFO - Sync 1 DAGs
[2023-05-27T14:45:21.795+0000] {logging_mixin.py:120} INFO - [2023-05-27T14:45:21.794+0000] {dag.py:3340} INFO - Setting next_dagrun for example_time_delta_sensor_async to None, run_after=None
[2023-05-27T14:45:21.830+0000] {processor.py:176} INFO - Processing /home/airflow/.local/lib/python3.7/site-packages/airflow/example_dags/example_time_delta_sensor_async.py took 0.516 seconds
[2023-05-27T14:45:52.085+0000] {processor.py:154} INFO - Started process (PID=904) to work on /home/airflow/.local/lib/python3.7/site-packages/airflow/example_dags/example_time_delta_sensor_async.py
[2023-05-27T14:45:52.090+0000] {processor.py:756} INFO - Processing file /home/airflow/.local/lib/python3.7/site-packages/airflow/example_dags/example_time_delta_sensor_async.py for tasks to queue
[2023-05-27T14:45:52.091+0000] {logging_mixin.py:120} INFO - [2023-05-27T14:45:52.090+0000] {dagbag.py:537} INFO - Filling up the DagBag from /home/airflow/.local/lib/python3.7/site-packages/airflow/example_dags/example_time_delta_sensor_async.py
[2023-05-27T14:45:52.217+0000] {processor.py:766} INFO - DAG(s) dict_keys(['example_time_delta_sensor_async']) retrieved from /home/airflow/.local/lib/python3.7/site-packages/airflow/example_dags/example_time_delta_sensor_async.py
[2023-05-27T14:45:53.984+0000] {logging_mixin.py:120} INFO - [2023-05-27T14:45:53.974+0000] {dag.py:2585} INFO - Sync 1 DAGs
[2023-05-27T14:45:54.034+0000] {logging_mixin.py:120} INFO - [2023-05-27T14:45:54.034+0000] {dag.py:3340} INFO - Setting next_dagrun for example_time_delta_sensor_async to None, run_after=None
[2023-05-27T14:45:54.102+0000] {processor.py:176} INFO - Processing /home/airflow/.local/lib/python3.7/site-packages/airflow/example_dags/example_time_delta_sensor_async.py took 2.021 seconds
[2023-05-27T14:46:24.475+0000] {processor.py:154} INFO - Started process (PID=965) to work on /home/airflow/.local/lib/python3.7/site-packages/airflow/example_dags/example_time_delta_sensor_async.py
[2023-05-27T14:46:24.478+0000] {processor.py:756} INFO - Processing file /home/airflow/.local/lib/python3.7/site-packages/airflow/example_dags/example_time_delta_sensor_async.py for tasks to queue
[2023-05-27T14:46:24.478+0000] {logging_mixin.py:120} INFO - [2023-05-27T14:46:24.478+0000] {dagbag.py:537} INFO - Filling up the DagBag from /home/airflow/.local/lib/python3.7/site-packages/airflow/example_dags/example_time_delta_sensor_async.py
[2023-05-27T14:46:24.515+0000] {processor.py:766} INFO - DAG(s) dict_keys(['example_time_delta_sensor_async']) retrieved from /home/airflow/.local/lib/python3.7/site-packages/airflow/example_dags/example_time_delta_sensor_async.py
[2023-05-27T14:46:24.824+0000] {logging_mixin.py:120} INFO - [2023-05-27T14:46:24.824+0000] {dag.py:2585} INFO - Sync 1 DAGs
[2023-05-27T14:46:24.912+0000] {logging_mixin.py:120} INFO - [2023-05-27T14:46:24.911+0000] {dag.py:3340} INFO - Setting next_dagrun for example_time_delta_sensor_async to None, run_after=None
[2023-05-27T14:46:24.958+0000] {processor.py:176} INFO - Processing /home/airflow/.local/lib/python3.7/site-packages/airflow/example_dags/example_time_delta_sensor_async.py took 0.488 seconds
[2023-05-27T14:46:55.896+0000] {processor.py:154} INFO - Started process (PID=1021) to work on /home/airflow/.local/lib/python3.7/site-packages/airflow/example_dags/example_time_delta_sensor_async.py
[2023-05-27T14:46:55.902+0000] {processor.py:756} INFO - Processing file /home/airflow/.local/lib/python3.7/site-packages/airflow/example_dags/example_time_delta_sensor_async.py for tasks to queue
[2023-05-27T14:46:55.902+0000] {logging_mixin.py:120} INFO - [2023-05-27T14:46:55.902+0000] {dagbag.py:537} INFO - Filling up the DagBag from /home/airflow/.local/lib/python3.7/site-packages/airflow/example_dags/example_time_delta_sensor_async.py
[2023-05-27T14:46:55.925+0000] {processor.py:766} INFO - DAG(s) dict_keys(['example_time_delta_sensor_async']) retrieved from /home/airflow/.local/lib/python3.7/site-packages/airflow/example_dags/example_time_delta_sensor_async.py
[2023-05-27T14:46:56.456+0000] {logging_mixin.py:120} INFO - [2023-05-27T14:46:56.456+0000] {dag.py:2585} INFO - Sync 1 DAGs
[2023-05-27T14:46:56.488+0000] {logging_mixin.py:120} INFO - [2023-05-27T14:46:56.488+0000] {dag.py:3340} INFO - Setting next_dagrun for example_time_delta_sensor_async to None, run_after=None
[2023-05-27T14:46:56.513+0000] {processor.py:176} INFO - Processing /home/airflow/.local/lib/python3.7/site-packages/airflow/example_dags/example_time_delta_sensor_async.py took 0.624 seconds
[2023-05-27T14:47:26.623+0000] {processor.py:154} INFO - Started process (PID=1076) to work on /home/airflow/.local/lib/python3.7/site-packages/airflow/example_dags/example_time_delta_sensor_async.py
[2023-05-27T14:47:26.629+0000] {processor.py:756} INFO - Processing file /home/airflow/.local/lib/python3.7/site-packages/airflow/example_dags/example_time_delta_sensor_async.py for tasks to queue
[2023-05-27T14:47:26.629+0000] {logging_mixin.py:120} INFO - [2023-05-27T14:47:26.629+0000] {dagbag.py:537} INFO - Filling up the DagBag from /home/airflow/.local/lib/python3.7/site-packages/airflow/example_dags/example_time_delta_sensor_async.py
[2023-05-27T14:47:26.662+0000] {processor.py:766} INFO - DAG(s) dict_keys(['example_time_delta_sensor_async']) retrieved from /home/airflow/.local/lib/python3.7/site-packages/airflow/example_dags/example_time_delta_sensor_async.py
[2023-05-27T14:47:27.135+0000] {logging_mixin.py:120} INFO - [2023-05-27T14:47:27.134+0000] {dag.py:2585} INFO - Sync 1 DAGs
[2023-05-27T14:47:27.210+0000] {logging_mixin.py:120} INFO - [2023-05-27T14:47:27.204+0000] {dag.py:3340} INFO - Setting next_dagrun for example_time_delta_sensor_async to None, run_after=None
[2023-05-27T14:47:27.298+0000] {processor.py:176} INFO - Processing /home/airflow/.local/lib/python3.7/site-packages/airflow/example_dags/example_time_delta_sensor_async.py took 0.678 seconds
[2023-05-27T14:47:58.073+0000] {processor.py:154} INFO - Started process (PID=1139) to work on /home/airflow/.local/lib/python3.7/site-packages/airflow/example_dags/example_time_delta_sensor_async.py
[2023-05-27T14:47:58.077+0000] {processor.py:756} INFO - Processing file /home/airflow/.local/lib/python3.7/site-packages/airflow/example_dags/example_time_delta_sensor_async.py for tasks to queue
[2023-05-27T14:47:58.079+0000] {logging_mixin.py:120} INFO - [2023-05-27T14:47:58.079+0000] {dagbag.py:537} INFO - Filling up the DagBag from /home/airflow/.local/lib/python3.7/site-packages/airflow/example_dags/example_time_delta_sensor_async.py
[2023-05-27T14:47:58.136+0000] {processor.py:766} INFO - DAG(s) dict_keys(['example_time_delta_sensor_async']) retrieved from /home/airflow/.local/lib/python3.7/site-packages/airflow/example_dags/example_time_delta_sensor_async.py
[2023-05-27T14:47:58.808+0000] {logging_mixin.py:120} INFO - [2023-05-27T14:47:58.807+0000] {dag.py:2585} INFO - Sync 1 DAGs
[2023-05-27T14:47:58.877+0000] {logging_mixin.py:120} INFO - [2023-05-27T14:47:58.877+0000] {dag.py:3340} INFO - Setting next_dagrun for example_time_delta_sensor_async to None, run_after=None
[2023-05-27T14:47:58.937+0000] {processor.py:176} INFO - Processing /home/airflow/.local/lib/python3.7/site-packages/airflow/example_dags/example_time_delta_sensor_async.py took 0.868 seconds
[2023-05-27T14:48:29.327+0000] {processor.py:154} INFO - Started process (PID=1192) to work on /home/airflow/.local/lib/python3.7/site-packages/airflow/example_dags/example_time_delta_sensor_async.py
[2023-05-27T14:48:29.330+0000] {processor.py:756} INFO - Processing file /home/airflow/.local/lib/python3.7/site-packages/airflow/example_dags/example_time_delta_sensor_async.py for tasks to queue
[2023-05-27T14:48:29.331+0000] {logging_mixin.py:120} INFO - [2023-05-27T14:48:29.330+0000] {dagbag.py:537} INFO - Filling up the DagBag from /home/airflow/.local/lib/python3.7/site-packages/airflow/example_dags/example_time_delta_sensor_async.py
[2023-05-27T14:48:29.352+0000] {processor.py:766} INFO - DAG(s) dict_keys(['example_time_delta_sensor_async']) retrieved from /home/airflow/.local/lib/python3.7/site-packages/airflow/example_dags/example_time_delta_sensor_async.py
[2023-05-27T14:48:29.652+0000] {logging_mixin.py:120} INFO - [2023-05-27T14:48:29.651+0000] {dag.py:2585} INFO - Sync 1 DAGs
[2023-05-27T14:48:29.682+0000] {logging_mixin.py:120} INFO - [2023-05-27T14:48:29.682+0000] {dag.py:3340} INFO - Setting next_dagrun for example_time_delta_sensor_async to None, run_after=None
[2023-05-27T14:48:29.706+0000] {processor.py:176} INFO - Processing /home/airflow/.local/lib/python3.7/site-packages/airflow/example_dags/example_time_delta_sensor_async.py took 0.383 seconds
[2023-05-27T14:48:59.938+0000] {processor.py:154} INFO - Started process (PID=1255) to work on /home/airflow/.local/lib/python3.7/site-packages/airflow/example_dags/example_time_delta_sensor_async.py
[2023-05-27T14:48:59.945+0000] {processor.py:756} INFO - Processing file /home/airflow/.local/lib/python3.7/site-packages/airflow/example_dags/example_time_delta_sensor_async.py for tasks to queue
[2023-05-27T14:48:59.946+0000] {logging_mixin.py:120} INFO - [2023-05-27T14:48:59.945+0000] {dagbag.py:537} INFO - Filling up the DagBag from /home/airflow/.local/lib/python3.7/site-packages/airflow/example_dags/example_time_delta_sensor_async.py
[2023-05-27T14:48:59.988+0000] {processor.py:766} INFO - DAG(s) dict_keys(['example_time_delta_sensor_async']) retrieved from /home/airflow/.local/lib/python3.7/site-packages/airflow/example_dags/example_time_delta_sensor_async.py
[2023-05-27T14:49:00.461+0000] {logging_mixin.py:120} INFO - [2023-05-27T14:49:00.461+0000] {dag.py:2585} INFO - Sync 1 DAGs
[2023-05-27T14:49:00.504+0000] {logging_mixin.py:120} INFO - [2023-05-27T14:49:00.504+0000] {dag.py:3340} INFO - Setting next_dagrun for example_time_delta_sensor_async to None, run_after=None
[2023-05-27T14:49:00.525+0000] {processor.py:176} INFO - Processing /home/airflow/.local/lib/python3.7/site-packages/airflow/example_dags/example_time_delta_sensor_async.py took 0.591 seconds
[2023-05-27T14:49:30.899+0000] {processor.py:154} INFO - Started process (PID=1309) to work on /home/airflow/.local/lib/python3.7/site-packages/airflow/example_dags/example_time_delta_sensor_async.py
[2023-05-27T14:49:30.925+0000] {processor.py:756} INFO - Processing file /home/airflow/.local/lib/python3.7/site-packages/airflow/example_dags/example_time_delta_sensor_async.py for tasks to queue
[2023-05-27T14:49:30.925+0000] {logging_mixin.py:120} INFO - [2023-05-27T14:49:30.925+0000] {dagbag.py:537} INFO - Filling up the DagBag from /home/airflow/.local/lib/python3.7/site-packages/airflow/example_dags/example_time_delta_sensor_async.py
[2023-05-27T14:49:30.961+0000] {processor.py:766} INFO - DAG(s) dict_keys(['example_time_delta_sensor_async']) retrieved from /home/airflow/.local/lib/python3.7/site-packages/airflow/example_dags/example_time_delta_sensor_async.py
[2023-05-27T14:49:31.400+0000] {logging_mixin.py:120} INFO - [2023-05-27T14:49:31.400+0000] {dag.py:2585} INFO - Sync 1 DAGs
[2023-05-27T14:49:31.434+0000] {logging_mixin.py:120} INFO - [2023-05-27T14:49:31.434+0000] {dag.py:3340} INFO - Setting next_dagrun for example_time_delta_sensor_async to None, run_after=None
[2023-05-27T14:49:31.457+0000] {processor.py:176} INFO - Processing /home/airflow/.local/lib/python3.7/site-packages/airflow/example_dags/example_time_delta_sensor_async.py took 0.588 seconds
[2023-05-27T14:50:01.561+0000] {processor.py:154} INFO - Started process (PID=1374) to work on /home/airflow/.local/lib/python3.7/site-packages/airflow/example_dags/example_time_delta_sensor_async.py
[2023-05-27T14:50:01.563+0000] {processor.py:756} INFO - Processing file /home/airflow/.local/lib/python3.7/site-packages/airflow/example_dags/example_time_delta_sensor_async.py for tasks to queue
[2023-05-27T14:50:01.565+0000] {logging_mixin.py:120} INFO - [2023-05-27T14:50:01.564+0000] {dagbag.py:537} INFO - Filling up the DagBag from /home/airflow/.local/lib/python3.7/site-packages/airflow/example_dags/example_time_delta_sensor_async.py
[2023-05-27T14:50:01.594+0000] {processor.py:766} INFO - DAG(s) dict_keys(['example_time_delta_sensor_async']) retrieved from /home/airflow/.local/lib/python3.7/site-packages/airflow/example_dags/example_time_delta_sensor_async.py
[2023-05-27T14:50:01.973+0000] {logging_mixin.py:120} INFO - [2023-05-27T14:50:01.973+0000] {dag.py:2585} INFO - Sync 1 DAGs
[2023-05-27T14:50:02.009+0000] {logging_mixin.py:120} INFO - [2023-05-27T14:50:02.008+0000] {dag.py:3340} INFO - Setting next_dagrun for example_time_delta_sensor_async to None, run_after=None
[2023-05-27T14:50:02.100+0000] {processor.py:176} INFO - Processing /home/airflow/.local/lib/python3.7/site-packages/airflow/example_dags/example_time_delta_sensor_async.py took 0.543 seconds
[2023-05-27T14:50:32.741+0000] {processor.py:154} INFO - Started process (PID=1428) to work on /home/airflow/.local/lib/python3.7/site-packages/airflow/example_dags/example_time_delta_sensor_async.py
[2023-05-27T14:50:32.744+0000] {processor.py:756} INFO - Processing file /home/airflow/.local/lib/python3.7/site-packages/airflow/example_dags/example_time_delta_sensor_async.py for tasks to queue
[2023-05-27T14:50:32.745+0000] {logging_mixin.py:120} INFO - [2023-05-27T14:50:32.745+0000] {dagbag.py:537} INFO - Filling up the DagBag from /home/airflow/.local/lib/python3.7/site-packages/airflow/example_dags/example_time_delta_sensor_async.py
[2023-05-27T14:50:32.770+0000] {processor.py:766} INFO - DAG(s) dict_keys(['example_time_delta_sensor_async']) retrieved from /home/airflow/.local/lib/python3.7/site-packages/airflow/example_dags/example_time_delta_sensor_async.py
[2023-05-27T14:50:33.149+0000] {logging_mixin.py:120} INFO - [2023-05-27T14:50:33.148+0000] {dag.py:2585} INFO - Sync 1 DAGs
[2023-05-27T14:50:33.187+0000] {logging_mixin.py:120} INFO - [2023-05-27T14:50:33.187+0000] {dag.py:3340} INFO - Setting next_dagrun for example_time_delta_sensor_async to None, run_after=None
[2023-05-27T14:50:33.208+0000] {processor.py:176} INFO - Processing /home/airflow/.local/lib/python3.7/site-packages/airflow/example_dags/example_time_delta_sensor_async.py took 0.471 seconds
[2023-05-27T14:51:03.540+0000] {processor.py:154} INFO - Started process (PID=1491) to work on /home/airflow/.local/lib/python3.7/site-packages/airflow/example_dags/example_time_delta_sensor_async.py
[2023-05-27T14:51:03.544+0000] {processor.py:756} INFO - Processing file /home/airflow/.local/lib/python3.7/site-packages/airflow/example_dags/example_time_delta_sensor_async.py for tasks to queue
[2023-05-27T14:51:03.547+0000] {logging_mixin.py:120} INFO - [2023-05-27T14:51:03.547+0000] {dagbag.py:537} INFO - Filling up the DagBag from /home/airflow/.local/lib/python3.7/site-packages/airflow/example_dags/example_time_delta_sensor_async.py
[2023-05-27T14:51:03.629+0000] {processor.py:766} INFO - DAG(s) dict_keys(['example_time_delta_sensor_async']) retrieved from /home/airflow/.local/lib/python3.7/site-packages/airflow/example_dags/example_time_delta_sensor_async.py
[2023-05-27T14:51:10.269+0000] {logging_mixin.py:120} INFO - [2023-05-27T14:51:10.246+0000] {dag.py:2585} INFO - Sync 1 DAGs
[2023-05-27T14:51:10.342+0000] {logging_mixin.py:120} INFO - [2023-05-27T14:51:10.342+0000] {dag.py:3340} INFO - Setting next_dagrun for example_time_delta_sensor_async to None, run_after=None
[2023-05-27T14:51:10.378+0000] {processor.py:176} INFO - Processing /home/airflow/.local/lib/python3.7/site-packages/airflow/example_dags/example_time_delta_sensor_async.py took 6.846 seconds
[2023-05-27T14:51:40.978+0000] {processor.py:154} INFO - Started process (PID=1545) to work on /home/airflow/.local/lib/python3.7/site-packages/airflow/example_dags/example_time_delta_sensor_async.py
[2023-05-27T14:51:40.983+0000] {processor.py:756} INFO - Processing file /home/airflow/.local/lib/python3.7/site-packages/airflow/example_dags/example_time_delta_sensor_async.py for tasks to queue
[2023-05-27T14:51:40.984+0000] {logging_mixin.py:120} INFO - [2023-05-27T14:51:40.984+0000] {dagbag.py:537} INFO - Filling up the DagBag from /home/airflow/.local/lib/python3.7/site-packages/airflow/example_dags/example_time_delta_sensor_async.py
[2023-05-27T14:51:41.069+0000] {processor.py:766} INFO - DAG(s) dict_keys(['example_time_delta_sensor_async']) retrieved from /home/airflow/.local/lib/python3.7/site-packages/airflow/example_dags/example_time_delta_sensor_async.py
[2023-05-27T14:51:41.819+0000] {logging_mixin.py:120} INFO - [2023-05-27T14:51:41.819+0000] {dag.py:2585} INFO - Sync 1 DAGs
[2023-05-27T14:51:41.859+0000] {logging_mixin.py:120} INFO - [2023-05-27T14:51:41.858+0000] {dag.py:3340} INFO - Setting next_dagrun for example_time_delta_sensor_async to None, run_after=None
[2023-05-27T14:51:41.883+0000] {processor.py:176} INFO - Processing /home/airflow/.local/lib/python3.7/site-packages/airflow/example_dags/example_time_delta_sensor_async.py took 0.909 seconds
[2023-05-27T14:52:12.140+0000] {processor.py:154} INFO - Started process (PID=1608) to work on /home/airflow/.local/lib/python3.7/site-packages/airflow/example_dags/example_time_delta_sensor_async.py
[2023-05-27T14:52:12.145+0000] {processor.py:756} INFO - Processing file /home/airflow/.local/lib/python3.7/site-packages/airflow/example_dags/example_time_delta_sensor_async.py for tasks to queue
[2023-05-27T14:52:12.146+0000] {logging_mixin.py:120} INFO - [2023-05-27T14:52:12.145+0000] {dagbag.py:537} INFO - Filling up the DagBag from /home/airflow/.local/lib/python3.7/site-packages/airflow/example_dags/example_time_delta_sensor_async.py
[2023-05-27T14:52:12.237+0000] {processor.py:766} INFO - DAG(s) dict_keys(['example_time_delta_sensor_async']) retrieved from /home/airflow/.local/lib/python3.7/site-packages/airflow/example_dags/example_time_delta_sensor_async.py
[2023-05-27T14:52:13.461+0000] {logging_mixin.py:120} INFO - [2023-05-27T14:52:13.461+0000] {dag.py:2585} INFO - Sync 1 DAGs
[2023-05-27T14:52:13.514+0000] {logging_mixin.py:120} INFO - [2023-05-27T14:52:13.513+0000] {dag.py:3340} INFO - Setting next_dagrun for example_time_delta_sensor_async to None, run_after=None
[2023-05-27T14:52:13.537+0000] {processor.py:176} INFO - Processing /home/airflow/.local/lib/python3.7/site-packages/airflow/example_dags/example_time_delta_sensor_async.py took 1.410 seconds
[2023-05-27T14:52:44.606+0000] {processor.py:154} INFO - Started process (PID=1662) to work on /home/airflow/.local/lib/python3.7/site-packages/airflow/example_dags/example_time_delta_sensor_async.py
[2023-05-27T14:52:44.611+0000] {processor.py:756} INFO - Processing file /home/airflow/.local/lib/python3.7/site-packages/airflow/example_dags/example_time_delta_sensor_async.py for tasks to queue
[2023-05-27T14:52:44.611+0000] {logging_mixin.py:120} INFO - [2023-05-27T14:52:44.611+0000] {dagbag.py:537} INFO - Filling up the DagBag from /home/airflow/.local/lib/python3.7/site-packages/airflow/example_dags/example_time_delta_sensor_async.py
[2023-05-27T14:52:44.634+0000] {processor.py:766} INFO - DAG(s) dict_keys(['example_time_delta_sensor_async']) retrieved from /home/airflow/.local/lib/python3.7/site-packages/airflow/example_dags/example_time_delta_sensor_async.py
[2023-05-27T14:52:45.304+0000] {logging_mixin.py:120} INFO - [2023-05-27T14:52:45.304+0000] {dag.py:2585} INFO - Sync 1 DAGs
[2023-05-27T14:52:45.364+0000] {logging_mixin.py:120} INFO - [2023-05-27T14:52:45.364+0000] {dag.py:3340} INFO - Setting next_dagrun for example_time_delta_sensor_async to None, run_after=None
[2023-05-27T14:52:45.410+0000] {processor.py:176} INFO - Processing /home/airflow/.local/lib/python3.7/site-packages/airflow/example_dags/example_time_delta_sensor_async.py took 0.808 seconds
[2023-05-27T14:53:16.840+0000] {processor.py:154} INFO - Started process (PID=1718) to work on /home/airflow/.local/lib/python3.7/site-packages/airflow/example_dags/example_time_delta_sensor_async.py
[2023-05-27T14:53:16.843+0000] {processor.py:756} INFO - Processing file /home/airflow/.local/lib/python3.7/site-packages/airflow/example_dags/example_time_delta_sensor_async.py for tasks to queue
[2023-05-27T14:53:16.844+0000] {logging_mixin.py:120} INFO - [2023-05-27T14:53:16.843+0000] {dagbag.py:537} INFO - Filling up the DagBag from /home/airflow/.local/lib/python3.7/site-packages/airflow/example_dags/example_time_delta_sensor_async.py
[2023-05-27T14:53:16.861+0000] {processor.py:766} INFO - DAG(s) dict_keys(['example_time_delta_sensor_async']) retrieved from /home/airflow/.local/lib/python3.7/site-packages/airflow/example_dags/example_time_delta_sensor_async.py
[2023-05-27T14:53:17.116+0000] {logging_mixin.py:120} INFO - [2023-05-27T14:53:17.116+0000] {dag.py:2585} INFO - Sync 1 DAGs
[2023-05-27T14:53:17.178+0000] {logging_mixin.py:120} INFO - [2023-05-27T14:53:17.178+0000] {dag.py:3340} INFO - Setting next_dagrun for example_time_delta_sensor_async to None, run_after=None
[2023-05-27T14:53:17.220+0000] {processor.py:176} INFO - Processing /home/airflow/.local/lib/python3.7/site-packages/airflow/example_dags/example_time_delta_sensor_async.py took 0.384 seconds
[2023-05-27T14:53:48.089+0000] {processor.py:154} INFO - Started process (PID=1780) to work on /home/airflow/.local/lib/python3.7/site-packages/airflow/example_dags/example_time_delta_sensor_async.py
[2023-05-27T14:53:48.094+0000] {processor.py:756} INFO - Processing file /home/airflow/.local/lib/python3.7/site-packages/airflow/example_dags/example_time_delta_sensor_async.py for tasks to queue
[2023-05-27T14:53:48.095+0000] {logging_mixin.py:120} INFO - [2023-05-27T14:53:48.094+0000] {dagbag.py:537} INFO - Filling up the DagBag from /home/airflow/.local/lib/python3.7/site-packages/airflow/example_dags/example_time_delta_sensor_async.py
[2023-05-27T14:53:48.165+0000] {processor.py:766} INFO - DAG(s) dict_keys(['example_time_delta_sensor_async']) retrieved from /home/airflow/.local/lib/python3.7/site-packages/airflow/example_dags/example_time_delta_sensor_async.py
