[2023-05-27T14:38:25.290+0000] {processor.py:154} INFO - Started process (PID=62) to work on /home/airflow/.local/lib/python3.7/site-packages/airflow/example_dags/example_complex.py
[2023-05-27T14:38:25.291+0000] {processor.py:756} INFO - Processing file /home/airflow/.local/lib/python3.7/site-packages/airflow/example_dags/example_complex.py for tasks to queue
[2023-05-27T14:38:25.308+0000] {logging_mixin.py:120} INFO - [2023-05-27T14:38:25.308+0000] {dagbag.py:537} INFO - Filling up the DagBag from /home/airflow/.local/lib/python3.7/site-packages/airflow/example_dags/example_complex.py
[2023-05-27T14:38:25.406+0000] {logging_mixin.py:120} INFO - [2023-05-27T14:38:25.405+0000] {taskmixin.py:205} WARNING - Dependency <Task(BashOperator): create_entry_group>, delete_entry_group already registered for DAG: example_complex
[2023-05-27T14:38:25.406+0000] {logging_mixin.py:120} INFO - [2023-05-27T14:38:25.406+0000] {taskmixin.py:205} WARNING - Dependency <Task(BashOperator): delete_entry_group>, create_entry_group already registered for DAG: example_complex
[2023-05-27T14:38:25.406+0000] {logging_mixin.py:120} INFO - [2023-05-27T14:38:25.406+0000] {taskmixin.py:205} WARNING - Dependency <Task(BashOperator): create_entry_gcs>, delete_entry already registered for DAG: example_complex
[2023-05-27T14:38:25.406+0000] {logging_mixin.py:120} INFO - [2023-05-27T14:38:25.406+0000] {taskmixin.py:205} WARNING - Dependency <Task(BashOperator): delete_entry>, create_entry_gcs already registered for DAG: example_complex
[2023-05-27T14:38:25.407+0000] {logging_mixin.py:120} INFO - [2023-05-27T14:38:25.407+0000] {taskmixin.py:205} WARNING - Dependency <Task(BashOperator): create_tag>, delete_tag already registered for DAG: example_complex
[2023-05-27T14:38:25.407+0000] {logging_mixin.py:120} INFO - [2023-05-27T14:38:25.407+0000] {taskmixin.py:205} WARNING - Dependency <Task(BashOperator): delete_tag>, create_tag already registered for DAG: example_complex
[2023-05-27T14:38:25.517+0000] {processor.py:766} INFO - DAG(s) dict_keys(['example_complex']) retrieved from /home/airflow/.local/lib/python3.7/site-packages/airflow/example_dags/example_complex.py
[2023-05-27T14:38:26.633+0000] {logging_mixin.py:120} INFO - [2023-05-27T14:38:26.633+0000] {manager.py:507} INFO - Created Permission View: can read on DAG:example_complex
[2023-05-27T14:38:26.675+0000] {logging_mixin.py:120} INFO - [2023-05-27T14:38:26.675+0000] {manager.py:507} INFO - Created Permission View: can edit on DAG:example_complex
[2023-05-27T14:38:26.703+0000] {logging_mixin.py:120} INFO - [2023-05-27T14:38:26.703+0000] {manager.py:507} INFO - Created Permission View: can delete on DAG:example_complex
[2023-05-27T14:38:26.704+0000] {logging_mixin.py:120} INFO - [2023-05-27T14:38:26.704+0000] {dag.py:2585} INFO - Sync 1 DAGs
[2023-05-27T14:38:26.760+0000] {logging_mixin.py:120} INFO - [2023-05-27T14:38:26.755+0000] {dag.py:2606} INFO - Creating ORM DAG for example_complex
[2023-05-27T14:38:26.800+0000] {logging_mixin.py:120} INFO - [2023-05-27T14:38:26.800+0000] {dag.py:3340} INFO - Setting next_dagrun for example_complex to None, run_after=None
[2023-05-27T14:38:26.895+0000] {processor.py:176} INFO - Processing /home/airflow/.local/lib/python3.7/site-packages/airflow/example_dags/example_complex.py took 1.653 seconds
[2023-05-27T14:38:57.512+0000] {processor.py:154} INFO - Started process (PID=116) to work on /home/airflow/.local/lib/python3.7/site-packages/airflow/example_dags/example_complex.py
[2023-05-27T14:38:57.514+0000] {processor.py:756} INFO - Processing file /home/airflow/.local/lib/python3.7/site-packages/airflow/example_dags/example_complex.py for tasks to queue
[2023-05-27T14:38:57.516+0000] {logging_mixin.py:120} INFO - [2023-05-27T14:38:57.516+0000] {dagbag.py:537} INFO - Filling up the DagBag from /home/airflow/.local/lib/python3.7/site-packages/airflow/example_dags/example_complex.py
[2023-05-27T14:38:57.559+0000] {logging_mixin.py:120} INFO - [2023-05-27T14:38:57.551+0000] {taskmixin.py:205} WARNING - Dependency <Task(BashOperator): create_entry_group>, delete_entry_group already registered for DAG: example_complex
[2023-05-27T14:38:57.560+0000] {logging_mixin.py:120} INFO - [2023-05-27T14:38:57.559+0000] {taskmixin.py:205} WARNING - Dependency <Task(BashOperator): delete_entry_group>, create_entry_group already registered for DAG: example_complex
[2023-05-27T14:38:57.560+0000] {logging_mixin.py:120} INFO - [2023-05-27T14:38:57.560+0000] {taskmixin.py:205} WARNING - Dependency <Task(BashOperator): create_entry_gcs>, delete_entry already registered for DAG: example_complex
[2023-05-27T14:38:57.560+0000] {logging_mixin.py:120} INFO - [2023-05-27T14:38:57.560+0000] {taskmixin.py:205} WARNING - Dependency <Task(BashOperator): delete_entry>, create_entry_gcs already registered for DAG: example_complex
[2023-05-27T14:38:57.561+0000] {logging_mixin.py:120} INFO - [2023-05-27T14:38:57.560+0000] {taskmixin.py:205} WARNING - Dependency <Task(BashOperator): create_tag>, delete_tag already registered for DAG: example_complex
[2023-05-27T14:38:57.561+0000] {logging_mixin.py:120} INFO - [2023-05-27T14:38:57.561+0000] {taskmixin.py:205} WARNING - Dependency <Task(BashOperator): delete_tag>, create_tag already registered for DAG: example_complex
[2023-05-27T14:38:57.589+0000] {processor.py:766} INFO - DAG(s) dict_keys(['example_complex']) retrieved from /home/airflow/.local/lib/python3.7/site-packages/airflow/example_dags/example_complex.py
[2023-05-27T14:38:57.714+0000] {logging_mixin.py:120} INFO - [2023-05-27T14:38:57.714+0000] {dag.py:2585} INFO - Sync 1 DAGs
[2023-05-27T14:38:57.772+0000] {logging_mixin.py:120} INFO - [2023-05-27T14:38:57.772+0000] {dag.py:3340} INFO - Setting next_dagrun for example_complex to None, run_after=None
[2023-05-27T14:38:57.816+0000] {processor.py:176} INFO - Processing /home/airflow/.local/lib/python3.7/site-packages/airflow/example_dags/example_complex.py took 0.311 seconds
[2023-05-27T14:39:27.898+0000] {processor.py:154} INFO - Started process (PID=181) to work on /home/airflow/.local/lib/python3.7/site-packages/airflow/example_dags/example_complex.py
[2023-05-27T14:39:27.903+0000] {processor.py:756} INFO - Processing file /home/airflow/.local/lib/python3.7/site-packages/airflow/example_dags/example_complex.py for tasks to queue
[2023-05-27T14:39:27.904+0000] {logging_mixin.py:120} INFO - [2023-05-27T14:39:27.904+0000] {dagbag.py:537} INFO - Filling up the DagBag from /home/airflow/.local/lib/python3.7/site-packages/airflow/example_dags/example_complex.py
[2023-05-27T14:39:27.928+0000] {logging_mixin.py:120} INFO - [2023-05-27T14:39:27.927+0000] {taskmixin.py:205} WARNING - Dependency <Task(BashOperator): create_entry_group>, delete_entry_group already registered for DAG: example_complex
[2023-05-27T14:39:27.928+0000] {logging_mixin.py:120} INFO - [2023-05-27T14:39:27.928+0000] {taskmixin.py:205} WARNING - Dependency <Task(BashOperator): delete_entry_group>, create_entry_group already registered for DAG: example_complex
[2023-05-27T14:39:27.928+0000] {logging_mixin.py:120} INFO - [2023-05-27T14:39:27.928+0000] {taskmixin.py:205} WARNING - Dependency <Task(BashOperator): create_entry_gcs>, delete_entry already registered for DAG: example_complex
[2023-05-27T14:39:27.928+0000] {logging_mixin.py:120} INFO - [2023-05-27T14:39:27.928+0000] {taskmixin.py:205} WARNING - Dependency <Task(BashOperator): delete_entry>, create_entry_gcs already registered for DAG: example_complex
[2023-05-27T14:39:27.929+0000] {logging_mixin.py:120} INFO - [2023-05-27T14:39:27.929+0000] {taskmixin.py:205} WARNING - Dependency <Task(BashOperator): create_tag>, delete_tag already registered for DAG: example_complex
[2023-05-27T14:39:27.929+0000] {logging_mixin.py:120} INFO - [2023-05-27T14:39:27.929+0000] {taskmixin.py:205} WARNING - Dependency <Task(BashOperator): delete_tag>, create_tag already registered for DAG: example_complex
[2023-05-27T14:39:27.938+0000] {processor.py:766} INFO - DAG(s) dict_keys(['example_complex']) retrieved from /home/airflow/.local/lib/python3.7/site-packages/airflow/example_dags/example_complex.py
[2023-05-27T14:39:28.140+0000] {logging_mixin.py:120} INFO - [2023-05-27T14:39:28.140+0000] {dag.py:2585} INFO - Sync 1 DAGs
[2023-05-27T14:39:28.200+0000] {logging_mixin.py:120} INFO - [2023-05-27T14:39:28.200+0000] {dag.py:3340} INFO - Setting next_dagrun for example_complex to None, run_after=None
[2023-05-27T14:39:28.247+0000] {processor.py:176} INFO - Processing /home/airflow/.local/lib/python3.7/site-packages/airflow/example_dags/example_complex.py took 0.357 seconds
[2023-05-27T14:39:59.142+0000] {processor.py:154} INFO - Started process (PID=234) to work on /home/airflow/.local/lib/python3.7/site-packages/airflow/example_dags/example_complex.py
[2023-05-27T14:39:59.155+0000] {processor.py:756} INFO - Processing file /home/airflow/.local/lib/python3.7/site-packages/airflow/example_dags/example_complex.py for tasks to queue
[2023-05-27T14:39:59.156+0000] {logging_mixin.py:120} INFO - [2023-05-27T14:39:59.156+0000] {dagbag.py:537} INFO - Filling up the DagBag from /home/airflow/.local/lib/python3.7/site-packages/airflow/example_dags/example_complex.py
[2023-05-27T14:39:59.220+0000] {logging_mixin.py:120} INFO - [2023-05-27T14:39:59.220+0000] {taskmixin.py:205} WARNING - Dependency <Task(BashOperator): create_entry_group>, delete_entry_group already registered for DAG: example_complex
[2023-05-27T14:39:59.221+0000] {logging_mixin.py:120} INFO - [2023-05-27T14:39:59.221+0000] {taskmixin.py:205} WARNING - Dependency <Task(BashOperator): delete_entry_group>, create_entry_group already registered for DAG: example_complex
[2023-05-27T14:39:59.221+0000] {logging_mixin.py:120} INFO - [2023-05-27T14:39:59.221+0000] {taskmixin.py:205} WARNING - Dependency <Task(BashOperator): create_entry_gcs>, delete_entry already registered for DAG: example_complex
[2023-05-27T14:39:59.221+0000] {logging_mixin.py:120} INFO - [2023-05-27T14:39:59.221+0000] {taskmixin.py:205} WARNING - Dependency <Task(BashOperator): delete_entry>, create_entry_gcs already registered for DAG: example_complex
[2023-05-27T14:39:59.222+0000] {logging_mixin.py:120} INFO - [2023-05-27T14:39:59.221+0000] {taskmixin.py:205} WARNING - Dependency <Task(BashOperator): create_tag>, delete_tag already registered for DAG: example_complex
[2023-05-27T14:39:59.222+0000] {logging_mixin.py:120} INFO - [2023-05-27T14:39:59.222+0000] {taskmixin.py:205} WARNING - Dependency <Task(BashOperator): delete_tag>, create_tag already registered for DAG: example_complex
[2023-05-27T14:39:59.269+0000] {processor.py:766} INFO - DAG(s) dict_keys(['example_complex']) retrieved from /home/airflow/.local/lib/python3.7/site-packages/airflow/example_dags/example_complex.py
[2023-05-27T14:39:59.496+0000] {logging_mixin.py:120} INFO - [2023-05-27T14:39:59.496+0000] {dag.py:2585} INFO - Sync 1 DAGs
[2023-05-27T14:39:59.584+0000] {logging_mixin.py:120} INFO - [2023-05-27T14:39:59.583+0000] {dag.py:3340} INFO - Setting next_dagrun for example_complex to None, run_after=None
[2023-05-27T14:39:59.656+0000] {processor.py:176} INFO - Processing /home/airflow/.local/lib/python3.7/site-packages/airflow/example_dags/example_complex.py took 0.530 seconds
[2023-05-27T14:40:29.809+0000] {processor.py:154} INFO - Started process (PID=295) to work on /home/airflow/.local/lib/python3.7/site-packages/airflow/example_dags/example_complex.py
[2023-05-27T14:40:29.813+0000] {processor.py:756} INFO - Processing file /home/airflow/.local/lib/python3.7/site-packages/airflow/example_dags/example_complex.py for tasks to queue
[2023-05-27T14:40:29.813+0000] {logging_mixin.py:120} INFO - [2023-05-27T14:40:29.813+0000] {dagbag.py:537} INFO - Filling up the DagBag from /home/airflow/.local/lib/python3.7/site-packages/airflow/example_dags/example_complex.py
[2023-05-27T14:40:29.865+0000] {logging_mixin.py:120} INFO - [2023-05-27T14:40:29.865+0000] {taskmixin.py:205} WARNING - Dependency <Task(BashOperator): create_entry_group>, delete_entry_group already registered for DAG: example_complex
[2023-05-27T14:40:29.865+0000] {logging_mixin.py:120} INFO - [2023-05-27T14:40:29.865+0000] {taskmixin.py:205} WARNING - Dependency <Task(BashOperator): delete_entry_group>, create_entry_group already registered for DAG: example_complex
[2023-05-27T14:40:29.866+0000] {logging_mixin.py:120} INFO - [2023-05-27T14:40:29.865+0000] {taskmixin.py:205} WARNING - Dependency <Task(BashOperator): create_entry_gcs>, delete_entry already registered for DAG: example_complex
[2023-05-27T14:40:29.866+0000] {logging_mixin.py:120} INFO - [2023-05-27T14:40:29.866+0000] {taskmixin.py:205} WARNING - Dependency <Task(BashOperator): delete_entry>, create_entry_gcs already registered for DAG: example_complex
[2023-05-27T14:40:29.873+0000] {logging_mixin.py:120} INFO - [2023-05-27T14:40:29.873+0000] {taskmixin.py:205} WARNING - Dependency <Task(BashOperator): create_tag>, delete_tag already registered for DAG: example_complex
[2023-05-27T14:40:29.874+0000] {logging_mixin.py:120} INFO - [2023-05-27T14:40:29.873+0000] {taskmixin.py:205} WARNING - Dependency <Task(BashOperator): delete_tag>, create_tag already registered for DAG: example_complex
[2023-05-27T14:40:29.904+0000] {processor.py:766} INFO - DAG(s) dict_keys(['example_complex']) retrieved from /home/airflow/.local/lib/python3.7/site-packages/airflow/example_dags/example_complex.py
[2023-05-27T14:40:30.048+0000] {logging_mixin.py:120} INFO - [2023-05-27T14:40:30.048+0000] {dag.py:2585} INFO - Sync 1 DAGs
[2023-05-27T14:40:30.100+0000] {logging_mixin.py:120} INFO - [2023-05-27T14:40:30.099+0000] {dag.py:3340} INFO - Setting next_dagrun for example_complex to None, run_after=None
[2023-05-27T14:40:30.139+0000] {processor.py:176} INFO - Processing /home/airflow/.local/lib/python3.7/site-packages/airflow/example_dags/example_complex.py took 0.334 seconds
[2023-05-27T14:41:00.349+0000] {processor.py:154} INFO - Started process (PID=352) to work on /home/airflow/.local/lib/python3.7/site-packages/airflow/example_dags/example_complex.py
[2023-05-27T14:41:00.352+0000] {processor.py:756} INFO - Processing file /home/airflow/.local/lib/python3.7/site-packages/airflow/example_dags/example_complex.py for tasks to queue
[2023-05-27T14:41:00.353+0000] {logging_mixin.py:120} INFO - [2023-05-27T14:41:00.353+0000] {dagbag.py:537} INFO - Filling up the DagBag from /home/airflow/.local/lib/python3.7/site-packages/airflow/example_dags/example_complex.py
[2023-05-27T14:41:00.376+0000] {logging_mixin.py:120} INFO - [2023-05-27T14:41:00.376+0000] {taskmixin.py:205} WARNING - Dependency <Task(BashOperator): create_entry_group>, delete_entry_group already registered for DAG: example_complex
[2023-05-27T14:41:00.377+0000] {logging_mixin.py:120} INFO - [2023-05-27T14:41:00.377+0000] {taskmixin.py:205} WARNING - Dependency <Task(BashOperator): delete_entry_group>, create_entry_group already registered for DAG: example_complex
[2023-05-27T14:41:00.377+0000] {logging_mixin.py:120} INFO - [2023-05-27T14:41:00.377+0000] {taskmixin.py:205} WARNING - Dependency <Task(BashOperator): create_entry_gcs>, delete_entry already registered for DAG: example_complex
[2023-05-27T14:41:00.377+0000] {logging_mixin.py:120} INFO - [2023-05-27T14:41:00.377+0000] {taskmixin.py:205} WARNING - Dependency <Task(BashOperator): delete_entry>, create_entry_gcs already registered for DAG: example_complex
[2023-05-27T14:41:00.378+0000] {logging_mixin.py:120} INFO - [2023-05-27T14:41:00.378+0000] {taskmixin.py:205} WARNING - Dependency <Task(BashOperator): create_tag>, delete_tag already registered for DAG: example_complex
[2023-05-27T14:41:00.378+0000] {logging_mixin.py:120} INFO - [2023-05-27T14:41:00.378+0000] {taskmixin.py:205} WARNING - Dependency <Task(BashOperator): delete_tag>, create_tag already registered for DAG: example_complex
[2023-05-27T14:41:00.390+0000] {processor.py:766} INFO - DAG(s) dict_keys(['example_complex']) retrieved from /home/airflow/.local/lib/python3.7/site-packages/airflow/example_dags/example_complex.py
[2023-05-27T14:41:00.479+0000] {logging_mixin.py:120} INFO - [2023-05-27T14:41:00.479+0000] {dag.py:2585} INFO - Sync 1 DAGs
[2023-05-27T14:41:00.510+0000] {logging_mixin.py:120} INFO - [2023-05-27T14:41:00.509+0000] {dag.py:3340} INFO - Setting next_dagrun for example_complex to None, run_after=None
[2023-05-27T14:41:00.539+0000] {processor.py:176} INFO - Processing /home/airflow/.local/lib/python3.7/site-packages/airflow/example_dags/example_complex.py took 0.194 seconds
[2023-05-27T14:41:31.380+0000] {processor.py:154} INFO - Started process (PID=406) to work on /home/airflow/.local/lib/python3.7/site-packages/airflow/example_dags/example_complex.py
[2023-05-27T14:41:31.383+0000] {processor.py:756} INFO - Processing file /home/airflow/.local/lib/python3.7/site-packages/airflow/example_dags/example_complex.py for tasks to queue
[2023-05-27T14:41:31.384+0000] {logging_mixin.py:120} INFO - [2023-05-27T14:41:31.384+0000] {dagbag.py:537} INFO - Filling up the DagBag from /home/airflow/.local/lib/python3.7/site-packages/airflow/example_dags/example_complex.py
[2023-05-27T14:41:31.441+0000] {logging_mixin.py:120} INFO - [2023-05-27T14:41:31.427+0000] {taskmixin.py:205} WARNING - Dependency <Task(BashOperator): create_entry_group>, delete_entry_group already registered for DAG: example_complex
[2023-05-27T14:41:31.441+0000] {logging_mixin.py:120} INFO - [2023-05-27T14:41:31.441+0000] {taskmixin.py:205} WARNING - Dependency <Task(BashOperator): delete_entry_group>, create_entry_group already registered for DAG: example_complex
[2023-05-27T14:41:31.441+0000] {logging_mixin.py:120} INFO - [2023-05-27T14:41:31.441+0000] {taskmixin.py:205} WARNING - Dependency <Task(BashOperator): create_entry_gcs>, delete_entry already registered for DAG: example_complex
[2023-05-27T14:41:31.442+0000] {logging_mixin.py:120} INFO - [2023-05-27T14:41:31.441+0000] {taskmixin.py:205} WARNING - Dependency <Task(BashOperator): delete_entry>, create_entry_gcs already registered for DAG: example_complex
[2023-05-27T14:41:31.442+0000] {logging_mixin.py:120} INFO - [2023-05-27T14:41:31.442+0000] {taskmixin.py:205} WARNING - Dependency <Task(BashOperator): create_tag>, delete_tag already registered for DAG: example_complex
[2023-05-27T14:41:31.442+0000] {logging_mixin.py:120} INFO - [2023-05-27T14:41:31.442+0000] {taskmixin.py:205} WARNING - Dependency <Task(BashOperator): delete_tag>, create_tag already registered for DAG: example_complex
[2023-05-27T14:41:31.452+0000] {processor.py:766} INFO - DAG(s) dict_keys(['example_complex']) retrieved from /home/airflow/.local/lib/python3.7/site-packages/airflow/example_dags/example_complex.py
[2023-05-27T14:41:31.550+0000] {logging_mixin.py:120} INFO - [2023-05-27T14:41:31.550+0000] {dag.py:2585} INFO - Sync 1 DAGs
[2023-05-27T14:41:31.607+0000] {logging_mixin.py:120} INFO - [2023-05-27T14:41:31.606+0000] {dag.py:3340} INFO - Setting next_dagrun for example_complex to None, run_after=None
[2023-05-27T14:41:31.655+0000] {processor.py:176} INFO - Processing /home/airflow/.local/lib/python3.7/site-packages/airflow/example_dags/example_complex.py took 0.279 seconds
[2023-05-27T14:42:01.763+0000] {processor.py:154} INFO - Started process (PID=471) to work on /home/airflow/.local/lib/python3.7/site-packages/airflow/example_dags/example_complex.py
[2023-05-27T14:42:01.769+0000] {processor.py:756} INFO - Processing file /home/airflow/.local/lib/python3.7/site-packages/airflow/example_dags/example_complex.py for tasks to queue
[2023-05-27T14:42:01.770+0000] {logging_mixin.py:120} INFO - [2023-05-27T14:42:01.769+0000] {dagbag.py:537} INFO - Filling up the DagBag from /home/airflow/.local/lib/python3.7/site-packages/airflow/example_dags/example_complex.py
[2023-05-27T14:42:01.799+0000] {logging_mixin.py:120} INFO - [2023-05-27T14:42:01.799+0000] {taskmixin.py:205} WARNING - Dependency <Task(BashOperator): create_entry_group>, delete_entry_group already registered for DAG: example_complex
[2023-05-27T14:42:01.800+0000] {logging_mixin.py:120} INFO - [2023-05-27T14:42:01.800+0000] {taskmixin.py:205} WARNING - Dependency <Task(BashOperator): delete_entry_group>, create_entry_group already registered for DAG: example_complex
[2023-05-27T14:42:01.800+0000] {logging_mixin.py:120} INFO - [2023-05-27T14:42:01.800+0000] {taskmixin.py:205} WARNING - Dependency <Task(BashOperator): create_entry_gcs>, delete_entry already registered for DAG: example_complex
[2023-05-27T14:42:01.801+0000] {logging_mixin.py:120} INFO - [2023-05-27T14:42:01.800+0000] {taskmixin.py:205} WARNING - Dependency <Task(BashOperator): delete_entry>, create_entry_gcs already registered for DAG: example_complex
[2023-05-27T14:42:01.806+0000] {logging_mixin.py:120} INFO - [2023-05-27T14:42:01.806+0000] {taskmixin.py:205} WARNING - Dependency <Task(BashOperator): create_tag>, delete_tag already registered for DAG: example_complex
[2023-05-27T14:42:01.807+0000] {logging_mixin.py:120} INFO - [2023-05-27T14:42:01.807+0000] {taskmixin.py:205} WARNING - Dependency <Task(BashOperator): delete_tag>, create_tag already registered for DAG: example_complex
[2023-05-27T14:42:01.821+0000] {processor.py:766} INFO - DAG(s) dict_keys(['example_complex']) retrieved from /home/airflow/.local/lib/python3.7/site-packages/airflow/example_dags/example_complex.py
[2023-05-27T14:42:01.917+0000] {logging_mixin.py:120} INFO - [2023-05-27T14:42:01.917+0000] {dag.py:2585} INFO - Sync 1 DAGs
[2023-05-27T14:42:01.950+0000] {logging_mixin.py:120} INFO - [2023-05-27T14:42:01.950+0000] {dag.py:3340} INFO - Setting next_dagrun for example_complex to None, run_after=None
[2023-05-27T14:42:01.979+0000] {processor.py:176} INFO - Processing /home/airflow/.local/lib/python3.7/site-packages/airflow/example_dags/example_complex.py took 0.230 seconds
[2023-05-27T14:42:32.516+0000] {processor.py:154} INFO - Started process (PID=525) to work on /home/airflow/.local/lib/python3.7/site-packages/airflow/example_dags/example_complex.py
[2023-05-27T14:42:32.518+0000] {processor.py:756} INFO - Processing file /home/airflow/.local/lib/python3.7/site-packages/airflow/example_dags/example_complex.py for tasks to queue
[2023-05-27T14:42:32.519+0000] {logging_mixin.py:120} INFO - [2023-05-27T14:42:32.518+0000] {dagbag.py:537} INFO - Filling up the DagBag from /home/airflow/.local/lib/python3.7/site-packages/airflow/example_dags/example_complex.py
[2023-05-27T14:42:32.539+0000] {logging_mixin.py:120} INFO - [2023-05-27T14:42:32.538+0000] {taskmixin.py:205} WARNING - Dependency <Task(BashOperator): create_entry_group>, delete_entry_group already registered for DAG: example_complex
[2023-05-27T14:42:32.539+0000] {logging_mixin.py:120} INFO - [2023-05-27T14:42:32.539+0000] {taskmixin.py:205} WARNING - Dependency <Task(BashOperator): delete_entry_group>, create_entry_group already registered for DAG: example_complex
[2023-05-27T14:42:32.539+0000] {logging_mixin.py:120} INFO - [2023-05-27T14:42:32.539+0000] {taskmixin.py:205} WARNING - Dependency <Task(BashOperator): create_entry_gcs>, delete_entry already registered for DAG: example_complex
[2023-05-27T14:42:32.540+0000] {logging_mixin.py:120} INFO - [2023-05-27T14:42:32.539+0000] {taskmixin.py:205} WARNING - Dependency <Task(BashOperator): delete_entry>, create_entry_gcs already registered for DAG: example_complex
[2023-05-27T14:42:32.540+0000] {logging_mixin.py:120} INFO - [2023-05-27T14:42:32.540+0000] {taskmixin.py:205} WARNING - Dependency <Task(BashOperator): create_tag>, delete_tag already registered for DAG: example_complex
[2023-05-27T14:42:32.540+0000] {logging_mixin.py:120} INFO - [2023-05-27T14:42:32.540+0000] {taskmixin.py:205} WARNING - Dependency <Task(BashOperator): delete_tag>, create_tag already registered for DAG: example_complex
[2023-05-27T14:42:32.550+0000] {processor.py:766} INFO - DAG(s) dict_keys(['example_complex']) retrieved from /home/airflow/.local/lib/python3.7/site-packages/airflow/example_dags/example_complex.py
[2023-05-27T14:42:32.625+0000] {logging_mixin.py:120} INFO - [2023-05-27T14:42:32.625+0000] {dag.py:2585} INFO - Sync 1 DAGs
[2023-05-27T14:42:32.700+0000] {logging_mixin.py:120} INFO - [2023-05-27T14:42:32.700+0000] {dag.py:3340} INFO - Setting next_dagrun for example_complex to None, run_after=None
[2023-05-27T14:42:32.777+0000] {processor.py:176} INFO - Processing /home/airflow/.local/lib/python3.7/site-packages/airflow/example_dags/example_complex.py took 0.267 seconds
[2023-05-27T14:43:02.866+0000] {processor.py:154} INFO - Started process (PID=588) to work on /home/airflow/.local/lib/python3.7/site-packages/airflow/example_dags/example_complex.py
[2023-05-27T14:43:02.870+0000] {processor.py:756} INFO - Processing file /home/airflow/.local/lib/python3.7/site-packages/airflow/example_dags/example_complex.py for tasks to queue
[2023-05-27T14:43:02.871+0000] {logging_mixin.py:120} INFO - [2023-05-27T14:43:02.871+0000] {dagbag.py:537} INFO - Filling up the DagBag from /home/airflow/.local/lib/python3.7/site-packages/airflow/example_dags/example_complex.py
[2023-05-27T14:43:02.904+0000] {logging_mixin.py:120} INFO - [2023-05-27T14:43:02.904+0000] {taskmixin.py:205} WARNING - Dependency <Task(BashOperator): create_entry_group>, delete_entry_group already registered for DAG: example_complex
[2023-05-27T14:43:02.904+0000] {logging_mixin.py:120} INFO - [2023-05-27T14:43:02.904+0000] {taskmixin.py:205} WARNING - Dependency <Task(BashOperator): delete_entry_group>, create_entry_group already registered for DAG: example_complex
[2023-05-27T14:43:02.904+0000] {logging_mixin.py:120} INFO - [2023-05-27T14:43:02.904+0000] {taskmixin.py:205} WARNING - Dependency <Task(BashOperator): create_entry_gcs>, delete_entry already registered for DAG: example_complex
[2023-05-27T14:43:02.905+0000] {logging_mixin.py:120} INFO - [2023-05-27T14:43:02.905+0000] {taskmixin.py:205} WARNING - Dependency <Task(BashOperator): delete_entry>, create_entry_gcs already registered for DAG: example_complex
[2023-05-27T14:43:02.905+0000] {logging_mixin.py:120} INFO - [2023-05-27T14:43:02.905+0000] {taskmixin.py:205} WARNING - Dependency <Task(BashOperator): create_tag>, delete_tag already registered for DAG: example_complex
[2023-05-27T14:43:02.905+0000] {logging_mixin.py:120} INFO - [2023-05-27T14:43:02.905+0000] {taskmixin.py:205} WARNING - Dependency <Task(BashOperator): delete_tag>, create_tag already registered for DAG: example_complex
[2023-05-27T14:43:02.925+0000] {processor.py:766} INFO - DAG(s) dict_keys(['example_complex']) retrieved from /home/airflow/.local/lib/python3.7/site-packages/airflow/example_dags/example_complex.py
[2023-05-27T14:43:03.053+0000] {logging_mixin.py:120} INFO - [2023-05-27T14:43:03.053+0000] {dag.py:2585} INFO - Sync 1 DAGs
[2023-05-27T14:43:03.096+0000] {logging_mixin.py:120} INFO - [2023-05-27T14:43:03.096+0000] {dag.py:3340} INFO - Setting next_dagrun for example_complex to None, run_after=None
[2023-05-27T14:43:03.120+0000] {processor.py:176} INFO - Processing /home/airflow/.local/lib/python3.7/site-packages/airflow/example_dags/example_complex.py took 0.257 seconds
[2023-05-27T14:43:33.509+0000] {processor.py:154} INFO - Started process (PID=642) to work on /home/airflow/.local/lib/python3.7/site-packages/airflow/example_dags/example_complex.py
[2023-05-27T14:43:33.513+0000] {processor.py:756} INFO - Processing file /home/airflow/.local/lib/python3.7/site-packages/airflow/example_dags/example_complex.py for tasks to queue
[2023-05-27T14:43:33.514+0000] {logging_mixin.py:120} INFO - [2023-05-27T14:43:33.513+0000] {dagbag.py:537} INFO - Filling up the DagBag from /home/airflow/.local/lib/python3.7/site-packages/airflow/example_dags/example_complex.py
[2023-05-27T14:43:33.530+0000] {logging_mixin.py:120} INFO - [2023-05-27T14:43:33.530+0000] {taskmixin.py:205} WARNING - Dependency <Task(BashOperator): create_entry_group>, delete_entry_group already registered for DAG: example_complex
[2023-05-27T14:43:33.530+0000] {logging_mixin.py:120} INFO - [2023-05-27T14:43:33.530+0000] {taskmixin.py:205} WARNING - Dependency <Task(BashOperator): delete_entry_group>, create_entry_group already registered for DAG: example_complex
[2023-05-27T14:43:33.531+0000] {logging_mixin.py:120} INFO - [2023-05-27T14:43:33.531+0000] {taskmixin.py:205} WARNING - Dependency <Task(BashOperator): create_entry_gcs>, delete_entry already registered for DAG: example_complex
[2023-05-27T14:43:33.531+0000] {logging_mixin.py:120} INFO - [2023-05-27T14:43:33.531+0000] {taskmixin.py:205} WARNING - Dependency <Task(BashOperator): delete_entry>, create_entry_gcs already registered for DAG: example_complex
[2023-05-27T14:43:33.531+0000] {logging_mixin.py:120} INFO - [2023-05-27T14:43:33.531+0000] {taskmixin.py:205} WARNING - Dependency <Task(BashOperator): create_tag>, delete_tag already registered for DAG: example_complex
[2023-05-27T14:43:33.532+0000] {logging_mixin.py:120} INFO - [2023-05-27T14:43:33.532+0000] {taskmixin.py:205} WARNING - Dependency <Task(BashOperator): delete_tag>, create_tag already registered for DAG: example_complex
[2023-05-27T14:43:33.541+0000] {processor.py:766} INFO - DAG(s) dict_keys(['example_complex']) retrieved from /home/airflow/.local/lib/python3.7/site-packages/airflow/example_dags/example_complex.py
[2023-05-27T14:43:33.597+0000] {logging_mixin.py:120} INFO - [2023-05-27T14:43:33.597+0000] {dag.py:2585} INFO - Sync 1 DAGs
[2023-05-27T14:43:33.633+0000] {logging_mixin.py:120} INFO - [2023-05-27T14:43:33.633+0000] {dag.py:3340} INFO - Setting next_dagrun for example_complex to None, run_after=None
[2023-05-27T14:43:33.727+0000] {processor.py:176} INFO - Processing /home/airflow/.local/lib/python3.7/site-packages/airflow/example_dags/example_complex.py took 0.225 seconds
[2023-05-27T14:44:04.112+0000] {processor.py:154} INFO - Started process (PID=703) to work on /home/airflow/.local/lib/python3.7/site-packages/airflow/example_dags/example_complex.py
[2023-05-27T14:44:04.117+0000] {processor.py:756} INFO - Processing file /home/airflow/.local/lib/python3.7/site-packages/airflow/example_dags/example_complex.py for tasks to queue
[2023-05-27T14:44:04.125+0000] {logging_mixin.py:120} INFO - [2023-05-27T14:44:04.125+0000] {dagbag.py:537} INFO - Filling up the DagBag from /home/airflow/.local/lib/python3.7/site-packages/airflow/example_dags/example_complex.py
[2023-05-27T14:44:04.163+0000] {logging_mixin.py:120} INFO - [2023-05-27T14:44:04.162+0000] {taskmixin.py:205} WARNING - Dependency <Task(BashOperator): create_entry_group>, delete_entry_group already registered for DAG: example_complex
[2023-05-27T14:44:04.163+0000] {logging_mixin.py:120} INFO - [2023-05-27T14:44:04.163+0000] {taskmixin.py:205} WARNING - Dependency <Task(BashOperator): delete_entry_group>, create_entry_group already registered for DAG: example_complex
[2023-05-27T14:44:04.164+0000] {logging_mixin.py:120} INFO - [2023-05-27T14:44:04.163+0000] {taskmixin.py:205} WARNING - Dependency <Task(BashOperator): create_entry_gcs>, delete_entry already registered for DAG: example_complex
[2023-05-27T14:44:04.164+0000] {logging_mixin.py:120} INFO - [2023-05-27T14:44:04.164+0000] {taskmixin.py:205} WARNING - Dependency <Task(BashOperator): delete_entry>, create_entry_gcs already registered for DAG: example_complex
[2023-05-27T14:44:04.164+0000] {logging_mixin.py:120} INFO - [2023-05-27T14:44:04.164+0000] {taskmixin.py:205} WARNING - Dependency <Task(BashOperator): create_tag>, delete_tag already registered for DAG: example_complex
[2023-05-27T14:44:04.164+0000] {logging_mixin.py:120} INFO - [2023-05-27T14:44:04.164+0000] {taskmixin.py:205} WARNING - Dependency <Task(BashOperator): delete_tag>, create_tag already registered for DAG: example_complex
[2023-05-27T14:44:04.187+0000] {processor.py:766} INFO - DAG(s) dict_keys(['example_complex']) retrieved from /home/airflow/.local/lib/python3.7/site-packages/airflow/example_dags/example_complex.py
[2023-05-27T14:44:04.307+0000] {logging_mixin.py:120} INFO - [2023-05-27T14:44:04.307+0000] {dag.py:2585} INFO - Sync 1 DAGs
[2023-05-27T14:44:04.338+0000] {logging_mixin.py:120} INFO - [2023-05-27T14:44:04.337+0000] {dag.py:3340} INFO - Setting next_dagrun for example_complex to None, run_after=None
[2023-05-27T14:44:04.366+0000] {processor.py:176} INFO - Processing /home/airflow/.local/lib/python3.7/site-packages/airflow/example_dags/example_complex.py took 0.258 seconds
[2023-05-27T14:44:34.702+0000] {processor.py:154} INFO - Started process (PID=759) to work on /home/airflow/.local/lib/python3.7/site-packages/airflow/example_dags/example_complex.py
[2023-05-27T14:44:34.704+0000] {processor.py:756} INFO - Processing file /home/airflow/.local/lib/python3.7/site-packages/airflow/example_dags/example_complex.py for tasks to queue
[2023-05-27T14:44:34.705+0000] {logging_mixin.py:120} INFO - [2023-05-27T14:44:34.705+0000] {dagbag.py:537} INFO - Filling up the DagBag from /home/airflow/.local/lib/python3.7/site-packages/airflow/example_dags/example_complex.py
[2023-05-27T14:44:34.721+0000] {logging_mixin.py:120} INFO - [2023-05-27T14:44:34.721+0000] {taskmixin.py:205} WARNING - Dependency <Task(BashOperator): create_entry_group>, delete_entry_group already registered for DAG: example_complex
[2023-05-27T14:44:34.722+0000] {logging_mixin.py:120} INFO - [2023-05-27T14:44:34.722+0000] {taskmixin.py:205} WARNING - Dependency <Task(BashOperator): delete_entry_group>, create_entry_group already registered for DAG: example_complex
[2023-05-27T14:44:34.722+0000] {logging_mixin.py:120} INFO - [2023-05-27T14:44:34.722+0000] {taskmixin.py:205} WARNING - Dependency <Task(BashOperator): create_entry_gcs>, delete_entry already registered for DAG: example_complex
[2023-05-27T14:44:34.722+0000] {logging_mixin.py:120} INFO - [2023-05-27T14:44:34.722+0000] {taskmixin.py:205} WARNING - Dependency <Task(BashOperator): delete_entry>, create_entry_gcs already registered for DAG: example_complex
[2023-05-27T14:44:34.723+0000] {logging_mixin.py:120} INFO - [2023-05-27T14:44:34.722+0000] {taskmixin.py:205} WARNING - Dependency <Task(BashOperator): create_tag>, delete_tag already registered for DAG: example_complex
[2023-05-27T14:44:34.723+0000] {logging_mixin.py:120} INFO - [2023-05-27T14:44:34.723+0000] {taskmixin.py:205} WARNING - Dependency <Task(BashOperator): delete_tag>, create_tag already registered for DAG: example_complex
[2023-05-27T14:44:34.732+0000] {processor.py:766} INFO - DAG(s) dict_keys(['example_complex']) retrieved from /home/airflow/.local/lib/python3.7/site-packages/airflow/example_dags/example_complex.py
[2023-05-27T14:44:34.794+0000] {logging_mixin.py:120} INFO - [2023-05-27T14:44:34.794+0000] {dag.py:2585} INFO - Sync 1 DAGs
[2023-05-27T14:44:34.824+0000] {logging_mixin.py:120} INFO - [2023-05-27T14:44:34.824+0000] {dag.py:3340} INFO - Setting next_dagrun for example_complex to None, run_after=None
[2023-05-27T14:44:34.845+0000] {processor.py:176} INFO - Processing /home/airflow/.local/lib/python3.7/site-packages/airflow/example_dags/example_complex.py took 0.147 seconds
[2023-05-27T14:45:05.268+0000] {processor.py:154} INFO - Started process (PID=812) to work on /home/airflow/.local/lib/python3.7/site-packages/airflow/example_dags/example_complex.py
[2023-05-27T14:45:05.270+0000] {processor.py:756} INFO - Processing file /home/airflow/.local/lib/python3.7/site-packages/airflow/example_dags/example_complex.py for tasks to queue
[2023-05-27T14:45:05.271+0000] {logging_mixin.py:120} INFO - [2023-05-27T14:45:05.271+0000] {dagbag.py:537} INFO - Filling up the DagBag from /home/airflow/.local/lib/python3.7/site-packages/airflow/example_dags/example_complex.py
[2023-05-27T14:45:05.293+0000] {logging_mixin.py:120} INFO - [2023-05-27T14:45:05.293+0000] {taskmixin.py:205} WARNING - Dependency <Task(BashOperator): create_entry_group>, delete_entry_group already registered for DAG: example_complex
[2023-05-27T14:45:05.293+0000] {logging_mixin.py:120} INFO - [2023-05-27T14:45:05.293+0000] {taskmixin.py:205} WARNING - Dependency <Task(BashOperator): delete_entry_group>, create_entry_group already registered for DAG: example_complex
[2023-05-27T14:45:05.294+0000] {logging_mixin.py:120} INFO - [2023-05-27T14:45:05.294+0000] {taskmixin.py:205} WARNING - Dependency <Task(BashOperator): create_entry_gcs>, delete_entry already registered for DAG: example_complex
[2023-05-27T14:45:05.294+0000] {logging_mixin.py:120} INFO - [2023-05-27T14:45:05.294+0000] {taskmixin.py:205} WARNING - Dependency <Task(BashOperator): delete_entry>, create_entry_gcs already registered for DAG: example_complex
[2023-05-27T14:45:05.294+0000] {logging_mixin.py:120} INFO - [2023-05-27T14:45:05.294+0000] {taskmixin.py:205} WARNING - Dependency <Task(BashOperator): create_tag>, delete_tag already registered for DAG: example_complex
[2023-05-27T14:45:05.295+0000] {logging_mixin.py:120} INFO - [2023-05-27T14:45:05.295+0000] {taskmixin.py:205} WARNING - Dependency <Task(BashOperator): delete_tag>, create_tag already registered for DAG: example_complex
[2023-05-27T14:45:05.306+0000] {processor.py:766} INFO - DAG(s) dict_keys(['example_complex']) retrieved from /home/airflow/.local/lib/python3.7/site-packages/airflow/example_dags/example_complex.py
[2023-05-27T14:45:05.378+0000] {logging_mixin.py:120} INFO - [2023-05-27T14:45:05.377+0000] {dag.py:2585} INFO - Sync 1 DAGs
[2023-05-27T14:45:05.426+0000] {logging_mixin.py:120} INFO - [2023-05-27T14:45:05.425+0000] {dag.py:3340} INFO - Setting next_dagrun for example_complex to None, run_after=None
[2023-05-27T14:45:05.457+0000] {processor.py:176} INFO - Processing /home/airflow/.local/lib/python3.7/site-packages/airflow/example_dags/example_complex.py took 0.193 seconds
[2023-05-27T14:45:36.020+0000] {processor.py:154} INFO - Started process (PID=874) to work on /home/airflow/.local/lib/python3.7/site-packages/airflow/example_dags/example_complex.py
[2023-05-27T14:45:36.023+0000] {processor.py:756} INFO - Processing file /home/airflow/.local/lib/python3.7/site-packages/airflow/example_dags/example_complex.py for tasks to queue
[2023-05-27T14:45:36.024+0000] {logging_mixin.py:120} INFO - [2023-05-27T14:45:36.024+0000] {dagbag.py:537} INFO - Filling up the DagBag from /home/airflow/.local/lib/python3.7/site-packages/airflow/example_dags/example_complex.py
[2023-05-27T14:45:36.061+0000] {logging_mixin.py:120} INFO - [2023-05-27T14:45:36.061+0000] {taskmixin.py:205} WARNING - Dependency <Task(BashOperator): create_entry_group>, delete_entry_group already registered for DAG: example_complex
[2023-05-27T14:45:36.061+0000] {logging_mixin.py:120} INFO - [2023-05-27T14:45:36.061+0000] {taskmixin.py:205} WARNING - Dependency <Task(BashOperator): delete_entry_group>, create_entry_group already registered for DAG: example_complex
[2023-05-27T14:45:36.062+0000] {logging_mixin.py:120} INFO - [2023-05-27T14:45:36.062+0000] {taskmixin.py:205} WARNING - Dependency <Task(BashOperator): create_entry_gcs>, delete_entry already registered for DAG: example_complex
[2023-05-27T14:45:36.062+0000] {logging_mixin.py:120} INFO - [2023-05-27T14:45:36.062+0000] {taskmixin.py:205} WARNING - Dependency <Task(BashOperator): delete_entry>, create_entry_gcs already registered for DAG: example_complex
[2023-05-27T14:45:36.062+0000] {logging_mixin.py:120} INFO - [2023-05-27T14:45:36.062+0000] {taskmixin.py:205} WARNING - Dependency <Task(BashOperator): create_tag>, delete_tag already registered for DAG: example_complex
[2023-05-27T14:45:36.062+0000] {logging_mixin.py:120} INFO - [2023-05-27T14:45:36.062+0000] {taskmixin.py:205} WARNING - Dependency <Task(BashOperator): delete_tag>, create_tag already registered for DAG: example_complex
[2023-05-27T14:45:36.074+0000] {processor.py:766} INFO - DAG(s) dict_keys(['example_complex']) retrieved from /home/airflow/.local/lib/python3.7/site-packages/airflow/example_dags/example_complex.py
[2023-05-27T14:45:36.149+0000] {logging_mixin.py:120} INFO - [2023-05-27T14:45:36.149+0000] {dag.py:2585} INFO - Sync 1 DAGs
[2023-05-27T14:45:36.186+0000] {logging_mixin.py:120} INFO - [2023-05-27T14:45:36.186+0000] {dag.py:3340} INFO - Setting next_dagrun for example_complex to None, run_after=None
[2023-05-27T14:45:36.211+0000] {processor.py:176} INFO - Processing /home/airflow/.local/lib/python3.7/site-packages/airflow/example_dags/example_complex.py took 0.199 seconds
[2023-05-27T14:46:06.671+0000] {processor.py:154} INFO - Started process (PID=928) to work on /home/airflow/.local/lib/python3.7/site-packages/airflow/example_dags/example_complex.py
[2023-05-27T14:46:06.684+0000] {processor.py:756} INFO - Processing file /home/airflow/.local/lib/python3.7/site-packages/airflow/example_dags/example_complex.py for tasks to queue
[2023-05-27T14:46:06.684+0000] {logging_mixin.py:120} INFO - [2023-05-27T14:46:06.684+0000] {dagbag.py:537} INFO - Filling up the DagBag from /home/airflow/.local/lib/python3.7/site-packages/airflow/example_dags/example_complex.py
[2023-05-27T14:46:06.709+0000] {logging_mixin.py:120} INFO - [2023-05-27T14:46:06.709+0000] {taskmixin.py:205} WARNING - Dependency <Task(BashOperator): create_entry_group>, delete_entry_group already registered for DAG: example_complex
[2023-05-27T14:46:06.709+0000] {logging_mixin.py:120} INFO - [2023-05-27T14:46:06.709+0000] {taskmixin.py:205} WARNING - Dependency <Task(BashOperator): delete_entry_group>, create_entry_group already registered for DAG: example_complex
[2023-05-27T14:46:06.710+0000] {logging_mixin.py:120} INFO - [2023-05-27T14:46:06.709+0000] {taskmixin.py:205} WARNING - Dependency <Task(BashOperator): create_entry_gcs>, delete_entry already registered for DAG: example_complex
[2023-05-27T14:46:06.710+0000] {logging_mixin.py:120} INFO - [2023-05-27T14:46:06.710+0000] {taskmixin.py:205} WARNING - Dependency <Task(BashOperator): delete_entry>, create_entry_gcs already registered for DAG: example_complex
[2023-05-27T14:46:06.710+0000] {logging_mixin.py:120} INFO - [2023-05-27T14:46:06.710+0000] {taskmixin.py:205} WARNING - Dependency <Task(BashOperator): create_tag>, delete_tag already registered for DAG: example_complex
[2023-05-27T14:46:06.710+0000] {logging_mixin.py:120} INFO - [2023-05-27T14:46:06.710+0000] {taskmixin.py:205} WARNING - Dependency <Task(BashOperator): delete_tag>, create_tag already registered for DAG: example_complex
[2023-05-27T14:46:06.770+0000] {processor.py:766} INFO - DAG(s) dict_keys(['example_complex']) retrieved from /home/airflow/.local/lib/python3.7/site-packages/airflow/example_dags/example_complex.py
[2023-05-27T14:46:07.032+0000] {logging_mixin.py:120} INFO - [2023-05-27T14:46:07.031+0000] {dag.py:2585} INFO - Sync 1 DAGs
[2023-05-27T14:46:07.167+0000] {logging_mixin.py:120} INFO - [2023-05-27T14:46:07.167+0000] {dag.py:3340} INFO - Setting next_dagrun for example_complex to None, run_after=None
[2023-05-27T14:46:07.264+0000] {processor.py:176} INFO - Processing /home/airflow/.local/lib/python3.7/site-packages/airflow/example_dags/example_complex.py took 0.597 seconds
[2023-05-27T14:46:37.309+0000] {processor.py:154} INFO - Started process (PID=991) to work on /home/airflow/.local/lib/python3.7/site-packages/airflow/example_dags/example_complex.py
[2023-05-27T14:46:37.312+0000] {processor.py:756} INFO - Processing file /home/airflow/.local/lib/python3.7/site-packages/airflow/example_dags/example_complex.py for tasks to queue
[2023-05-27T14:46:37.312+0000] {logging_mixin.py:120} INFO - [2023-05-27T14:46:37.312+0000] {dagbag.py:537} INFO - Filling up the DagBag from /home/airflow/.local/lib/python3.7/site-packages/airflow/example_dags/example_complex.py
[2023-05-27T14:46:37.350+0000] {logging_mixin.py:120} INFO - [2023-05-27T14:46:37.350+0000] {taskmixin.py:205} WARNING - Dependency <Task(BashOperator): create_entry_group>, delete_entry_group already registered for DAG: example_complex
[2023-05-27T14:46:37.350+0000] {logging_mixin.py:120} INFO - [2023-05-27T14:46:37.350+0000] {taskmixin.py:205} WARNING - Dependency <Task(BashOperator): delete_entry_group>, create_entry_group already registered for DAG: example_complex
[2023-05-27T14:46:37.351+0000] {logging_mixin.py:120} INFO - [2023-05-27T14:46:37.351+0000] {taskmixin.py:205} WARNING - Dependency <Task(BashOperator): create_entry_gcs>, delete_entry already registered for DAG: example_complex
[2023-05-27T14:46:37.351+0000] {logging_mixin.py:120} INFO - [2023-05-27T14:46:37.351+0000] {taskmixin.py:205} WARNING - Dependency <Task(BashOperator): delete_entry>, create_entry_gcs already registered for DAG: example_complex
[2023-05-27T14:46:37.352+0000] {logging_mixin.py:120} INFO - [2023-05-27T14:46:37.352+0000] {taskmixin.py:205} WARNING - Dependency <Task(BashOperator): create_tag>, delete_tag already registered for DAG: example_complex
[2023-05-27T14:46:37.352+0000] {logging_mixin.py:120} INFO - [2023-05-27T14:46:37.352+0000] {taskmixin.py:205} WARNING - Dependency <Task(BashOperator): delete_tag>, create_tag already registered for DAG: example_complex
[2023-05-27T14:46:37.375+0000] {processor.py:766} INFO - DAG(s) dict_keys(['example_complex']) retrieved from /home/airflow/.local/lib/python3.7/site-packages/airflow/example_dags/example_complex.py
[2023-05-27T14:46:37.474+0000] {logging_mixin.py:120} INFO - [2023-05-27T14:46:37.474+0000] {dag.py:2585} INFO - Sync 1 DAGs
[2023-05-27T14:46:37.512+0000] {logging_mixin.py:120} INFO - [2023-05-27T14:46:37.512+0000] {dag.py:3340} INFO - Setting next_dagrun for example_complex to None, run_after=None
[2023-05-27T14:46:37.535+0000] {processor.py:176} INFO - Processing /home/airflow/.local/lib/python3.7/site-packages/airflow/example_dags/example_complex.py took 0.230 seconds
[2023-05-27T14:47:07.682+0000] {processor.py:154} INFO - Started process (PID=1045) to work on /home/airflow/.local/lib/python3.7/site-packages/airflow/example_dags/example_complex.py
[2023-05-27T14:47:07.692+0000] {processor.py:756} INFO - Processing file /home/airflow/.local/lib/python3.7/site-packages/airflow/example_dags/example_complex.py for tasks to queue
[2023-05-27T14:47:07.693+0000] {logging_mixin.py:120} INFO - [2023-05-27T14:47:07.693+0000] {dagbag.py:537} INFO - Filling up the DagBag from /home/airflow/.local/lib/python3.7/site-packages/airflow/example_dags/example_complex.py
[2023-05-27T14:47:07.739+0000] {logging_mixin.py:120} INFO - [2023-05-27T14:47:07.738+0000] {taskmixin.py:205} WARNING - Dependency <Task(BashOperator): create_entry_group>, delete_entry_group already registered for DAG: example_complex
[2023-05-27T14:47:07.739+0000] {logging_mixin.py:120} INFO - [2023-05-27T14:47:07.739+0000] {taskmixin.py:205} WARNING - Dependency <Task(BashOperator): delete_entry_group>, create_entry_group already registered for DAG: example_complex
[2023-05-27T14:47:07.743+0000] {logging_mixin.py:120} INFO - [2023-05-27T14:47:07.743+0000] {taskmixin.py:205} WARNING - Dependency <Task(BashOperator): create_entry_gcs>, delete_entry already registered for DAG: example_complex
[2023-05-27T14:47:07.744+0000] {logging_mixin.py:120} INFO - [2023-05-27T14:47:07.744+0000] {taskmixin.py:205} WARNING - Dependency <Task(BashOperator): delete_entry>, create_entry_gcs already registered for DAG: example_complex
[2023-05-27T14:47:07.744+0000] {logging_mixin.py:120} INFO - [2023-05-27T14:47:07.744+0000] {taskmixin.py:205} WARNING - Dependency <Task(BashOperator): create_tag>, delete_tag already registered for DAG: example_complex
[2023-05-27T14:47:07.744+0000] {logging_mixin.py:120} INFO - [2023-05-27T14:47:07.744+0000] {taskmixin.py:205} WARNING - Dependency <Task(BashOperator): delete_tag>, create_tag already registered for DAG: example_complex
[2023-05-27T14:47:07.761+0000] {processor.py:766} INFO - DAG(s) dict_keys(['example_complex']) retrieved from /home/airflow/.local/lib/python3.7/site-packages/airflow/example_dags/example_complex.py
[2023-05-27T14:47:07.860+0000] {logging_mixin.py:120} INFO - [2023-05-27T14:47:07.860+0000] {dag.py:2585} INFO - Sync 1 DAGs
[2023-05-27T14:47:07.918+0000] {logging_mixin.py:120} INFO - [2023-05-27T14:47:07.918+0000] {dag.py:3340} INFO - Setting next_dagrun for example_complex to None, run_after=None
[2023-05-27T14:47:07.956+0000] {processor.py:176} INFO - Processing /home/airflow/.local/lib/python3.7/site-packages/airflow/example_dags/example_complex.py took 0.282 seconds
[2023-05-27T14:47:38.860+0000] {processor.py:154} INFO - Started process (PID=1100) to work on /home/airflow/.local/lib/python3.7/site-packages/airflow/example_dags/example_complex.py
[2023-05-27T14:47:38.864+0000] {processor.py:756} INFO - Processing file /home/airflow/.local/lib/python3.7/site-packages/airflow/example_dags/example_complex.py for tasks to queue
[2023-05-27T14:47:38.867+0000] {logging_mixin.py:120} INFO - [2023-05-27T14:47:38.867+0000] {dagbag.py:537} INFO - Filling up the DagBag from /home/airflow/.local/lib/python3.7/site-packages/airflow/example_dags/example_complex.py
[2023-05-27T14:47:38.909+0000] {logging_mixin.py:120} INFO - [2023-05-27T14:47:38.909+0000] {taskmixin.py:205} WARNING - Dependency <Task(BashOperator): create_entry_group>, delete_entry_group already registered for DAG: example_complex
[2023-05-27T14:47:38.909+0000] {logging_mixin.py:120} INFO - [2023-05-27T14:47:38.909+0000] {taskmixin.py:205} WARNING - Dependency <Task(BashOperator): delete_entry_group>, create_entry_group already registered for DAG: example_complex
[2023-05-27T14:47:38.910+0000] {logging_mixin.py:120} INFO - [2023-05-27T14:47:38.909+0000] {taskmixin.py:205} WARNING - Dependency <Task(BashOperator): create_entry_gcs>, delete_entry already registered for DAG: example_complex
[2023-05-27T14:47:38.910+0000] {logging_mixin.py:120} INFO - [2023-05-27T14:47:38.910+0000] {taskmixin.py:205} WARNING - Dependency <Task(BashOperator): delete_entry>, create_entry_gcs already registered for DAG: example_complex
[2023-05-27T14:47:38.911+0000] {logging_mixin.py:120} INFO - [2023-05-27T14:47:38.911+0000] {taskmixin.py:205} WARNING - Dependency <Task(BashOperator): create_tag>, delete_tag already registered for DAG: example_complex
[2023-05-27T14:47:38.911+0000] {logging_mixin.py:120} INFO - [2023-05-27T14:47:38.911+0000] {taskmixin.py:205} WARNING - Dependency <Task(BashOperator): delete_tag>, create_tag already registered for DAG: example_complex
[2023-05-27T14:47:38.935+0000] {processor.py:766} INFO - DAG(s) dict_keys(['example_complex']) retrieved from /home/airflow/.local/lib/python3.7/site-packages/airflow/example_dags/example_complex.py
[2023-05-27T14:47:39.040+0000] {logging_mixin.py:120} INFO - [2023-05-27T14:47:39.040+0000] {dag.py:2585} INFO - Sync 1 DAGs
[2023-05-27T14:47:39.073+0000] {logging_mixin.py:120} INFO - [2023-05-27T14:47:39.072+0000] {dag.py:3340} INFO - Setting next_dagrun for example_complex to None, run_after=None
[2023-05-27T14:47:39.095+0000] {processor.py:176} INFO - Processing /home/airflow/.local/lib/python3.7/site-packages/airflow/example_dags/example_complex.py took 0.239 seconds
[2023-05-27T14:48:09.136+0000] {processor.py:154} INFO - Started process (PID=1162) to work on /home/airflow/.local/lib/python3.7/site-packages/airflow/example_dags/example_complex.py
[2023-05-27T14:48:09.139+0000] {processor.py:756} INFO - Processing file /home/airflow/.local/lib/python3.7/site-packages/airflow/example_dags/example_complex.py for tasks to queue
[2023-05-27T14:48:09.140+0000] {logging_mixin.py:120} INFO - [2023-05-27T14:48:09.140+0000] {dagbag.py:537} INFO - Filling up the DagBag from /home/airflow/.local/lib/python3.7/site-packages/airflow/example_dags/example_complex.py
[2023-05-27T14:48:09.178+0000] {logging_mixin.py:120} INFO - [2023-05-27T14:48:09.178+0000] {taskmixin.py:205} WARNING - Dependency <Task(BashOperator): create_entry_group>, delete_entry_group already registered for DAG: example_complex
[2023-05-27T14:48:09.179+0000] {logging_mixin.py:120} INFO - [2023-05-27T14:48:09.178+0000] {taskmixin.py:205} WARNING - Dependency <Task(BashOperator): delete_entry_group>, create_entry_group already registered for DAG: example_complex
[2023-05-27T14:48:09.179+0000] {logging_mixin.py:120} INFO - [2023-05-27T14:48:09.179+0000] {taskmixin.py:205} WARNING - Dependency <Task(BashOperator): create_entry_gcs>, delete_entry already registered for DAG: example_complex
[2023-05-27T14:48:09.180+0000] {logging_mixin.py:120} INFO - [2023-05-27T14:48:09.180+0000] {taskmixin.py:205} WARNING - Dependency <Task(BashOperator): delete_entry>, create_entry_gcs already registered for DAG: example_complex
[2023-05-27T14:48:09.181+0000] {logging_mixin.py:120} INFO - [2023-05-27T14:48:09.180+0000] {taskmixin.py:205} WARNING - Dependency <Task(BashOperator): create_tag>, delete_tag already registered for DAG: example_complex
[2023-05-27T14:48:09.181+0000] {logging_mixin.py:120} INFO - [2023-05-27T14:48:09.181+0000] {taskmixin.py:205} WARNING - Dependency <Task(BashOperator): delete_tag>, create_tag already registered for DAG: example_complex
[2023-05-27T14:48:09.232+0000] {processor.py:766} INFO - DAG(s) dict_keys(['example_complex']) retrieved from /home/airflow/.local/lib/python3.7/site-packages/airflow/example_dags/example_complex.py
[2023-05-27T14:48:09.381+0000] {logging_mixin.py:120} INFO - [2023-05-27T14:48:09.381+0000] {dag.py:2585} INFO - Sync 1 DAGs
[2023-05-27T14:48:09.454+0000] {logging_mixin.py:120} INFO - [2023-05-27T14:48:09.454+0000] {dag.py:3340} INFO - Setting next_dagrun for example_complex to None, run_after=None
[2023-05-27T14:48:09.482+0000] {processor.py:176} INFO - Processing /home/airflow/.local/lib/python3.7/site-packages/airflow/example_dags/example_complex.py took 0.350 seconds
[2023-05-27T14:48:40.059+0000] {processor.py:154} INFO - Started process (PID=1216) to work on /home/airflow/.local/lib/python3.7/site-packages/airflow/example_dags/example_complex.py
[2023-05-27T14:48:40.062+0000] {processor.py:756} INFO - Processing file /home/airflow/.local/lib/python3.7/site-packages/airflow/example_dags/example_complex.py for tasks to queue
[2023-05-27T14:48:40.062+0000] {logging_mixin.py:120} INFO - [2023-05-27T14:48:40.062+0000] {dagbag.py:537} INFO - Filling up the DagBag from /home/airflow/.local/lib/python3.7/site-packages/airflow/example_dags/example_complex.py
[2023-05-27T14:48:40.080+0000] {logging_mixin.py:120} INFO - [2023-05-27T14:48:40.080+0000] {taskmixin.py:205} WARNING - Dependency <Task(BashOperator): create_entry_group>, delete_entry_group already registered for DAG: example_complex
[2023-05-27T14:48:40.080+0000] {logging_mixin.py:120} INFO - [2023-05-27T14:48:40.080+0000] {taskmixin.py:205} WARNING - Dependency <Task(BashOperator): delete_entry_group>, create_entry_group already registered for DAG: example_complex
[2023-05-27T14:48:40.081+0000] {logging_mixin.py:120} INFO - [2023-05-27T14:48:40.080+0000] {taskmixin.py:205} WARNING - Dependency <Task(BashOperator): create_entry_gcs>, delete_entry already registered for DAG: example_complex
[2023-05-27T14:48:40.081+0000] {logging_mixin.py:120} INFO - [2023-05-27T14:48:40.081+0000] {taskmixin.py:205} WARNING - Dependency <Task(BashOperator): delete_entry>, create_entry_gcs already registered for DAG: example_complex
[2023-05-27T14:48:40.081+0000] {logging_mixin.py:120} INFO - [2023-05-27T14:48:40.081+0000] {taskmixin.py:205} WARNING - Dependency <Task(BashOperator): create_tag>, delete_tag already registered for DAG: example_complex
[2023-05-27T14:48:40.081+0000] {logging_mixin.py:120} INFO - [2023-05-27T14:48:40.081+0000] {taskmixin.py:205} WARNING - Dependency <Task(BashOperator): delete_tag>, create_tag already registered for DAG: example_complex
[2023-05-27T14:48:40.091+0000] {processor.py:766} INFO - DAG(s) dict_keys(['example_complex']) retrieved from /home/airflow/.local/lib/python3.7/site-packages/airflow/example_dags/example_complex.py
[2023-05-27T14:48:40.159+0000] {logging_mixin.py:120} INFO - [2023-05-27T14:48:40.157+0000] {dag.py:2585} INFO - Sync 1 DAGs
[2023-05-27T14:48:40.192+0000] {logging_mixin.py:120} INFO - [2023-05-27T14:48:40.192+0000] {dag.py:3340} INFO - Setting next_dagrun for example_complex to None, run_after=None
[2023-05-27T14:48:40.214+0000] {processor.py:176} INFO - Processing /home/airflow/.local/lib/python3.7/site-packages/airflow/example_dags/example_complex.py took 0.158 seconds
[2023-05-27T14:49:10.858+0000] {processor.py:154} INFO - Started process (PID=1279) to work on /home/airflow/.local/lib/python3.7/site-packages/airflow/example_dags/example_complex.py
[2023-05-27T14:49:10.875+0000] {processor.py:756} INFO - Processing file /home/airflow/.local/lib/python3.7/site-packages/airflow/example_dags/example_complex.py for tasks to queue
[2023-05-27T14:49:10.876+0000] {logging_mixin.py:120} INFO - [2023-05-27T14:49:10.876+0000] {dagbag.py:537} INFO - Filling up the DagBag from /home/airflow/.local/lib/python3.7/site-packages/airflow/example_dags/example_complex.py
[2023-05-27T14:49:10.914+0000] {logging_mixin.py:120} INFO - [2023-05-27T14:49:10.914+0000] {taskmixin.py:205} WARNING - Dependency <Task(BashOperator): create_entry_group>, delete_entry_group already registered for DAG: example_complex
[2023-05-27T14:49:10.914+0000] {logging_mixin.py:120} INFO - [2023-05-27T14:49:10.914+0000] {taskmixin.py:205} WARNING - Dependency <Task(BashOperator): delete_entry_group>, create_entry_group already registered for DAG: example_complex
[2023-05-27T14:49:10.915+0000] {logging_mixin.py:120} INFO - [2023-05-27T14:49:10.915+0000] {taskmixin.py:205} WARNING - Dependency <Task(BashOperator): create_entry_gcs>, delete_entry already registered for DAG: example_complex
[2023-05-27T14:49:10.915+0000] {logging_mixin.py:120} INFO - [2023-05-27T14:49:10.915+0000] {taskmixin.py:205} WARNING - Dependency <Task(BashOperator): delete_entry>, create_entry_gcs already registered for DAG: example_complex
[2023-05-27T14:49:10.916+0000] {logging_mixin.py:120} INFO - [2023-05-27T14:49:10.916+0000] {taskmixin.py:205} WARNING - Dependency <Task(BashOperator): create_tag>, delete_tag already registered for DAG: example_complex
[2023-05-27T14:49:10.916+0000] {logging_mixin.py:120} INFO - [2023-05-27T14:49:10.916+0000] {taskmixin.py:205} WARNING - Dependency <Task(BashOperator): delete_tag>, create_tag already registered for DAG: example_complex
[2023-05-27T14:49:10.927+0000] {processor.py:766} INFO - DAG(s) dict_keys(['example_complex']) retrieved from /home/airflow/.local/lib/python3.7/site-packages/airflow/example_dags/example_complex.py
[2023-05-27T14:49:10.987+0000] {logging_mixin.py:120} INFO - [2023-05-27T14:49:10.987+0000] {dag.py:2585} INFO - Sync 1 DAGs
[2023-05-27T14:49:11.019+0000] {logging_mixin.py:120} INFO - [2023-05-27T14:49:11.019+0000] {dag.py:3340} INFO - Setting next_dagrun for example_complex to None, run_after=None
[2023-05-27T14:49:11.041+0000] {processor.py:176} INFO - Processing /home/airflow/.local/lib/python3.7/site-packages/airflow/example_dags/example_complex.py took 0.186 seconds
[2023-05-27T14:49:41.576+0000] {processor.py:154} INFO - Started process (PID=1333) to work on /home/airflow/.local/lib/python3.7/site-packages/airflow/example_dags/example_complex.py
[2023-05-27T14:49:41.582+0000] {processor.py:756} INFO - Processing file /home/airflow/.local/lib/python3.7/site-packages/airflow/example_dags/example_complex.py for tasks to queue
[2023-05-27T14:49:41.582+0000] {logging_mixin.py:120} INFO - [2023-05-27T14:49:41.582+0000] {dagbag.py:537} INFO - Filling up the DagBag from /home/airflow/.local/lib/python3.7/site-packages/airflow/example_dags/example_complex.py
[2023-05-27T14:49:41.625+0000] {logging_mixin.py:120} INFO - [2023-05-27T14:49:41.625+0000] {taskmixin.py:205} WARNING - Dependency <Task(BashOperator): create_entry_group>, delete_entry_group already registered for DAG: example_complex
[2023-05-27T14:49:41.625+0000] {logging_mixin.py:120} INFO - [2023-05-27T14:49:41.625+0000] {taskmixin.py:205} WARNING - Dependency <Task(BashOperator): delete_entry_group>, create_entry_group already registered for DAG: example_complex
[2023-05-27T14:49:41.625+0000] {logging_mixin.py:120} INFO - [2023-05-27T14:49:41.625+0000] {taskmixin.py:205} WARNING - Dependency <Task(BashOperator): create_entry_gcs>, delete_entry already registered for DAG: example_complex
[2023-05-27T14:49:41.626+0000] {logging_mixin.py:120} INFO - [2023-05-27T14:49:41.625+0000] {taskmixin.py:205} WARNING - Dependency <Task(BashOperator): delete_entry>, create_entry_gcs already registered for DAG: example_complex
[2023-05-27T14:49:41.626+0000] {logging_mixin.py:120} INFO - [2023-05-27T14:49:41.626+0000] {taskmixin.py:205} WARNING - Dependency <Task(BashOperator): create_tag>, delete_tag already registered for DAG: example_complex
[2023-05-27T14:49:41.626+0000] {logging_mixin.py:120} INFO - [2023-05-27T14:49:41.626+0000] {taskmixin.py:205} WARNING - Dependency <Task(BashOperator): delete_tag>, create_tag already registered for DAG: example_complex
[2023-05-27T14:49:41.653+0000] {processor.py:766} INFO - DAG(s) dict_keys(['example_complex']) retrieved from /home/airflow/.local/lib/python3.7/site-packages/airflow/example_dags/example_complex.py
[2023-05-27T14:49:41.796+0000] {logging_mixin.py:120} INFO - [2023-05-27T14:49:41.795+0000] {dag.py:2585} INFO - Sync 1 DAGs
[2023-05-27T14:49:41.851+0000] {logging_mixin.py:120} INFO - [2023-05-27T14:49:41.851+0000] {dag.py:3340} INFO - Setting next_dagrun for example_complex to None, run_after=None
[2023-05-27T14:49:41.884+0000] {processor.py:176} INFO - Processing /home/airflow/.local/lib/python3.7/site-packages/airflow/example_dags/example_complex.py took 0.319 seconds
[2023-05-27T14:50:12.590+0000] {processor.py:154} INFO - Started process (PID=1398) to work on /home/airflow/.local/lib/python3.7/site-packages/airflow/example_dags/example_complex.py
[2023-05-27T14:50:12.593+0000] {processor.py:756} INFO - Processing file /home/airflow/.local/lib/python3.7/site-packages/airflow/example_dags/example_complex.py for tasks to queue
[2023-05-27T14:50:12.596+0000] {logging_mixin.py:120} INFO - [2023-05-27T14:50:12.596+0000] {dagbag.py:537} INFO - Filling up the DagBag from /home/airflow/.local/lib/python3.7/site-packages/airflow/example_dags/example_complex.py
[2023-05-27T14:50:12.613+0000] {logging_mixin.py:120} INFO - [2023-05-27T14:50:12.613+0000] {taskmixin.py:205} WARNING - Dependency <Task(BashOperator): create_entry_group>, delete_entry_group already registered for DAG: example_complex
[2023-05-27T14:50:12.614+0000] {logging_mixin.py:120} INFO - [2023-05-27T14:50:12.614+0000] {taskmixin.py:205} WARNING - Dependency <Task(BashOperator): delete_entry_group>, create_entry_group already registered for DAG: example_complex
[2023-05-27T14:50:12.614+0000] {logging_mixin.py:120} INFO - [2023-05-27T14:50:12.614+0000] {taskmixin.py:205} WARNING - Dependency <Task(BashOperator): create_entry_gcs>, delete_entry already registered for DAG: example_complex
[2023-05-27T14:50:12.614+0000] {logging_mixin.py:120} INFO - [2023-05-27T14:50:12.614+0000] {taskmixin.py:205} WARNING - Dependency <Task(BashOperator): delete_entry>, create_entry_gcs already registered for DAG: example_complex
[2023-05-27T14:50:12.615+0000] {logging_mixin.py:120} INFO - [2023-05-27T14:50:12.614+0000] {taskmixin.py:205} WARNING - Dependency <Task(BashOperator): create_tag>, delete_tag already registered for DAG: example_complex
[2023-05-27T14:50:12.615+0000] {logging_mixin.py:120} INFO - [2023-05-27T14:50:12.615+0000] {taskmixin.py:205} WARNING - Dependency <Task(BashOperator): delete_tag>, create_tag already registered for DAG: example_complex
[2023-05-27T14:50:12.632+0000] {processor.py:766} INFO - DAG(s) dict_keys(['example_complex']) retrieved from /home/airflow/.local/lib/python3.7/site-packages/airflow/example_dags/example_complex.py
[2023-05-27T14:50:12.764+0000] {logging_mixin.py:120} INFO - [2023-05-27T14:50:12.763+0000] {dag.py:2585} INFO - Sync 1 DAGs
[2023-05-27T14:50:12.797+0000] {logging_mixin.py:120} INFO - [2023-05-27T14:50:12.797+0000] {dag.py:3340} INFO - Setting next_dagrun for example_complex to None, run_after=None
[2023-05-27T14:50:12.839+0000] {processor.py:176} INFO - Processing /home/airflow/.local/lib/python3.7/site-packages/airflow/example_dags/example_complex.py took 0.252 seconds
[2023-05-27T14:50:42.875+0000] {processor.py:154} INFO - Started process (PID=1452) to work on /home/airflow/.local/lib/python3.7/site-packages/airflow/example_dags/example_complex.py
[2023-05-27T14:50:42.878+0000] {processor.py:756} INFO - Processing file /home/airflow/.local/lib/python3.7/site-packages/airflow/example_dags/example_complex.py for tasks to queue
[2023-05-27T14:50:42.879+0000] {logging_mixin.py:120} INFO - [2023-05-27T14:50:42.879+0000] {dagbag.py:537} INFO - Filling up the DagBag from /home/airflow/.local/lib/python3.7/site-packages/airflow/example_dags/example_complex.py
[2023-05-27T14:50:42.897+0000] {logging_mixin.py:120} INFO - [2023-05-27T14:50:42.897+0000] {taskmixin.py:205} WARNING - Dependency <Task(BashOperator): create_entry_group>, delete_entry_group already registered for DAG: example_complex
[2023-05-27T14:50:42.897+0000] {logging_mixin.py:120} INFO - [2023-05-27T14:50:42.897+0000] {taskmixin.py:205} WARNING - Dependency <Task(BashOperator): delete_entry_group>, create_entry_group already registered for DAG: example_complex
[2023-05-27T14:50:42.898+0000] {logging_mixin.py:120} INFO - [2023-05-27T14:50:42.898+0000] {taskmixin.py:205} WARNING - Dependency <Task(BashOperator): create_entry_gcs>, delete_entry already registered for DAG: example_complex
[2023-05-27T14:50:42.898+0000] {logging_mixin.py:120} INFO - [2023-05-27T14:50:42.898+0000] {taskmixin.py:205} WARNING - Dependency <Task(BashOperator): delete_entry>, create_entry_gcs already registered for DAG: example_complex
[2023-05-27T14:50:42.898+0000] {logging_mixin.py:120} INFO - [2023-05-27T14:50:42.898+0000] {taskmixin.py:205} WARNING - Dependency <Task(BashOperator): create_tag>, delete_tag already registered for DAG: example_complex
[2023-05-27T14:50:42.899+0000] {logging_mixin.py:120} INFO - [2023-05-27T14:50:42.898+0000] {taskmixin.py:205} WARNING - Dependency <Task(BashOperator): delete_tag>, create_tag already registered for DAG: example_complex
[2023-05-27T14:50:42.908+0000] {processor.py:766} INFO - DAG(s) dict_keys(['example_complex']) retrieved from /home/airflow/.local/lib/python3.7/site-packages/airflow/example_dags/example_complex.py
[2023-05-27T14:50:43.057+0000] {logging_mixin.py:120} INFO - [2023-05-27T14:50:43.057+0000] {dag.py:2585} INFO - Sync 1 DAGs
[2023-05-27T14:50:43.140+0000] {logging_mixin.py:120} INFO - [2023-05-27T14:50:43.140+0000] {dag.py:3340} INFO - Setting next_dagrun for example_complex to None, run_after=None
[2023-05-27T14:50:43.182+0000] {processor.py:176} INFO - Processing /home/airflow/.local/lib/python3.7/site-packages/airflow/example_dags/example_complex.py took 0.312 seconds
[2023-05-27T14:51:14.946+0000] {processor.py:154} INFO - Started process (PID=1506) to work on /home/airflow/.local/lib/python3.7/site-packages/airflow/example_dags/example_complex.py
[2023-05-27T14:51:14.950+0000] {processor.py:756} INFO - Processing file /home/airflow/.local/lib/python3.7/site-packages/airflow/example_dags/example_complex.py for tasks to queue
[2023-05-27T14:51:14.952+0000] {logging_mixin.py:120} INFO - [2023-05-27T14:51:14.952+0000] {dagbag.py:537} INFO - Filling up the DagBag from /home/airflow/.local/lib/python3.7/site-packages/airflow/example_dags/example_complex.py
[2023-05-27T14:51:14.973+0000] {logging_mixin.py:120} INFO - [2023-05-27T14:51:14.973+0000] {taskmixin.py:205} WARNING - Dependency <Task(BashOperator): create_entry_group>, delete_entry_group already registered for DAG: example_complex
[2023-05-27T14:51:14.973+0000] {logging_mixin.py:120} INFO - [2023-05-27T14:51:14.973+0000] {taskmixin.py:205} WARNING - Dependency <Task(BashOperator): delete_entry_group>, create_entry_group already registered for DAG: example_complex
[2023-05-27T14:51:14.974+0000] {logging_mixin.py:120} INFO - [2023-05-27T14:51:14.973+0000] {taskmixin.py:205} WARNING - Dependency <Task(BashOperator): create_entry_gcs>, delete_entry already registered for DAG: example_complex
[2023-05-27T14:51:14.974+0000] {logging_mixin.py:120} INFO - [2023-05-27T14:51:14.974+0000] {taskmixin.py:205} WARNING - Dependency <Task(BashOperator): delete_entry>, create_entry_gcs already registered for DAG: example_complex
[2023-05-27T14:51:14.974+0000] {logging_mixin.py:120} INFO - [2023-05-27T14:51:14.974+0000] {taskmixin.py:205} WARNING - Dependency <Task(BashOperator): create_tag>, delete_tag already registered for DAG: example_complex
[2023-05-27T14:51:14.975+0000] {logging_mixin.py:120} INFO - [2023-05-27T14:51:14.975+0000] {taskmixin.py:205} WARNING - Dependency <Task(BashOperator): delete_tag>, create_tag already registered for DAG: example_complex
[2023-05-27T14:51:14.992+0000] {processor.py:766} INFO - DAG(s) dict_keys(['example_complex']) retrieved from /home/airflow/.local/lib/python3.7/site-packages/airflow/example_dags/example_complex.py
[2023-05-27T14:51:15.053+0000] {logging_mixin.py:120} INFO - [2023-05-27T14:51:15.053+0000] {dag.py:2585} INFO - Sync 1 DAGs
[2023-05-27T14:51:15.091+0000] {logging_mixin.py:120} INFO - [2023-05-27T14:51:15.090+0000] {dag.py:3340} INFO - Setting next_dagrun for example_complex to None, run_after=None
[2023-05-27T14:51:15.112+0000] {processor.py:176} INFO - Processing /home/airflow/.local/lib/python3.7/site-packages/airflow/example_dags/example_complex.py took 0.174 seconds
[2023-05-27T14:51:45.209+0000] {processor.py:154} INFO - Started process (PID=1560) to work on /home/airflow/.local/lib/python3.7/site-packages/airflow/example_dags/example_complex.py
[2023-05-27T14:51:45.212+0000] {processor.py:756} INFO - Processing file /home/airflow/.local/lib/python3.7/site-packages/airflow/example_dags/example_complex.py for tasks to queue
[2023-05-27T14:51:45.212+0000] {logging_mixin.py:120} INFO - [2023-05-27T14:51:45.212+0000] {dagbag.py:537} INFO - Filling up the DagBag from /home/airflow/.local/lib/python3.7/site-packages/airflow/example_dags/example_complex.py
[2023-05-27T14:51:45.229+0000] {logging_mixin.py:120} INFO - [2023-05-27T14:51:45.229+0000] {taskmixin.py:205} WARNING - Dependency <Task(BashOperator): create_entry_group>, delete_entry_group already registered for DAG: example_complex
[2023-05-27T14:51:45.229+0000] {logging_mixin.py:120} INFO - [2023-05-27T14:51:45.229+0000] {taskmixin.py:205} WARNING - Dependency <Task(BashOperator): delete_entry_group>, create_entry_group already registered for DAG: example_complex
[2023-05-27T14:51:45.230+0000] {logging_mixin.py:120} INFO - [2023-05-27T14:51:45.229+0000] {taskmixin.py:205} WARNING - Dependency <Task(BashOperator): create_entry_gcs>, delete_entry already registered for DAG: example_complex
[2023-05-27T14:51:45.230+0000] {logging_mixin.py:120} INFO - [2023-05-27T14:51:45.230+0000] {taskmixin.py:205} WARNING - Dependency <Task(BashOperator): delete_entry>, create_entry_gcs already registered for DAG: example_complex
[2023-05-27T14:51:45.230+0000] {logging_mixin.py:120} INFO - [2023-05-27T14:51:45.230+0000] {taskmixin.py:205} WARNING - Dependency <Task(BashOperator): create_tag>, delete_tag already registered for DAG: example_complex
[2023-05-27T14:51:45.230+0000] {logging_mixin.py:120} INFO - [2023-05-27T14:51:45.230+0000] {taskmixin.py:205} WARNING - Dependency <Task(BashOperator): delete_tag>, create_tag already registered for DAG: example_complex
[2023-05-27T14:51:45.240+0000] {processor.py:766} INFO - DAG(s) dict_keys(['example_complex']) retrieved from /home/airflow/.local/lib/python3.7/site-packages/airflow/example_dags/example_complex.py
[2023-05-27T14:51:45.299+0000] {logging_mixin.py:120} INFO - [2023-05-27T14:51:45.299+0000] {dag.py:2585} INFO - Sync 1 DAGs
[2023-05-27T14:51:45.332+0000] {logging_mixin.py:120} INFO - [2023-05-27T14:51:45.332+0000] {dag.py:3340} INFO - Setting next_dagrun for example_complex to None, run_after=None
[2023-05-27T14:51:45.358+0000] {processor.py:176} INFO - Processing /home/airflow/.local/lib/python3.7/site-packages/airflow/example_dags/example_complex.py took 0.153 seconds
[2023-05-27T14:52:16.493+0000] {processor.py:154} INFO - Started process (PID=1623) to work on /home/airflow/.local/lib/python3.7/site-packages/airflow/example_dags/example_complex.py
[2023-05-27T14:52:16.496+0000] {processor.py:756} INFO - Processing file /home/airflow/.local/lib/python3.7/site-packages/airflow/example_dags/example_complex.py for tasks to queue
[2023-05-27T14:52:16.498+0000] {logging_mixin.py:120} INFO - [2023-05-27T14:52:16.497+0000] {dagbag.py:537} INFO - Filling up the DagBag from /home/airflow/.local/lib/python3.7/site-packages/airflow/example_dags/example_complex.py
[2023-05-27T14:52:16.536+0000] {logging_mixin.py:120} INFO - [2023-05-27T14:52:16.536+0000] {taskmixin.py:205} WARNING - Dependency <Task(BashOperator): create_entry_group>, delete_entry_group already registered for DAG: example_complex
[2023-05-27T14:52:16.536+0000] {logging_mixin.py:120} INFO - [2023-05-27T14:52:16.536+0000] {taskmixin.py:205} WARNING - Dependency <Task(BashOperator): delete_entry_group>, create_entry_group already registered for DAG: example_complex
[2023-05-27T14:52:16.537+0000] {logging_mixin.py:120} INFO - [2023-05-27T14:52:16.536+0000] {taskmixin.py:205} WARNING - Dependency <Task(BashOperator): create_entry_gcs>, delete_entry already registered for DAG: example_complex
[2023-05-27T14:52:16.537+0000] {logging_mixin.py:120} INFO - [2023-05-27T14:52:16.537+0000] {taskmixin.py:205} WARNING - Dependency <Task(BashOperator): delete_entry>, create_entry_gcs already registered for DAG: example_complex
[2023-05-27T14:52:16.537+0000] {logging_mixin.py:120} INFO - [2023-05-27T14:52:16.537+0000] {taskmixin.py:205} WARNING - Dependency <Task(BashOperator): create_tag>, delete_tag already registered for DAG: example_complex
[2023-05-27T14:52:16.537+0000] {logging_mixin.py:120} INFO - [2023-05-27T14:52:16.537+0000] {taskmixin.py:205} WARNING - Dependency <Task(BashOperator): delete_tag>, create_tag already registered for DAG: example_complex
[2023-05-27T14:52:16.551+0000] {processor.py:766} INFO - DAG(s) dict_keys(['example_complex']) retrieved from /home/airflow/.local/lib/python3.7/site-packages/airflow/example_dags/example_complex.py
[2023-05-27T14:52:16.649+0000] {logging_mixin.py:120} INFO - [2023-05-27T14:52:16.649+0000] {dag.py:2585} INFO - Sync 1 DAGs
[2023-05-27T14:52:16.719+0000] {logging_mixin.py:120} INFO - [2023-05-27T14:52:16.719+0000] {dag.py:3340} INFO - Setting next_dagrun for example_complex to None, run_after=None
[2023-05-27T14:52:16.749+0000] {processor.py:176} INFO - Processing /home/airflow/.local/lib/python3.7/site-packages/airflow/example_dags/example_complex.py took 0.260 seconds
[2023-05-27T14:52:47.574+0000] {processor.py:154} INFO - Started process (PID=1676) to work on /home/airflow/.local/lib/python3.7/site-packages/airflow/example_dags/example_complex.py
[2023-05-27T14:52:47.583+0000] {processor.py:756} INFO - Processing file /home/airflow/.local/lib/python3.7/site-packages/airflow/example_dags/example_complex.py for tasks to queue
[2023-05-27T14:52:47.588+0000] {logging_mixin.py:120} INFO - [2023-05-27T14:52:47.588+0000] {dagbag.py:537} INFO - Filling up the DagBag from /home/airflow/.local/lib/python3.7/site-packages/airflow/example_dags/example_complex.py
[2023-05-27T14:52:47.625+0000] {logging_mixin.py:120} INFO - [2023-05-27T14:52:47.624+0000] {taskmixin.py:205} WARNING - Dependency <Task(BashOperator): create_entry_group>, delete_entry_group already registered for DAG: example_complex
[2023-05-27T14:52:47.625+0000] {logging_mixin.py:120} INFO - [2023-05-27T14:52:47.625+0000] {taskmixin.py:205} WARNING - Dependency <Task(BashOperator): delete_entry_group>, create_entry_group already registered for DAG: example_complex
[2023-05-27T14:52:47.625+0000] {logging_mixin.py:120} INFO - [2023-05-27T14:52:47.625+0000] {taskmixin.py:205} WARNING - Dependency <Task(BashOperator): create_entry_gcs>, delete_entry already registered for DAG: example_complex
[2023-05-27T14:52:47.625+0000] {logging_mixin.py:120} INFO - [2023-05-27T14:52:47.625+0000] {taskmixin.py:205} WARNING - Dependency <Task(BashOperator): delete_entry>, create_entry_gcs already registered for DAG: example_complex
[2023-05-27T14:52:47.626+0000] {logging_mixin.py:120} INFO - [2023-05-27T14:52:47.626+0000] {taskmixin.py:205} WARNING - Dependency <Task(BashOperator): create_tag>, delete_tag already registered for DAG: example_complex
[2023-05-27T14:52:47.626+0000] {logging_mixin.py:120} INFO - [2023-05-27T14:52:47.626+0000] {taskmixin.py:205} WARNING - Dependency <Task(BashOperator): delete_tag>, create_tag already registered for DAG: example_complex
[2023-05-27T14:52:47.693+0000] {processor.py:766} INFO - DAG(s) dict_keys(['example_complex']) retrieved from /home/airflow/.local/lib/python3.7/site-packages/airflow/example_dags/example_complex.py
[2023-05-27T14:52:47.910+0000] {logging_mixin.py:120} INFO - [2023-05-27T14:52:47.910+0000] {dag.py:2585} INFO - Sync 1 DAGs
[2023-05-27T14:52:47.972+0000] {logging_mixin.py:120} INFO - [2023-05-27T14:52:47.972+0000] {dag.py:3340} INFO - Setting next_dagrun for example_complex to None, run_after=None
[2023-05-27T14:52:48.053+0000] {processor.py:176} INFO - Processing /home/airflow/.local/lib/python3.7/site-packages/airflow/example_dags/example_complex.py took 0.484 seconds
[2023-05-27T14:53:18.327+0000] {processor.py:154} INFO - Started process (PID=1729) to work on /home/airflow/.local/lib/python3.7/site-packages/airflow/example_dags/example_complex.py
[2023-05-27T14:53:18.338+0000] {processor.py:756} INFO - Processing file /home/airflow/.local/lib/python3.7/site-packages/airflow/example_dags/example_complex.py for tasks to queue
[2023-05-27T14:53:18.339+0000] {logging_mixin.py:120} INFO - [2023-05-27T14:53:18.339+0000] {dagbag.py:537} INFO - Filling up the DagBag from /home/airflow/.local/lib/python3.7/site-packages/airflow/example_dags/example_complex.py
[2023-05-27T14:53:18.359+0000] {logging_mixin.py:120} INFO - [2023-05-27T14:53:18.358+0000] {taskmixin.py:205} WARNING - Dependency <Task(BashOperator): create_entry_group>, delete_entry_group already registered for DAG: example_complex
[2023-05-27T14:53:18.359+0000] {logging_mixin.py:120} INFO - [2023-05-27T14:53:18.359+0000] {taskmixin.py:205} WARNING - Dependency <Task(BashOperator): delete_entry_group>, create_entry_group already registered for DAG: example_complex
[2023-05-27T14:53:18.359+0000] {logging_mixin.py:120} INFO - [2023-05-27T14:53:18.359+0000] {taskmixin.py:205} WARNING - Dependency <Task(BashOperator): create_entry_gcs>, delete_entry already registered for DAG: example_complex
[2023-05-27T14:53:18.362+0000] {logging_mixin.py:120} INFO - [2023-05-27T14:53:18.362+0000] {taskmixin.py:205} WARNING - Dependency <Task(BashOperator): delete_entry>, create_entry_gcs already registered for DAG: example_complex
[2023-05-27T14:53:18.363+0000] {logging_mixin.py:120} INFO - [2023-05-27T14:53:18.363+0000] {taskmixin.py:205} WARNING - Dependency <Task(BashOperator): create_tag>, delete_tag already registered for DAG: example_complex
[2023-05-27T14:53:18.363+0000] {logging_mixin.py:120} INFO - [2023-05-27T14:53:18.363+0000] {taskmixin.py:205} WARNING - Dependency <Task(BashOperator): delete_tag>, create_tag already registered for DAG: example_complex
[2023-05-27T14:53:18.377+0000] {processor.py:766} INFO - DAG(s) dict_keys(['example_complex']) retrieved from /home/airflow/.local/lib/python3.7/site-packages/airflow/example_dags/example_complex.py
[2023-05-27T14:53:18.440+0000] {logging_mixin.py:120} INFO - [2023-05-27T14:53:18.440+0000] {dag.py:2585} INFO - Sync 1 DAGs
[2023-05-27T14:53:18.492+0000] {logging_mixin.py:120} INFO - [2023-05-27T14:53:18.492+0000] {dag.py:3340} INFO - Setting next_dagrun for example_complex to None, run_after=None
[2023-05-27T14:53:18.515+0000] {processor.py:176} INFO - Processing /home/airflow/.local/lib/python3.7/site-packages/airflow/example_dags/example_complex.py took 0.191 seconds
