[2023-05-27T14:38:34.228+0000] {processor.py:154} INFO - Started process (PID=78) to work on /home/airflow/.local/lib/python3.7/site-packages/airflow/example_dags/example_short_circuit_decorator.py
[2023-05-27T14:38:34.229+0000] {processor.py:756} INFO - Processing file /home/airflow/.local/lib/python3.7/site-packages/airflow/example_dags/example_short_circuit_decorator.py for tasks to queue
[2023-05-27T14:38:34.230+0000] {logging_mixin.py:120} INFO - [2023-05-27T14:38:34.230+0000] {dagbag.py:537} INFO - Filling up the DagBag from /home/airflow/.local/lib/python3.7/site-packages/airflow/example_dags/example_short_circuit_decorator.py
[2023-05-27T14:38:34.365+0000] {processor.py:766} INFO - DAG(s) dict_keys(['example_short_circuit_decorator']) retrieved from /home/airflow/.local/lib/python3.7/site-packages/airflow/example_dags/example_short_circuit_decorator.py
[2023-05-27T14:38:34.735+0000] {logging_mixin.py:120} INFO - [2023-05-27T14:38:34.735+0000] {manager.py:507} INFO - Created Permission View: can read on DAG:example_short_circuit_decorator
[2023-05-27T14:38:34.754+0000] {logging_mixin.py:120} INFO - [2023-05-27T14:38:34.754+0000] {manager.py:507} INFO - Created Permission View: can edit on DAG:example_short_circuit_decorator
[2023-05-27T14:38:34.763+0000] {logging_mixin.py:120} INFO - [2023-05-27T14:38:34.763+0000] {manager.py:507} INFO - Created Permission View: can delete on DAG:example_short_circuit_decorator
[2023-05-27T14:38:34.764+0000] {logging_mixin.py:120} INFO - [2023-05-27T14:38:34.764+0000] {dag.py:2585} INFO - Sync 1 DAGs
[2023-05-27T14:38:34.795+0000] {logging_mixin.py:120} INFO - [2023-05-27T14:38:34.794+0000] {dag.py:2606} INFO - Creating ORM DAG for example_short_circuit_decorator
[2023-05-27T14:38:34.828+0000] {logging_mixin.py:120} INFO - [2023-05-27T14:38:34.828+0000] {dag.py:3340} INFO - Setting next_dagrun for example_short_circuit_decorator to 2023-05-26T14:38:34.828011+00:00, run_after=2023-05-27T14:38:34.828011+00:00
[2023-05-27T14:38:34.874+0000] {processor.py:176} INFO - Processing /home/airflow/.local/lib/python3.7/site-packages/airflow/example_dags/example_short_circuit_decorator.py took 0.664 seconds
[2023-05-27T14:39:05.218+0000] {processor.py:154} INFO - Started process (PID=141) to work on /home/airflow/.local/lib/python3.7/site-packages/airflow/example_dags/example_short_circuit_decorator.py
[2023-05-27T14:39:05.220+0000] {processor.py:756} INFO - Processing file /home/airflow/.local/lib/python3.7/site-packages/airflow/example_dags/example_short_circuit_decorator.py for tasks to queue
[2023-05-27T14:39:05.221+0000] {logging_mixin.py:120} INFO - [2023-05-27T14:39:05.221+0000] {dagbag.py:537} INFO - Filling up the DagBag from /home/airflow/.local/lib/python3.7/site-packages/airflow/example_dags/example_short_circuit_decorator.py
[2023-05-27T14:39:05.297+0000] {processor.py:766} INFO - DAG(s) dict_keys(['example_short_circuit_decorator']) retrieved from /home/airflow/.local/lib/python3.7/site-packages/airflow/example_dags/example_short_circuit_decorator.py
[2023-05-27T14:39:05.373+0000] {logging_mixin.py:120} INFO - [2023-05-27T14:39:05.373+0000] {dag.py:2585} INFO - Sync 1 DAGs
[2023-05-27T14:39:05.422+0000] {logging_mixin.py:120} INFO - [2023-05-27T14:39:05.422+0000] {dag.py:3340} INFO - Setting next_dagrun for example_short_circuit_decorator to 2023-05-26T14:39:05.422117+00:00, run_after=2023-05-27T14:39:05.422117+00:00
[2023-05-27T14:39:05.466+0000] {processor.py:176} INFO - Processing /home/airflow/.local/lib/python3.7/site-packages/airflow/example_dags/example_short_circuit_decorator.py took 0.252 seconds
[2023-05-27T14:39:35.796+0000] {processor.py:154} INFO - Started process (PID=197) to work on /home/airflow/.local/lib/python3.7/site-packages/airflow/example_dags/example_short_circuit_decorator.py
[2023-05-27T14:39:35.798+0000] {processor.py:756} INFO - Processing file /home/airflow/.local/lib/python3.7/site-packages/airflow/example_dags/example_short_circuit_decorator.py for tasks to queue
[2023-05-27T14:39:35.799+0000] {logging_mixin.py:120} INFO - [2023-05-27T14:39:35.799+0000] {dagbag.py:537} INFO - Filling up the DagBag from /home/airflow/.local/lib/python3.7/site-packages/airflow/example_dags/example_short_circuit_decorator.py
[2023-05-27T14:39:35.910+0000] {processor.py:766} INFO - DAG(s) dict_keys(['example_short_circuit_decorator']) retrieved from /home/airflow/.local/lib/python3.7/site-packages/airflow/example_dags/example_short_circuit_decorator.py
[2023-05-27T14:39:36.052+0000] {logging_mixin.py:120} INFO - [2023-05-27T14:39:36.051+0000] {dag.py:2585} INFO - Sync 1 DAGs
[2023-05-27T14:39:36.102+0000] {logging_mixin.py:120} INFO - [2023-05-27T14:39:36.102+0000] {dag.py:3340} INFO - Setting next_dagrun for example_short_circuit_decorator to 2023-05-26T14:39:36.100266+00:00, run_after=2023-05-27T14:39:36.100266+00:00
[2023-05-27T14:39:36.137+0000] {processor.py:176} INFO - Processing /home/airflow/.local/lib/python3.7/site-packages/airflow/example_dags/example_short_circuit_decorator.py took 0.345 seconds
[2023-05-27T14:40:06.218+0000] {processor.py:154} INFO - Started process (PID=259) to work on /home/airflow/.local/lib/python3.7/site-packages/airflow/example_dags/example_short_circuit_decorator.py
[2023-05-27T14:40:06.220+0000] {processor.py:756} INFO - Processing file /home/airflow/.local/lib/python3.7/site-packages/airflow/example_dags/example_short_circuit_decorator.py for tasks to queue
[2023-05-27T14:40:06.220+0000] {logging_mixin.py:120} INFO - [2023-05-27T14:40:06.220+0000] {dagbag.py:537} INFO - Filling up the DagBag from /home/airflow/.local/lib/python3.7/site-packages/airflow/example_dags/example_short_circuit_decorator.py
[2023-05-27T14:40:06.258+0000] {processor.py:766} INFO - DAG(s) dict_keys(['example_short_circuit_decorator']) retrieved from /home/airflow/.local/lib/python3.7/site-packages/airflow/example_dags/example_short_circuit_decorator.py
[2023-05-27T14:40:06.355+0000] {logging_mixin.py:120} INFO - [2023-05-27T14:40:06.355+0000] {dag.py:2585} INFO - Sync 1 DAGs
[2023-05-27T14:40:06.393+0000] {logging_mixin.py:120} INFO - [2023-05-27T14:40:06.393+0000] {dag.py:3340} INFO - Setting next_dagrun for example_short_circuit_decorator to 2023-05-26T14:40:06.391798+00:00, run_after=2023-05-27T14:40:06.391798+00:00
[2023-05-27T14:40:06.420+0000] {processor.py:176} INFO - Processing /home/airflow/.local/lib/python3.7/site-packages/airflow/example_dags/example_short_circuit_decorator.py took 0.205 seconds
[2023-05-27T14:40:36.638+0000] {processor.py:154} INFO - Started process (PID=313) to work on /home/airflow/.local/lib/python3.7/site-packages/airflow/example_dags/example_short_circuit_decorator.py
[2023-05-27T14:40:36.640+0000] {processor.py:756} INFO - Processing file /home/airflow/.local/lib/python3.7/site-packages/airflow/example_dags/example_short_circuit_decorator.py for tasks to queue
[2023-05-27T14:40:36.641+0000] {logging_mixin.py:120} INFO - [2023-05-27T14:40:36.641+0000] {dagbag.py:537} INFO - Filling up the DagBag from /home/airflow/.local/lib/python3.7/site-packages/airflow/example_dags/example_short_circuit_decorator.py
[2023-05-27T14:40:36.751+0000] {processor.py:766} INFO - DAG(s) dict_keys(['example_short_circuit_decorator']) retrieved from /home/airflow/.local/lib/python3.7/site-packages/airflow/example_dags/example_short_circuit_decorator.py
[2023-05-27T14:40:36.861+0000] {logging_mixin.py:120} INFO - [2023-05-27T14:40:36.860+0000] {dag.py:2585} INFO - Sync 1 DAGs
[2023-05-27T14:40:36.891+0000] {logging_mixin.py:120} INFO - [2023-05-27T14:40:36.891+0000] {dag.py:3340} INFO - Setting next_dagrun for example_short_circuit_decorator to 2023-05-26T14:40:36.891132+00:00, run_after=2023-05-27T14:40:36.891132+00:00
[2023-05-27T14:40:36.919+0000] {processor.py:176} INFO - Processing /home/airflow/.local/lib/python3.7/site-packages/airflow/example_dags/example_short_circuit_decorator.py took 0.284 seconds
[2023-05-27T14:41:07.505+0000] {processor.py:154} INFO - Started process (PID=375) to work on /home/airflow/.local/lib/python3.7/site-packages/airflow/example_dags/example_short_circuit_decorator.py
[2023-05-27T14:41:07.507+0000] {processor.py:756} INFO - Processing file /home/airflow/.local/lib/python3.7/site-packages/airflow/example_dags/example_short_circuit_decorator.py for tasks to queue
[2023-05-27T14:41:07.508+0000] {logging_mixin.py:120} INFO - [2023-05-27T14:41:07.508+0000] {dagbag.py:537} INFO - Filling up the DagBag from /home/airflow/.local/lib/python3.7/site-packages/airflow/example_dags/example_short_circuit_decorator.py
[2023-05-27T14:41:07.613+0000] {processor.py:766} INFO - DAG(s) dict_keys(['example_short_circuit_decorator']) retrieved from /home/airflow/.local/lib/python3.7/site-packages/airflow/example_dags/example_short_circuit_decorator.py
[2023-05-27T14:41:07.775+0000] {logging_mixin.py:120} INFO - [2023-05-27T14:41:07.775+0000] {dag.py:2585} INFO - Sync 1 DAGs
[2023-05-27T14:41:07.895+0000] {logging_mixin.py:120} INFO - [2023-05-27T14:41:07.895+0000] {dag.py:3340} INFO - Setting next_dagrun for example_short_circuit_decorator to 2023-05-26T14:41:07.895139+00:00, run_after=2023-05-27T14:41:07.895139+00:00
[2023-05-27T14:41:07.937+0000] {processor.py:176} INFO - Processing /home/airflow/.local/lib/python3.7/site-packages/airflow/example_dags/example_short_circuit_decorator.py took 0.435 seconds
[2023-05-27T14:41:38.391+0000] {processor.py:154} INFO - Started process (PID=432) to work on /home/airflow/.local/lib/python3.7/site-packages/airflow/example_dags/example_short_circuit_decorator.py
[2023-05-27T14:41:38.394+0000] {processor.py:756} INFO - Processing file /home/airflow/.local/lib/python3.7/site-packages/airflow/example_dags/example_short_circuit_decorator.py for tasks to queue
[2023-05-27T14:41:38.396+0000] {logging_mixin.py:120} INFO - [2023-05-27T14:41:38.396+0000] {dagbag.py:537} INFO - Filling up the DagBag from /home/airflow/.local/lib/python3.7/site-packages/airflow/example_dags/example_short_circuit_decorator.py
[2023-05-27T14:41:38.440+0000] {processor.py:766} INFO - DAG(s) dict_keys(['example_short_circuit_decorator']) retrieved from /home/airflow/.local/lib/python3.7/site-packages/airflow/example_dags/example_short_circuit_decorator.py
[2023-05-27T14:41:38.534+0000] {logging_mixin.py:120} INFO - [2023-05-27T14:41:38.533+0000] {dag.py:2585} INFO - Sync 1 DAGs
[2023-05-27T14:41:38.571+0000] {logging_mixin.py:120} INFO - [2023-05-27T14:41:38.571+0000] {dag.py:3340} INFO - Setting next_dagrun for example_short_circuit_decorator to 2023-05-26T14:41:38.571318+00:00, run_after=2023-05-27T14:41:38.571318+00:00
[2023-05-27T14:41:38.600+0000] {processor.py:176} INFO - Processing /home/airflow/.local/lib/python3.7/site-packages/airflow/example_dags/example_short_circuit_decorator.py took 0.220 seconds
[2023-05-27T14:42:08.726+0000] {processor.py:154} INFO - Started process (PID=486) to work on /home/airflow/.local/lib/python3.7/site-packages/airflow/example_dags/example_short_circuit_decorator.py
[2023-05-27T14:42:08.728+0000] {processor.py:756} INFO - Processing file /home/airflow/.local/lib/python3.7/site-packages/airflow/example_dags/example_short_circuit_decorator.py for tasks to queue
[2023-05-27T14:42:08.728+0000] {logging_mixin.py:120} INFO - [2023-05-27T14:42:08.728+0000] {dagbag.py:537} INFO - Filling up the DagBag from /home/airflow/.local/lib/python3.7/site-packages/airflow/example_dags/example_short_circuit_decorator.py
[2023-05-27T14:42:08.767+0000] {processor.py:766} INFO - DAG(s) dict_keys(['example_short_circuit_decorator']) retrieved from /home/airflow/.local/lib/python3.7/site-packages/airflow/example_dags/example_short_circuit_decorator.py
[2023-05-27T14:42:08.827+0000] {logging_mixin.py:120} INFO - [2023-05-27T14:42:08.827+0000] {dag.py:2585} INFO - Sync 1 DAGs
[2023-05-27T14:42:08.883+0000] {logging_mixin.py:120} INFO - [2023-05-27T14:42:08.883+0000] {dag.py:3340} INFO - Setting next_dagrun for example_short_circuit_decorator to 2023-05-26T14:42:08.882875+00:00, run_after=2023-05-27T14:42:08.882875+00:00
[2023-05-27T14:42:08.910+0000] {processor.py:176} INFO - Processing /home/airflow/.local/lib/python3.7/site-packages/airflow/example_dags/example_short_circuit_decorator.py took 0.188 seconds
[2023-05-27T14:42:39.291+0000] {processor.py:154} INFO - Started process (PID=550) to work on /home/airflow/.local/lib/python3.7/site-packages/airflow/example_dags/example_short_circuit_decorator.py
[2023-05-27T14:42:39.293+0000] {processor.py:756} INFO - Processing file /home/airflow/.local/lib/python3.7/site-packages/airflow/example_dags/example_short_circuit_decorator.py for tasks to queue
[2023-05-27T14:42:39.293+0000] {logging_mixin.py:120} INFO - [2023-05-27T14:42:39.293+0000] {dagbag.py:537} INFO - Filling up the DagBag from /home/airflow/.local/lib/python3.7/site-packages/airflow/example_dags/example_short_circuit_decorator.py
[2023-05-27T14:42:39.325+0000] {processor.py:766} INFO - DAG(s) dict_keys(['example_short_circuit_decorator']) retrieved from /home/airflow/.local/lib/python3.7/site-packages/airflow/example_dags/example_short_circuit_decorator.py
[2023-05-27T14:42:39.378+0000] {logging_mixin.py:120} INFO - [2023-05-27T14:42:39.377+0000] {dag.py:2585} INFO - Sync 1 DAGs
[2023-05-27T14:42:39.408+0000] {logging_mixin.py:120} INFO - [2023-05-27T14:42:39.408+0000] {dag.py:3340} INFO - Setting next_dagrun for example_short_circuit_decorator to 2023-05-26T14:42:39.408397+00:00, run_after=2023-05-27T14:42:39.408397+00:00
[2023-05-27T14:42:39.430+0000] {processor.py:176} INFO - Processing /home/airflow/.local/lib/python3.7/site-packages/airflow/example_dags/example_short_circuit_decorator.py took 0.142 seconds
[2023-05-27T14:43:10.029+0000] {processor.py:154} INFO - Started process (PID=603) to work on /home/airflow/.local/lib/python3.7/site-packages/airflow/example_dags/example_short_circuit_decorator.py
[2023-05-27T14:43:10.030+0000] {processor.py:756} INFO - Processing file /home/airflow/.local/lib/python3.7/site-packages/airflow/example_dags/example_short_circuit_decorator.py for tasks to queue
[2023-05-27T14:43:10.031+0000] {logging_mixin.py:120} INFO - [2023-05-27T14:43:10.031+0000] {dagbag.py:537} INFO - Filling up the DagBag from /home/airflow/.local/lib/python3.7/site-packages/airflow/example_dags/example_short_circuit_decorator.py
[2023-05-27T14:43:10.074+0000] {processor.py:766} INFO - DAG(s) dict_keys(['example_short_circuit_decorator']) retrieved from /home/airflow/.local/lib/python3.7/site-packages/airflow/example_dags/example_short_circuit_decorator.py
[2023-05-27T14:43:10.128+0000] {logging_mixin.py:120} INFO - [2023-05-27T14:43:10.128+0000] {dag.py:2585} INFO - Sync 1 DAGs
[2023-05-27T14:43:10.172+0000] {logging_mixin.py:120} INFO - [2023-05-27T14:43:10.172+0000] {dag.py:3340} INFO - Setting next_dagrun for example_short_circuit_decorator to 2023-05-26T14:43:10.172297+00:00, run_after=2023-05-27T14:43:10.172297+00:00
[2023-05-27T14:43:10.234+0000] {processor.py:176} INFO - Processing /home/airflow/.local/lib/python3.7/site-packages/airflow/example_dags/example_short_circuit_decorator.py took 0.209 seconds
[2023-05-27T14:43:40.988+0000] {processor.py:154} INFO - Started process (PID=666) to work on /home/airflow/.local/lib/python3.7/site-packages/airflow/example_dags/example_short_circuit_decorator.py
[2023-05-27T14:43:40.990+0000] {processor.py:756} INFO - Processing file /home/airflow/.local/lib/python3.7/site-packages/airflow/example_dags/example_short_circuit_decorator.py for tasks to queue
[2023-05-27T14:43:40.991+0000] {logging_mixin.py:120} INFO - [2023-05-27T14:43:40.991+0000] {dagbag.py:537} INFO - Filling up the DagBag from /home/airflow/.local/lib/python3.7/site-packages/airflow/example_dags/example_short_circuit_decorator.py
[2023-05-27T14:43:41.033+0000] {processor.py:766} INFO - DAG(s) dict_keys(['example_short_circuit_decorator']) retrieved from /home/airflow/.local/lib/python3.7/site-packages/airflow/example_dags/example_short_circuit_decorator.py
[2023-05-27T14:43:41.122+0000] {logging_mixin.py:120} INFO - [2023-05-27T14:43:41.122+0000] {dag.py:2585} INFO - Sync 1 DAGs
[2023-05-27T14:43:41.176+0000] {logging_mixin.py:120} INFO - [2023-05-27T14:43:41.176+0000] {dag.py:3340} INFO - Setting next_dagrun for example_short_circuit_decorator to 2023-05-26T14:43:41.175881+00:00, run_after=2023-05-27T14:43:41.175881+00:00
[2023-05-27T14:43:41.208+0000] {processor.py:176} INFO - Processing /home/airflow/.local/lib/python3.7/site-packages/airflow/example_dags/example_short_circuit_decorator.py took 0.225 seconds
[2023-05-27T14:44:11.841+0000] {processor.py:154} INFO - Started process (PID=720) to work on /home/airflow/.local/lib/python3.7/site-packages/airflow/example_dags/example_short_circuit_decorator.py
[2023-05-27T14:44:11.843+0000] {processor.py:756} INFO - Processing file /home/airflow/.local/lib/python3.7/site-packages/airflow/example_dags/example_short_circuit_decorator.py for tasks to queue
[2023-05-27T14:44:11.846+0000] {logging_mixin.py:120} INFO - [2023-05-27T14:44:11.846+0000] {dagbag.py:537} INFO - Filling up the DagBag from /home/airflow/.local/lib/python3.7/site-packages/airflow/example_dags/example_short_circuit_decorator.py
[2023-05-27T14:44:11.956+0000] {processor.py:766} INFO - DAG(s) dict_keys(['example_short_circuit_decorator']) retrieved from /home/airflow/.local/lib/python3.7/site-packages/airflow/example_dags/example_short_circuit_decorator.py
[2023-05-27T14:44:12.024+0000] {logging_mixin.py:120} INFO - [2023-05-27T14:44:12.024+0000] {dag.py:2585} INFO - Sync 1 DAGs
[2023-05-27T14:44:12.057+0000] {logging_mixin.py:120} INFO - [2023-05-27T14:44:12.057+0000] {dag.py:3340} INFO - Setting next_dagrun for example_short_circuit_decorator to 2023-05-26T14:44:12.056959+00:00, run_after=2023-05-27T14:44:12.056959+00:00
[2023-05-27T14:44:12.105+0000] {processor.py:176} INFO - Processing /home/airflow/.local/lib/python3.7/site-packages/airflow/example_dags/example_short_circuit_decorator.py took 0.268 seconds
[2023-05-27T14:44:42.174+0000] {processor.py:154} INFO - Started process (PID=774) to work on /home/airflow/.local/lib/python3.7/site-packages/airflow/example_dags/example_short_circuit_decorator.py
[2023-05-27T14:44:42.176+0000] {processor.py:756} INFO - Processing file /home/airflow/.local/lib/python3.7/site-packages/airflow/example_dags/example_short_circuit_decorator.py for tasks to queue
[2023-05-27T14:44:42.177+0000] {logging_mixin.py:120} INFO - [2023-05-27T14:44:42.176+0000] {dagbag.py:537} INFO - Filling up the DagBag from /home/airflow/.local/lib/python3.7/site-packages/airflow/example_dags/example_short_circuit_decorator.py
[2023-05-27T14:44:42.208+0000] {processor.py:766} INFO - DAG(s) dict_keys(['example_short_circuit_decorator']) retrieved from /home/airflow/.local/lib/python3.7/site-packages/airflow/example_dags/example_short_circuit_decorator.py
[2023-05-27T14:44:42.261+0000] {logging_mixin.py:120} INFO - [2023-05-27T14:44:42.261+0000] {dag.py:2585} INFO - Sync 1 DAGs
[2023-05-27T14:44:42.292+0000] {logging_mixin.py:120} INFO - [2023-05-27T14:44:42.291+0000] {dag.py:3340} INFO - Setting next_dagrun for example_short_circuit_decorator to 2023-05-26T14:44:42.291686+00:00, run_after=2023-05-27T14:44:42.291686+00:00
[2023-05-27T14:44:42.317+0000] {processor.py:176} INFO - Processing /home/airflow/.local/lib/python3.7/site-packages/airflow/example_dags/example_short_circuit_decorator.py took 0.146 seconds
[2023-05-27T14:45:12.795+0000] {processor.py:154} INFO - Started process (PID=836) to work on /home/airflow/.local/lib/python3.7/site-packages/airflow/example_dags/example_short_circuit_decorator.py
[2023-05-27T14:45:12.799+0000] {processor.py:756} INFO - Processing file /home/airflow/.local/lib/python3.7/site-packages/airflow/example_dags/example_short_circuit_decorator.py for tasks to queue
[2023-05-27T14:45:12.802+0000] {logging_mixin.py:120} INFO - [2023-05-27T14:45:12.802+0000] {dagbag.py:537} INFO - Filling up the DagBag from /home/airflow/.local/lib/python3.7/site-packages/airflow/example_dags/example_short_circuit_decorator.py
[2023-05-27T14:45:12.838+0000] {processor.py:766} INFO - DAG(s) dict_keys(['example_short_circuit_decorator']) retrieved from /home/airflow/.local/lib/python3.7/site-packages/airflow/example_dags/example_short_circuit_decorator.py
[2023-05-27T14:45:12.904+0000] {logging_mixin.py:120} INFO - [2023-05-27T14:45:12.903+0000] {dag.py:2585} INFO - Sync 1 DAGs
[2023-05-27T14:45:12.937+0000] {logging_mixin.py:120} INFO - [2023-05-27T14:45:12.937+0000] {dag.py:3340} INFO - Setting next_dagrun for example_short_circuit_decorator to 2023-05-26T14:45:12.937474+00:00, run_after=2023-05-27T14:45:12.937474+00:00
[2023-05-27T14:45:12.961+0000] {processor.py:176} INFO - Processing /home/airflow/.local/lib/python3.7/site-packages/airflow/example_dags/example_short_circuit_decorator.py took 0.170 seconds
[2023-05-27T14:45:43.620+0000] {processor.py:154} INFO - Started process (PID=889) to work on /home/airflow/.local/lib/python3.7/site-packages/airflow/example_dags/example_short_circuit_decorator.py
[2023-05-27T14:45:43.623+0000] {processor.py:756} INFO - Processing file /home/airflow/.local/lib/python3.7/site-packages/airflow/example_dags/example_short_circuit_decorator.py for tasks to queue
[2023-05-27T14:45:43.624+0000] {logging_mixin.py:120} INFO - [2023-05-27T14:45:43.623+0000] {dagbag.py:537} INFO - Filling up the DagBag from /home/airflow/.local/lib/python3.7/site-packages/airflow/example_dags/example_short_circuit_decorator.py
[2023-05-27T14:45:43.659+0000] {processor.py:766} INFO - DAG(s) dict_keys(['example_short_circuit_decorator']) retrieved from /home/airflow/.local/lib/python3.7/site-packages/airflow/example_dags/example_short_circuit_decorator.py
[2023-05-27T14:45:43.708+0000] {logging_mixin.py:120} INFO - [2023-05-27T14:45:43.708+0000] {dag.py:2585} INFO - Sync 1 DAGs
[2023-05-27T14:45:43.740+0000] {logging_mixin.py:120} INFO - [2023-05-27T14:45:43.739+0000] {dag.py:3340} INFO - Setting next_dagrun for example_short_circuit_decorator to 2023-05-26T14:45:43.739493+00:00, run_after=2023-05-27T14:45:43.739493+00:00
[2023-05-27T14:45:43.777+0000] {processor.py:176} INFO - Processing /home/airflow/.local/lib/python3.7/site-packages/airflow/example_dags/example_short_circuit_decorator.py took 0.161 seconds
[2023-05-27T14:46:14.025+0000] {processor.py:154} INFO - Started process (PID=952) to work on /home/airflow/.local/lib/python3.7/site-packages/airflow/example_dags/example_short_circuit_decorator.py
[2023-05-27T14:46:14.034+0000] {processor.py:756} INFO - Processing file /home/airflow/.local/lib/python3.7/site-packages/airflow/example_dags/example_short_circuit_decorator.py for tasks to queue
[2023-05-27T14:46:14.035+0000] {logging_mixin.py:120} INFO - [2023-05-27T14:46:14.035+0000] {dagbag.py:537} INFO - Filling up the DagBag from /home/airflow/.local/lib/python3.7/site-packages/airflow/example_dags/example_short_circuit_decorator.py
[2023-05-27T14:46:14.081+0000] {processor.py:766} INFO - DAG(s) dict_keys(['example_short_circuit_decorator']) retrieved from /home/airflow/.local/lib/python3.7/site-packages/airflow/example_dags/example_short_circuit_decorator.py
[2023-05-27T14:46:14.152+0000] {logging_mixin.py:120} INFO - [2023-05-27T14:46:14.152+0000] {dag.py:2585} INFO - Sync 1 DAGs
[2023-05-27T14:46:14.194+0000] {logging_mixin.py:120} INFO - [2023-05-27T14:46:14.194+0000] {dag.py:3340} INFO - Setting next_dagrun for example_short_circuit_decorator to 2023-05-26T14:46:14.194314+00:00, run_after=2023-05-27T14:46:14.194314+00:00
[2023-05-27T14:46:14.217+0000] {processor.py:176} INFO - Processing /home/airflow/.local/lib/python3.7/site-packages/airflow/example_dags/example_short_circuit_decorator.py took 0.200 seconds
[2023-05-27T14:46:44.254+0000] {processor.py:154} INFO - Started process (PID=1005) to work on /home/airflow/.local/lib/python3.7/site-packages/airflow/example_dags/example_short_circuit_decorator.py
[2023-05-27T14:46:44.257+0000] {processor.py:756} INFO - Processing file /home/airflow/.local/lib/python3.7/site-packages/airflow/example_dags/example_short_circuit_decorator.py for tasks to queue
[2023-05-27T14:46:44.257+0000] {logging_mixin.py:120} INFO - [2023-05-27T14:46:44.257+0000] {dagbag.py:537} INFO - Filling up the DagBag from /home/airflow/.local/lib/python3.7/site-packages/airflow/example_dags/example_short_circuit_decorator.py
[2023-05-27T14:46:44.291+0000] {processor.py:766} INFO - DAG(s) dict_keys(['example_short_circuit_decorator']) retrieved from /home/airflow/.local/lib/python3.7/site-packages/airflow/example_dags/example_short_circuit_decorator.py
[2023-05-27T14:46:44.358+0000] {logging_mixin.py:120} INFO - [2023-05-27T14:46:44.358+0000] {dag.py:2585} INFO - Sync 1 DAGs
[2023-05-27T14:46:44.435+0000] {logging_mixin.py:120} INFO - [2023-05-27T14:46:44.435+0000] {dag.py:3340} INFO - Setting next_dagrun for example_short_circuit_decorator to 2023-05-26T14:46:44.435419+00:00, run_after=2023-05-27T14:46:44.435419+00:00
[2023-05-27T14:46:44.464+0000] {processor.py:176} INFO - Processing /home/airflow/.local/lib/python3.7/site-packages/airflow/example_dags/example_short_circuit_decorator.py took 0.213 seconds
[2023-05-27T14:47:14.905+0000] {processor.py:154} INFO - Started process (PID=1067) to work on /home/airflow/.local/lib/python3.7/site-packages/airflow/example_dags/example_short_circuit_decorator.py
[2023-05-27T14:47:14.907+0000] {processor.py:756} INFO - Processing file /home/airflow/.local/lib/python3.7/site-packages/airflow/example_dags/example_short_circuit_decorator.py for tasks to queue
[2023-05-27T14:47:14.908+0000] {logging_mixin.py:120} INFO - [2023-05-27T14:47:14.908+0000] {dagbag.py:537} INFO - Filling up the DagBag from /home/airflow/.local/lib/python3.7/site-packages/airflow/example_dags/example_short_circuit_decorator.py
[2023-05-27T14:47:14.968+0000] {processor.py:766} INFO - DAG(s) dict_keys(['example_short_circuit_decorator']) retrieved from /home/airflow/.local/lib/python3.7/site-packages/airflow/example_dags/example_short_circuit_decorator.py
[2023-05-27T14:47:15.042+0000] {logging_mixin.py:120} INFO - [2023-05-27T14:47:15.042+0000] {dag.py:2585} INFO - Sync 1 DAGs
[2023-05-27T14:47:15.138+0000] {logging_mixin.py:120} INFO - [2023-05-27T14:47:15.138+0000] {dag.py:3340} INFO - Setting next_dagrun for example_short_circuit_decorator to 2023-05-26T14:47:15.138093+00:00, run_after=2023-05-27T14:47:15.138093+00:00
[2023-05-27T14:47:15.184+0000] {processor.py:176} INFO - Processing /home/airflow/.local/lib/python3.7/site-packages/airflow/example_dags/example_short_circuit_decorator.py took 0.295 seconds
[2023-05-27T14:47:45.301+0000] {processor.py:154} INFO - Started process (PID=1124) to work on /home/airflow/.local/lib/python3.7/site-packages/airflow/example_dags/example_short_circuit_decorator.py
[2023-05-27T14:47:45.306+0000] {processor.py:756} INFO - Processing file /home/airflow/.local/lib/python3.7/site-packages/airflow/example_dags/example_short_circuit_decorator.py for tasks to queue
[2023-05-27T14:47:45.309+0000] {logging_mixin.py:120} INFO - [2023-05-27T14:47:45.307+0000] {dagbag.py:537} INFO - Filling up the DagBag from /home/airflow/.local/lib/python3.7/site-packages/airflow/example_dags/example_short_circuit_decorator.py
[2023-05-27T14:47:45.403+0000] {processor.py:766} INFO - DAG(s) dict_keys(['example_short_circuit_decorator']) retrieved from /home/airflow/.local/lib/python3.7/site-packages/airflow/example_dags/example_short_circuit_decorator.py
[2023-05-27T14:47:45.517+0000] {logging_mixin.py:120} INFO - [2023-05-27T14:47:45.517+0000] {dag.py:2585} INFO - Sync 1 DAGs
[2023-05-27T14:47:45.578+0000] {logging_mixin.py:120} INFO - [2023-05-27T14:47:45.578+0000] {dag.py:3340} INFO - Setting next_dagrun for example_short_circuit_decorator to 2023-05-26T14:47:45.577808+00:00, run_after=2023-05-27T14:47:45.577808+00:00
[2023-05-27T14:47:45.622+0000] {processor.py:176} INFO - Processing /home/airflow/.local/lib/python3.7/site-packages/airflow/example_dags/example_short_circuit_decorator.py took 0.334 seconds
[2023-05-27T14:48:16.025+0000] {processor.py:154} INFO - Started process (PID=1177) to work on /home/airflow/.local/lib/python3.7/site-packages/airflow/example_dags/example_short_circuit_decorator.py
[2023-05-27T14:48:16.029+0000] {processor.py:756} INFO - Processing file /home/airflow/.local/lib/python3.7/site-packages/airflow/example_dags/example_short_circuit_decorator.py for tasks to queue
[2023-05-27T14:48:16.030+0000] {logging_mixin.py:120} INFO - [2023-05-27T14:48:16.029+0000] {dagbag.py:537} INFO - Filling up the DagBag from /home/airflow/.local/lib/python3.7/site-packages/airflow/example_dags/example_short_circuit_decorator.py
[2023-05-27T14:48:16.065+0000] {processor.py:766} INFO - DAG(s) dict_keys(['example_short_circuit_decorator']) retrieved from /home/airflow/.local/lib/python3.7/site-packages/airflow/example_dags/example_short_circuit_decorator.py
[2023-05-27T14:48:16.119+0000] {logging_mixin.py:120} INFO - [2023-05-27T14:48:16.118+0000] {dag.py:2585} INFO - Sync 1 DAGs
[2023-05-27T14:48:16.150+0000] {logging_mixin.py:120} INFO - [2023-05-27T14:48:16.150+0000] {dag.py:3340} INFO - Setting next_dagrun for example_short_circuit_decorator to 2023-05-26T14:48:16.150109+00:00, run_after=2023-05-27T14:48:16.150109+00:00
[2023-05-27T14:48:16.172+0000] {processor.py:176} INFO - Processing /home/airflow/.local/lib/python3.7/site-packages/airflow/example_dags/example_short_circuit_decorator.py took 0.150 seconds
[2023-05-27T14:48:46.445+0000] {processor.py:154} INFO - Started process (PID=1240) to work on /home/airflow/.local/lib/python3.7/site-packages/airflow/example_dags/example_short_circuit_decorator.py
[2023-05-27T14:48:46.446+0000] {processor.py:756} INFO - Processing file /home/airflow/.local/lib/python3.7/site-packages/airflow/example_dags/example_short_circuit_decorator.py for tasks to queue
[2023-05-27T14:48:46.447+0000] {logging_mixin.py:120} INFO - [2023-05-27T14:48:46.447+0000] {dagbag.py:537} INFO - Filling up the DagBag from /home/airflow/.local/lib/python3.7/site-packages/airflow/example_dags/example_short_circuit_decorator.py
[2023-05-27T14:48:46.478+0000] {processor.py:766} INFO - DAG(s) dict_keys(['example_short_circuit_decorator']) retrieved from /home/airflow/.local/lib/python3.7/site-packages/airflow/example_dags/example_short_circuit_decorator.py
[2023-05-27T14:48:46.537+0000] {logging_mixin.py:120} INFO - [2023-05-27T14:48:46.537+0000] {dag.py:2585} INFO - Sync 1 DAGs
[2023-05-27T14:48:46.568+0000] {logging_mixin.py:120} INFO - [2023-05-27T14:48:46.568+0000] {dag.py:3340} INFO - Setting next_dagrun for example_short_circuit_decorator to 2023-05-26T14:48:46.567914+00:00, run_after=2023-05-27T14:48:46.567914+00:00
[2023-05-27T14:48:46.593+0000] {processor.py:176} INFO - Processing /home/airflow/.local/lib/python3.7/site-packages/airflow/example_dags/example_short_circuit_decorator.py took 0.152 seconds
[2023-05-27T14:49:17.188+0000] {processor.py:154} INFO - Started process (PID=1294) to work on /home/airflow/.local/lib/python3.7/site-packages/airflow/example_dags/example_short_circuit_decorator.py
[2023-05-27T14:49:17.192+0000] {processor.py:756} INFO - Processing file /home/airflow/.local/lib/python3.7/site-packages/airflow/example_dags/example_short_circuit_decorator.py for tasks to queue
[2023-05-27T14:49:17.193+0000] {logging_mixin.py:120} INFO - [2023-05-27T14:49:17.193+0000] {dagbag.py:537} INFO - Filling up the DagBag from /home/airflow/.local/lib/python3.7/site-packages/airflow/example_dags/example_short_circuit_decorator.py
[2023-05-27T14:49:17.254+0000] {processor.py:766} INFO - DAG(s) dict_keys(['example_short_circuit_decorator']) retrieved from /home/airflow/.local/lib/python3.7/site-packages/airflow/example_dags/example_short_circuit_decorator.py
[2023-05-27T14:49:17.366+0000] {logging_mixin.py:120} INFO - [2023-05-27T14:49:17.365+0000] {dag.py:2585} INFO - Sync 1 DAGs
[2023-05-27T14:49:17.448+0000] {logging_mixin.py:120} INFO - [2023-05-27T14:49:17.448+0000] {dag.py:3340} INFO - Setting next_dagrun for example_short_circuit_decorator to 2023-05-26T14:49:17.448316+00:00, run_after=2023-05-27T14:49:17.448316+00:00
[2023-05-27T14:49:17.506+0000] {processor.py:176} INFO - Processing /home/airflow/.local/lib/python3.7/site-packages/airflow/example_dags/example_short_circuit_decorator.py took 0.322 seconds
[2023-05-27T14:49:47.918+0000] {processor.py:154} INFO - Started process (PID=1358) to work on /home/airflow/.local/lib/python3.7/site-packages/airflow/example_dags/example_short_circuit_decorator.py
[2023-05-27T14:49:47.920+0000] {processor.py:756} INFO - Processing file /home/airflow/.local/lib/python3.7/site-packages/airflow/example_dags/example_short_circuit_decorator.py for tasks to queue
[2023-05-27T14:49:47.921+0000] {logging_mixin.py:120} INFO - [2023-05-27T14:49:47.921+0000] {dagbag.py:537} INFO - Filling up the DagBag from /home/airflow/.local/lib/python3.7/site-packages/airflow/example_dags/example_short_circuit_decorator.py
[2023-05-27T14:49:47.953+0000] {processor.py:766} INFO - DAG(s) dict_keys(['example_short_circuit_decorator']) retrieved from /home/airflow/.local/lib/python3.7/site-packages/airflow/example_dags/example_short_circuit_decorator.py
[2023-05-27T14:49:48.005+0000] {logging_mixin.py:120} INFO - [2023-05-27T14:49:48.005+0000] {dag.py:2585} INFO - Sync 1 DAGs
[2023-05-27T14:49:48.039+0000] {logging_mixin.py:120} INFO - [2023-05-27T14:49:48.039+0000] {dag.py:3340} INFO - Setting next_dagrun for example_short_circuit_decorator to 2023-05-26T14:49:48.039250+00:00, run_after=2023-05-27T14:49:48.039250+00:00
[2023-05-27T14:49:48.072+0000] {processor.py:176} INFO - Processing /home/airflow/.local/lib/python3.7/site-packages/airflow/example_dags/example_short_circuit_decorator.py took 0.158 seconds
[2023-05-27T14:50:18.215+0000] {processor.py:154} INFO - Started process (PID=1412) to work on /home/airflow/.local/lib/python3.7/site-packages/airflow/example_dags/example_short_circuit_decorator.py
[2023-05-27T14:50:18.217+0000] {processor.py:756} INFO - Processing file /home/airflow/.local/lib/python3.7/site-packages/airflow/example_dags/example_short_circuit_decorator.py for tasks to queue
[2023-05-27T14:50:18.218+0000] {logging_mixin.py:120} INFO - [2023-05-27T14:50:18.218+0000] {dagbag.py:537} INFO - Filling up the DagBag from /home/airflow/.local/lib/python3.7/site-packages/airflow/example_dags/example_short_circuit_decorator.py
[2023-05-27T14:50:18.251+0000] {processor.py:766} INFO - DAG(s) dict_keys(['example_short_circuit_decorator']) retrieved from /home/airflow/.local/lib/python3.7/site-packages/airflow/example_dags/example_short_circuit_decorator.py
[2023-05-27T14:50:18.302+0000] {logging_mixin.py:120} INFO - [2023-05-27T14:50:18.301+0000] {dag.py:2585} INFO - Sync 1 DAGs
[2023-05-27T14:50:18.333+0000] {logging_mixin.py:120} INFO - [2023-05-27T14:50:18.332+0000] {dag.py:3340} INFO - Setting next_dagrun for example_short_circuit_decorator to 2023-05-26T14:50:18.332699+00:00, run_after=2023-05-27T14:50:18.332699+00:00
[2023-05-27T14:50:18.355+0000] {processor.py:176} INFO - Processing /home/airflow/.local/lib/python3.7/site-packages/airflow/example_dags/example_short_circuit_decorator.py took 0.143 seconds
[2023-05-27T14:50:48.492+0000] {processor.py:154} INFO - Started process (PID=1466) to work on /home/airflow/.local/lib/python3.7/site-packages/airflow/example_dags/example_short_circuit_decorator.py
[2023-05-27T14:50:48.494+0000] {processor.py:756} INFO - Processing file /home/airflow/.local/lib/python3.7/site-packages/airflow/example_dags/example_short_circuit_decorator.py for tasks to queue
[2023-05-27T14:50:48.495+0000] {logging_mixin.py:120} INFO - [2023-05-27T14:50:48.495+0000] {dagbag.py:537} INFO - Filling up the DagBag from /home/airflow/.local/lib/python3.7/site-packages/airflow/example_dags/example_short_circuit_decorator.py
[2023-05-27T14:50:48.541+0000] {processor.py:766} INFO - DAG(s) dict_keys(['example_short_circuit_decorator']) retrieved from /home/airflow/.local/lib/python3.7/site-packages/airflow/example_dags/example_short_circuit_decorator.py
[2023-05-27T14:50:48.610+0000] {logging_mixin.py:120} INFO - [2023-05-27T14:50:48.610+0000] {dag.py:2585} INFO - Sync 1 DAGs
[2023-05-27T14:50:48.642+0000] {logging_mixin.py:120} INFO - [2023-05-27T14:50:48.642+0000] {dag.py:3340} INFO - Setting next_dagrun for example_short_circuit_decorator to 2023-05-26T14:50:48.642018+00:00, run_after=2023-05-27T14:50:48.642018+00:00
[2023-05-27T14:50:48.664+0000] {processor.py:176} INFO - Processing /home/airflow/.local/lib/python3.7/site-packages/airflow/example_dags/example_short_circuit_decorator.py took 0.177 seconds
[2023-05-27T14:51:19.397+0000] {processor.py:154} INFO - Started process (PID=1521) to work on /home/airflow/.local/lib/python3.7/site-packages/airflow/example_dags/example_short_circuit_decorator.py
[2023-05-27T14:51:19.399+0000] {processor.py:756} INFO - Processing file /home/airflow/.local/lib/python3.7/site-packages/airflow/example_dags/example_short_circuit_decorator.py for tasks to queue
[2023-05-27T14:51:19.400+0000] {logging_mixin.py:120} INFO - [2023-05-27T14:51:19.400+0000] {dagbag.py:537} INFO - Filling up the DagBag from /home/airflow/.local/lib/python3.7/site-packages/airflow/example_dags/example_short_circuit_decorator.py
[2023-05-27T14:51:19.433+0000] {processor.py:766} INFO - DAG(s) dict_keys(['example_short_circuit_decorator']) retrieved from /home/airflow/.local/lib/python3.7/site-packages/airflow/example_dags/example_short_circuit_decorator.py
[2023-05-27T14:51:19.483+0000] {logging_mixin.py:120} INFO - [2023-05-27T14:51:19.483+0000] {dag.py:2585} INFO - Sync 1 DAGs
[2023-05-27T14:51:19.518+0000] {logging_mixin.py:120} INFO - [2023-05-27T14:51:19.518+0000] {dag.py:3340} INFO - Setting next_dagrun for example_short_circuit_decorator to 2023-05-26T14:51:19.518180+00:00, run_after=2023-05-27T14:51:19.518180+00:00
[2023-05-27T14:51:19.543+0000] {processor.py:176} INFO - Processing /home/airflow/.local/lib/python3.7/site-packages/airflow/example_dags/example_short_circuit_decorator.py took 0.149 seconds
[2023-05-27T14:51:50.229+0000] {processor.py:154} INFO - Started process (PID=1584) to work on /home/airflow/.local/lib/python3.7/site-packages/airflow/example_dags/example_short_circuit_decorator.py
[2023-05-27T14:51:50.232+0000] {processor.py:756} INFO - Processing file /home/airflow/.local/lib/python3.7/site-packages/airflow/example_dags/example_short_circuit_decorator.py for tasks to queue
[2023-05-27T14:51:50.233+0000] {logging_mixin.py:120} INFO - [2023-05-27T14:51:50.233+0000] {dagbag.py:537} INFO - Filling up the DagBag from /home/airflow/.local/lib/python3.7/site-packages/airflow/example_dags/example_short_circuit_decorator.py
[2023-05-27T14:51:50.310+0000] {processor.py:766} INFO - DAG(s) dict_keys(['example_short_circuit_decorator']) retrieved from /home/airflow/.local/lib/python3.7/site-packages/airflow/example_dags/example_short_circuit_decorator.py
[2023-05-27T14:51:50.377+0000] {logging_mixin.py:120} INFO - [2023-05-27T14:51:50.376+0000] {dag.py:2585} INFO - Sync 1 DAGs
[2023-05-27T14:51:50.420+0000] {logging_mixin.py:120} INFO - [2023-05-27T14:51:50.420+0000] {dag.py:3340} INFO - Setting next_dagrun for example_short_circuit_decorator to 2023-05-26T14:51:50.420162+00:00, run_after=2023-05-27T14:51:50.420162+00:00
[2023-05-27T14:51:50.512+0000] {processor.py:176} INFO - Processing /home/airflow/.local/lib/python3.7/site-packages/airflow/example_dags/example_short_circuit_decorator.py took 0.289 seconds
[2023-05-27T14:52:21.606+0000] {processor.py:154} INFO - Started process (PID=1638) to work on /home/airflow/.local/lib/python3.7/site-packages/airflow/example_dags/example_short_circuit_decorator.py
[2023-05-27T14:52:21.608+0000] {processor.py:756} INFO - Processing file /home/airflow/.local/lib/python3.7/site-packages/airflow/example_dags/example_short_circuit_decorator.py for tasks to queue
[2023-05-27T14:52:21.609+0000] {logging_mixin.py:120} INFO - [2023-05-27T14:52:21.609+0000] {dagbag.py:537} INFO - Filling up the DagBag from /home/airflow/.local/lib/python3.7/site-packages/airflow/example_dags/example_short_circuit_decorator.py
[2023-05-27T14:52:21.692+0000] {processor.py:766} INFO - DAG(s) dict_keys(['example_short_circuit_decorator']) retrieved from /home/airflow/.local/lib/python3.7/site-packages/airflow/example_dags/example_short_circuit_decorator.py
[2023-05-27T14:52:21.816+0000] {logging_mixin.py:120} INFO - [2023-05-27T14:52:21.816+0000] {dag.py:2585} INFO - Sync 1 DAGs
[2023-05-27T14:52:21.854+0000] {logging_mixin.py:120} INFO - [2023-05-27T14:52:21.854+0000] {dag.py:3340} INFO - Setting next_dagrun for example_short_circuit_decorator to 2023-05-26T14:52:21.848187+00:00, run_after=2023-05-27T14:52:21.848187+00:00
[2023-05-27T14:52:21.896+0000] {processor.py:176} INFO - Processing /home/airflow/.local/lib/python3.7/site-packages/airflow/example_dags/example_short_circuit_decorator.py took 0.293 seconds
[2023-05-27T14:52:55.861+0000] {processor.py:154} INFO - Started process (PID=1701) to work on /home/airflow/.local/lib/python3.7/site-packages/airflow/example_dags/example_short_circuit_decorator.py
[2023-05-27T14:52:55.868+0000] {processor.py:756} INFO - Processing file /home/airflow/.local/lib/python3.7/site-packages/airflow/example_dags/example_short_circuit_decorator.py for tasks to queue
[2023-05-27T14:52:55.869+0000] {logging_mixin.py:120} INFO - [2023-05-27T14:52:55.869+0000] {dagbag.py:537} INFO - Filling up the DagBag from /home/airflow/.local/lib/python3.7/site-packages/airflow/example_dags/example_short_circuit_decorator.py
[2023-05-27T14:52:55.948+0000] {processor.py:766} INFO - DAG(s) dict_keys(['example_short_circuit_decorator']) retrieved from /home/airflow/.local/lib/python3.7/site-packages/airflow/example_dags/example_short_circuit_decorator.py
[2023-05-27T14:52:56.100+0000] {logging_mixin.py:120} INFO - [2023-05-27T14:52:56.100+0000] {dag.py:2585} INFO - Sync 1 DAGs
[2023-05-27T14:52:56.191+0000] {logging_mixin.py:120} INFO - [2023-05-27T14:52:56.190+0000] {dag.py:3340} INFO - Setting next_dagrun for example_short_circuit_decorator to 2023-05-26T14:52:56.186054+00:00, run_after=2023-05-27T14:52:56.186054+00:00
[2023-05-27T14:52:56.237+0000] {processor.py:176} INFO - Processing /home/airflow/.local/lib/python3.7/site-packages/airflow/example_dags/example_short_circuit_decorator.py took 0.383 seconds
[2023-05-27T14:53:26.557+0000] {processor.py:154} INFO - Started process (PID=1755) to work on /home/airflow/.local/lib/python3.7/site-packages/airflow/example_dags/example_short_circuit_decorator.py
[2023-05-27T14:53:26.559+0000] {processor.py:756} INFO - Processing file /home/airflow/.local/lib/python3.7/site-packages/airflow/example_dags/example_short_circuit_decorator.py for tasks to queue
[2023-05-27T14:53:26.560+0000] {logging_mixin.py:120} INFO - [2023-05-27T14:53:26.560+0000] {dagbag.py:537} INFO - Filling up the DagBag from /home/airflow/.local/lib/python3.7/site-packages/airflow/example_dags/example_short_circuit_decorator.py
[2023-05-27T14:53:26.593+0000] {processor.py:766} INFO - DAG(s) dict_keys(['example_short_circuit_decorator']) retrieved from /home/airflow/.local/lib/python3.7/site-packages/airflow/example_dags/example_short_circuit_decorator.py
[2023-05-27T14:53:26.649+0000] {logging_mixin.py:120} INFO - [2023-05-27T14:53:26.648+0000] {dag.py:2585} INFO - Sync 1 DAGs
[2023-05-27T14:53:26.698+0000] {logging_mixin.py:120} INFO - [2023-05-27T14:53:26.698+0000] {dag.py:3340} INFO - Setting next_dagrun for example_short_circuit_decorator to 2023-05-26T14:53:26.697932+00:00, run_after=2023-05-27T14:53:26.697932+00:00
[2023-05-27T14:53:26.733+0000] {processor.py:176} INFO - Processing /home/airflow/.local/lib/python3.7/site-packages/airflow/example_dags/example_short_circuit_decorator.py took 0.180 seconds
