[2023-05-27T14:38:25.387+0000] {processor.py:154} INFO - Started process (PID=63) to work on /home/airflow/.local/lib/python3.7/site-packages/airflow/example_dags/example_bash_operator.py
[2023-05-27T14:38:25.412+0000] {processor.py:756} INFO - Processing file /home/airflow/.local/lib/python3.7/site-packages/airflow/example_dags/example_bash_operator.py for tasks to queue
[2023-05-27T14:38:25.413+0000] {logging_mixin.py:120} INFO - [2023-05-27T14:38:25.413+0000] {dagbag.py:537} INFO - Filling up the DagBag from /home/airflow/.local/lib/python3.7/site-packages/airflow/example_dags/example_bash_operator.py
[2023-05-27T14:38:25.740+0000] {processor.py:766} INFO - DAG(s) dict_keys(['example_bash_operator']) retrieved from /home/airflow/.local/lib/python3.7/site-packages/airflow/example_dags/example_bash_operator.py
[2023-05-27T14:38:26.672+0000] {logging_mixin.py:120} INFO - [2023-05-27T14:38:26.671+0000] {manager.py:507} INFO - Created Permission View: can read on DAG:example_bash_operator
[2023-05-27T14:38:26.696+0000] {logging_mixin.py:120} INFO - [2023-05-27T14:38:26.696+0000] {manager.py:507} INFO - Created Permission View: can edit on DAG:example_bash_operator
[2023-05-27T14:38:26.714+0000] {logging_mixin.py:120} INFO - [2023-05-27T14:38:26.714+0000] {manager.py:507} INFO - Created Permission View: can delete on DAG:example_bash_operator
[2023-05-27T14:38:26.714+0000] {logging_mixin.py:120} INFO - [2023-05-27T14:38:26.714+0000] {dag.py:2585} INFO - Sync 1 DAGs
[2023-05-27T14:38:26.762+0000] {logging_mixin.py:120} INFO - [2023-05-27T14:38:26.762+0000] {dag.py:2606} INFO - Creating ORM DAG for example_bash_operator
[2023-05-27T14:38:26.814+0000] {logging_mixin.py:120} INFO - [2023-05-27T14:38:26.814+0000] {dag.py:3340} INFO - Setting next_dagrun for example_bash_operator to 2023-05-26T00:00:00+00:00, run_after=2023-05-27T00:00:00+00:00
[2023-05-27T14:38:26.894+0000] {processor.py:176} INFO - Processing /home/airflow/.local/lib/python3.7/site-packages/airflow/example_dags/example_bash_operator.py took 1.510 seconds
[2023-05-27T14:38:57.509+0000] {processor.py:154} INFO - Started process (PID=117) to work on /home/airflow/.local/lib/python3.7/site-packages/airflow/example_dags/example_bash_operator.py
[2023-05-27T14:38:57.511+0000] {processor.py:756} INFO - Processing file /home/airflow/.local/lib/python3.7/site-packages/airflow/example_dags/example_bash_operator.py for tasks to queue
[2023-05-27T14:38:57.512+0000] {logging_mixin.py:120} INFO - [2023-05-27T14:38:57.512+0000] {dagbag.py:537} INFO - Filling up the DagBag from /home/airflow/.local/lib/python3.7/site-packages/airflow/example_dags/example_bash_operator.py
[2023-05-27T14:38:57.546+0000] {processor.py:766} INFO - DAG(s) dict_keys(['example_bash_operator']) retrieved from /home/airflow/.local/lib/python3.7/site-packages/airflow/example_dags/example_bash_operator.py
[2023-05-27T14:38:57.621+0000] {logging_mixin.py:120} INFO - [2023-05-27T14:38:57.620+0000] {dag.py:2585} INFO - Sync 1 DAGs
[2023-05-27T14:38:57.679+0000] {logging_mixin.py:120} INFO - [2023-05-27T14:38:57.679+0000] {dag.py:3340} INFO - Setting next_dagrun for example_bash_operator to 2023-05-26T00:00:00+00:00, run_after=2023-05-27T00:00:00+00:00
[2023-05-27T14:38:57.741+0000] {processor.py:176} INFO - Processing /home/airflow/.local/lib/python3.7/site-packages/airflow/example_dags/example_bash_operator.py took 0.236 seconds
[2023-05-27T14:39:27.907+0000] {processor.py:154} INFO - Started process (PID=182) to work on /home/airflow/.local/lib/python3.7/site-packages/airflow/example_dags/example_bash_operator.py
[2023-05-27T14:39:27.911+0000] {processor.py:756} INFO - Processing file /home/airflow/.local/lib/python3.7/site-packages/airflow/example_dags/example_bash_operator.py for tasks to queue
[2023-05-27T14:39:27.912+0000] {logging_mixin.py:120} INFO - [2023-05-27T14:39:27.912+0000] {dagbag.py:537} INFO - Filling up the DagBag from /home/airflow/.local/lib/python3.7/site-packages/airflow/example_dags/example_bash_operator.py
[2023-05-27T14:39:27.992+0000] {processor.py:766} INFO - DAG(s) dict_keys(['example_bash_operator']) retrieved from /home/airflow/.local/lib/python3.7/site-packages/airflow/example_dags/example_bash_operator.py
[2023-05-27T14:39:28.137+0000] {logging_mixin.py:120} INFO - [2023-05-27T14:39:28.137+0000] {dag.py:2585} INFO - Sync 1 DAGs
[2023-05-27T14:39:28.230+0000] {logging_mixin.py:120} INFO - [2023-05-27T14:39:28.230+0000] {dag.py:3340} INFO - Setting next_dagrun for example_bash_operator to 2023-05-26T00:00:00+00:00, run_after=2023-05-27T00:00:00+00:00
[2023-05-27T14:39:28.318+0000] {processor.py:176} INFO - Processing /home/airflow/.local/lib/python3.7/site-packages/airflow/example_dags/example_bash_operator.py took 0.428 seconds
[2023-05-27T14:39:59.181+0000] {processor.py:154} INFO - Started process (PID=235) to work on /home/airflow/.local/lib/python3.7/site-packages/airflow/example_dags/example_bash_operator.py
[2023-05-27T14:39:59.184+0000] {processor.py:756} INFO - Processing file /home/airflow/.local/lib/python3.7/site-packages/airflow/example_dags/example_bash_operator.py for tasks to queue
[2023-05-27T14:39:59.185+0000] {logging_mixin.py:120} INFO - [2023-05-27T14:39:59.185+0000] {dagbag.py:537} INFO - Filling up the DagBag from /home/airflow/.local/lib/python3.7/site-packages/airflow/example_dags/example_bash_operator.py
[2023-05-27T14:39:59.258+0000] {processor.py:766} INFO - DAG(s) dict_keys(['example_bash_operator']) retrieved from /home/airflow/.local/lib/python3.7/site-packages/airflow/example_dags/example_bash_operator.py
[2023-05-27T14:39:59.494+0000] {logging_mixin.py:120} INFO - [2023-05-27T14:39:59.494+0000] {dag.py:2585} INFO - Sync 1 DAGs
[2023-05-27T14:39:59.594+0000] {logging_mixin.py:120} INFO - [2023-05-27T14:39:59.592+0000] {dag.py:3340} INFO - Setting next_dagrun for example_bash_operator to 2023-05-26T00:00:00+00:00, run_after=2023-05-27T00:00:00+00:00
[2023-05-27T14:39:59.666+0000] {processor.py:176} INFO - Processing /home/airflow/.local/lib/python3.7/site-packages/airflow/example_dags/example_bash_operator.py took 0.532 seconds
[2023-05-27T14:40:29.817+0000] {processor.py:154} INFO - Started process (PID=296) to work on /home/airflow/.local/lib/python3.7/site-packages/airflow/example_dags/example_bash_operator.py
[2023-05-27T14:40:29.820+0000] {processor.py:756} INFO - Processing file /home/airflow/.local/lib/python3.7/site-packages/airflow/example_dags/example_bash_operator.py for tasks to queue
[2023-05-27T14:40:29.820+0000] {logging_mixin.py:120} INFO - [2023-05-27T14:40:29.820+0000] {dagbag.py:537} INFO - Filling up the DagBag from /home/airflow/.local/lib/python3.7/site-packages/airflow/example_dags/example_bash_operator.py
[2023-05-27T14:40:29.910+0000] {processor.py:766} INFO - DAG(s) dict_keys(['example_bash_operator']) retrieved from /home/airflow/.local/lib/python3.7/site-packages/airflow/example_dags/example_bash_operator.py
[2023-05-27T14:40:30.018+0000] {logging_mixin.py:120} INFO - [2023-05-27T14:40:30.017+0000] {dag.py:2585} INFO - Sync 1 DAGs
[2023-05-27T14:40:30.073+0000] {logging_mixin.py:120} INFO - [2023-05-27T14:40:30.072+0000] {dag.py:3340} INFO - Setting next_dagrun for example_bash_operator to 2023-05-26T00:00:00+00:00, run_after=2023-05-27T00:00:00+00:00
[2023-05-27T14:40:30.112+0000] {processor.py:176} INFO - Processing /home/airflow/.local/lib/python3.7/site-packages/airflow/example_dags/example_bash_operator.py took 0.302 seconds
[2023-05-27T14:41:00.356+0000] {processor.py:154} INFO - Started process (PID=353) to work on /home/airflow/.local/lib/python3.7/site-packages/airflow/example_dags/example_bash_operator.py
[2023-05-27T14:41:00.362+0000] {processor.py:756} INFO - Processing file /home/airflow/.local/lib/python3.7/site-packages/airflow/example_dags/example_bash_operator.py for tasks to queue
[2023-05-27T14:41:00.364+0000] {logging_mixin.py:120} INFO - [2023-05-27T14:41:00.363+0000] {dagbag.py:537} INFO - Filling up the DagBag from /home/airflow/.local/lib/python3.7/site-packages/airflow/example_dags/example_bash_operator.py
[2023-05-27T14:41:00.417+0000] {processor.py:766} INFO - DAG(s) dict_keys(['example_bash_operator']) retrieved from /home/airflow/.local/lib/python3.7/site-packages/airflow/example_dags/example_bash_operator.py
[2023-05-27T14:41:00.507+0000] {logging_mixin.py:120} INFO - [2023-05-27T14:41:00.507+0000] {dag.py:2585} INFO - Sync 1 DAGs
[2023-05-27T14:41:00.556+0000] {logging_mixin.py:120} INFO - [2023-05-27T14:41:00.555+0000] {dag.py:3340} INFO - Setting next_dagrun for example_bash_operator to 2023-05-26T00:00:00+00:00, run_after=2023-05-27T00:00:00+00:00
[2023-05-27T14:41:00.589+0000] {processor.py:176} INFO - Processing /home/airflow/.local/lib/python3.7/site-packages/airflow/example_dags/example_bash_operator.py took 0.237 seconds
[2023-05-27T14:41:31.380+0000] {processor.py:154} INFO - Started process (PID=407) to work on /home/airflow/.local/lib/python3.7/site-packages/airflow/example_dags/example_bash_operator.py
[2023-05-27T14:41:31.382+0000] {processor.py:756} INFO - Processing file /home/airflow/.local/lib/python3.7/site-packages/airflow/example_dags/example_bash_operator.py for tasks to queue
[2023-05-27T14:41:31.383+0000] {logging_mixin.py:120} INFO - [2023-05-27T14:41:31.382+0000] {dagbag.py:537} INFO - Filling up the DagBag from /home/airflow/.local/lib/python3.7/site-packages/airflow/example_dags/example_bash_operator.py
[2023-05-27T14:41:31.418+0000] {processor.py:766} INFO - DAG(s) dict_keys(['example_bash_operator']) retrieved from /home/airflow/.local/lib/python3.7/site-packages/airflow/example_dags/example_bash_operator.py
[2023-05-27T14:41:31.520+0000] {logging_mixin.py:120} INFO - [2023-05-27T14:41:31.520+0000] {dag.py:2585} INFO - Sync 1 DAGs
[2023-05-27T14:41:31.584+0000] {logging_mixin.py:120} INFO - [2023-05-27T14:41:31.584+0000] {dag.py:3340} INFO - Setting next_dagrun for example_bash_operator to 2023-05-26T00:00:00+00:00, run_after=2023-05-27T00:00:00+00:00
[2023-05-27T14:41:31.619+0000] {processor.py:176} INFO - Processing /home/airflow/.local/lib/python3.7/site-packages/airflow/example_dags/example_bash_operator.py took 0.243 seconds
[2023-05-27T14:42:01.673+0000] {processor.py:154} INFO - Started process (PID=470) to work on /home/airflow/.local/lib/python3.7/site-packages/airflow/example_dags/example_bash_operator.py
[2023-05-27T14:42:01.675+0000] {processor.py:756} INFO - Processing file /home/airflow/.local/lib/python3.7/site-packages/airflow/example_dags/example_bash_operator.py for tasks to queue
[2023-05-27T14:42:01.676+0000] {logging_mixin.py:120} INFO - [2023-05-27T14:42:01.675+0000] {dagbag.py:537} INFO - Filling up the DagBag from /home/airflow/.local/lib/python3.7/site-packages/airflow/example_dags/example_bash_operator.py
[2023-05-27T14:42:01.707+0000] {processor.py:766} INFO - DAG(s) dict_keys(['example_bash_operator']) retrieved from /home/airflow/.local/lib/python3.7/site-packages/airflow/example_dags/example_bash_operator.py
[2023-05-27T14:42:01.769+0000] {logging_mixin.py:120} INFO - [2023-05-27T14:42:01.769+0000] {dag.py:2585} INFO - Sync 1 DAGs
[2023-05-27T14:42:01.803+0000] {logging_mixin.py:120} INFO - [2023-05-27T14:42:01.803+0000] {dag.py:3340} INFO - Setting next_dagrun for example_bash_operator to 2023-05-26T00:00:00+00:00, run_after=2023-05-27T00:00:00+00:00
[2023-05-27T14:42:01.847+0000] {processor.py:176} INFO - Processing /home/airflow/.local/lib/python3.7/site-packages/airflow/example_dags/example_bash_operator.py took 0.176 seconds
[2023-05-27T14:42:32.514+0000] {processor.py:154} INFO - Started process (PID=526) to work on /home/airflow/.local/lib/python3.7/site-packages/airflow/example_dags/example_bash_operator.py
[2023-05-27T14:42:32.516+0000] {processor.py:756} INFO - Processing file /home/airflow/.local/lib/python3.7/site-packages/airflow/example_dags/example_bash_operator.py for tasks to queue
[2023-05-27T14:42:32.517+0000] {logging_mixin.py:120} INFO - [2023-05-27T14:42:32.517+0000] {dagbag.py:537} INFO - Filling up the DagBag from /home/airflow/.local/lib/python3.7/site-packages/airflow/example_dags/example_bash_operator.py
[2023-05-27T14:42:32.586+0000] {processor.py:766} INFO - DAG(s) dict_keys(['example_bash_operator']) retrieved from /home/airflow/.local/lib/python3.7/site-packages/airflow/example_dags/example_bash_operator.py
[2023-05-27T14:42:32.724+0000] {logging_mixin.py:120} INFO - [2023-05-27T14:42:32.724+0000] {dag.py:2585} INFO - Sync 1 DAGs
[2023-05-27T14:42:32.759+0000] {logging_mixin.py:120} INFO - [2023-05-27T14:42:32.759+0000] {dag.py:3340} INFO - Setting next_dagrun for example_bash_operator to 2023-05-26T00:00:00+00:00, run_after=2023-05-27T00:00:00+00:00
[2023-05-27T14:42:32.808+0000] {processor.py:176} INFO - Processing /home/airflow/.local/lib/python3.7/site-packages/airflow/example_dags/example_bash_operator.py took 0.298 seconds
[2023-05-27T14:43:02.867+0000] {processor.py:154} INFO - Started process (PID=589) to work on /home/airflow/.local/lib/python3.7/site-packages/airflow/example_dags/example_bash_operator.py
[2023-05-27T14:43:02.869+0000] {processor.py:756} INFO - Processing file /home/airflow/.local/lib/python3.7/site-packages/airflow/example_dags/example_bash_operator.py for tasks to queue
[2023-05-27T14:43:02.869+0000] {logging_mixin.py:120} INFO - [2023-05-27T14:43:02.869+0000] {dagbag.py:537} INFO - Filling up the DagBag from /home/airflow/.local/lib/python3.7/site-packages/airflow/example_dags/example_bash_operator.py
[2023-05-27T14:43:02.899+0000] {processor.py:766} INFO - DAG(s) dict_keys(['example_bash_operator']) retrieved from /home/airflow/.local/lib/python3.7/site-packages/airflow/example_dags/example_bash_operator.py
[2023-05-27T14:43:02.957+0000] {logging_mixin.py:120} INFO - [2023-05-27T14:43:02.957+0000] {dag.py:2585} INFO - Sync 1 DAGs
[2023-05-27T14:43:02.992+0000] {logging_mixin.py:120} INFO - [2023-05-27T14:43:02.992+0000] {dag.py:3340} INFO - Setting next_dagrun for example_bash_operator to 2023-05-26T00:00:00+00:00, run_after=2023-05-27T00:00:00+00:00
[2023-05-27T14:43:03.043+0000] {processor.py:176} INFO - Processing /home/airflow/.local/lib/python3.7/site-packages/airflow/example_dags/example_bash_operator.py took 0.180 seconds
[2023-05-27T14:43:33.511+0000] {processor.py:154} INFO - Started process (PID=643) to work on /home/airflow/.local/lib/python3.7/site-packages/airflow/example_dags/example_bash_operator.py
[2023-05-27T14:43:33.514+0000] {processor.py:756} INFO - Processing file /home/airflow/.local/lib/python3.7/site-packages/airflow/example_dags/example_bash_operator.py for tasks to queue
[2023-05-27T14:43:33.516+0000] {logging_mixin.py:120} INFO - [2023-05-27T14:43:33.515+0000] {dagbag.py:537} INFO - Filling up the DagBag from /home/airflow/.local/lib/python3.7/site-packages/airflow/example_dags/example_bash_operator.py
[2023-05-27T14:43:33.602+0000] {processor.py:766} INFO - DAG(s) dict_keys(['example_bash_operator']) retrieved from /home/airflow/.local/lib/python3.7/site-packages/airflow/example_dags/example_bash_operator.py
[2023-05-27T14:43:33.860+0000] {logging_mixin.py:120} INFO - [2023-05-27T14:43:33.860+0000] {dag.py:2585} INFO - Sync 1 DAGs
[2023-05-27T14:43:34.084+0000] {logging_mixin.py:120} INFO - [2023-05-27T14:43:34.083+0000] {dag.py:3340} INFO - Setting next_dagrun for example_bash_operator to 2023-05-26T00:00:00+00:00, run_after=2023-05-27T00:00:00+00:00
[2023-05-27T14:43:34.249+0000] {processor.py:176} INFO - Processing /home/airflow/.local/lib/python3.7/site-packages/airflow/example_dags/example_bash_operator.py took 0.747 seconds
[2023-05-27T14:44:04.408+0000] {processor.py:154} INFO - Started process (PID=704) to work on /home/airflow/.local/lib/python3.7/site-packages/airflow/example_dags/example_bash_operator.py
[2023-05-27T14:44:04.412+0000] {processor.py:756} INFO - Processing file /home/airflow/.local/lib/python3.7/site-packages/airflow/example_dags/example_bash_operator.py for tasks to queue
[2023-05-27T14:44:04.413+0000] {logging_mixin.py:120} INFO - [2023-05-27T14:44:04.412+0000] {dagbag.py:537} INFO - Filling up the DagBag from /home/airflow/.local/lib/python3.7/site-packages/airflow/example_dags/example_bash_operator.py
[2023-05-27T14:44:04.444+0000] {processor.py:766} INFO - DAG(s) dict_keys(['example_bash_operator']) retrieved from /home/airflow/.local/lib/python3.7/site-packages/airflow/example_dags/example_bash_operator.py
[2023-05-27T14:44:04.516+0000] {logging_mixin.py:120} INFO - [2023-05-27T14:44:04.515+0000] {dag.py:2585} INFO - Sync 1 DAGs
[2023-05-27T14:44:04.550+0000] {logging_mixin.py:120} INFO - [2023-05-27T14:44:04.550+0000] {dag.py:3340} INFO - Setting next_dagrun for example_bash_operator to 2023-05-26T00:00:00+00:00, run_after=2023-05-27T00:00:00+00:00
[2023-05-27T14:44:04.574+0000] {processor.py:176} INFO - Processing /home/airflow/.local/lib/python3.7/site-packages/airflow/example_dags/example_bash_operator.py took 0.171 seconds
[2023-05-27T14:44:34.711+0000] {processor.py:154} INFO - Started process (PID=760) to work on /home/airflow/.local/lib/python3.7/site-packages/airflow/example_dags/example_bash_operator.py
[2023-05-27T14:44:34.713+0000] {processor.py:756} INFO - Processing file /home/airflow/.local/lib/python3.7/site-packages/airflow/example_dags/example_bash_operator.py for tasks to queue
[2023-05-27T14:44:34.714+0000] {logging_mixin.py:120} INFO - [2023-05-27T14:44:34.714+0000] {dagbag.py:537} INFO - Filling up the DagBag from /home/airflow/.local/lib/python3.7/site-packages/airflow/example_dags/example_bash_operator.py
[2023-05-27T14:44:34.742+0000] {processor.py:766} INFO - DAG(s) dict_keys(['example_bash_operator']) retrieved from /home/airflow/.local/lib/python3.7/site-packages/airflow/example_dags/example_bash_operator.py
[2023-05-27T14:44:34.808+0000] {logging_mixin.py:120} INFO - [2023-05-27T14:44:34.808+0000] {dag.py:2585} INFO - Sync 1 DAGs
[2023-05-27T14:44:34.840+0000] {logging_mixin.py:120} INFO - [2023-05-27T14:44:34.840+0000] {dag.py:3340} INFO - Setting next_dagrun for example_bash_operator to 2023-05-26T00:00:00+00:00, run_after=2023-05-27T00:00:00+00:00
[2023-05-27T14:44:34.865+0000] {processor.py:176} INFO - Processing /home/airflow/.local/lib/python3.7/site-packages/airflow/example_dags/example_bash_operator.py took 0.158 seconds
[2023-05-27T14:45:05.278+0000] {processor.py:154} INFO - Started process (PID=813) to work on /home/airflow/.local/lib/python3.7/site-packages/airflow/example_dags/example_bash_operator.py
[2023-05-27T14:45:05.281+0000] {processor.py:756} INFO - Processing file /home/airflow/.local/lib/python3.7/site-packages/airflow/example_dags/example_bash_operator.py for tasks to queue
[2023-05-27T14:45:05.282+0000] {logging_mixin.py:120} INFO - [2023-05-27T14:45:05.282+0000] {dagbag.py:537} INFO - Filling up the DagBag from /home/airflow/.local/lib/python3.7/site-packages/airflow/example_dags/example_bash_operator.py
[2023-05-27T14:45:05.313+0000] {processor.py:766} INFO - DAG(s) dict_keys(['example_bash_operator']) retrieved from /home/airflow/.local/lib/python3.7/site-packages/airflow/example_dags/example_bash_operator.py
[2023-05-27T14:45:05.379+0000] {logging_mixin.py:120} INFO - [2023-05-27T14:45:05.378+0000] {dag.py:2585} INFO - Sync 1 DAGs
[2023-05-27T14:45:05.416+0000] {logging_mixin.py:120} INFO - [2023-05-27T14:45:05.416+0000] {dag.py:3340} INFO - Setting next_dagrun for example_bash_operator to 2023-05-26T00:00:00+00:00, run_after=2023-05-27T00:00:00+00:00
[2023-05-27T14:45:05.446+0000] {processor.py:176} INFO - Processing /home/airflow/.local/lib/python3.7/site-packages/airflow/example_dags/example_bash_operator.py took 0.173 seconds
[2023-05-27T14:45:36.027+0000] {processor.py:154} INFO - Started process (PID=875) to work on /home/airflow/.local/lib/python3.7/site-packages/airflow/example_dags/example_bash_operator.py
[2023-05-27T14:45:36.029+0000] {processor.py:756} INFO - Processing file /home/airflow/.local/lib/python3.7/site-packages/airflow/example_dags/example_bash_operator.py for tasks to queue
[2023-05-27T14:45:36.030+0000] {logging_mixin.py:120} INFO - [2023-05-27T14:45:36.030+0000] {dagbag.py:537} INFO - Filling up the DagBag from /home/airflow/.local/lib/python3.7/site-packages/airflow/example_dags/example_bash_operator.py
[2023-05-27T14:45:36.079+0000] {processor.py:766} INFO - DAG(s) dict_keys(['example_bash_operator']) retrieved from /home/airflow/.local/lib/python3.7/site-packages/airflow/example_dags/example_bash_operator.py
[2023-05-27T14:45:36.184+0000] {logging_mixin.py:120} INFO - [2023-05-27T14:45:36.184+0000] {dag.py:2585} INFO - Sync 1 DAGs
[2023-05-27T14:45:36.229+0000] {logging_mixin.py:120} INFO - [2023-05-27T14:45:36.229+0000] {dag.py:3340} INFO - Setting next_dagrun for example_bash_operator to 2023-05-26T00:00:00+00:00, run_after=2023-05-27T00:00:00+00:00
[2023-05-27T14:45:36.252+0000] {processor.py:176} INFO - Processing /home/airflow/.local/lib/python3.7/site-packages/airflow/example_dags/example_bash_operator.py took 0.231 seconds
[2023-05-27T14:46:06.694+0000] {processor.py:154} INFO - Started process (PID=929) to work on /home/airflow/.local/lib/python3.7/site-packages/airflow/example_dags/example_bash_operator.py
[2023-05-27T14:46:06.703+0000] {processor.py:756} INFO - Processing file /home/airflow/.local/lib/python3.7/site-packages/airflow/example_dags/example_bash_operator.py for tasks to queue
[2023-05-27T14:46:06.705+0000] {logging_mixin.py:120} INFO - [2023-05-27T14:46:06.705+0000] {dagbag.py:537} INFO - Filling up the DagBag from /home/airflow/.local/lib/python3.7/site-packages/airflow/example_dags/example_bash_operator.py
[2023-05-27T14:46:06.774+0000] {processor.py:766} INFO - DAG(s) dict_keys(['example_bash_operator']) retrieved from /home/airflow/.local/lib/python3.7/site-packages/airflow/example_dags/example_bash_operator.py
[2023-05-27T14:46:07.052+0000] {logging_mixin.py:120} INFO - [2023-05-27T14:46:07.047+0000] {dag.py:2585} INFO - Sync 1 DAGs
[2023-05-27T14:46:07.165+0000] {logging_mixin.py:120} INFO - [2023-05-27T14:46:07.164+0000] {dag.py:3340} INFO - Setting next_dagrun for example_bash_operator to 2023-05-26T00:00:00+00:00, run_after=2023-05-27T00:00:00+00:00
[2023-05-27T14:46:07.248+0000] {processor.py:176} INFO - Processing /home/airflow/.local/lib/python3.7/site-packages/airflow/example_dags/example_bash_operator.py took 0.560 seconds
[2023-05-27T14:46:37.355+0000] {processor.py:154} INFO - Started process (PID=992) to work on /home/airflow/.local/lib/python3.7/site-packages/airflow/example_dags/example_bash_operator.py
[2023-05-27T14:46:37.358+0000] {processor.py:756} INFO - Processing file /home/airflow/.local/lib/python3.7/site-packages/airflow/example_dags/example_bash_operator.py for tasks to queue
[2023-05-27T14:46:37.359+0000] {logging_mixin.py:120} INFO - [2023-05-27T14:46:37.359+0000] {dagbag.py:537} INFO - Filling up the DagBag from /home/airflow/.local/lib/python3.7/site-packages/airflow/example_dags/example_bash_operator.py
[2023-05-27T14:46:37.427+0000] {processor.py:766} INFO - DAG(s) dict_keys(['example_bash_operator']) retrieved from /home/airflow/.local/lib/python3.7/site-packages/airflow/example_dags/example_bash_operator.py
[2023-05-27T14:46:37.553+0000] {logging_mixin.py:120} INFO - [2023-05-27T14:46:37.552+0000] {dag.py:2585} INFO - Sync 1 DAGs
[2023-05-27T14:46:37.587+0000] {logging_mixin.py:120} INFO - [2023-05-27T14:46:37.586+0000] {dag.py:3340} INFO - Setting next_dagrun for example_bash_operator to 2023-05-26T00:00:00+00:00, run_after=2023-05-27T00:00:00+00:00
[2023-05-27T14:46:37.614+0000] {processor.py:176} INFO - Processing /home/airflow/.local/lib/python3.7/site-packages/airflow/example_dags/example_bash_operator.py took 0.263 seconds
[2023-05-27T14:47:07.691+0000] {processor.py:154} INFO - Started process (PID=1046) to work on /home/airflow/.local/lib/python3.7/site-packages/airflow/example_dags/example_bash_operator.py
[2023-05-27T14:47:07.694+0000] {processor.py:756} INFO - Processing file /home/airflow/.local/lib/python3.7/site-packages/airflow/example_dags/example_bash_operator.py for tasks to queue
[2023-05-27T14:47:07.701+0000] {logging_mixin.py:120} INFO - [2023-05-27T14:47:07.695+0000] {dagbag.py:537} INFO - Filling up the DagBag from /home/airflow/.local/lib/python3.7/site-packages/airflow/example_dags/example_bash_operator.py
[2023-05-27T14:47:07.768+0000] {processor.py:766} INFO - DAG(s) dict_keys(['example_bash_operator']) retrieved from /home/airflow/.local/lib/python3.7/site-packages/airflow/example_dags/example_bash_operator.py
[2023-05-27T14:47:07.905+0000] {logging_mixin.py:120} INFO - [2023-05-27T14:47:07.905+0000] {dag.py:2585} INFO - Sync 1 DAGs
[2023-05-27T14:47:07.955+0000] {logging_mixin.py:120} INFO - [2023-05-27T14:47:07.954+0000] {dag.py:3340} INFO - Setting next_dagrun for example_bash_operator to 2023-05-26T00:00:00+00:00, run_after=2023-05-27T00:00:00+00:00
[2023-05-27T14:47:07.988+0000] {processor.py:176} INFO - Processing /home/airflow/.local/lib/python3.7/site-packages/airflow/example_dags/example_bash_operator.py took 0.305 seconds
[2023-05-27T14:47:38.868+0000] {processor.py:154} INFO - Started process (PID=1101) to work on /home/airflow/.local/lib/python3.7/site-packages/airflow/example_dags/example_bash_operator.py
[2023-05-27T14:47:38.870+0000] {processor.py:756} INFO - Processing file /home/airflow/.local/lib/python3.7/site-packages/airflow/example_dags/example_bash_operator.py for tasks to queue
[2023-05-27T14:47:38.871+0000] {logging_mixin.py:120} INFO - [2023-05-27T14:47:38.871+0000] {dagbag.py:537} INFO - Filling up the DagBag from /home/airflow/.local/lib/python3.7/site-packages/airflow/example_dags/example_bash_operator.py
[2023-05-27T14:47:38.906+0000] {processor.py:766} INFO - DAG(s) dict_keys(['example_bash_operator']) retrieved from /home/airflow/.local/lib/python3.7/site-packages/airflow/example_dags/example_bash_operator.py
[2023-05-27T14:47:38.968+0000] {logging_mixin.py:120} INFO - [2023-05-27T14:47:38.968+0000] {dag.py:2585} INFO - Sync 1 DAGs
[2023-05-27T14:47:39.009+0000] {logging_mixin.py:120} INFO - [2023-05-27T14:47:39.009+0000] {dag.py:3340} INFO - Setting next_dagrun for example_bash_operator to 2023-05-26T00:00:00+00:00, run_after=2023-05-27T00:00:00+00:00
[2023-05-27T14:47:39.059+0000] {processor.py:176} INFO - Processing /home/airflow/.local/lib/python3.7/site-packages/airflow/example_dags/example_bash_operator.py took 0.195 seconds
[2023-05-27T14:48:09.137+0000] {processor.py:154} INFO - Started process (PID=1163) to work on /home/airflow/.local/lib/python3.7/site-packages/airflow/example_dags/example_bash_operator.py
[2023-05-27T14:48:09.146+0000] {processor.py:756} INFO - Processing file /home/airflow/.local/lib/python3.7/site-packages/airflow/example_dags/example_bash_operator.py for tasks to queue
[2023-05-27T14:48:09.147+0000] {logging_mixin.py:120} INFO - [2023-05-27T14:48:09.146+0000] {dagbag.py:537} INFO - Filling up the DagBag from /home/airflow/.local/lib/python3.7/site-packages/airflow/example_dags/example_bash_operator.py
[2023-05-27T14:48:09.235+0000] {processor.py:766} INFO - DAG(s) dict_keys(['example_bash_operator']) retrieved from /home/airflow/.local/lib/python3.7/site-packages/airflow/example_dags/example_bash_operator.py
[2023-05-27T14:48:09.366+0000] {logging_mixin.py:120} INFO - [2023-05-27T14:48:09.366+0000] {dag.py:2585} INFO - Sync 1 DAGs
[2023-05-27T14:48:09.410+0000] {logging_mixin.py:120} INFO - [2023-05-27T14:48:09.410+0000] {dag.py:3340} INFO - Setting next_dagrun for example_bash_operator to 2023-05-26T00:00:00+00:00, run_after=2023-05-27T00:00:00+00:00
[2023-05-27T14:48:09.453+0000] {processor.py:176} INFO - Processing /home/airflow/.local/lib/python3.7/site-packages/airflow/example_dags/example_bash_operator.py took 0.320 seconds
[2023-05-27T14:48:40.072+0000] {processor.py:154} INFO - Started process (PID=1217) to work on /home/airflow/.local/lib/python3.7/site-packages/airflow/example_dags/example_bash_operator.py
[2023-05-27T14:48:40.075+0000] {processor.py:756} INFO - Processing file /home/airflow/.local/lib/python3.7/site-packages/airflow/example_dags/example_bash_operator.py for tasks to queue
[2023-05-27T14:48:40.076+0000] {logging_mixin.py:120} INFO - [2023-05-27T14:48:40.075+0000] {dagbag.py:537} INFO - Filling up the DagBag from /home/airflow/.local/lib/python3.7/site-packages/airflow/example_dags/example_bash_operator.py
[2023-05-27T14:48:40.105+0000] {processor.py:766} INFO - DAG(s) dict_keys(['example_bash_operator']) retrieved from /home/airflow/.local/lib/python3.7/site-packages/airflow/example_dags/example_bash_operator.py
[2023-05-27T14:48:40.164+0000] {logging_mixin.py:120} INFO - [2023-05-27T14:48:40.164+0000] {dag.py:2585} INFO - Sync 1 DAGs
[2023-05-27T14:48:40.197+0000] {logging_mixin.py:120} INFO - [2023-05-27T14:48:40.197+0000] {dag.py:3340} INFO - Setting next_dagrun for example_bash_operator to 2023-05-26T00:00:00+00:00, run_after=2023-05-27T00:00:00+00:00
[2023-05-27T14:48:40.217+0000] {processor.py:176} INFO - Processing /home/airflow/.local/lib/python3.7/site-packages/airflow/example_dags/example_bash_operator.py took 0.154 seconds
[2023-05-27T14:49:10.866+0000] {processor.py:154} INFO - Started process (PID=1280) to work on /home/airflow/.local/lib/python3.7/site-packages/airflow/example_dags/example_bash_operator.py
[2023-05-27T14:49:10.883+0000] {processor.py:756} INFO - Processing file /home/airflow/.local/lib/python3.7/site-packages/airflow/example_dags/example_bash_operator.py for tasks to queue
[2023-05-27T14:49:10.885+0000] {logging_mixin.py:120} INFO - [2023-05-27T14:49:10.885+0000] {dagbag.py:537} INFO - Filling up the DagBag from /home/airflow/.local/lib/python3.7/site-packages/airflow/example_dags/example_bash_operator.py
[2023-05-27T14:49:10.929+0000] {processor.py:766} INFO - DAG(s) dict_keys(['example_bash_operator']) retrieved from /home/airflow/.local/lib/python3.7/site-packages/airflow/example_dags/example_bash_operator.py
[2023-05-27T14:49:10.989+0000] {logging_mixin.py:120} INFO - [2023-05-27T14:49:10.989+0000] {dag.py:2585} INFO - Sync 1 DAGs
[2023-05-27T14:49:11.024+0000] {logging_mixin.py:120} INFO - [2023-05-27T14:49:11.024+0000] {dag.py:3340} INFO - Setting next_dagrun for example_bash_operator to 2023-05-26T00:00:00+00:00, run_after=2023-05-27T00:00:00+00:00
[2023-05-27T14:49:11.048+0000] {processor.py:176} INFO - Processing /home/airflow/.local/lib/python3.7/site-packages/airflow/example_dags/example_bash_operator.py took 0.185 seconds
[2023-05-27T14:49:41.574+0000] {processor.py:154} INFO - Started process (PID=1334) to work on /home/airflow/.local/lib/python3.7/site-packages/airflow/example_dags/example_bash_operator.py
[2023-05-27T14:49:41.586+0000] {processor.py:756} INFO - Processing file /home/airflow/.local/lib/python3.7/site-packages/airflow/example_dags/example_bash_operator.py for tasks to queue
[2023-05-27T14:49:41.596+0000] {logging_mixin.py:120} INFO - [2023-05-27T14:49:41.596+0000] {dagbag.py:537} INFO - Filling up the DagBag from /home/airflow/.local/lib/python3.7/site-packages/airflow/example_dags/example_bash_operator.py
[2023-05-27T14:49:41.675+0000] {processor.py:766} INFO - DAG(s) dict_keys(['example_bash_operator']) retrieved from /home/airflow/.local/lib/python3.7/site-packages/airflow/example_dags/example_bash_operator.py
[2023-05-27T14:49:41.804+0000] {logging_mixin.py:120} INFO - [2023-05-27T14:49:41.804+0000] {dag.py:2585} INFO - Sync 1 DAGs
[2023-05-27T14:49:41.849+0000] {logging_mixin.py:120} INFO - [2023-05-27T14:49:41.849+0000] {dag.py:3340} INFO - Setting next_dagrun for example_bash_operator to 2023-05-26T00:00:00+00:00, run_after=2023-05-27T00:00:00+00:00
[2023-05-27T14:49:41.879+0000] {processor.py:176} INFO - Processing /home/airflow/.local/lib/python3.7/site-packages/airflow/example_dags/example_bash_operator.py took 0.309 seconds
[2023-05-27T14:50:12.591+0000] {processor.py:154} INFO - Started process (PID=1399) to work on /home/airflow/.local/lib/python3.7/site-packages/airflow/example_dags/example_bash_operator.py
[2023-05-27T14:50:12.593+0000] {processor.py:756} INFO - Processing file /home/airflow/.local/lib/python3.7/site-packages/airflow/example_dags/example_bash_operator.py for tasks to queue
[2023-05-27T14:50:12.594+0000] {logging_mixin.py:120} INFO - [2023-05-27T14:50:12.594+0000] {dagbag.py:537} INFO - Filling up the DagBag from /home/airflow/.local/lib/python3.7/site-packages/airflow/example_dags/example_bash_operator.py
[2023-05-27T14:50:12.639+0000] {processor.py:766} INFO - DAG(s) dict_keys(['example_bash_operator']) retrieved from /home/airflow/.local/lib/python3.7/site-packages/airflow/example_dags/example_bash_operator.py
[2023-05-27T14:50:12.753+0000] {logging_mixin.py:120} INFO - [2023-05-27T14:50:12.753+0000] {dag.py:2585} INFO - Sync 1 DAGs
[2023-05-27T14:50:12.812+0000] {logging_mixin.py:120} INFO - [2023-05-27T14:50:12.812+0000] {dag.py:3340} INFO - Setting next_dagrun for example_bash_operator to 2023-05-26T00:00:00+00:00, run_after=2023-05-27T00:00:00+00:00
[2023-05-27T14:50:12.837+0000] {processor.py:176} INFO - Processing /home/airflow/.local/lib/python3.7/site-packages/airflow/example_dags/example_bash_operator.py took 0.251 seconds
[2023-05-27T14:50:42.878+0000] {processor.py:154} INFO - Started process (PID=1453) to work on /home/airflow/.local/lib/python3.7/site-packages/airflow/example_dags/example_bash_operator.py
[2023-05-27T14:50:42.880+0000] {processor.py:756} INFO - Processing file /home/airflow/.local/lib/python3.7/site-packages/airflow/example_dags/example_bash_operator.py for tasks to queue
[2023-05-27T14:50:42.881+0000] {logging_mixin.py:120} INFO - [2023-05-27T14:50:42.881+0000] {dagbag.py:537} INFO - Filling up the DagBag from /home/airflow/.local/lib/python3.7/site-packages/airflow/example_dags/example_bash_operator.py
[2023-05-27T14:50:42.954+0000] {processor.py:766} INFO - DAG(s) dict_keys(['example_bash_operator']) retrieved from /home/airflow/.local/lib/python3.7/site-packages/airflow/example_dags/example_bash_operator.py
[2023-05-27T14:50:43.096+0000] {logging_mixin.py:120} INFO - [2023-05-27T14:50:43.095+0000] {dag.py:2585} INFO - Sync 1 DAGs
[2023-05-27T14:50:43.148+0000] {logging_mixin.py:120} INFO - [2023-05-27T14:50:43.147+0000] {dag.py:3340} INFO - Setting next_dagrun for example_bash_operator to 2023-05-26T00:00:00+00:00, run_after=2023-05-27T00:00:00+00:00
[2023-05-27T14:50:43.198+0000] {processor.py:176} INFO - Processing /home/airflow/.local/lib/python3.7/site-packages/airflow/example_dags/example_bash_operator.py took 0.323 seconds
[2023-05-27T14:51:15.028+0000] {processor.py:154} INFO - Started process (PID=1507) to work on /home/airflow/.local/lib/python3.7/site-packages/airflow/example_dags/example_bash_operator.py
[2023-05-27T14:51:15.031+0000] {processor.py:756} INFO - Processing file /home/airflow/.local/lib/python3.7/site-packages/airflow/example_dags/example_bash_operator.py for tasks to queue
[2023-05-27T14:51:15.033+0000] {logging_mixin.py:120} INFO - [2023-05-27T14:51:15.032+0000] {dagbag.py:537} INFO - Filling up the DagBag from /home/airflow/.local/lib/python3.7/site-packages/airflow/example_dags/example_bash_operator.py
[2023-05-27T14:51:15.100+0000] {processor.py:766} INFO - DAG(s) dict_keys(['example_bash_operator']) retrieved from /home/airflow/.local/lib/python3.7/site-packages/airflow/example_dags/example_bash_operator.py
[2023-05-27T14:51:15.177+0000] {logging_mixin.py:120} INFO - [2023-05-27T14:51:15.177+0000] {dag.py:2585} INFO - Sync 1 DAGs
[2023-05-27T14:51:15.211+0000] {logging_mixin.py:120} INFO - [2023-05-27T14:51:15.211+0000] {dag.py:3340} INFO - Setting next_dagrun for example_bash_operator to 2023-05-26T00:00:00+00:00, run_after=2023-05-27T00:00:00+00:00
[2023-05-27T14:51:15.236+0000] {processor.py:176} INFO - Processing /home/airflow/.local/lib/python3.7/site-packages/airflow/example_dags/example_bash_operator.py took 0.217 seconds
[2023-05-27T14:51:45.296+0000] {processor.py:154} INFO - Started process (PID=1561) to work on /home/airflow/.local/lib/python3.7/site-packages/airflow/example_dags/example_bash_operator.py
[2023-05-27T14:51:45.300+0000] {processor.py:756} INFO - Processing file /home/airflow/.local/lib/python3.7/site-packages/airflow/example_dags/example_bash_operator.py for tasks to queue
[2023-05-27T14:51:45.301+0000] {logging_mixin.py:120} INFO - [2023-05-27T14:51:45.300+0000] {dagbag.py:537} INFO - Filling up the DagBag from /home/airflow/.local/lib/python3.7/site-packages/airflow/example_dags/example_bash_operator.py
[2023-05-27T14:51:45.330+0000] {processor.py:766} INFO - DAG(s) dict_keys(['example_bash_operator']) retrieved from /home/airflow/.local/lib/python3.7/site-packages/airflow/example_dags/example_bash_operator.py
[2023-05-27T14:51:45.389+0000] {logging_mixin.py:120} INFO - [2023-05-27T14:51:45.389+0000] {dag.py:2585} INFO - Sync 1 DAGs
[2023-05-27T14:51:45.427+0000] {logging_mixin.py:120} INFO - [2023-05-27T14:51:45.427+0000] {dag.py:3340} INFO - Setting next_dagrun for example_bash_operator to 2023-05-26T00:00:00+00:00, run_after=2023-05-27T00:00:00+00:00
[2023-05-27T14:51:45.462+0000] {processor.py:176} INFO - Processing /home/airflow/.local/lib/python3.7/site-packages/airflow/example_dags/example_bash_operator.py took 0.169 seconds
[2023-05-27T14:52:16.607+0000] {processor.py:154} INFO - Started process (PID=1624) to work on /home/airflow/.local/lib/python3.7/site-packages/airflow/example_dags/example_bash_operator.py
[2023-05-27T14:52:16.611+0000] {processor.py:756} INFO - Processing file /home/airflow/.local/lib/python3.7/site-packages/airflow/example_dags/example_bash_operator.py for tasks to queue
[2023-05-27T14:52:16.613+0000] {logging_mixin.py:120} INFO - [2023-05-27T14:52:16.613+0000] {dagbag.py:537} INFO - Filling up the DagBag from /home/airflow/.local/lib/python3.7/site-packages/airflow/example_dags/example_bash_operator.py
[2023-05-27T14:52:16.663+0000] {processor.py:766} INFO - DAG(s) dict_keys(['example_bash_operator']) retrieved from /home/airflow/.local/lib/python3.7/site-packages/airflow/example_dags/example_bash_operator.py
[2023-05-27T14:52:16.763+0000] {logging_mixin.py:120} INFO - [2023-05-27T14:52:16.762+0000] {dag.py:2585} INFO - Sync 1 DAGs
[2023-05-27T14:52:16.837+0000] {logging_mixin.py:120} INFO - [2023-05-27T14:52:16.836+0000] {dag.py:3340} INFO - Setting next_dagrun for example_bash_operator to 2023-05-26T00:00:00+00:00, run_after=2023-05-27T00:00:00+00:00
[2023-05-27T14:52:16.887+0000] {processor.py:176} INFO - Processing /home/airflow/.local/lib/python3.7/site-packages/airflow/example_dags/example_bash_operator.py took 0.283 seconds
[2023-05-27T14:52:48.115+0000] {processor.py:154} INFO - Started process (PID=1677) to work on /home/airflow/.local/lib/python3.7/site-packages/airflow/example_dags/example_bash_operator.py
[2023-05-27T14:52:48.119+0000] {processor.py:756} INFO - Processing file /home/airflow/.local/lib/python3.7/site-packages/airflow/example_dags/example_bash_operator.py for tasks to queue
[2023-05-27T14:52:48.120+0000] {logging_mixin.py:120} INFO - [2023-05-27T14:52:48.120+0000] {dagbag.py:537} INFO - Filling up the DagBag from /home/airflow/.local/lib/python3.7/site-packages/airflow/example_dags/example_bash_operator.py
[2023-05-27T14:52:48.262+0000] {processor.py:766} INFO - DAG(s) dict_keys(['example_bash_operator']) retrieved from /home/airflow/.local/lib/python3.7/site-packages/airflow/example_dags/example_bash_operator.py
[2023-05-27T14:52:48.688+0000] {logging_mixin.py:120} INFO - [2023-05-27T14:52:48.688+0000] {dag.py:2585} INFO - Sync 1 DAGs
[2023-05-27T14:52:48.763+0000] {logging_mixin.py:120} INFO - [2023-05-27T14:52:48.763+0000] {dag.py:3340} INFO - Setting next_dagrun for example_bash_operator to 2023-05-26T00:00:00+00:00, run_after=2023-05-27T00:00:00+00:00
[2023-05-27T14:52:48.795+0000] {processor.py:176} INFO - Processing /home/airflow/.local/lib/python3.7/site-packages/airflow/example_dags/example_bash_operator.py took 0.689 seconds
[2023-05-27T14:53:19.511+0000] {processor.py:154} INFO - Started process (PID=1730) to work on /home/airflow/.local/lib/python3.7/site-packages/airflow/example_dags/example_bash_operator.py
[2023-05-27T14:53:19.516+0000] {processor.py:756} INFO - Processing file /home/airflow/.local/lib/python3.7/site-packages/airflow/example_dags/example_bash_operator.py for tasks to queue
[2023-05-27T14:53:19.517+0000] {logging_mixin.py:120} INFO - [2023-05-27T14:53:19.517+0000] {dagbag.py:537} INFO - Filling up the DagBag from /home/airflow/.local/lib/python3.7/site-packages/airflow/example_dags/example_bash_operator.py
[2023-05-27T14:53:19.551+0000] {processor.py:766} INFO - DAG(s) dict_keys(['example_bash_operator']) retrieved from /home/airflow/.local/lib/python3.7/site-packages/airflow/example_dags/example_bash_operator.py
[2023-05-27T14:53:19.641+0000] {logging_mixin.py:120} INFO - [2023-05-27T14:53:19.641+0000] {dag.py:2585} INFO - Sync 1 DAGs
[2023-05-27T14:53:19.691+0000] {logging_mixin.py:120} INFO - [2023-05-27T14:53:19.690+0000] {dag.py:3340} INFO - Setting next_dagrun for example_bash_operator to 2023-05-26T00:00:00+00:00, run_after=2023-05-27T00:00:00+00:00
[2023-05-27T14:53:19.737+0000] {processor.py:176} INFO - Processing /home/airflow/.local/lib/python3.7/site-packages/airflow/example_dags/example_bash_operator.py took 0.236 seconds
