[2023-05-27T14:38:24.065+0000] {processor.py:154} INFO - Started process (PID=61) to work on /home/airflow/.local/lib/python3.7/site-packages/airflow/example_dags/example_sla_dag.py
[2023-05-27T14:38:24.066+0000] {processor.py:756} INFO - Processing file /home/airflow/.local/lib/python3.7/site-packages/airflow/example_dags/example_sla_dag.py for tasks to queue
[2023-05-27T14:38:24.067+0000] {logging_mixin.py:120} INFO - [2023-05-27T14:38:24.066+0000] {dagbag.py:537} INFO - Filling up the DagBag from /home/airflow/.local/lib/python3.7/site-packages/airflow/example_dags/example_sla_dag.py
[2023-05-27T14:38:24.252+0000] {processor.py:766} INFO - DAG(s) dict_keys(['example_sla_dag']) retrieved from /home/airflow/.local/lib/python3.7/site-packages/airflow/example_dags/example_sla_dag.py
[2023-05-27T14:38:24.866+0000] {logging_mixin.py:120} INFO - [2023-05-27T14:38:24.865+0000] {manager.py:507} INFO - Created Permission View: can read on DAG:example_sla_dag
[2023-05-27T14:38:24.905+0000] {logging_mixin.py:120} INFO - [2023-05-27T14:38:24.905+0000] {manager.py:507} INFO - Created Permission View: can edit on DAG:example_sla_dag
[2023-05-27T14:38:24.927+0000] {logging_mixin.py:120} INFO - [2023-05-27T14:38:24.927+0000] {manager.py:507} INFO - Created Permission View: can delete on DAG:example_sla_dag
[2023-05-27T14:38:24.928+0000] {logging_mixin.py:120} INFO - [2023-05-27T14:38:24.928+0000] {dag.py:2585} INFO - Sync 1 DAGs
[2023-05-27T14:38:25.027+0000] {logging_mixin.py:120} INFO - [2023-05-27T14:38:25.026+0000] {dag.py:2606} INFO - Creating ORM DAG for example_sla_dag
[2023-05-27T14:38:25.110+0000] {logging_mixin.py:120} INFO - [2023-05-27T14:38:25.110+0000] {dag.py:3340} INFO - Setting next_dagrun for example_sla_dag to 2023-05-27T14:36:00+00:00, run_after=2023-05-27T14:38:00+00:00
[2023-05-27T14:38:25.172+0000] {processor.py:176} INFO - Processing /home/airflow/.local/lib/python3.7/site-packages/airflow/example_dags/example_sla_dag.py took 1.144 seconds
[2023-05-27T14:38:55.344+0000] {processor.py:154} INFO - Started process (PID=115) to work on /home/airflow/.local/lib/python3.7/site-packages/airflow/example_dags/example_sla_dag.py
[2023-05-27T14:38:55.346+0000] {processor.py:756} INFO - Processing file /home/airflow/.local/lib/python3.7/site-packages/airflow/example_dags/example_sla_dag.py for tasks to queue
[2023-05-27T14:38:55.346+0000] {logging_mixin.py:120} INFO - [2023-05-27T14:38:55.346+0000] {dagbag.py:537} INFO - Filling up the DagBag from /home/airflow/.local/lib/python3.7/site-packages/airflow/example_dags/example_sla_dag.py
[2023-05-27T14:38:55.380+0000] {processor.py:766} INFO - DAG(s) dict_keys(['example_sla_dag']) retrieved from /home/airflow/.local/lib/python3.7/site-packages/airflow/example_dags/example_sla_dag.py
[2023-05-27T14:38:55.428+0000] {logging_mixin.py:120} INFO - [2023-05-27T14:38:55.428+0000] {dag.py:2585} INFO - Sync 1 DAGs
[2023-05-27T14:38:55.466+0000] {logging_mixin.py:120} INFO - [2023-05-27T14:38:55.466+0000] {dag.py:3340} INFO - Setting next_dagrun for example_sla_dag to 2023-05-27T14:36:00+00:00, run_after=2023-05-27T14:38:00+00:00
[2023-05-27T14:38:55.489+0000] {processor.py:176} INFO - Processing /home/airflow/.local/lib/python3.7/site-packages/airflow/example_dags/example_sla_dag.py took 0.149 seconds
[2023-05-27T14:39:25.867+0000] {processor.py:154} INFO - Started process (PID=171) to work on /home/airflow/.local/lib/python3.7/site-packages/airflow/example_dags/example_sla_dag.py
[2023-05-27T14:39:25.870+0000] {processor.py:756} INFO - Processing file /home/airflow/.local/lib/python3.7/site-packages/airflow/example_dags/example_sla_dag.py for tasks to queue
[2023-05-27T14:39:25.871+0000] {logging_mixin.py:120} INFO - [2023-05-27T14:39:25.871+0000] {dagbag.py:537} INFO - Filling up the DagBag from /home/airflow/.local/lib/python3.7/site-packages/airflow/example_dags/example_sla_dag.py
[2023-05-27T14:39:25.924+0000] {processor.py:766} INFO - DAG(s) dict_keys(['example_sla_dag']) retrieved from /home/airflow/.local/lib/python3.7/site-packages/airflow/example_dags/example_sla_dag.py
[2023-05-27T14:39:25.988+0000] {logging_mixin.py:120} INFO - [2023-05-27T14:39:25.988+0000] {dag.py:2585} INFO - Sync 1 DAGs
[2023-05-27T14:39:26.040+0000] {logging_mixin.py:120} INFO - [2023-05-27T14:39:26.039+0000] {dag.py:3340} INFO - Setting next_dagrun for example_sla_dag to 2023-05-27T14:36:00+00:00, run_after=2023-05-27T14:38:00+00:00
[2023-05-27T14:39:26.061+0000] {processor.py:176} INFO - Processing /home/airflow/.local/lib/python3.7/site-packages/airflow/example_dags/example_sla_dag.py took 0.204 seconds
[2023-05-27T14:39:56.904+0000] {processor.py:154} INFO - Started process (PID=233) to work on /home/airflow/.local/lib/python3.7/site-packages/airflow/example_dags/example_sla_dag.py
[2023-05-27T14:39:56.906+0000] {processor.py:756} INFO - Processing file /home/airflow/.local/lib/python3.7/site-packages/airflow/example_dags/example_sla_dag.py for tasks to queue
[2023-05-27T14:39:56.907+0000] {logging_mixin.py:120} INFO - [2023-05-27T14:39:56.906+0000] {dagbag.py:537} INFO - Filling up the DagBag from /home/airflow/.local/lib/python3.7/site-packages/airflow/example_dags/example_sla_dag.py
[2023-05-27T14:39:56.957+0000] {processor.py:766} INFO - DAG(s) dict_keys(['example_sla_dag']) retrieved from /home/airflow/.local/lib/python3.7/site-packages/airflow/example_dags/example_sla_dag.py
[2023-05-27T14:39:57.028+0000] {logging_mixin.py:120} INFO - [2023-05-27T14:39:57.028+0000] {dag.py:2585} INFO - Sync 1 DAGs
[2023-05-27T14:39:57.067+0000] {logging_mixin.py:120} INFO - [2023-05-27T14:39:57.066+0000] {dag.py:3340} INFO - Setting next_dagrun for example_sla_dag to 2023-05-27T14:36:00+00:00, run_after=2023-05-27T14:38:00+00:00
[2023-05-27T14:39:57.117+0000] {processor.py:176} INFO - Processing /home/airflow/.local/lib/python3.7/site-packages/airflow/example_dags/example_sla_dag.py took 0.219 seconds
[2023-05-27T14:40:27.645+0000] {processor.py:154} INFO - Started process (PID=287) to work on /home/airflow/.local/lib/python3.7/site-packages/airflow/example_dags/example_sla_dag.py
[2023-05-27T14:40:27.646+0000] {processor.py:756} INFO - Processing file /home/airflow/.local/lib/python3.7/site-packages/airflow/example_dags/example_sla_dag.py for tasks to queue
[2023-05-27T14:40:27.647+0000] {logging_mixin.py:120} INFO - [2023-05-27T14:40:27.647+0000] {dagbag.py:537} INFO - Filling up the DagBag from /home/airflow/.local/lib/python3.7/site-packages/airflow/example_dags/example_sla_dag.py
[2023-05-27T14:40:27.735+0000] {processor.py:766} INFO - DAG(s) dict_keys(['example_sla_dag']) retrieved from /home/airflow/.local/lib/python3.7/site-packages/airflow/example_dags/example_sla_dag.py
[2023-05-27T14:40:27.844+0000] {logging_mixin.py:120} INFO - [2023-05-27T14:40:27.844+0000] {dag.py:2585} INFO - Sync 1 DAGs
[2023-05-27T14:40:27.893+0000] {logging_mixin.py:120} INFO - [2023-05-27T14:40:27.893+0000] {dag.py:3340} INFO - Setting next_dagrun for example_sla_dag to 2023-05-27T14:38:00+00:00, run_after=2023-05-27T14:40:00+00:00
[2023-05-27T14:40:27.937+0000] {processor.py:176} INFO - Processing /home/airflow/.local/lib/python3.7/site-packages/airflow/example_dags/example_sla_dag.py took 0.296 seconds
[2023-05-27T14:40:58.192+0000] {processor.py:154} INFO - Started process (PID=351) to work on /home/airflow/.local/lib/python3.7/site-packages/airflow/example_dags/example_sla_dag.py
[2023-05-27T14:40:58.193+0000] {processor.py:756} INFO - Processing file /home/airflow/.local/lib/python3.7/site-packages/airflow/example_dags/example_sla_dag.py for tasks to queue
[2023-05-27T14:40:58.194+0000] {logging_mixin.py:120} INFO - [2023-05-27T14:40:58.194+0000] {dagbag.py:537} INFO - Filling up the DagBag from /home/airflow/.local/lib/python3.7/site-packages/airflow/example_dags/example_sla_dag.py
[2023-05-27T14:40:58.232+0000] {processor.py:766} INFO - DAG(s) dict_keys(['example_sla_dag']) retrieved from /home/airflow/.local/lib/python3.7/site-packages/airflow/example_dags/example_sla_dag.py
[2023-05-27T14:40:58.280+0000] {logging_mixin.py:120} INFO - [2023-05-27T14:40:58.280+0000] {dag.py:2585} INFO - Sync 1 DAGs
[2023-05-27T14:40:58.317+0000] {logging_mixin.py:120} INFO - [2023-05-27T14:40:58.317+0000] {dag.py:3340} INFO - Setting next_dagrun for example_sla_dag to 2023-05-27T14:38:00+00:00, run_after=2023-05-27T14:40:00+00:00
[2023-05-27T14:40:58.340+0000] {processor.py:176} INFO - Processing /home/airflow/.local/lib/python3.7/site-packages/airflow/example_dags/example_sla_dag.py took 0.153 seconds
[2023-05-27T14:41:29.212+0000] {processor.py:154} INFO - Started process (PID=405) to work on /home/airflow/.local/lib/python3.7/site-packages/airflow/example_dags/example_sla_dag.py
[2023-05-27T14:41:29.213+0000] {processor.py:756} INFO - Processing file /home/airflow/.local/lib/python3.7/site-packages/airflow/example_dags/example_sla_dag.py for tasks to queue
[2023-05-27T14:41:29.214+0000] {logging_mixin.py:120} INFO - [2023-05-27T14:41:29.214+0000] {dagbag.py:537} INFO - Filling up the DagBag from /home/airflow/.local/lib/python3.7/site-packages/airflow/example_dags/example_sla_dag.py
[2023-05-27T14:41:29.256+0000] {processor.py:766} INFO - DAG(s) dict_keys(['example_sla_dag']) retrieved from /home/airflow/.local/lib/python3.7/site-packages/airflow/example_dags/example_sla_dag.py
[2023-05-27T14:41:29.308+0000] {logging_mixin.py:120} INFO - [2023-05-27T14:41:29.308+0000] {dag.py:2585} INFO - Sync 1 DAGs
[2023-05-27T14:41:29.353+0000] {logging_mixin.py:120} INFO - [2023-05-27T14:41:29.353+0000] {dag.py:3340} INFO - Setting next_dagrun for example_sla_dag to 2023-05-27T14:38:00+00:00, run_after=2023-05-27T14:40:00+00:00
[2023-05-27T14:41:29.375+0000] {processor.py:176} INFO - Processing /home/airflow/.local/lib/python3.7/site-packages/airflow/example_dags/example_sla_dag.py took 0.166 seconds
[2023-05-27T14:41:59.437+0000] {processor.py:154} INFO - Started process (PID=467) to work on /home/airflow/.local/lib/python3.7/site-packages/airflow/example_dags/example_sla_dag.py
[2023-05-27T14:41:59.439+0000] {processor.py:756} INFO - Processing file /home/airflow/.local/lib/python3.7/site-packages/airflow/example_dags/example_sla_dag.py for tasks to queue
[2023-05-27T14:41:59.441+0000] {logging_mixin.py:120} INFO - [2023-05-27T14:41:59.441+0000] {dagbag.py:537} INFO - Filling up the DagBag from /home/airflow/.local/lib/python3.7/site-packages/airflow/example_dags/example_sla_dag.py
[2023-05-27T14:41:59.487+0000] {processor.py:766} INFO - DAG(s) dict_keys(['example_sla_dag']) retrieved from /home/airflow/.local/lib/python3.7/site-packages/airflow/example_dags/example_sla_dag.py
[2023-05-27T14:41:59.551+0000] {logging_mixin.py:120} INFO - [2023-05-27T14:41:59.551+0000] {dag.py:2585} INFO - Sync 1 DAGs
[2023-05-27T14:41:59.635+0000] {logging_mixin.py:120} INFO - [2023-05-27T14:41:59.635+0000] {dag.py:3340} INFO - Setting next_dagrun for example_sla_dag to 2023-05-27T14:38:00+00:00, run_after=2023-05-27T14:40:00+00:00
[2023-05-27T14:41:59.679+0000] {processor.py:176} INFO - Processing /home/airflow/.local/lib/python3.7/site-packages/airflow/example_dags/example_sla_dag.py took 0.245 seconds
[2023-05-27T14:42:30.296+0000] {processor.py:154} INFO - Started process (PID=524) to work on /home/airflow/.local/lib/python3.7/site-packages/airflow/example_dags/example_sla_dag.py
[2023-05-27T14:42:30.299+0000] {processor.py:756} INFO - Processing file /home/airflow/.local/lib/python3.7/site-packages/airflow/example_dags/example_sla_dag.py for tasks to queue
[2023-05-27T14:42:30.304+0000] {logging_mixin.py:120} INFO - [2023-05-27T14:42:30.304+0000] {dagbag.py:537} INFO - Filling up the DagBag from /home/airflow/.local/lib/python3.7/site-packages/airflow/example_dags/example_sla_dag.py
[2023-05-27T14:42:30.388+0000] {processor.py:766} INFO - DAG(s) dict_keys(['example_sla_dag']) retrieved from /home/airflow/.local/lib/python3.7/site-packages/airflow/example_dags/example_sla_dag.py
[2023-05-27T14:42:30.473+0000] {logging_mixin.py:120} INFO - [2023-05-27T14:42:30.472+0000] {dag.py:2585} INFO - Sync 1 DAGs
[2023-05-27T14:42:30.509+0000] {logging_mixin.py:120} INFO - [2023-05-27T14:42:30.509+0000] {dag.py:3340} INFO - Setting next_dagrun for example_sla_dag to 2023-05-27T14:40:00+00:00, run_after=2023-05-27T14:42:00+00:00
[2023-05-27T14:42:30.532+0000] {processor.py:176} INFO - Processing /home/airflow/.local/lib/python3.7/site-packages/airflow/example_dags/example_sla_dag.py took 0.240 seconds
[2023-05-27T14:43:00.686+0000] {processor.py:154} INFO - Started process (PID=578) to work on /home/airflow/.local/lib/python3.7/site-packages/airflow/example_dags/example_sla_dag.py
[2023-05-27T14:43:00.688+0000] {processor.py:756} INFO - Processing file /home/airflow/.local/lib/python3.7/site-packages/airflow/example_dags/example_sla_dag.py for tasks to queue
[2023-05-27T14:43:00.688+0000] {logging_mixin.py:120} INFO - [2023-05-27T14:43:00.688+0000] {dagbag.py:537} INFO - Filling up the DagBag from /home/airflow/.local/lib/python3.7/site-packages/airflow/example_dags/example_sla_dag.py
[2023-05-27T14:43:00.721+0000] {processor.py:766} INFO - DAG(s) dict_keys(['example_sla_dag']) retrieved from /home/airflow/.local/lib/python3.7/site-packages/airflow/example_dags/example_sla_dag.py
[2023-05-27T14:43:00.769+0000] {logging_mixin.py:120} INFO - [2023-05-27T14:43:00.769+0000] {dag.py:2585} INFO - Sync 1 DAGs
[2023-05-27T14:43:00.804+0000] {logging_mixin.py:120} INFO - [2023-05-27T14:43:00.804+0000] {dag.py:3340} INFO - Setting next_dagrun for example_sla_dag to 2023-05-27T14:40:00+00:00, run_after=2023-05-27T14:42:00+00:00
[2023-05-27T14:43:00.827+0000] {processor.py:176} INFO - Processing /home/airflow/.local/lib/python3.7/site-packages/airflow/example_dags/example_sla_dag.py took 0.145 seconds
[2023-05-27T14:43:31.339+0000] {processor.py:154} INFO - Started process (PID=641) to work on /home/airflow/.local/lib/python3.7/site-packages/airflow/example_dags/example_sla_dag.py
[2023-05-27T14:43:31.341+0000] {processor.py:756} INFO - Processing file /home/airflow/.local/lib/python3.7/site-packages/airflow/example_dags/example_sla_dag.py for tasks to queue
[2023-05-27T14:43:31.342+0000] {logging_mixin.py:120} INFO - [2023-05-27T14:43:31.342+0000] {dagbag.py:537} INFO - Filling up the DagBag from /home/airflow/.local/lib/python3.7/site-packages/airflow/example_dags/example_sla_dag.py
[2023-05-27T14:43:31.380+0000] {processor.py:766} INFO - DAG(s) dict_keys(['example_sla_dag']) retrieved from /home/airflow/.local/lib/python3.7/site-packages/airflow/example_dags/example_sla_dag.py
[2023-05-27T14:43:31.429+0000] {logging_mixin.py:120} INFO - [2023-05-27T14:43:31.428+0000] {dag.py:2585} INFO - Sync 1 DAGs
[2023-05-27T14:43:31.468+0000] {logging_mixin.py:120} INFO - [2023-05-27T14:43:31.468+0000] {dag.py:3340} INFO - Setting next_dagrun for example_sla_dag to 2023-05-27T14:40:00+00:00, run_after=2023-05-27T14:42:00+00:00
[2023-05-27T14:43:31.488+0000] {processor.py:176} INFO - Processing /home/airflow/.local/lib/python3.7/site-packages/airflow/example_dags/example_sla_dag.py took 0.153 seconds
[2023-05-27T14:44:01.850+0000] {processor.py:154} INFO - Started process (PID=695) to work on /home/airflow/.local/lib/python3.7/site-packages/airflow/example_dags/example_sla_dag.py
[2023-05-27T14:44:01.853+0000] {processor.py:756} INFO - Processing file /home/airflow/.local/lib/python3.7/site-packages/airflow/example_dags/example_sla_dag.py for tasks to queue
[2023-05-27T14:44:01.853+0000] {logging_mixin.py:120} INFO - [2023-05-27T14:44:01.853+0000] {dagbag.py:537} INFO - Filling up the DagBag from /home/airflow/.local/lib/python3.7/site-packages/airflow/example_dags/example_sla_dag.py
[2023-05-27T14:44:01.913+0000] {processor.py:766} INFO - DAG(s) dict_keys(['example_sla_dag']) retrieved from /home/airflow/.local/lib/python3.7/site-packages/airflow/example_dags/example_sla_dag.py
[2023-05-27T14:44:01.994+0000] {logging_mixin.py:120} INFO - [2023-05-27T14:44:01.994+0000] {dag.py:2585} INFO - Sync 1 DAGs
[2023-05-27T14:44:02.033+0000] {logging_mixin.py:120} INFO - [2023-05-27T14:44:02.033+0000] {dag.py:3340} INFO - Setting next_dagrun for example_sla_dag to 2023-05-27T14:42:00+00:00, run_after=2023-05-27T14:44:00+00:00
[2023-05-27T14:44:02.076+0000] {processor.py:176} INFO - Processing /home/airflow/.local/lib/python3.7/site-packages/airflow/example_dags/example_sla_dag.py took 0.233 seconds
[2023-05-27T14:44:32.469+0000] {processor.py:154} INFO - Started process (PID=758) to work on /home/airflow/.local/lib/python3.7/site-packages/airflow/example_dags/example_sla_dag.py
[2023-05-27T14:44:32.471+0000] {processor.py:756} INFO - Processing file /home/airflow/.local/lib/python3.7/site-packages/airflow/example_dags/example_sla_dag.py for tasks to queue
[2023-05-27T14:44:32.472+0000] {logging_mixin.py:120} INFO - [2023-05-27T14:44:32.471+0000] {dagbag.py:537} INFO - Filling up the DagBag from /home/airflow/.local/lib/python3.7/site-packages/airflow/example_dags/example_sla_dag.py
[2023-05-27T14:44:32.516+0000] {processor.py:766} INFO - DAG(s) dict_keys(['example_sla_dag']) retrieved from /home/airflow/.local/lib/python3.7/site-packages/airflow/example_dags/example_sla_dag.py
[2023-05-27T14:44:32.606+0000] {logging_mixin.py:120} INFO - [2023-05-27T14:44:32.606+0000] {dag.py:2585} INFO - Sync 1 DAGs
[2023-05-27T14:44:32.643+0000] {logging_mixin.py:120} INFO - [2023-05-27T14:44:32.643+0000] {dag.py:3340} INFO - Setting next_dagrun for example_sla_dag to 2023-05-27T14:42:00+00:00, run_after=2023-05-27T14:44:00+00:00
[2023-05-27T14:44:32.671+0000] {processor.py:176} INFO - Processing /home/airflow/.local/lib/python3.7/site-packages/airflow/example_dags/example_sla_dag.py took 0.209 seconds
[2023-05-27T14:45:02.948+0000] {processor.py:154} INFO - Started process (PID=811) to work on /home/airflow/.local/lib/python3.7/site-packages/airflow/example_dags/example_sla_dag.py
[2023-05-27T14:45:02.951+0000] {processor.py:756} INFO - Processing file /home/airflow/.local/lib/python3.7/site-packages/airflow/example_dags/example_sla_dag.py for tasks to queue
[2023-05-27T14:45:02.952+0000] {logging_mixin.py:120} INFO - [2023-05-27T14:45:02.952+0000] {dagbag.py:537} INFO - Filling up the DagBag from /home/airflow/.local/lib/python3.7/site-packages/airflow/example_dags/example_sla_dag.py
[2023-05-27T14:45:03.026+0000] {processor.py:766} INFO - DAG(s) dict_keys(['example_sla_dag']) retrieved from /home/airflow/.local/lib/python3.7/site-packages/airflow/example_dags/example_sla_dag.py
[2023-05-27T14:45:03.149+0000] {logging_mixin.py:120} INFO - [2023-05-27T14:45:03.149+0000] {dag.py:2585} INFO - Sync 1 DAGs
[2023-05-27T14:45:03.226+0000] {logging_mixin.py:120} INFO - [2023-05-27T14:45:03.225+0000] {dag.py:3340} INFO - Setting next_dagrun for example_sla_dag to 2023-05-27T14:42:00+00:00, run_after=2023-05-27T14:44:00+00:00
[2023-05-27T14:45:03.252+0000] {processor.py:176} INFO - Processing /home/airflow/.local/lib/python3.7/site-packages/airflow/example_dags/example_sla_dag.py took 0.311 seconds
[2023-05-27T14:45:33.780+0000] {processor.py:154} INFO - Started process (PID=871) to work on /home/airflow/.local/lib/python3.7/site-packages/airflow/example_dags/example_sla_dag.py
[2023-05-27T14:45:33.782+0000] {processor.py:756} INFO - Processing file /home/airflow/.local/lib/python3.7/site-packages/airflow/example_dags/example_sla_dag.py for tasks to queue
[2023-05-27T14:45:33.782+0000] {logging_mixin.py:120} INFO - [2023-05-27T14:45:33.782+0000] {dagbag.py:537} INFO - Filling up the DagBag from /home/airflow/.local/lib/python3.7/site-packages/airflow/example_dags/example_sla_dag.py
[2023-05-27T14:45:33.827+0000] {processor.py:766} INFO - DAG(s) dict_keys(['example_sla_dag']) retrieved from /home/airflow/.local/lib/python3.7/site-packages/airflow/example_dags/example_sla_dag.py
[2023-05-27T14:45:33.907+0000] {logging_mixin.py:120} INFO - [2023-05-27T14:45:33.907+0000] {dag.py:2585} INFO - Sync 1 DAGs
[2023-05-27T14:45:33.944+0000] {logging_mixin.py:120} INFO - [2023-05-27T14:45:33.944+0000] {dag.py:3340} INFO - Setting next_dagrun for example_sla_dag to 2023-05-27T14:42:00+00:00, run_after=2023-05-27T14:44:00+00:00
[2023-05-27T14:45:33.972+0000] {processor.py:176} INFO - Processing /home/airflow/.local/lib/python3.7/site-packages/airflow/example_dags/example_sla_dag.py took 0.196 seconds
[2023-05-27T14:46:04.434+0000] {processor.py:154} INFO - Started process (PID=927) to work on /home/airflow/.local/lib/python3.7/site-packages/airflow/example_dags/example_sla_dag.py
[2023-05-27T14:46:04.448+0000] {processor.py:756} INFO - Processing file /home/airflow/.local/lib/python3.7/site-packages/airflow/example_dags/example_sla_dag.py for tasks to queue
[2023-05-27T14:46:04.449+0000] {logging_mixin.py:120} INFO - [2023-05-27T14:46:04.448+0000] {dagbag.py:537} INFO - Filling up the DagBag from /home/airflow/.local/lib/python3.7/site-packages/airflow/example_dags/example_sla_dag.py
[2023-05-27T14:46:04.521+0000] {processor.py:766} INFO - DAG(s) dict_keys(['example_sla_dag']) retrieved from /home/airflow/.local/lib/python3.7/site-packages/airflow/example_dags/example_sla_dag.py
[2023-05-27T14:46:04.643+0000] {logging_mixin.py:120} INFO - [2023-05-27T14:46:04.643+0000] {dag.py:2585} INFO - Sync 1 DAGs
[2023-05-27T14:46:04.682+0000] {logging_mixin.py:120} INFO - [2023-05-27T14:46:04.682+0000] {dag.py:3340} INFO - Setting next_dagrun for example_sla_dag to 2023-05-27T14:44:00+00:00, run_after=2023-05-27T14:46:00+00:00
[2023-05-27T14:46:04.717+0000] {processor.py:176} INFO - Processing /home/airflow/.local/lib/python3.7/site-packages/airflow/example_dags/example_sla_dag.py took 0.287 seconds
[2023-05-27T14:46:35.145+0000] {processor.py:154} INFO - Started process (PID=981) to work on /home/airflow/.local/lib/python3.7/site-packages/airflow/example_dags/example_sla_dag.py
[2023-05-27T14:46:35.147+0000] {processor.py:756} INFO - Processing file /home/airflow/.local/lib/python3.7/site-packages/airflow/example_dags/example_sla_dag.py for tasks to queue
[2023-05-27T14:46:35.147+0000] {logging_mixin.py:120} INFO - [2023-05-27T14:46:35.147+0000] {dagbag.py:537} INFO - Filling up the DagBag from /home/airflow/.local/lib/python3.7/site-packages/airflow/example_dags/example_sla_dag.py
[2023-05-27T14:46:35.178+0000] {processor.py:766} INFO - DAG(s) dict_keys(['example_sla_dag']) retrieved from /home/airflow/.local/lib/python3.7/site-packages/airflow/example_dags/example_sla_dag.py
[2023-05-27T14:46:35.238+0000] {logging_mixin.py:120} INFO - [2023-05-27T14:46:35.238+0000] {dag.py:2585} INFO - Sync 1 DAGs
[2023-05-27T14:46:35.281+0000] {logging_mixin.py:120} INFO - [2023-05-27T14:46:35.280+0000] {dag.py:3340} INFO - Setting next_dagrun for example_sla_dag to 2023-05-27T14:44:00+00:00, run_after=2023-05-27T14:46:00+00:00
[2023-05-27T14:46:35.306+0000] {processor.py:176} INFO - Processing /home/airflow/.local/lib/python3.7/site-packages/airflow/example_dags/example_sla_dag.py took 0.167 seconds
[2023-05-27T14:47:05.497+0000] {processor.py:154} INFO - Started process (PID=1044) to work on /home/airflow/.local/lib/python3.7/site-packages/airflow/example_dags/example_sla_dag.py
[2023-05-27T14:47:05.502+0000] {processor.py:756} INFO - Processing file /home/airflow/.local/lib/python3.7/site-packages/airflow/example_dags/example_sla_dag.py for tasks to queue
[2023-05-27T14:47:05.502+0000] {logging_mixin.py:120} INFO - [2023-05-27T14:47:05.502+0000] {dagbag.py:537} INFO - Filling up the DagBag from /home/airflow/.local/lib/python3.7/site-packages/airflow/example_dags/example_sla_dag.py
[2023-05-27T14:47:05.549+0000] {processor.py:766} INFO - DAG(s) dict_keys(['example_sla_dag']) retrieved from /home/airflow/.local/lib/python3.7/site-packages/airflow/example_dags/example_sla_dag.py
[2023-05-27T14:47:05.598+0000] {logging_mixin.py:120} INFO - [2023-05-27T14:47:05.598+0000] {dag.py:2585} INFO - Sync 1 DAGs
[2023-05-27T14:47:05.634+0000] {logging_mixin.py:120} INFO - [2023-05-27T14:47:05.633+0000] {dag.py:3340} INFO - Setting next_dagrun for example_sla_dag to 2023-05-27T14:44:00+00:00, run_after=2023-05-27T14:46:00+00:00
[2023-05-27T14:47:05.657+0000] {processor.py:176} INFO - Processing /home/airflow/.local/lib/python3.7/site-packages/airflow/example_dags/example_sla_dag.py took 0.164 seconds
[2023-05-27T14:47:35.708+0000] {processor.py:154} INFO - Started process (PID=1099) to work on /home/airflow/.local/lib/python3.7/site-packages/airflow/example_dags/example_sla_dag.py
[2023-05-27T14:47:35.710+0000] {processor.py:756} INFO - Processing file /home/airflow/.local/lib/python3.7/site-packages/airflow/example_dags/example_sla_dag.py for tasks to queue
[2023-05-27T14:47:35.711+0000] {logging_mixin.py:120} INFO - [2023-05-27T14:47:35.711+0000] {dagbag.py:537} INFO - Filling up the DagBag from /home/airflow/.local/lib/python3.7/site-packages/airflow/example_dags/example_sla_dag.py
[2023-05-27T14:47:35.757+0000] {processor.py:766} INFO - DAG(s) dict_keys(['example_sla_dag']) retrieved from /home/airflow/.local/lib/python3.7/site-packages/airflow/example_dags/example_sla_dag.py
[2023-05-27T14:47:35.805+0000] {logging_mixin.py:120} INFO - [2023-05-27T14:47:35.805+0000] {dag.py:2585} INFO - Sync 1 DAGs
[2023-05-27T14:47:35.842+0000] {logging_mixin.py:120} INFO - [2023-05-27T14:47:35.842+0000] {dag.py:3340} INFO - Setting next_dagrun for example_sla_dag to 2023-05-27T14:44:00+00:00, run_after=2023-05-27T14:46:00+00:00
[2023-05-27T14:47:35.865+0000] {processor.py:176} INFO - Processing /home/airflow/.local/lib/python3.7/site-packages/airflow/example_dags/example_sla_dag.py took 0.160 seconds
[2023-05-27T14:48:05.957+0000] {processor.py:154} INFO - Started process (PID=1153) to work on /home/airflow/.local/lib/python3.7/site-packages/airflow/example_dags/example_sla_dag.py
[2023-05-27T14:48:05.959+0000] {processor.py:756} INFO - Processing file /home/airflow/.local/lib/python3.7/site-packages/airflow/example_dags/example_sla_dag.py for tasks to queue
[2023-05-27T14:48:05.960+0000] {logging_mixin.py:120} INFO - [2023-05-27T14:48:05.960+0000] {dagbag.py:537} INFO - Filling up the DagBag from /home/airflow/.local/lib/python3.7/site-packages/airflow/example_dags/example_sla_dag.py
[2023-05-27T14:48:05.991+0000] {processor.py:766} INFO - DAG(s) dict_keys(['example_sla_dag']) retrieved from /home/airflow/.local/lib/python3.7/site-packages/airflow/example_dags/example_sla_dag.py
[2023-05-27T14:48:06.042+0000] {logging_mixin.py:120} INFO - [2023-05-27T14:48:06.042+0000] {dag.py:2585} INFO - Sync 1 DAGs
[2023-05-27T14:48:06.081+0000] {logging_mixin.py:120} INFO - [2023-05-27T14:48:06.080+0000] {dag.py:3340} INFO - Setting next_dagrun for example_sla_dag to 2023-05-27T14:46:00+00:00, run_after=2023-05-27T14:48:00+00:00
[2023-05-27T14:48:06.105+0000] {processor.py:176} INFO - Processing /home/airflow/.local/lib/python3.7/site-packages/airflow/example_dags/example_sla_dag.py took 0.152 seconds
[2023-05-27T14:48:36.806+0000] {processor.py:154} INFO - Started process (PID=1215) to work on /home/airflow/.local/lib/python3.7/site-packages/airflow/example_dags/example_sla_dag.py
[2023-05-27T14:48:36.810+0000] {processor.py:756} INFO - Processing file /home/airflow/.local/lib/python3.7/site-packages/airflow/example_dags/example_sla_dag.py for tasks to queue
[2023-05-27T14:48:36.811+0000] {logging_mixin.py:120} INFO - [2023-05-27T14:48:36.811+0000] {dagbag.py:537} INFO - Filling up the DagBag from /home/airflow/.local/lib/python3.7/site-packages/airflow/example_dags/example_sla_dag.py
[2023-05-27T14:48:36.864+0000] {processor.py:766} INFO - DAG(s) dict_keys(['example_sla_dag']) retrieved from /home/airflow/.local/lib/python3.7/site-packages/airflow/example_dags/example_sla_dag.py
[2023-05-27T14:48:36.981+0000] {logging_mixin.py:120} INFO - [2023-05-27T14:48:36.981+0000] {dag.py:2585} INFO - Sync 1 DAGs
[2023-05-27T14:48:37.022+0000] {logging_mixin.py:120} INFO - [2023-05-27T14:48:37.021+0000] {dag.py:3340} INFO - Setting next_dagrun for example_sla_dag to 2023-05-27T14:46:00+00:00, run_after=2023-05-27T14:48:00+00:00
[2023-05-27T14:48:37.044+0000] {processor.py:176} INFO - Processing /home/airflow/.local/lib/python3.7/site-packages/airflow/example_dags/example_sla_dag.py took 0.243 seconds
[2023-05-27T14:49:07.681+0000] {processor.py:154} INFO - Started process (PID=1269) to work on /home/airflow/.local/lib/python3.7/site-packages/airflow/example_dags/example_sla_dag.py
[2023-05-27T14:49:07.685+0000] {processor.py:756} INFO - Processing file /home/airflow/.local/lib/python3.7/site-packages/airflow/example_dags/example_sla_dag.py for tasks to queue
[2023-05-27T14:49:07.686+0000] {logging_mixin.py:120} INFO - [2023-05-27T14:49:07.685+0000] {dagbag.py:537} INFO - Filling up the DagBag from /home/airflow/.local/lib/python3.7/site-packages/airflow/example_dags/example_sla_dag.py
[2023-05-27T14:49:07.719+0000] {processor.py:766} INFO - DAG(s) dict_keys(['example_sla_dag']) retrieved from /home/airflow/.local/lib/python3.7/site-packages/airflow/example_dags/example_sla_dag.py
[2023-05-27T14:49:07.770+0000] {logging_mixin.py:120} INFO - [2023-05-27T14:49:07.770+0000] {dag.py:2585} INFO - Sync 1 DAGs
[2023-05-27T14:49:07.805+0000] {logging_mixin.py:120} INFO - [2023-05-27T14:49:07.804+0000] {dag.py:3340} INFO - Setting next_dagrun for example_sla_dag to 2023-05-27T14:46:00+00:00, run_after=2023-05-27T14:48:00+00:00
[2023-05-27T14:49:07.837+0000] {processor.py:176} INFO - Processing /home/airflow/.local/lib/python3.7/site-packages/airflow/example_dags/example_sla_dag.py took 0.161 seconds
[2023-05-27T14:49:38.396+0000] {processor.py:154} INFO - Started process (PID=1332) to work on /home/airflow/.local/lib/python3.7/site-packages/airflow/example_dags/example_sla_dag.py
[2023-05-27T14:49:38.398+0000] {processor.py:756} INFO - Processing file /home/airflow/.local/lib/python3.7/site-packages/airflow/example_dags/example_sla_dag.py for tasks to queue
[2023-05-27T14:49:38.399+0000] {logging_mixin.py:120} INFO - [2023-05-27T14:49:38.398+0000] {dagbag.py:537} INFO - Filling up the DagBag from /home/airflow/.local/lib/python3.7/site-packages/airflow/example_dags/example_sla_dag.py
[2023-05-27T14:49:38.429+0000] {processor.py:766} INFO - DAG(s) dict_keys(['example_sla_dag']) retrieved from /home/airflow/.local/lib/python3.7/site-packages/airflow/example_dags/example_sla_dag.py
[2023-05-27T14:49:38.479+0000] {logging_mixin.py:120} INFO - [2023-05-27T14:49:38.479+0000] {dag.py:2585} INFO - Sync 1 DAGs
[2023-05-27T14:49:38.521+0000] {logging_mixin.py:120} INFO - [2023-05-27T14:49:38.521+0000] {dag.py:3340} INFO - Setting next_dagrun for example_sla_dag to 2023-05-27T14:46:00+00:00, run_after=2023-05-27T14:48:00+00:00
[2023-05-27T14:49:38.557+0000] {processor.py:176} INFO - Processing /home/airflow/.local/lib/python3.7/site-packages/airflow/example_dags/example_sla_dag.py took 0.165 seconds
[2023-05-27T14:50:09.339+0000] {processor.py:154} INFO - Started process (PID=1388) to work on /home/airflow/.local/lib/python3.7/site-packages/airflow/example_dags/example_sla_dag.py
[2023-05-27T14:50:09.343+0000] {processor.py:756} INFO - Processing file /home/airflow/.local/lib/python3.7/site-packages/airflow/example_dags/example_sla_dag.py for tasks to queue
[2023-05-27T14:50:09.344+0000] {logging_mixin.py:120} INFO - [2023-05-27T14:50:09.343+0000] {dagbag.py:537} INFO - Filling up the DagBag from /home/airflow/.local/lib/python3.7/site-packages/airflow/example_dags/example_sla_dag.py
[2023-05-27T14:50:09.396+0000] {processor.py:766} INFO - DAG(s) dict_keys(['example_sla_dag']) retrieved from /home/airflow/.local/lib/python3.7/site-packages/airflow/example_dags/example_sla_dag.py
[2023-05-27T14:50:09.529+0000] {logging_mixin.py:120} INFO - [2023-05-27T14:50:09.528+0000] {dag.py:2585} INFO - Sync 1 DAGs
[2023-05-27T14:50:09.578+0000] {logging_mixin.py:120} INFO - [2023-05-27T14:50:09.578+0000] {dag.py:3340} INFO - Setting next_dagrun for example_sla_dag to 2023-05-27T14:48:00+00:00, run_after=2023-05-27T14:50:00+00:00
[2023-05-27T14:50:09.601+0000] {processor.py:176} INFO - Processing /home/airflow/.local/lib/python3.7/site-packages/airflow/example_dags/example_sla_dag.py took 0.266 seconds
[2023-05-27T14:50:39.685+0000] {processor.py:154} INFO - Started process (PID=1451) to work on /home/airflow/.local/lib/python3.7/site-packages/airflow/example_dags/example_sla_dag.py
[2023-05-27T14:50:39.688+0000] {processor.py:756} INFO - Processing file /home/airflow/.local/lib/python3.7/site-packages/airflow/example_dags/example_sla_dag.py for tasks to queue
[2023-05-27T14:50:39.689+0000] {logging_mixin.py:120} INFO - [2023-05-27T14:50:39.689+0000] {dagbag.py:537} INFO - Filling up the DagBag from /home/airflow/.local/lib/python3.7/site-packages/airflow/example_dags/example_sla_dag.py
[2023-05-27T14:50:39.725+0000] {processor.py:766} INFO - DAG(s) dict_keys(['example_sla_dag']) retrieved from /home/airflow/.local/lib/python3.7/site-packages/airflow/example_dags/example_sla_dag.py
[2023-05-27T14:50:39.773+0000] {logging_mixin.py:120} INFO - [2023-05-27T14:50:39.773+0000] {dag.py:2585} INFO - Sync 1 DAGs
[2023-05-27T14:50:39.813+0000] {logging_mixin.py:120} INFO - [2023-05-27T14:50:39.812+0000] {dag.py:3340} INFO - Setting next_dagrun for example_sla_dag to 2023-05-27T14:48:00+00:00, run_after=2023-05-27T14:50:00+00:00
[2023-05-27T14:50:39.835+0000] {processor.py:176} INFO - Processing /home/airflow/.local/lib/python3.7/site-packages/airflow/example_dags/example_sla_dag.py took 0.154 seconds
[2023-05-27T14:51:14.810+0000] {processor.py:154} INFO - Started process (PID=1505) to work on /home/airflow/.local/lib/python3.7/site-packages/airflow/example_dags/example_sla_dag.py
[2023-05-27T14:51:14.814+0000] {processor.py:756} INFO - Processing file /home/airflow/.local/lib/python3.7/site-packages/airflow/example_dags/example_sla_dag.py for tasks to queue
[2023-05-27T14:51:14.815+0000] {logging_mixin.py:120} INFO - [2023-05-27T14:51:14.815+0000] {dagbag.py:537} INFO - Filling up the DagBag from /home/airflow/.local/lib/python3.7/site-packages/airflow/example_dags/example_sla_dag.py
[2023-05-27T14:51:14.862+0000] {processor.py:766} INFO - DAG(s) dict_keys(['example_sla_dag']) retrieved from /home/airflow/.local/lib/python3.7/site-packages/airflow/example_dags/example_sla_dag.py
[2023-05-27T14:51:14.914+0000] {logging_mixin.py:120} INFO - [2023-05-27T14:51:14.914+0000] {dag.py:2585} INFO - Sync 1 DAGs
[2023-05-27T14:51:14.949+0000] {logging_mixin.py:120} INFO - [2023-05-27T14:51:14.949+0000] {dag.py:3340} INFO - Setting next_dagrun for example_sla_dag to 2023-05-27T14:48:00+00:00, run_after=2023-05-27T14:50:00+00:00
[2023-05-27T14:51:14.973+0000] {processor.py:176} INFO - Processing /home/airflow/.local/lib/python3.7/site-packages/airflow/example_dags/example_sla_dag.py took 0.167 seconds
[2023-05-27T14:51:45.125+0000] {processor.py:154} INFO - Started process (PID=1559) to work on /home/airflow/.local/lib/python3.7/site-packages/airflow/example_dags/example_sla_dag.py
[2023-05-27T14:51:45.127+0000] {processor.py:756} INFO - Processing file /home/airflow/.local/lib/python3.7/site-packages/airflow/example_dags/example_sla_dag.py for tasks to queue
[2023-05-27T14:51:45.128+0000] {logging_mixin.py:120} INFO - [2023-05-27T14:51:45.128+0000] {dagbag.py:537} INFO - Filling up the DagBag from /home/airflow/.local/lib/python3.7/site-packages/airflow/example_dags/example_sla_dag.py
[2023-05-27T14:51:45.158+0000] {processor.py:766} INFO - DAG(s) dict_keys(['example_sla_dag']) retrieved from /home/airflow/.local/lib/python3.7/site-packages/airflow/example_dags/example_sla_dag.py
[2023-05-27T14:51:45.208+0000] {logging_mixin.py:120} INFO - [2023-05-27T14:51:45.208+0000] {dag.py:2585} INFO - Sync 1 DAGs
[2023-05-27T14:51:45.246+0000] {logging_mixin.py:120} INFO - [2023-05-27T14:51:45.245+0000] {dag.py:3340} INFO - Setting next_dagrun for example_sla_dag to 2023-05-27T14:48:00+00:00, run_after=2023-05-27T14:50:00+00:00
[2023-05-27T14:51:45.268+0000] {processor.py:176} INFO - Processing /home/airflow/.local/lib/python3.7/site-packages/airflow/example_dags/example_sla_dag.py took 0.147 seconds
[2023-05-27T14:52:16.320+0000] {processor.py:154} INFO - Started process (PID=1622) to work on /home/airflow/.local/lib/python3.7/site-packages/airflow/example_dags/example_sla_dag.py
[2023-05-27T14:52:16.323+0000] {processor.py:756} INFO - Processing file /home/airflow/.local/lib/python3.7/site-packages/airflow/example_dags/example_sla_dag.py for tasks to queue
[2023-05-27T14:52:16.324+0000] {logging_mixin.py:120} INFO - [2023-05-27T14:52:16.324+0000] {dagbag.py:537} INFO - Filling up the DagBag from /home/airflow/.local/lib/python3.7/site-packages/airflow/example_dags/example_sla_dag.py
[2023-05-27T14:52:16.393+0000] {processor.py:766} INFO - DAG(s) dict_keys(['example_sla_dag']) retrieved from /home/airflow/.local/lib/python3.7/site-packages/airflow/example_dags/example_sla_dag.py
[2023-05-27T14:52:16.493+0000] {logging_mixin.py:120} INFO - [2023-05-27T14:52:16.493+0000] {dag.py:2585} INFO - Sync 1 DAGs
[2023-05-27T14:52:16.530+0000] {logging_mixin.py:120} INFO - [2023-05-27T14:52:16.530+0000] {dag.py:3340} INFO - Setting next_dagrun for example_sla_dag to 2023-05-27T14:50:00+00:00, run_after=2023-05-27T14:52:00+00:00
[2023-05-27T14:52:16.560+0000] {processor.py:176} INFO - Processing /home/airflow/.local/lib/python3.7/site-packages/airflow/example_dags/example_sla_dag.py took 0.244 seconds
[2023-05-27T14:52:47.100+0000] {processor.py:154} INFO - Started process (PID=1674) to work on /home/airflow/.local/lib/python3.7/site-packages/airflow/example_dags/example_sla_dag.py
[2023-05-27T14:52:47.103+0000] {processor.py:756} INFO - Processing file /home/airflow/.local/lib/python3.7/site-packages/airflow/example_dags/example_sla_dag.py for tasks to queue
[2023-05-27T14:52:47.104+0000] {logging_mixin.py:120} INFO - [2023-05-27T14:52:47.104+0000] {dagbag.py:537} INFO - Filling up the DagBag from /home/airflow/.local/lib/python3.7/site-packages/airflow/example_dags/example_sla_dag.py
[2023-05-27T14:52:47.189+0000] {processor.py:766} INFO - DAG(s) dict_keys(['example_sla_dag']) retrieved from /home/airflow/.local/lib/python3.7/site-packages/airflow/example_dags/example_sla_dag.py
[2023-05-27T14:52:47.399+0000] {logging_mixin.py:120} INFO - [2023-05-27T14:52:47.399+0000] {dag.py:2585} INFO - Sync 1 DAGs
[2023-05-27T14:52:47.478+0000] {logging_mixin.py:120} INFO - [2023-05-27T14:52:47.478+0000] {dag.py:3340} INFO - Setting next_dagrun for example_sla_dag to 2023-05-27T14:50:00+00:00, run_after=2023-05-27T14:52:00+00:00
[2023-05-27T14:52:47.518+0000] {processor.py:176} INFO - Processing /home/airflow/.local/lib/python3.7/site-packages/airflow/example_dags/example_sla_dag.py took 0.426 seconds
[2023-05-27T14:53:18.159+0000] {processor.py:154} INFO - Started process (PID=1728) to work on /home/airflow/.local/lib/python3.7/site-packages/airflow/example_dags/example_sla_dag.py
[2023-05-27T14:53:18.164+0000] {processor.py:756} INFO - Processing file /home/airflow/.local/lib/python3.7/site-packages/airflow/example_dags/example_sla_dag.py for tasks to queue
[2023-05-27T14:53:18.164+0000] {logging_mixin.py:120} INFO - [2023-05-27T14:53:18.164+0000] {dagbag.py:537} INFO - Filling up the DagBag from /home/airflow/.local/lib/python3.7/site-packages/airflow/example_dags/example_sla_dag.py
[2023-05-27T14:53:18.228+0000] {processor.py:766} INFO - DAG(s) dict_keys(['example_sla_dag']) retrieved from /home/airflow/.local/lib/python3.7/site-packages/airflow/example_dags/example_sla_dag.py
[2023-05-27T14:53:18.349+0000] {logging_mixin.py:120} INFO - [2023-05-27T14:53:18.348+0000] {dag.py:2585} INFO - Sync 1 DAGs
[2023-05-27T14:53:18.425+0000] {logging_mixin.py:120} INFO - [2023-05-27T14:53:18.425+0000] {dag.py:3340} INFO - Setting next_dagrun for example_sla_dag to 2023-05-27T14:50:00+00:00, run_after=2023-05-27T14:52:00+00:00
[2023-05-27T14:53:18.472+0000] {processor.py:176} INFO - Processing /home/airflow/.local/lib/python3.7/site-packages/airflow/example_dags/example_sla_dag.py took 0.318 seconds
