[2023-05-27T14:38:27.417+0000] {processor.py:154} INFO - Started process (PID=65) to work on /home/airflow/.local/lib/python3.7/site-packages/airflow/example_dags/example_nested_branch_dag.py
[2023-05-27T14:38:27.418+0000] {processor.py:756} INFO - Processing file /home/airflow/.local/lib/python3.7/site-packages/airflow/example_dags/example_nested_branch_dag.py for tasks to queue
[2023-05-27T14:38:27.419+0000] {logging_mixin.py:120} INFO - [2023-05-27T14:38:27.419+0000] {dagbag.py:537} INFO - Filling up the DagBag from /home/airflow/.local/lib/python3.7/site-packages/airflow/example_dags/example_nested_branch_dag.py
[2023-05-27T14:38:27.588+0000] {processor.py:766} INFO - DAG(s) dict_keys(['example_nested_branch_dag']) retrieved from /home/airflow/.local/lib/python3.7/site-packages/airflow/example_dags/example_nested_branch_dag.py
[2023-05-27T14:38:28.295+0000] {logging_mixin.py:120} INFO - [2023-05-27T14:38:28.295+0000] {manager.py:507} INFO - Created Permission View: can read on DAG:example_nested_branch_dag
[2023-05-27T14:38:28.351+0000] {logging_mixin.py:120} INFO - [2023-05-27T14:38:28.350+0000] {manager.py:507} INFO - Created Permission View: can edit on DAG:example_nested_branch_dag
[2023-05-27T14:38:28.377+0000] {logging_mixin.py:120} INFO - [2023-05-27T14:38:28.377+0000] {manager.py:507} INFO - Created Permission View: can delete on DAG:example_nested_branch_dag
[2023-05-27T14:38:28.378+0000] {logging_mixin.py:120} INFO - [2023-05-27T14:38:28.378+0000] {dag.py:2585} INFO - Sync 1 DAGs
[2023-05-27T14:38:28.443+0000] {logging_mixin.py:120} INFO - [2023-05-27T14:38:28.443+0000] {dag.py:2606} INFO - Creating ORM DAG for example_nested_branch_dag
[2023-05-27T14:38:28.499+0000] {logging_mixin.py:120} INFO - [2023-05-27T14:38:28.499+0000] {dag.py:3340} INFO - Setting next_dagrun for example_nested_branch_dag to 2023-05-26T00:00:00+00:00, run_after=2023-05-27T00:00:00+00:00
[2023-05-27T14:38:28.560+0000] {processor.py:176} INFO - Processing /home/airflow/.local/lib/python3.7/site-packages/airflow/example_dags/example_nested_branch_dag.py took 1.158 seconds
[2023-05-27T14:38:58.855+0000] {processor.py:154} INFO - Started process (PID=119) to work on /home/airflow/.local/lib/python3.7/site-packages/airflow/example_dags/example_nested_branch_dag.py
[2023-05-27T14:38:58.857+0000] {processor.py:756} INFO - Processing file /home/airflow/.local/lib/python3.7/site-packages/airflow/example_dags/example_nested_branch_dag.py for tasks to queue
[2023-05-27T14:38:58.857+0000] {logging_mixin.py:120} INFO - [2023-05-27T14:38:58.857+0000] {dagbag.py:537} INFO - Filling up the DagBag from /home/airflow/.local/lib/python3.7/site-packages/airflow/example_dags/example_nested_branch_dag.py
[2023-05-27T14:38:58.897+0000] {processor.py:766} INFO - DAG(s) dict_keys(['example_nested_branch_dag']) retrieved from /home/airflow/.local/lib/python3.7/site-packages/airflow/example_dags/example_nested_branch_dag.py
[2023-05-27T14:38:58.952+0000] {logging_mixin.py:120} INFO - [2023-05-27T14:38:58.952+0000] {dag.py:2585} INFO - Sync 1 DAGs
[2023-05-27T14:38:58.988+0000] {logging_mixin.py:120} INFO - [2023-05-27T14:38:58.988+0000] {dag.py:3340} INFO - Setting next_dagrun for example_nested_branch_dag to 2023-05-26T00:00:00+00:00, run_after=2023-05-27T00:00:00+00:00
[2023-05-27T14:38:59.011+0000] {processor.py:176} INFO - Processing /home/airflow/.local/lib/python3.7/site-packages/airflow/example_dags/example_nested_branch_dag.py took 0.160 seconds
[2023-05-27T14:39:29.385+0000] {processor.py:154} INFO - Started process (PID=184) to work on /home/airflow/.local/lib/python3.7/site-packages/airflow/example_dags/example_nested_branch_dag.py
[2023-05-27T14:39:29.386+0000] {processor.py:756} INFO - Processing file /home/airflow/.local/lib/python3.7/site-packages/airflow/example_dags/example_nested_branch_dag.py for tasks to queue
[2023-05-27T14:39:29.391+0000] {logging_mixin.py:120} INFO - [2023-05-27T14:39:29.390+0000] {dagbag.py:537} INFO - Filling up the DagBag from /home/airflow/.local/lib/python3.7/site-packages/airflow/example_dags/example_nested_branch_dag.py
[2023-05-27T14:39:29.443+0000] {processor.py:766} INFO - DAG(s) dict_keys(['example_nested_branch_dag']) retrieved from /home/airflow/.local/lib/python3.7/site-packages/airflow/example_dags/example_nested_branch_dag.py
[2023-05-27T14:39:29.525+0000] {logging_mixin.py:120} INFO - [2023-05-27T14:39:29.524+0000] {dag.py:2585} INFO - Sync 1 DAGs
[2023-05-27T14:39:29.563+0000] {logging_mixin.py:120} INFO - [2023-05-27T14:39:29.563+0000] {dag.py:3340} INFO - Setting next_dagrun for example_nested_branch_dag to 2023-05-26T00:00:00+00:00, run_after=2023-05-27T00:00:00+00:00
[2023-05-27T14:39:29.587+0000] {processor.py:176} INFO - Processing /home/airflow/.local/lib/python3.7/site-packages/airflow/example_dags/example_nested_branch_dag.py took 0.208 seconds
[2023-05-27T14:40:00.038+0000] {processor.py:154} INFO - Started process (PID=237) to work on /home/airflow/.local/lib/python3.7/site-packages/airflow/example_dags/example_nested_branch_dag.py
[2023-05-27T14:40:00.041+0000] {processor.py:756} INFO - Processing file /home/airflow/.local/lib/python3.7/site-packages/airflow/example_dags/example_nested_branch_dag.py for tasks to queue
[2023-05-27T14:40:00.045+0000] {logging_mixin.py:120} INFO - [2023-05-27T14:40:00.044+0000] {dagbag.py:537} INFO - Filling up the DagBag from /home/airflow/.local/lib/python3.7/site-packages/airflow/example_dags/example_nested_branch_dag.py
[2023-05-27T14:40:00.149+0000] {processor.py:766} INFO - DAG(s) dict_keys(['example_nested_branch_dag']) retrieved from /home/airflow/.local/lib/python3.7/site-packages/airflow/example_dags/example_nested_branch_dag.py
[2023-05-27T14:40:00.220+0000] {logging_mixin.py:120} INFO - [2023-05-27T14:40:00.219+0000] {dag.py:2585} INFO - Sync 1 DAGs
[2023-05-27T14:40:00.262+0000] {logging_mixin.py:120} INFO - [2023-05-27T14:40:00.261+0000] {dag.py:3340} INFO - Setting next_dagrun for example_nested_branch_dag to 2023-05-26T00:00:00+00:00, run_after=2023-05-27T00:00:00+00:00
[2023-05-27T14:40:00.291+0000] {processor.py:176} INFO - Processing /home/airflow/.local/lib/python3.7/site-packages/airflow/example_dags/example_nested_branch_dag.py took 0.259 seconds
[2023-05-27T14:40:31.175+0000] {processor.py:154} INFO - Started process (PID=300) to work on /home/airflow/.local/lib/python3.7/site-packages/airflow/example_dags/example_nested_branch_dag.py
[2023-05-27T14:40:31.179+0000] {processor.py:756} INFO - Processing file /home/airflow/.local/lib/python3.7/site-packages/airflow/example_dags/example_nested_branch_dag.py for tasks to queue
[2023-05-27T14:40:31.180+0000] {logging_mixin.py:120} INFO - [2023-05-27T14:40:31.180+0000] {dagbag.py:537} INFO - Filling up the DagBag from /home/airflow/.local/lib/python3.7/site-packages/airflow/example_dags/example_nested_branch_dag.py
[2023-05-27T14:40:31.224+0000] {processor.py:766} INFO - DAG(s) dict_keys(['example_nested_branch_dag']) retrieved from /home/airflow/.local/lib/python3.7/site-packages/airflow/example_dags/example_nested_branch_dag.py
[2023-05-27T14:40:31.284+0000] {logging_mixin.py:120} INFO - [2023-05-27T14:40:31.284+0000] {dag.py:2585} INFO - Sync 1 DAGs
[2023-05-27T14:40:31.341+0000] {logging_mixin.py:120} INFO - [2023-05-27T14:40:31.341+0000] {dag.py:3340} INFO - Setting next_dagrun for example_nested_branch_dag to 2023-05-26T00:00:00+00:00, run_after=2023-05-27T00:00:00+00:00
[2023-05-27T14:40:31.370+0000] {processor.py:176} INFO - Processing /home/airflow/.local/lib/python3.7/site-packages/airflow/example_dags/example_nested_branch_dag.py took 0.198 seconds
[2023-05-27T14:41:01.623+0000] {processor.py:154} INFO - Started process (PID=355) to work on /home/airflow/.local/lib/python3.7/site-packages/airflow/example_dags/example_nested_branch_dag.py
[2023-05-27T14:41:01.625+0000] {processor.py:756} INFO - Processing file /home/airflow/.local/lib/python3.7/site-packages/airflow/example_dags/example_nested_branch_dag.py for tasks to queue
[2023-05-27T14:41:01.625+0000] {logging_mixin.py:120} INFO - [2023-05-27T14:41:01.625+0000] {dagbag.py:537} INFO - Filling up the DagBag from /home/airflow/.local/lib/python3.7/site-packages/airflow/example_dags/example_nested_branch_dag.py
[2023-05-27T14:41:01.659+0000] {processor.py:766} INFO - DAG(s) dict_keys(['example_nested_branch_dag']) retrieved from /home/airflow/.local/lib/python3.7/site-packages/airflow/example_dags/example_nested_branch_dag.py
[2023-05-27T14:41:01.710+0000] {logging_mixin.py:120} INFO - [2023-05-27T14:41:01.709+0000] {dag.py:2585} INFO - Sync 1 DAGs
[2023-05-27T14:41:01.751+0000] {logging_mixin.py:120} INFO - [2023-05-27T14:41:01.750+0000] {dag.py:3340} INFO - Setting next_dagrun for example_nested_branch_dag to 2023-05-26T00:00:00+00:00, run_after=2023-05-27T00:00:00+00:00
[2023-05-27T14:41:01.780+0000] {processor.py:176} INFO - Processing /home/airflow/.local/lib/python3.7/site-packages/airflow/example_dags/example_nested_branch_dag.py took 0.160 seconds
[2023-05-27T14:41:31.820+0000] {processor.py:154} INFO - Started process (PID=409) to work on /home/airflow/.local/lib/python3.7/site-packages/airflow/example_dags/example_nested_branch_dag.py
[2023-05-27T14:41:31.822+0000] {processor.py:756} INFO - Processing file /home/airflow/.local/lib/python3.7/site-packages/airflow/example_dags/example_nested_branch_dag.py for tasks to queue
[2023-05-27T14:41:31.822+0000] {logging_mixin.py:120} INFO - [2023-05-27T14:41:31.822+0000] {dagbag.py:537} INFO - Filling up the DagBag from /home/airflow/.local/lib/python3.7/site-packages/airflow/example_dags/example_nested_branch_dag.py
[2023-05-27T14:41:31.854+0000] {processor.py:766} INFO - DAG(s) dict_keys(['example_nested_branch_dag']) retrieved from /home/airflow/.local/lib/python3.7/site-packages/airflow/example_dags/example_nested_branch_dag.py
[2023-05-27T14:41:31.911+0000] {logging_mixin.py:120} INFO - [2023-05-27T14:41:31.910+0000] {dag.py:2585} INFO - Sync 1 DAGs
[2023-05-27T14:41:31.957+0000] {logging_mixin.py:120} INFO - [2023-05-27T14:41:31.956+0000] {dag.py:3340} INFO - Setting next_dagrun for example_nested_branch_dag to 2023-05-26T00:00:00+00:00, run_after=2023-05-27T00:00:00+00:00
[2023-05-27T14:41:31.980+0000] {processor.py:176} INFO - Processing /home/airflow/.local/lib/python3.7/site-packages/airflow/example_dags/example_nested_branch_dag.py took 0.164 seconds
[2023-05-27T14:42:02.015+0000] {processor.py:154} INFO - Started process (PID=473) to work on /home/airflow/.local/lib/python3.7/site-packages/airflow/example_dags/example_nested_branch_dag.py
[2023-05-27T14:42:02.018+0000] {processor.py:756} INFO - Processing file /home/airflow/.local/lib/python3.7/site-packages/airflow/example_dags/example_nested_branch_dag.py for tasks to queue
[2023-05-27T14:42:02.026+0000] {logging_mixin.py:120} INFO - [2023-05-27T14:42:02.019+0000] {dagbag.py:537} INFO - Filling up the DagBag from /home/airflow/.local/lib/python3.7/site-packages/airflow/example_dags/example_nested_branch_dag.py
[2023-05-27T14:42:02.071+0000] {processor.py:766} INFO - DAG(s) dict_keys(['example_nested_branch_dag']) retrieved from /home/airflow/.local/lib/python3.7/site-packages/airflow/example_dags/example_nested_branch_dag.py
[2023-05-27T14:42:02.128+0000] {logging_mixin.py:120} INFO - [2023-05-27T14:42:02.127+0000] {dag.py:2585} INFO - Sync 1 DAGs
[2023-05-27T14:42:02.207+0000] {logging_mixin.py:120} INFO - [2023-05-27T14:42:02.207+0000] {dag.py:3340} INFO - Setting next_dagrun for example_nested_branch_dag to 2023-05-26T00:00:00+00:00, run_after=2023-05-27T00:00:00+00:00
[2023-05-27T14:42:02.241+0000] {processor.py:176} INFO - Processing /home/airflow/.local/lib/python3.7/site-packages/airflow/example_dags/example_nested_branch_dag.py took 0.229 seconds
[2023-05-27T14:42:32.852+0000] {processor.py:154} INFO - Started process (PID=528) to work on /home/airflow/.local/lib/python3.7/site-packages/airflow/example_dags/example_nested_branch_dag.py
[2023-05-27T14:42:32.854+0000] {processor.py:756} INFO - Processing file /home/airflow/.local/lib/python3.7/site-packages/airflow/example_dags/example_nested_branch_dag.py for tasks to queue
[2023-05-27T14:42:32.855+0000] {logging_mixin.py:120} INFO - [2023-05-27T14:42:32.855+0000] {dagbag.py:537} INFO - Filling up the DagBag from /home/airflow/.local/lib/python3.7/site-packages/airflow/example_dags/example_nested_branch_dag.py
[2023-05-27T14:42:32.891+0000] {processor.py:766} INFO - DAG(s) dict_keys(['example_nested_branch_dag']) retrieved from /home/airflow/.local/lib/python3.7/site-packages/airflow/example_dags/example_nested_branch_dag.py
[2023-05-27T14:42:32.944+0000] {logging_mixin.py:120} INFO - [2023-05-27T14:42:32.944+0000] {dag.py:2585} INFO - Sync 1 DAGs
[2023-05-27T14:42:32.984+0000] {logging_mixin.py:120} INFO - [2023-05-27T14:42:32.983+0000] {dag.py:3340} INFO - Setting next_dagrun for example_nested_branch_dag to 2023-05-26T00:00:00+00:00, run_after=2023-05-27T00:00:00+00:00
[2023-05-27T14:42:33.008+0000] {processor.py:176} INFO - Processing /home/airflow/.local/lib/python3.7/site-packages/airflow/example_dags/example_nested_branch_dag.py took 0.159 seconds
[2023-05-27T14:43:03.150+0000] {processor.py:154} INFO - Started process (PID=591) to work on /home/airflow/.local/lib/python3.7/site-packages/airflow/example_dags/example_nested_branch_dag.py
[2023-05-27T14:43:03.151+0000] {processor.py:756} INFO - Processing file /home/airflow/.local/lib/python3.7/site-packages/airflow/example_dags/example_nested_branch_dag.py for tasks to queue
[2023-05-27T14:43:03.152+0000] {logging_mixin.py:120} INFO - [2023-05-27T14:43:03.152+0000] {dagbag.py:537} INFO - Filling up the DagBag from /home/airflow/.local/lib/python3.7/site-packages/airflow/example_dags/example_nested_branch_dag.py
[2023-05-27T14:43:03.202+0000] {processor.py:766} INFO - DAG(s) dict_keys(['example_nested_branch_dag']) retrieved from /home/airflow/.local/lib/python3.7/site-packages/airflow/example_dags/example_nested_branch_dag.py
[2023-05-27T14:43:03.257+0000] {logging_mixin.py:120} INFO - [2023-05-27T14:43:03.257+0000] {dag.py:2585} INFO - Sync 1 DAGs
[2023-05-27T14:43:03.292+0000] {logging_mixin.py:120} INFO - [2023-05-27T14:43:03.292+0000] {dag.py:3340} INFO - Setting next_dagrun for example_nested_branch_dag to 2023-05-26T00:00:00+00:00, run_after=2023-05-27T00:00:00+00:00
[2023-05-27T14:43:03.318+0000] {processor.py:176} INFO - Processing /home/airflow/.local/lib/python3.7/site-packages/airflow/example_dags/example_nested_branch_dag.py took 0.173 seconds
[2023-05-27T14:43:34.348+0000] {processor.py:154} INFO - Started process (PID=645) to work on /home/airflow/.local/lib/python3.7/site-packages/airflow/example_dags/example_nested_branch_dag.py
[2023-05-27T14:43:34.366+0000] {processor.py:756} INFO - Processing file /home/airflow/.local/lib/python3.7/site-packages/airflow/example_dags/example_nested_branch_dag.py for tasks to queue
[2023-05-27T14:43:34.367+0000] {logging_mixin.py:120} INFO - [2023-05-27T14:43:34.367+0000] {dagbag.py:537} INFO - Filling up the DagBag from /home/airflow/.local/lib/python3.7/site-packages/airflow/example_dags/example_nested_branch_dag.py
[2023-05-27T14:43:34.520+0000] {processor.py:766} INFO - DAG(s) dict_keys(['example_nested_branch_dag']) retrieved from /home/airflow/.local/lib/python3.7/site-packages/airflow/example_dags/example_nested_branch_dag.py
[2023-05-27T14:43:34.674+0000] {logging_mixin.py:120} INFO - [2023-05-27T14:43:34.673+0000] {dag.py:2585} INFO - Sync 1 DAGs
[2023-05-27T14:43:34.770+0000] {logging_mixin.py:120} INFO - [2023-05-27T14:43:34.770+0000] {dag.py:3340} INFO - Setting next_dagrun for example_nested_branch_dag to 2023-05-26T00:00:00+00:00, run_after=2023-05-27T00:00:00+00:00
[2023-05-27T14:43:34.813+0000] {processor.py:176} INFO - Processing /home/airflow/.local/lib/python3.7/site-packages/airflow/example_dags/example_nested_branch_dag.py took 0.476 seconds
[2023-05-27T14:44:05.627+0000] {processor.py:154} INFO - Started process (PID=708) to work on /home/airflow/.local/lib/python3.7/site-packages/airflow/example_dags/example_nested_branch_dag.py
[2023-05-27T14:44:05.630+0000] {processor.py:756} INFO - Processing file /home/airflow/.local/lib/python3.7/site-packages/airflow/example_dags/example_nested_branch_dag.py for tasks to queue
[2023-05-27T14:44:05.631+0000] {logging_mixin.py:120} INFO - [2023-05-27T14:44:05.631+0000] {dagbag.py:537} INFO - Filling up the DagBag from /home/airflow/.local/lib/python3.7/site-packages/airflow/example_dags/example_nested_branch_dag.py
[2023-05-27T14:44:05.681+0000] {processor.py:766} INFO - DAG(s) dict_keys(['example_nested_branch_dag']) retrieved from /home/airflow/.local/lib/python3.7/site-packages/airflow/example_dags/example_nested_branch_dag.py
[2023-05-27T14:44:05.740+0000] {logging_mixin.py:120} INFO - [2023-05-27T14:44:05.740+0000] {dag.py:2585} INFO - Sync 1 DAGs
[2023-05-27T14:44:05.776+0000] {logging_mixin.py:120} INFO - [2023-05-27T14:44:05.775+0000] {dag.py:3340} INFO - Setting next_dagrun for example_nested_branch_dag to 2023-05-26T00:00:00+00:00, run_after=2023-05-27T00:00:00+00:00
[2023-05-27T14:44:05.798+0000] {processor.py:176} INFO - Processing /home/airflow/.local/lib/python3.7/site-packages/airflow/example_dags/example_nested_branch_dag.py took 0.177 seconds
[2023-05-27T14:44:35.929+0000] {processor.py:154} INFO - Started process (PID=762) to work on /home/airflow/.local/lib/python3.7/site-packages/airflow/example_dags/example_nested_branch_dag.py
[2023-05-27T14:44:35.937+0000] {processor.py:756} INFO - Processing file /home/airflow/.local/lib/python3.7/site-packages/airflow/example_dags/example_nested_branch_dag.py for tasks to queue
[2023-05-27T14:44:35.939+0000] {logging_mixin.py:120} INFO - [2023-05-27T14:44:35.937+0000] {dagbag.py:537} INFO - Filling up the DagBag from /home/airflow/.local/lib/python3.7/site-packages/airflow/example_dags/example_nested_branch_dag.py
[2023-05-27T14:44:36.049+0000] {processor.py:766} INFO - DAG(s) dict_keys(['example_nested_branch_dag']) retrieved from /home/airflow/.local/lib/python3.7/site-packages/airflow/example_dags/example_nested_branch_dag.py
[2023-05-27T14:44:36.130+0000] {logging_mixin.py:120} INFO - [2023-05-27T14:44:36.130+0000] {dag.py:2585} INFO - Sync 1 DAGs
[2023-05-27T14:44:36.215+0000] {logging_mixin.py:120} INFO - [2023-05-27T14:44:36.201+0000] {dag.py:3340} INFO - Setting next_dagrun for example_nested_branch_dag to 2023-05-26T00:00:00+00:00, run_after=2023-05-27T00:00:00+00:00
[2023-05-27T14:44:36.292+0000] {processor.py:176} INFO - Processing /home/airflow/.local/lib/python3.7/site-packages/airflow/example_dags/example_nested_branch_dag.py took 0.375 seconds
[2023-05-27T14:45:06.489+0000] {processor.py:154} INFO - Started process (PID=815) to work on /home/airflow/.local/lib/python3.7/site-packages/airflow/example_dags/example_nested_branch_dag.py
[2023-05-27T14:45:06.491+0000] {processor.py:756} INFO - Processing file /home/airflow/.local/lib/python3.7/site-packages/airflow/example_dags/example_nested_branch_dag.py for tasks to queue
[2023-05-27T14:45:06.492+0000] {logging_mixin.py:120} INFO - [2023-05-27T14:45:06.492+0000] {dagbag.py:537} INFO - Filling up the DagBag from /home/airflow/.local/lib/python3.7/site-packages/airflow/example_dags/example_nested_branch_dag.py
[2023-05-27T14:45:06.526+0000] {processor.py:766} INFO - DAG(s) dict_keys(['example_nested_branch_dag']) retrieved from /home/airflow/.local/lib/python3.7/site-packages/airflow/example_dags/example_nested_branch_dag.py
[2023-05-27T14:45:06.577+0000] {logging_mixin.py:120} INFO - [2023-05-27T14:45:06.577+0000] {dag.py:2585} INFO - Sync 1 DAGs
[2023-05-27T14:45:06.613+0000] {logging_mixin.py:120} INFO - [2023-05-27T14:45:06.612+0000] {dag.py:3340} INFO - Setting next_dagrun for example_nested_branch_dag to 2023-05-26T00:00:00+00:00, run_after=2023-05-27T00:00:00+00:00
[2023-05-27T14:45:06.642+0000] {processor.py:176} INFO - Processing /home/airflow/.local/lib/python3.7/site-packages/airflow/example_dags/example_nested_branch_dag.py took 0.158 seconds
[2023-05-27T14:45:37.291+0000] {processor.py:154} INFO - Started process (PID=877) to work on /home/airflow/.local/lib/python3.7/site-packages/airflow/example_dags/example_nested_branch_dag.py
[2023-05-27T14:45:37.293+0000] {processor.py:756} INFO - Processing file /home/airflow/.local/lib/python3.7/site-packages/airflow/example_dags/example_nested_branch_dag.py for tasks to queue
[2023-05-27T14:45:37.296+0000] {logging_mixin.py:120} INFO - [2023-05-27T14:45:37.295+0000] {dagbag.py:537} INFO - Filling up the DagBag from /home/airflow/.local/lib/python3.7/site-packages/airflow/example_dags/example_nested_branch_dag.py
[2023-05-27T14:45:37.340+0000] {processor.py:766} INFO - DAG(s) dict_keys(['example_nested_branch_dag']) retrieved from /home/airflow/.local/lib/python3.7/site-packages/airflow/example_dags/example_nested_branch_dag.py
[2023-05-27T14:45:37.398+0000] {logging_mixin.py:120} INFO - [2023-05-27T14:45:37.398+0000] {dag.py:2585} INFO - Sync 1 DAGs
[2023-05-27T14:45:37.438+0000] {logging_mixin.py:120} INFO - [2023-05-27T14:45:37.438+0000] {dag.py:3340} INFO - Setting next_dagrun for example_nested_branch_dag to 2023-05-26T00:00:00+00:00, run_after=2023-05-27T00:00:00+00:00
[2023-05-27T14:45:37.463+0000] {processor.py:176} INFO - Processing /home/airflow/.local/lib/python3.7/site-packages/airflow/example_dags/example_nested_branch_dag.py took 0.177 seconds
[2023-05-27T14:46:07.686+0000] {processor.py:154} INFO - Started process (PID=931) to work on /home/airflow/.local/lib/python3.7/site-packages/airflow/example_dags/example_nested_branch_dag.py
[2023-05-27T14:46:07.689+0000] {processor.py:756} INFO - Processing file /home/airflow/.local/lib/python3.7/site-packages/airflow/example_dags/example_nested_branch_dag.py for tasks to queue
[2023-05-27T14:46:07.689+0000] {logging_mixin.py:120} INFO - [2023-05-27T14:46:07.689+0000] {dagbag.py:537} INFO - Filling up the DagBag from /home/airflow/.local/lib/python3.7/site-packages/airflow/example_dags/example_nested_branch_dag.py
[2023-05-27T14:46:07.739+0000] {processor.py:766} INFO - DAG(s) dict_keys(['example_nested_branch_dag']) retrieved from /home/airflow/.local/lib/python3.7/site-packages/airflow/example_dags/example_nested_branch_dag.py
[2023-05-27T14:46:07.790+0000] {logging_mixin.py:120} INFO - [2023-05-27T14:46:07.790+0000] {dag.py:2585} INFO - Sync 1 DAGs
[2023-05-27T14:46:07.823+0000] {logging_mixin.py:120} INFO - [2023-05-27T14:46:07.823+0000] {dag.py:3340} INFO - Setting next_dagrun for example_nested_branch_dag to 2023-05-26T00:00:00+00:00, run_after=2023-05-27T00:00:00+00:00
[2023-05-27T14:46:07.845+0000] {processor.py:176} INFO - Processing /home/airflow/.local/lib/python3.7/site-packages/airflow/example_dags/example_nested_branch_dag.py took 0.164 seconds
[2023-05-27T14:46:38.581+0000] {processor.py:154} INFO - Started process (PID=994) to work on /home/airflow/.local/lib/python3.7/site-packages/airflow/example_dags/example_nested_branch_dag.py
[2023-05-27T14:46:38.586+0000] {processor.py:756} INFO - Processing file /home/airflow/.local/lib/python3.7/site-packages/airflow/example_dags/example_nested_branch_dag.py for tasks to queue
[2023-05-27T14:46:38.587+0000] {logging_mixin.py:120} INFO - [2023-05-27T14:46:38.586+0000] {dagbag.py:537} INFO - Filling up the DagBag from /home/airflow/.local/lib/python3.7/site-packages/airflow/example_dags/example_nested_branch_dag.py
[2023-05-27T14:46:38.706+0000] {processor.py:766} INFO - DAG(s) dict_keys(['example_nested_branch_dag']) retrieved from /home/airflow/.local/lib/python3.7/site-packages/airflow/example_dags/example_nested_branch_dag.py
[2023-05-27T14:46:38.903+0000] {logging_mixin.py:120} INFO - [2023-05-27T14:46:38.903+0000] {dag.py:2585} INFO - Sync 1 DAGs
[2023-05-27T14:46:38.993+0000] {logging_mixin.py:120} INFO - [2023-05-27T14:46:38.992+0000] {dag.py:3340} INFO - Setting next_dagrun for example_nested_branch_dag to 2023-05-26T00:00:00+00:00, run_after=2023-05-27T00:00:00+00:00
[2023-05-27T14:46:39.053+0000] {processor.py:176} INFO - Processing /home/airflow/.local/lib/python3.7/site-packages/airflow/example_dags/example_nested_branch_dag.py took 0.477 seconds
[2023-05-27T14:47:09.157+0000] {processor.py:154} INFO - Started process (PID=1048) to work on /home/airflow/.local/lib/python3.7/site-packages/airflow/example_dags/example_nested_branch_dag.py
[2023-05-27T14:47:09.160+0000] {processor.py:756} INFO - Processing file /home/airflow/.local/lib/python3.7/site-packages/airflow/example_dags/example_nested_branch_dag.py for tasks to queue
[2023-05-27T14:47:09.160+0000] {logging_mixin.py:120} INFO - [2023-05-27T14:47:09.160+0000] {dagbag.py:537} INFO - Filling up the DagBag from /home/airflow/.local/lib/python3.7/site-packages/airflow/example_dags/example_nested_branch_dag.py
[2023-05-27T14:47:09.195+0000] {processor.py:766} INFO - DAG(s) dict_keys(['example_nested_branch_dag']) retrieved from /home/airflow/.local/lib/python3.7/site-packages/airflow/example_dags/example_nested_branch_dag.py
[2023-05-27T14:47:09.245+0000] {logging_mixin.py:120} INFO - [2023-05-27T14:47:09.245+0000] {dag.py:2585} INFO - Sync 1 DAGs
[2023-05-27T14:47:09.287+0000] {logging_mixin.py:120} INFO - [2023-05-27T14:47:09.287+0000] {dag.py:3340} INFO - Setting next_dagrun for example_nested_branch_dag to 2023-05-26T00:00:00+00:00, run_after=2023-05-27T00:00:00+00:00
[2023-05-27T14:47:09.324+0000] {processor.py:176} INFO - Processing /home/airflow/.local/lib/python3.7/site-packages/airflow/example_dags/example_nested_branch_dag.py took 0.172 seconds
[2023-05-27T14:47:40.139+0000] {processor.py:154} INFO - Started process (PID=1103) to work on /home/airflow/.local/lib/python3.7/site-packages/airflow/example_dags/example_nested_branch_dag.py
[2023-05-27T14:47:40.152+0000] {processor.py:756} INFO - Processing file /home/airflow/.local/lib/python3.7/site-packages/airflow/example_dags/example_nested_branch_dag.py for tasks to queue
[2023-05-27T14:47:40.153+0000] {logging_mixin.py:120} INFO - [2023-05-27T14:47:40.153+0000] {dagbag.py:537} INFO - Filling up the DagBag from /home/airflow/.local/lib/python3.7/site-packages/airflow/example_dags/example_nested_branch_dag.py
[2023-05-27T14:47:40.239+0000] {processor.py:766} INFO - DAG(s) dict_keys(['example_nested_branch_dag']) retrieved from /home/airflow/.local/lib/python3.7/site-packages/airflow/example_dags/example_nested_branch_dag.py
[2023-05-27T14:47:40.443+0000] {logging_mixin.py:120} INFO - [2023-05-27T14:47:40.443+0000] {dag.py:2585} INFO - Sync 1 DAGs
[2023-05-27T14:47:40.551+0000] {logging_mixin.py:120} INFO - [2023-05-27T14:47:40.551+0000] {dag.py:3340} INFO - Setting next_dagrun for example_nested_branch_dag to 2023-05-26T00:00:00+00:00, run_after=2023-05-27T00:00:00+00:00
[2023-05-27T14:47:40.669+0000] {processor.py:176} INFO - Processing /home/airflow/.local/lib/python3.7/site-packages/airflow/example_dags/example_nested_branch_dag.py took 0.553 seconds
[2023-05-27T14:48:11.530+0000] {processor.py:154} INFO - Started process (PID=1165) to work on /home/airflow/.local/lib/python3.7/site-packages/airflow/example_dags/example_nested_branch_dag.py
[2023-05-27T14:48:11.538+0000] {processor.py:756} INFO - Processing file /home/airflow/.local/lib/python3.7/site-packages/airflow/example_dags/example_nested_branch_dag.py for tasks to queue
[2023-05-27T14:48:11.539+0000] {logging_mixin.py:120} INFO - [2023-05-27T14:48:11.539+0000] {dagbag.py:537} INFO - Filling up the DagBag from /home/airflow/.local/lib/python3.7/site-packages/airflow/example_dags/example_nested_branch_dag.py
[2023-05-27T14:48:11.624+0000] {processor.py:766} INFO - DAG(s) dict_keys(['example_nested_branch_dag']) retrieved from /home/airflow/.local/lib/python3.7/site-packages/airflow/example_dags/example_nested_branch_dag.py
[2023-05-27T14:48:11.757+0000] {logging_mixin.py:120} INFO - [2023-05-27T14:48:11.756+0000] {dag.py:2585} INFO - Sync 1 DAGs
[2023-05-27T14:48:11.828+0000] {logging_mixin.py:120} INFO - [2023-05-27T14:48:11.828+0000] {dag.py:3340} INFO - Setting next_dagrun for example_nested_branch_dag to 2023-05-26T00:00:00+00:00, run_after=2023-05-27T00:00:00+00:00
[2023-05-27T14:48:11.855+0000] {processor.py:176} INFO - Processing /home/airflow/.local/lib/python3.7/site-packages/airflow/example_dags/example_nested_branch_dag.py took 0.331 seconds
[2023-05-27T14:48:42.103+0000] {processor.py:154} INFO - Started process (PID=1219) to work on /home/airflow/.local/lib/python3.7/site-packages/airflow/example_dags/example_nested_branch_dag.py
[2023-05-27T14:48:42.106+0000] {processor.py:756} INFO - Processing file /home/airflow/.local/lib/python3.7/site-packages/airflow/example_dags/example_nested_branch_dag.py for tasks to queue
[2023-05-27T14:48:42.106+0000] {logging_mixin.py:120} INFO - [2023-05-27T14:48:42.106+0000] {dagbag.py:537} INFO - Filling up the DagBag from /home/airflow/.local/lib/python3.7/site-packages/airflow/example_dags/example_nested_branch_dag.py
[2023-05-27T14:48:42.137+0000] {processor.py:766} INFO - DAG(s) dict_keys(['example_nested_branch_dag']) retrieved from /home/airflow/.local/lib/python3.7/site-packages/airflow/example_dags/example_nested_branch_dag.py
[2023-05-27T14:48:42.220+0000] {logging_mixin.py:120} INFO - [2023-05-27T14:48:42.220+0000] {dag.py:2585} INFO - Sync 1 DAGs
[2023-05-27T14:48:42.257+0000] {logging_mixin.py:120} INFO - [2023-05-27T14:48:42.257+0000] {dag.py:3340} INFO - Setting next_dagrun for example_nested_branch_dag to 2023-05-26T00:00:00+00:00, run_after=2023-05-27T00:00:00+00:00
[2023-05-27T14:48:42.278+0000] {processor.py:176} INFO - Processing /home/airflow/.local/lib/python3.7/site-packages/airflow/example_dags/example_nested_branch_dag.py took 0.179 seconds
[2023-05-27T14:49:13.088+0000] {processor.py:154} INFO - Started process (PID=1282) to work on /home/airflow/.local/lib/python3.7/site-packages/airflow/example_dags/example_nested_branch_dag.py
[2023-05-27T14:49:13.091+0000] {processor.py:756} INFO - Processing file /home/airflow/.local/lib/python3.7/site-packages/airflow/example_dags/example_nested_branch_dag.py for tasks to queue
[2023-05-27T14:49:13.092+0000] {logging_mixin.py:120} INFO - [2023-05-27T14:49:13.092+0000] {dagbag.py:537} INFO - Filling up the DagBag from /home/airflow/.local/lib/python3.7/site-packages/airflow/example_dags/example_nested_branch_dag.py
[2023-05-27T14:49:13.124+0000] {processor.py:766} INFO - DAG(s) dict_keys(['example_nested_branch_dag']) retrieved from /home/airflow/.local/lib/python3.7/site-packages/airflow/example_dags/example_nested_branch_dag.py
[2023-05-27T14:49:13.173+0000] {logging_mixin.py:120} INFO - [2023-05-27T14:49:13.173+0000] {dag.py:2585} INFO - Sync 1 DAGs
[2023-05-27T14:49:13.208+0000] {logging_mixin.py:120} INFO - [2023-05-27T14:49:13.208+0000] {dag.py:3340} INFO - Setting next_dagrun for example_nested_branch_dag to 2023-05-26T00:00:00+00:00, run_after=2023-05-27T00:00:00+00:00
[2023-05-27T14:49:13.230+0000] {processor.py:176} INFO - Processing /home/airflow/.local/lib/python3.7/site-packages/airflow/example_dags/example_nested_branch_dag.py took 0.146 seconds
[2023-05-27T14:49:43.616+0000] {processor.py:154} INFO - Started process (PID=1336) to work on /home/airflow/.local/lib/python3.7/site-packages/airflow/example_dags/example_nested_branch_dag.py
[2023-05-27T14:49:43.620+0000] {processor.py:756} INFO - Processing file /home/airflow/.local/lib/python3.7/site-packages/airflow/example_dags/example_nested_branch_dag.py for tasks to queue
[2023-05-27T14:49:43.628+0000] {logging_mixin.py:120} INFO - [2023-05-27T14:49:43.627+0000] {dagbag.py:537} INFO - Filling up the DagBag from /home/airflow/.local/lib/python3.7/site-packages/airflow/example_dags/example_nested_branch_dag.py
[2023-05-27T14:49:43.684+0000] {processor.py:766} INFO - DAG(s) dict_keys(['example_nested_branch_dag']) retrieved from /home/airflow/.local/lib/python3.7/site-packages/airflow/example_dags/example_nested_branch_dag.py
[2023-05-27T14:49:43.771+0000] {logging_mixin.py:120} INFO - [2023-05-27T14:49:43.770+0000] {dag.py:2585} INFO - Sync 1 DAGs
[2023-05-27T14:49:43.830+0000] {logging_mixin.py:120} INFO - [2023-05-27T14:49:43.830+0000] {dag.py:3340} INFO - Setting next_dagrun for example_nested_branch_dag to 2023-05-26T00:00:00+00:00, run_after=2023-05-27T00:00:00+00:00
[2023-05-27T14:49:43.851+0000] {processor.py:176} INFO - Processing /home/airflow/.local/lib/python3.7/site-packages/airflow/example_dags/example_nested_branch_dag.py took 0.240 seconds
[2023-05-27T14:50:14.888+0000] {processor.py:154} INFO - Started process (PID=1401) to work on /home/airflow/.local/lib/python3.7/site-packages/airflow/example_dags/example_nested_branch_dag.py
[2023-05-27T14:50:14.891+0000] {processor.py:756} INFO - Processing file /home/airflow/.local/lib/python3.7/site-packages/airflow/example_dags/example_nested_branch_dag.py for tasks to queue
[2023-05-27T14:50:14.892+0000] {logging_mixin.py:120} INFO - [2023-05-27T14:50:14.892+0000] {dagbag.py:537} INFO - Filling up the DagBag from /home/airflow/.local/lib/python3.7/site-packages/airflow/example_dags/example_nested_branch_dag.py
[2023-05-27T14:50:14.944+0000] {processor.py:766} INFO - DAG(s) dict_keys(['example_nested_branch_dag']) retrieved from /home/airflow/.local/lib/python3.7/site-packages/airflow/example_dags/example_nested_branch_dag.py
[2023-05-27T14:50:14.994+0000] {logging_mixin.py:120} INFO - [2023-05-27T14:50:14.994+0000] {dag.py:2585} INFO - Sync 1 DAGs
[2023-05-27T14:50:15.027+0000] {logging_mixin.py:120} INFO - [2023-05-27T14:50:15.027+0000] {dag.py:3340} INFO - Setting next_dagrun for example_nested_branch_dag to 2023-05-26T00:00:00+00:00, run_after=2023-05-27T00:00:00+00:00
[2023-05-27T14:50:15.049+0000] {processor.py:176} INFO - Processing /home/airflow/.local/lib/python3.7/site-packages/airflow/example_dags/example_nested_branch_dag.py took 0.165 seconds
[2023-05-27T14:50:45.235+0000] {processor.py:154} INFO - Started process (PID=1455) to work on /home/airflow/.local/lib/python3.7/site-packages/airflow/example_dags/example_nested_branch_dag.py
[2023-05-27T14:50:45.236+0000] {processor.py:756} INFO - Processing file /home/airflow/.local/lib/python3.7/site-packages/airflow/example_dags/example_nested_branch_dag.py for tasks to queue
[2023-05-27T14:50:45.237+0000] {logging_mixin.py:120} INFO - [2023-05-27T14:50:45.237+0000] {dagbag.py:537} INFO - Filling up the DagBag from /home/airflow/.local/lib/python3.7/site-packages/airflow/example_dags/example_nested_branch_dag.py
[2023-05-27T14:50:45.278+0000] {processor.py:766} INFO - DAG(s) dict_keys(['example_nested_branch_dag']) retrieved from /home/airflow/.local/lib/python3.7/site-packages/airflow/example_dags/example_nested_branch_dag.py
[2023-05-27T14:50:45.332+0000] {logging_mixin.py:120} INFO - [2023-05-27T14:50:45.332+0000] {dag.py:2585} INFO - Sync 1 DAGs
[2023-05-27T14:50:45.364+0000] {logging_mixin.py:120} INFO - [2023-05-27T14:50:45.363+0000] {dag.py:3340} INFO - Setting next_dagrun for example_nested_branch_dag to 2023-05-26T00:00:00+00:00, run_after=2023-05-27T00:00:00+00:00
[2023-05-27T14:50:45.412+0000] {processor.py:176} INFO - Processing /home/airflow/.local/lib/python3.7/site-packages/airflow/example_dags/example_nested_branch_dag.py took 0.180 seconds
[2023-05-27T14:51:16.152+0000] {processor.py:154} INFO - Started process (PID=1509) to work on /home/airflow/.local/lib/python3.7/site-packages/airflow/example_dags/example_nested_branch_dag.py
[2023-05-27T14:51:16.154+0000] {processor.py:756} INFO - Processing file /home/airflow/.local/lib/python3.7/site-packages/airflow/example_dags/example_nested_branch_dag.py for tasks to queue
[2023-05-27T14:51:16.155+0000] {logging_mixin.py:120} INFO - [2023-05-27T14:51:16.155+0000] {dagbag.py:537} INFO - Filling up the DagBag from /home/airflow/.local/lib/python3.7/site-packages/airflow/example_dags/example_nested_branch_dag.py
[2023-05-27T14:51:16.187+0000] {processor.py:766} INFO - DAG(s) dict_keys(['example_nested_branch_dag']) retrieved from /home/airflow/.local/lib/python3.7/site-packages/airflow/example_dags/example_nested_branch_dag.py
[2023-05-27T14:51:16.247+0000] {logging_mixin.py:120} INFO - [2023-05-27T14:51:16.247+0000] {dag.py:2585} INFO - Sync 1 DAGs
[2023-05-27T14:51:16.285+0000] {logging_mixin.py:120} INFO - [2023-05-27T14:51:16.285+0000] {dag.py:3340} INFO - Setting next_dagrun for example_nested_branch_dag to 2023-05-26T00:00:00+00:00, run_after=2023-05-27T00:00:00+00:00
[2023-05-27T14:51:16.342+0000] {processor.py:176} INFO - Processing /home/airflow/.local/lib/python3.7/site-packages/airflow/example_dags/example_nested_branch_dag.py took 0.194 seconds
[2023-05-27T14:51:46.398+0000] {processor.py:154} INFO - Started process (PID=1572) to work on /home/airflow/.local/lib/python3.7/site-packages/airflow/example_dags/example_nested_branch_dag.py
[2023-05-27T14:51:46.401+0000] {processor.py:756} INFO - Processing file /home/airflow/.local/lib/python3.7/site-packages/airflow/example_dags/example_nested_branch_dag.py for tasks to queue
[2023-05-27T14:51:46.401+0000] {logging_mixin.py:120} INFO - [2023-05-27T14:51:46.401+0000] {dagbag.py:537} INFO - Filling up the DagBag from /home/airflow/.local/lib/python3.7/site-packages/airflow/example_dags/example_nested_branch_dag.py
[2023-05-27T14:51:46.437+0000] {processor.py:766} INFO - DAG(s) dict_keys(['example_nested_branch_dag']) retrieved from /home/airflow/.local/lib/python3.7/site-packages/airflow/example_dags/example_nested_branch_dag.py
[2023-05-27T14:51:46.514+0000] {logging_mixin.py:120} INFO - [2023-05-27T14:51:46.514+0000] {dag.py:2585} INFO - Sync 1 DAGs
[2023-05-27T14:51:46.550+0000] {logging_mixin.py:120} INFO - [2023-05-27T14:51:46.550+0000] {dag.py:3340} INFO - Setting next_dagrun for example_nested_branch_dag to 2023-05-26T00:00:00+00:00, run_after=2023-05-27T00:00:00+00:00
[2023-05-27T14:51:46.580+0000] {processor.py:176} INFO - Processing /home/airflow/.local/lib/python3.7/site-packages/airflow/example_dags/example_nested_branch_dag.py took 0.186 seconds
[2023-05-27T14:52:16.929+0000] {processor.py:154} INFO - Started process (PID=1626) to work on /home/airflow/.local/lib/python3.7/site-packages/airflow/example_dags/example_nested_branch_dag.py
[2023-05-27T14:52:16.933+0000] {processor.py:756} INFO - Processing file /home/airflow/.local/lib/python3.7/site-packages/airflow/example_dags/example_nested_branch_dag.py for tasks to queue
[2023-05-27T14:52:16.934+0000] {logging_mixin.py:120} INFO - [2023-05-27T14:52:16.933+0000] {dagbag.py:537} INFO - Filling up the DagBag from /home/airflow/.local/lib/python3.7/site-packages/airflow/example_dags/example_nested_branch_dag.py
[2023-05-27T14:52:17.014+0000] {processor.py:766} INFO - DAG(s) dict_keys(['example_nested_branch_dag']) retrieved from /home/airflow/.local/lib/python3.7/site-packages/airflow/example_dags/example_nested_branch_dag.py
[2023-05-27T14:52:17.144+0000] {logging_mixin.py:120} INFO - [2023-05-27T14:52:17.144+0000] {dag.py:2585} INFO - Sync 1 DAGs
[2023-05-27T14:52:17.254+0000] {logging_mixin.py:120} INFO - [2023-05-27T14:52:17.254+0000] {dag.py:3340} INFO - Setting next_dagrun for example_nested_branch_dag to 2023-05-26T00:00:00+00:00, run_after=2023-05-27T00:00:00+00:00
[2023-05-27T14:52:17.332+0000] {processor.py:176} INFO - Processing /home/airflow/.local/lib/python3.7/site-packages/airflow/example_dags/example_nested_branch_dag.py took 0.407 seconds
[2023-05-27T14:52:49.356+0000] {processor.py:154} INFO - Started process (PID=1679) to work on /home/airflow/.local/lib/python3.7/site-packages/airflow/example_dags/example_nested_branch_dag.py
[2023-05-27T14:52:49.376+0000] {processor.py:756} INFO - Processing file /home/airflow/.local/lib/python3.7/site-packages/airflow/example_dags/example_nested_branch_dag.py for tasks to queue
[2023-05-27T14:52:49.377+0000] {logging_mixin.py:120} INFO - [2023-05-27T14:52:49.377+0000] {dagbag.py:537} INFO - Filling up the DagBag from /home/airflow/.local/lib/python3.7/site-packages/airflow/example_dags/example_nested_branch_dag.py
[2023-05-27T14:52:50.168+0000] {processor.py:766} INFO - DAG(s) dict_keys(['example_nested_branch_dag']) retrieved from /home/airflow/.local/lib/python3.7/site-packages/airflow/example_dags/example_nested_branch_dag.py
[2023-05-27T14:52:50.936+0000] {logging_mixin.py:120} INFO - [2023-05-27T14:52:50.936+0000] {dag.py:2585} INFO - Sync 1 DAGs
[2023-05-27T14:52:50.975+0000] {logging_mixin.py:120} INFO - [2023-05-27T14:52:50.974+0000] {dag.py:3340} INFO - Setting next_dagrun for example_nested_branch_dag to 2023-05-26T00:00:00+00:00, run_after=2023-05-27T00:00:00+00:00
[2023-05-27T14:52:51.044+0000] {processor.py:176} INFO - Processing /home/airflow/.local/lib/python3.7/site-packages/airflow/example_dags/example_nested_branch_dag.py took 1.692 seconds
[2023-05-27T14:53:21.186+0000] {processor.py:154} INFO - Started process (PID=1742) to work on /home/airflow/.local/lib/python3.7/site-packages/airflow/example_dags/example_nested_branch_dag.py
[2023-05-27T14:53:21.194+0000] {processor.py:756} INFO - Processing file /home/airflow/.local/lib/python3.7/site-packages/airflow/example_dags/example_nested_branch_dag.py for tasks to queue
[2023-05-27T14:53:21.195+0000] {logging_mixin.py:120} INFO - [2023-05-27T14:53:21.194+0000] {dagbag.py:537} INFO - Filling up the DagBag from /home/airflow/.local/lib/python3.7/site-packages/airflow/example_dags/example_nested_branch_dag.py
[2023-05-27T14:53:21.295+0000] {processor.py:766} INFO - DAG(s) dict_keys(['example_nested_branch_dag']) retrieved from /home/airflow/.local/lib/python3.7/site-packages/airflow/example_dags/example_nested_branch_dag.py
[2023-05-27T14:53:21.344+0000] {logging_mixin.py:120} INFO - [2023-05-27T14:53:21.344+0000] {dag.py:2585} INFO - Sync 1 DAGs
[2023-05-27T14:53:21.377+0000] {logging_mixin.py:120} INFO - [2023-05-27T14:53:21.377+0000] {dag.py:3340} INFO - Setting next_dagrun for example_nested_branch_dag to 2023-05-26T00:00:00+00:00, run_after=2023-05-27T00:00:00+00:00
[2023-05-27T14:53:21.427+0000] {processor.py:176} INFO - Processing /home/airflow/.local/lib/python3.7/site-packages/airflow/example_dags/example_nested_branch_dag.py took 0.244 seconds
