[2023-05-27T14:38:28.627+0000] {processor.py:154} INFO - Started process (PID=67) to work on /home/airflow/.local/lib/python3.7/site-packages/airflow/example_dags/example_branch_operator.py
[2023-05-27T14:38:28.634+0000] {processor.py:756} INFO - Processing file /home/airflow/.local/lib/python3.7/site-packages/airflow/example_dags/example_branch_operator.py for tasks to queue
[2023-05-27T14:38:28.635+0000] {logging_mixin.py:120} INFO - [2023-05-27T14:38:28.635+0000] {dagbag.py:537} INFO - Filling up the DagBag from /home/airflow/.local/lib/python3.7/site-packages/airflow/example_dags/example_branch_operator.py
[2023-05-27T14:38:28.686+0000] {processor.py:766} INFO - DAG(s) dict_keys(['example_branch_operator']) retrieved from /home/airflow/.local/lib/python3.7/site-packages/airflow/example_dags/example_branch_operator.py
[2023-05-27T14:38:29.109+0000] {logging_mixin.py:120} INFO - [2023-05-27T14:38:29.109+0000] {manager.py:507} INFO - Created Permission View: can read on DAG:example_branch_operator
[2023-05-27T14:38:29.143+0000] {logging_mixin.py:120} INFO - [2023-05-27T14:38:29.142+0000] {manager.py:507} INFO - Created Permission View: can edit on DAG:example_branch_operator
[2023-05-27T14:38:29.212+0000] {logging_mixin.py:120} INFO - [2023-05-27T14:38:29.211+0000] {manager.py:507} INFO - Created Permission View: can delete on DAG:example_branch_operator
[2023-05-27T14:38:29.212+0000] {logging_mixin.py:120} INFO - [2023-05-27T14:38:29.212+0000] {dag.py:2585} INFO - Sync 1 DAGs
[2023-05-27T14:38:29.263+0000] {logging_mixin.py:120} INFO - [2023-05-27T14:38:29.263+0000] {dag.py:2606} INFO - Creating ORM DAG for example_branch_operator
[2023-05-27T14:38:29.294+0000] {logging_mixin.py:120} INFO - [2023-05-27T14:38:29.294+0000] {dag.py:3340} INFO - Setting next_dagrun for example_branch_operator to 2023-05-26T00:00:00+00:00, run_after=2023-05-27T00:00:00+00:00
[2023-05-27T14:38:29.354+0000] {processor.py:176} INFO - Processing /home/airflow/.local/lib/python3.7/site-packages/airflow/example_dags/example_branch_operator.py took 0.734 seconds
[2023-05-27T14:38:59.982+0000] {processor.py:154} INFO - Started process (PID=121) to work on /home/airflow/.local/lib/python3.7/site-packages/airflow/example_dags/example_branch_operator.py
[2023-05-27T14:38:59.984+0000] {processor.py:756} INFO - Processing file /home/airflow/.local/lib/python3.7/site-packages/airflow/example_dags/example_branch_operator.py for tasks to queue
[2023-05-27T14:38:59.984+0000] {logging_mixin.py:120} INFO - [2023-05-27T14:38:59.984+0000] {dagbag.py:537} INFO - Filling up the DagBag from /home/airflow/.local/lib/python3.7/site-packages/airflow/example_dags/example_branch_operator.py
[2023-05-27T14:39:00.008+0000] {processor.py:766} INFO - DAG(s) dict_keys(['example_branch_operator']) retrieved from /home/airflow/.local/lib/python3.7/site-packages/airflow/example_dags/example_branch_operator.py
[2023-05-27T14:39:00.066+0000] {logging_mixin.py:120} INFO - [2023-05-27T14:39:00.066+0000] {dag.py:2585} INFO - Sync 1 DAGs
[2023-05-27T14:39:00.103+0000] {logging_mixin.py:120} INFO - [2023-05-27T14:39:00.103+0000] {dag.py:3340} INFO - Setting next_dagrun for example_branch_operator to 2023-05-26T00:00:00+00:00, run_after=2023-05-27T00:00:00+00:00
[2023-05-27T14:39:00.130+0000] {processor.py:176} INFO - Processing /home/airflow/.local/lib/python3.7/site-packages/airflow/example_dags/example_branch_operator.py took 0.153 seconds
[2023-05-27T14:39:30.391+0000] {processor.py:154} INFO - Started process (PID=185) to work on /home/airflow/.local/lib/python3.7/site-packages/airflow/example_dags/example_branch_operator.py
[2023-05-27T14:39:30.392+0000] {processor.py:756} INFO - Processing file /home/airflow/.local/lib/python3.7/site-packages/airflow/example_dags/example_branch_operator.py for tasks to queue
[2023-05-27T14:39:30.393+0000] {logging_mixin.py:120} INFO - [2023-05-27T14:39:30.393+0000] {dagbag.py:537} INFO - Filling up the DagBag from /home/airflow/.local/lib/python3.7/site-packages/airflow/example_dags/example_branch_operator.py
[2023-05-27T14:39:30.416+0000] {processor.py:766} INFO - DAG(s) dict_keys(['example_branch_operator']) retrieved from /home/airflow/.local/lib/python3.7/site-packages/airflow/example_dags/example_branch_operator.py
[2023-05-27T14:39:30.467+0000] {logging_mixin.py:120} INFO - [2023-05-27T14:39:30.467+0000] {dag.py:2585} INFO - Sync 1 DAGs
[2023-05-27T14:39:30.501+0000] {logging_mixin.py:120} INFO - [2023-05-27T14:39:30.501+0000] {dag.py:3340} INFO - Setting next_dagrun for example_branch_operator to 2023-05-26T00:00:00+00:00, run_after=2023-05-27T00:00:00+00:00
[2023-05-27T14:39:30.523+0000] {processor.py:176} INFO - Processing /home/airflow/.local/lib/python3.7/site-packages/airflow/example_dags/example_branch_operator.py took 0.137 seconds
[2023-05-27T14:40:01.088+0000] {processor.py:154} INFO - Started process (PID=238) to work on /home/airflow/.local/lib/python3.7/site-packages/airflow/example_dags/example_branch_operator.py
[2023-05-27T14:40:01.092+0000] {processor.py:756} INFO - Processing file /home/airflow/.local/lib/python3.7/site-packages/airflow/example_dags/example_branch_operator.py for tasks to queue
[2023-05-27T14:40:01.094+0000] {logging_mixin.py:120} INFO - [2023-05-27T14:40:01.094+0000] {dagbag.py:537} INFO - Filling up the DagBag from /home/airflow/.local/lib/python3.7/site-packages/airflow/example_dags/example_branch_operator.py
[2023-05-27T14:40:01.248+0000] {processor.py:766} INFO - DAG(s) dict_keys(['example_branch_operator']) retrieved from /home/airflow/.local/lib/python3.7/site-packages/airflow/example_dags/example_branch_operator.py
[2023-05-27T14:40:01.377+0000] {logging_mixin.py:120} INFO - [2023-05-27T14:40:01.376+0000] {dag.py:2585} INFO - Sync 1 DAGs
[2023-05-27T14:40:01.416+0000] {logging_mixin.py:120} INFO - [2023-05-27T14:40:01.416+0000] {dag.py:3340} INFO - Setting next_dagrun for example_branch_operator to 2023-05-26T00:00:00+00:00, run_after=2023-05-27T00:00:00+00:00
[2023-05-27T14:40:01.442+0000] {processor.py:176} INFO - Processing /home/airflow/.local/lib/python3.7/site-packages/airflow/example_dags/example_branch_operator.py took 0.381 seconds
[2023-05-27T14:40:32.330+0000] {processor.py:154} INFO - Started process (PID=301) to work on /home/airflow/.local/lib/python3.7/site-packages/airflow/example_dags/example_branch_operator.py
[2023-05-27T14:40:32.331+0000] {processor.py:756} INFO - Processing file /home/airflow/.local/lib/python3.7/site-packages/airflow/example_dags/example_branch_operator.py for tasks to queue
[2023-05-27T14:40:32.332+0000] {logging_mixin.py:120} INFO - [2023-05-27T14:40:32.332+0000] {dagbag.py:537} INFO - Filling up the DagBag from /home/airflow/.local/lib/python3.7/site-packages/airflow/example_dags/example_branch_operator.py
[2023-05-27T14:40:32.358+0000] {processor.py:766} INFO - DAG(s) dict_keys(['example_branch_operator']) retrieved from /home/airflow/.local/lib/python3.7/site-packages/airflow/example_dags/example_branch_operator.py
[2023-05-27T14:40:32.419+0000] {logging_mixin.py:120} INFO - [2023-05-27T14:40:32.419+0000] {dag.py:2585} INFO - Sync 1 DAGs
[2023-05-27T14:40:32.462+0000] {logging_mixin.py:120} INFO - [2023-05-27T14:40:32.462+0000] {dag.py:3340} INFO - Setting next_dagrun for example_branch_operator to 2023-05-26T00:00:00+00:00, run_after=2023-05-27T00:00:00+00:00
[2023-05-27T14:40:32.485+0000] {processor.py:176} INFO - Processing /home/airflow/.local/lib/python3.7/site-packages/airflow/example_dags/example_branch_operator.py took 0.159 seconds
[2023-05-27T14:41:02.751+0000] {processor.py:154} INFO - Started process (PID=356) to work on /home/airflow/.local/lib/python3.7/site-packages/airflow/example_dags/example_branch_operator.py
[2023-05-27T14:41:02.752+0000] {processor.py:756} INFO - Processing file /home/airflow/.local/lib/python3.7/site-packages/airflow/example_dags/example_branch_operator.py for tasks to queue
[2023-05-27T14:41:02.753+0000] {logging_mixin.py:120} INFO - [2023-05-27T14:41:02.753+0000] {dagbag.py:537} INFO - Filling up the DagBag from /home/airflow/.local/lib/python3.7/site-packages/airflow/example_dags/example_branch_operator.py
[2023-05-27T14:41:02.813+0000] {processor.py:766} INFO - DAG(s) dict_keys(['example_branch_operator']) retrieved from /home/airflow/.local/lib/python3.7/site-packages/airflow/example_dags/example_branch_operator.py
[2023-05-27T14:41:02.925+0000] {logging_mixin.py:120} INFO - [2023-05-27T14:41:02.925+0000] {dag.py:2585} INFO - Sync 1 DAGs
[2023-05-27T14:41:02.998+0000] {logging_mixin.py:120} INFO - [2023-05-27T14:41:02.998+0000] {dag.py:3340} INFO - Setting next_dagrun for example_branch_operator to 2023-05-26T00:00:00+00:00, run_after=2023-05-27T00:00:00+00:00
[2023-05-27T14:41:03.064+0000] {processor.py:176} INFO - Processing /home/airflow/.local/lib/python3.7/site-packages/airflow/example_dags/example_branch_operator.py took 0.321 seconds
[2023-05-27T14:41:33.858+0000] {processor.py:154} INFO - Started process (PID=420) to work on /home/airflow/.local/lib/python3.7/site-packages/airflow/example_dags/example_branch_operator.py
[2023-05-27T14:41:33.862+0000] {processor.py:756} INFO - Processing file /home/airflow/.local/lib/python3.7/site-packages/airflow/example_dags/example_branch_operator.py for tasks to queue
[2023-05-27T14:41:33.864+0000] {logging_mixin.py:120} INFO - [2023-05-27T14:41:33.863+0000] {dagbag.py:537} INFO - Filling up the DagBag from /home/airflow/.local/lib/python3.7/site-packages/airflow/example_dags/example_branch_operator.py
[2023-05-27T14:41:33.961+0000] {processor.py:766} INFO - DAG(s) dict_keys(['example_branch_operator']) retrieved from /home/airflow/.local/lib/python3.7/site-packages/airflow/example_dags/example_branch_operator.py
[2023-05-27T14:41:34.191+0000] {logging_mixin.py:120} INFO - [2023-05-27T14:41:34.191+0000] {dag.py:2585} INFO - Sync 1 DAGs
[2023-05-27T14:41:34.264+0000] {logging_mixin.py:120} INFO - [2023-05-27T14:41:34.263+0000] {dag.py:3340} INFO - Setting next_dagrun for example_branch_operator to 2023-05-26T00:00:00+00:00, run_after=2023-05-27T00:00:00+00:00
[2023-05-27T14:41:34.306+0000] {processor.py:176} INFO - Processing /home/airflow/.local/lib/python3.7/site-packages/airflow/example_dags/example_branch_operator.py took 0.468 seconds
[2023-05-27T14:42:05.235+0000] {processor.py:154} INFO - Started process (PID=474) to work on /home/airflow/.local/lib/python3.7/site-packages/airflow/example_dags/example_branch_operator.py
[2023-05-27T14:42:05.238+0000] {processor.py:756} INFO - Processing file /home/airflow/.local/lib/python3.7/site-packages/airflow/example_dags/example_branch_operator.py for tasks to queue
[2023-05-27T14:42:05.239+0000] {logging_mixin.py:120} INFO - [2023-05-27T14:42:05.239+0000] {dagbag.py:537} INFO - Filling up the DagBag from /home/airflow/.local/lib/python3.7/site-packages/airflow/example_dags/example_branch_operator.py
[2023-05-27T14:42:05.303+0000] {processor.py:766} INFO - DAG(s) dict_keys(['example_branch_operator']) retrieved from /home/airflow/.local/lib/python3.7/site-packages/airflow/example_dags/example_branch_operator.py
[2023-05-27T14:42:05.410+0000] {logging_mixin.py:120} INFO - [2023-05-27T14:42:05.410+0000] {dag.py:2585} INFO - Sync 1 DAGs
[2023-05-27T14:42:05.465+0000] {logging_mixin.py:120} INFO - [2023-05-27T14:42:05.465+0000] {dag.py:3340} INFO - Setting next_dagrun for example_branch_operator to 2023-05-26T00:00:00+00:00, run_after=2023-05-27T00:00:00+00:00
[2023-05-27T14:42:05.490+0000] {processor.py:176} INFO - Processing /home/airflow/.local/lib/python3.7/site-packages/airflow/example_dags/example_branch_operator.py took 0.259 seconds
[2023-05-27T14:42:35.995+0000] {processor.py:154} INFO - Started process (PID=529) to work on /home/airflow/.local/lib/python3.7/site-packages/airflow/example_dags/example_branch_operator.py
[2023-05-27T14:42:35.997+0000] {processor.py:756} INFO - Processing file /home/airflow/.local/lib/python3.7/site-packages/airflow/example_dags/example_branch_operator.py for tasks to queue
[2023-05-27T14:42:35.998+0000] {logging_mixin.py:120} INFO - [2023-05-27T14:42:35.998+0000] {dagbag.py:537} INFO - Filling up the DagBag from /home/airflow/.local/lib/python3.7/site-packages/airflow/example_dags/example_branch_operator.py
[2023-05-27T14:42:36.022+0000] {processor.py:766} INFO - DAG(s) dict_keys(['example_branch_operator']) retrieved from /home/airflow/.local/lib/python3.7/site-packages/airflow/example_dags/example_branch_operator.py
[2023-05-27T14:42:36.075+0000] {logging_mixin.py:120} INFO - [2023-05-27T14:42:36.075+0000] {dag.py:2585} INFO - Sync 1 DAGs
[2023-05-27T14:42:36.116+0000] {logging_mixin.py:120} INFO - [2023-05-27T14:42:36.115+0000] {dag.py:3340} INFO - Setting next_dagrun for example_branch_operator to 2023-05-26T00:00:00+00:00, run_after=2023-05-27T00:00:00+00:00
[2023-05-27T14:42:36.137+0000] {processor.py:176} INFO - Processing /home/airflow/.local/lib/python3.7/site-packages/airflow/example_dags/example_branch_operator.py took 0.146 seconds
[2023-05-27T14:43:06.362+0000] {processor.py:154} INFO - Started process (PID=592) to work on /home/airflow/.local/lib/python3.7/site-packages/airflow/example_dags/example_branch_operator.py
[2023-05-27T14:43:06.370+0000] {processor.py:756} INFO - Processing file /home/airflow/.local/lib/python3.7/site-packages/airflow/example_dags/example_branch_operator.py for tasks to queue
[2023-05-27T14:43:06.371+0000] {logging_mixin.py:120} INFO - [2023-05-27T14:43:06.370+0000] {dagbag.py:537} INFO - Filling up the DagBag from /home/airflow/.local/lib/python3.7/site-packages/airflow/example_dags/example_branch_operator.py
[2023-05-27T14:43:06.396+0000] {processor.py:766} INFO - DAG(s) dict_keys(['example_branch_operator']) retrieved from /home/airflow/.local/lib/python3.7/site-packages/airflow/example_dags/example_branch_operator.py
[2023-05-27T14:43:06.450+0000] {logging_mixin.py:120} INFO - [2023-05-27T14:43:06.449+0000] {dag.py:2585} INFO - Sync 1 DAGs
[2023-05-27T14:43:06.484+0000] {logging_mixin.py:120} INFO - [2023-05-27T14:43:06.484+0000] {dag.py:3340} INFO - Setting next_dagrun for example_branch_operator to 2023-05-26T00:00:00+00:00, run_after=2023-05-27T00:00:00+00:00
[2023-05-27T14:43:06.509+0000] {processor.py:176} INFO - Processing /home/airflow/.local/lib/python3.7/site-packages/airflow/example_dags/example_branch_operator.py took 0.151 seconds
[2023-05-27T14:43:36.583+0000] {processor.py:154} INFO - Started process (PID=646) to work on /home/airflow/.local/lib/python3.7/site-packages/airflow/example_dags/example_branch_operator.py
[2023-05-27T14:43:36.585+0000] {processor.py:756} INFO - Processing file /home/airflow/.local/lib/python3.7/site-packages/airflow/example_dags/example_branch_operator.py for tasks to queue
[2023-05-27T14:43:36.586+0000] {logging_mixin.py:120} INFO - [2023-05-27T14:43:36.586+0000] {dagbag.py:537} INFO - Filling up the DagBag from /home/airflow/.local/lib/python3.7/site-packages/airflow/example_dags/example_branch_operator.py
[2023-05-27T14:43:36.610+0000] {processor.py:766} INFO - DAG(s) dict_keys(['example_branch_operator']) retrieved from /home/airflow/.local/lib/python3.7/site-packages/airflow/example_dags/example_branch_operator.py
[2023-05-27T14:43:36.662+0000] {logging_mixin.py:120} INFO - [2023-05-27T14:43:36.662+0000] {dag.py:2585} INFO - Sync 1 DAGs
[2023-05-27T14:43:36.696+0000] {logging_mixin.py:120} INFO - [2023-05-27T14:43:36.696+0000] {dag.py:3340} INFO - Setting next_dagrun for example_branch_operator to 2023-05-26T00:00:00+00:00, run_after=2023-05-27T00:00:00+00:00
[2023-05-27T14:43:36.718+0000] {processor.py:176} INFO - Processing /home/airflow/.local/lib/python3.7/site-packages/airflow/example_dags/example_branch_operator.py took 0.139 seconds
[2023-05-27T14:44:06.816+0000] {processor.py:154} INFO - Started process (PID=709) to work on /home/airflow/.local/lib/python3.7/site-packages/airflow/example_dags/example_branch_operator.py
[2023-05-27T14:44:06.818+0000] {processor.py:756} INFO - Processing file /home/airflow/.local/lib/python3.7/site-packages/airflow/example_dags/example_branch_operator.py for tasks to queue
[2023-05-27T14:44:06.819+0000] {logging_mixin.py:120} INFO - [2023-05-27T14:44:06.819+0000] {dagbag.py:537} INFO - Filling up the DagBag from /home/airflow/.local/lib/python3.7/site-packages/airflow/example_dags/example_branch_operator.py
[2023-05-27T14:44:06.841+0000] {processor.py:766} INFO - DAG(s) dict_keys(['example_branch_operator']) retrieved from /home/airflow/.local/lib/python3.7/site-packages/airflow/example_dags/example_branch_operator.py
[2023-05-27T14:44:06.891+0000] {logging_mixin.py:120} INFO - [2023-05-27T14:44:06.891+0000] {dag.py:2585} INFO - Sync 1 DAGs
[2023-05-27T14:44:06.931+0000] {logging_mixin.py:120} INFO - [2023-05-27T14:44:06.931+0000] {dag.py:3340} INFO - Setting next_dagrun for example_branch_operator to 2023-05-26T00:00:00+00:00, run_after=2023-05-27T00:00:00+00:00
[2023-05-27T14:44:06.959+0000] {processor.py:176} INFO - Processing /home/airflow/.local/lib/python3.7/site-packages/airflow/example_dags/example_branch_operator.py took 0.146 seconds
[2023-05-27T14:44:37.067+0000] {processor.py:154} INFO - Started process (PID=763) to work on /home/airflow/.local/lib/python3.7/site-packages/airflow/example_dags/example_branch_operator.py
[2023-05-27T14:44:37.069+0000] {processor.py:756} INFO - Processing file /home/airflow/.local/lib/python3.7/site-packages/airflow/example_dags/example_branch_operator.py for tasks to queue
[2023-05-27T14:44:37.070+0000] {logging_mixin.py:120} INFO - [2023-05-27T14:44:37.070+0000] {dagbag.py:537} INFO - Filling up the DagBag from /home/airflow/.local/lib/python3.7/site-packages/airflow/example_dags/example_branch_operator.py
[2023-05-27T14:44:37.101+0000] {processor.py:766} INFO - DAG(s) dict_keys(['example_branch_operator']) retrieved from /home/airflow/.local/lib/python3.7/site-packages/airflow/example_dags/example_branch_operator.py
[2023-05-27T14:44:37.152+0000] {logging_mixin.py:120} INFO - [2023-05-27T14:44:37.152+0000] {dag.py:2585} INFO - Sync 1 DAGs
[2023-05-27T14:44:37.185+0000] {logging_mixin.py:120} INFO - [2023-05-27T14:44:37.184+0000] {dag.py:3340} INFO - Setting next_dagrun for example_branch_operator to 2023-05-26T00:00:00+00:00, run_after=2023-05-27T00:00:00+00:00
[2023-05-27T14:44:37.206+0000] {processor.py:176} INFO - Processing /home/airflow/.local/lib/python3.7/site-packages/airflow/example_dags/example_branch_operator.py took 0.145 seconds
[2023-05-27T14:45:07.659+0000] {processor.py:154} INFO - Started process (PID=816) to work on /home/airflow/.local/lib/python3.7/site-packages/airflow/example_dags/example_branch_operator.py
[2023-05-27T14:45:07.661+0000] {processor.py:756} INFO - Processing file /home/airflow/.local/lib/python3.7/site-packages/airflow/example_dags/example_branch_operator.py for tasks to queue
[2023-05-27T14:45:07.662+0000] {logging_mixin.py:120} INFO - [2023-05-27T14:45:07.662+0000] {dagbag.py:537} INFO - Filling up the DagBag from /home/airflow/.local/lib/python3.7/site-packages/airflow/example_dags/example_branch_operator.py
[2023-05-27T14:45:07.687+0000] {processor.py:766} INFO - DAG(s) dict_keys(['example_branch_operator']) retrieved from /home/airflow/.local/lib/python3.7/site-packages/airflow/example_dags/example_branch_operator.py
[2023-05-27T14:45:07.741+0000] {logging_mixin.py:120} INFO - [2023-05-27T14:45:07.740+0000] {dag.py:2585} INFO - Sync 1 DAGs
[2023-05-27T14:45:07.776+0000] {logging_mixin.py:120} INFO - [2023-05-27T14:45:07.776+0000] {dag.py:3340} INFO - Setting next_dagrun for example_branch_operator to 2023-05-26T00:00:00+00:00, run_after=2023-05-27T00:00:00+00:00
[2023-05-27T14:45:07.802+0000] {processor.py:176} INFO - Processing /home/airflow/.local/lib/python3.7/site-packages/airflow/example_dags/example_branch_operator.py took 0.146 seconds
[2023-05-27T14:45:38.440+0000] {processor.py:154} INFO - Started process (PID=878) to work on /home/airflow/.local/lib/python3.7/site-packages/airflow/example_dags/example_branch_operator.py
[2023-05-27T14:45:38.450+0000] {processor.py:756} INFO - Processing file /home/airflow/.local/lib/python3.7/site-packages/airflow/example_dags/example_branch_operator.py for tasks to queue
[2023-05-27T14:45:38.451+0000] {logging_mixin.py:120} INFO - [2023-05-27T14:45:38.451+0000] {dagbag.py:537} INFO - Filling up the DagBag from /home/airflow/.local/lib/python3.7/site-packages/airflow/example_dags/example_branch_operator.py
[2023-05-27T14:45:38.478+0000] {processor.py:766} INFO - DAG(s) dict_keys(['example_branch_operator']) retrieved from /home/airflow/.local/lib/python3.7/site-packages/airflow/example_dags/example_branch_operator.py
[2023-05-27T14:45:38.562+0000] {logging_mixin.py:120} INFO - [2023-05-27T14:45:38.562+0000] {dag.py:2585} INFO - Sync 1 DAGs
[2023-05-27T14:45:38.597+0000] {logging_mixin.py:120} INFO - [2023-05-27T14:45:38.597+0000] {dag.py:3340} INFO - Setting next_dagrun for example_branch_operator to 2023-05-26T00:00:00+00:00, run_after=2023-05-27T00:00:00+00:00
[2023-05-27T14:45:38.618+0000] {processor.py:176} INFO - Processing /home/airflow/.local/lib/python3.7/site-packages/airflow/example_dags/example_branch_operator.py took 0.183 seconds
[2023-05-27T14:46:08.697+0000] {processor.py:154} INFO - Started process (PID=932) to work on /home/airflow/.local/lib/python3.7/site-packages/airflow/example_dags/example_branch_operator.py
[2023-05-27T14:46:08.702+0000] {processor.py:756} INFO - Processing file /home/airflow/.local/lib/python3.7/site-packages/airflow/example_dags/example_branch_operator.py for tasks to queue
[2023-05-27T14:46:08.703+0000] {logging_mixin.py:120} INFO - [2023-05-27T14:46:08.703+0000] {dagbag.py:537} INFO - Filling up the DagBag from /home/airflow/.local/lib/python3.7/site-packages/airflow/example_dags/example_branch_operator.py
[2023-05-27T14:46:08.730+0000] {processor.py:766} INFO - DAG(s) dict_keys(['example_branch_operator']) retrieved from /home/airflow/.local/lib/python3.7/site-packages/airflow/example_dags/example_branch_operator.py
[2023-05-27T14:46:08.798+0000] {logging_mixin.py:120} INFO - [2023-05-27T14:46:08.797+0000] {dag.py:2585} INFO - Sync 1 DAGs
[2023-05-27T14:46:08.835+0000] {logging_mixin.py:120} INFO - [2023-05-27T14:46:08.835+0000] {dag.py:3340} INFO - Setting next_dagrun for example_branch_operator to 2023-05-26T00:00:00+00:00, run_after=2023-05-27T00:00:00+00:00
[2023-05-27T14:46:08.865+0000] {processor.py:176} INFO - Processing /home/airflow/.local/lib/python3.7/site-packages/airflow/example_dags/example_branch_operator.py took 0.172 seconds
[2023-05-27T14:46:39.006+0000] {processor.py:154} INFO - Started process (PID=995) to work on /home/airflow/.local/lib/python3.7/site-packages/airflow/example_dags/example_branch_operator.py
[2023-05-27T14:46:39.012+0000] {processor.py:756} INFO - Processing file /home/airflow/.local/lib/python3.7/site-packages/airflow/example_dags/example_branch_operator.py for tasks to queue
[2023-05-27T14:46:39.012+0000] {logging_mixin.py:120} INFO - [2023-05-27T14:46:39.012+0000] {dagbag.py:537} INFO - Filling up the DagBag from /home/airflow/.local/lib/python3.7/site-packages/airflow/example_dags/example_branch_operator.py
[2023-05-27T14:46:39.075+0000] {processor.py:766} INFO - DAG(s) dict_keys(['example_branch_operator']) retrieved from /home/airflow/.local/lib/python3.7/site-packages/airflow/example_dags/example_branch_operator.py
[2023-05-27T14:46:39.164+0000] {logging_mixin.py:120} INFO - [2023-05-27T14:46:39.163+0000] {dag.py:2585} INFO - Sync 1 DAGs
[2023-05-27T14:46:39.202+0000] {logging_mixin.py:120} INFO - [2023-05-27T14:46:39.202+0000] {dag.py:3340} INFO - Setting next_dagrun for example_branch_operator to 2023-05-26T00:00:00+00:00, run_after=2023-05-27T00:00:00+00:00
[2023-05-27T14:46:39.248+0000] {processor.py:176} INFO - Processing /home/airflow/.local/lib/python3.7/site-packages/airflow/example_dags/example_branch_operator.py took 0.251 seconds
[2023-05-27T14:47:09.352+0000] {processor.py:154} INFO - Started process (PID=1049) to work on /home/airflow/.local/lib/python3.7/site-packages/airflow/example_dags/example_branch_operator.py
[2023-05-27T14:47:09.354+0000] {processor.py:756} INFO - Processing file /home/airflow/.local/lib/python3.7/site-packages/airflow/example_dags/example_branch_operator.py for tasks to queue
[2023-05-27T14:47:09.355+0000] {logging_mixin.py:120} INFO - [2023-05-27T14:47:09.355+0000] {dagbag.py:537} INFO - Filling up the DagBag from /home/airflow/.local/lib/python3.7/site-packages/airflow/example_dags/example_branch_operator.py
[2023-05-27T14:47:09.394+0000] {processor.py:766} INFO - DAG(s) dict_keys(['example_branch_operator']) retrieved from /home/airflow/.local/lib/python3.7/site-packages/airflow/example_dags/example_branch_operator.py
[2023-05-27T14:47:09.455+0000] {logging_mixin.py:120} INFO - [2023-05-27T14:47:09.455+0000] {dag.py:2585} INFO - Sync 1 DAGs
[2023-05-27T14:47:09.489+0000] {logging_mixin.py:120} INFO - [2023-05-27T14:47:09.489+0000] {dag.py:3340} INFO - Setting next_dagrun for example_branch_operator to 2023-05-26T00:00:00+00:00, run_after=2023-05-27T00:00:00+00:00
[2023-05-27T14:47:09.514+0000] {processor.py:176} INFO - Processing /home/airflow/.local/lib/python3.7/site-packages/airflow/example_dags/example_branch_operator.py took 0.166 seconds
[2023-05-27T14:47:40.589+0000] {processor.py:154} INFO - Started process (PID=1104) to work on /home/airflow/.local/lib/python3.7/site-packages/airflow/example_dags/example_branch_operator.py
[2023-05-27T14:47:40.594+0000] {processor.py:756} INFO - Processing file /home/airflow/.local/lib/python3.7/site-packages/airflow/example_dags/example_branch_operator.py for tasks to queue
[2023-05-27T14:47:40.594+0000] {logging_mixin.py:120} INFO - [2023-05-27T14:47:40.594+0000] {dagbag.py:537} INFO - Filling up the DagBag from /home/airflow/.local/lib/python3.7/site-packages/airflow/example_dags/example_branch_operator.py
[2023-05-27T14:47:40.769+0000] {processor.py:766} INFO - DAG(s) dict_keys(['example_branch_operator']) retrieved from /home/airflow/.local/lib/python3.7/site-packages/airflow/example_dags/example_branch_operator.py
[2023-05-27T14:47:40.922+0000] {logging_mixin.py:120} INFO - [2023-05-27T14:47:40.921+0000] {dag.py:2585} INFO - Sync 1 DAGs
[2023-05-27T14:47:40.984+0000] {logging_mixin.py:120} INFO - [2023-05-27T14:47:40.984+0000] {dag.py:3340} INFO - Setting next_dagrun for example_branch_operator to 2023-05-26T00:00:00+00:00, run_after=2023-05-27T00:00:00+00:00
[2023-05-27T14:47:41.006+0000] {processor.py:176} INFO - Processing /home/airflow/.local/lib/python3.7/site-packages/airflow/example_dags/example_branch_operator.py took 0.432 seconds
[2023-05-27T14:48:11.903+0000] {processor.py:154} INFO - Started process (PID=1166) to work on /home/airflow/.local/lib/python3.7/site-packages/airflow/example_dags/example_branch_operator.py
[2023-05-27T14:48:11.906+0000] {processor.py:756} INFO - Processing file /home/airflow/.local/lib/python3.7/site-packages/airflow/example_dags/example_branch_operator.py for tasks to queue
[2023-05-27T14:48:11.906+0000] {logging_mixin.py:120} INFO - [2023-05-27T14:48:11.906+0000] {dagbag.py:537} INFO - Filling up the DagBag from /home/airflow/.local/lib/python3.7/site-packages/airflow/example_dags/example_branch_operator.py
[2023-05-27T14:48:11.930+0000] {processor.py:766} INFO - DAG(s) dict_keys(['example_branch_operator']) retrieved from /home/airflow/.local/lib/python3.7/site-packages/airflow/example_dags/example_branch_operator.py
[2023-05-27T14:48:11.983+0000] {logging_mixin.py:120} INFO - [2023-05-27T14:48:11.982+0000] {dag.py:2585} INFO - Sync 1 DAGs
[2023-05-27T14:48:12.019+0000] {logging_mixin.py:120} INFO - [2023-05-27T14:48:12.018+0000] {dag.py:3340} INFO - Setting next_dagrun for example_branch_operator to 2023-05-26T00:00:00+00:00, run_after=2023-05-27T00:00:00+00:00
[2023-05-27T14:48:12.048+0000] {processor.py:176} INFO - Processing /home/airflow/.local/lib/python3.7/site-packages/airflow/example_dags/example_branch_operator.py took 0.154 seconds
[2023-05-27T14:48:42.255+0000] {processor.py:154} INFO - Started process (PID=1220) to work on /home/airflow/.local/lib/python3.7/site-packages/airflow/example_dags/example_branch_operator.py
[2023-05-27T14:48:42.257+0000] {processor.py:756} INFO - Processing file /home/airflow/.local/lib/python3.7/site-packages/airflow/example_dags/example_branch_operator.py for tasks to queue
[2023-05-27T14:48:42.257+0000] {logging_mixin.py:120} INFO - [2023-05-27T14:48:42.257+0000] {dagbag.py:537} INFO - Filling up the DagBag from /home/airflow/.local/lib/python3.7/site-packages/airflow/example_dags/example_branch_operator.py
[2023-05-27T14:48:42.280+0000] {processor.py:766} INFO - DAG(s) dict_keys(['example_branch_operator']) retrieved from /home/airflow/.local/lib/python3.7/site-packages/airflow/example_dags/example_branch_operator.py
[2023-05-27T14:48:42.338+0000] {logging_mixin.py:120} INFO - [2023-05-27T14:48:42.338+0000] {dag.py:2585} INFO - Sync 1 DAGs
[2023-05-27T14:48:42.372+0000] {logging_mixin.py:120} INFO - [2023-05-27T14:48:42.372+0000] {dag.py:3340} INFO - Setting next_dagrun for example_branch_operator to 2023-05-26T00:00:00+00:00, run_after=2023-05-27T00:00:00+00:00
[2023-05-27T14:48:42.395+0000] {processor.py:176} INFO - Processing /home/airflow/.local/lib/python3.7/site-packages/airflow/example_dags/example_branch_operator.py took 0.144 seconds
[2023-05-27T14:49:13.231+0000] {processor.py:154} INFO - Started process (PID=1283) to work on /home/airflow/.local/lib/python3.7/site-packages/airflow/example_dags/example_branch_operator.py
[2023-05-27T14:49:13.233+0000] {processor.py:756} INFO - Processing file /home/airflow/.local/lib/python3.7/site-packages/airflow/example_dags/example_branch_operator.py for tasks to queue
[2023-05-27T14:49:13.234+0000] {logging_mixin.py:120} INFO - [2023-05-27T14:49:13.234+0000] {dagbag.py:537} INFO - Filling up the DagBag from /home/airflow/.local/lib/python3.7/site-packages/airflow/example_dags/example_branch_operator.py
[2023-05-27T14:49:13.257+0000] {processor.py:766} INFO - DAG(s) dict_keys(['example_branch_operator']) retrieved from /home/airflow/.local/lib/python3.7/site-packages/airflow/example_dags/example_branch_operator.py
[2023-05-27T14:49:13.309+0000] {logging_mixin.py:120} INFO - [2023-05-27T14:49:13.308+0000] {dag.py:2585} INFO - Sync 1 DAGs
[2023-05-27T14:49:13.341+0000] {logging_mixin.py:120} INFO - [2023-05-27T14:49:13.341+0000] {dag.py:3340} INFO - Setting next_dagrun for example_branch_operator to 2023-05-26T00:00:00+00:00, run_after=2023-05-27T00:00:00+00:00
[2023-05-27T14:49:13.365+0000] {processor.py:176} INFO - Processing /home/airflow/.local/lib/python3.7/site-packages/airflow/example_dags/example_branch_operator.py took 0.138 seconds
[2023-05-27T14:49:43.879+0000] {processor.py:154} INFO - Started process (PID=1337) to work on /home/airflow/.local/lib/python3.7/site-packages/airflow/example_dags/example_branch_operator.py
[2023-05-27T14:49:43.882+0000] {processor.py:756} INFO - Processing file /home/airflow/.local/lib/python3.7/site-packages/airflow/example_dags/example_branch_operator.py for tasks to queue
[2023-05-27T14:49:43.883+0000] {logging_mixin.py:120} INFO - [2023-05-27T14:49:43.883+0000] {dagbag.py:537} INFO - Filling up the DagBag from /home/airflow/.local/lib/python3.7/site-packages/airflow/example_dags/example_branch_operator.py
[2023-05-27T14:49:43.906+0000] {processor.py:766} INFO - DAG(s) dict_keys(['example_branch_operator']) retrieved from /home/airflow/.local/lib/python3.7/site-packages/airflow/example_dags/example_branch_operator.py
[2023-05-27T14:49:43.957+0000] {logging_mixin.py:120} INFO - [2023-05-27T14:49:43.957+0000] {dag.py:2585} INFO - Sync 1 DAGs
[2023-05-27T14:49:43.992+0000] {logging_mixin.py:120} INFO - [2023-05-27T14:49:43.992+0000] {dag.py:3340} INFO - Setting next_dagrun for example_branch_operator to 2023-05-26T00:00:00+00:00, run_after=2023-05-27T00:00:00+00:00
[2023-05-27T14:49:44.066+0000] {processor.py:176} INFO - Processing /home/airflow/.local/lib/python3.7/site-packages/airflow/example_dags/example_branch_operator.py took 0.191 seconds
[2023-05-27T14:50:15.045+0000] {processor.py:154} INFO - Started process (PID=1402) to work on /home/airflow/.local/lib/python3.7/site-packages/airflow/example_dags/example_branch_operator.py
[2023-05-27T14:50:15.051+0000] {processor.py:756} INFO - Processing file /home/airflow/.local/lib/python3.7/site-packages/airflow/example_dags/example_branch_operator.py for tasks to queue
[2023-05-27T14:50:15.055+0000] {logging_mixin.py:120} INFO - [2023-05-27T14:50:15.055+0000] {dagbag.py:537} INFO - Filling up the DagBag from /home/airflow/.local/lib/python3.7/site-packages/airflow/example_dags/example_branch_operator.py
[2023-05-27T14:50:15.085+0000] {processor.py:766} INFO - DAG(s) dict_keys(['example_branch_operator']) retrieved from /home/airflow/.local/lib/python3.7/site-packages/airflow/example_dags/example_branch_operator.py
[2023-05-27T14:50:15.135+0000] {logging_mixin.py:120} INFO - [2023-05-27T14:50:15.135+0000] {dag.py:2585} INFO - Sync 1 DAGs
[2023-05-27T14:50:15.168+0000] {logging_mixin.py:120} INFO - [2023-05-27T14:50:15.168+0000] {dag.py:3340} INFO - Setting next_dagrun for example_branch_operator to 2023-05-26T00:00:00+00:00, run_after=2023-05-27T00:00:00+00:00
[2023-05-27T14:50:15.189+0000] {processor.py:176} INFO - Processing /home/airflow/.local/lib/python3.7/site-packages/airflow/example_dags/example_branch_operator.py took 0.148 seconds
[2023-05-27T14:50:45.391+0000] {processor.py:154} INFO - Started process (PID=1456) to work on /home/airflow/.local/lib/python3.7/site-packages/airflow/example_dags/example_branch_operator.py
[2023-05-27T14:50:45.393+0000] {processor.py:756} INFO - Processing file /home/airflow/.local/lib/python3.7/site-packages/airflow/example_dags/example_branch_operator.py for tasks to queue
[2023-05-27T14:50:45.393+0000] {logging_mixin.py:120} INFO - [2023-05-27T14:50:45.393+0000] {dagbag.py:537} INFO - Filling up the DagBag from /home/airflow/.local/lib/python3.7/site-packages/airflow/example_dags/example_branch_operator.py
[2023-05-27T14:50:45.428+0000] {processor.py:766} INFO - DAG(s) dict_keys(['example_branch_operator']) retrieved from /home/airflow/.local/lib/python3.7/site-packages/airflow/example_dags/example_branch_operator.py
[2023-05-27T14:50:45.483+0000] {logging_mixin.py:120} INFO - [2023-05-27T14:50:45.483+0000] {dag.py:2585} INFO - Sync 1 DAGs
[2023-05-27T14:50:45.520+0000] {logging_mixin.py:120} INFO - [2023-05-27T14:50:45.520+0000] {dag.py:3340} INFO - Setting next_dagrun for example_branch_operator to 2023-05-26T00:00:00+00:00, run_after=2023-05-27T00:00:00+00:00
[2023-05-27T14:50:45.541+0000] {processor.py:176} INFO - Processing /home/airflow/.local/lib/python3.7/site-packages/airflow/example_dags/example_branch_operator.py took 0.155 seconds
[2023-05-27T14:51:16.316+0000] {processor.py:154} INFO - Started process (PID=1510) to work on /home/airflow/.local/lib/python3.7/site-packages/airflow/example_dags/example_branch_operator.py
[2023-05-27T14:51:16.320+0000] {processor.py:756} INFO - Processing file /home/airflow/.local/lib/python3.7/site-packages/airflow/example_dags/example_branch_operator.py for tasks to queue
[2023-05-27T14:51:16.322+0000] {logging_mixin.py:120} INFO - [2023-05-27T14:51:16.321+0000] {dagbag.py:537} INFO - Filling up the DagBag from /home/airflow/.local/lib/python3.7/site-packages/airflow/example_dags/example_branch_operator.py
[2023-05-27T14:51:16.371+0000] {processor.py:766} INFO - DAG(s) dict_keys(['example_branch_operator']) retrieved from /home/airflow/.local/lib/python3.7/site-packages/airflow/example_dags/example_branch_operator.py
[2023-05-27T14:51:16.428+0000] {logging_mixin.py:120} INFO - [2023-05-27T14:51:16.428+0000] {dag.py:2585} INFO - Sync 1 DAGs
[2023-05-27T14:51:16.462+0000] {logging_mixin.py:120} INFO - [2023-05-27T14:51:16.462+0000] {dag.py:3340} INFO - Setting next_dagrun for example_branch_operator to 2023-05-26T00:00:00+00:00, run_after=2023-05-27T00:00:00+00:00
[2023-05-27T14:51:16.494+0000] {processor.py:176} INFO - Processing /home/airflow/.local/lib/python3.7/site-packages/airflow/example_dags/example_branch_operator.py took 0.183 seconds
[2023-05-27T14:51:46.624+0000] {processor.py:154} INFO - Started process (PID=1573) to work on /home/airflow/.local/lib/python3.7/site-packages/airflow/example_dags/example_branch_operator.py
[2023-05-27T14:51:46.627+0000] {processor.py:756} INFO - Processing file /home/airflow/.local/lib/python3.7/site-packages/airflow/example_dags/example_branch_operator.py for tasks to queue
[2023-05-27T14:51:46.628+0000] {logging_mixin.py:120} INFO - [2023-05-27T14:51:46.628+0000] {dagbag.py:537} INFO - Filling up the DagBag from /home/airflow/.local/lib/python3.7/site-packages/airflow/example_dags/example_branch_operator.py
[2023-05-27T14:51:46.672+0000] {processor.py:766} INFO - DAG(s) dict_keys(['example_branch_operator']) retrieved from /home/airflow/.local/lib/python3.7/site-packages/airflow/example_dags/example_branch_operator.py
[2023-05-27T14:51:46.725+0000] {logging_mixin.py:120} INFO - [2023-05-27T14:51:46.725+0000] {dag.py:2585} INFO - Sync 1 DAGs
[2023-05-27T14:51:46.760+0000] {logging_mixin.py:120} INFO - [2023-05-27T14:51:46.760+0000] {dag.py:3340} INFO - Setting next_dagrun for example_branch_operator to 2023-05-26T00:00:00+00:00, run_after=2023-05-27T00:00:00+00:00
[2023-05-27T14:51:46.787+0000] {processor.py:176} INFO - Processing /home/airflow/.local/lib/python3.7/site-packages/airflow/example_dags/example_branch_operator.py took 0.169 seconds
[2023-05-27T14:52:16.983+0000] {processor.py:154} INFO - Started process (PID=1627) to work on /home/airflow/.local/lib/python3.7/site-packages/airflow/example_dags/example_branch_operator.py
[2023-05-27T14:52:16.989+0000] {processor.py:756} INFO - Processing file /home/airflow/.local/lib/python3.7/site-packages/airflow/example_dags/example_branch_operator.py for tasks to queue
[2023-05-27T14:52:16.990+0000] {logging_mixin.py:120} INFO - [2023-05-27T14:52:16.990+0000] {dagbag.py:537} INFO - Filling up the DagBag from /home/airflow/.local/lib/python3.7/site-packages/airflow/example_dags/example_branch_operator.py
[2023-05-27T14:52:17.014+0000] {processor.py:766} INFO - DAG(s) dict_keys(['example_branch_operator']) retrieved from /home/airflow/.local/lib/python3.7/site-packages/airflow/example_dags/example_branch_operator.py
[2023-05-27T14:52:17.075+0000] {logging_mixin.py:120} INFO - [2023-05-27T14:52:17.074+0000] {dag.py:2585} INFO - Sync 1 DAGs
[2023-05-27T14:52:17.113+0000] {logging_mixin.py:120} INFO - [2023-05-27T14:52:17.113+0000] {dag.py:3340} INFO - Setting next_dagrun for example_branch_operator to 2023-05-26T00:00:00+00:00, run_after=2023-05-27T00:00:00+00:00
[2023-05-27T14:52:17.162+0000] {processor.py:176} INFO - Processing /home/airflow/.local/lib/python3.7/site-packages/airflow/example_dags/example_branch_operator.py took 0.183 seconds
[2023-05-27T14:52:50.539+0000] {processor.py:154} INFO - Started process (PID=1688) to work on /home/airflow/.local/lib/python3.7/site-packages/airflow/example_dags/example_branch_operator.py
[2023-05-27T14:52:50.555+0000] {processor.py:756} INFO - Processing file /home/airflow/.local/lib/python3.7/site-packages/airflow/example_dags/example_branch_operator.py for tasks to queue
[2023-05-27T14:52:50.556+0000] {logging_mixin.py:120} INFO - [2023-05-27T14:52:50.556+0000] {dagbag.py:537} INFO - Filling up the DagBag from /home/airflow/.local/lib/python3.7/site-packages/airflow/example_dags/example_branch_operator.py
[2023-05-27T14:52:50.903+0000] {processor.py:766} INFO - DAG(s) dict_keys(['example_branch_operator']) retrieved from /home/airflow/.local/lib/python3.7/site-packages/airflow/example_dags/example_branch_operator.py
[2023-05-27T14:52:51.334+0000] {logging_mixin.py:120} INFO - [2023-05-27T14:52:51.334+0000] {dag.py:2585} INFO - Sync 1 DAGs
[2023-05-27T14:52:51.395+0000] {logging_mixin.py:120} INFO - [2023-05-27T14:52:51.395+0000] {dag.py:3340} INFO - Setting next_dagrun for example_branch_operator to 2023-05-26T00:00:00+00:00, run_after=2023-05-27T00:00:00+00:00
[2023-05-27T14:52:51.424+0000] {processor.py:176} INFO - Processing /home/airflow/.local/lib/python3.7/site-packages/airflow/example_dags/example_branch_operator.py took 0.898 seconds
[2023-05-27T14:53:21.484+0000] {processor.py:154} INFO - Started process (PID=1743) to work on /home/airflow/.local/lib/python3.7/site-packages/airflow/example_dags/example_branch_operator.py
[2023-05-27T14:53:21.489+0000] {processor.py:756} INFO - Processing file /home/airflow/.local/lib/python3.7/site-packages/airflow/example_dags/example_branch_operator.py for tasks to queue
[2023-05-27T14:53:21.494+0000] {logging_mixin.py:120} INFO - [2023-05-27T14:53:21.493+0000] {dagbag.py:537} INFO - Filling up the DagBag from /home/airflow/.local/lib/python3.7/site-packages/airflow/example_dags/example_branch_operator.py
[2023-05-27T14:53:21.530+0000] {processor.py:766} INFO - DAG(s) dict_keys(['example_branch_operator']) retrieved from /home/airflow/.local/lib/python3.7/site-packages/airflow/example_dags/example_branch_operator.py
[2023-05-27T14:53:21.599+0000] {logging_mixin.py:120} INFO - [2023-05-27T14:53:21.599+0000] {dag.py:2585} INFO - Sync 1 DAGs
[2023-05-27T14:53:21.631+0000] {logging_mixin.py:120} INFO - [2023-05-27T14:53:21.631+0000] {dag.py:3340} INFO - Setting next_dagrun for example_branch_operator to 2023-05-26T00:00:00+00:00, run_after=2023-05-27T00:00:00+00:00
[2023-05-27T14:53:21.652+0000] {processor.py:176} INFO - Processing /home/airflow/.local/lib/python3.7/site-packages/airflow/example_dags/example_branch_operator.py took 0.177 seconds
