[2023-05-27T14:38:22.474+0000] {processor.py:154} INFO - Started process (PID=58) to work on /home/airflow/.local/lib/python3.7/site-packages/airflow/example_dags/example_xcom.py
[2023-05-27T14:38:22.475+0000] {processor.py:756} INFO - Processing file /home/airflow/.local/lib/python3.7/site-packages/airflow/example_dags/example_xcom.py for tasks to queue
[2023-05-27T14:38:22.507+0000] {logging_mixin.py:120} INFO - [2023-05-27T14:38:22.475+0000] {dagbag.py:537} INFO - Filling up the DagBag from /home/airflow/.local/lib/python3.7/site-packages/airflow/example_dags/example_xcom.py
[2023-05-27T14:38:22.629+0000] {processor.py:766} INFO - DAG(s) dict_keys(['example_xcom']) retrieved from /home/airflow/.local/lib/python3.7/site-packages/airflow/example_dags/example_xcom.py
[2023-05-27T14:38:23.544+0000] {logging_mixin.py:120} INFO - [2023-05-27T14:38:23.544+0000] {manager.py:507} INFO - Created Permission View: can read on DAG:example_xcom
[2023-05-27T14:38:23.593+0000] {logging_mixin.py:120} INFO - [2023-05-27T14:38:23.593+0000] {manager.py:507} INFO - Created Permission View: can edit on DAG:example_xcom
[2023-05-27T14:38:23.628+0000] {logging_mixin.py:120} INFO - [2023-05-27T14:38:23.627+0000] {manager.py:507} INFO - Created Permission View: can delete on DAG:example_xcom
[2023-05-27T14:38:23.628+0000] {logging_mixin.py:120} INFO - [2023-05-27T14:38:23.628+0000] {dag.py:2585} INFO - Sync 1 DAGs
[2023-05-27T14:38:23.713+0000] {logging_mixin.py:120} INFO - [2023-05-27T14:38:23.713+0000] {dag.py:2606} INFO - Creating ORM DAG for example_xcom
[2023-05-27T14:38:23.828+0000] {logging_mixin.py:120} INFO - [2023-05-27T14:38:23.828+0000] {dag.py:3340} INFO - Setting next_dagrun for example_xcom to 2021-01-01T00:00:00+00:00, run_after=2021-01-01T00:00:00+00:00
[2023-05-27T14:38:23.929+0000] {processor.py:176} INFO - Processing /home/airflow/.local/lib/python3.7/site-packages/airflow/example_dags/example_xcom.py took 1.478 seconds
[2023-05-27T14:38:54.079+0000] {processor.py:154} INFO - Started process (PID=113) to work on /home/airflow/.local/lib/python3.7/site-packages/airflow/example_dags/example_xcom.py
[2023-05-27T14:38:54.091+0000] {processor.py:756} INFO - Processing file /home/airflow/.local/lib/python3.7/site-packages/airflow/example_dags/example_xcom.py for tasks to queue
[2023-05-27T14:38:54.092+0000] {logging_mixin.py:120} INFO - [2023-05-27T14:38:54.092+0000] {dagbag.py:537} INFO - Filling up the DagBag from /home/airflow/.local/lib/python3.7/site-packages/airflow/example_dags/example_xcom.py
[2023-05-27T14:38:54.150+0000] {processor.py:766} INFO - DAG(s) dict_keys(['example_xcom']) retrieved from /home/airflow/.local/lib/python3.7/site-packages/airflow/example_dags/example_xcom.py
[2023-05-27T14:38:54.237+0000] {logging_mixin.py:120} INFO - [2023-05-27T14:38:54.237+0000] {dag.py:2585} INFO - Sync 1 DAGs
[2023-05-27T14:38:54.282+0000] {logging_mixin.py:120} INFO - [2023-05-27T14:38:54.282+0000] {dag.py:3340} INFO - Setting next_dagrun for example_xcom to 2021-01-01T00:00:00+00:00, run_after=2021-01-01T00:00:00+00:00
[2023-05-27T14:38:54.309+0000] {processor.py:176} INFO - Processing /home/airflow/.local/lib/python3.7/site-packages/airflow/example_dags/example_xcom.py took 0.233 seconds
[2023-05-27T14:39:24.669+0000] {processor.py:154} INFO - Started process (PID=168) to work on /home/airflow/.local/lib/python3.7/site-packages/airflow/example_dags/example_xcom.py
[2023-05-27T14:39:24.670+0000] {processor.py:756} INFO - Processing file /home/airflow/.local/lib/python3.7/site-packages/airflow/example_dags/example_xcom.py for tasks to queue
[2023-05-27T14:39:24.671+0000] {logging_mixin.py:120} INFO - [2023-05-27T14:39:24.671+0000] {dagbag.py:537} INFO - Filling up the DagBag from /home/airflow/.local/lib/python3.7/site-packages/airflow/example_dags/example_xcom.py
[2023-05-27T14:39:24.710+0000] {processor.py:766} INFO - DAG(s) dict_keys(['example_xcom']) retrieved from /home/airflow/.local/lib/python3.7/site-packages/airflow/example_dags/example_xcom.py
[2023-05-27T14:39:24.758+0000] {logging_mixin.py:120} INFO - [2023-05-27T14:39:24.758+0000] {dag.py:2585} INFO - Sync 1 DAGs
[2023-05-27T14:39:24.789+0000] {logging_mixin.py:120} INFO - [2023-05-27T14:39:24.788+0000] {dag.py:3340} INFO - Setting next_dagrun for example_xcom to 2021-01-01T00:00:00+00:00, run_after=2021-01-01T00:00:00+00:00
[2023-05-27T14:39:24.824+0000] {processor.py:176} INFO - Processing /home/airflow/.local/lib/python3.7/site-packages/airflow/example_dags/example_xcom.py took 0.159 seconds
[2023-05-27T14:39:54.859+0000] {processor.py:154} INFO - Started process (PID=230) to work on /home/airflow/.local/lib/python3.7/site-packages/airflow/example_dags/example_xcom.py
[2023-05-27T14:39:54.860+0000] {processor.py:756} INFO - Processing file /home/airflow/.local/lib/python3.7/site-packages/airflow/example_dags/example_xcom.py for tasks to queue
[2023-05-27T14:39:54.861+0000] {logging_mixin.py:120} INFO - [2023-05-27T14:39:54.861+0000] {dagbag.py:537} INFO - Filling up the DagBag from /home/airflow/.local/lib/python3.7/site-packages/airflow/example_dags/example_xcom.py
[2023-05-27T14:39:54.902+0000] {processor.py:766} INFO - DAG(s) dict_keys(['example_xcom']) retrieved from /home/airflow/.local/lib/python3.7/site-packages/airflow/example_dags/example_xcom.py
[2023-05-27T14:39:54.959+0000] {logging_mixin.py:120} INFO - [2023-05-27T14:39:54.958+0000] {dag.py:2585} INFO - Sync 1 DAGs
[2023-05-27T14:39:54.990+0000] {logging_mixin.py:120} INFO - [2023-05-27T14:39:54.990+0000] {dag.py:3340} INFO - Setting next_dagrun for example_xcom to 2021-01-01T00:00:00+00:00, run_after=2021-01-01T00:00:00+00:00
[2023-05-27T14:39:55.011+0000] {processor.py:176} INFO - Processing /home/airflow/.local/lib/python3.7/site-packages/airflow/example_dags/example_xcom.py took 0.156 seconds
[2023-05-27T14:40:25.414+0000] {processor.py:154} INFO - Started process (PID=284) to work on /home/airflow/.local/lib/python3.7/site-packages/airflow/example_dags/example_xcom.py
[2023-05-27T14:40:25.419+0000] {processor.py:756} INFO - Processing file /home/airflow/.local/lib/python3.7/site-packages/airflow/example_dags/example_xcom.py for tasks to queue
[2023-05-27T14:40:25.419+0000] {logging_mixin.py:120} INFO - [2023-05-27T14:40:25.419+0000] {dagbag.py:537} INFO - Filling up the DagBag from /home/airflow/.local/lib/python3.7/site-packages/airflow/example_dags/example_xcom.py
[2023-05-27T14:40:25.485+0000] {processor.py:766} INFO - DAG(s) dict_keys(['example_xcom']) retrieved from /home/airflow/.local/lib/python3.7/site-packages/airflow/example_dags/example_xcom.py
[2023-05-27T14:40:25.536+0000] {logging_mixin.py:120} INFO - [2023-05-27T14:40:25.536+0000] {dag.py:2585} INFO - Sync 1 DAGs
[2023-05-27T14:40:25.567+0000] {logging_mixin.py:120} INFO - [2023-05-27T14:40:25.566+0000] {dag.py:3340} INFO - Setting next_dagrun for example_xcom to 2021-01-01T00:00:00+00:00, run_after=2021-01-01T00:00:00+00:00
[2023-05-27T14:40:25.588+0000] {processor.py:176} INFO - Processing /home/airflow/.local/lib/python3.7/site-packages/airflow/example_dags/example_xcom.py took 0.180 seconds
[2023-05-27T14:40:55.984+0000] {processor.py:154} INFO - Started process (PID=348) to work on /home/airflow/.local/lib/python3.7/site-packages/airflow/example_dags/example_xcom.py
[2023-05-27T14:40:55.990+0000] {processor.py:756} INFO - Processing file /home/airflow/.local/lib/python3.7/site-packages/airflow/example_dags/example_xcom.py for tasks to queue
[2023-05-27T14:40:55.996+0000] {logging_mixin.py:120} INFO - [2023-05-27T14:40:55.995+0000] {dagbag.py:537} INFO - Filling up the DagBag from /home/airflow/.local/lib/python3.7/site-packages/airflow/example_dags/example_xcom.py
[2023-05-27T14:40:56.053+0000] {processor.py:766} INFO - DAG(s) dict_keys(['example_xcom']) retrieved from /home/airflow/.local/lib/python3.7/site-packages/airflow/example_dags/example_xcom.py
[2023-05-27T14:40:56.136+0000] {logging_mixin.py:120} INFO - [2023-05-27T14:40:56.135+0000] {dag.py:2585} INFO - Sync 1 DAGs
[2023-05-27T14:40:56.169+0000] {logging_mixin.py:120} INFO - [2023-05-27T14:40:56.168+0000] {dag.py:3340} INFO - Setting next_dagrun for example_xcom to 2021-01-01T00:00:00+00:00, run_after=2021-01-01T00:00:00+00:00
[2023-05-27T14:40:56.191+0000] {processor.py:176} INFO - Processing /home/airflow/.local/lib/python3.7/site-packages/airflow/example_dags/example_xcom.py took 0.213 seconds
[2023-05-27T14:41:26.826+0000] {processor.py:154} INFO - Started process (PID=402) to work on /home/airflow/.local/lib/python3.7/site-packages/airflow/example_dags/example_xcom.py
[2023-05-27T14:41:26.829+0000] {processor.py:756} INFO - Processing file /home/airflow/.local/lib/python3.7/site-packages/airflow/example_dags/example_xcom.py for tasks to queue
[2023-05-27T14:41:26.840+0000] {logging_mixin.py:120} INFO - [2023-05-27T14:41:26.840+0000] {dagbag.py:537} INFO - Filling up the DagBag from /home/airflow/.local/lib/python3.7/site-packages/airflow/example_dags/example_xcom.py
[2023-05-27T14:41:26.927+0000] {processor.py:766} INFO - DAG(s) dict_keys(['example_xcom']) retrieved from /home/airflow/.local/lib/python3.7/site-packages/airflow/example_dags/example_xcom.py
[2023-05-27T14:41:27.019+0000] {logging_mixin.py:120} INFO - [2023-05-27T14:41:27.019+0000] {dag.py:2585} INFO - Sync 1 DAGs
[2023-05-27T14:41:27.108+0000] {logging_mixin.py:120} INFO - [2023-05-27T14:41:27.108+0000] {dag.py:3340} INFO - Setting next_dagrun for example_xcom to 2021-01-01T00:00:00+00:00, run_after=2021-01-01T00:00:00+00:00
[2023-05-27T14:41:27.165+0000] {processor.py:176} INFO - Processing /home/airflow/.local/lib/python3.7/site-packages/airflow/example_dags/example_xcom.py took 0.345 seconds
[2023-05-27T14:41:57.233+0000] {processor.py:154} INFO - Started process (PID=457) to work on /home/airflow/.local/lib/python3.7/site-packages/airflow/example_dags/example_xcom.py
[2023-05-27T14:41:57.234+0000] {processor.py:756} INFO - Processing file /home/airflow/.local/lib/python3.7/site-packages/airflow/example_dags/example_xcom.py for tasks to queue
[2023-05-27T14:41:57.235+0000] {logging_mixin.py:120} INFO - [2023-05-27T14:41:57.235+0000] {dagbag.py:537} INFO - Filling up the DagBag from /home/airflow/.local/lib/python3.7/site-packages/airflow/example_dags/example_xcom.py
[2023-05-27T14:41:57.272+0000] {processor.py:766} INFO - DAG(s) dict_keys(['example_xcom']) retrieved from /home/airflow/.local/lib/python3.7/site-packages/airflow/example_dags/example_xcom.py
[2023-05-27T14:41:57.329+0000] {logging_mixin.py:120} INFO - [2023-05-27T14:41:57.329+0000] {dag.py:2585} INFO - Sync 1 DAGs
[2023-05-27T14:41:57.360+0000] {logging_mixin.py:120} INFO - [2023-05-27T14:41:57.360+0000] {dag.py:3340} INFO - Setting next_dagrun for example_xcom to 2021-01-01T00:00:00+00:00, run_after=2021-01-01T00:00:00+00:00
[2023-05-27T14:41:57.382+0000] {processor.py:176} INFO - Processing /home/airflow/.local/lib/python3.7/site-packages/airflow/example_dags/example_xcom.py took 0.156 seconds
[2023-05-27T14:42:28.029+0000] {processor.py:154} INFO - Started process (PID=521) to work on /home/airflow/.local/lib/python3.7/site-packages/airflow/example_dags/example_xcom.py
[2023-05-27T14:42:28.035+0000] {processor.py:756} INFO - Processing file /home/airflow/.local/lib/python3.7/site-packages/airflow/example_dags/example_xcom.py for tasks to queue
[2023-05-27T14:42:28.036+0000] {logging_mixin.py:120} INFO - [2023-05-27T14:42:28.036+0000] {dagbag.py:537} INFO - Filling up the DagBag from /home/airflow/.local/lib/python3.7/site-packages/airflow/example_dags/example_xcom.py
[2023-05-27T14:42:28.110+0000] {processor.py:766} INFO - DAG(s) dict_keys(['example_xcom']) retrieved from /home/airflow/.local/lib/python3.7/site-packages/airflow/example_dags/example_xcom.py
[2023-05-27T14:42:28.173+0000] {logging_mixin.py:120} INFO - [2023-05-27T14:42:28.172+0000] {dag.py:2585} INFO - Sync 1 DAGs
[2023-05-27T14:42:28.204+0000] {logging_mixin.py:120} INFO - [2023-05-27T14:42:28.204+0000] {dag.py:3340} INFO - Setting next_dagrun for example_xcom to 2021-01-01T00:00:00+00:00, run_after=2021-01-01T00:00:00+00:00
[2023-05-27T14:42:28.246+0000] {processor.py:176} INFO - Processing /home/airflow/.local/lib/python3.7/site-packages/airflow/example_dags/example_xcom.py took 0.221 seconds
[2023-05-27T14:42:58.365+0000] {processor.py:154} INFO - Started process (PID=575) to work on /home/airflow/.local/lib/python3.7/site-packages/airflow/example_dags/example_xcom.py
[2023-05-27T14:42:58.367+0000] {processor.py:756} INFO - Processing file /home/airflow/.local/lib/python3.7/site-packages/airflow/example_dags/example_xcom.py for tasks to queue
[2023-05-27T14:42:58.368+0000] {logging_mixin.py:120} INFO - [2023-05-27T14:42:58.368+0000] {dagbag.py:537} INFO - Filling up the DagBag from /home/airflow/.local/lib/python3.7/site-packages/airflow/example_dags/example_xcom.py
[2023-05-27T14:42:58.405+0000] {processor.py:766} INFO - DAG(s) dict_keys(['example_xcom']) retrieved from /home/airflow/.local/lib/python3.7/site-packages/airflow/example_dags/example_xcom.py
[2023-05-27T14:42:58.465+0000] {logging_mixin.py:120} INFO - [2023-05-27T14:42:58.464+0000] {dag.py:2585} INFO - Sync 1 DAGs
[2023-05-27T14:42:58.495+0000] {logging_mixin.py:120} INFO - [2023-05-27T14:42:58.495+0000] {dag.py:3340} INFO - Setting next_dagrun for example_xcom to 2021-01-01T00:00:00+00:00, run_after=2021-01-01T00:00:00+00:00
[2023-05-27T14:42:58.518+0000] {processor.py:176} INFO - Processing /home/airflow/.local/lib/python3.7/site-packages/airflow/example_dags/example_xcom.py took 0.157 seconds
[2023-05-27T14:43:29.144+0000] {processor.py:154} INFO - Started process (PID=638) to work on /home/airflow/.local/lib/python3.7/site-packages/airflow/example_dags/example_xcom.py
[2023-05-27T14:43:29.146+0000] {processor.py:756} INFO - Processing file /home/airflow/.local/lib/python3.7/site-packages/airflow/example_dags/example_xcom.py for tasks to queue
[2023-05-27T14:43:29.146+0000] {logging_mixin.py:120} INFO - [2023-05-27T14:43:29.146+0000] {dagbag.py:537} INFO - Filling up the DagBag from /home/airflow/.local/lib/python3.7/site-packages/airflow/example_dags/example_xcom.py
[2023-05-27T14:43:29.183+0000] {processor.py:766} INFO - DAG(s) dict_keys(['example_xcom']) retrieved from /home/airflow/.local/lib/python3.7/site-packages/airflow/example_dags/example_xcom.py
[2023-05-27T14:43:29.239+0000] {logging_mixin.py:120} INFO - [2023-05-27T14:43:29.239+0000] {dag.py:2585} INFO - Sync 1 DAGs
[2023-05-27T14:43:29.272+0000] {logging_mixin.py:120} INFO - [2023-05-27T14:43:29.272+0000] {dag.py:3340} INFO - Setting next_dagrun for example_xcom to 2021-01-01T00:00:00+00:00, run_after=2021-01-01T00:00:00+00:00
[2023-05-27T14:43:29.293+0000] {processor.py:176} INFO - Processing /home/airflow/.local/lib/python3.7/site-packages/airflow/example_dags/example_xcom.py took 0.153 seconds
[2023-05-27T14:43:59.777+0000] {processor.py:154} INFO - Started process (PID=692) to work on /home/airflow/.local/lib/python3.7/site-packages/airflow/example_dags/example_xcom.py
[2023-05-27T14:43:59.780+0000] {processor.py:756} INFO - Processing file /home/airflow/.local/lib/python3.7/site-packages/airflow/example_dags/example_xcom.py for tasks to queue
[2023-05-27T14:43:59.781+0000] {logging_mixin.py:120} INFO - [2023-05-27T14:43:59.781+0000] {dagbag.py:537} INFO - Filling up the DagBag from /home/airflow/.local/lib/python3.7/site-packages/airflow/example_dags/example_xcom.py
[2023-05-27T14:43:59.815+0000] {processor.py:766} INFO - DAG(s) dict_keys(['example_xcom']) retrieved from /home/airflow/.local/lib/python3.7/site-packages/airflow/example_dags/example_xcom.py
[2023-05-27T14:43:59.887+0000] {logging_mixin.py:120} INFO - [2023-05-27T14:43:59.886+0000] {dag.py:2585} INFO - Sync 1 DAGs
[2023-05-27T14:43:59.917+0000] {logging_mixin.py:120} INFO - [2023-05-27T14:43:59.917+0000] {dag.py:3340} INFO - Setting next_dagrun for example_xcom to 2021-01-01T00:00:00+00:00, run_after=2021-01-01T00:00:00+00:00
[2023-05-27T14:43:59.940+0000] {processor.py:176} INFO - Processing /home/airflow/.local/lib/python3.7/site-packages/airflow/example_dags/example_xcom.py took 0.167 seconds
[2023-05-27T14:44:30.176+0000] {processor.py:154} INFO - Started process (PID=753) to work on /home/airflow/.local/lib/python3.7/site-packages/airflow/example_dags/example_xcom.py
[2023-05-27T14:44:30.178+0000] {processor.py:756} INFO - Processing file /home/airflow/.local/lib/python3.7/site-packages/airflow/example_dags/example_xcom.py for tasks to queue
[2023-05-27T14:44:30.179+0000] {logging_mixin.py:120} INFO - [2023-05-27T14:44:30.179+0000] {dagbag.py:537} INFO - Filling up the DagBag from /home/airflow/.local/lib/python3.7/site-packages/airflow/example_dags/example_xcom.py
[2023-05-27T14:44:30.240+0000] {processor.py:766} INFO - DAG(s) dict_keys(['example_xcom']) retrieved from /home/airflow/.local/lib/python3.7/site-packages/airflow/example_dags/example_xcom.py
[2023-05-27T14:44:30.329+0000] {logging_mixin.py:120} INFO - [2023-05-27T14:44:30.329+0000] {dag.py:2585} INFO - Sync 1 DAGs
[2023-05-27T14:44:30.374+0000] {logging_mixin.py:120} INFO - [2023-05-27T14:44:30.374+0000] {dag.py:3340} INFO - Setting next_dagrun for example_xcom to 2021-01-01T00:00:00+00:00, run_after=2021-01-01T00:00:00+00:00
[2023-05-27T14:44:30.396+0000] {processor.py:176} INFO - Processing /home/airflow/.local/lib/python3.7/site-packages/airflow/example_dags/example_xcom.py took 0.225 seconds
[2023-05-27T14:45:00.714+0000] {processor.py:154} INFO - Started process (PID=808) to work on /home/airflow/.local/lib/python3.7/site-packages/airflow/example_dags/example_xcom.py
[2023-05-27T14:45:00.716+0000] {processor.py:756} INFO - Processing file /home/airflow/.local/lib/python3.7/site-packages/airflow/example_dags/example_xcom.py for tasks to queue
[2023-05-27T14:45:00.719+0000] {logging_mixin.py:120} INFO - [2023-05-27T14:45:00.719+0000] {dagbag.py:537} INFO - Filling up the DagBag from /home/airflow/.local/lib/python3.7/site-packages/airflow/example_dags/example_xcom.py
[2023-05-27T14:45:00.812+0000] {processor.py:766} INFO - DAG(s) dict_keys(['example_xcom']) retrieved from /home/airflow/.local/lib/python3.7/site-packages/airflow/example_dags/example_xcom.py
[2023-05-27T14:45:00.908+0000] {logging_mixin.py:120} INFO - [2023-05-27T14:45:00.908+0000] {dag.py:2585} INFO - Sync 1 DAGs
[2023-05-27T14:45:00.939+0000] {logging_mixin.py:120} INFO - [2023-05-27T14:45:00.939+0000] {dag.py:3340} INFO - Setting next_dagrun for example_xcom to 2021-01-01T00:00:00+00:00, run_after=2021-01-01T00:00:00+00:00
[2023-05-27T14:45:00.963+0000] {processor.py:176} INFO - Processing /home/airflow/.local/lib/python3.7/site-packages/airflow/example_dags/example_xcom.py took 0.256 seconds
[2023-05-27T14:45:31.732+0000] {processor.py:154} INFO - Started process (PID=861) to work on /home/airflow/.local/lib/python3.7/site-packages/airflow/example_dags/example_xcom.py
[2023-05-27T14:45:31.734+0000] {processor.py:756} INFO - Processing file /home/airflow/.local/lib/python3.7/site-packages/airflow/example_dags/example_xcom.py for tasks to queue
[2023-05-27T14:45:31.735+0000] {logging_mixin.py:120} INFO - [2023-05-27T14:45:31.735+0000] {dagbag.py:537} INFO - Filling up the DagBag from /home/airflow/.local/lib/python3.7/site-packages/airflow/example_dags/example_xcom.py
[2023-05-27T14:45:31.781+0000] {processor.py:766} INFO - DAG(s) dict_keys(['example_xcom']) retrieved from /home/airflow/.local/lib/python3.7/site-packages/airflow/example_dags/example_xcom.py
[2023-05-27T14:45:31.834+0000] {logging_mixin.py:120} INFO - [2023-05-27T14:45:31.834+0000] {dag.py:2585} INFO - Sync 1 DAGs
[2023-05-27T14:45:31.867+0000] {logging_mixin.py:120} INFO - [2023-05-27T14:45:31.867+0000] {dag.py:3340} INFO - Setting next_dagrun for example_xcom to 2021-01-01T00:00:00+00:00, run_after=2021-01-01T00:00:00+00:00
[2023-05-27T14:45:31.889+0000] {processor.py:176} INFO - Processing /home/airflow/.local/lib/python3.7/site-packages/airflow/example_dags/example_xcom.py took 0.161 seconds
[2023-05-27T14:46:02.207+0000] {processor.py:154} INFO - Started process (PID=924) to work on /home/airflow/.local/lib/python3.7/site-packages/airflow/example_dags/example_xcom.py
[2023-05-27T14:46:02.211+0000] {processor.py:756} INFO - Processing file /home/airflow/.local/lib/python3.7/site-packages/airflow/example_dags/example_xcom.py for tasks to queue
[2023-05-27T14:46:02.212+0000] {logging_mixin.py:120} INFO - [2023-05-27T14:46:02.212+0000] {dagbag.py:537} INFO - Filling up the DagBag from /home/airflow/.local/lib/python3.7/site-packages/airflow/example_dags/example_xcom.py
[2023-05-27T14:46:02.252+0000] {processor.py:766} INFO - DAG(s) dict_keys(['example_xcom']) retrieved from /home/airflow/.local/lib/python3.7/site-packages/airflow/example_dags/example_xcom.py
[2023-05-27T14:46:02.307+0000] {logging_mixin.py:120} INFO - [2023-05-27T14:46:02.307+0000] {dag.py:2585} INFO - Sync 1 DAGs
[2023-05-27T14:46:02.341+0000] {logging_mixin.py:120} INFO - [2023-05-27T14:46:02.341+0000] {dag.py:3340} INFO - Setting next_dagrun for example_xcom to 2021-01-01T00:00:00+00:00, run_after=2021-01-01T00:00:00+00:00
[2023-05-27T14:46:02.367+0000] {processor.py:176} INFO - Processing /home/airflow/.local/lib/python3.7/site-packages/airflow/example_dags/example_xcom.py took 0.164 seconds
[2023-05-27T14:46:32.870+0000] {processor.py:154} INFO - Started process (PID=978) to work on /home/airflow/.local/lib/python3.7/site-packages/airflow/example_dags/example_xcom.py
[2023-05-27T14:46:32.873+0000] {processor.py:756} INFO - Processing file /home/airflow/.local/lib/python3.7/site-packages/airflow/example_dags/example_xcom.py for tasks to queue
[2023-05-27T14:46:32.874+0000] {logging_mixin.py:120} INFO - [2023-05-27T14:46:32.874+0000] {dagbag.py:537} INFO - Filling up the DagBag from /home/airflow/.local/lib/python3.7/site-packages/airflow/example_dags/example_xcom.py
[2023-05-27T14:46:32.909+0000] {processor.py:766} INFO - DAG(s) dict_keys(['example_xcom']) retrieved from /home/airflow/.local/lib/python3.7/site-packages/airflow/example_dags/example_xcom.py
[2023-05-27T14:46:32.996+0000] {logging_mixin.py:120} INFO - [2023-05-27T14:46:32.996+0000] {dag.py:2585} INFO - Sync 1 DAGs
[2023-05-27T14:46:33.036+0000] {logging_mixin.py:120} INFO - [2023-05-27T14:46:33.036+0000] {dag.py:3340} INFO - Setting next_dagrun for example_xcom to 2021-01-01T00:00:00+00:00, run_after=2021-01-01T00:00:00+00:00
[2023-05-27T14:46:33.096+0000] {processor.py:176} INFO - Processing /home/airflow/.local/lib/python3.7/site-packages/airflow/example_dags/example_xcom.py took 0.237 seconds
[2023-05-27T14:47:03.293+0000] {processor.py:154} INFO - Started process (PID=1041) to work on /home/airflow/.local/lib/python3.7/site-packages/airflow/example_dags/example_xcom.py
[2023-05-27T14:47:03.302+0000] {processor.py:756} INFO - Processing file /home/airflow/.local/lib/python3.7/site-packages/airflow/example_dags/example_xcom.py for tasks to queue
[2023-05-27T14:47:03.304+0000] {logging_mixin.py:120} INFO - [2023-05-27T14:47:03.304+0000] {dagbag.py:537} INFO - Filling up the DagBag from /home/airflow/.local/lib/python3.7/site-packages/airflow/example_dags/example_xcom.py
[2023-05-27T14:47:03.340+0000] {processor.py:766} INFO - DAG(s) dict_keys(['example_xcom']) retrieved from /home/airflow/.local/lib/python3.7/site-packages/airflow/example_dags/example_xcom.py
[2023-05-27T14:47:03.394+0000] {logging_mixin.py:120} INFO - [2023-05-27T14:47:03.394+0000] {dag.py:2585} INFO - Sync 1 DAGs
[2023-05-27T14:47:03.427+0000] {logging_mixin.py:120} INFO - [2023-05-27T14:47:03.426+0000] {dag.py:3340} INFO - Setting next_dagrun for example_xcom to 2021-01-01T00:00:00+00:00, run_after=2021-01-01T00:00:00+00:00
[2023-05-27T14:47:03.451+0000] {processor.py:176} INFO - Processing /home/airflow/.local/lib/python3.7/site-packages/airflow/example_dags/example_xcom.py took 0.162 seconds
[2023-05-27T14:47:34.268+0000] {processor.py:154} INFO - Started process (PID=1096) to work on /home/airflow/.local/lib/python3.7/site-packages/airflow/example_dags/example_xcom.py
[2023-05-27T14:47:34.273+0000] {processor.py:756} INFO - Processing file /home/airflow/.local/lib/python3.7/site-packages/airflow/example_dags/example_xcom.py for tasks to queue
[2023-05-27T14:47:34.274+0000] {logging_mixin.py:120} INFO - [2023-05-27T14:47:34.274+0000] {dagbag.py:537} INFO - Filling up the DagBag from /home/airflow/.local/lib/python3.7/site-packages/airflow/example_dags/example_xcom.py
[2023-05-27T14:47:34.354+0000] {processor.py:766} INFO - DAG(s) dict_keys(['example_xcom']) retrieved from /home/airflow/.local/lib/python3.7/site-packages/airflow/example_dags/example_xcom.py
[2023-05-27T14:47:34.517+0000] {logging_mixin.py:120} INFO - [2023-05-27T14:47:34.516+0000] {dag.py:2585} INFO - Sync 1 DAGs
[2023-05-27T14:47:34.594+0000] {logging_mixin.py:120} INFO - [2023-05-27T14:47:34.594+0000] {dag.py:3340} INFO - Setting next_dagrun for example_xcom to 2021-01-01T00:00:00+00:00, run_after=2021-01-01T00:00:00+00:00
[2023-05-27T14:47:34.669+0000] {processor.py:176} INFO - Processing /home/airflow/.local/lib/python3.7/site-packages/airflow/example_dags/example_xcom.py took 0.407 seconds
[2023-05-27T14:48:04.779+0000] {processor.py:154} INFO - Started process (PID=1150) to work on /home/airflow/.local/lib/python3.7/site-packages/airflow/example_dags/example_xcom.py
[2023-05-27T14:48:04.781+0000] {processor.py:756} INFO - Processing file /home/airflow/.local/lib/python3.7/site-packages/airflow/example_dags/example_xcom.py for tasks to queue
[2023-05-27T14:48:04.781+0000] {logging_mixin.py:120} INFO - [2023-05-27T14:48:04.781+0000] {dagbag.py:537} INFO - Filling up the DagBag from /home/airflow/.local/lib/python3.7/site-packages/airflow/example_dags/example_xcom.py
[2023-05-27T14:48:04.815+0000] {processor.py:766} INFO - DAG(s) dict_keys(['example_xcom']) retrieved from /home/airflow/.local/lib/python3.7/site-packages/airflow/example_dags/example_xcom.py
[2023-05-27T14:48:04.866+0000] {logging_mixin.py:120} INFO - [2023-05-27T14:48:04.866+0000] {dag.py:2585} INFO - Sync 1 DAGs
[2023-05-27T14:48:04.896+0000] {logging_mixin.py:120} INFO - [2023-05-27T14:48:04.896+0000] {dag.py:3340} INFO - Setting next_dagrun for example_xcom to 2021-01-01T00:00:00+00:00, run_after=2021-01-01T00:00:00+00:00
[2023-05-27T14:48:04.918+0000] {processor.py:176} INFO - Processing /home/airflow/.local/lib/python3.7/site-packages/airflow/example_dags/example_xcom.py took 0.143 seconds
[2023-05-27T14:48:35.461+0000] {processor.py:154} INFO - Started process (PID=1212) to work on /home/airflow/.local/lib/python3.7/site-packages/airflow/example_dags/example_xcom.py
[2023-05-27T14:48:35.464+0000] {processor.py:756} INFO - Processing file /home/airflow/.local/lib/python3.7/site-packages/airflow/example_dags/example_xcom.py for tasks to queue
[2023-05-27T14:48:35.464+0000] {logging_mixin.py:120} INFO - [2023-05-27T14:48:35.464+0000] {dagbag.py:537} INFO - Filling up the DagBag from /home/airflow/.local/lib/python3.7/site-packages/airflow/example_dags/example_xcom.py
[2023-05-27T14:48:35.508+0000] {processor.py:766} INFO - DAG(s) dict_keys(['example_xcom']) retrieved from /home/airflow/.local/lib/python3.7/site-packages/airflow/example_dags/example_xcom.py
[2023-05-27T14:48:35.559+0000] {logging_mixin.py:120} INFO - [2023-05-27T14:48:35.558+0000] {dag.py:2585} INFO - Sync 1 DAGs
[2023-05-27T14:48:35.592+0000] {logging_mixin.py:120} INFO - [2023-05-27T14:48:35.592+0000] {dag.py:3340} INFO - Setting next_dagrun for example_xcom to 2021-01-01T00:00:00+00:00, run_after=2021-01-01T00:00:00+00:00
[2023-05-27T14:48:35.656+0000] {processor.py:176} INFO - Processing /home/airflow/.local/lib/python3.7/site-packages/airflow/example_dags/example_xcom.py took 0.199 seconds
[2023-05-27T14:49:06.484+0000] {processor.py:154} INFO - Started process (PID=1266) to work on /home/airflow/.local/lib/python3.7/site-packages/airflow/example_dags/example_xcom.py
[2023-05-27T14:49:06.488+0000] {processor.py:756} INFO - Processing file /home/airflow/.local/lib/python3.7/site-packages/airflow/example_dags/example_xcom.py for tasks to queue
[2023-05-27T14:49:06.488+0000] {logging_mixin.py:120} INFO - [2023-05-27T14:49:06.488+0000] {dagbag.py:537} INFO - Filling up the DagBag from /home/airflow/.local/lib/python3.7/site-packages/airflow/example_dags/example_xcom.py
[2023-05-27T14:49:06.529+0000] {processor.py:766} INFO - DAG(s) dict_keys(['example_xcom']) retrieved from /home/airflow/.local/lib/python3.7/site-packages/airflow/example_dags/example_xcom.py
[2023-05-27T14:49:06.579+0000] {logging_mixin.py:120} INFO - [2023-05-27T14:49:06.579+0000] {dag.py:2585} INFO - Sync 1 DAGs
[2023-05-27T14:49:06.611+0000] {logging_mixin.py:120} INFO - [2023-05-27T14:49:06.611+0000] {dag.py:3340} INFO - Setting next_dagrun for example_xcom to 2021-01-01T00:00:00+00:00, run_after=2021-01-01T00:00:00+00:00
[2023-05-27T14:49:06.639+0000] {processor.py:176} INFO - Processing /home/airflow/.local/lib/python3.7/site-packages/airflow/example_dags/example_xcom.py took 0.159 seconds
[2023-05-27T14:49:37.198+0000] {processor.py:154} INFO - Started process (PID=1329) to work on /home/airflow/.local/lib/python3.7/site-packages/airflow/example_dags/example_xcom.py
[2023-05-27T14:49:37.200+0000] {processor.py:756} INFO - Processing file /home/airflow/.local/lib/python3.7/site-packages/airflow/example_dags/example_xcom.py for tasks to queue
[2023-05-27T14:49:37.201+0000] {logging_mixin.py:120} INFO - [2023-05-27T14:49:37.201+0000] {dagbag.py:537} INFO - Filling up the DagBag from /home/airflow/.local/lib/python3.7/site-packages/airflow/example_dags/example_xcom.py
[2023-05-27T14:49:37.237+0000] {processor.py:766} INFO - DAG(s) dict_keys(['example_xcom']) retrieved from /home/airflow/.local/lib/python3.7/site-packages/airflow/example_dags/example_xcom.py
[2023-05-27T14:49:37.296+0000] {logging_mixin.py:120} INFO - [2023-05-27T14:49:37.296+0000] {dag.py:2585} INFO - Sync 1 DAGs
[2023-05-27T14:49:37.329+0000] {logging_mixin.py:120} INFO - [2023-05-27T14:49:37.329+0000] {dag.py:3340} INFO - Setting next_dagrun for example_xcom to 2021-01-01T00:00:00+00:00, run_after=2021-01-01T00:00:00+00:00
[2023-05-27T14:49:37.355+0000] {processor.py:176} INFO - Processing /home/airflow/.local/lib/python3.7/site-packages/airflow/example_dags/example_xcom.py took 0.161 seconds
[2023-05-27T14:50:07.985+0000] {processor.py:154} INFO - Started process (PID=1385) to work on /home/airflow/.local/lib/python3.7/site-packages/airflow/example_dags/example_xcom.py
[2023-05-27T14:50:07.989+0000] {processor.py:756} INFO - Processing file /home/airflow/.local/lib/python3.7/site-packages/airflow/example_dags/example_xcom.py for tasks to queue
[2023-05-27T14:50:07.990+0000] {logging_mixin.py:120} INFO - [2023-05-27T14:50:07.990+0000] {dagbag.py:537} INFO - Filling up the DagBag from /home/airflow/.local/lib/python3.7/site-packages/airflow/example_dags/example_xcom.py
[2023-05-27T14:50:08.031+0000] {processor.py:766} INFO - DAG(s) dict_keys(['example_xcom']) retrieved from /home/airflow/.local/lib/python3.7/site-packages/airflow/example_dags/example_xcom.py
[2023-05-27T14:50:08.088+0000] {logging_mixin.py:120} INFO - [2023-05-27T14:50:08.088+0000] {dag.py:2585} INFO - Sync 1 DAGs
[2023-05-27T14:50:08.120+0000] {logging_mixin.py:120} INFO - [2023-05-27T14:50:08.120+0000] {dag.py:3340} INFO - Setting next_dagrun for example_xcom to 2021-01-01T00:00:00+00:00, run_after=2021-01-01T00:00:00+00:00
[2023-05-27T14:50:08.156+0000] {processor.py:176} INFO - Processing /home/airflow/.local/lib/python3.7/site-packages/airflow/example_dags/example_xcom.py took 0.175 seconds
[2023-05-27T14:50:38.233+0000] {processor.py:154} INFO - Started process (PID=1447) to work on /home/airflow/.local/lib/python3.7/site-packages/airflow/example_dags/example_xcom.py
[2023-05-27T14:50:38.236+0000] {processor.py:756} INFO - Processing file /home/airflow/.local/lib/python3.7/site-packages/airflow/example_dags/example_xcom.py for tasks to queue
[2023-05-27T14:50:38.237+0000] {logging_mixin.py:120} INFO - [2023-05-27T14:50:38.237+0000] {dagbag.py:537} INFO - Filling up the DagBag from /home/airflow/.local/lib/python3.7/site-packages/airflow/example_dags/example_xcom.py
[2023-05-27T14:50:38.313+0000] {processor.py:766} INFO - DAG(s) dict_keys(['example_xcom']) retrieved from /home/airflow/.local/lib/python3.7/site-packages/airflow/example_dags/example_xcom.py
[2023-05-27T14:50:38.372+0000] {logging_mixin.py:120} INFO - [2023-05-27T14:50:38.372+0000] {dag.py:2585} INFO - Sync 1 DAGs
[2023-05-27T14:50:38.410+0000] {logging_mixin.py:120} INFO - [2023-05-27T14:50:38.410+0000] {dag.py:3340} INFO - Setting next_dagrun for example_xcom to 2021-01-01T00:00:00+00:00, run_after=2021-01-01T00:00:00+00:00
[2023-05-27T14:50:38.459+0000] {processor.py:176} INFO - Processing /home/airflow/.local/lib/python3.7/site-packages/airflow/example_dags/example_xcom.py took 0.230 seconds
[2023-05-27T14:51:14.435+0000] {processor.py:154} INFO - Started process (PID=1502) to work on /home/airflow/.local/lib/python3.7/site-packages/airflow/example_dags/example_xcom.py
[2023-05-27T14:51:14.437+0000] {processor.py:756} INFO - Processing file /home/airflow/.local/lib/python3.7/site-packages/airflow/example_dags/example_xcom.py for tasks to queue
[2023-05-27T14:51:14.438+0000] {logging_mixin.py:120} INFO - [2023-05-27T14:51:14.438+0000] {dagbag.py:537} INFO - Filling up the DagBag from /home/airflow/.local/lib/python3.7/site-packages/airflow/example_dags/example_xcom.py
[2023-05-27T14:51:14.501+0000] {processor.py:766} INFO - DAG(s) dict_keys(['example_xcom']) retrieved from /home/airflow/.local/lib/python3.7/site-packages/airflow/example_dags/example_xcom.py
[2023-05-27T14:51:14.590+0000] {logging_mixin.py:120} INFO - [2023-05-27T14:51:14.590+0000] {dag.py:2585} INFO - Sync 1 DAGs
[2023-05-27T14:51:14.623+0000] {logging_mixin.py:120} INFO - [2023-05-27T14:51:14.623+0000] {dag.py:3340} INFO - Setting next_dagrun for example_xcom to 2021-01-01T00:00:00+00:00, run_after=2021-01-01T00:00:00+00:00
[2023-05-27T14:51:14.662+0000] {processor.py:176} INFO - Processing /home/airflow/.local/lib/python3.7/site-packages/airflow/example_dags/example_xcom.py took 0.231 seconds
[2023-05-27T14:51:44.856+0000] {processor.py:154} INFO - Started process (PID=1556) to work on /home/airflow/.local/lib/python3.7/site-packages/airflow/example_dags/example_xcom.py
[2023-05-27T14:51:44.860+0000] {processor.py:756} INFO - Processing file /home/airflow/.local/lib/python3.7/site-packages/airflow/example_dags/example_xcom.py for tasks to queue
[2023-05-27T14:51:44.860+0000] {logging_mixin.py:120} INFO - [2023-05-27T14:51:44.860+0000] {dagbag.py:537} INFO - Filling up the DagBag from /home/airflow/.local/lib/python3.7/site-packages/airflow/example_dags/example_xcom.py
[2023-05-27T14:51:44.893+0000] {processor.py:766} INFO - DAG(s) dict_keys(['example_xcom']) retrieved from /home/airflow/.local/lib/python3.7/site-packages/airflow/example_dags/example_xcom.py
[2023-05-27T14:51:44.945+0000] {logging_mixin.py:120} INFO - [2023-05-27T14:51:44.945+0000] {dag.py:2585} INFO - Sync 1 DAGs
[2023-05-27T14:51:44.980+0000] {logging_mixin.py:120} INFO - [2023-05-27T14:51:44.980+0000] {dag.py:3340} INFO - Setting next_dagrun for example_xcom to 2021-01-01T00:00:00+00:00, run_after=2021-01-01T00:00:00+00:00
[2023-05-27T14:51:45.003+0000] {processor.py:176} INFO - Processing /home/airflow/.local/lib/python3.7/site-packages/airflow/example_dags/example_xcom.py took 0.151 seconds
[2023-05-27T14:52:15.925+0000] {processor.py:154} INFO - Started process (PID=1619) to work on /home/airflow/.local/lib/python3.7/site-packages/airflow/example_dags/example_xcom.py
[2023-05-27T14:52:15.928+0000] {processor.py:756} INFO - Processing file /home/airflow/.local/lib/python3.7/site-packages/airflow/example_dags/example_xcom.py for tasks to queue
[2023-05-27T14:52:15.929+0000] {logging_mixin.py:120} INFO - [2023-05-27T14:52:15.929+0000] {dagbag.py:537} INFO - Filling up the DagBag from /home/airflow/.local/lib/python3.7/site-packages/airflow/example_dags/example_xcom.py
[2023-05-27T14:52:15.963+0000] {processor.py:766} INFO - DAG(s) dict_keys(['example_xcom']) retrieved from /home/airflow/.local/lib/python3.7/site-packages/airflow/example_dags/example_xcom.py
[2023-05-27T14:52:16.035+0000] {logging_mixin.py:120} INFO - [2023-05-27T14:52:16.035+0000] {dag.py:2585} INFO - Sync 1 DAGs
[2023-05-27T14:52:16.067+0000] {logging_mixin.py:120} INFO - [2023-05-27T14:52:16.066+0000] {dag.py:3340} INFO - Setting next_dagrun for example_xcom to 2021-01-01T00:00:00+00:00, run_after=2021-01-01T00:00:00+00:00
[2023-05-27T14:52:16.089+0000] {processor.py:176} INFO - Processing /home/airflow/.local/lib/python3.7/site-packages/airflow/example_dags/example_xcom.py took 0.184 seconds
[2023-05-27T14:52:46.728+0000] {processor.py:154} INFO - Started process (PID=1671) to work on /home/airflow/.local/lib/python3.7/site-packages/airflow/example_dags/example_xcom.py
[2023-05-27T14:52:46.731+0000] {processor.py:756} INFO - Processing file /home/airflow/.local/lib/python3.7/site-packages/airflow/example_dags/example_xcom.py for tasks to queue
[2023-05-27T14:52:46.732+0000] {logging_mixin.py:120} INFO - [2023-05-27T14:52:46.732+0000] {dagbag.py:537} INFO - Filling up the DagBag from /home/airflow/.local/lib/python3.7/site-packages/airflow/example_dags/example_xcom.py
[2023-05-27T14:52:46.800+0000] {processor.py:766} INFO - DAG(s) dict_keys(['example_xcom']) retrieved from /home/airflow/.local/lib/python3.7/site-packages/airflow/example_dags/example_xcom.py
[2023-05-27T14:52:46.903+0000] {logging_mixin.py:120} INFO - [2023-05-27T14:52:46.902+0000] {dag.py:2585} INFO - Sync 1 DAGs
[2023-05-27T14:52:46.996+0000] {logging_mixin.py:120} INFO - [2023-05-27T14:52:46.995+0000] {dag.py:3340} INFO - Setting next_dagrun for example_xcom to 2021-01-01T00:00:00+00:00, run_after=2021-01-01T00:00:00+00:00
[2023-05-27T14:52:47.052+0000] {processor.py:176} INFO - Processing /home/airflow/.local/lib/python3.7/site-packages/airflow/example_dags/example_xcom.py took 0.333 seconds
[2023-05-27T14:53:17.799+0000] {processor.py:154} INFO - Started process (PID=1725) to work on /home/airflow/.local/lib/python3.7/site-packages/airflow/example_dags/example_xcom.py
[2023-05-27T14:53:17.808+0000] {processor.py:756} INFO - Processing file /home/airflow/.local/lib/python3.7/site-packages/airflow/example_dags/example_xcom.py for tasks to queue
[2023-05-27T14:53:17.808+0000] {logging_mixin.py:120} INFO - [2023-05-27T14:53:17.808+0000] {dagbag.py:537} INFO - Filling up the DagBag from /home/airflow/.local/lib/python3.7/site-packages/airflow/example_dags/example_xcom.py
[2023-05-27T14:53:17.861+0000] {processor.py:766} INFO - DAG(s) dict_keys(['example_xcom']) retrieved from /home/airflow/.local/lib/python3.7/site-packages/airflow/example_dags/example_xcom.py
[2023-05-27T14:53:17.965+0000] {logging_mixin.py:120} INFO - [2023-05-27T14:53:17.964+0000] {dag.py:2585} INFO - Sync 1 DAGs
[2023-05-27T14:53:18.063+0000] {logging_mixin.py:120} INFO - [2023-05-27T14:53:18.062+0000] {dag.py:3340} INFO - Setting next_dagrun for example_xcom to 2021-01-01T00:00:00+00:00, run_after=2021-01-01T00:00:00+00:00
[2023-05-27T14:53:18.122+0000] {processor.py:176} INFO - Processing /home/airflow/.local/lib/python3.7/site-packages/airflow/example_dags/example_xcom.py took 0.327 seconds
