[2023-05-27T14:38:30.134+0000] {processor.py:154} INFO - Started process (PID=70) to work on /home/airflow/.local/lib/python3.7/site-packages/airflow/example_dags/example_kubernetes_executor.py
[2023-05-27T14:38:30.141+0000] {processor.py:756} INFO - Processing file /home/airflow/.local/lib/python3.7/site-packages/airflow/example_dags/example_kubernetes_executor.py for tasks to queue
[2023-05-27T14:38:30.141+0000] {logging_mixin.py:120} INFO - [2023-05-27T14:38:30.141+0000] {dagbag.py:537} INFO - Filling up the DagBag from /home/airflow/.local/lib/python3.7/site-packages/airflow/example_dags/example_kubernetes_executor.py
[2023-05-27T14:38:30.230+0000] {processor.py:766} INFO - DAG(s) dict_keys(['example_kubernetes_executor']) retrieved from /home/airflow/.local/lib/python3.7/site-packages/airflow/example_dags/example_kubernetes_executor.py
[2023-05-27T14:38:30.785+0000] {logging_mixin.py:120} INFO - [2023-05-27T14:38:30.784+0000] {manager.py:507} INFO - Created Permission View: can read on DAG:example_kubernetes_executor
[2023-05-27T14:38:30.821+0000] {logging_mixin.py:120} INFO - [2023-05-27T14:38:30.821+0000] {manager.py:507} INFO - Created Permission View: can edit on DAG:example_kubernetes_executor
[2023-05-27T14:38:30.843+0000] {logging_mixin.py:120} INFO - [2023-05-27T14:38:30.842+0000] {manager.py:507} INFO - Created Permission View: can delete on DAG:example_kubernetes_executor
[2023-05-27T14:38:30.843+0000] {logging_mixin.py:120} INFO - [2023-05-27T14:38:30.843+0000] {dag.py:2585} INFO - Sync 1 DAGs
[2023-05-27T14:38:30.894+0000] {logging_mixin.py:120} INFO - [2023-05-27T14:38:30.893+0000] {dag.py:2606} INFO - Creating ORM DAG for example_kubernetes_executor
[2023-05-27T14:38:30.947+0000] {logging_mixin.py:120} INFO - [2023-05-27T14:38:30.947+0000] {dag.py:3340} INFO - Setting next_dagrun for example_kubernetes_executor to None, run_after=None
[2023-05-27T14:38:31.010+0000] {processor.py:176} INFO - Processing /home/airflow/.local/lib/python3.7/site-packages/airflow/example_dags/example_kubernetes_executor.py took 0.891 seconds
[2023-05-27T14:39:01.344+0000] {processor.py:154} INFO - Started process (PID=124) to work on /home/airflow/.local/lib/python3.7/site-packages/airflow/example_dags/example_kubernetes_executor.py
[2023-05-27T14:39:01.345+0000] {processor.py:756} INFO - Processing file /home/airflow/.local/lib/python3.7/site-packages/airflow/example_dags/example_kubernetes_executor.py for tasks to queue
[2023-05-27T14:39:01.346+0000] {logging_mixin.py:120} INFO - [2023-05-27T14:39:01.346+0000] {dagbag.py:537} INFO - Filling up the DagBag from /home/airflow/.local/lib/python3.7/site-packages/airflow/example_dags/example_kubernetes_executor.py
[2023-05-27T14:39:01.384+0000] {processor.py:766} INFO - DAG(s) dict_keys(['example_kubernetes_executor']) retrieved from /home/airflow/.local/lib/python3.7/site-packages/airflow/example_dags/example_kubernetes_executor.py
[2023-05-27T14:39:01.436+0000] {logging_mixin.py:120} INFO - [2023-05-27T14:39:01.436+0000] {dag.py:2585} INFO - Sync 1 DAGs
[2023-05-27T14:39:01.468+0000] {logging_mixin.py:120} INFO - [2023-05-27T14:39:01.468+0000] {dag.py:3340} INFO - Setting next_dagrun for example_kubernetes_executor to None, run_after=None
[2023-05-27T14:39:01.496+0000] {processor.py:176} INFO - Processing /home/airflow/.local/lib/python3.7/site-packages/airflow/example_dags/example_kubernetes_executor.py took 0.156 seconds
[2023-05-27T14:39:31.570+0000] {processor.py:154} INFO - Started process (PID=188) to work on /home/airflow/.local/lib/python3.7/site-packages/airflow/example_dags/example_kubernetes_executor.py
[2023-05-27T14:39:31.575+0000] {processor.py:756} INFO - Processing file /home/airflow/.local/lib/python3.7/site-packages/airflow/example_dags/example_kubernetes_executor.py for tasks to queue
[2023-05-27T14:39:31.576+0000] {logging_mixin.py:120} INFO - [2023-05-27T14:39:31.575+0000] {dagbag.py:537} INFO - Filling up the DagBag from /home/airflow/.local/lib/python3.7/site-packages/airflow/example_dags/example_kubernetes_executor.py
[2023-05-27T14:39:31.644+0000] {processor.py:766} INFO - DAG(s) dict_keys(['example_kubernetes_executor']) retrieved from /home/airflow/.local/lib/python3.7/site-packages/airflow/example_dags/example_kubernetes_executor.py
[2023-05-27T14:39:31.704+0000] {logging_mixin.py:120} INFO - [2023-05-27T14:39:31.704+0000] {dag.py:2585} INFO - Sync 1 DAGs
[2023-05-27T14:39:31.735+0000] {logging_mixin.py:120} INFO - [2023-05-27T14:39:31.735+0000] {dag.py:3340} INFO - Setting next_dagrun for example_kubernetes_executor to None, run_after=None
[2023-05-27T14:39:31.757+0000] {processor.py:176} INFO - Processing /home/airflow/.local/lib/python3.7/site-packages/airflow/example_dags/example_kubernetes_executor.py took 0.194 seconds
[2023-05-27T14:40:02.800+0000] {processor.py:154} INFO - Started process (PID=242) to work on /home/airflow/.local/lib/python3.7/site-packages/airflow/example_dags/example_kubernetes_executor.py
[2023-05-27T14:40:02.801+0000] {processor.py:756} INFO - Processing file /home/airflow/.local/lib/python3.7/site-packages/airflow/example_dags/example_kubernetes_executor.py for tasks to queue
[2023-05-27T14:40:02.802+0000] {logging_mixin.py:120} INFO - [2023-05-27T14:40:02.802+0000] {dagbag.py:537} INFO - Filling up the DagBag from /home/airflow/.local/lib/python3.7/site-packages/airflow/example_dags/example_kubernetes_executor.py
[2023-05-27T14:40:02.847+0000] {processor.py:766} INFO - DAG(s) dict_keys(['example_kubernetes_executor']) retrieved from /home/airflow/.local/lib/python3.7/site-packages/airflow/example_dags/example_kubernetes_executor.py
[2023-05-27T14:40:02.910+0000] {logging_mixin.py:120} INFO - [2023-05-27T14:40:02.910+0000] {dag.py:2585} INFO - Sync 1 DAGs
[2023-05-27T14:40:02.942+0000] {logging_mixin.py:120} INFO - [2023-05-27T14:40:02.942+0000] {dag.py:3340} INFO - Setting next_dagrun for example_kubernetes_executor to None, run_after=None
[2023-05-27T14:40:02.966+0000] {processor.py:176} INFO - Processing /home/airflow/.local/lib/python3.7/site-packages/airflow/example_dags/example_kubernetes_executor.py took 0.171 seconds
[2023-05-27T14:40:33.724+0000] {processor.py:154} INFO - Started process (PID=305) to work on /home/airflow/.local/lib/python3.7/site-packages/airflow/example_dags/example_kubernetes_executor.py
[2023-05-27T14:40:33.726+0000] {processor.py:756} INFO - Processing file /home/airflow/.local/lib/python3.7/site-packages/airflow/example_dags/example_kubernetes_executor.py for tasks to queue
[2023-05-27T14:40:33.726+0000] {logging_mixin.py:120} INFO - [2023-05-27T14:40:33.726+0000] {dagbag.py:537} INFO - Filling up the DagBag from /home/airflow/.local/lib/python3.7/site-packages/airflow/example_dags/example_kubernetes_executor.py
[2023-05-27T14:40:33.766+0000] {processor.py:766} INFO - DAG(s) dict_keys(['example_kubernetes_executor']) retrieved from /home/airflow/.local/lib/python3.7/site-packages/airflow/example_dags/example_kubernetes_executor.py
[2023-05-27T14:40:33.817+0000] {logging_mixin.py:120} INFO - [2023-05-27T14:40:33.816+0000] {dag.py:2585} INFO - Sync 1 DAGs
[2023-05-27T14:40:33.848+0000] {logging_mixin.py:120} INFO - [2023-05-27T14:40:33.847+0000] {dag.py:3340} INFO - Setting next_dagrun for example_kubernetes_executor to None, run_after=None
[2023-05-27T14:40:33.872+0000] {processor.py:176} INFO - Processing /home/airflow/.local/lib/python3.7/site-packages/airflow/example_dags/example_kubernetes_executor.py took 0.152 seconds
[2023-05-27T14:41:04.128+0000] {processor.py:154} INFO - Started process (PID=359) to work on /home/airflow/.local/lib/python3.7/site-packages/airflow/example_dags/example_kubernetes_executor.py
[2023-05-27T14:41:04.130+0000] {processor.py:756} INFO - Processing file /home/airflow/.local/lib/python3.7/site-packages/airflow/example_dags/example_kubernetes_executor.py for tasks to queue
[2023-05-27T14:41:04.130+0000] {logging_mixin.py:120} INFO - [2023-05-27T14:41:04.130+0000] {dagbag.py:537} INFO - Filling up the DagBag from /home/airflow/.local/lib/python3.7/site-packages/airflow/example_dags/example_kubernetes_executor.py
[2023-05-27T14:41:04.177+0000] {processor.py:766} INFO - DAG(s) dict_keys(['example_kubernetes_executor']) retrieved from /home/airflow/.local/lib/python3.7/site-packages/airflow/example_dags/example_kubernetes_executor.py
[2023-05-27T14:41:04.226+0000] {logging_mixin.py:120} INFO - [2023-05-27T14:41:04.225+0000] {dag.py:2585} INFO - Sync 1 DAGs
[2023-05-27T14:41:04.259+0000] {logging_mixin.py:120} INFO - [2023-05-27T14:41:04.258+0000] {dag.py:3340} INFO - Setting next_dagrun for example_kubernetes_executor to None, run_after=None
[2023-05-27T14:41:04.281+0000] {processor.py:176} INFO - Processing /home/airflow/.local/lib/python3.7/site-packages/airflow/example_dags/example_kubernetes_executor.py took 0.157 seconds
[2023-05-27T14:41:34.359+0000] {processor.py:154} INFO - Started process (PID=422) to work on /home/airflow/.local/lib/python3.7/site-packages/airflow/example_dags/example_kubernetes_executor.py
[2023-05-27T14:41:34.361+0000] {processor.py:756} INFO - Processing file /home/airflow/.local/lib/python3.7/site-packages/airflow/example_dags/example_kubernetes_executor.py for tasks to queue
[2023-05-27T14:41:34.363+0000] {logging_mixin.py:120} INFO - [2023-05-27T14:41:34.362+0000] {dagbag.py:537} INFO - Filling up the DagBag from /home/airflow/.local/lib/python3.7/site-packages/airflow/example_dags/example_kubernetes_executor.py
[2023-05-27T14:41:34.461+0000] {processor.py:766} INFO - DAG(s) dict_keys(['example_kubernetes_executor']) retrieved from /home/airflow/.local/lib/python3.7/site-packages/airflow/example_dags/example_kubernetes_executor.py
[2023-05-27T14:41:34.669+0000] {logging_mixin.py:120} INFO - [2023-05-27T14:41:34.668+0000] {dag.py:2585} INFO - Sync 1 DAGs
[2023-05-27T14:41:34.743+0000] {logging_mixin.py:120} INFO - [2023-05-27T14:41:34.743+0000] {dag.py:3340} INFO - Setting next_dagrun for example_kubernetes_executor to None, run_after=None
[2023-05-27T14:41:34.797+0000] {processor.py:176} INFO - Processing /home/airflow/.local/lib/python3.7/site-packages/airflow/example_dags/example_kubernetes_executor.py took 0.446 seconds
[2023-05-27T14:42:05.643+0000] {processor.py:154} INFO - Started process (PID=477) to work on /home/airflow/.local/lib/python3.7/site-packages/airflow/example_dags/example_kubernetes_executor.py
[2023-05-27T14:42:05.651+0000] {processor.py:756} INFO - Processing file /home/airflow/.local/lib/python3.7/site-packages/airflow/example_dags/example_kubernetes_executor.py for tasks to queue
[2023-05-27T14:42:05.652+0000] {logging_mixin.py:120} INFO - [2023-05-27T14:42:05.652+0000] {dagbag.py:537} INFO - Filling up the DagBag from /home/airflow/.local/lib/python3.7/site-packages/airflow/example_dags/example_kubernetes_executor.py
[2023-05-27T14:42:05.717+0000] {processor.py:766} INFO - DAG(s) dict_keys(['example_kubernetes_executor']) retrieved from /home/airflow/.local/lib/python3.7/site-packages/airflow/example_dags/example_kubernetes_executor.py
[2023-05-27T14:42:05.796+0000] {logging_mixin.py:120} INFO - [2023-05-27T14:42:05.796+0000] {dag.py:2585} INFO - Sync 1 DAGs
[2023-05-27T14:42:05.827+0000] {logging_mixin.py:120} INFO - [2023-05-27T14:42:05.827+0000] {dag.py:3340} INFO - Setting next_dagrun for example_kubernetes_executor to None, run_after=None
[2023-05-27T14:42:05.861+0000] {processor.py:176} INFO - Processing /home/airflow/.local/lib/python3.7/site-packages/airflow/example_dags/example_kubernetes_executor.py took 0.222 seconds
[2023-05-27T14:42:36.244+0000] {processor.py:154} INFO - Started process (PID=532) to work on /home/airflow/.local/lib/python3.7/site-packages/airflow/example_dags/example_kubernetes_executor.py
[2023-05-27T14:42:36.246+0000] {processor.py:756} INFO - Processing file /home/airflow/.local/lib/python3.7/site-packages/airflow/example_dags/example_kubernetes_executor.py for tasks to queue
[2023-05-27T14:42:36.247+0000] {logging_mixin.py:120} INFO - [2023-05-27T14:42:36.247+0000] {dagbag.py:537} INFO - Filling up the DagBag from /home/airflow/.local/lib/python3.7/site-packages/airflow/example_dags/example_kubernetes_executor.py
[2023-05-27T14:42:36.324+0000] {processor.py:766} INFO - DAG(s) dict_keys(['example_kubernetes_executor']) retrieved from /home/airflow/.local/lib/python3.7/site-packages/airflow/example_dags/example_kubernetes_executor.py
[2023-05-27T14:42:36.416+0000] {logging_mixin.py:120} INFO - [2023-05-27T14:42:36.410+0000] {dag.py:2585} INFO - Sync 1 DAGs
[2023-05-27T14:42:36.460+0000] {logging_mixin.py:120} INFO - [2023-05-27T14:42:36.459+0000] {dag.py:3340} INFO - Setting next_dagrun for example_kubernetes_executor to None, run_after=None
[2023-05-27T14:42:36.496+0000] {processor.py:176} INFO - Processing /home/airflow/.local/lib/python3.7/site-packages/airflow/example_dags/example_kubernetes_executor.py took 0.255 seconds
[2023-05-27T14:43:06.676+0000] {processor.py:154} INFO - Started process (PID=595) to work on /home/airflow/.local/lib/python3.7/site-packages/airflow/example_dags/example_kubernetes_executor.py
[2023-05-27T14:43:06.677+0000] {processor.py:756} INFO - Processing file /home/airflow/.local/lib/python3.7/site-packages/airflow/example_dags/example_kubernetes_executor.py for tasks to queue
[2023-05-27T14:43:06.678+0000] {logging_mixin.py:120} INFO - [2023-05-27T14:43:06.678+0000] {dagbag.py:537} INFO - Filling up the DagBag from /home/airflow/.local/lib/python3.7/site-packages/airflow/example_dags/example_kubernetes_executor.py
[2023-05-27T14:43:06.762+0000] {processor.py:766} INFO - DAG(s) dict_keys(['example_kubernetes_executor']) retrieved from /home/airflow/.local/lib/python3.7/site-packages/airflow/example_dags/example_kubernetes_executor.py
[2023-05-27T14:43:06.851+0000] {logging_mixin.py:120} INFO - [2023-05-27T14:43:06.851+0000] {dag.py:2585} INFO - Sync 1 DAGs
[2023-05-27T14:43:06.885+0000] {logging_mixin.py:120} INFO - [2023-05-27T14:43:06.885+0000] {dag.py:3340} INFO - Setting next_dagrun for example_kubernetes_executor to None, run_after=None
[2023-05-27T14:43:06.918+0000] {processor.py:176} INFO - Processing /home/airflow/.local/lib/python3.7/site-packages/airflow/example_dags/example_kubernetes_executor.py took 0.246 seconds
[2023-05-27T14:43:37.001+0000] {processor.py:154} INFO - Started process (PID=649) to work on /home/airflow/.local/lib/python3.7/site-packages/airflow/example_dags/example_kubernetes_executor.py
[2023-05-27T14:43:37.004+0000] {processor.py:756} INFO - Processing file /home/airflow/.local/lib/python3.7/site-packages/airflow/example_dags/example_kubernetes_executor.py for tasks to queue
[2023-05-27T14:43:37.004+0000] {logging_mixin.py:120} INFO - [2023-05-27T14:43:37.004+0000] {dagbag.py:537} INFO - Filling up the DagBag from /home/airflow/.local/lib/python3.7/site-packages/airflow/example_dags/example_kubernetes_executor.py
[2023-05-27T14:43:37.074+0000] {processor.py:766} INFO - DAG(s) dict_keys(['example_kubernetes_executor']) retrieved from /home/airflow/.local/lib/python3.7/site-packages/airflow/example_dags/example_kubernetes_executor.py
[2023-05-27T14:43:37.137+0000] {logging_mixin.py:120} INFO - [2023-05-27T14:43:37.136+0000] {dag.py:2585} INFO - Sync 1 DAGs
[2023-05-27T14:43:37.170+0000] {logging_mixin.py:120} INFO - [2023-05-27T14:43:37.169+0000] {dag.py:3340} INFO - Setting next_dagrun for example_kubernetes_executor to None, run_after=None
[2023-05-27T14:43:37.218+0000] {processor.py:176} INFO - Processing /home/airflow/.local/lib/python3.7/site-packages/airflow/example_dags/example_kubernetes_executor.py took 0.221 seconds
[2023-05-27T14:44:08.046+0000] {processor.py:154} INFO - Started process (PID=712) to work on /home/airflow/.local/lib/python3.7/site-packages/airflow/example_dags/example_kubernetes_executor.py
[2023-05-27T14:44:08.050+0000] {processor.py:756} INFO - Processing file /home/airflow/.local/lib/python3.7/site-packages/airflow/example_dags/example_kubernetes_executor.py for tasks to queue
[2023-05-27T14:44:08.050+0000] {logging_mixin.py:120} INFO - [2023-05-27T14:44:08.050+0000] {dagbag.py:537} INFO - Filling up the DagBag from /home/airflow/.local/lib/python3.7/site-packages/airflow/example_dags/example_kubernetes_executor.py
[2023-05-27T14:44:08.104+0000] {processor.py:766} INFO - DAG(s) dict_keys(['example_kubernetes_executor']) retrieved from /home/airflow/.local/lib/python3.7/site-packages/airflow/example_dags/example_kubernetes_executor.py
[2023-05-27T14:44:08.158+0000] {logging_mixin.py:120} INFO - [2023-05-27T14:44:08.158+0000] {dag.py:2585} INFO - Sync 1 DAGs
[2023-05-27T14:44:08.189+0000] {logging_mixin.py:120} INFO - [2023-05-27T14:44:08.189+0000] {dag.py:3340} INFO - Setting next_dagrun for example_kubernetes_executor to None, run_after=None
[2023-05-27T14:44:08.210+0000] {processor.py:176} INFO - Processing /home/airflow/.local/lib/python3.7/site-packages/airflow/example_dags/example_kubernetes_executor.py took 0.168 seconds
[2023-05-27T14:44:38.290+0000] {processor.py:154} INFO - Started process (PID=766) to work on /home/airflow/.local/lib/python3.7/site-packages/airflow/example_dags/example_kubernetes_executor.py
[2023-05-27T14:44:38.292+0000] {processor.py:756} INFO - Processing file /home/airflow/.local/lib/python3.7/site-packages/airflow/example_dags/example_kubernetes_executor.py for tasks to queue
[2023-05-27T14:44:38.293+0000] {logging_mixin.py:120} INFO - [2023-05-27T14:44:38.293+0000] {dagbag.py:537} INFO - Filling up the DagBag from /home/airflow/.local/lib/python3.7/site-packages/airflow/example_dags/example_kubernetes_executor.py
[2023-05-27T14:44:38.338+0000] {processor.py:766} INFO - DAG(s) dict_keys(['example_kubernetes_executor']) retrieved from /home/airflow/.local/lib/python3.7/site-packages/airflow/example_dags/example_kubernetes_executor.py
[2023-05-27T14:44:38.390+0000] {logging_mixin.py:120} INFO - [2023-05-27T14:44:38.390+0000] {dag.py:2585} INFO - Sync 1 DAGs
[2023-05-27T14:44:38.422+0000] {logging_mixin.py:120} INFO - [2023-05-27T14:44:38.422+0000] {dag.py:3340} INFO - Setting next_dagrun for example_kubernetes_executor to None, run_after=None
[2023-05-27T14:44:38.448+0000] {processor.py:176} INFO - Processing /home/airflow/.local/lib/python3.7/site-packages/airflow/example_dags/example_kubernetes_executor.py took 0.163 seconds
[2023-05-27T14:45:08.999+0000] {processor.py:154} INFO - Started process (PID=826) to work on /home/airflow/.local/lib/python3.7/site-packages/airflow/example_dags/example_kubernetes_executor.py
[2023-05-27T14:45:09.005+0000] {processor.py:756} INFO - Processing file /home/airflow/.local/lib/python3.7/site-packages/airflow/example_dags/example_kubernetes_executor.py for tasks to queue
[2023-05-27T14:45:09.007+0000] {logging_mixin.py:120} INFO - [2023-05-27T14:45:09.007+0000] {dagbag.py:537} INFO - Filling up the DagBag from /home/airflow/.local/lib/python3.7/site-packages/airflow/example_dags/example_kubernetes_executor.py
[2023-05-27T14:45:09.075+0000] {processor.py:766} INFO - DAG(s) dict_keys(['example_kubernetes_executor']) retrieved from /home/airflow/.local/lib/python3.7/site-packages/airflow/example_dags/example_kubernetes_executor.py
[2023-05-27T14:45:09.126+0000] {logging_mixin.py:120} INFO - [2023-05-27T14:45:09.126+0000] {dag.py:2585} INFO - Sync 1 DAGs
[2023-05-27T14:45:09.159+0000] {logging_mixin.py:120} INFO - [2023-05-27T14:45:09.159+0000] {dag.py:3340} INFO - Setting next_dagrun for example_kubernetes_executor to None, run_after=None
[2023-05-27T14:45:09.205+0000] {processor.py:176} INFO - Processing /home/airflow/.local/lib/python3.7/site-packages/airflow/example_dags/example_kubernetes_executor.py took 0.209 seconds
[2023-05-27T14:45:39.920+0000] {processor.py:154} INFO - Started process (PID=881) to work on /home/airflow/.local/lib/python3.7/site-packages/airflow/example_dags/example_kubernetes_executor.py
[2023-05-27T14:45:39.923+0000] {processor.py:756} INFO - Processing file /home/airflow/.local/lib/python3.7/site-packages/airflow/example_dags/example_kubernetes_executor.py for tasks to queue
[2023-05-27T14:45:39.924+0000] {logging_mixin.py:120} INFO - [2023-05-27T14:45:39.924+0000] {dagbag.py:537} INFO - Filling up the DagBag from /home/airflow/.local/lib/python3.7/site-packages/airflow/example_dags/example_kubernetes_executor.py
[2023-05-27T14:45:39.990+0000] {processor.py:766} INFO - DAG(s) dict_keys(['example_kubernetes_executor']) retrieved from /home/airflow/.local/lib/python3.7/site-packages/airflow/example_dags/example_kubernetes_executor.py
[2023-05-27T14:45:40.089+0000] {logging_mixin.py:120} INFO - [2023-05-27T14:45:40.089+0000] {dag.py:2585} INFO - Sync 1 DAGs
[2023-05-27T14:45:40.142+0000] {logging_mixin.py:120} INFO - [2023-05-27T14:45:40.142+0000] {dag.py:3340} INFO - Setting next_dagrun for example_kubernetes_executor to None, run_after=None
[2023-05-27T14:45:40.164+0000] {processor.py:176} INFO - Processing /home/airflow/.local/lib/python3.7/site-packages/airflow/example_dags/example_kubernetes_executor.py took 0.265 seconds
[2023-05-27T14:46:11.151+0000] {processor.py:154} INFO - Started process (PID=935) to work on /home/airflow/.local/lib/python3.7/site-packages/airflow/example_dags/example_kubernetes_executor.py
[2023-05-27T14:46:11.155+0000] {processor.py:756} INFO - Processing file /home/airflow/.local/lib/python3.7/site-packages/airflow/example_dags/example_kubernetes_executor.py for tasks to queue
[2023-05-27T14:46:11.156+0000] {logging_mixin.py:120} INFO - [2023-05-27T14:46:11.156+0000] {dagbag.py:537} INFO - Filling up the DagBag from /home/airflow/.local/lib/python3.7/site-packages/airflow/example_dags/example_kubernetes_executor.py
[2023-05-27T14:46:11.203+0000] {processor.py:766} INFO - DAG(s) dict_keys(['example_kubernetes_executor']) retrieved from /home/airflow/.local/lib/python3.7/site-packages/airflow/example_dags/example_kubernetes_executor.py
[2023-05-27T14:46:11.272+0000] {logging_mixin.py:120} INFO - [2023-05-27T14:46:11.272+0000] {dag.py:2585} INFO - Sync 1 DAGs
[2023-05-27T14:46:11.310+0000] {logging_mixin.py:120} INFO - [2023-05-27T14:46:11.310+0000] {dag.py:3340} INFO - Setting next_dagrun for example_kubernetes_executor to None, run_after=None
[2023-05-27T14:46:11.356+0000] {processor.py:176} INFO - Processing /home/airflow/.local/lib/python3.7/site-packages/airflow/example_dags/example_kubernetes_executor.py took 0.209 seconds
[2023-05-27T14:46:41.559+0000] {processor.py:154} INFO - Started process (PID=998) to work on /home/airflow/.local/lib/python3.7/site-packages/airflow/example_dags/example_kubernetes_executor.py
[2023-05-27T14:46:41.562+0000] {processor.py:756} INFO - Processing file /home/airflow/.local/lib/python3.7/site-packages/airflow/example_dags/example_kubernetes_executor.py for tasks to queue
[2023-05-27T14:46:41.563+0000] {logging_mixin.py:120} INFO - [2023-05-27T14:46:41.562+0000] {dagbag.py:537} INFO - Filling up the DagBag from /home/airflow/.local/lib/python3.7/site-packages/airflow/example_dags/example_kubernetes_executor.py
[2023-05-27T14:46:41.610+0000] {processor.py:766} INFO - DAG(s) dict_keys(['example_kubernetes_executor']) retrieved from /home/airflow/.local/lib/python3.7/site-packages/airflow/example_dags/example_kubernetes_executor.py
[2023-05-27T14:46:41.665+0000] {logging_mixin.py:120} INFO - [2023-05-27T14:46:41.665+0000] {dag.py:2585} INFO - Sync 1 DAGs
[2023-05-27T14:46:41.696+0000] {logging_mixin.py:120} INFO - [2023-05-27T14:46:41.696+0000] {dag.py:3340} INFO - Setting next_dagrun for example_kubernetes_executor to None, run_after=None
[2023-05-27T14:46:41.718+0000] {processor.py:176} INFO - Processing /home/airflow/.local/lib/python3.7/site-packages/airflow/example_dags/example_kubernetes_executor.py took 0.163 seconds
[2023-05-27T14:47:11.789+0000] {processor.py:154} INFO - Started process (PID=1052) to work on /home/airflow/.local/lib/python3.7/site-packages/airflow/example_dags/example_kubernetes_executor.py
[2023-05-27T14:47:11.793+0000] {processor.py:756} INFO - Processing file /home/airflow/.local/lib/python3.7/site-packages/airflow/example_dags/example_kubernetes_executor.py for tasks to queue
[2023-05-27T14:47:11.794+0000] {logging_mixin.py:120} INFO - [2023-05-27T14:47:11.794+0000] {dagbag.py:537} INFO - Filling up the DagBag from /home/airflow/.local/lib/python3.7/site-packages/airflow/example_dags/example_kubernetes_executor.py
[2023-05-27T14:47:11.856+0000] {processor.py:766} INFO - DAG(s) dict_keys(['example_kubernetes_executor']) retrieved from /home/airflow/.local/lib/python3.7/site-packages/airflow/example_dags/example_kubernetes_executor.py
[2023-05-27T14:47:11.925+0000] {logging_mixin.py:120} INFO - [2023-05-27T14:47:11.924+0000] {dag.py:2585} INFO - Sync 1 DAGs
[2023-05-27T14:47:11.995+0000] {logging_mixin.py:120} INFO - [2023-05-27T14:47:11.995+0000] {dag.py:3340} INFO - Setting next_dagrun for example_kubernetes_executor to None, run_after=None
[2023-05-27T14:47:12.044+0000] {processor.py:176} INFO - Processing /home/airflow/.local/lib/python3.7/site-packages/airflow/example_dags/example_kubernetes_executor.py took 0.259 seconds
[2023-05-27T14:47:42.147+0000] {processor.py:154} INFO - Started process (PID=1115) to work on /home/airflow/.local/lib/python3.7/site-packages/airflow/example_dags/example_kubernetes_executor.py
[2023-05-27T14:47:42.149+0000] {processor.py:756} INFO - Processing file /home/airflow/.local/lib/python3.7/site-packages/airflow/example_dags/example_kubernetes_executor.py for tasks to queue
[2023-05-27T14:47:42.150+0000] {logging_mixin.py:120} INFO - [2023-05-27T14:47:42.150+0000] {dagbag.py:537} INFO - Filling up the DagBag from /home/airflow/.local/lib/python3.7/site-packages/airflow/example_dags/example_kubernetes_executor.py
[2023-05-27T14:47:42.230+0000] {processor.py:766} INFO - DAG(s) dict_keys(['example_kubernetes_executor']) retrieved from /home/airflow/.local/lib/python3.7/site-packages/airflow/example_dags/example_kubernetes_executor.py
[2023-05-27T14:47:42.355+0000] {logging_mixin.py:120} INFO - [2023-05-27T14:47:42.354+0000] {dag.py:2585} INFO - Sync 1 DAGs
[2023-05-27T14:47:42.415+0000] {logging_mixin.py:120} INFO - [2023-05-27T14:47:42.414+0000] {dag.py:3340} INFO - Setting next_dagrun for example_kubernetes_executor to None, run_after=None
[2023-05-27T14:47:42.463+0000] {processor.py:176} INFO - Processing /home/airflow/.local/lib/python3.7/site-packages/airflow/example_dags/example_kubernetes_executor.py took 0.321 seconds
[2023-05-27T14:48:13.256+0000] {processor.py:154} INFO - Started process (PID=1169) to work on /home/airflow/.local/lib/python3.7/site-packages/airflow/example_dags/example_kubernetes_executor.py
[2023-05-27T14:48:13.269+0000] {processor.py:756} INFO - Processing file /home/airflow/.local/lib/python3.7/site-packages/airflow/example_dags/example_kubernetes_executor.py for tasks to queue
[2023-05-27T14:48:13.270+0000] {logging_mixin.py:120} INFO - [2023-05-27T14:48:13.270+0000] {dagbag.py:537} INFO - Filling up the DagBag from /home/airflow/.local/lib/python3.7/site-packages/airflow/example_dags/example_kubernetes_executor.py
[2023-05-27T14:48:13.390+0000] {processor.py:766} INFO - DAG(s) dict_keys(['example_kubernetes_executor']) retrieved from /home/airflow/.local/lib/python3.7/site-packages/airflow/example_dags/example_kubernetes_executor.py
[2023-05-27T14:48:13.448+0000] {logging_mixin.py:120} INFO - [2023-05-27T14:48:13.448+0000] {dag.py:2585} INFO - Sync 1 DAGs
[2023-05-27T14:48:13.479+0000] {logging_mixin.py:120} INFO - [2023-05-27T14:48:13.479+0000] {dag.py:3340} INFO - Setting next_dagrun for example_kubernetes_executor to None, run_after=None
[2023-05-27T14:48:13.502+0000] {processor.py:176} INFO - Processing /home/airflow/.local/lib/python3.7/site-packages/airflow/example_dags/example_kubernetes_executor.py took 0.250 seconds
[2023-05-27T14:48:43.702+0000] {processor.py:154} INFO - Started process (PID=1230) to work on /home/airflow/.local/lib/python3.7/site-packages/airflow/example_dags/example_kubernetes_executor.py
[2023-05-27T14:48:43.705+0000] {processor.py:756} INFO - Processing file /home/airflow/.local/lib/python3.7/site-packages/airflow/example_dags/example_kubernetes_executor.py for tasks to queue
[2023-05-27T14:48:43.706+0000] {logging_mixin.py:120} INFO - [2023-05-27T14:48:43.705+0000] {dagbag.py:537} INFO - Filling up the DagBag from /home/airflow/.local/lib/python3.7/site-packages/airflow/example_dags/example_kubernetes_executor.py
[2023-05-27T14:48:43.782+0000] {processor.py:766} INFO - DAG(s) dict_keys(['example_kubernetes_executor']) retrieved from /home/airflow/.local/lib/python3.7/site-packages/airflow/example_dags/example_kubernetes_executor.py
[2023-05-27T14:48:43.910+0000] {logging_mixin.py:120} INFO - [2023-05-27T14:48:43.909+0000] {dag.py:2585} INFO - Sync 1 DAGs
[2023-05-27T14:48:43.943+0000] {logging_mixin.py:120} INFO - [2023-05-27T14:48:43.943+0000] {dag.py:3340} INFO - Setting next_dagrun for example_kubernetes_executor to None, run_after=None
[2023-05-27T14:48:43.979+0000] {processor.py:176} INFO - Processing /home/airflow/.local/lib/python3.7/site-packages/airflow/example_dags/example_kubernetes_executor.py took 0.286 seconds
[2023-05-27T14:49:14.871+0000] {processor.py:154} INFO - Started process (PID=1286) to work on /home/airflow/.local/lib/python3.7/site-packages/airflow/example_dags/example_kubernetes_executor.py
[2023-05-27T14:49:14.875+0000] {processor.py:756} INFO - Processing file /home/airflow/.local/lib/python3.7/site-packages/airflow/example_dags/example_kubernetes_executor.py for tasks to queue
[2023-05-27T14:49:14.877+0000] {logging_mixin.py:120} INFO - [2023-05-27T14:49:14.876+0000] {dagbag.py:537} INFO - Filling up the DagBag from /home/airflow/.local/lib/python3.7/site-packages/airflow/example_dags/example_kubernetes_executor.py
[2023-05-27T14:49:14.988+0000] {processor.py:766} INFO - DAG(s) dict_keys(['example_kubernetes_executor']) retrieved from /home/airflow/.local/lib/python3.7/site-packages/airflow/example_dags/example_kubernetes_executor.py
[2023-05-27T14:49:15.071+0000] {logging_mixin.py:120} INFO - [2023-05-27T14:49:15.071+0000] {dag.py:2585} INFO - Sync 1 DAGs
[2023-05-27T14:49:15.157+0000] {logging_mixin.py:120} INFO - [2023-05-27T14:49:15.157+0000] {dag.py:3340} INFO - Setting next_dagrun for example_kubernetes_executor to None, run_after=None
[2023-05-27T14:49:15.208+0000] {processor.py:176} INFO - Processing /home/airflow/.local/lib/python3.7/site-packages/airflow/example_dags/example_kubernetes_executor.py took 0.343 seconds
[2023-05-27T14:49:46.114+0000] {processor.py:154} INFO - Started process (PID=1348) to work on /home/airflow/.local/lib/python3.7/site-packages/airflow/example_dags/example_kubernetes_executor.py
[2023-05-27T14:49:46.117+0000] {processor.py:756} INFO - Processing file /home/airflow/.local/lib/python3.7/site-packages/airflow/example_dags/example_kubernetes_executor.py for tasks to queue
[2023-05-27T14:49:46.118+0000] {logging_mixin.py:120} INFO - [2023-05-27T14:49:46.117+0000] {dagbag.py:537} INFO - Filling up the DagBag from /home/airflow/.local/lib/python3.7/site-packages/airflow/example_dags/example_kubernetes_executor.py
[2023-05-27T14:49:46.188+0000] {processor.py:766} INFO - DAG(s) dict_keys(['example_kubernetes_executor']) retrieved from /home/airflow/.local/lib/python3.7/site-packages/airflow/example_dags/example_kubernetes_executor.py
[2023-05-27T14:49:46.281+0000] {logging_mixin.py:120} INFO - [2023-05-27T14:49:46.280+0000] {dag.py:2585} INFO - Sync 1 DAGs
[2023-05-27T14:49:46.314+0000] {logging_mixin.py:120} INFO - [2023-05-27T14:49:46.314+0000] {dag.py:3340} INFO - Setting next_dagrun for example_kubernetes_executor to None, run_after=None
[2023-05-27T14:49:46.351+0000] {processor.py:176} INFO - Processing /home/airflow/.local/lib/python3.7/site-packages/airflow/example_dags/example_kubernetes_executor.py took 0.244 seconds
[2023-05-27T14:50:16.433+0000] {processor.py:154} INFO - Started process (PID=1405) to work on /home/airflow/.local/lib/python3.7/site-packages/airflow/example_dags/example_kubernetes_executor.py
[2023-05-27T14:50:16.436+0000] {processor.py:756} INFO - Processing file /home/airflow/.local/lib/python3.7/site-packages/airflow/example_dags/example_kubernetes_executor.py for tasks to queue
[2023-05-27T14:50:16.436+0000] {logging_mixin.py:120} INFO - [2023-05-27T14:50:16.436+0000] {dagbag.py:537} INFO - Filling up the DagBag from /home/airflow/.local/lib/python3.7/site-packages/airflow/example_dags/example_kubernetes_executor.py
[2023-05-27T14:50:16.505+0000] {processor.py:766} INFO - DAG(s) dict_keys(['example_kubernetes_executor']) retrieved from /home/airflow/.local/lib/python3.7/site-packages/airflow/example_dags/example_kubernetes_executor.py
[2023-05-27T14:50:16.602+0000] {logging_mixin.py:120} INFO - [2023-05-27T14:50:16.601+0000] {dag.py:2585} INFO - Sync 1 DAGs
[2023-05-27T14:50:16.642+0000] {logging_mixin.py:120} INFO - [2023-05-27T14:50:16.642+0000] {dag.py:3340} INFO - Setting next_dagrun for example_kubernetes_executor to None, run_after=None
[2023-05-27T14:50:16.671+0000] {processor.py:176} INFO - Processing /home/airflow/.local/lib/python3.7/site-packages/airflow/example_dags/example_kubernetes_executor.py took 0.243 seconds
[2023-05-27T14:50:46.774+0000] {processor.py:154} INFO - Started process (PID=1460) to work on /home/airflow/.local/lib/python3.7/site-packages/airflow/example_dags/example_kubernetes_executor.py
[2023-05-27T14:50:46.777+0000] {processor.py:756} INFO - Processing file /home/airflow/.local/lib/python3.7/site-packages/airflow/example_dags/example_kubernetes_executor.py for tasks to queue
[2023-05-27T14:50:46.777+0000] {logging_mixin.py:120} INFO - [2023-05-27T14:50:46.777+0000] {dagbag.py:537} INFO - Filling up the DagBag from /home/airflow/.local/lib/python3.7/site-packages/airflow/example_dags/example_kubernetes_executor.py
[2023-05-27T14:50:46.816+0000] {processor.py:766} INFO - DAG(s) dict_keys(['example_kubernetes_executor']) retrieved from /home/airflow/.local/lib/python3.7/site-packages/airflow/example_dags/example_kubernetes_executor.py
[2023-05-27T14:50:46.866+0000] {logging_mixin.py:120} INFO - [2023-05-27T14:50:46.866+0000] {dag.py:2585} INFO - Sync 1 DAGs
[2023-05-27T14:50:46.897+0000] {logging_mixin.py:120} INFO - [2023-05-27T14:50:46.896+0000] {dag.py:3340} INFO - Setting next_dagrun for example_kubernetes_executor to None, run_after=None
[2023-05-27T14:50:46.918+0000] {processor.py:176} INFO - Processing /home/airflow/.local/lib/python3.7/site-packages/airflow/example_dags/example_kubernetes_executor.py took 0.148 seconds
[2023-05-27T14:51:17.704+0000] {processor.py:154} INFO - Started process (PID=1513) to work on /home/airflow/.local/lib/python3.7/site-packages/airflow/example_dags/example_kubernetes_executor.py
[2023-05-27T14:51:17.706+0000] {processor.py:756} INFO - Processing file /home/airflow/.local/lib/python3.7/site-packages/airflow/example_dags/example_kubernetes_executor.py for tasks to queue
[2023-05-27T14:51:17.707+0000] {logging_mixin.py:120} INFO - [2023-05-27T14:51:17.707+0000] {dagbag.py:537} INFO - Filling up the DagBag from /home/airflow/.local/lib/python3.7/site-packages/airflow/example_dags/example_kubernetes_executor.py
[2023-05-27T14:51:17.746+0000] {processor.py:766} INFO - DAG(s) dict_keys(['example_kubernetes_executor']) retrieved from /home/airflow/.local/lib/python3.7/site-packages/airflow/example_dags/example_kubernetes_executor.py
[2023-05-27T14:51:17.797+0000] {logging_mixin.py:120} INFO - [2023-05-27T14:51:17.797+0000] {dag.py:2585} INFO - Sync 1 DAGs
[2023-05-27T14:51:17.826+0000] {logging_mixin.py:120} INFO - [2023-05-27T14:51:17.826+0000] {dag.py:3340} INFO - Setting next_dagrun for example_kubernetes_executor to None, run_after=None
[2023-05-27T14:51:17.849+0000] {processor.py:176} INFO - Processing /home/airflow/.local/lib/python3.7/site-packages/airflow/example_dags/example_kubernetes_executor.py took 0.148 seconds
[2023-05-27T14:51:48.174+0000] {processor.py:154} INFO - Started process (PID=1576) to work on /home/airflow/.local/lib/python3.7/site-packages/airflow/example_dags/example_kubernetes_executor.py
[2023-05-27T14:51:48.180+0000] {processor.py:756} INFO - Processing file /home/airflow/.local/lib/python3.7/site-packages/airflow/example_dags/example_kubernetes_executor.py for tasks to queue
[2023-05-27T14:51:48.181+0000] {logging_mixin.py:120} INFO - [2023-05-27T14:51:48.181+0000] {dagbag.py:537} INFO - Filling up the DagBag from /home/airflow/.local/lib/python3.7/site-packages/airflow/example_dags/example_kubernetes_executor.py
[2023-05-27T14:51:48.268+0000] {processor.py:766} INFO - DAG(s) dict_keys(['example_kubernetes_executor']) retrieved from /home/airflow/.local/lib/python3.7/site-packages/airflow/example_dags/example_kubernetes_executor.py
[2023-05-27T14:51:48.426+0000] {logging_mixin.py:120} INFO - [2023-05-27T14:51:48.425+0000] {dag.py:2585} INFO - Sync 1 DAGs
[2023-05-27T14:51:48.493+0000] {logging_mixin.py:120} INFO - [2023-05-27T14:51:48.493+0000] {dag.py:3340} INFO - Setting next_dagrun for example_kubernetes_executor to None, run_after=None
[2023-05-27T14:51:48.537+0000] {processor.py:176} INFO - Processing /home/airflow/.local/lib/python3.7/site-packages/airflow/example_dags/example_kubernetes_executor.py took 0.367 seconds
[2023-05-27T14:52:18.789+0000] {processor.py:154} INFO - Started process (PID=1630) to work on /home/airflow/.local/lib/python3.7/site-packages/airflow/example_dags/example_kubernetes_executor.py
[2023-05-27T14:52:18.798+0000] {processor.py:756} INFO - Processing file /home/airflow/.local/lib/python3.7/site-packages/airflow/example_dags/example_kubernetes_executor.py for tasks to queue
[2023-05-27T14:52:18.800+0000] {logging_mixin.py:120} INFO - [2023-05-27T14:52:18.800+0000] {dagbag.py:537} INFO - Filling up the DagBag from /home/airflow/.local/lib/python3.7/site-packages/airflow/example_dags/example_kubernetes_executor.py
[2023-05-27T14:52:18.962+0000] {processor.py:766} INFO - DAG(s) dict_keys(['example_kubernetes_executor']) retrieved from /home/airflow/.local/lib/python3.7/site-packages/airflow/example_dags/example_kubernetes_executor.py
[2023-05-27T14:52:19.201+0000] {logging_mixin.py:120} INFO - [2023-05-27T14:52:19.201+0000] {dag.py:2585} INFO - Sync 1 DAGs
[2023-05-27T14:52:19.276+0000] {logging_mixin.py:120} INFO - [2023-05-27T14:52:19.276+0000] {dag.py:3340} INFO - Setting next_dagrun for example_kubernetes_executor to None, run_after=None
[2023-05-27T14:52:19.360+0000] {processor.py:176} INFO - Processing /home/airflow/.local/lib/python3.7/site-packages/airflow/example_dags/example_kubernetes_executor.py took 0.587 seconds
[2023-05-27T14:52:53.249+0000] {processor.py:154} INFO - Started process (PID=1692) to work on /home/airflow/.local/lib/python3.7/site-packages/airflow/example_dags/example_kubernetes_executor.py
[2023-05-27T14:52:53.263+0000] {processor.py:756} INFO - Processing file /home/airflow/.local/lib/python3.7/site-packages/airflow/example_dags/example_kubernetes_executor.py for tasks to queue
[2023-05-27T14:52:53.264+0000] {logging_mixin.py:120} INFO - [2023-05-27T14:52:53.264+0000] {dagbag.py:537} INFO - Filling up the DagBag from /home/airflow/.local/lib/python3.7/site-packages/airflow/example_dags/example_kubernetes_executor.py
[2023-05-27T14:52:53.799+0000] {processor.py:766} INFO - DAG(s) dict_keys(['example_kubernetes_executor']) retrieved from /home/airflow/.local/lib/python3.7/site-packages/airflow/example_dags/example_kubernetes_executor.py
[2023-05-27T14:52:54.154+0000] {logging_mixin.py:120} INFO - [2023-05-27T14:52:54.153+0000] {dag.py:2585} INFO - Sync 1 DAGs
[2023-05-27T14:52:54.193+0000] {logging_mixin.py:120} INFO - [2023-05-27T14:52:54.192+0000] {dag.py:3340} INFO - Setting next_dagrun for example_kubernetes_executor to None, run_after=None
[2023-05-27T14:52:54.236+0000] {processor.py:176} INFO - Processing /home/airflow/.local/lib/python3.7/site-packages/airflow/example_dags/example_kubernetes_executor.py took 0.998 seconds
[2023-05-27T14:53:24.708+0000] {processor.py:154} INFO - Started process (PID=1746) to work on /home/airflow/.local/lib/python3.7/site-packages/airflow/example_dags/example_kubernetes_executor.py
[2023-05-27T14:53:24.710+0000] {processor.py:756} INFO - Processing file /home/airflow/.local/lib/python3.7/site-packages/airflow/example_dags/example_kubernetes_executor.py for tasks to queue
[2023-05-27T14:53:24.710+0000] {logging_mixin.py:120} INFO - [2023-05-27T14:53:24.710+0000] {dagbag.py:537} INFO - Filling up the DagBag from /home/airflow/.local/lib/python3.7/site-packages/airflow/example_dags/example_kubernetes_executor.py
[2023-05-27T14:53:24.754+0000] {processor.py:766} INFO - DAG(s) dict_keys(['example_kubernetes_executor']) retrieved from /home/airflow/.local/lib/python3.7/site-packages/airflow/example_dags/example_kubernetes_executor.py
[2023-05-27T14:53:24.804+0000] {logging_mixin.py:120} INFO - [2023-05-27T14:53:24.804+0000] {dag.py:2585} INFO - Sync 1 DAGs
[2023-05-27T14:53:24.836+0000] {logging_mixin.py:120} INFO - [2023-05-27T14:53:24.836+0000] {dag.py:3340} INFO - Setting next_dagrun for example_kubernetes_executor to None, run_after=None
[2023-05-27T14:53:24.857+0000] {processor.py:176} INFO - Processing /home/airflow/.local/lib/python3.7/site-packages/airflow/example_dags/example_kubernetes_executor.py took 0.153 seconds
