[2023-05-27T14:38:17.428+0000] {processor.py:154} INFO - Started process (PID=50) to work on /home/airflow/.local/lib/python3.7/site-packages/airflow/example_dags/example_short_circuit_operator.py
[2023-05-27T14:38:17.429+0000] {processor.py:756} INFO - Processing file /home/airflow/.local/lib/python3.7/site-packages/airflow/example_dags/example_short_circuit_operator.py for tasks to queue
[2023-05-27T14:38:17.429+0000] {logging_mixin.py:120} INFO - [2023-05-27T14:38:17.429+0000] {dagbag.py:537} INFO - Filling up the DagBag from /home/airflow/.local/lib/python3.7/site-packages/airflow/example_dags/example_short_circuit_operator.py
[2023-05-27T14:38:17.657+0000] {processor.py:766} INFO - DAG(s) dict_keys(['example_short_circuit_operator']) retrieved from /home/airflow/.local/lib/python3.7/site-packages/airflow/example_dags/example_short_circuit_operator.py
[2023-05-27T14:38:18.786+0000] {logging_mixin.py:120} INFO - [2023-05-27T14:38:18.786+0000] {manager.py:507} INFO - Created Permission View: can read on DAG:example_short_circuit_operator
[2023-05-27T14:38:18.866+0000] {logging_mixin.py:120} INFO - [2023-05-27T14:38:18.866+0000] {manager.py:507} INFO - Created Permission View: can edit on DAG:example_short_circuit_operator
[2023-05-27T14:38:18.912+0000] {logging_mixin.py:120} INFO - [2023-05-27T14:38:18.912+0000] {manager.py:507} INFO - Created Permission View: can delete on DAG:example_short_circuit_operator
[2023-05-27T14:38:18.919+0000] {logging_mixin.py:120} INFO - [2023-05-27T14:38:18.918+0000] {dag.py:2585} INFO - Sync 1 DAGs
[2023-05-27T14:38:19.013+0000] {logging_mixin.py:120} INFO - [2023-05-27T14:38:19.013+0000] {dag.py:2606} INFO - Creating ORM DAG for example_short_circuit_operator
[2023-05-27T14:38:19.140+0000] {logging_mixin.py:120} INFO - [2023-05-27T14:38:19.140+0000] {dag.py:3340} INFO - Setting next_dagrun for example_short_circuit_operator to 2023-05-26T14:38:19.140320+00:00, run_after=2023-05-27T14:38:19.140320+00:00
[2023-05-27T14:38:19.292+0000] {processor.py:176} INFO - Processing /home/airflow/.local/lib/python3.7/site-packages/airflow/example_dags/example_short_circuit_operator.py took 1.900 seconds
[2023-05-27T14:38:50.293+0000] {processor.py:154} INFO - Started process (PID=105) to work on /home/airflow/.local/lib/python3.7/site-packages/airflow/example_dags/example_short_circuit_operator.py
[2023-05-27T14:38:50.294+0000] {processor.py:756} INFO - Processing file /home/airflow/.local/lib/python3.7/site-packages/airflow/example_dags/example_short_circuit_operator.py for tasks to queue
[2023-05-27T14:38:50.295+0000] {logging_mixin.py:120} INFO - [2023-05-27T14:38:50.295+0000] {dagbag.py:537} INFO - Filling up the DagBag from /home/airflow/.local/lib/python3.7/site-packages/airflow/example_dags/example_short_circuit_operator.py
[2023-05-27T14:38:50.326+0000] {processor.py:766} INFO - DAG(s) dict_keys(['example_short_circuit_operator']) retrieved from /home/airflow/.local/lib/python3.7/site-packages/airflow/example_dags/example_short_circuit_operator.py
[2023-05-27T14:38:50.407+0000] {logging_mixin.py:120} INFO - [2023-05-27T14:38:50.407+0000] {dag.py:2585} INFO - Sync 1 DAGs
[2023-05-27T14:38:50.440+0000] {logging_mixin.py:120} INFO - [2023-05-27T14:38:50.439+0000] {dag.py:3340} INFO - Setting next_dagrun for example_short_circuit_operator to 2023-05-26T14:38:50.439649+00:00, run_after=2023-05-27T14:38:50.439649+00:00
[2023-05-27T14:38:50.472+0000] {processor.py:176} INFO - Processing /home/airflow/.local/lib/python3.7/site-packages/airflow/example_dags/example_short_circuit_operator.py took 0.184 seconds
[2023-05-27T14:39:20.789+0000] {processor.py:154} INFO - Started process (PID=162) to work on /home/airflow/.local/lib/python3.7/site-packages/airflow/example_dags/example_short_circuit_operator.py
[2023-05-27T14:39:20.796+0000] {processor.py:756} INFO - Processing file /home/airflow/.local/lib/python3.7/site-packages/airflow/example_dags/example_short_circuit_operator.py for tasks to queue
[2023-05-27T14:39:20.796+0000] {logging_mixin.py:120} INFO - [2023-05-27T14:39:20.796+0000] {dagbag.py:537} INFO - Filling up the DagBag from /home/airflow/.local/lib/python3.7/site-packages/airflow/example_dags/example_short_circuit_operator.py
[2023-05-27T14:39:20.881+0000] {processor.py:766} INFO - DAG(s) dict_keys(['example_short_circuit_operator']) retrieved from /home/airflow/.local/lib/python3.7/site-packages/airflow/example_dags/example_short_circuit_operator.py
[2023-05-27T14:39:21.025+0000] {logging_mixin.py:120} INFO - [2023-05-27T14:39:21.025+0000] {dag.py:2585} INFO - Sync 1 DAGs
[2023-05-27T14:39:21.091+0000] {logging_mixin.py:120} INFO - [2023-05-27T14:39:21.091+0000] {dag.py:3340} INFO - Setting next_dagrun for example_short_circuit_operator to 2023-05-26T14:39:21.090929+00:00, run_after=2023-05-27T14:39:21.090929+00:00
[2023-05-27T14:39:21.112+0000] {processor.py:176} INFO - Processing /home/airflow/.local/lib/python3.7/site-packages/airflow/example_dags/example_short_circuit_operator.py took 0.332 seconds
[2023-05-27T14:39:51.162+0000] {processor.py:154} INFO - Started process (PID=215) to work on /home/airflow/.local/lib/python3.7/site-packages/airflow/example_dags/example_short_circuit_operator.py
[2023-05-27T14:39:51.164+0000] {processor.py:756} INFO - Processing file /home/airflow/.local/lib/python3.7/site-packages/airflow/example_dags/example_short_circuit_operator.py for tasks to queue
[2023-05-27T14:39:51.165+0000] {logging_mixin.py:120} INFO - [2023-05-27T14:39:51.165+0000] {dagbag.py:537} INFO - Filling up the DagBag from /home/airflow/.local/lib/python3.7/site-packages/airflow/example_dags/example_short_circuit_operator.py
[2023-05-27T14:39:51.189+0000] {processor.py:766} INFO - DAG(s) dict_keys(['example_short_circuit_operator']) retrieved from /home/airflow/.local/lib/python3.7/site-packages/airflow/example_dags/example_short_circuit_operator.py
[2023-05-27T14:39:51.241+0000] {logging_mixin.py:120} INFO - [2023-05-27T14:39:51.241+0000] {dag.py:2585} INFO - Sync 1 DAGs
[2023-05-27T14:39:51.273+0000] {logging_mixin.py:120} INFO - [2023-05-27T14:39:51.272+0000] {dag.py:3340} INFO - Setting next_dagrun for example_short_circuit_operator to 2023-05-26T14:39:51.272574+00:00, run_after=2023-05-27T14:39:51.272574+00:00
[2023-05-27T14:39:51.296+0000] {processor.py:176} INFO - Processing /home/airflow/.local/lib/python3.7/site-packages/airflow/example_dags/example_short_circuit_operator.py took 0.138 seconds
[2023-05-27T14:40:21.642+0000] {processor.py:154} INFO - Started process (PID=278) to work on /home/airflow/.local/lib/python3.7/site-packages/airflow/example_dags/example_short_circuit_operator.py
[2023-05-27T14:40:21.643+0000] {processor.py:756} INFO - Processing file /home/airflow/.local/lib/python3.7/site-packages/airflow/example_dags/example_short_circuit_operator.py for tasks to queue
[2023-05-27T14:40:21.644+0000] {logging_mixin.py:120} INFO - [2023-05-27T14:40:21.644+0000] {dagbag.py:537} INFO - Filling up the DagBag from /home/airflow/.local/lib/python3.7/site-packages/airflow/example_dags/example_short_circuit_operator.py
[2023-05-27T14:40:21.671+0000] {processor.py:766} INFO - DAG(s) dict_keys(['example_short_circuit_operator']) retrieved from /home/airflow/.local/lib/python3.7/site-packages/airflow/example_dags/example_short_circuit_operator.py
[2023-05-27T14:40:21.722+0000] {logging_mixin.py:120} INFO - [2023-05-27T14:40:21.722+0000] {dag.py:2585} INFO - Sync 1 DAGs
[2023-05-27T14:40:21.754+0000] {logging_mixin.py:120} INFO - [2023-05-27T14:40:21.754+0000] {dag.py:3340} INFO - Setting next_dagrun for example_short_circuit_operator to 2023-05-26T14:40:21.753741+00:00, run_after=2023-05-27T14:40:21.753741+00:00
[2023-05-27T14:40:21.775+0000] {processor.py:176} INFO - Processing /home/airflow/.local/lib/python3.7/site-packages/airflow/example_dags/example_short_circuit_operator.py took 0.137 seconds
[2023-05-27T14:40:52.265+0000] {processor.py:154} INFO - Started process (PID=333) to work on /home/airflow/.local/lib/python3.7/site-packages/airflow/example_dags/example_short_circuit_operator.py
[2023-05-27T14:40:52.267+0000] {processor.py:756} INFO - Processing file /home/airflow/.local/lib/python3.7/site-packages/airflow/example_dags/example_short_circuit_operator.py for tasks to queue
[2023-05-27T14:40:52.269+0000] {logging_mixin.py:120} INFO - [2023-05-27T14:40:52.269+0000] {dagbag.py:537} INFO - Filling up the DagBag from /home/airflow/.local/lib/python3.7/site-packages/airflow/example_dags/example_short_circuit_operator.py
[2023-05-27T14:40:52.317+0000] {processor.py:766} INFO - DAG(s) dict_keys(['example_short_circuit_operator']) retrieved from /home/airflow/.local/lib/python3.7/site-packages/airflow/example_dags/example_short_circuit_operator.py
[2023-05-27T14:40:52.387+0000] {logging_mixin.py:120} INFO - [2023-05-27T14:40:52.387+0000] {dag.py:2585} INFO - Sync 1 DAGs
[2023-05-27T14:40:52.419+0000] {logging_mixin.py:120} INFO - [2023-05-27T14:40:52.418+0000] {dag.py:3340} INFO - Setting next_dagrun for example_short_circuit_operator to 2023-05-26T14:40:52.418458+00:00, run_after=2023-05-27T14:40:52.418458+00:00
[2023-05-27T14:40:52.441+0000] {processor.py:176} INFO - Processing /home/airflow/.local/lib/python3.7/site-packages/airflow/example_dags/example_short_circuit_operator.py took 0.180 seconds
[2023-05-27T14:41:23.424+0000] {processor.py:154} INFO - Started process (PID=396) to work on /home/airflow/.local/lib/python3.7/site-packages/airflow/example_dags/example_short_circuit_operator.py
[2023-05-27T14:41:23.426+0000] {processor.py:756} INFO - Processing file /home/airflow/.local/lib/python3.7/site-packages/airflow/example_dags/example_short_circuit_operator.py for tasks to queue
[2023-05-27T14:41:23.427+0000] {logging_mixin.py:120} INFO - [2023-05-27T14:41:23.427+0000] {dagbag.py:537} INFO - Filling up the DagBag from /home/airflow/.local/lib/python3.7/site-packages/airflow/example_dags/example_short_circuit_operator.py
[2023-05-27T14:41:23.459+0000] {processor.py:766} INFO - DAG(s) dict_keys(['example_short_circuit_operator']) retrieved from /home/airflow/.local/lib/python3.7/site-packages/airflow/example_dags/example_short_circuit_operator.py
[2023-05-27T14:41:23.521+0000] {logging_mixin.py:120} INFO - [2023-05-27T14:41:23.521+0000] {dag.py:2585} INFO - Sync 1 DAGs
[2023-05-27T14:41:23.555+0000] {logging_mixin.py:120} INFO - [2023-05-27T14:41:23.554+0000] {dag.py:3340} INFO - Setting next_dagrun for example_short_circuit_operator to 2023-05-26T14:41:23.554519+00:00, run_after=2023-05-27T14:41:23.554519+00:00
[2023-05-27T14:41:23.577+0000] {processor.py:176} INFO - Processing /home/airflow/.local/lib/python3.7/site-packages/airflow/example_dags/example_short_circuit_operator.py took 0.157 seconds
[2023-05-27T14:41:53.709+0000] {processor.py:154} INFO - Started process (PID=451) to work on /home/airflow/.local/lib/python3.7/site-packages/airflow/example_dags/example_short_circuit_operator.py
[2023-05-27T14:41:53.710+0000] {processor.py:756} INFO - Processing file /home/airflow/.local/lib/python3.7/site-packages/airflow/example_dags/example_short_circuit_operator.py for tasks to queue
[2023-05-27T14:41:53.711+0000] {logging_mixin.py:120} INFO - [2023-05-27T14:41:53.711+0000] {dagbag.py:537} INFO - Filling up the DagBag from /home/airflow/.local/lib/python3.7/site-packages/airflow/example_dags/example_short_circuit_operator.py
[2023-05-27T14:41:53.746+0000] {processor.py:766} INFO - DAG(s) dict_keys(['example_short_circuit_operator']) retrieved from /home/airflow/.local/lib/python3.7/site-packages/airflow/example_dags/example_short_circuit_operator.py
[2023-05-27T14:41:53.812+0000] {logging_mixin.py:120} INFO - [2023-05-27T14:41:53.812+0000] {dag.py:2585} INFO - Sync 1 DAGs
[2023-05-27T14:41:53.845+0000] {logging_mixin.py:120} INFO - [2023-05-27T14:41:53.845+0000] {dag.py:3340} INFO - Setting next_dagrun for example_short_circuit_operator to 2023-05-26T14:41:53.845450+00:00, run_after=2023-05-27T14:41:53.845450+00:00
[2023-05-27T14:41:53.868+0000] {processor.py:176} INFO - Processing /home/airflow/.local/lib/python3.7/site-packages/airflow/example_dags/example_short_circuit_operator.py took 0.164 seconds
[2023-05-27T14:42:24.352+0000] {processor.py:154} INFO - Started process (PID=513) to work on /home/airflow/.local/lib/python3.7/site-packages/airflow/example_dags/example_short_circuit_operator.py
[2023-05-27T14:42:24.354+0000] {processor.py:756} INFO - Processing file /home/airflow/.local/lib/python3.7/site-packages/airflow/example_dags/example_short_circuit_operator.py for tasks to queue
[2023-05-27T14:42:24.354+0000] {logging_mixin.py:120} INFO - [2023-05-27T14:42:24.354+0000] {dagbag.py:537} INFO - Filling up the DagBag from /home/airflow/.local/lib/python3.7/site-packages/airflow/example_dags/example_short_circuit_operator.py
[2023-05-27T14:42:24.398+0000] {processor.py:766} INFO - DAG(s) dict_keys(['example_short_circuit_operator']) retrieved from /home/airflow/.local/lib/python3.7/site-packages/airflow/example_dags/example_short_circuit_operator.py
[2023-05-27T14:42:24.518+0000] {logging_mixin.py:120} INFO - [2023-05-27T14:42:24.518+0000] {dag.py:2585} INFO - Sync 1 DAGs
[2023-05-27T14:42:24.576+0000] {logging_mixin.py:120} INFO - [2023-05-27T14:42:24.576+0000] {dag.py:3340} INFO - Setting next_dagrun for example_short_circuit_operator to 2023-05-26T14:42:24.575832+00:00, run_after=2023-05-27T14:42:24.575832+00:00
[2023-05-27T14:42:24.598+0000] {processor.py:176} INFO - Processing /home/airflow/.local/lib/python3.7/site-packages/airflow/example_dags/example_short_circuit_operator.py took 0.259 seconds
[2023-05-27T14:42:54.664+0000] {processor.py:154} INFO - Started process (PID=569) to work on /home/airflow/.local/lib/python3.7/site-packages/airflow/example_dags/example_short_circuit_operator.py
[2023-05-27T14:42:54.670+0000] {processor.py:756} INFO - Processing file /home/airflow/.local/lib/python3.7/site-packages/airflow/example_dags/example_short_circuit_operator.py for tasks to queue
[2023-05-27T14:42:54.671+0000] {logging_mixin.py:120} INFO - [2023-05-27T14:42:54.671+0000] {dagbag.py:537} INFO - Filling up the DagBag from /home/airflow/.local/lib/python3.7/site-packages/airflow/example_dags/example_short_circuit_operator.py
[2023-05-27T14:42:54.719+0000] {processor.py:766} INFO - DAG(s) dict_keys(['example_short_circuit_operator']) retrieved from /home/airflow/.local/lib/python3.7/site-packages/airflow/example_dags/example_short_circuit_operator.py
[2023-05-27T14:42:54.919+0000] {logging_mixin.py:120} INFO - [2023-05-27T14:42:54.918+0000] {dag.py:2585} INFO - Sync 1 DAGs
[2023-05-27T14:42:55.095+0000] {logging_mixin.py:120} INFO - [2023-05-27T14:42:55.095+0000] {dag.py:3340} INFO - Setting next_dagrun for example_short_circuit_operator to 2023-05-26T14:42:55.094962+00:00, run_after=2023-05-27T14:42:55.094962+00:00
[2023-05-27T14:42:55.152+0000] {processor.py:176} INFO - Processing /home/airflow/.local/lib/python3.7/site-packages/airflow/example_dags/example_short_circuit_operator.py took 0.493 seconds
[2023-05-27T14:43:25.576+0000] {processor.py:154} INFO - Started process (PID=623) to work on /home/airflow/.local/lib/python3.7/site-packages/airflow/example_dags/example_short_circuit_operator.py
[2023-05-27T14:43:25.579+0000] {processor.py:756} INFO - Processing file /home/airflow/.local/lib/python3.7/site-packages/airflow/example_dags/example_short_circuit_operator.py for tasks to queue
[2023-05-27T14:43:25.579+0000] {logging_mixin.py:120} INFO - [2023-05-27T14:43:25.579+0000] {dagbag.py:537} INFO - Filling up the DagBag from /home/airflow/.local/lib/python3.7/site-packages/airflow/example_dags/example_short_circuit_operator.py
[2023-05-27T14:43:25.604+0000] {processor.py:766} INFO - DAG(s) dict_keys(['example_short_circuit_operator']) retrieved from /home/airflow/.local/lib/python3.7/site-packages/airflow/example_dags/example_short_circuit_operator.py
[2023-05-27T14:43:25.655+0000] {logging_mixin.py:120} INFO - [2023-05-27T14:43:25.655+0000] {dag.py:2585} INFO - Sync 1 DAGs
[2023-05-27T14:43:25.687+0000] {logging_mixin.py:120} INFO - [2023-05-27T14:43:25.687+0000] {dag.py:3340} INFO - Setting next_dagrun for example_short_circuit_operator to 2023-05-26T14:43:25.687299+00:00, run_after=2023-05-27T14:43:25.687299+00:00
[2023-05-27T14:43:25.709+0000] {processor.py:176} INFO - Processing /home/airflow/.local/lib/python3.7/site-packages/airflow/example_dags/example_short_circuit_operator.py took 0.137 seconds
[2023-05-27T14:43:56.232+0000] {processor.py:154} INFO - Started process (PID=686) to work on /home/airflow/.local/lib/python3.7/site-packages/airflow/example_dags/example_short_circuit_operator.py
[2023-05-27T14:43:56.236+0000] {processor.py:756} INFO - Processing file /home/airflow/.local/lib/python3.7/site-packages/airflow/example_dags/example_short_circuit_operator.py for tasks to queue
[2023-05-27T14:43:56.236+0000] {logging_mixin.py:120} INFO - [2023-05-27T14:43:56.236+0000] {dagbag.py:537} INFO - Filling up the DagBag from /home/airflow/.local/lib/python3.7/site-packages/airflow/example_dags/example_short_circuit_operator.py
[2023-05-27T14:43:56.262+0000] {processor.py:766} INFO - DAG(s) dict_keys(['example_short_circuit_operator']) retrieved from /home/airflow/.local/lib/python3.7/site-packages/airflow/example_dags/example_short_circuit_operator.py
[2023-05-27T14:43:56.309+0000] {logging_mixin.py:120} INFO - [2023-05-27T14:43:56.309+0000] {dag.py:2585} INFO - Sync 1 DAGs
[2023-05-27T14:43:56.341+0000] {logging_mixin.py:120} INFO - [2023-05-27T14:43:56.340+0000] {dag.py:3340} INFO - Setting next_dagrun for example_short_circuit_operator to 2023-05-26T14:43:56.340685+00:00, run_after=2023-05-27T14:43:56.340685+00:00
[2023-05-27T14:43:56.364+0000] {processor.py:176} INFO - Processing /home/airflow/.local/lib/python3.7/site-packages/airflow/example_dags/example_short_circuit_operator.py took 0.136 seconds
[2023-05-27T14:44:26.493+0000] {processor.py:154} INFO - Started process (PID=739) to work on /home/airflow/.local/lib/python3.7/site-packages/airflow/example_dags/example_short_circuit_operator.py
[2023-05-27T14:44:26.500+0000] {processor.py:756} INFO - Processing file /home/airflow/.local/lib/python3.7/site-packages/airflow/example_dags/example_short_circuit_operator.py for tasks to queue
[2023-05-27T14:44:26.501+0000] {logging_mixin.py:120} INFO - [2023-05-27T14:44:26.501+0000] {dagbag.py:537} INFO - Filling up the DagBag from /home/airflow/.local/lib/python3.7/site-packages/airflow/example_dags/example_short_circuit_operator.py
[2023-05-27T14:44:26.526+0000] {processor.py:766} INFO - DAG(s) dict_keys(['example_short_circuit_operator']) retrieved from /home/airflow/.local/lib/python3.7/site-packages/airflow/example_dags/example_short_circuit_operator.py
[2023-05-27T14:44:26.582+0000] {logging_mixin.py:120} INFO - [2023-05-27T14:44:26.581+0000] {dag.py:2585} INFO - Sync 1 DAGs
[2023-05-27T14:44:26.613+0000] {logging_mixin.py:120} INFO - [2023-05-27T14:44:26.613+0000] {dag.py:3340} INFO - Setting next_dagrun for example_short_circuit_operator to 2023-05-26T14:44:26.612948+00:00, run_after=2023-05-27T14:44:26.612948+00:00
[2023-05-27T14:44:26.635+0000] {processor.py:176} INFO - Processing /home/airflow/.local/lib/python3.7/site-packages/airflow/example_dags/example_short_circuit_operator.py took 0.146 seconds
[2023-05-27T14:44:56.951+0000] {processor.py:154} INFO - Started process (PID=802) to work on /home/airflow/.local/lib/python3.7/site-packages/airflow/example_dags/example_short_circuit_operator.py
[2023-05-27T14:44:56.958+0000] {processor.py:756} INFO - Processing file /home/airflow/.local/lib/python3.7/site-packages/airflow/example_dags/example_short_circuit_operator.py for tasks to queue
[2023-05-27T14:44:56.959+0000] {logging_mixin.py:120} INFO - [2023-05-27T14:44:56.959+0000] {dagbag.py:537} INFO - Filling up the DagBag from /home/airflow/.local/lib/python3.7/site-packages/airflow/example_dags/example_short_circuit_operator.py
[2023-05-27T14:44:57.037+0000] {processor.py:766} INFO - DAG(s) dict_keys(['example_short_circuit_operator']) retrieved from /home/airflow/.local/lib/python3.7/site-packages/airflow/example_dags/example_short_circuit_operator.py
[2023-05-27T14:44:57.196+0000] {logging_mixin.py:120} INFO - [2023-05-27T14:44:57.196+0000] {dag.py:2585} INFO - Sync 1 DAGs
[2023-05-27T14:44:57.300+0000] {logging_mixin.py:120} INFO - [2023-05-27T14:44:57.299+0000] {dag.py:3340} INFO - Setting next_dagrun for example_short_circuit_operator to 2023-05-26T14:44:57.296150+00:00, run_after=2023-05-27T14:44:57.296150+00:00
[2023-05-27T14:44:57.389+0000] {processor.py:176} INFO - Processing /home/airflow/.local/lib/python3.7/site-packages/airflow/example_dags/example_short_circuit_operator.py took 0.447 seconds
[2023-05-27T14:45:28.348+0000] {processor.py:154} INFO - Started process (PID=855) to work on /home/airflow/.local/lib/python3.7/site-packages/airflow/example_dags/example_short_circuit_operator.py
[2023-05-27T14:45:28.354+0000] {processor.py:756} INFO - Processing file /home/airflow/.local/lib/python3.7/site-packages/airflow/example_dags/example_short_circuit_operator.py for tasks to queue
[2023-05-27T14:45:28.354+0000] {logging_mixin.py:120} INFO - [2023-05-27T14:45:28.354+0000] {dagbag.py:537} INFO - Filling up the DagBag from /home/airflow/.local/lib/python3.7/site-packages/airflow/example_dags/example_short_circuit_operator.py
[2023-05-27T14:45:28.387+0000] {processor.py:766} INFO - DAG(s) dict_keys(['example_short_circuit_operator']) retrieved from /home/airflow/.local/lib/python3.7/site-packages/airflow/example_dags/example_short_circuit_operator.py
[2023-05-27T14:45:28.449+0000] {logging_mixin.py:120} INFO - [2023-05-27T14:45:28.448+0000] {dag.py:2585} INFO - Sync 1 DAGs
[2023-05-27T14:45:28.481+0000] {logging_mixin.py:120} INFO - [2023-05-27T14:45:28.481+0000] {dag.py:3340} INFO - Setting next_dagrun for example_short_circuit_operator to 2023-05-26T14:45:28.481377+00:00, run_after=2023-05-27T14:45:28.481377+00:00
[2023-05-27T14:45:28.506+0000] {processor.py:176} INFO - Processing /home/airflow/.local/lib/python3.7/site-packages/airflow/example_dags/example_short_circuit_operator.py took 0.162 seconds
[2023-05-27T14:45:59.477+0000] {processor.py:154} INFO - Started process (PID=918) to work on /home/airflow/.local/lib/python3.7/site-packages/airflow/example_dags/example_short_circuit_operator.py
[2023-05-27T14:45:59.484+0000] {processor.py:756} INFO - Processing file /home/airflow/.local/lib/python3.7/site-packages/airflow/example_dags/example_short_circuit_operator.py for tasks to queue
[2023-05-27T14:45:59.484+0000] {logging_mixin.py:120} INFO - [2023-05-27T14:45:59.484+0000] {dagbag.py:537} INFO - Filling up the DagBag from /home/airflow/.local/lib/python3.7/site-packages/airflow/example_dags/example_short_circuit_operator.py
[2023-05-27T14:45:59.520+0000] {processor.py:766} INFO - DAG(s) dict_keys(['example_short_circuit_operator']) retrieved from /home/airflow/.local/lib/python3.7/site-packages/airflow/example_dags/example_short_circuit_operator.py
[2023-05-27T14:45:59.593+0000] {logging_mixin.py:120} INFO - [2023-05-27T14:45:59.593+0000] {dag.py:2585} INFO - Sync 1 DAGs
[2023-05-27T14:45:59.658+0000] {logging_mixin.py:120} INFO - [2023-05-27T14:45:59.657+0000] {dag.py:3340} INFO - Setting next_dagrun for example_short_circuit_operator to 2023-05-26T14:45:59.656515+00:00, run_after=2023-05-27T14:45:59.656515+00:00
[2023-05-27T14:45:59.701+0000] {processor.py:176} INFO - Processing /home/airflow/.local/lib/python3.7/site-packages/airflow/example_dags/example_short_circuit_operator.py took 0.227 seconds
[2023-05-27T14:46:30.120+0000] {processor.py:154} INFO - Started process (PID=972) to work on /home/airflow/.local/lib/python3.7/site-packages/airflow/example_dags/example_short_circuit_operator.py
[2023-05-27T14:46:30.123+0000] {processor.py:756} INFO - Processing file /home/airflow/.local/lib/python3.7/site-packages/airflow/example_dags/example_short_circuit_operator.py for tasks to queue
[2023-05-27T14:46:30.124+0000] {logging_mixin.py:120} INFO - [2023-05-27T14:46:30.123+0000] {dagbag.py:537} INFO - Filling up the DagBag from /home/airflow/.local/lib/python3.7/site-packages/airflow/example_dags/example_short_circuit_operator.py
[2023-05-27T14:46:30.147+0000] {processor.py:766} INFO - DAG(s) dict_keys(['example_short_circuit_operator']) retrieved from /home/airflow/.local/lib/python3.7/site-packages/airflow/example_dags/example_short_circuit_operator.py
[2023-05-27T14:46:30.261+0000] {logging_mixin.py:120} INFO - [2023-05-27T14:46:30.261+0000] {dag.py:2585} INFO - Sync 1 DAGs
[2023-05-27T14:46:30.292+0000] {logging_mixin.py:120} INFO - [2023-05-27T14:46:30.292+0000] {dag.py:3340} INFO - Setting next_dagrun for example_short_circuit_operator to 2023-05-26T14:46:30.292145+00:00, run_after=2023-05-27T14:46:30.292145+00:00
[2023-05-27T14:46:30.326+0000] {processor.py:176} INFO - Processing /home/airflow/.local/lib/python3.7/site-packages/airflow/example_dags/example_short_circuit_operator.py took 0.211 seconds
[2023-05-27T14:47:00.570+0000] {processor.py:154} INFO - Started process (PID=1026) to work on /home/airflow/.local/lib/python3.7/site-packages/airflow/example_dags/example_short_circuit_operator.py
[2023-05-27T14:47:00.579+0000] {processor.py:756} INFO - Processing file /home/airflow/.local/lib/python3.7/site-packages/airflow/example_dags/example_short_circuit_operator.py for tasks to queue
[2023-05-27T14:47:00.579+0000] {logging_mixin.py:120} INFO - [2023-05-27T14:47:00.579+0000] {dagbag.py:537} INFO - Filling up the DagBag from /home/airflow/.local/lib/python3.7/site-packages/airflow/example_dags/example_short_circuit_operator.py
[2023-05-27T14:47:00.656+0000] {processor.py:766} INFO - DAG(s) dict_keys(['example_short_circuit_operator']) retrieved from /home/airflow/.local/lib/python3.7/site-packages/airflow/example_dags/example_short_circuit_operator.py
[2023-05-27T14:47:00.795+0000] {logging_mixin.py:120} INFO - [2023-05-27T14:47:00.795+0000] {dag.py:2585} INFO - Sync 1 DAGs
[2023-05-27T14:47:00.832+0000] {logging_mixin.py:120} INFO - [2023-05-27T14:47:00.832+0000] {dag.py:3340} INFO - Setting next_dagrun for example_short_circuit_operator to 2023-05-26T14:47:00.832002+00:00, run_after=2023-05-27T14:47:00.832002+00:00
[2023-05-27T14:47:00.858+0000] {processor.py:176} INFO - Processing /home/airflow/.local/lib/python3.7/site-packages/airflow/example_dags/example_short_circuit_operator.py took 0.292 seconds
[2023-05-27T14:47:31.706+0000] {processor.py:154} INFO - Started process (PID=1090) to work on /home/airflow/.local/lib/python3.7/site-packages/airflow/example_dags/example_short_circuit_operator.py
[2023-05-27T14:47:31.710+0000] {processor.py:756} INFO - Processing file /home/airflow/.local/lib/python3.7/site-packages/airflow/example_dags/example_short_circuit_operator.py for tasks to queue
[2023-05-27T14:47:31.711+0000] {logging_mixin.py:120} INFO - [2023-05-27T14:47:31.711+0000] {dagbag.py:537} INFO - Filling up the DagBag from /home/airflow/.local/lib/python3.7/site-packages/airflow/example_dags/example_short_circuit_operator.py
[2023-05-27T14:47:31.742+0000] {processor.py:766} INFO - DAG(s) dict_keys(['example_short_circuit_operator']) retrieved from /home/airflow/.local/lib/python3.7/site-packages/airflow/example_dags/example_short_circuit_operator.py
[2023-05-27T14:47:31.793+0000] {logging_mixin.py:120} INFO - [2023-05-27T14:47:31.793+0000] {dag.py:2585} INFO - Sync 1 DAGs
[2023-05-27T14:47:31.825+0000] {logging_mixin.py:120} INFO - [2023-05-27T14:47:31.824+0000] {dag.py:3340} INFO - Setting next_dagrun for example_short_circuit_operator to 2023-05-26T14:47:31.824641+00:00, run_after=2023-05-27T14:47:31.824641+00:00
[2023-05-27T14:47:31.848+0000] {processor.py:176} INFO - Processing /home/airflow/.local/lib/python3.7/site-packages/airflow/example_dags/example_short_circuit_operator.py took 0.145 seconds
[2023-05-27T14:48:02.218+0000] {processor.py:154} INFO - Started process (PID=1144) to work on /home/airflow/.local/lib/python3.7/site-packages/airflow/example_dags/example_short_circuit_operator.py
[2023-05-27T14:48:02.220+0000] {processor.py:756} INFO - Processing file /home/airflow/.local/lib/python3.7/site-packages/airflow/example_dags/example_short_circuit_operator.py for tasks to queue
[2023-05-27T14:48:02.221+0000] {logging_mixin.py:120} INFO - [2023-05-27T14:48:02.220+0000] {dagbag.py:537} INFO - Filling up the DagBag from /home/airflow/.local/lib/python3.7/site-packages/airflow/example_dags/example_short_circuit_operator.py
[2023-05-27T14:48:02.247+0000] {processor.py:766} INFO - DAG(s) dict_keys(['example_short_circuit_operator']) retrieved from /home/airflow/.local/lib/python3.7/site-packages/airflow/example_dags/example_short_circuit_operator.py
[2023-05-27T14:48:02.304+0000] {logging_mixin.py:120} INFO - [2023-05-27T14:48:02.304+0000] {dag.py:2585} INFO - Sync 1 DAGs
[2023-05-27T14:48:02.342+0000] {logging_mixin.py:120} INFO - [2023-05-27T14:48:02.341+0000] {dag.py:3340} INFO - Setting next_dagrun for example_short_circuit_operator to 2023-05-26T14:48:02.341520+00:00, run_after=2023-05-27T14:48:02.341520+00:00
[2023-05-27T14:48:02.370+0000] {processor.py:176} INFO - Processing /home/airflow/.local/lib/python3.7/site-packages/airflow/example_dags/example_short_circuit_operator.py took 0.156 seconds
[2023-05-27T14:48:32.816+0000] {processor.py:154} INFO - Started process (PID=1206) to work on /home/airflow/.local/lib/python3.7/site-packages/airflow/example_dags/example_short_circuit_operator.py
[2023-05-27T14:48:32.820+0000] {processor.py:756} INFO - Processing file /home/airflow/.local/lib/python3.7/site-packages/airflow/example_dags/example_short_circuit_operator.py for tasks to queue
[2023-05-27T14:48:32.820+0000] {logging_mixin.py:120} INFO - [2023-05-27T14:48:32.820+0000] {dagbag.py:537} INFO - Filling up the DagBag from /home/airflow/.local/lib/python3.7/site-packages/airflow/example_dags/example_short_circuit_operator.py
[2023-05-27T14:48:32.873+0000] {processor.py:766} INFO - DAG(s) dict_keys(['example_short_circuit_operator']) retrieved from /home/airflow/.local/lib/python3.7/site-packages/airflow/example_dags/example_short_circuit_operator.py
[2023-05-27T14:48:32.971+0000] {logging_mixin.py:120} INFO - [2023-05-27T14:48:32.971+0000] {dag.py:2585} INFO - Sync 1 DAGs
[2023-05-27T14:48:33.021+0000] {logging_mixin.py:120} INFO - [2023-05-27T14:48:33.021+0000] {dag.py:3340} INFO - Setting next_dagrun for example_short_circuit_operator to 2023-05-26T14:48:33.020863+00:00, run_after=2023-05-27T14:48:33.020863+00:00
[2023-05-27T14:48:33.061+0000] {processor.py:176} INFO - Processing /home/airflow/.local/lib/python3.7/site-packages/airflow/example_dags/example_short_circuit_operator.py took 0.257 seconds
[2023-05-27T14:49:04.031+0000] {processor.py:154} INFO - Started process (PID=1260) to work on /home/airflow/.local/lib/python3.7/site-packages/airflow/example_dags/example_short_circuit_operator.py
[2023-05-27T14:49:04.034+0000] {processor.py:756} INFO - Processing file /home/airflow/.local/lib/python3.7/site-packages/airflow/example_dags/example_short_circuit_operator.py for tasks to queue
[2023-05-27T14:49:04.034+0000] {logging_mixin.py:120} INFO - [2023-05-27T14:49:04.034+0000] {dagbag.py:537} INFO - Filling up the DagBag from /home/airflow/.local/lib/python3.7/site-packages/airflow/example_dags/example_short_circuit_operator.py
[2023-05-27T14:49:04.114+0000] {processor.py:766} INFO - DAG(s) dict_keys(['example_short_circuit_operator']) retrieved from /home/airflow/.local/lib/python3.7/site-packages/airflow/example_dags/example_short_circuit_operator.py
[2023-05-27T14:49:04.214+0000] {logging_mixin.py:120} INFO - [2023-05-27T14:49:04.213+0000] {dag.py:2585} INFO - Sync 1 DAGs
[2023-05-27T14:49:04.249+0000] {logging_mixin.py:120} INFO - [2023-05-27T14:49:04.249+0000] {dag.py:3340} INFO - Setting next_dagrun for example_short_circuit_operator to 2023-05-26T14:49:04.247437+00:00, run_after=2023-05-27T14:49:04.247437+00:00
[2023-05-27T14:49:04.274+0000] {processor.py:176} INFO - Processing /home/airflow/.local/lib/python3.7/site-packages/airflow/example_dags/example_short_circuit_operator.py took 0.247 seconds
[2023-05-27T14:49:34.685+0000] {processor.py:154} INFO - Started process (PID=1323) to work on /home/airflow/.local/lib/python3.7/site-packages/airflow/example_dags/example_short_circuit_operator.py
[2023-05-27T14:49:34.696+0000] {processor.py:756} INFO - Processing file /home/airflow/.local/lib/python3.7/site-packages/airflow/example_dags/example_short_circuit_operator.py for tasks to queue
[2023-05-27T14:49:34.697+0000] {logging_mixin.py:120} INFO - [2023-05-27T14:49:34.697+0000] {dagbag.py:537} INFO - Filling up the DagBag from /home/airflow/.local/lib/python3.7/site-packages/airflow/example_dags/example_short_circuit_operator.py
[2023-05-27T14:49:34.728+0000] {processor.py:766} INFO - DAG(s) dict_keys(['example_short_circuit_operator']) retrieved from /home/airflow/.local/lib/python3.7/site-packages/airflow/example_dags/example_short_circuit_operator.py
[2023-05-27T14:49:34.832+0000] {logging_mixin.py:120} INFO - [2023-05-27T14:49:34.832+0000] {dag.py:2585} INFO - Sync 1 DAGs
[2023-05-27T14:49:34.893+0000] {logging_mixin.py:120} INFO - [2023-05-27T14:49:34.893+0000] {dag.py:3340} INFO - Setting next_dagrun for example_short_circuit_operator to 2023-05-26T14:49:34.893162+00:00, run_after=2023-05-27T14:49:34.893162+00:00
[2023-05-27T14:49:34.915+0000] {processor.py:176} INFO - Processing /home/airflow/.local/lib/python3.7/site-packages/airflow/example_dags/example_short_circuit_operator.py took 0.234 seconds
[2023-05-27T14:50:05.311+0000] {processor.py:154} INFO - Started process (PID=1379) to work on /home/airflow/.local/lib/python3.7/site-packages/airflow/example_dags/example_short_circuit_operator.py
[2023-05-27T14:50:05.314+0000] {processor.py:756} INFO - Processing file /home/airflow/.local/lib/python3.7/site-packages/airflow/example_dags/example_short_circuit_operator.py for tasks to queue
[2023-05-27T14:50:05.315+0000] {logging_mixin.py:120} INFO - [2023-05-27T14:50:05.315+0000] {dagbag.py:537} INFO - Filling up the DagBag from /home/airflow/.local/lib/python3.7/site-packages/airflow/example_dags/example_short_circuit_operator.py
[2023-05-27T14:50:05.345+0000] {processor.py:766} INFO - DAG(s) dict_keys(['example_short_circuit_operator']) retrieved from /home/airflow/.local/lib/python3.7/site-packages/airflow/example_dags/example_short_circuit_operator.py
[2023-05-27T14:50:05.452+0000] {logging_mixin.py:120} INFO - [2023-05-27T14:50:05.452+0000] {dag.py:2585} INFO - Sync 1 DAGs
[2023-05-27T14:50:05.507+0000] {logging_mixin.py:120} INFO - [2023-05-27T14:50:05.507+0000] {dag.py:3340} INFO - Setting next_dagrun for example_short_circuit_operator to 2023-05-26T14:50:05.507384+00:00, run_after=2023-05-27T14:50:05.507384+00:00
[2023-05-27T14:50:05.554+0000] {processor.py:176} INFO - Processing /home/airflow/.local/lib/python3.7/site-packages/airflow/example_dags/example_short_circuit_operator.py took 0.248 seconds
[2023-05-27T14:50:36.348+0000] {processor.py:154} INFO - Started process (PID=1440) to work on /home/airflow/.local/lib/python3.7/site-packages/airflow/example_dags/example_short_circuit_operator.py
[2023-05-27T14:50:36.356+0000] {processor.py:756} INFO - Processing file /home/airflow/.local/lib/python3.7/site-packages/airflow/example_dags/example_short_circuit_operator.py for tasks to queue
[2023-05-27T14:50:36.357+0000] {logging_mixin.py:120} INFO - [2023-05-27T14:50:36.357+0000] {dagbag.py:537} INFO - Filling up the DagBag from /home/airflow/.local/lib/python3.7/site-packages/airflow/example_dags/example_short_circuit_operator.py
[2023-05-27T14:50:36.417+0000] {processor.py:766} INFO - DAG(s) dict_keys(['example_short_circuit_operator']) retrieved from /home/airflow/.local/lib/python3.7/site-packages/airflow/example_dags/example_short_circuit_operator.py
[2023-05-27T14:50:36.632+0000] {logging_mixin.py:120} INFO - [2023-05-27T14:50:36.632+0000] {dag.py:2585} INFO - Sync 1 DAGs
[2023-05-27T14:50:36.673+0000] {logging_mixin.py:120} INFO - [2023-05-27T14:50:36.673+0000] {dag.py:3340} INFO - Setting next_dagrun for example_short_circuit_operator to 2023-05-26T14:50:36.672947+00:00, run_after=2023-05-27T14:50:36.672947+00:00
[2023-05-27T14:50:36.735+0000] {processor.py:176} INFO - Processing /home/airflow/.local/lib/python3.7/site-packages/airflow/example_dags/example_short_circuit_operator.py took 0.398 seconds
[2023-05-27T14:51:13.590+0000] {processor.py:154} INFO - Started process (PID=1496) to work on /home/airflow/.local/lib/python3.7/site-packages/airflow/example_dags/example_short_circuit_operator.py
[2023-05-27T14:51:13.596+0000] {processor.py:756} INFO - Processing file /home/airflow/.local/lib/python3.7/site-packages/airflow/example_dags/example_short_circuit_operator.py for tasks to queue
[2023-05-27T14:51:13.597+0000] {logging_mixin.py:120} INFO - [2023-05-27T14:51:13.597+0000] {dagbag.py:537} INFO - Filling up the DagBag from /home/airflow/.local/lib/python3.7/site-packages/airflow/example_dags/example_short_circuit_operator.py
[2023-05-27T14:51:13.716+0000] {processor.py:766} INFO - DAG(s) dict_keys(['example_short_circuit_operator']) retrieved from /home/airflow/.local/lib/python3.7/site-packages/airflow/example_dags/example_short_circuit_operator.py
[2023-05-27T14:51:13.874+0000] {logging_mixin.py:120} INFO - [2023-05-27T14:51:13.874+0000] {dag.py:2585} INFO - Sync 1 DAGs
[2023-05-27T14:51:13.913+0000] {logging_mixin.py:120} INFO - [2023-05-27T14:51:13.913+0000] {dag.py:3340} INFO - Setting next_dagrun for example_short_circuit_operator to 2023-05-26T14:51:13.912817+00:00, run_after=2023-05-27T14:51:13.912817+00:00
[2023-05-27T14:51:13.942+0000] {processor.py:176} INFO - Processing /home/airflow/.local/lib/python3.7/site-packages/airflow/example_dags/example_short_circuit_operator.py took 0.365 seconds
[2023-05-27T14:51:44.187+0000] {processor.py:154} INFO - Started process (PID=1550) to work on /home/airflow/.local/lib/python3.7/site-packages/airflow/example_dags/example_short_circuit_operator.py
[2023-05-27T14:51:44.189+0000] {processor.py:756} INFO - Processing file /home/airflow/.local/lib/python3.7/site-packages/airflow/example_dags/example_short_circuit_operator.py for tasks to queue
[2023-05-27T14:51:44.190+0000] {logging_mixin.py:120} INFO - [2023-05-27T14:51:44.190+0000] {dagbag.py:537} INFO - Filling up the DagBag from /home/airflow/.local/lib/python3.7/site-packages/airflow/example_dags/example_short_circuit_operator.py
[2023-05-27T14:51:44.215+0000] {processor.py:766} INFO - DAG(s) dict_keys(['example_short_circuit_operator']) retrieved from /home/airflow/.local/lib/python3.7/site-packages/airflow/example_dags/example_short_circuit_operator.py
[2023-05-27T14:51:44.265+0000] {logging_mixin.py:120} INFO - [2023-05-27T14:51:44.264+0000] {dag.py:2585} INFO - Sync 1 DAGs
[2023-05-27T14:51:44.298+0000] {logging_mixin.py:120} INFO - [2023-05-27T14:51:44.297+0000] {dag.py:3340} INFO - Setting next_dagrun for example_short_circuit_operator to 2023-05-26T14:51:44.297662+00:00, run_after=2023-05-27T14:51:44.297662+00:00
[2023-05-27T14:51:44.322+0000] {processor.py:176} INFO - Processing /home/airflow/.local/lib/python3.7/site-packages/airflow/example_dags/example_short_circuit_operator.py took 0.140 seconds
[2023-05-27T14:52:14.735+0000] {processor.py:154} INFO - Started process (PID=1612) to work on /home/airflow/.local/lib/python3.7/site-packages/airflow/example_dags/example_short_circuit_operator.py
[2023-05-27T14:52:14.740+0000] {processor.py:756} INFO - Processing file /home/airflow/.local/lib/python3.7/site-packages/airflow/example_dags/example_short_circuit_operator.py for tasks to queue
[2023-05-27T14:52:14.740+0000] {logging_mixin.py:120} INFO - [2023-05-27T14:52:14.740+0000] {dagbag.py:537} INFO - Filling up the DagBag from /home/airflow/.local/lib/python3.7/site-packages/airflow/example_dags/example_short_circuit_operator.py
[2023-05-27T14:52:14.772+0000] {processor.py:766} INFO - DAG(s) dict_keys(['example_short_circuit_operator']) retrieved from /home/airflow/.local/lib/python3.7/site-packages/airflow/example_dags/example_short_circuit_operator.py
[2023-05-27T14:52:14.825+0000] {logging_mixin.py:120} INFO - [2023-05-27T14:52:14.825+0000] {dag.py:2585} INFO - Sync 1 DAGs
[2023-05-27T14:52:14.859+0000] {logging_mixin.py:120} INFO - [2023-05-27T14:52:14.858+0000] {dag.py:3340} INFO - Setting next_dagrun for example_short_circuit_operator to 2023-05-26T14:52:14.858575+00:00, run_after=2023-05-27T14:52:14.858575+00:00
[2023-05-27T14:52:14.880+0000] {processor.py:176} INFO - Processing /home/airflow/.local/lib/python3.7/site-packages/airflow/example_dags/example_short_circuit_operator.py took 0.157 seconds
[2023-05-27T14:52:45.526+0000] {processor.py:154} INFO - Started process (PID=1665) to work on /home/airflow/.local/lib/python3.7/site-packages/airflow/example_dags/example_short_circuit_operator.py
[2023-05-27T14:52:45.534+0000] {processor.py:756} INFO - Processing file /home/airflow/.local/lib/python3.7/site-packages/airflow/example_dags/example_short_circuit_operator.py for tasks to queue
[2023-05-27T14:52:45.534+0000] {logging_mixin.py:120} INFO - [2023-05-27T14:52:45.534+0000] {dagbag.py:537} INFO - Filling up the DagBag from /home/airflow/.local/lib/python3.7/site-packages/airflow/example_dags/example_short_circuit_operator.py
[2023-05-27T14:52:45.575+0000] {processor.py:766} INFO - DAG(s) dict_keys(['example_short_circuit_operator']) retrieved from /home/airflow/.local/lib/python3.7/site-packages/airflow/example_dags/example_short_circuit_operator.py
[2023-05-27T14:52:45.639+0000] {logging_mixin.py:120} INFO - [2023-05-27T14:52:45.639+0000] {dag.py:2585} INFO - Sync 1 DAGs
[2023-05-27T14:52:45.693+0000] {logging_mixin.py:120} INFO - [2023-05-27T14:52:45.693+0000] {dag.py:3340} INFO - Setting next_dagrun for example_short_circuit_operator to 2023-05-26T14:52:45.692806+00:00, run_after=2023-05-27T14:52:45.692806+00:00
[2023-05-27T14:52:45.728+0000] {processor.py:176} INFO - Processing /home/airflow/.local/lib/python3.7/site-packages/airflow/example_dags/example_short_circuit_operator.py took 0.206 seconds
[2023-05-27T14:53:15.831+0000] {processor.py:154} INFO - Started process (PID=1716) to work on /home/airflow/.local/lib/python3.7/site-packages/airflow/example_dags/example_short_circuit_operator.py
[2023-05-27T14:53:15.834+0000] {processor.py:756} INFO - Processing file /home/airflow/.local/lib/python3.7/site-packages/airflow/example_dags/example_short_circuit_operator.py for tasks to queue
[2023-05-27T14:53:15.835+0000] {logging_mixin.py:120} INFO - [2023-05-27T14:53:15.834+0000] {dagbag.py:537} INFO - Filling up the DagBag from /home/airflow/.local/lib/python3.7/site-packages/airflow/example_dags/example_short_circuit_operator.py
[2023-05-27T14:53:15.858+0000] {processor.py:766} INFO - DAG(s) dict_keys(['example_short_circuit_operator']) retrieved from /home/airflow/.local/lib/python3.7/site-packages/airflow/example_dags/example_short_circuit_operator.py
[2023-05-27T14:53:15.908+0000] {logging_mixin.py:120} INFO - [2023-05-27T14:53:15.908+0000] {dag.py:2585} INFO - Sync 1 DAGs
[2023-05-27T14:53:15.938+0000] {logging_mixin.py:120} INFO - [2023-05-27T14:53:15.938+0000] {dag.py:3340} INFO - Setting next_dagrun for example_short_circuit_operator to 2023-05-26T14:53:15.938526+00:00, run_after=2023-05-27T14:53:15.938526+00:00
[2023-05-27T14:53:15.960+0000] {processor.py:176} INFO - Processing /home/airflow/.local/lib/python3.7/site-packages/airflow/example_dags/example_short_circuit_operator.py took 0.133 seconds
[2023-05-27T14:53:46.186+0000] {processor.py:154} INFO - Started process (PID=1770) to work on /home/airflow/.local/lib/python3.7/site-packages/airflow/example_dags/example_short_circuit_operator.py
[2023-05-27T14:53:46.189+0000] {processor.py:756} INFO - Processing file /home/airflow/.local/lib/python3.7/site-packages/airflow/example_dags/example_short_circuit_operator.py for tasks to queue
[2023-05-27T14:53:46.192+0000] {logging_mixin.py:120} INFO - [2023-05-27T14:53:46.192+0000] {dagbag.py:537} INFO - Filling up the DagBag from /home/airflow/.local/lib/python3.7/site-packages/airflow/example_dags/example_short_circuit_operator.py
[2023-05-27T14:53:46.258+0000] {processor.py:766} INFO - DAG(s) dict_keys(['example_short_circuit_operator']) retrieved from /home/airflow/.local/lib/python3.7/site-packages/airflow/example_dags/example_short_circuit_operator.py
[2023-05-27T14:53:46.312+0000] {logging_mixin.py:120} INFO - [2023-05-27T14:53:46.311+0000] {dag.py:2585} INFO - Sync 1 DAGs
[2023-05-27T14:53:46.352+0000] {logging_mixin.py:120} INFO - [2023-05-27T14:53:46.352+0000] {dag.py:3340} INFO - Setting next_dagrun for example_short_circuit_operator to 2023-05-26T14:53:46.352185+00:00, run_after=2023-05-27T14:53:46.352185+00:00
[2023-05-27T14:53:46.388+0000] {processor.py:176} INFO - Processing /home/airflow/.local/lib/python3.7/site-packages/airflow/example_dags/example_short_circuit_operator.py took 0.208 seconds
