[2023-05-27T14:38:17.562+0000] {processor.py:154} INFO - Started process (PID=51) to work on /home/airflow/.local/lib/python3.7/site-packages/airflow/example_dags/example_skip_dag.py
[2023-05-27T14:38:17.578+0000] {processor.py:756} INFO - Processing file /home/airflow/.local/lib/python3.7/site-packages/airflow/example_dags/example_skip_dag.py for tasks to queue
[2023-05-27T14:38:17.579+0000] {logging_mixin.py:120} INFO - [2023-05-27T14:38:17.578+0000] {dagbag.py:537} INFO - Filling up the DagBag from /home/airflow/.local/lib/python3.7/site-packages/airflow/example_dags/example_skip_dag.py
[2023-05-27T14:38:17.706+0000] {processor.py:766} INFO - DAG(s) dict_keys(['example_skip_dag']) retrieved from /home/airflow/.local/lib/python3.7/site-packages/airflow/example_dags/example_skip_dag.py
[2023-05-27T14:38:18.886+0000] {logging_mixin.py:120} INFO - [2023-05-27T14:38:18.886+0000] {manager.py:507} INFO - Created Permission View: can read on DAG:example_skip_dag
[2023-05-27T14:38:18.964+0000] {logging_mixin.py:120} INFO - [2023-05-27T14:38:18.964+0000] {manager.py:507} INFO - Created Permission View: can edit on DAG:example_skip_dag
[2023-05-27T14:38:19.028+0000] {logging_mixin.py:120} INFO - [2023-05-27T14:38:19.027+0000] {manager.py:507} INFO - Created Permission View: can delete on DAG:example_skip_dag
[2023-05-27T14:38:19.028+0000] {logging_mixin.py:120} INFO - [2023-05-27T14:38:19.028+0000] {dag.py:2585} INFO - Sync 1 DAGs
[2023-05-27T14:38:19.123+0000] {logging_mixin.py:120} INFO - [2023-05-27T14:38:19.123+0000] {dag.py:2606} INFO - Creating ORM DAG for example_skip_dag
[2023-05-27T14:38:19.222+0000] {logging_mixin.py:120} INFO - [2023-05-27T14:38:19.222+0000] {dag.py:3340} INFO - Setting next_dagrun for example_skip_dag to 2023-05-26T14:38:19.221944+00:00, run_after=2023-05-27T14:38:19.221944+00:00
[2023-05-27T14:38:19.370+0000] {processor.py:176} INFO - Processing /home/airflow/.local/lib/python3.7/site-packages/airflow/example_dags/example_skip_dag.py took 1.832 seconds
[2023-05-27T14:38:50.303+0000] {processor.py:154} INFO - Started process (PID=106) to work on /home/airflow/.local/lib/python3.7/site-packages/airflow/example_dags/example_skip_dag.py
[2023-05-27T14:38:50.312+0000] {processor.py:756} INFO - Processing file /home/airflow/.local/lib/python3.7/site-packages/airflow/example_dags/example_skip_dag.py for tasks to queue
[2023-05-27T14:38:50.312+0000] {logging_mixin.py:120} INFO - [2023-05-27T14:38:50.312+0000] {dagbag.py:537} INFO - Filling up the DagBag from /home/airflow/.local/lib/python3.7/site-packages/airflow/example_dags/example_skip_dag.py
[2023-05-27T14:38:50.351+0000] {processor.py:766} INFO - DAG(s) dict_keys(['example_skip_dag']) retrieved from /home/airflow/.local/lib/python3.7/site-packages/airflow/example_dags/example_skip_dag.py
[2023-05-27T14:38:50.447+0000] {logging_mixin.py:120} INFO - [2023-05-27T14:38:50.446+0000] {dag.py:2585} INFO - Sync 1 DAGs
[2023-05-27T14:38:50.506+0000] {logging_mixin.py:120} INFO - [2023-05-27T14:38:50.506+0000] {dag.py:3340} INFO - Setting next_dagrun for example_skip_dag to 2023-05-26T14:38:50.506481+00:00, run_after=2023-05-27T14:38:50.506481+00:00
[2023-05-27T14:38:50.529+0000] {processor.py:176} INFO - Processing /home/airflow/.local/lib/python3.7/site-packages/airflow/example_dags/example_skip_dag.py took 0.234 seconds
[2023-05-27T14:39:20.802+0000] {processor.py:154} INFO - Started process (PID=163) to work on /home/airflow/.local/lib/python3.7/site-packages/airflow/example_dags/example_skip_dag.py
[2023-05-27T14:39:20.804+0000] {processor.py:756} INFO - Processing file /home/airflow/.local/lib/python3.7/site-packages/airflow/example_dags/example_skip_dag.py for tasks to queue
[2023-05-27T14:39:20.804+0000] {logging_mixin.py:120} INFO - [2023-05-27T14:39:20.804+0000] {dagbag.py:537} INFO - Filling up the DagBag from /home/airflow/.local/lib/python3.7/site-packages/airflow/example_dags/example_skip_dag.py
[2023-05-27T14:39:20.885+0000] {processor.py:766} INFO - DAG(s) dict_keys(['example_skip_dag']) retrieved from /home/airflow/.local/lib/python3.7/site-packages/airflow/example_dags/example_skip_dag.py
[2023-05-27T14:39:20.995+0000] {logging_mixin.py:120} INFO - [2023-05-27T14:39:20.995+0000] {dag.py:2585} INFO - Sync 1 DAGs
[2023-05-27T14:39:21.029+0000] {logging_mixin.py:120} INFO - [2023-05-27T14:39:21.028+0000] {dag.py:3340} INFO - Setting next_dagrun for example_skip_dag to 2023-05-26T14:39:21.028626+00:00, run_after=2023-05-27T14:39:21.028626+00:00
[2023-05-27T14:39:21.051+0000] {processor.py:176} INFO - Processing /home/airflow/.local/lib/python3.7/site-packages/airflow/example_dags/example_skip_dag.py took 0.261 seconds
[2023-05-27T14:39:51.168+0000] {processor.py:154} INFO - Started process (PID=216) to work on /home/airflow/.local/lib/python3.7/site-packages/airflow/example_dags/example_skip_dag.py
[2023-05-27T14:39:51.171+0000] {processor.py:756} INFO - Processing file /home/airflow/.local/lib/python3.7/site-packages/airflow/example_dags/example_skip_dag.py for tasks to queue
[2023-05-27T14:39:51.172+0000] {logging_mixin.py:120} INFO - [2023-05-27T14:39:51.172+0000] {dagbag.py:537} INFO - Filling up the DagBag from /home/airflow/.local/lib/python3.7/site-packages/airflow/example_dags/example_skip_dag.py
[2023-05-27T14:39:51.193+0000] {processor.py:766} INFO - DAG(s) dict_keys(['example_skip_dag']) retrieved from /home/airflow/.local/lib/python3.7/site-packages/airflow/example_dags/example_skip_dag.py
[2023-05-27T14:39:51.243+0000] {logging_mixin.py:120} INFO - [2023-05-27T14:39:51.242+0000] {dag.py:2585} INFO - Sync 1 DAGs
[2023-05-27T14:39:51.275+0000] {logging_mixin.py:120} INFO - [2023-05-27T14:39:51.274+0000] {dag.py:3340} INFO - Setting next_dagrun for example_skip_dag to 2023-05-26T14:39:51.274570+00:00, run_after=2023-05-27T14:39:51.274570+00:00
[2023-05-27T14:39:51.302+0000] {processor.py:176} INFO - Processing /home/airflow/.local/lib/python3.7/site-packages/airflow/example_dags/example_skip_dag.py took 0.137 seconds
[2023-05-27T14:40:21.650+0000] {processor.py:154} INFO - Started process (PID=279) to work on /home/airflow/.local/lib/python3.7/site-packages/airflow/example_dags/example_skip_dag.py
[2023-05-27T14:40:21.651+0000] {processor.py:756} INFO - Processing file /home/airflow/.local/lib/python3.7/site-packages/airflow/example_dags/example_skip_dag.py for tasks to queue
[2023-05-27T14:40:21.652+0000] {logging_mixin.py:120} INFO - [2023-05-27T14:40:21.652+0000] {dagbag.py:537} INFO - Filling up the DagBag from /home/airflow/.local/lib/python3.7/site-packages/airflow/example_dags/example_skip_dag.py
[2023-05-27T14:40:21.672+0000] {processor.py:766} INFO - DAG(s) dict_keys(['example_skip_dag']) retrieved from /home/airflow/.local/lib/python3.7/site-packages/airflow/example_dags/example_skip_dag.py
[2023-05-27T14:40:21.722+0000] {logging_mixin.py:120} INFO - [2023-05-27T14:40:21.722+0000] {dag.py:2585} INFO - Sync 1 DAGs
[2023-05-27T14:40:21.754+0000] {logging_mixin.py:120} INFO - [2023-05-27T14:40:21.753+0000] {dag.py:3340} INFO - Setting next_dagrun for example_skip_dag to 2023-05-26T14:40:21.753641+00:00, run_after=2023-05-27T14:40:21.753641+00:00
[2023-05-27T14:40:21.777+0000] {processor.py:176} INFO - Processing /home/airflow/.local/lib/python3.7/site-packages/airflow/example_dags/example_skip_dag.py took 0.131 seconds
[2023-05-27T14:40:52.272+0000] {processor.py:154} INFO - Started process (PID=334) to work on /home/airflow/.local/lib/python3.7/site-packages/airflow/example_dags/example_skip_dag.py
[2023-05-27T14:40:52.278+0000] {processor.py:756} INFO - Processing file /home/airflow/.local/lib/python3.7/site-packages/airflow/example_dags/example_skip_dag.py for tasks to queue
[2023-05-27T14:40:52.279+0000] {logging_mixin.py:120} INFO - [2023-05-27T14:40:52.279+0000] {dagbag.py:537} INFO - Filling up the DagBag from /home/airflow/.local/lib/python3.7/site-packages/airflow/example_dags/example_skip_dag.py
[2023-05-27T14:40:52.310+0000] {processor.py:766} INFO - DAG(s) dict_keys(['example_skip_dag']) retrieved from /home/airflow/.local/lib/python3.7/site-packages/airflow/example_dags/example_skip_dag.py
[2023-05-27T14:40:52.432+0000] {logging_mixin.py:120} INFO - [2023-05-27T14:40:52.431+0000] {dag.py:2585} INFO - Sync 1 DAGs
[2023-05-27T14:40:52.497+0000] {logging_mixin.py:120} INFO - [2023-05-27T14:40:52.497+0000] {dag.py:3340} INFO - Setting next_dagrun for example_skip_dag to 2023-05-26T14:40:52.497355+00:00, run_after=2023-05-27T14:40:52.497355+00:00
[2023-05-27T14:40:52.523+0000] {processor.py:176} INFO - Processing /home/airflow/.local/lib/python3.7/site-packages/airflow/example_dags/example_skip_dag.py took 0.254 seconds
[2023-05-27T14:41:23.425+0000] {processor.py:154} INFO - Started process (PID=397) to work on /home/airflow/.local/lib/python3.7/site-packages/airflow/example_dags/example_skip_dag.py
[2023-05-27T14:41:23.428+0000] {processor.py:756} INFO - Processing file /home/airflow/.local/lib/python3.7/site-packages/airflow/example_dags/example_skip_dag.py for tasks to queue
[2023-05-27T14:41:23.428+0000] {logging_mixin.py:120} INFO - [2023-05-27T14:41:23.428+0000] {dagbag.py:537} INFO - Filling up the DagBag from /home/airflow/.local/lib/python3.7/site-packages/airflow/example_dags/example_skip_dag.py
[2023-05-27T14:41:23.452+0000] {processor.py:766} INFO - DAG(s) dict_keys(['example_skip_dag']) retrieved from /home/airflow/.local/lib/python3.7/site-packages/airflow/example_dags/example_skip_dag.py
[2023-05-27T14:41:23.521+0000] {logging_mixin.py:120} INFO - [2023-05-27T14:41:23.521+0000] {dag.py:2585} INFO - Sync 1 DAGs
[2023-05-27T14:41:23.554+0000] {logging_mixin.py:120} INFO - [2023-05-27T14:41:23.554+0000] {dag.py:3340} INFO - Setting next_dagrun for example_skip_dag to 2023-05-26T14:41:23.554259+00:00, run_after=2023-05-27T14:41:23.554259+00:00
[2023-05-27T14:41:23.576+0000] {processor.py:176} INFO - Processing /home/airflow/.local/lib/python3.7/site-packages/airflow/example_dags/example_skip_dag.py took 0.154 seconds
[2023-05-27T14:41:53.714+0000] {processor.py:154} INFO - Started process (PID=452) to work on /home/airflow/.local/lib/python3.7/site-packages/airflow/example_dags/example_skip_dag.py
[2023-05-27T14:41:53.716+0000] {processor.py:756} INFO - Processing file /home/airflow/.local/lib/python3.7/site-packages/airflow/example_dags/example_skip_dag.py for tasks to queue
[2023-05-27T14:41:53.717+0000] {logging_mixin.py:120} INFO - [2023-05-27T14:41:53.717+0000] {dagbag.py:537} INFO - Filling up the DagBag from /home/airflow/.local/lib/python3.7/site-packages/airflow/example_dags/example_skip_dag.py
[2023-05-27T14:41:53.741+0000] {processor.py:766} INFO - DAG(s) dict_keys(['example_skip_dag']) retrieved from /home/airflow/.local/lib/python3.7/site-packages/airflow/example_dags/example_skip_dag.py
[2023-05-27T14:41:53.807+0000] {logging_mixin.py:120} INFO - [2023-05-27T14:41:53.807+0000] {dag.py:2585} INFO - Sync 1 DAGs
[2023-05-27T14:41:53.840+0000] {logging_mixin.py:120} INFO - [2023-05-27T14:41:53.840+0000] {dag.py:3340} INFO - Setting next_dagrun for example_skip_dag to 2023-05-26T14:41:53.840301+00:00, run_after=2023-05-27T14:41:53.840301+00:00
[2023-05-27T14:41:53.864+0000] {processor.py:176} INFO - Processing /home/airflow/.local/lib/python3.7/site-packages/airflow/example_dags/example_skip_dag.py took 0.153 seconds
[2023-05-27T14:42:24.346+0000] {processor.py:154} INFO - Started process (PID=514) to work on /home/airflow/.local/lib/python3.7/site-packages/airflow/example_dags/example_skip_dag.py
[2023-05-27T14:42:24.356+0000] {processor.py:756} INFO - Processing file /home/airflow/.local/lib/python3.7/site-packages/airflow/example_dags/example_skip_dag.py for tasks to queue
[2023-05-27T14:42:24.356+0000] {logging_mixin.py:120} INFO - [2023-05-27T14:42:24.356+0000] {dagbag.py:537} INFO - Filling up the DagBag from /home/airflow/.local/lib/python3.7/site-packages/airflow/example_dags/example_skip_dag.py
[2023-05-27T14:42:24.390+0000] {processor.py:766} INFO - DAG(s) dict_keys(['example_skip_dag']) retrieved from /home/airflow/.local/lib/python3.7/site-packages/airflow/example_dags/example_skip_dag.py
[2023-05-27T14:42:24.456+0000] {logging_mixin.py:120} INFO - [2023-05-27T14:42:24.456+0000] {dag.py:2585} INFO - Sync 1 DAGs
[2023-05-27T14:42:24.538+0000] {logging_mixin.py:120} INFO - [2023-05-27T14:42:24.537+0000] {dag.py:3340} INFO - Setting next_dagrun for example_skip_dag to 2023-05-26T14:42:24.537498+00:00, run_after=2023-05-27T14:42:24.537498+00:00
[2023-05-27T14:42:24.561+0000] {processor.py:176} INFO - Processing /home/airflow/.local/lib/python3.7/site-packages/airflow/example_dags/example_skip_dag.py took 0.218 seconds
[2023-05-27T14:42:54.735+0000] {processor.py:154} INFO - Started process (PID=570) to work on /home/airflow/.local/lib/python3.7/site-packages/airflow/example_dags/example_skip_dag.py
[2023-05-27T14:42:54.742+0000] {processor.py:756} INFO - Processing file /home/airflow/.local/lib/python3.7/site-packages/airflow/example_dags/example_skip_dag.py for tasks to queue
[2023-05-27T14:42:54.743+0000] {logging_mixin.py:120} INFO - [2023-05-27T14:42:54.743+0000] {dagbag.py:537} INFO - Filling up the DagBag from /home/airflow/.local/lib/python3.7/site-packages/airflow/example_dags/example_skip_dag.py
[2023-05-27T14:42:54.804+0000] {processor.py:766} INFO - DAG(s) dict_keys(['example_skip_dag']) retrieved from /home/airflow/.local/lib/python3.7/site-packages/airflow/example_dags/example_skip_dag.py
[2023-05-27T14:42:54.941+0000] {logging_mixin.py:120} INFO - [2023-05-27T14:42:54.941+0000] {dag.py:2585} INFO - Sync 1 DAGs
[2023-05-27T14:42:55.066+0000] {logging_mixin.py:120} INFO - [2023-05-27T14:42:55.066+0000] {dag.py:3340} INFO - Setting next_dagrun for example_skip_dag to 2023-05-26T14:42:55.062738+00:00, run_after=2023-05-27T14:42:55.062738+00:00
[2023-05-27T14:42:55.150+0000] {processor.py:176} INFO - Processing /home/airflow/.local/lib/python3.7/site-packages/airflow/example_dags/example_skip_dag.py took 0.454 seconds
[2023-05-27T14:43:25.578+0000] {processor.py:154} INFO - Started process (PID=624) to work on /home/airflow/.local/lib/python3.7/site-packages/airflow/example_dags/example_skip_dag.py
[2023-05-27T14:43:25.579+0000] {processor.py:756} INFO - Processing file /home/airflow/.local/lib/python3.7/site-packages/airflow/example_dags/example_skip_dag.py for tasks to queue
[2023-05-27T14:43:25.580+0000] {logging_mixin.py:120} INFO - [2023-05-27T14:43:25.580+0000] {dagbag.py:537} INFO - Filling up the DagBag from /home/airflow/.local/lib/python3.7/site-packages/airflow/example_dags/example_skip_dag.py
[2023-05-27T14:43:25.599+0000] {processor.py:766} INFO - DAG(s) dict_keys(['example_skip_dag']) retrieved from /home/airflow/.local/lib/python3.7/site-packages/airflow/example_dags/example_skip_dag.py
[2023-05-27T14:43:25.652+0000] {logging_mixin.py:120} INFO - [2023-05-27T14:43:25.652+0000] {dag.py:2585} INFO - Sync 1 DAGs
[2023-05-27T14:43:25.686+0000] {logging_mixin.py:120} INFO - [2023-05-27T14:43:25.685+0000] {dag.py:3340} INFO - Setting next_dagrun for example_skip_dag to 2023-05-26T14:43:25.683913+00:00, run_after=2023-05-27T14:43:25.683913+00:00
[2023-05-27T14:43:25.708+0000] {processor.py:176} INFO - Processing /home/airflow/.local/lib/python3.7/site-packages/airflow/example_dags/example_skip_dag.py took 0.133 seconds
[2023-05-27T14:43:56.239+0000] {processor.py:154} INFO - Started process (PID=687) to work on /home/airflow/.local/lib/python3.7/site-packages/airflow/example_dags/example_skip_dag.py
[2023-05-27T14:43:56.242+0000] {processor.py:756} INFO - Processing file /home/airflow/.local/lib/python3.7/site-packages/airflow/example_dags/example_skip_dag.py for tasks to queue
[2023-05-27T14:43:56.242+0000] {logging_mixin.py:120} INFO - [2023-05-27T14:43:56.242+0000] {dagbag.py:537} INFO - Filling up the DagBag from /home/airflow/.local/lib/python3.7/site-packages/airflow/example_dags/example_skip_dag.py
[2023-05-27T14:43:56.261+0000] {processor.py:766} INFO - DAG(s) dict_keys(['example_skip_dag']) retrieved from /home/airflow/.local/lib/python3.7/site-packages/airflow/example_dags/example_skip_dag.py
[2023-05-27T14:43:56.309+0000] {logging_mixin.py:120} INFO - [2023-05-27T14:43:56.308+0000] {dag.py:2585} INFO - Sync 1 DAGs
[2023-05-27T14:43:56.341+0000] {logging_mixin.py:120} INFO - [2023-05-27T14:43:56.340+0000] {dag.py:3340} INFO - Setting next_dagrun for example_skip_dag to 2023-05-26T14:43:56.340685+00:00, run_after=2023-05-27T14:43:56.340685+00:00
[2023-05-27T14:43:56.362+0000] {processor.py:176} INFO - Processing /home/airflow/.local/lib/python3.7/site-packages/airflow/example_dags/example_skip_dag.py took 0.127 seconds
[2023-05-27T14:44:26.498+0000] {processor.py:154} INFO - Started process (PID=740) to work on /home/airflow/.local/lib/python3.7/site-packages/airflow/example_dags/example_skip_dag.py
[2023-05-27T14:44:26.500+0000] {processor.py:756} INFO - Processing file /home/airflow/.local/lib/python3.7/site-packages/airflow/example_dags/example_skip_dag.py for tasks to queue
[2023-05-27T14:44:26.501+0000] {logging_mixin.py:120} INFO - [2023-05-27T14:44:26.501+0000] {dagbag.py:537} INFO - Filling up the DagBag from /home/airflow/.local/lib/python3.7/site-packages/airflow/example_dags/example_skip_dag.py
[2023-05-27T14:44:26.521+0000] {processor.py:766} INFO - DAG(s) dict_keys(['example_skip_dag']) retrieved from /home/airflow/.local/lib/python3.7/site-packages/airflow/example_dags/example_skip_dag.py
[2023-05-27T14:44:26.572+0000] {logging_mixin.py:120} INFO - [2023-05-27T14:44:26.572+0000] {dag.py:2585} INFO - Sync 1 DAGs
[2023-05-27T14:44:26.604+0000] {logging_mixin.py:120} INFO - [2023-05-27T14:44:26.604+0000] {dag.py:3340} INFO - Setting next_dagrun for example_skip_dag to 2023-05-26T14:44:26.604461+00:00, run_after=2023-05-27T14:44:26.604461+00:00
[2023-05-27T14:44:26.636+0000] {processor.py:176} INFO - Processing /home/airflow/.local/lib/python3.7/site-packages/airflow/example_dags/example_skip_dag.py took 0.141 seconds
[2023-05-27T14:44:57.028+0000] {processor.py:154} INFO - Started process (PID=803) to work on /home/airflow/.local/lib/python3.7/site-packages/airflow/example_dags/example_skip_dag.py
[2023-05-27T14:44:57.030+0000] {processor.py:756} INFO - Processing file /home/airflow/.local/lib/python3.7/site-packages/airflow/example_dags/example_skip_dag.py for tasks to queue
[2023-05-27T14:44:57.032+0000] {logging_mixin.py:120} INFO - [2023-05-27T14:44:57.031+0000] {dagbag.py:537} INFO - Filling up the DagBag from /home/airflow/.local/lib/python3.7/site-packages/airflow/example_dags/example_skip_dag.py
[2023-05-27T14:44:57.107+0000] {processor.py:766} INFO - DAG(s) dict_keys(['example_skip_dag']) retrieved from /home/airflow/.local/lib/python3.7/site-packages/airflow/example_dags/example_skip_dag.py
[2023-05-27T14:44:57.307+0000] {logging_mixin.py:120} INFO - [2023-05-27T14:44:57.307+0000] {dag.py:2585} INFO - Sync 1 DAGs
[2023-05-27T14:44:57.412+0000] {logging_mixin.py:120} INFO - [2023-05-27T14:44:57.411+0000] {dag.py:3340} INFO - Setting next_dagrun for example_skip_dag to 2023-05-26T14:44:57.411515+00:00, run_after=2023-05-27T14:44:57.411515+00:00
[2023-05-27T14:44:57.443+0000] {processor.py:176} INFO - Processing /home/airflow/.local/lib/python3.7/site-packages/airflow/example_dags/example_skip_dag.py took 0.430 seconds
[2023-05-27T14:45:28.355+0000] {processor.py:154} INFO - Started process (PID=856) to work on /home/airflow/.local/lib/python3.7/site-packages/airflow/example_dags/example_skip_dag.py
[2023-05-27T14:45:28.361+0000] {processor.py:756} INFO - Processing file /home/airflow/.local/lib/python3.7/site-packages/airflow/example_dags/example_skip_dag.py for tasks to queue
[2023-05-27T14:45:28.362+0000] {logging_mixin.py:120} INFO - [2023-05-27T14:45:28.361+0000] {dagbag.py:537} INFO - Filling up the DagBag from /home/airflow/.local/lib/python3.7/site-packages/airflow/example_dags/example_skip_dag.py
[2023-05-27T14:45:28.388+0000] {processor.py:766} INFO - DAG(s) dict_keys(['example_skip_dag']) retrieved from /home/airflow/.local/lib/python3.7/site-packages/airflow/example_dags/example_skip_dag.py
[2023-05-27T14:45:28.449+0000] {logging_mixin.py:120} INFO - [2023-05-27T14:45:28.448+0000] {dag.py:2585} INFO - Sync 1 DAGs
[2023-05-27T14:45:28.481+0000] {logging_mixin.py:120} INFO - [2023-05-27T14:45:28.481+0000] {dag.py:3340} INFO - Setting next_dagrun for example_skip_dag to 2023-05-26T14:45:28.481434+00:00, run_after=2023-05-27T14:45:28.481434+00:00
[2023-05-27T14:45:28.507+0000] {processor.py:176} INFO - Processing /home/airflow/.local/lib/python3.7/site-packages/airflow/example_dags/example_skip_dag.py took 0.157 seconds
[2023-05-27T14:45:59.482+0000] {processor.py:154} INFO - Started process (PID=919) to work on /home/airflow/.local/lib/python3.7/site-packages/airflow/example_dags/example_skip_dag.py
[2023-05-27T14:45:59.485+0000] {processor.py:756} INFO - Processing file /home/airflow/.local/lib/python3.7/site-packages/airflow/example_dags/example_skip_dag.py for tasks to queue
[2023-05-27T14:45:59.486+0000] {logging_mixin.py:120} INFO - [2023-05-27T14:45:59.486+0000] {dagbag.py:537} INFO - Filling up the DagBag from /home/airflow/.local/lib/python3.7/site-packages/airflow/example_dags/example_skip_dag.py
[2023-05-27T14:45:59.526+0000] {processor.py:766} INFO - DAG(s) dict_keys(['example_skip_dag']) retrieved from /home/airflow/.local/lib/python3.7/site-packages/airflow/example_dags/example_skip_dag.py
[2023-05-27T14:45:59.616+0000] {logging_mixin.py:120} INFO - [2023-05-27T14:45:59.616+0000] {dag.py:2585} INFO - Sync 1 DAGs
[2023-05-27T14:45:59.649+0000] {logging_mixin.py:120} INFO - [2023-05-27T14:45:59.649+0000] {dag.py:3340} INFO - Setting next_dagrun for example_skip_dag to 2023-05-26T14:45:59.649109+00:00, run_after=2023-05-27T14:45:59.649109+00:00
[2023-05-27T14:45:59.671+0000] {processor.py:176} INFO - Processing /home/airflow/.local/lib/python3.7/site-packages/airflow/example_dags/example_skip_dag.py took 0.192 seconds
[2023-05-27T14:46:30.125+0000] {processor.py:154} INFO - Started process (PID=973) to work on /home/airflow/.local/lib/python3.7/site-packages/airflow/example_dags/example_skip_dag.py
[2023-05-27T14:46:30.128+0000] {processor.py:756} INFO - Processing file /home/airflow/.local/lib/python3.7/site-packages/airflow/example_dags/example_skip_dag.py for tasks to queue
[2023-05-27T14:46:30.129+0000] {logging_mixin.py:120} INFO - [2023-05-27T14:46:30.128+0000] {dagbag.py:537} INFO - Filling up the DagBag from /home/airflow/.local/lib/python3.7/site-packages/airflow/example_dags/example_skip_dag.py
[2023-05-27T14:46:30.147+0000] {processor.py:766} INFO - DAG(s) dict_keys(['example_skip_dag']) retrieved from /home/airflow/.local/lib/python3.7/site-packages/airflow/example_dags/example_skip_dag.py
[2023-05-27T14:46:30.224+0000] {logging_mixin.py:120} INFO - [2023-05-27T14:46:30.224+0000] {dag.py:2585} INFO - Sync 1 DAGs
[2023-05-27T14:46:30.259+0000] {logging_mixin.py:120} INFO - [2023-05-27T14:46:30.258+0000] {dag.py:3340} INFO - Setting next_dagrun for example_skip_dag to 2023-05-26T14:46:30.258196+00:00, run_after=2023-05-27T14:46:30.258196+00:00
[2023-05-27T14:46:30.303+0000] {processor.py:176} INFO - Processing /home/airflow/.local/lib/python3.7/site-packages/airflow/example_dags/example_skip_dag.py took 0.182 seconds
[2023-05-27T14:47:00.577+0000] {processor.py:154} INFO - Started process (PID=1027) to work on /home/airflow/.local/lib/python3.7/site-packages/airflow/example_dags/example_skip_dag.py
[2023-05-27T14:47:00.580+0000] {processor.py:756} INFO - Processing file /home/airflow/.local/lib/python3.7/site-packages/airflow/example_dags/example_skip_dag.py for tasks to queue
[2023-05-27T14:47:00.581+0000] {logging_mixin.py:120} INFO - [2023-05-27T14:47:00.581+0000] {dagbag.py:537} INFO - Filling up the DagBag from /home/airflow/.local/lib/python3.7/site-packages/airflow/example_dags/example_skip_dag.py
[2023-05-27T14:47:00.609+0000] {processor.py:766} INFO - DAG(s) dict_keys(['example_skip_dag']) retrieved from /home/airflow/.local/lib/python3.7/site-packages/airflow/example_dags/example_skip_dag.py
[2023-05-27T14:47:00.708+0000] {logging_mixin.py:120} INFO - [2023-05-27T14:47:00.708+0000] {dag.py:2585} INFO - Sync 1 DAGs
[2023-05-27T14:47:00.750+0000] {logging_mixin.py:120} INFO - [2023-05-27T14:47:00.750+0000] {dag.py:3340} INFO - Setting next_dagrun for example_skip_dag to 2023-05-26T14:47:00.750244+00:00, run_after=2023-05-27T14:47:00.750244+00:00
[2023-05-27T14:47:00.784+0000] {processor.py:176} INFO - Processing /home/airflow/.local/lib/python3.7/site-packages/airflow/example_dags/example_skip_dag.py took 0.212 seconds
[2023-05-27T14:47:31.715+0000] {processor.py:154} INFO - Started process (PID=1091) to work on /home/airflow/.local/lib/python3.7/site-packages/airflow/example_dags/example_skip_dag.py
[2023-05-27T14:47:31.719+0000] {processor.py:756} INFO - Processing file /home/airflow/.local/lib/python3.7/site-packages/airflow/example_dags/example_skip_dag.py for tasks to queue
[2023-05-27T14:47:31.720+0000] {logging_mixin.py:120} INFO - [2023-05-27T14:47:31.719+0000] {dagbag.py:537} INFO - Filling up the DagBag from /home/airflow/.local/lib/python3.7/site-packages/airflow/example_dags/example_skip_dag.py
[2023-05-27T14:47:31.742+0000] {processor.py:766} INFO - DAG(s) dict_keys(['example_skip_dag']) retrieved from /home/airflow/.local/lib/python3.7/site-packages/airflow/example_dags/example_skip_dag.py
[2023-05-27T14:47:31.793+0000] {logging_mixin.py:120} INFO - [2023-05-27T14:47:31.793+0000] {dag.py:2585} INFO - Sync 1 DAGs
[2023-05-27T14:47:31.825+0000] {logging_mixin.py:120} INFO - [2023-05-27T14:47:31.825+0000] {dag.py:3340} INFO - Setting next_dagrun for example_skip_dag to 2023-05-26T14:47:31.825051+00:00, run_after=2023-05-27T14:47:31.825051+00:00
[2023-05-27T14:47:31.849+0000] {processor.py:176} INFO - Processing /home/airflow/.local/lib/python3.7/site-packages/airflow/example_dags/example_skip_dag.py took 0.137 seconds
[2023-05-27T14:48:02.224+0000] {processor.py:154} INFO - Started process (PID=1145) to work on /home/airflow/.local/lib/python3.7/site-packages/airflow/example_dags/example_skip_dag.py
[2023-05-27T14:48:02.227+0000] {processor.py:756} INFO - Processing file /home/airflow/.local/lib/python3.7/site-packages/airflow/example_dags/example_skip_dag.py for tasks to queue
[2023-05-27T14:48:02.227+0000] {logging_mixin.py:120} INFO - [2023-05-27T14:48:02.227+0000] {dagbag.py:537} INFO - Filling up the DagBag from /home/airflow/.local/lib/python3.7/site-packages/airflow/example_dags/example_skip_dag.py
[2023-05-27T14:48:02.253+0000] {processor.py:766} INFO - DAG(s) dict_keys(['example_skip_dag']) retrieved from /home/airflow/.local/lib/python3.7/site-packages/airflow/example_dags/example_skip_dag.py
[2023-05-27T14:48:02.312+0000] {logging_mixin.py:120} INFO - [2023-05-27T14:48:02.312+0000] {dag.py:2585} INFO - Sync 1 DAGs
[2023-05-27T14:48:02.350+0000] {logging_mixin.py:120} INFO - [2023-05-27T14:48:02.349+0000] {dag.py:3340} INFO - Setting next_dagrun for example_skip_dag to 2023-05-26T14:48:02.349654+00:00, run_after=2023-05-27T14:48:02.349654+00:00
[2023-05-27T14:48:02.381+0000] {processor.py:176} INFO - Processing /home/airflow/.local/lib/python3.7/site-packages/airflow/example_dags/example_skip_dag.py took 0.160 seconds
[2023-05-27T14:48:32.813+0000] {processor.py:154} INFO - Started process (PID=1207) to work on /home/airflow/.local/lib/python3.7/site-packages/airflow/example_dags/example_skip_dag.py
[2023-05-27T14:48:32.817+0000] {processor.py:756} INFO - Processing file /home/airflow/.local/lib/python3.7/site-packages/airflow/example_dags/example_skip_dag.py for tasks to queue
[2023-05-27T14:48:32.818+0000] {logging_mixin.py:120} INFO - [2023-05-27T14:48:32.817+0000] {dagbag.py:537} INFO - Filling up the DagBag from /home/airflow/.local/lib/python3.7/site-packages/airflow/example_dags/example_skip_dag.py
[2023-05-27T14:48:32.869+0000] {processor.py:766} INFO - DAG(s) dict_keys(['example_skip_dag']) retrieved from /home/airflow/.local/lib/python3.7/site-packages/airflow/example_dags/example_skip_dag.py
[2023-05-27T14:48:32.967+0000] {logging_mixin.py:120} INFO - [2023-05-27T14:48:32.966+0000] {dag.py:2585} INFO - Sync 1 DAGs
[2023-05-27T14:48:33.000+0000] {logging_mixin.py:120} INFO - [2023-05-27T14:48:33.000+0000] {dag.py:3340} INFO - Setting next_dagrun for example_skip_dag to 2023-05-26T14:48:32.999988+00:00, run_after=2023-05-27T14:48:32.999988+00:00
[2023-05-27T14:48:33.025+0000] {processor.py:176} INFO - Processing /home/airflow/.local/lib/python3.7/site-packages/airflow/example_dags/example_skip_dag.py took 0.217 seconds
[2023-05-27T14:49:04.032+0000] {processor.py:154} INFO - Started process (PID=1261) to work on /home/airflow/.local/lib/python3.7/site-packages/airflow/example_dags/example_skip_dag.py
[2023-05-27T14:49:04.034+0000] {processor.py:756} INFO - Processing file /home/airflow/.local/lib/python3.7/site-packages/airflow/example_dags/example_skip_dag.py for tasks to queue
[2023-05-27T14:49:04.035+0000] {logging_mixin.py:120} INFO - [2023-05-27T14:49:04.035+0000] {dagbag.py:537} INFO - Filling up the DagBag from /home/airflow/.local/lib/python3.7/site-packages/airflow/example_dags/example_skip_dag.py
[2023-05-27T14:49:04.116+0000] {processor.py:766} INFO - DAG(s) dict_keys(['example_skip_dag']) retrieved from /home/airflow/.local/lib/python3.7/site-packages/airflow/example_dags/example_skip_dag.py
[2023-05-27T14:49:04.214+0000] {logging_mixin.py:120} INFO - [2023-05-27T14:49:04.213+0000] {dag.py:2585} INFO - Sync 1 DAGs
[2023-05-27T14:49:04.249+0000] {logging_mixin.py:120} INFO - [2023-05-27T14:49:04.249+0000] {dag.py:3340} INFO - Setting next_dagrun for example_skip_dag to 2023-05-26T14:49:04.247472+00:00, run_after=2023-05-27T14:49:04.247472+00:00
[2023-05-27T14:49:04.274+0000] {processor.py:176} INFO - Processing /home/airflow/.local/lib/python3.7/site-packages/airflow/example_dags/example_skip_dag.py took 0.245 seconds
[2023-05-27T14:49:34.685+0000] {processor.py:154} INFO - Started process (PID=1324) to work on /home/airflow/.local/lib/python3.7/site-packages/airflow/example_dags/example_skip_dag.py
[2023-05-27T14:49:34.689+0000] {processor.py:756} INFO - Processing file /home/airflow/.local/lib/python3.7/site-packages/airflow/example_dags/example_skip_dag.py for tasks to queue
[2023-05-27T14:49:34.689+0000] {logging_mixin.py:120} INFO - [2023-05-27T14:49:34.689+0000] {dagbag.py:537} INFO - Filling up the DagBag from /home/airflow/.local/lib/python3.7/site-packages/airflow/example_dags/example_skip_dag.py
[2023-05-27T14:49:34.709+0000] {processor.py:766} INFO - DAG(s) dict_keys(['example_skip_dag']) retrieved from /home/airflow/.local/lib/python3.7/site-packages/airflow/example_dags/example_skip_dag.py
[2023-05-27T14:49:34.761+0000] {logging_mixin.py:120} INFO - [2023-05-27T14:49:34.761+0000] {dag.py:2585} INFO - Sync 1 DAGs
[2023-05-27T14:49:34.835+0000] {logging_mixin.py:120} INFO - [2023-05-27T14:49:34.835+0000] {dag.py:3340} INFO - Setting next_dagrun for example_skip_dag to 2023-05-26T14:49:34.834843+00:00, run_after=2023-05-27T14:49:34.834843+00:00
[2023-05-27T14:49:34.860+0000] {processor.py:176} INFO - Processing /home/airflow/.local/lib/python3.7/site-packages/airflow/example_dags/example_skip_dag.py took 0.178 seconds
[2023-05-27T14:50:05.327+0000] {processor.py:154} INFO - Started process (PID=1380) to work on /home/airflow/.local/lib/python3.7/site-packages/airflow/example_dags/example_skip_dag.py
[2023-05-27T14:50:05.331+0000] {processor.py:756} INFO - Processing file /home/airflow/.local/lib/python3.7/site-packages/airflow/example_dags/example_skip_dag.py for tasks to queue
[2023-05-27T14:50:05.332+0000] {logging_mixin.py:120} INFO - [2023-05-27T14:50:05.332+0000] {dagbag.py:537} INFO - Filling up the DagBag from /home/airflow/.local/lib/python3.7/site-packages/airflow/example_dags/example_skip_dag.py
[2023-05-27T14:50:05.374+0000] {processor.py:766} INFO - DAG(s) dict_keys(['example_skip_dag']) retrieved from /home/airflow/.local/lib/python3.7/site-packages/airflow/example_dags/example_skip_dag.py
[2023-05-27T14:50:05.461+0000] {logging_mixin.py:120} INFO - [2023-05-27T14:50:05.460+0000] {dag.py:2585} INFO - Sync 1 DAGs
[2023-05-27T14:50:05.516+0000] {logging_mixin.py:120} INFO - [2023-05-27T14:50:05.515+0000] {dag.py:3340} INFO - Setting next_dagrun for example_skip_dag to 2023-05-26T14:50:05.515537+00:00, run_after=2023-05-27T14:50:05.515537+00:00
[2023-05-27T14:50:05.554+0000] {processor.py:176} INFO - Processing /home/airflow/.local/lib/python3.7/site-packages/airflow/example_dags/example_skip_dag.py took 0.230 seconds
[2023-05-27T14:50:36.370+0000] {processor.py:154} INFO - Started process (PID=1441) to work on /home/airflow/.local/lib/python3.7/site-packages/airflow/example_dags/example_skip_dag.py
[2023-05-27T14:50:36.373+0000] {processor.py:756} INFO - Processing file /home/airflow/.local/lib/python3.7/site-packages/airflow/example_dags/example_skip_dag.py for tasks to queue
[2023-05-27T14:50:36.375+0000] {logging_mixin.py:120} INFO - [2023-05-27T14:50:36.374+0000] {dagbag.py:537} INFO - Filling up the DagBag from /home/airflow/.local/lib/python3.7/site-packages/airflow/example_dags/example_skip_dag.py
[2023-05-27T14:50:36.436+0000] {processor.py:766} INFO - DAG(s) dict_keys(['example_skip_dag']) retrieved from /home/airflow/.local/lib/python3.7/site-packages/airflow/example_dags/example_skip_dag.py
[2023-05-27T14:50:36.624+0000] {logging_mixin.py:120} INFO - [2023-05-27T14:50:36.624+0000] {dag.py:2585} INFO - Sync 1 DAGs
[2023-05-27T14:50:36.689+0000] {logging_mixin.py:120} INFO - [2023-05-27T14:50:36.689+0000] {dag.py:3340} INFO - Setting next_dagrun for example_skip_dag to 2023-05-26T14:50:36.688860+00:00, run_after=2023-05-27T14:50:36.688860+00:00
[2023-05-27T14:50:36.739+0000] {processor.py:176} INFO - Processing /home/airflow/.local/lib/python3.7/site-packages/airflow/example_dags/example_skip_dag.py took 0.381 seconds
[2023-05-27T14:51:13.658+0000] {processor.py:154} INFO - Started process (PID=1497) to work on /home/airflow/.local/lib/python3.7/site-packages/airflow/example_dags/example_skip_dag.py
[2023-05-27T14:51:13.660+0000] {processor.py:756} INFO - Processing file /home/airflow/.local/lib/python3.7/site-packages/airflow/example_dags/example_skip_dag.py for tasks to queue
[2023-05-27T14:51:13.662+0000] {logging_mixin.py:120} INFO - [2023-05-27T14:51:13.662+0000] {dagbag.py:537} INFO - Filling up the DagBag from /home/airflow/.local/lib/python3.7/site-packages/airflow/example_dags/example_skip_dag.py
[2023-05-27T14:51:13.717+0000] {processor.py:766} INFO - DAG(s) dict_keys(['example_skip_dag']) retrieved from /home/airflow/.local/lib/python3.7/site-packages/airflow/example_dags/example_skip_dag.py
[2023-05-27T14:51:13.888+0000] {logging_mixin.py:120} INFO - [2023-05-27T14:51:13.887+0000] {dag.py:2585} INFO - Sync 1 DAGs
[2023-05-27T14:51:13.936+0000] {logging_mixin.py:120} INFO - [2023-05-27T14:51:13.936+0000] {dag.py:3340} INFO - Setting next_dagrun for example_skip_dag to 2023-05-26T14:51:13.936295+00:00, run_after=2023-05-27T14:51:13.936295+00:00
[2023-05-27T14:51:13.958+0000] {processor.py:176} INFO - Processing /home/airflow/.local/lib/python3.7/site-packages/airflow/example_dags/example_skip_dag.py took 0.305 seconds
[2023-05-27T14:51:44.350+0000] {processor.py:154} INFO - Started process (PID=1551) to work on /home/airflow/.local/lib/python3.7/site-packages/airflow/example_dags/example_skip_dag.py
[2023-05-27T14:51:44.352+0000] {processor.py:756} INFO - Processing file /home/airflow/.local/lib/python3.7/site-packages/airflow/example_dags/example_skip_dag.py for tasks to queue
[2023-05-27T14:51:44.353+0000] {logging_mixin.py:120} INFO - [2023-05-27T14:51:44.353+0000] {dagbag.py:537} INFO - Filling up the DagBag from /home/airflow/.local/lib/python3.7/site-packages/airflow/example_dags/example_skip_dag.py
[2023-05-27T14:51:44.373+0000] {processor.py:766} INFO - DAG(s) dict_keys(['example_skip_dag']) retrieved from /home/airflow/.local/lib/python3.7/site-packages/airflow/example_dags/example_skip_dag.py
[2023-05-27T14:51:44.447+0000] {logging_mixin.py:120} INFO - [2023-05-27T14:51:44.447+0000] {dag.py:2585} INFO - Sync 1 DAGs
[2023-05-27T14:51:44.482+0000] {logging_mixin.py:120} INFO - [2023-05-27T14:51:44.482+0000] {dag.py:3340} INFO - Setting next_dagrun for example_skip_dag to 2023-05-26T14:51:44.482376+00:00, run_after=2023-05-27T14:51:44.482376+00:00
[2023-05-27T14:51:44.531+0000] {processor.py:176} INFO - Processing /home/airflow/.local/lib/python3.7/site-packages/airflow/example_dags/example_skip_dag.py took 0.186 seconds
[2023-05-27T14:52:14.900+0000] {processor.py:154} INFO - Started process (PID=1613) to work on /home/airflow/.local/lib/python3.7/site-packages/airflow/example_dags/example_skip_dag.py
[2023-05-27T14:52:14.905+0000] {processor.py:756} INFO - Processing file /home/airflow/.local/lib/python3.7/site-packages/airflow/example_dags/example_skip_dag.py for tasks to queue
[2023-05-27T14:52:14.907+0000] {logging_mixin.py:120} INFO - [2023-05-27T14:52:14.906+0000] {dagbag.py:537} INFO - Filling up the DagBag from /home/airflow/.local/lib/python3.7/site-packages/airflow/example_dags/example_skip_dag.py
[2023-05-27T14:52:14.927+0000] {processor.py:766} INFO - DAG(s) dict_keys(['example_skip_dag']) retrieved from /home/airflow/.local/lib/python3.7/site-packages/airflow/example_dags/example_skip_dag.py
[2023-05-27T14:52:14.975+0000] {logging_mixin.py:120} INFO - [2023-05-27T14:52:14.975+0000] {dag.py:2585} INFO - Sync 1 DAGs
[2023-05-27T14:52:15.008+0000] {logging_mixin.py:120} INFO - [2023-05-27T14:52:15.008+0000] {dag.py:3340} INFO - Setting next_dagrun for example_skip_dag to 2023-05-26T14:52:15.007954+00:00, run_after=2023-05-27T14:52:15.007954+00:00
[2023-05-27T14:52:15.035+0000] {processor.py:176} INFO - Processing /home/airflow/.local/lib/python3.7/site-packages/airflow/example_dags/example_skip_dag.py took 0.138 seconds
[2023-05-27T14:52:45.758+0000] {processor.py:154} INFO - Started process (PID=1666) to work on /home/airflow/.local/lib/python3.7/site-packages/airflow/example_dags/example_skip_dag.py
[2023-05-27T14:52:45.761+0000] {processor.py:756} INFO - Processing file /home/airflow/.local/lib/python3.7/site-packages/airflow/example_dags/example_skip_dag.py for tasks to queue
[2023-05-27T14:52:45.761+0000] {logging_mixin.py:120} INFO - [2023-05-27T14:52:45.761+0000] {dagbag.py:537} INFO - Filling up the DagBag from /home/airflow/.local/lib/python3.7/site-packages/airflow/example_dags/example_skip_dag.py
[2023-05-27T14:52:45.781+0000] {processor.py:766} INFO - DAG(s) dict_keys(['example_skip_dag']) retrieved from /home/airflow/.local/lib/python3.7/site-packages/airflow/example_dags/example_skip_dag.py
[2023-05-27T14:52:45.831+0000] {logging_mixin.py:120} INFO - [2023-05-27T14:52:45.831+0000] {dag.py:2585} INFO - Sync 1 DAGs
[2023-05-27T14:52:45.862+0000] {logging_mixin.py:120} INFO - [2023-05-27T14:52:45.862+0000] {dag.py:3340} INFO - Setting next_dagrun for example_skip_dag to 2023-05-26T14:52:45.862130+00:00, run_after=2023-05-27T14:52:45.862130+00:00
[2023-05-27T14:52:45.893+0000] {processor.py:176} INFO - Processing /home/airflow/.local/lib/python3.7/site-packages/airflow/example_dags/example_skip_dag.py took 0.139 seconds
[2023-05-27T14:53:17.218+0000] {processor.py:154} INFO - Started process (PID=1720) to work on /home/airflow/.local/lib/python3.7/site-packages/airflow/example_dags/example_skip_dag.py
[2023-05-27T14:53:17.230+0000] {processor.py:756} INFO - Processing file /home/airflow/.local/lib/python3.7/site-packages/airflow/example_dags/example_skip_dag.py for tasks to queue
[2023-05-27T14:53:17.231+0000] {logging_mixin.py:120} INFO - [2023-05-27T14:53:17.231+0000] {dagbag.py:537} INFO - Filling up the DagBag from /home/airflow/.local/lib/python3.7/site-packages/airflow/example_dags/example_skip_dag.py
[2023-05-27T14:53:17.253+0000] {processor.py:766} INFO - DAG(s) dict_keys(['example_skip_dag']) retrieved from /home/airflow/.local/lib/python3.7/site-packages/airflow/example_dags/example_skip_dag.py
[2023-05-27T14:53:17.324+0000] {logging_mixin.py:120} INFO - [2023-05-27T14:53:17.323+0000] {dag.py:2585} INFO - Sync 1 DAGs
[2023-05-27T14:53:17.356+0000] {logging_mixin.py:120} INFO - [2023-05-27T14:53:17.356+0000] {dag.py:3340} INFO - Setting next_dagrun for example_skip_dag to 2023-05-26T14:53:17.356382+00:00, run_after=2023-05-27T14:53:17.356382+00:00
[2023-05-27T14:53:17.379+0000] {processor.py:176} INFO - Processing /home/airflow/.local/lib/python3.7/site-packages/airflow/example_dags/example_skip_dag.py took 0.165 seconds
[2023-05-27T14:53:47.467+0000] {processor.py:154} INFO - Started process (PID=1771) to work on /home/airflow/.local/lib/python3.7/site-packages/airflow/example_dags/example_skip_dag.py
[2023-05-27T14:53:47.482+0000] {processor.py:756} INFO - Processing file /home/airflow/.local/lib/python3.7/site-packages/airflow/example_dags/example_skip_dag.py for tasks to queue
[2023-05-27T14:53:47.486+0000] {logging_mixin.py:120} INFO - [2023-05-27T14:53:47.483+0000] {dagbag.py:537} INFO - Filling up the DagBag from /home/airflow/.local/lib/python3.7/site-packages/airflow/example_dags/example_skip_dag.py
[2023-05-27T14:53:47.534+0000] {processor.py:766} INFO - DAG(s) dict_keys(['example_skip_dag']) retrieved from /home/airflow/.local/lib/python3.7/site-packages/airflow/example_dags/example_skip_dag.py
[2023-05-27T14:53:47.723+0000] {logging_mixin.py:120} INFO - [2023-05-27T14:53:47.722+0000] {dag.py:2585} INFO - Sync 1 DAGs
[2023-05-27T14:53:47.868+0000] {logging_mixin.py:120} INFO - [2023-05-27T14:53:47.868+0000] {dag.py:3340} INFO - Setting next_dagrun for example_skip_dag to 2023-05-26T14:53:47.865597+00:00, run_after=2023-05-27T14:53:47.865597+00:00
[2023-05-27T14:53:47.943+0000] {processor.py:176} INFO - Processing /home/airflow/.local/lib/python3.7/site-packages/airflow/example_dags/example_skip_dag.py took 0.492 seconds
