[2023-05-27T14:38:27.772+0000] {processor.py:154} INFO - Started process (PID=66) to work on /home/airflow/.local/lib/python3.7/site-packages/airflow/example_dags/example_external_task_marker_dag.py
[2023-05-27T14:38:27.773+0000] {processor.py:756} INFO - Processing file /home/airflow/.local/lib/python3.7/site-packages/airflow/example_dags/example_external_task_marker_dag.py for tasks to queue
[2023-05-27T14:38:27.774+0000] {logging_mixin.py:120} INFO - [2023-05-27T14:38:27.774+0000] {dagbag.py:537} INFO - Filling up the DagBag from /home/airflow/.local/lib/python3.7/site-packages/airflow/example_dags/example_external_task_marker_dag.py
[2023-05-27T14:38:27.844+0000] {processor.py:766} INFO - DAG(s) dict_keys(['example_external_task_marker_child', 'example_external_task_marker_parent']) retrieved from /home/airflow/.local/lib/python3.7/site-packages/airflow/example_dags/example_external_task_marker_dag.py
[2023-05-27T14:38:29.389+0000] {logging_mixin.py:120} INFO - [2023-05-27T14:38:29.389+0000] {manager.py:507} INFO - Created Permission View: can read on DAG:example_external_task_marker_child
[2023-05-27T14:38:29.407+0000] {logging_mixin.py:120} INFO - [2023-05-27T14:38:29.407+0000] {manager.py:507} INFO - Created Permission View: can edit on DAG:example_external_task_marker_child
[2023-05-27T14:38:29.420+0000] {logging_mixin.py:120} INFO - [2023-05-27T14:38:29.420+0000] {manager.py:507} INFO - Created Permission View: can delete on DAG:example_external_task_marker_child
[2023-05-27T14:38:29.441+0000] {logging_mixin.py:120} INFO - [2023-05-27T14:38:29.441+0000] {manager.py:507} INFO - Created Permission View: can read on DAG:example_external_task_marker_parent
[2023-05-27T14:38:29.455+0000] {logging_mixin.py:120} INFO - [2023-05-27T14:38:29.454+0000] {manager.py:507} INFO - Created Permission View: can edit on DAG:example_external_task_marker_parent
[2023-05-27T14:38:29.472+0000] {logging_mixin.py:120} INFO - [2023-05-27T14:38:29.472+0000] {manager.py:507} INFO - Created Permission View: can delete on DAG:example_external_task_marker_parent
[2023-05-27T14:38:29.472+0000] {logging_mixin.py:120} INFO - [2023-05-27T14:38:29.472+0000] {dag.py:2585} INFO - Sync 2 DAGs
[2023-05-27T14:38:29.503+0000] {logging_mixin.py:120} INFO - [2023-05-27T14:38:29.503+0000] {dag.py:2606} INFO - Creating ORM DAG for example_external_task_marker_child
[2023-05-27T14:38:29.504+0000] {logging_mixin.py:120} INFO - [2023-05-27T14:38:29.503+0000] {dag.py:2606} INFO - Creating ORM DAG for example_external_task_marker_parent
[2023-05-27T14:38:29.536+0000] {logging_mixin.py:120} INFO - [2023-05-27T14:38:29.536+0000] {dag.py:3340} INFO - Setting next_dagrun for example_external_task_marker_child to None, run_after=None
[2023-05-27T14:38:29.537+0000] {logging_mixin.py:120} INFO - [2023-05-27T14:38:29.536+0000] {dag.py:3340} INFO - Setting next_dagrun for example_external_task_marker_parent to None, run_after=None
[2023-05-27T14:38:29.585+0000] {processor.py:176} INFO - Processing /home/airflow/.local/lib/python3.7/site-packages/airflow/example_dags/example_external_task_marker_dag.py took 1.830 seconds
[2023-05-27T14:38:59.975+0000] {processor.py:154} INFO - Started process (PID=120) to work on /home/airflow/.local/lib/python3.7/site-packages/airflow/example_dags/example_external_task_marker_dag.py
[2023-05-27T14:38:59.976+0000] {processor.py:756} INFO - Processing file /home/airflow/.local/lib/python3.7/site-packages/airflow/example_dags/example_external_task_marker_dag.py for tasks to queue
[2023-05-27T14:38:59.977+0000] {logging_mixin.py:120} INFO - [2023-05-27T14:38:59.977+0000] {dagbag.py:537} INFO - Filling up the DagBag from /home/airflow/.local/lib/python3.7/site-packages/airflow/example_dags/example_external_task_marker_dag.py
[2023-05-27T14:38:59.998+0000] {processor.py:766} INFO - DAG(s) dict_keys(['example_external_task_marker_parent', 'example_external_task_marker_child']) retrieved from /home/airflow/.local/lib/python3.7/site-packages/airflow/example_dags/example_external_task_marker_dag.py
[2023-05-27T14:39:00.552+0000] {logging_mixin.py:120} INFO - [2023-05-27T14:39:00.551+0000] {dag.py:2585} INFO - Sync 2 DAGs
[2023-05-27T14:39:00.585+0000] {logging_mixin.py:120} INFO - [2023-05-27T14:39:00.585+0000] {dag.py:3340} INFO - Setting next_dagrun for example_external_task_marker_child to None, run_after=None
[2023-05-27T14:39:00.589+0000] {logging_mixin.py:120} INFO - [2023-05-27T14:39:00.589+0000] {dag.py:3340} INFO - Setting next_dagrun for example_external_task_marker_parent to None, run_after=None
[2023-05-27T14:39:00.608+0000] {processor.py:176} INFO - Processing /home/airflow/.local/lib/python3.7/site-packages/airflow/example_dags/example_external_task_marker_dag.py took 0.638 seconds
[2023-05-27T14:39:31.566+0000] {processor.py:154} INFO - Started process (PID=187) to work on /home/airflow/.local/lib/python3.7/site-packages/airflow/example_dags/example_external_task_marker_dag.py
[2023-05-27T14:39:31.568+0000] {processor.py:756} INFO - Processing file /home/airflow/.local/lib/python3.7/site-packages/airflow/example_dags/example_external_task_marker_dag.py for tasks to queue
[2023-05-27T14:39:31.569+0000] {logging_mixin.py:120} INFO - [2023-05-27T14:39:31.569+0000] {dagbag.py:537} INFO - Filling up the DagBag from /home/airflow/.local/lib/python3.7/site-packages/airflow/example_dags/example_external_task_marker_dag.py
[2023-05-27T14:39:31.609+0000] {processor.py:766} INFO - DAG(s) dict_keys(['example_external_task_marker_parent', 'example_external_task_marker_child']) retrieved from /home/airflow/.local/lib/python3.7/site-packages/airflow/example_dags/example_external_task_marker_dag.py
[2023-05-27T14:39:32.308+0000] {logging_mixin.py:120} INFO - [2023-05-27T14:39:32.308+0000] {dag.py:2585} INFO - Sync 2 DAGs
[2023-05-27T14:39:32.340+0000] {logging_mixin.py:120} INFO - [2023-05-27T14:39:32.340+0000] {dag.py:3340} INFO - Setting next_dagrun for example_external_task_marker_child to None, run_after=None
[2023-05-27T14:39:32.344+0000] {logging_mixin.py:120} INFO - [2023-05-27T14:39:32.344+0000] {dag.py:3340} INFO - Setting next_dagrun for example_external_task_marker_parent to None, run_after=None
[2023-05-27T14:39:32.372+0000] {processor.py:176} INFO - Processing /home/airflow/.local/lib/python3.7/site-packages/airflow/example_dags/example_external_task_marker_dag.py took 0.814 seconds
[2023-05-27T14:40:02.482+0000] {processor.py:154} INFO - Started process (PID=240) to work on /home/airflow/.local/lib/python3.7/site-packages/airflow/example_dags/example_external_task_marker_dag.py
[2023-05-27T14:40:02.486+0000] {processor.py:756} INFO - Processing file /home/airflow/.local/lib/python3.7/site-packages/airflow/example_dags/example_external_task_marker_dag.py for tasks to queue
[2023-05-27T14:40:02.488+0000] {logging_mixin.py:120} INFO - [2023-05-27T14:40:02.488+0000] {dagbag.py:537} INFO - Filling up the DagBag from /home/airflow/.local/lib/python3.7/site-packages/airflow/example_dags/example_external_task_marker_dag.py
[2023-05-27T14:40:02.515+0000] {processor.py:766} INFO - DAG(s) dict_keys(['example_external_task_marker_parent', 'example_external_task_marker_child']) retrieved from /home/airflow/.local/lib/python3.7/site-packages/airflow/example_dags/example_external_task_marker_dag.py
[2023-05-27T14:40:03.422+0000] {logging_mixin.py:120} INFO - [2023-05-27T14:40:03.422+0000] {dag.py:2585} INFO - Sync 2 DAGs
[2023-05-27T14:40:03.455+0000] {logging_mixin.py:120} INFO - [2023-05-27T14:40:03.455+0000] {dag.py:3340} INFO - Setting next_dagrun for example_external_task_marker_child to None, run_after=None
[2023-05-27T14:40:03.460+0000] {logging_mixin.py:120} INFO - [2023-05-27T14:40:03.460+0000] {dag.py:3340} INFO - Setting next_dagrun for example_external_task_marker_parent to None, run_after=None
[2023-05-27T14:40:03.483+0000] {processor.py:176} INFO - Processing /home/airflow/.local/lib/python3.7/site-packages/airflow/example_dags/example_external_task_marker_dag.py took 1.008 seconds
[2023-05-27T14:40:33.515+0000] {processor.py:154} INFO - Started process (PID=303) to work on /home/airflow/.local/lib/python3.7/site-packages/airflow/example_dags/example_external_task_marker_dag.py
[2023-05-27T14:40:33.517+0000] {processor.py:756} INFO - Processing file /home/airflow/.local/lib/python3.7/site-packages/airflow/example_dags/example_external_task_marker_dag.py for tasks to queue
[2023-05-27T14:40:33.517+0000] {logging_mixin.py:120} INFO - [2023-05-27T14:40:33.517+0000] {dagbag.py:537} INFO - Filling up the DagBag from /home/airflow/.local/lib/python3.7/site-packages/airflow/example_dags/example_external_task_marker_dag.py
[2023-05-27T14:40:33.538+0000] {processor.py:766} INFO - DAG(s) dict_keys(['example_external_task_marker_child', 'example_external_task_marker_parent']) retrieved from /home/airflow/.local/lib/python3.7/site-packages/airflow/example_dags/example_external_task_marker_dag.py
[2023-05-27T14:40:34.603+0000] {logging_mixin.py:120} INFO - [2023-05-27T14:40:34.603+0000] {dag.py:2585} INFO - Sync 2 DAGs
[2023-05-27T14:40:34.636+0000] {logging_mixin.py:120} INFO - [2023-05-27T14:40:34.636+0000] {dag.py:3340} INFO - Setting next_dagrun for example_external_task_marker_child to None, run_after=None
[2023-05-27T14:40:34.641+0000] {logging_mixin.py:120} INFO - [2023-05-27T14:40:34.640+0000] {dag.py:3340} INFO - Setting next_dagrun for example_external_task_marker_parent to None, run_after=None
[2023-05-27T14:40:34.662+0000] {processor.py:176} INFO - Processing /home/airflow/.local/lib/python3.7/site-packages/airflow/example_dags/example_external_task_marker_dag.py took 1.151 seconds
[2023-05-27T14:41:05.537+0000] {processor.py:154} INFO - Started process (PID=362) to work on /home/airflow/.local/lib/python3.7/site-packages/airflow/example_dags/example_external_task_marker_dag.py
[2023-05-27T14:41:05.539+0000] {processor.py:756} INFO - Processing file /home/airflow/.local/lib/python3.7/site-packages/airflow/example_dags/example_external_task_marker_dag.py for tasks to queue
[2023-05-27T14:41:05.540+0000] {logging_mixin.py:120} INFO - [2023-05-27T14:41:05.539+0000] {dagbag.py:537} INFO - Filling up the DagBag from /home/airflow/.local/lib/python3.7/site-packages/airflow/example_dags/example_external_task_marker_dag.py
[2023-05-27T14:41:05.566+0000] {processor.py:766} INFO - DAG(s) dict_keys(['example_external_task_marker_parent', 'example_external_task_marker_child']) retrieved from /home/airflow/.local/lib/python3.7/site-packages/airflow/example_dags/example_external_task_marker_dag.py
[2023-05-27T14:41:06.455+0000] {logging_mixin.py:120} INFO - [2023-05-27T14:41:06.454+0000] {dag.py:2585} INFO - Sync 2 DAGs
[2023-05-27T14:41:06.499+0000] {logging_mixin.py:120} INFO - [2023-05-27T14:41:06.499+0000] {dag.py:3340} INFO - Setting next_dagrun for example_external_task_marker_child to None, run_after=None
[2023-05-27T14:41:06.503+0000] {logging_mixin.py:120} INFO - [2023-05-27T14:41:06.503+0000] {dag.py:3340} INFO - Setting next_dagrun for example_external_task_marker_parent to None, run_after=None
[2023-05-27T14:41:06.525+0000] {processor.py:176} INFO - Processing /home/airflow/.local/lib/python3.7/site-packages/airflow/example_dags/example_external_task_marker_dag.py took 0.991 seconds
[2023-05-27T14:41:36.619+0000] {processor.py:154} INFO - Started process (PID=429) to work on /home/airflow/.local/lib/python3.7/site-packages/airflow/example_dags/example_external_task_marker_dag.py
[2023-05-27T14:41:36.620+0000] {processor.py:756} INFO - Processing file /home/airflow/.local/lib/python3.7/site-packages/airflow/example_dags/example_external_task_marker_dag.py for tasks to queue
[2023-05-27T14:41:36.621+0000] {logging_mixin.py:120} INFO - [2023-05-27T14:41:36.621+0000] {dagbag.py:537} INFO - Filling up the DagBag from /home/airflow/.local/lib/python3.7/site-packages/airflow/example_dags/example_external_task_marker_dag.py
[2023-05-27T14:41:36.639+0000] {processor.py:766} INFO - DAG(s) dict_keys(['example_external_task_marker_parent', 'example_external_task_marker_child']) retrieved from /home/airflow/.local/lib/python3.7/site-packages/airflow/example_dags/example_external_task_marker_dag.py
[2023-05-27T14:41:37.285+0000] {logging_mixin.py:120} INFO - [2023-05-27T14:41:37.285+0000] {dag.py:2585} INFO - Sync 2 DAGs
[2023-05-27T14:41:37.317+0000] {logging_mixin.py:120} INFO - [2023-05-27T14:41:37.317+0000] {dag.py:3340} INFO - Setting next_dagrun for example_external_task_marker_child to None, run_after=None
[2023-05-27T14:41:37.321+0000] {logging_mixin.py:120} INFO - [2023-05-27T14:41:37.321+0000] {dag.py:3340} INFO - Setting next_dagrun for example_external_task_marker_parent to None, run_after=None
[2023-05-27T14:41:37.341+0000] {processor.py:176} INFO - Processing /home/airflow/.local/lib/python3.7/site-packages/airflow/example_dags/example_external_task_marker_dag.py took 0.728 seconds
[2023-05-27T14:42:07.662+0000] {processor.py:154} INFO - Started process (PID=484) to work on /home/airflow/.local/lib/python3.7/site-packages/airflow/example_dags/example_external_task_marker_dag.py
[2023-05-27T14:42:07.663+0000] {processor.py:756} INFO - Processing file /home/airflow/.local/lib/python3.7/site-packages/airflow/example_dags/example_external_task_marker_dag.py for tasks to queue
[2023-05-27T14:42:07.664+0000] {logging_mixin.py:120} INFO - [2023-05-27T14:42:07.664+0000] {dagbag.py:537} INFO - Filling up the DagBag from /home/airflow/.local/lib/python3.7/site-packages/airflow/example_dags/example_external_task_marker_dag.py
[2023-05-27T14:42:07.688+0000] {processor.py:766} INFO - DAG(s) dict_keys(['example_external_task_marker_child', 'example_external_task_marker_parent']) retrieved from /home/airflow/.local/lib/python3.7/site-packages/airflow/example_dags/example_external_task_marker_dag.py
[2023-05-27T14:42:08.637+0000] {logging_mixin.py:120} INFO - [2023-05-27T14:42:08.637+0000] {dag.py:2585} INFO - Sync 2 DAGs
[2023-05-27T14:42:08.669+0000] {logging_mixin.py:120} INFO - [2023-05-27T14:42:08.669+0000] {dag.py:3340} INFO - Setting next_dagrun for example_external_task_marker_child to None, run_after=None
[2023-05-27T14:42:08.674+0000] {logging_mixin.py:120} INFO - [2023-05-27T14:42:08.673+0000] {dag.py:3340} INFO - Setting next_dagrun for example_external_task_marker_parent to None, run_after=None
[2023-05-27T14:42:08.696+0000] {processor.py:176} INFO - Processing /home/airflow/.local/lib/python3.7/site-packages/airflow/example_dags/example_external_task_marker_dag.py took 1.038 seconds
[2023-05-27T14:42:39.098+0000] {processor.py:154} INFO - Started process (PID=548) to work on /home/airflow/.local/lib/python3.7/site-packages/airflow/example_dags/example_external_task_marker_dag.py
[2023-05-27T14:42:39.108+0000] {processor.py:756} INFO - Processing file /home/airflow/.local/lib/python3.7/site-packages/airflow/example_dags/example_external_task_marker_dag.py for tasks to queue
[2023-05-27T14:42:39.109+0000] {logging_mixin.py:120} INFO - [2023-05-27T14:42:39.109+0000] {dagbag.py:537} INFO - Filling up the DagBag from /home/airflow/.local/lib/python3.7/site-packages/airflow/example_dags/example_external_task_marker_dag.py
[2023-05-27T14:42:39.149+0000] {processor.py:766} INFO - DAG(s) dict_keys(['example_external_task_marker_child', 'example_external_task_marker_parent']) retrieved from /home/airflow/.local/lib/python3.7/site-packages/airflow/example_dags/example_external_task_marker_dag.py
[2023-05-27T14:42:40.225+0000] {logging_mixin.py:120} INFO - [2023-05-27T14:42:40.225+0000] {dag.py:2585} INFO - Sync 2 DAGs
[2023-05-27T14:42:40.256+0000] {logging_mixin.py:120} INFO - [2023-05-27T14:42:40.256+0000] {dag.py:3340} INFO - Setting next_dagrun for example_external_task_marker_child to None, run_after=None
[2023-05-27T14:42:40.260+0000] {logging_mixin.py:120} INFO - [2023-05-27T14:42:40.260+0000] {dag.py:3340} INFO - Setting next_dagrun for example_external_task_marker_parent to None, run_after=None
[2023-05-27T14:42:40.282+0000] {processor.py:176} INFO - Processing /home/airflow/.local/lib/python3.7/site-packages/airflow/example_dags/example_external_task_marker_dag.py took 1.188 seconds
[2023-05-27T14:43:10.469+0000] {processor.py:154} INFO - Started process (PID=605) to work on /home/airflow/.local/lib/python3.7/site-packages/airflow/example_dags/example_external_task_marker_dag.py
[2023-05-27T14:43:10.471+0000] {processor.py:756} INFO - Processing file /home/airflow/.local/lib/python3.7/site-packages/airflow/example_dags/example_external_task_marker_dag.py for tasks to queue
[2023-05-27T14:43:10.471+0000] {logging_mixin.py:120} INFO - [2023-05-27T14:43:10.471+0000] {dagbag.py:537} INFO - Filling up the DagBag from /home/airflow/.local/lib/python3.7/site-packages/airflow/example_dags/example_external_task_marker_dag.py
[2023-05-27T14:43:10.497+0000] {processor.py:766} INFO - DAG(s) dict_keys(['example_external_task_marker_parent', 'example_external_task_marker_child']) retrieved from /home/airflow/.local/lib/python3.7/site-packages/airflow/example_dags/example_external_task_marker_dag.py
[2023-05-27T14:43:11.293+0000] {logging_mixin.py:120} INFO - [2023-05-27T14:43:11.293+0000] {dag.py:2585} INFO - Sync 2 DAGs
[2023-05-27T14:43:11.345+0000] {logging_mixin.py:120} INFO - [2023-05-27T14:43:11.344+0000] {dag.py:3340} INFO - Setting next_dagrun for example_external_task_marker_child to None, run_after=None
[2023-05-27T14:43:11.349+0000] {logging_mixin.py:120} INFO - [2023-05-27T14:43:11.349+0000] {dag.py:3340} INFO - Setting next_dagrun for example_external_task_marker_parent to None, run_after=None
[2023-05-27T14:43:11.368+0000] {processor.py:176} INFO - Processing /home/airflow/.local/lib/python3.7/site-packages/airflow/example_dags/example_external_task_marker_dag.py took 0.904 seconds
[2023-05-27T14:43:41.438+0000] {processor.py:154} INFO - Started process (PID=668) to work on /home/airflow/.local/lib/python3.7/site-packages/airflow/example_dags/example_external_task_marker_dag.py
[2023-05-27T14:43:41.452+0000] {processor.py:756} INFO - Processing file /home/airflow/.local/lib/python3.7/site-packages/airflow/example_dags/example_external_task_marker_dag.py for tasks to queue
[2023-05-27T14:43:41.453+0000] {logging_mixin.py:120} INFO - [2023-05-27T14:43:41.452+0000] {dagbag.py:537} INFO - Filling up the DagBag from /home/airflow/.local/lib/python3.7/site-packages/airflow/example_dags/example_external_task_marker_dag.py
[2023-05-27T14:43:41.472+0000] {processor.py:766} INFO - DAG(s) dict_keys(['example_external_task_marker_parent', 'example_external_task_marker_child']) retrieved from /home/airflow/.local/lib/python3.7/site-packages/airflow/example_dags/example_external_task_marker_dag.py
[2023-05-27T14:43:42.336+0000] {logging_mixin.py:120} INFO - [2023-05-27T14:43:42.335+0000] {dag.py:2585} INFO - Sync 2 DAGs
[2023-05-27T14:43:42.393+0000] {logging_mixin.py:120} INFO - [2023-05-27T14:43:42.393+0000] {dag.py:3340} INFO - Setting next_dagrun for example_external_task_marker_child to None, run_after=None
[2023-05-27T14:43:42.400+0000] {logging_mixin.py:120} INFO - [2023-05-27T14:43:42.399+0000] {dag.py:3340} INFO - Setting next_dagrun for example_external_task_marker_parent to None, run_after=None
[2023-05-27T14:43:42.423+0000] {processor.py:176} INFO - Processing /home/airflow/.local/lib/python3.7/site-packages/airflow/example_dags/example_external_task_marker_dag.py took 0.989 seconds
[2023-05-27T14:44:13.152+0000] {processor.py:154} INFO - Started process (PID=722) to work on /home/airflow/.local/lib/python3.7/site-packages/airflow/example_dags/example_external_task_marker_dag.py
[2023-05-27T14:44:13.155+0000] {processor.py:756} INFO - Processing file /home/airflow/.local/lib/python3.7/site-packages/airflow/example_dags/example_external_task_marker_dag.py for tasks to queue
[2023-05-27T14:44:13.156+0000] {logging_mixin.py:120} INFO - [2023-05-27T14:44:13.156+0000] {dagbag.py:537} INFO - Filling up the DagBag from /home/airflow/.local/lib/python3.7/site-packages/airflow/example_dags/example_external_task_marker_dag.py
[2023-05-27T14:44:13.175+0000] {processor.py:766} INFO - DAG(s) dict_keys(['example_external_task_marker_child', 'example_external_task_marker_parent']) retrieved from /home/airflow/.local/lib/python3.7/site-packages/airflow/example_dags/example_external_task_marker_dag.py
[2023-05-27T14:44:14.046+0000] {logging_mixin.py:120} INFO - [2023-05-27T14:44:14.046+0000] {dag.py:2585} INFO - Sync 2 DAGs
[2023-05-27T14:44:14.079+0000] {logging_mixin.py:120} INFO - [2023-05-27T14:44:14.079+0000] {dag.py:3340} INFO - Setting next_dagrun for example_external_task_marker_child to None, run_after=None
[2023-05-27T14:44:14.083+0000] {logging_mixin.py:120} INFO - [2023-05-27T14:44:14.083+0000] {dag.py:3340} INFO - Setting next_dagrun for example_external_task_marker_parent to None, run_after=None
[2023-05-27T14:44:14.113+0000] {processor.py:176} INFO - Processing /home/airflow/.local/lib/python3.7/site-packages/airflow/example_dags/example_external_task_marker_dag.py took 0.965 seconds
[2023-05-27T14:44:44.844+0000] {processor.py:154} INFO - Started process (PID=788) to work on /home/airflow/.local/lib/python3.7/site-packages/airflow/example_dags/example_external_task_marker_dag.py
[2023-05-27T14:44:44.860+0000] {processor.py:756} INFO - Processing file /home/airflow/.local/lib/python3.7/site-packages/airflow/example_dags/example_external_task_marker_dag.py for tasks to queue
[2023-05-27T14:44:44.860+0000] {logging_mixin.py:120} INFO - [2023-05-27T14:44:44.860+0000] {dagbag.py:537} INFO - Filling up the DagBag from /home/airflow/.local/lib/python3.7/site-packages/airflow/example_dags/example_external_task_marker_dag.py
[2023-05-27T14:44:44.901+0000] {processor.py:766} INFO - DAG(s) dict_keys(['example_external_task_marker_parent', 'example_external_task_marker_child']) retrieved from /home/airflow/.local/lib/python3.7/site-packages/airflow/example_dags/example_external_task_marker_dag.py
[2023-05-27T14:44:45.936+0000] {logging_mixin.py:120} INFO - [2023-05-27T14:44:45.936+0000] {dag.py:2585} INFO - Sync 2 DAGs
[2023-05-27T14:44:45.976+0000] {logging_mixin.py:120} INFO - [2023-05-27T14:44:45.976+0000] {dag.py:3340} INFO - Setting next_dagrun for example_external_task_marker_child to None, run_after=None
[2023-05-27T14:44:45.980+0000] {logging_mixin.py:120} INFO - [2023-05-27T14:44:45.980+0000] {dag.py:3340} INFO - Setting next_dagrun for example_external_task_marker_parent to None, run_after=None
[2023-05-27T14:44:46.003+0000] {processor.py:176} INFO - Processing /home/airflow/.local/lib/python3.7/site-packages/airflow/example_dags/example_external_task_marker_dag.py took 1.168 seconds
[2023-05-27T14:45:16.272+0000] {processor.py:154} INFO - Started process (PID=841) to work on /home/airflow/.local/lib/python3.7/site-packages/airflow/example_dags/example_external_task_marker_dag.py
[2023-05-27T14:45:16.274+0000] {processor.py:756} INFO - Processing file /home/airflow/.local/lib/python3.7/site-packages/airflow/example_dags/example_external_task_marker_dag.py for tasks to queue
[2023-05-27T14:45:16.275+0000] {logging_mixin.py:120} INFO - [2023-05-27T14:45:16.275+0000] {dagbag.py:537} INFO - Filling up the DagBag from /home/airflow/.local/lib/python3.7/site-packages/airflow/example_dags/example_external_task_marker_dag.py
[2023-05-27T14:45:16.298+0000] {processor.py:766} INFO - DAG(s) dict_keys(['example_external_task_marker_parent', 'example_external_task_marker_child']) retrieved from /home/airflow/.local/lib/python3.7/site-packages/airflow/example_dags/example_external_task_marker_dag.py
[2023-05-27T14:45:17.252+0000] {logging_mixin.py:120} INFO - [2023-05-27T14:45:17.252+0000] {dag.py:2585} INFO - Sync 2 DAGs
[2023-05-27T14:45:17.290+0000] {logging_mixin.py:120} INFO - [2023-05-27T14:45:17.289+0000] {dag.py:3340} INFO - Setting next_dagrun for example_external_task_marker_child to None, run_after=None
[2023-05-27T14:45:17.296+0000] {logging_mixin.py:120} INFO - [2023-05-27T14:45:17.295+0000] {dag.py:3340} INFO - Setting next_dagrun for example_external_task_marker_parent to None, run_after=None
[2023-05-27T14:45:17.320+0000] {processor.py:176} INFO - Processing /home/airflow/.local/lib/python3.7/site-packages/airflow/example_dags/example_external_task_marker_dag.py took 1.051 seconds
[2023-05-27T14:45:48.012+0000] {processor.py:154} INFO - Started process (PID=903) to work on /home/airflow/.local/lib/python3.7/site-packages/airflow/example_dags/example_external_task_marker_dag.py
[2023-05-27T14:45:48.015+0000] {processor.py:756} INFO - Processing file /home/airflow/.local/lib/python3.7/site-packages/airflow/example_dags/example_external_task_marker_dag.py for tasks to queue
[2023-05-27T14:45:48.016+0000] {logging_mixin.py:120} INFO - [2023-05-27T14:45:48.015+0000] {dagbag.py:537} INFO - Filling up the DagBag from /home/airflow/.local/lib/python3.7/site-packages/airflow/example_dags/example_external_task_marker_dag.py
[2023-05-27T14:45:48.038+0000] {processor.py:766} INFO - DAG(s) dict_keys(['example_external_task_marker_child', 'example_external_task_marker_parent']) retrieved from /home/airflow/.local/lib/python3.7/site-packages/airflow/example_dags/example_external_task_marker_dag.py
[2023-05-27T14:45:49.063+0000] {logging_mixin.py:120} INFO - [2023-05-27T14:45:49.062+0000] {dag.py:2585} INFO - Sync 2 DAGs
[2023-05-27T14:45:49.094+0000] {logging_mixin.py:120} INFO - [2023-05-27T14:45:49.094+0000] {dag.py:3340} INFO - Setting next_dagrun for example_external_task_marker_child to None, run_after=None
[2023-05-27T14:45:49.098+0000] {logging_mixin.py:120} INFO - [2023-05-27T14:45:49.098+0000] {dag.py:3340} INFO - Setting next_dagrun for example_external_task_marker_parent to None, run_after=None
[2023-05-27T14:45:49.120+0000] {processor.py:176} INFO - Processing /home/airflow/.local/lib/python3.7/site-packages/airflow/example_dags/example_external_task_marker_dag.py took 1.112 seconds
[2023-05-27T14:46:19.486+0000] {processor.py:154} INFO - Started process (PID=957) to work on /home/airflow/.local/lib/python3.7/site-packages/airflow/example_dags/example_external_task_marker_dag.py
[2023-05-27T14:46:19.490+0000] {processor.py:756} INFO - Processing file /home/airflow/.local/lib/python3.7/site-packages/airflow/example_dags/example_external_task_marker_dag.py for tasks to queue
[2023-05-27T14:46:19.491+0000] {logging_mixin.py:120} INFO - [2023-05-27T14:46:19.490+0000] {dagbag.py:537} INFO - Filling up the DagBag from /home/airflow/.local/lib/python3.7/site-packages/airflow/example_dags/example_external_task_marker_dag.py
[2023-05-27T14:46:19.518+0000] {processor.py:766} INFO - DAG(s) dict_keys(['example_external_task_marker_parent', 'example_external_task_marker_child']) retrieved from /home/airflow/.local/lib/python3.7/site-packages/airflow/example_dags/example_external_task_marker_dag.py
[2023-05-27T14:46:20.353+0000] {logging_mixin.py:120} INFO - [2023-05-27T14:46:20.352+0000] {dag.py:2585} INFO - Sync 2 DAGs
[2023-05-27T14:46:20.386+0000] {logging_mixin.py:120} INFO - [2023-05-27T14:46:20.386+0000] {dag.py:3340} INFO - Setting next_dagrun for example_external_task_marker_child to None, run_after=None
[2023-05-27T14:46:20.390+0000] {logging_mixin.py:120} INFO - [2023-05-27T14:46:20.390+0000] {dag.py:3340} INFO - Setting next_dagrun for example_external_task_marker_parent to None, run_after=None
[2023-05-27T14:46:20.410+0000] {processor.py:176} INFO - Processing /home/airflow/.local/lib/python3.7/site-packages/airflow/example_dags/example_external_task_marker_dag.py took 0.928 seconds
[2023-05-27T14:46:50.920+0000] {processor.py:154} INFO - Started process (PID=1020) to work on /home/airflow/.local/lib/python3.7/site-packages/airflow/example_dags/example_external_task_marker_dag.py
[2023-05-27T14:46:50.923+0000] {processor.py:756} INFO - Processing file /home/airflow/.local/lib/python3.7/site-packages/airflow/example_dags/example_external_task_marker_dag.py for tasks to queue
[2023-05-27T14:46:50.924+0000] {logging_mixin.py:120} INFO - [2023-05-27T14:46:50.923+0000] {dagbag.py:537} INFO - Filling up the DagBag from /home/airflow/.local/lib/python3.7/site-packages/airflow/example_dags/example_external_task_marker_dag.py
[2023-05-27T14:46:50.953+0000] {processor.py:766} INFO - DAG(s) dict_keys(['example_external_task_marker_parent', 'example_external_task_marker_child']) retrieved from /home/airflow/.local/lib/python3.7/site-packages/airflow/example_dags/example_external_task_marker_dag.py
[2023-05-27T14:46:51.774+0000] {logging_mixin.py:120} INFO - [2023-05-27T14:46:51.774+0000] {dag.py:2585} INFO - Sync 2 DAGs
[2023-05-27T14:46:51.810+0000] {logging_mixin.py:120} INFO - [2023-05-27T14:46:51.809+0000] {dag.py:3340} INFO - Setting next_dagrun for example_external_task_marker_child to None, run_after=None
[2023-05-27T14:46:51.814+0000] {logging_mixin.py:120} INFO - [2023-05-27T14:46:51.814+0000] {dag.py:3340} INFO - Setting next_dagrun for example_external_task_marker_parent to None, run_after=None
[2023-05-27T14:46:51.835+0000] {processor.py:176} INFO - Processing /home/airflow/.local/lib/python3.7/site-packages/airflow/example_dags/example_external_task_marker_dag.py took 0.919 seconds
[2023-05-27T14:47:22.546+0000] {processor.py:154} INFO - Started process (PID=1074) to work on /home/airflow/.local/lib/python3.7/site-packages/airflow/example_dags/example_external_task_marker_dag.py
[2023-05-27T14:47:22.549+0000] {processor.py:756} INFO - Processing file /home/airflow/.local/lib/python3.7/site-packages/airflow/example_dags/example_external_task_marker_dag.py for tasks to queue
[2023-05-27T14:47:22.549+0000] {logging_mixin.py:120} INFO - [2023-05-27T14:47:22.549+0000] {dagbag.py:537} INFO - Filling up the DagBag from /home/airflow/.local/lib/python3.7/site-packages/airflow/example_dags/example_external_task_marker_dag.py
[2023-05-27T14:47:22.571+0000] {processor.py:766} INFO - DAG(s) dict_keys(['example_external_task_marker_parent', 'example_external_task_marker_child']) retrieved from /home/airflow/.local/lib/python3.7/site-packages/airflow/example_dags/example_external_task_marker_dag.py
[2023-05-27T14:47:23.328+0000] {logging_mixin.py:120} INFO - [2023-05-27T14:47:23.327+0000] {dag.py:2585} INFO - Sync 2 DAGs
[2023-05-27T14:47:23.359+0000] {logging_mixin.py:120} INFO - [2023-05-27T14:47:23.359+0000] {dag.py:3340} INFO - Setting next_dagrun for example_external_task_marker_child to None, run_after=None
[2023-05-27T14:47:23.363+0000] {logging_mixin.py:120} INFO - [2023-05-27T14:47:23.363+0000] {dag.py:3340} INFO - Setting next_dagrun for example_external_task_marker_parent to None, run_after=None
[2023-05-27T14:47:23.382+0000] {processor.py:176} INFO - Processing /home/airflow/.local/lib/python3.7/site-packages/airflow/example_dags/example_external_task_marker_dag.py took 0.840 seconds
[2023-05-27T14:47:53.987+0000] {processor.py:154} INFO - Started process (PID=1136) to work on /home/airflow/.local/lib/python3.7/site-packages/airflow/example_dags/example_external_task_marker_dag.py
[2023-05-27T14:47:53.992+0000] {processor.py:756} INFO - Processing file /home/airflow/.local/lib/python3.7/site-packages/airflow/example_dags/example_external_task_marker_dag.py for tasks to queue
[2023-05-27T14:47:53.993+0000] {logging_mixin.py:120} INFO - [2023-05-27T14:47:53.993+0000] {dagbag.py:537} INFO - Filling up the DagBag from /home/airflow/.local/lib/python3.7/site-packages/airflow/example_dags/example_external_task_marker_dag.py
[2023-05-27T14:47:54.044+0000] {processor.py:766} INFO - DAG(s) dict_keys(['example_external_task_marker_parent', 'example_external_task_marker_child']) retrieved from /home/airflow/.local/lib/python3.7/site-packages/airflow/example_dags/example_external_task_marker_dag.py
[2023-05-27T14:47:54.936+0000] {logging_mixin.py:120} INFO - [2023-05-27T14:47:54.935+0000] {dag.py:2585} INFO - Sync 2 DAGs
[2023-05-27T14:47:54.970+0000] {logging_mixin.py:120} INFO - [2023-05-27T14:47:54.970+0000] {dag.py:3340} INFO - Setting next_dagrun for example_external_task_marker_child to None, run_after=None
[2023-05-27T14:47:54.974+0000] {logging_mixin.py:120} INFO - [2023-05-27T14:47:54.974+0000] {dag.py:3340} INFO - Setting next_dagrun for example_external_task_marker_parent to None, run_after=None
[2023-05-27T14:47:55.017+0000] {processor.py:176} INFO - Processing /home/airflow/.local/lib/python3.7/site-packages/airflow/example_dags/example_external_task_marker_dag.py took 1.039 seconds
[2023-05-27T14:48:25.439+0000] {processor.py:154} INFO - Started process (PID=1191) to work on /home/airflow/.local/lib/python3.7/site-packages/airflow/example_dags/example_external_task_marker_dag.py
[2023-05-27T14:48:25.443+0000] {processor.py:756} INFO - Processing file /home/airflow/.local/lib/python3.7/site-packages/airflow/example_dags/example_external_task_marker_dag.py for tasks to queue
[2023-05-27T14:48:25.444+0000] {logging_mixin.py:120} INFO - [2023-05-27T14:48:25.443+0000] {dagbag.py:537} INFO - Filling up the DagBag from /home/airflow/.local/lib/python3.7/site-packages/airflow/example_dags/example_external_task_marker_dag.py
[2023-05-27T14:48:25.485+0000] {processor.py:766} INFO - DAG(s) dict_keys(['example_external_task_marker_child', 'example_external_task_marker_parent']) retrieved from /home/airflow/.local/lib/python3.7/site-packages/airflow/example_dags/example_external_task_marker_dag.py
[2023-05-27T14:48:26.230+0000] {logging_mixin.py:120} INFO - [2023-05-27T14:48:26.230+0000] {dag.py:2585} INFO - Sync 2 DAGs
[2023-05-27T14:48:26.261+0000] {logging_mixin.py:120} INFO - [2023-05-27T14:48:26.261+0000] {dag.py:3340} INFO - Setting next_dagrun for example_external_task_marker_child to None, run_after=None
[2023-05-27T14:48:26.265+0000] {logging_mixin.py:120} INFO - [2023-05-27T14:48:26.265+0000] {dag.py:3340} INFO - Setting next_dagrun for example_external_task_marker_parent to None, run_after=None
[2023-05-27T14:48:26.288+0000] {processor.py:176} INFO - Processing /home/airflow/.local/lib/python3.7/site-packages/airflow/example_dags/example_external_task_marker_dag.py took 0.853 seconds
[2023-05-27T14:48:56.945+0000] {processor.py:154} INFO - Started process (PID=1254) to work on /home/airflow/.local/lib/python3.7/site-packages/airflow/example_dags/example_external_task_marker_dag.py
[2023-05-27T14:48:56.949+0000] {processor.py:756} INFO - Processing file /home/airflow/.local/lib/python3.7/site-packages/airflow/example_dags/example_external_task_marker_dag.py for tasks to queue
[2023-05-27T14:48:56.949+0000] {logging_mixin.py:120} INFO - [2023-05-27T14:48:56.949+0000] {dagbag.py:537} INFO - Filling up the DagBag from /home/airflow/.local/lib/python3.7/site-packages/airflow/example_dags/example_external_task_marker_dag.py
[2023-05-27T14:48:56.972+0000] {processor.py:766} INFO - DAG(s) dict_keys(['example_external_task_marker_child', 'example_external_task_marker_parent']) retrieved from /home/airflow/.local/lib/python3.7/site-packages/airflow/example_dags/example_external_task_marker_dag.py
[2023-05-27T14:48:57.816+0000] {logging_mixin.py:120} INFO - [2023-05-27T14:48:57.815+0000] {dag.py:2585} INFO - Sync 2 DAGs
[2023-05-27T14:48:57.851+0000] {logging_mixin.py:120} INFO - [2023-05-27T14:48:57.851+0000] {dag.py:3340} INFO - Setting next_dagrun for example_external_task_marker_child to None, run_after=None
[2023-05-27T14:48:57.855+0000] {logging_mixin.py:120} INFO - [2023-05-27T14:48:57.854+0000] {dag.py:3340} INFO - Setting next_dagrun for example_external_task_marker_parent to None, run_after=None
[2023-05-27T14:48:57.894+0000] {processor.py:176} INFO - Processing /home/airflow/.local/lib/python3.7/site-packages/airflow/example_dags/example_external_task_marker_dag.py took 0.954 seconds
[2023-05-27T14:49:28.842+0000] {processor.py:154} INFO - Started process (PID=1308) to work on /home/airflow/.local/lib/python3.7/site-packages/airflow/example_dags/example_external_task_marker_dag.py
[2023-05-27T14:49:28.849+0000] {processor.py:756} INFO - Processing file /home/airflow/.local/lib/python3.7/site-packages/airflow/example_dags/example_external_task_marker_dag.py for tasks to queue
[2023-05-27T14:49:28.850+0000] {logging_mixin.py:120} INFO - [2023-05-27T14:49:28.850+0000] {dagbag.py:537} INFO - Filling up the DagBag from /home/airflow/.local/lib/python3.7/site-packages/airflow/example_dags/example_external_task_marker_dag.py
[2023-05-27T14:49:28.922+0000] {processor.py:766} INFO - DAG(s) dict_keys(['example_external_task_marker_child', 'example_external_task_marker_parent']) retrieved from /home/airflow/.local/lib/python3.7/site-packages/airflow/example_dags/example_external_task_marker_dag.py
[2023-05-27T14:49:29.789+0000] {logging_mixin.py:120} INFO - [2023-05-27T14:49:29.789+0000] {dag.py:2585} INFO - Sync 2 DAGs
[2023-05-27T14:49:29.828+0000] {logging_mixin.py:120} INFO - [2023-05-27T14:49:29.827+0000] {dag.py:3340} INFO - Setting next_dagrun for example_external_task_marker_child to None, run_after=None
[2023-05-27T14:49:29.832+0000] {logging_mixin.py:120} INFO - [2023-05-27T14:49:29.832+0000] {dag.py:3340} INFO - Setting next_dagrun for example_external_task_marker_parent to None, run_after=None
[2023-05-27T14:49:29.856+0000] {processor.py:176} INFO - Processing /home/airflow/.local/lib/python3.7/site-packages/airflow/example_dags/example_external_task_marker_dag.py took 1.024 seconds
[2023-05-27T14:50:00.526+0000] {processor.py:154} INFO - Started process (PID=1373) to work on /home/airflow/.local/lib/python3.7/site-packages/airflow/example_dags/example_external_task_marker_dag.py
[2023-05-27T14:50:00.528+0000] {processor.py:756} INFO - Processing file /home/airflow/.local/lib/python3.7/site-packages/airflow/example_dags/example_external_task_marker_dag.py for tasks to queue
[2023-05-27T14:50:00.529+0000] {logging_mixin.py:120} INFO - [2023-05-27T14:50:00.529+0000] {dagbag.py:537} INFO - Filling up the DagBag from /home/airflow/.local/lib/python3.7/site-packages/airflow/example_dags/example_external_task_marker_dag.py
[2023-05-27T14:50:00.551+0000] {processor.py:766} INFO - DAG(s) dict_keys(['example_external_task_marker_parent', 'example_external_task_marker_child']) retrieved from /home/airflow/.local/lib/python3.7/site-packages/airflow/example_dags/example_external_task_marker_dag.py
[2023-05-27T14:50:01.366+0000] {logging_mixin.py:120} INFO - [2023-05-27T14:50:01.366+0000] {dag.py:2585} INFO - Sync 2 DAGs
[2023-05-27T14:50:01.401+0000] {logging_mixin.py:120} INFO - [2023-05-27T14:50:01.401+0000] {dag.py:3340} INFO - Setting next_dagrun for example_external_task_marker_child to None, run_after=None
[2023-05-27T14:50:01.406+0000] {logging_mixin.py:120} INFO - [2023-05-27T14:50:01.405+0000] {dag.py:3340} INFO - Setting next_dagrun for example_external_task_marker_parent to None, run_after=None
[2023-05-27T14:50:01.430+0000] {processor.py:176} INFO - Processing /home/airflow/.local/lib/python3.7/site-packages/airflow/example_dags/example_external_task_marker_dag.py took 0.908 seconds
[2023-05-27T14:50:31.907+0000] {processor.py:154} INFO - Started process (PID=1427) to work on /home/airflow/.local/lib/python3.7/site-packages/airflow/example_dags/example_external_task_marker_dag.py
[2023-05-27T14:50:31.909+0000] {processor.py:756} INFO - Processing file /home/airflow/.local/lib/python3.7/site-packages/airflow/example_dags/example_external_task_marker_dag.py for tasks to queue
[2023-05-27T14:50:31.910+0000] {logging_mixin.py:120} INFO - [2023-05-27T14:50:31.910+0000] {dagbag.py:537} INFO - Filling up the DagBag from /home/airflow/.local/lib/python3.7/site-packages/airflow/example_dags/example_external_task_marker_dag.py
[2023-05-27T14:50:31.944+0000] {processor.py:766} INFO - DAG(s) dict_keys(['example_external_task_marker_child', 'example_external_task_marker_parent']) retrieved from /home/airflow/.local/lib/python3.7/site-packages/airflow/example_dags/example_external_task_marker_dag.py
[2023-05-27T14:50:32.663+0000] {logging_mixin.py:120} INFO - [2023-05-27T14:50:32.663+0000] {dag.py:2585} INFO - Sync 2 DAGs
[2023-05-27T14:50:32.695+0000] {logging_mixin.py:120} INFO - [2023-05-27T14:50:32.694+0000] {dag.py:3340} INFO - Setting next_dagrun for example_external_task_marker_child to None, run_after=None
[2023-05-27T14:50:32.698+0000] {logging_mixin.py:120} INFO - [2023-05-27T14:50:32.698+0000] {dag.py:3340} INFO - Setting next_dagrun for example_external_task_marker_parent to None, run_after=None
[2023-05-27T14:50:32.718+0000] {processor.py:176} INFO - Processing /home/airflow/.local/lib/python3.7/site-packages/airflow/example_dags/example_external_task_marker_dag.py took 0.815 seconds
[2023-05-27T14:51:03.523+0000] {processor.py:154} INFO - Started process (PID=1490) to work on /home/airflow/.local/lib/python3.7/site-packages/airflow/example_dags/example_external_task_marker_dag.py
[2023-05-27T14:51:03.528+0000] {processor.py:756} INFO - Processing file /home/airflow/.local/lib/python3.7/site-packages/airflow/example_dags/example_external_task_marker_dag.py for tasks to queue
[2023-05-27T14:51:03.528+0000] {logging_mixin.py:120} INFO - [2023-05-27T14:51:03.528+0000] {dagbag.py:537} INFO - Filling up the DagBag from /home/airflow/.local/lib/python3.7/site-packages/airflow/example_dags/example_external_task_marker_dag.py
[2023-05-27T14:51:03.627+0000] {processor.py:766} INFO - DAG(s) dict_keys(['example_external_task_marker_child', 'example_external_task_marker_parent']) retrieved from /home/airflow/.local/lib/python3.7/site-packages/airflow/example_dags/example_external_task_marker_dag.py
[2023-05-27T14:51:10.270+0000] {logging_mixin.py:120} INFO - [2023-05-27T14:51:10.265+0000] {dag.py:2585} INFO - Sync 2 DAGs
[2023-05-27T14:51:10.342+0000] {logging_mixin.py:120} INFO - [2023-05-27T14:51:10.341+0000] {dag.py:3340} INFO - Setting next_dagrun for example_external_task_marker_child to None, run_after=None
[2023-05-27T14:51:10.348+0000] {logging_mixin.py:120} INFO - [2023-05-27T14:51:10.348+0000] {dag.py:3340} INFO - Setting next_dagrun for example_external_task_marker_parent to None, run_after=None
[2023-05-27T14:51:10.378+0000] {processor.py:176} INFO - Processing /home/airflow/.local/lib/python3.7/site-packages/airflow/example_dags/example_external_task_marker_dag.py took 6.866 seconds
[2023-05-27T14:51:40.977+0000] {processor.py:154} INFO - Started process (PID=1544) to work on /home/airflow/.local/lib/python3.7/site-packages/airflow/example_dags/example_external_task_marker_dag.py
[2023-05-27T14:51:40.981+0000] {processor.py:756} INFO - Processing file /home/airflow/.local/lib/python3.7/site-packages/airflow/example_dags/example_external_task_marker_dag.py for tasks to queue
[2023-05-27T14:51:40.982+0000] {logging_mixin.py:120} INFO - [2023-05-27T14:51:40.982+0000] {dagbag.py:537} INFO - Filling up the DagBag from /home/airflow/.local/lib/python3.7/site-packages/airflow/example_dags/example_external_task_marker_dag.py
[2023-05-27T14:51:41.068+0000] {processor.py:766} INFO - DAG(s) dict_keys(['example_external_task_marker_child', 'example_external_task_marker_parent']) retrieved from /home/airflow/.local/lib/python3.7/site-packages/airflow/example_dags/example_external_task_marker_dag.py
[2023-05-27T14:51:41.823+0000] {logging_mixin.py:120} INFO - [2023-05-27T14:51:41.823+0000] {dag.py:2585} INFO - Sync 2 DAGs
[2023-05-27T14:51:41.860+0000] {logging_mixin.py:120} INFO - [2023-05-27T14:51:41.860+0000] {dag.py:3340} INFO - Setting next_dagrun for example_external_task_marker_child to None, run_after=None
[2023-05-27T14:51:41.864+0000] {logging_mixin.py:120} INFO - [2023-05-27T14:51:41.864+0000] {dag.py:3340} INFO - Setting next_dagrun for example_external_task_marker_parent to None, run_after=None
[2023-05-27T14:51:41.884+0000] {processor.py:176} INFO - Processing /home/airflow/.local/lib/python3.7/site-packages/airflow/example_dags/example_external_task_marker_dag.py took 0.911 seconds
[2023-05-27T14:52:12.111+0000] {processor.py:154} INFO - Started process (PID=1607) to work on /home/airflow/.local/lib/python3.7/site-packages/airflow/example_dags/example_external_task_marker_dag.py
[2023-05-27T14:52:12.122+0000] {processor.py:756} INFO - Processing file /home/airflow/.local/lib/python3.7/site-packages/airflow/example_dags/example_external_task_marker_dag.py for tasks to queue
[2023-05-27T14:52:12.123+0000] {logging_mixin.py:120} INFO - [2023-05-27T14:52:12.122+0000] {dagbag.py:537} INFO - Filling up the DagBag from /home/airflow/.local/lib/python3.7/site-packages/airflow/example_dags/example_external_task_marker_dag.py
[2023-05-27T14:52:12.240+0000] {processor.py:766} INFO - DAG(s) dict_keys(['example_external_task_marker_parent', 'example_external_task_marker_child']) retrieved from /home/airflow/.local/lib/python3.7/site-packages/airflow/example_dags/example_external_task_marker_dag.py
[2023-05-27T14:52:13.436+0000] {logging_mixin.py:120} INFO - [2023-05-27T14:52:13.434+0000] {dag.py:2585} INFO - Sync 2 DAGs
[2023-05-27T14:52:13.479+0000] {logging_mixin.py:120} INFO - [2023-05-27T14:52:13.479+0000] {dag.py:3340} INFO - Setting next_dagrun for example_external_task_marker_child to None, run_after=None
[2023-05-27T14:52:13.484+0000] {logging_mixin.py:120} INFO - [2023-05-27T14:52:13.484+0000] {dag.py:3340} INFO - Setting next_dagrun for example_external_task_marker_parent to None, run_after=None
[2023-05-27T14:52:13.510+0000] {processor.py:176} INFO - Processing /home/airflow/.local/lib/python3.7/site-packages/airflow/example_dags/example_external_task_marker_dag.py took 1.417 seconds
[2023-05-27T14:52:44.347+0000] {processor.py:154} INFO - Started process (PID=1661) to work on /home/airflow/.local/lib/python3.7/site-packages/airflow/example_dags/example_external_task_marker_dag.py
[2023-05-27T14:52:44.349+0000] {processor.py:756} INFO - Processing file /home/airflow/.local/lib/python3.7/site-packages/airflow/example_dags/example_external_task_marker_dag.py for tasks to queue
[2023-05-27T14:52:44.349+0000] {logging_mixin.py:120} INFO - [2023-05-27T14:52:44.349+0000] {dagbag.py:537} INFO - Filling up the DagBag from /home/airflow/.local/lib/python3.7/site-packages/airflow/example_dags/example_external_task_marker_dag.py
[2023-05-27T14:52:44.409+0000] {processor.py:766} INFO - DAG(s) dict_keys(['example_external_task_marker_parent', 'example_external_task_marker_child']) retrieved from /home/airflow/.local/lib/python3.7/site-packages/airflow/example_dags/example_external_task_marker_dag.py
[2023-05-27T14:52:45.295+0000] {logging_mixin.py:120} INFO - [2023-05-27T14:52:45.295+0000] {dag.py:2585} INFO - Sync 2 DAGs
[2023-05-27T14:52:45.342+0000] {logging_mixin.py:120} INFO - [2023-05-27T14:52:45.342+0000] {dag.py:3340} INFO - Setting next_dagrun for example_external_task_marker_child to None, run_after=None
[2023-05-27T14:52:45.367+0000] {logging_mixin.py:120} INFO - [2023-05-27T14:52:45.367+0000] {dag.py:3340} INFO - Setting next_dagrun for example_external_task_marker_parent to None, run_after=None
[2023-05-27T14:52:45.432+0000] {processor.py:176} INFO - Processing /home/airflow/.local/lib/python3.7/site-packages/airflow/example_dags/example_external_task_marker_dag.py took 1.089 seconds
[2023-05-27T14:53:16.072+0000] {processor.py:154} INFO - Started process (PID=1717) to work on /home/airflow/.local/lib/python3.7/site-packages/airflow/example_dags/example_external_task_marker_dag.py
[2023-05-27T14:53:16.075+0000] {processor.py:756} INFO - Processing file /home/airflow/.local/lib/python3.7/site-packages/airflow/example_dags/example_external_task_marker_dag.py for tasks to queue
[2023-05-27T14:53:16.075+0000] {logging_mixin.py:120} INFO - [2023-05-27T14:53:16.075+0000] {dagbag.py:537} INFO - Filling up the DagBag from /home/airflow/.local/lib/python3.7/site-packages/airflow/example_dags/example_external_task_marker_dag.py
[2023-05-27T14:53:16.092+0000] {processor.py:766} INFO - DAG(s) dict_keys(['example_external_task_marker_child', 'example_external_task_marker_parent']) retrieved from /home/airflow/.local/lib/python3.7/site-packages/airflow/example_dags/example_external_task_marker_dag.py
[2023-05-27T14:53:17.036+0000] {logging_mixin.py:120} INFO - [2023-05-27T14:53:17.035+0000] {dag.py:2585} INFO - Sync 2 DAGs
[2023-05-27T14:53:17.074+0000] {logging_mixin.py:120} INFO - [2023-05-27T14:53:17.074+0000] {dag.py:3340} INFO - Setting next_dagrun for example_external_task_marker_child to None, run_after=None
[2023-05-27T14:53:17.078+0000] {logging_mixin.py:120} INFO - [2023-05-27T14:53:17.078+0000] {dag.py:3340} INFO - Setting next_dagrun for example_external_task_marker_parent to None, run_after=None
[2023-05-27T14:53:17.099+0000] {processor.py:176} INFO - Processing /home/airflow/.local/lib/python3.7/site-packages/airflow/example_dags/example_external_task_marker_dag.py took 1.030 seconds
[2023-05-27T14:53:47.480+0000] {processor.py:154} INFO - Started process (PID=1772) to work on /home/airflow/.local/lib/python3.7/site-packages/airflow/example_dags/example_external_task_marker_dag.py
[2023-05-27T14:53:47.490+0000] {processor.py:756} INFO - Processing file /home/airflow/.local/lib/python3.7/site-packages/airflow/example_dags/example_external_task_marker_dag.py for tasks to queue
[2023-05-27T14:53:47.491+0000] {logging_mixin.py:120} INFO - [2023-05-27T14:53:47.491+0000] {dagbag.py:537} INFO - Filling up the DagBag from /home/airflow/.local/lib/python3.7/site-packages/airflow/example_dags/example_external_task_marker_dag.py
[2023-05-27T14:53:47.531+0000] {processor.py:766} INFO - DAG(s) dict_keys(['example_external_task_marker_child', 'example_external_task_marker_parent']) retrieved from /home/airflow/.local/lib/python3.7/site-packages/airflow/example_dags/example_external_task_marker_dag.py
[2023-05-27T14:53:49.542+0000] {logging_mixin.py:120} INFO - [2023-05-27T14:53:49.536+0000] {dag.py:2585} INFO - Sync 2 DAGs
