[2023-05-27T14:38:30.799+0000] {processor.py:154} INFO - Started process (PID=71) to work on /home/airflow/.local/lib/python3.7/site-packages/airflow/example_dags/example_branch_python_dop_operator_3.py
[2023-05-27T14:38:30.800+0000] {processor.py:756} INFO - Processing file /home/airflow/.local/lib/python3.7/site-packages/airflow/example_dags/example_branch_python_dop_operator_3.py for tasks to queue
[2023-05-27T14:38:30.801+0000] {logging_mixin.py:120} INFO - [2023-05-27T14:38:30.800+0000] {dagbag.py:537} INFO - Filling up the DagBag from /home/airflow/.local/lib/python3.7/site-packages/airflow/example_dags/example_branch_python_dop_operator_3.py
[2023-05-27T14:38:30.866+0000] {processor.py:766} INFO - DAG(s) dict_keys(['example_branch_dop_operator_v3']) retrieved from /home/airflow/.local/lib/python3.7/site-packages/airflow/example_dags/example_branch_python_dop_operator_3.py
[2023-05-27T14:38:31.431+0000] {logging_mixin.py:120} INFO - [2023-05-27T14:38:31.430+0000] {manager.py:507} INFO - Created Permission View: can read on DAG:example_branch_dop_operator_v3
[2023-05-27T14:38:31.467+0000] {logging_mixin.py:120} INFO - [2023-05-27T14:38:31.467+0000] {manager.py:507} INFO - Created Permission View: can edit on DAG:example_branch_dop_operator_v3
[2023-05-27T14:38:31.480+0000] {logging_mixin.py:120} INFO - [2023-05-27T14:38:31.480+0000] {manager.py:507} INFO - Created Permission View: can delete on DAG:example_branch_dop_operator_v3
[2023-05-27T14:38:31.481+0000] {logging_mixin.py:120} INFO - [2023-05-27T14:38:31.480+0000] {dag.py:2585} INFO - Sync 1 DAGs
[2023-05-27T14:38:31.535+0000] {logging_mixin.py:120} INFO - [2023-05-27T14:38:31.535+0000] {dag.py:2606} INFO - Creating ORM DAG for example_branch_dop_operator_v3
[2023-05-27T14:38:31.630+0000] {logging_mixin.py:120} INFO - [2023-05-27T14:38:31.624+0000] {dag.py:3340} INFO - Setting next_dagrun for example_branch_dop_operator_v3 to 2023-05-27T14:37:00+00:00, run_after=2023-05-27T14:38:00+00:00
[2023-05-27T14:38:31.684+0000] {processor.py:176} INFO - Processing /home/airflow/.local/lib/python3.7/site-packages/airflow/example_dags/example_branch_python_dop_operator_3.py took 0.890 seconds
[2023-05-27T14:39:02.546+0000] {processor.py:154} INFO - Started process (PID=132) to work on /home/airflow/.local/lib/python3.7/site-packages/airflow/example_dags/example_branch_python_dop_operator_3.py
[2023-05-27T14:39:02.547+0000] {processor.py:756} INFO - Processing file /home/airflow/.local/lib/python3.7/site-packages/airflow/example_dags/example_branch_python_dop_operator_3.py for tasks to queue
[2023-05-27T14:39:02.548+0000] {logging_mixin.py:120} INFO - [2023-05-27T14:39:02.548+0000] {dagbag.py:537} INFO - Filling up the DagBag from /home/airflow/.local/lib/python3.7/site-packages/airflow/example_dags/example_branch_python_dop_operator_3.py
[2023-05-27T14:39:02.626+0000] {processor.py:766} INFO - DAG(s) dict_keys(['example_branch_dop_operator_v3']) retrieved from /home/airflow/.local/lib/python3.7/site-packages/airflow/example_dags/example_branch_python_dop_operator_3.py
[2023-05-27T14:39:02.708+0000] {logging_mixin.py:120} INFO - [2023-05-27T14:39:02.707+0000] {dag.py:2585} INFO - Sync 1 DAGs
[2023-05-27T14:39:02.763+0000] {logging_mixin.py:120} INFO - [2023-05-27T14:39:02.762+0000] {dag.py:3340} INFO - Setting next_dagrun for example_branch_dop_operator_v3 to 2023-05-27T14:38:00+00:00, run_after=2023-05-27T14:39:00+00:00
[2023-05-27T14:39:02.787+0000] {processor.py:176} INFO - Processing /home/airflow/.local/lib/python3.7/site-packages/airflow/example_dags/example_branch_python_dop_operator_3.py took 0.245 seconds
[2023-05-27T14:39:33.007+0000] {processor.py:154} INFO - Started process (PID=190) to work on /home/airflow/.local/lib/python3.7/site-packages/airflow/example_dags/example_branch_python_dop_operator_3.py
[2023-05-27T14:39:33.010+0000] {processor.py:756} INFO - Processing file /home/airflow/.local/lib/python3.7/site-packages/airflow/example_dags/example_branch_python_dop_operator_3.py for tasks to queue
[2023-05-27T14:39:33.015+0000] {logging_mixin.py:120} INFO - [2023-05-27T14:39:33.011+0000] {dagbag.py:537} INFO - Filling up the DagBag from /home/airflow/.local/lib/python3.7/site-packages/airflow/example_dags/example_branch_python_dop_operator_3.py
[2023-05-27T14:39:33.083+0000] {processor.py:766} INFO - DAG(s) dict_keys(['example_branch_dop_operator_v3']) retrieved from /home/airflow/.local/lib/python3.7/site-packages/airflow/example_dags/example_branch_python_dop_operator_3.py
[2023-05-27T14:39:33.201+0000] {logging_mixin.py:120} INFO - [2023-05-27T14:39:33.201+0000] {dag.py:2585} INFO - Sync 1 DAGs
[2023-05-27T14:39:33.243+0000] {logging_mixin.py:120} INFO - [2023-05-27T14:39:33.242+0000] {dag.py:3340} INFO - Setting next_dagrun for example_branch_dop_operator_v3 to 2023-05-27T14:38:00+00:00, run_after=2023-05-27T14:39:00+00:00
[2023-05-27T14:39:33.264+0000] {processor.py:176} INFO - Processing /home/airflow/.local/lib/python3.7/site-packages/airflow/example_dags/example_branch_python_dop_operator_3.py took 0.261 seconds
[2023-05-27T14:40:03.510+0000] {processor.py:154} INFO - Started process (PID=243) to work on /home/airflow/.local/lib/python3.7/site-packages/airflow/example_dags/example_branch_python_dop_operator_3.py
[2023-05-27T14:40:03.512+0000] {processor.py:756} INFO - Processing file /home/airflow/.local/lib/python3.7/site-packages/airflow/example_dags/example_branch_python_dop_operator_3.py for tasks to queue
[2023-05-27T14:40:03.512+0000] {logging_mixin.py:120} INFO - [2023-05-27T14:40:03.512+0000] {dagbag.py:537} INFO - Filling up the DagBag from /home/airflow/.local/lib/python3.7/site-packages/airflow/example_dags/example_branch_python_dop_operator_3.py
[2023-05-27T14:40:03.545+0000] {processor.py:766} INFO - DAG(s) dict_keys(['example_branch_dop_operator_v3']) retrieved from /home/airflow/.local/lib/python3.7/site-packages/airflow/example_dags/example_branch_python_dop_operator_3.py
[2023-05-27T14:40:03.603+0000] {logging_mixin.py:120} INFO - [2023-05-27T14:40:03.603+0000] {dag.py:2585} INFO - Sync 1 DAGs
[2023-05-27T14:40:03.644+0000] {logging_mixin.py:120} INFO - [2023-05-27T14:40:03.644+0000] {dag.py:3340} INFO - Setting next_dagrun for example_branch_dop_operator_v3 to 2023-05-27T14:39:00+00:00, run_after=2023-05-27T14:40:00+00:00
[2023-05-27T14:40:03.668+0000] {processor.py:176} INFO - Processing /home/airflow/.local/lib/python3.7/site-packages/airflow/example_dags/example_branch_python_dop_operator_3.py took 0.163 seconds
[2023-05-27T14:40:33.900+0000] {processor.py:154} INFO - Started process (PID=306) to work on /home/airflow/.local/lib/python3.7/site-packages/airflow/example_dags/example_branch_python_dop_operator_3.py
[2023-05-27T14:40:33.902+0000] {processor.py:756} INFO - Processing file /home/airflow/.local/lib/python3.7/site-packages/airflow/example_dags/example_branch_python_dop_operator_3.py for tasks to queue
[2023-05-27T14:40:33.902+0000] {logging_mixin.py:120} INFO - [2023-05-27T14:40:33.902+0000] {dagbag.py:537} INFO - Filling up the DagBag from /home/airflow/.local/lib/python3.7/site-packages/airflow/example_dags/example_branch_python_dop_operator_3.py
[2023-05-27T14:40:33.938+0000] {processor.py:766} INFO - DAG(s) dict_keys(['example_branch_dop_operator_v3']) retrieved from /home/airflow/.local/lib/python3.7/site-packages/airflow/example_dags/example_branch_python_dop_operator_3.py
[2023-05-27T14:40:33.988+0000] {logging_mixin.py:120} INFO - [2023-05-27T14:40:33.988+0000] {dag.py:2585} INFO - Sync 1 DAGs
[2023-05-27T14:40:34.027+0000] {logging_mixin.py:120} INFO - [2023-05-27T14:40:34.026+0000] {dag.py:3340} INFO - Setting next_dagrun for example_branch_dop_operator_v3 to 2023-05-27T14:39:00+00:00, run_after=2023-05-27T14:40:00+00:00
[2023-05-27T14:40:34.057+0000] {processor.py:176} INFO - Processing /home/airflow/.local/lib/python3.7/site-packages/airflow/example_dags/example_branch_python_dop_operator_3.py took 0.161 seconds
[2023-05-27T14:41:04.312+0000] {processor.py:154} INFO - Started process (PID=360) to work on /home/airflow/.local/lib/python3.7/site-packages/airflow/example_dags/example_branch_python_dop_operator_3.py
[2023-05-27T14:41:04.314+0000] {processor.py:756} INFO - Processing file /home/airflow/.local/lib/python3.7/site-packages/airflow/example_dags/example_branch_python_dop_operator_3.py for tasks to queue
[2023-05-27T14:41:04.315+0000] {logging_mixin.py:120} INFO - [2023-05-27T14:41:04.315+0000] {dagbag.py:537} INFO - Filling up the DagBag from /home/airflow/.local/lib/python3.7/site-packages/airflow/example_dags/example_branch_python_dop_operator_3.py
[2023-05-27T14:41:04.353+0000] {processor.py:766} INFO - DAG(s) dict_keys(['example_branch_dop_operator_v3']) retrieved from /home/airflow/.local/lib/python3.7/site-packages/airflow/example_dags/example_branch_python_dop_operator_3.py
[2023-05-27T14:41:04.412+0000] {logging_mixin.py:120} INFO - [2023-05-27T14:41:04.411+0000] {dag.py:2585} INFO - Sync 1 DAGs
[2023-05-27T14:41:04.461+0000] {logging_mixin.py:120} INFO - [2023-05-27T14:41:04.461+0000] {dag.py:3340} INFO - Setting next_dagrun for example_branch_dop_operator_v3 to 2023-05-27T14:40:00+00:00, run_after=2023-05-27T14:41:00+00:00
[2023-05-27T14:41:04.487+0000] {processor.py:176} INFO - Processing /home/airflow/.local/lib/python3.7/site-packages/airflow/example_dags/example_branch_python_dop_operator_3.py took 0.180 seconds
[2023-05-27T14:41:34.870+0000] {processor.py:154} INFO - Started process (PID=424) to work on /home/airflow/.local/lib/python3.7/site-packages/airflow/example_dags/example_branch_python_dop_operator_3.py
[2023-05-27T14:41:34.872+0000] {processor.py:756} INFO - Processing file /home/airflow/.local/lib/python3.7/site-packages/airflow/example_dags/example_branch_python_dop_operator_3.py for tasks to queue
[2023-05-27T14:41:34.875+0000] {logging_mixin.py:120} INFO - [2023-05-27T14:41:34.875+0000] {dagbag.py:537} INFO - Filling up the DagBag from /home/airflow/.local/lib/python3.7/site-packages/airflow/example_dags/example_branch_python_dop_operator_3.py
[2023-05-27T14:41:35.010+0000] {processor.py:766} INFO - DAG(s) dict_keys(['example_branch_dop_operator_v3']) retrieved from /home/airflow/.local/lib/python3.7/site-packages/airflow/example_dags/example_branch_python_dop_operator_3.py
[2023-05-27T14:41:35.191+0000] {logging_mixin.py:120} INFO - [2023-05-27T14:41:35.187+0000] {dag.py:2585} INFO - Sync 1 DAGs
[2023-05-27T14:41:35.277+0000] {logging_mixin.py:120} INFO - [2023-05-27T14:41:35.277+0000] {dag.py:3340} INFO - Setting next_dagrun for example_branch_dop_operator_v3 to 2023-05-27T14:40:00+00:00, run_after=2023-05-27T14:41:00+00:00
[2023-05-27T14:41:35.355+0000] {processor.py:176} INFO - Processing /home/airflow/.local/lib/python3.7/site-packages/airflow/example_dags/example_branch_python_dop_operator_3.py took 0.489 seconds
[2023-05-27T14:42:05.899+0000] {processor.py:154} INFO - Started process (PID=478) to work on /home/airflow/.local/lib/python3.7/site-packages/airflow/example_dags/example_branch_python_dop_operator_3.py
[2023-05-27T14:42:05.906+0000] {processor.py:756} INFO - Processing file /home/airflow/.local/lib/python3.7/site-packages/airflow/example_dags/example_branch_python_dop_operator_3.py for tasks to queue
[2023-05-27T14:42:05.908+0000] {logging_mixin.py:120} INFO - [2023-05-27T14:42:05.907+0000] {dagbag.py:537} INFO - Filling up the DagBag from /home/airflow/.local/lib/python3.7/site-packages/airflow/example_dags/example_branch_python_dop_operator_3.py
[2023-05-27T14:42:05.972+0000] {processor.py:766} INFO - DAG(s) dict_keys(['example_branch_dop_operator_v3']) retrieved from /home/airflow/.local/lib/python3.7/site-packages/airflow/example_dags/example_branch_python_dop_operator_3.py
[2023-05-27T14:42:06.037+0000] {logging_mixin.py:120} INFO - [2023-05-27T14:42:06.037+0000] {dag.py:2585} INFO - Sync 1 DAGs
[2023-05-27T14:42:06.075+0000] {logging_mixin.py:120} INFO - [2023-05-27T14:42:06.075+0000] {dag.py:3340} INFO - Setting next_dagrun for example_branch_dop_operator_v3 to 2023-05-27T14:41:00+00:00, run_after=2023-05-27T14:42:00+00:00
[2023-05-27T14:42:06.098+0000] {processor.py:176} INFO - Processing /home/airflow/.local/lib/python3.7/site-packages/airflow/example_dags/example_branch_python_dop_operator_3.py took 0.203 seconds
[2023-05-27T14:42:36.418+0000] {processor.py:154} INFO - Started process (PID=540) to work on /home/airflow/.local/lib/python3.7/site-packages/airflow/example_dags/example_branch_python_dop_operator_3.py
[2023-05-27T14:42:36.419+0000] {processor.py:756} INFO - Processing file /home/airflow/.local/lib/python3.7/site-packages/airflow/example_dags/example_branch_python_dop_operator_3.py for tasks to queue
[2023-05-27T14:42:36.420+0000] {logging_mixin.py:120} INFO - [2023-05-27T14:42:36.420+0000] {dagbag.py:537} INFO - Filling up the DagBag from /home/airflow/.local/lib/python3.7/site-packages/airflow/example_dags/example_branch_python_dop_operator_3.py
[2023-05-27T14:42:36.460+0000] {processor.py:766} INFO - DAG(s) dict_keys(['example_branch_dop_operator_v3']) retrieved from /home/airflow/.local/lib/python3.7/site-packages/airflow/example_dags/example_branch_python_dop_operator_3.py
[2023-05-27T14:42:36.526+0000] {logging_mixin.py:120} INFO - [2023-05-27T14:42:36.526+0000] {dag.py:2585} INFO - Sync 1 DAGs
[2023-05-27T14:42:36.563+0000] {logging_mixin.py:120} INFO - [2023-05-27T14:42:36.563+0000] {dag.py:3340} INFO - Setting next_dagrun for example_branch_dop_operator_v3 to 2023-05-27T14:41:00+00:00, run_after=2023-05-27T14:42:00+00:00
[2023-05-27T14:42:36.587+0000] {processor.py:176} INFO - Processing /home/airflow/.local/lib/python3.7/site-packages/airflow/example_dags/example_branch_python_dop_operator_3.py took 0.190 seconds
[2023-05-27T14:43:06.975+0000] {processor.py:154} INFO - Started process (PID=596) to work on /home/airflow/.local/lib/python3.7/site-packages/airflow/example_dags/example_branch_python_dop_operator_3.py
[2023-05-27T14:43:06.982+0000] {processor.py:756} INFO - Processing file /home/airflow/.local/lib/python3.7/site-packages/airflow/example_dags/example_branch_python_dop_operator_3.py for tasks to queue
[2023-05-27T14:43:06.982+0000] {logging_mixin.py:120} INFO - [2023-05-27T14:43:06.982+0000] {dagbag.py:537} INFO - Filling up the DagBag from /home/airflow/.local/lib/python3.7/site-packages/airflow/example_dags/example_branch_python_dop_operator_3.py
[2023-05-27T14:43:07.048+0000] {processor.py:766} INFO - DAG(s) dict_keys(['example_branch_dop_operator_v3']) retrieved from /home/airflow/.local/lib/python3.7/site-packages/airflow/example_dags/example_branch_python_dop_operator_3.py
[2023-05-27T14:43:07.095+0000] {logging_mixin.py:120} INFO - [2023-05-27T14:43:07.095+0000] {dag.py:2585} INFO - Sync 1 DAGs
[2023-05-27T14:43:07.192+0000] {logging_mixin.py:120} INFO - [2023-05-27T14:43:07.191+0000] {dag.py:3340} INFO - Setting next_dagrun for example_branch_dop_operator_v3 to 2023-05-27T14:42:00+00:00, run_after=2023-05-27T14:43:00+00:00
[2023-05-27T14:43:07.226+0000] {processor.py:176} INFO - Processing /home/airflow/.local/lib/python3.7/site-packages/airflow/example_dags/example_branch_python_dop_operator_3.py took 0.273 seconds
[2023-05-27T14:43:37.270+0000] {processor.py:154} INFO - Started process (PID=650) to work on /home/airflow/.local/lib/python3.7/site-packages/airflow/example_dags/example_branch_python_dop_operator_3.py
[2023-05-27T14:43:37.272+0000] {processor.py:756} INFO - Processing file /home/airflow/.local/lib/python3.7/site-packages/airflow/example_dags/example_branch_python_dop_operator_3.py for tasks to queue
[2023-05-27T14:43:37.273+0000] {logging_mixin.py:120} INFO - [2023-05-27T14:43:37.273+0000] {dagbag.py:537} INFO - Filling up the DagBag from /home/airflow/.local/lib/python3.7/site-packages/airflow/example_dags/example_branch_python_dop_operator_3.py
[2023-05-27T14:43:37.371+0000] {processor.py:766} INFO - DAG(s) dict_keys(['example_branch_dop_operator_v3']) retrieved from /home/airflow/.local/lib/python3.7/site-packages/airflow/example_dags/example_branch_python_dop_operator_3.py
[2023-05-27T14:43:37.441+0000] {logging_mixin.py:120} INFO - [2023-05-27T14:43:37.441+0000] {dag.py:2585} INFO - Sync 1 DAGs
[2023-05-27T14:43:37.480+0000] {logging_mixin.py:120} INFO - [2023-05-27T14:43:37.480+0000] {dag.py:3340} INFO - Setting next_dagrun for example_branch_dop_operator_v3 to 2023-05-27T14:42:00+00:00, run_after=2023-05-27T14:43:00+00:00
[2023-05-27T14:43:37.502+0000] {processor.py:176} INFO - Processing /home/airflow/.local/lib/python3.7/site-packages/airflow/example_dags/example_branch_python_dop_operator_3.py took 0.242 seconds
[2023-05-27T14:44:08.073+0000] {processor.py:154} INFO - Started process (PID=713) to work on /home/airflow/.local/lib/python3.7/site-packages/airflow/example_dags/example_branch_python_dop_operator_3.py
[2023-05-27T14:44:08.075+0000] {processor.py:756} INFO - Processing file /home/airflow/.local/lib/python3.7/site-packages/airflow/example_dags/example_branch_python_dop_operator_3.py for tasks to queue
[2023-05-27T14:44:08.076+0000] {logging_mixin.py:120} INFO - [2023-05-27T14:44:08.076+0000] {dagbag.py:537} INFO - Filling up the DagBag from /home/airflow/.local/lib/python3.7/site-packages/airflow/example_dags/example_branch_python_dop_operator_3.py
[2023-05-27T14:44:08.109+0000] {processor.py:766} INFO - DAG(s) dict_keys(['example_branch_dop_operator_v3']) retrieved from /home/airflow/.local/lib/python3.7/site-packages/airflow/example_dags/example_branch_python_dop_operator_3.py
[2023-05-27T14:44:08.166+0000] {logging_mixin.py:120} INFO - [2023-05-27T14:44:08.165+0000] {dag.py:2585} INFO - Sync 1 DAGs
[2023-05-27T14:44:08.201+0000] {logging_mixin.py:120} INFO - [2023-05-27T14:44:08.201+0000] {dag.py:3340} INFO - Setting next_dagrun for example_branch_dop_operator_v3 to 2023-05-27T14:43:00+00:00, run_after=2023-05-27T14:44:00+00:00
[2023-05-27T14:44:08.230+0000] {processor.py:176} INFO - Processing /home/airflow/.local/lib/python3.7/site-packages/airflow/example_dags/example_branch_python_dop_operator_3.py took 0.162 seconds
[2023-05-27T14:44:38.323+0000] {processor.py:154} INFO - Started process (PID=767) to work on /home/airflow/.local/lib/python3.7/site-packages/airflow/example_dags/example_branch_python_dop_operator_3.py
[2023-05-27T14:44:38.328+0000] {processor.py:756} INFO - Processing file /home/airflow/.local/lib/python3.7/site-packages/airflow/example_dags/example_branch_python_dop_operator_3.py for tasks to queue
[2023-05-27T14:44:38.329+0000] {logging_mixin.py:120} INFO - [2023-05-27T14:44:38.329+0000] {dagbag.py:537} INFO - Filling up the DagBag from /home/airflow/.local/lib/python3.7/site-packages/airflow/example_dags/example_branch_python_dop_operator_3.py
[2023-05-27T14:44:38.360+0000] {processor.py:766} INFO - DAG(s) dict_keys(['example_branch_dop_operator_v3']) retrieved from /home/airflow/.local/lib/python3.7/site-packages/airflow/example_dags/example_branch_python_dop_operator_3.py
[2023-05-27T14:44:38.409+0000] {logging_mixin.py:120} INFO - [2023-05-27T14:44:38.409+0000] {dag.py:2585} INFO - Sync 1 DAGs
[2023-05-27T14:44:38.452+0000] {logging_mixin.py:120} INFO - [2023-05-27T14:44:38.452+0000] {dag.py:3340} INFO - Setting next_dagrun for example_branch_dop_operator_v3 to 2023-05-27T14:43:00+00:00, run_after=2023-05-27T14:44:00+00:00
[2023-05-27T14:44:38.475+0000] {processor.py:176} INFO - Processing /home/airflow/.local/lib/python3.7/site-packages/airflow/example_dags/example_branch_python_dop_operator_3.py took 0.157 seconds
[2023-05-27T14:45:09.072+0000] {processor.py:154} INFO - Started process (PID=827) to work on /home/airflow/.local/lib/python3.7/site-packages/airflow/example_dags/example_branch_python_dop_operator_3.py
[2023-05-27T14:45:09.076+0000] {processor.py:756} INFO - Processing file /home/airflow/.local/lib/python3.7/site-packages/airflow/example_dags/example_branch_python_dop_operator_3.py for tasks to queue
[2023-05-27T14:45:09.077+0000] {logging_mixin.py:120} INFO - [2023-05-27T14:45:09.077+0000] {dagbag.py:537} INFO - Filling up the DagBag from /home/airflow/.local/lib/python3.7/site-packages/airflow/example_dags/example_branch_python_dop_operator_3.py
[2023-05-27T14:45:09.131+0000] {processor.py:766} INFO - DAG(s) dict_keys(['example_branch_dop_operator_v3']) retrieved from /home/airflow/.local/lib/python3.7/site-packages/airflow/example_dags/example_branch_python_dop_operator_3.py
[2023-05-27T14:45:09.214+0000] {logging_mixin.py:120} INFO - [2023-05-27T14:45:09.214+0000] {dag.py:2585} INFO - Sync 1 DAGs
[2023-05-27T14:45:09.254+0000] {logging_mixin.py:120} INFO - [2023-05-27T14:45:09.254+0000] {dag.py:3340} INFO - Setting next_dagrun for example_branch_dop_operator_v3 to 2023-05-27T14:44:00+00:00, run_after=2023-05-27T14:45:00+00:00
[2023-05-27T14:45:09.278+0000] {processor.py:176} INFO - Processing /home/airflow/.local/lib/python3.7/site-packages/airflow/example_dags/example_branch_python_dop_operator_3.py took 0.209 seconds
[2023-05-27T14:45:39.920+0000] {processor.py:154} INFO - Started process (PID=882) to work on /home/airflow/.local/lib/python3.7/site-packages/airflow/example_dags/example_branch_python_dop_operator_3.py
[2023-05-27T14:45:39.922+0000] {processor.py:756} INFO - Processing file /home/airflow/.local/lib/python3.7/site-packages/airflow/example_dags/example_branch_python_dop_operator_3.py for tasks to queue
[2023-05-27T14:45:39.923+0000] {logging_mixin.py:120} INFO - [2023-05-27T14:45:39.922+0000] {dagbag.py:537} INFO - Filling up the DagBag from /home/airflow/.local/lib/python3.7/site-packages/airflow/example_dags/example_branch_python_dop_operator_3.py
[2023-05-27T14:45:39.990+0000] {processor.py:766} INFO - DAG(s) dict_keys(['example_branch_dop_operator_v3']) retrieved from /home/airflow/.local/lib/python3.7/site-packages/airflow/example_dags/example_branch_python_dop_operator_3.py
[2023-05-27T14:45:40.108+0000] {logging_mixin.py:120} INFO - [2023-05-27T14:45:40.108+0000] {dag.py:2585} INFO - Sync 1 DAGs
[2023-05-27T14:45:40.179+0000] {logging_mixin.py:120} INFO - [2023-05-27T14:45:40.179+0000] {dag.py:3340} INFO - Setting next_dagrun for example_branch_dop_operator_v3 to 2023-05-27T14:44:00+00:00, run_after=2023-05-27T14:45:00+00:00
[2023-05-27T14:45:40.208+0000] {processor.py:176} INFO - Processing /home/airflow/.local/lib/python3.7/site-packages/airflow/example_dags/example_branch_python_dop_operator_3.py took 0.292 seconds
[2023-05-27T14:46:11.172+0000] {processor.py:154} INFO - Started process (PID=936) to work on /home/airflow/.local/lib/python3.7/site-packages/airflow/example_dags/example_branch_python_dop_operator_3.py
[2023-05-27T14:46:11.179+0000] {processor.py:756} INFO - Processing file /home/airflow/.local/lib/python3.7/site-packages/airflow/example_dags/example_branch_python_dop_operator_3.py for tasks to queue
[2023-05-27T14:46:11.181+0000] {logging_mixin.py:120} INFO - [2023-05-27T14:46:11.180+0000] {dagbag.py:537} INFO - Filling up the DagBag from /home/airflow/.local/lib/python3.7/site-packages/airflow/example_dags/example_branch_python_dop_operator_3.py
[2023-05-27T14:46:11.222+0000] {processor.py:766} INFO - DAG(s) dict_keys(['example_branch_dop_operator_v3']) retrieved from /home/airflow/.local/lib/python3.7/site-packages/airflow/example_dags/example_branch_python_dop_operator_3.py
[2023-05-27T14:46:11.292+0000] {logging_mixin.py:120} INFO - [2023-05-27T14:46:11.292+0000] {dag.py:2585} INFO - Sync 1 DAGs
[2023-05-27T14:46:11.352+0000] {logging_mixin.py:120} INFO - [2023-05-27T14:46:11.351+0000] {dag.py:3340} INFO - Setting next_dagrun for example_branch_dop_operator_v3 to 2023-05-27T14:45:00+00:00, run_after=2023-05-27T14:46:00+00:00
[2023-05-27T14:46:11.457+0000] {processor.py:176} INFO - Processing /home/airflow/.local/lib/python3.7/site-packages/airflow/example_dags/example_branch_python_dop_operator_3.py took 0.289 seconds
[2023-05-27T14:46:41.597+0000] {processor.py:154} INFO - Started process (PID=999) to work on /home/airflow/.local/lib/python3.7/site-packages/airflow/example_dags/example_branch_python_dop_operator_3.py
[2023-05-27T14:46:41.599+0000] {processor.py:756} INFO - Processing file /home/airflow/.local/lib/python3.7/site-packages/airflow/example_dags/example_branch_python_dop_operator_3.py for tasks to queue
[2023-05-27T14:46:41.600+0000] {logging_mixin.py:120} INFO - [2023-05-27T14:46:41.600+0000] {dagbag.py:537} INFO - Filling up the DagBag from /home/airflow/.local/lib/python3.7/site-packages/airflow/example_dags/example_branch_python_dop_operator_3.py
[2023-05-27T14:46:41.631+0000] {processor.py:766} INFO - DAG(s) dict_keys(['example_branch_dop_operator_v3']) retrieved from /home/airflow/.local/lib/python3.7/site-packages/airflow/example_dags/example_branch_python_dop_operator_3.py
[2023-05-27T14:46:41.687+0000] {logging_mixin.py:120} INFO - [2023-05-27T14:46:41.687+0000] {dag.py:2585} INFO - Sync 1 DAGs
[2023-05-27T14:46:41.724+0000] {logging_mixin.py:120} INFO - [2023-05-27T14:46:41.724+0000] {dag.py:3340} INFO - Setting next_dagrun for example_branch_dop_operator_v3 to 2023-05-27T14:45:00+00:00, run_after=2023-05-27T14:46:00+00:00
[2023-05-27T14:46:41.754+0000] {processor.py:176} INFO - Processing /home/airflow/.local/lib/python3.7/site-packages/airflow/example_dags/example_branch_python_dop_operator_3.py took 0.161 seconds
[2023-05-27T14:47:12.097+0000] {processor.py:154} INFO - Started process (PID=1053) to work on /home/airflow/.local/lib/python3.7/site-packages/airflow/example_dags/example_branch_python_dop_operator_3.py
[2023-05-27T14:47:12.104+0000] {processor.py:756} INFO - Processing file /home/airflow/.local/lib/python3.7/site-packages/airflow/example_dags/example_branch_python_dop_operator_3.py for tasks to queue
[2023-05-27T14:47:12.105+0000] {logging_mixin.py:120} INFO - [2023-05-27T14:47:12.105+0000] {dagbag.py:537} INFO - Filling up the DagBag from /home/airflow/.local/lib/python3.7/site-packages/airflow/example_dags/example_branch_python_dop_operator_3.py
[2023-05-27T14:47:12.157+0000] {processor.py:766} INFO - DAG(s) dict_keys(['example_branch_dop_operator_v3']) retrieved from /home/airflow/.local/lib/python3.7/site-packages/airflow/example_dags/example_branch_python_dop_operator_3.py
[2023-05-27T14:47:12.207+0000] {logging_mixin.py:120} INFO - [2023-05-27T14:47:12.206+0000] {dag.py:2585} INFO - Sync 1 DAGs
[2023-05-27T14:47:12.257+0000] {logging_mixin.py:120} INFO - [2023-05-27T14:47:12.257+0000] {dag.py:3340} INFO - Setting next_dagrun for example_branch_dop_operator_v3 to 2023-05-27T14:46:00+00:00, run_after=2023-05-27T14:47:00+00:00
[2023-05-27T14:47:12.282+0000] {processor.py:176} INFO - Processing /home/airflow/.local/lib/python3.7/site-packages/airflow/example_dags/example_branch_python_dop_operator_3.py took 0.196 seconds
[2023-05-27T14:47:42.523+0000] {processor.py:154} INFO - Started process (PID=1117) to work on /home/airflow/.local/lib/python3.7/site-packages/airflow/example_dags/example_branch_python_dop_operator_3.py
[2023-05-27T14:47:42.526+0000] {processor.py:756} INFO - Processing file /home/airflow/.local/lib/python3.7/site-packages/airflow/example_dags/example_branch_python_dop_operator_3.py for tasks to queue
[2023-05-27T14:47:42.527+0000] {logging_mixin.py:120} INFO - [2023-05-27T14:47:42.527+0000] {dagbag.py:537} INFO - Filling up the DagBag from /home/airflow/.local/lib/python3.7/site-packages/airflow/example_dags/example_branch_python_dop_operator_3.py
[2023-05-27T14:47:42.618+0000] {processor.py:766} INFO - DAG(s) dict_keys(['example_branch_dop_operator_v3']) retrieved from /home/airflow/.local/lib/python3.7/site-packages/airflow/example_dags/example_branch_python_dop_operator_3.py
[2023-05-27T14:47:42.731+0000] {logging_mixin.py:120} INFO - [2023-05-27T14:47:42.731+0000] {dag.py:2585} INFO - Sync 1 DAGs
[2023-05-27T14:47:42.783+0000] {logging_mixin.py:120} INFO - [2023-05-27T14:47:42.783+0000] {dag.py:3340} INFO - Setting next_dagrun for example_branch_dop_operator_v3 to 2023-05-27T14:46:00+00:00, run_after=2023-05-27T14:47:00+00:00
[2023-05-27T14:47:42.837+0000] {processor.py:176} INFO - Processing /home/airflow/.local/lib/python3.7/site-packages/airflow/example_dags/example_branch_python_dop_operator_3.py took 0.320 seconds
[2023-05-27T14:48:13.379+0000] {processor.py:154} INFO - Started process (PID=1170) to work on /home/airflow/.local/lib/python3.7/site-packages/airflow/example_dags/example_branch_python_dop_operator_3.py
[2023-05-27T14:48:13.383+0000] {processor.py:756} INFO - Processing file /home/airflow/.local/lib/python3.7/site-packages/airflow/example_dags/example_branch_python_dop_operator_3.py for tasks to queue
[2023-05-27T14:48:13.384+0000] {logging_mixin.py:120} INFO - [2023-05-27T14:48:13.384+0000] {dagbag.py:537} INFO - Filling up the DagBag from /home/airflow/.local/lib/python3.7/site-packages/airflow/example_dags/example_branch_python_dop_operator_3.py
[2023-05-27T14:48:13.428+0000] {processor.py:766} INFO - DAG(s) dict_keys(['example_branch_dop_operator_v3']) retrieved from /home/airflow/.local/lib/python3.7/site-packages/airflow/example_dags/example_branch_python_dop_operator_3.py
[2023-05-27T14:48:13.477+0000] {logging_mixin.py:120} INFO - [2023-05-27T14:48:13.477+0000] {dag.py:2585} INFO - Sync 1 DAGs
[2023-05-27T14:48:13.515+0000] {logging_mixin.py:120} INFO - [2023-05-27T14:48:13.515+0000] {dag.py:3340} INFO - Setting next_dagrun for example_branch_dop_operator_v3 to 2023-05-27T14:47:00+00:00, run_after=2023-05-27T14:48:00+00:00
[2023-05-27T14:48:13.537+0000] {processor.py:176} INFO - Processing /home/airflow/.local/lib/python3.7/site-packages/airflow/example_dags/example_branch_python_dop_operator_3.py took 0.162 seconds
[2023-05-27T14:48:43.696+0000] {processor.py:154} INFO - Started process (PID=1231) to work on /home/airflow/.local/lib/python3.7/site-packages/airflow/example_dags/example_branch_python_dop_operator_3.py
[2023-05-27T14:48:43.697+0000] {processor.py:756} INFO - Processing file /home/airflow/.local/lib/python3.7/site-packages/airflow/example_dags/example_branch_python_dop_operator_3.py for tasks to queue
[2023-05-27T14:48:43.698+0000] {logging_mixin.py:120} INFO - [2023-05-27T14:48:43.698+0000] {dagbag.py:537} INFO - Filling up the DagBag from /home/airflow/.local/lib/python3.7/site-packages/airflow/example_dags/example_branch_python_dop_operator_3.py
[2023-05-27T14:48:43.733+0000] {processor.py:766} INFO - DAG(s) dict_keys(['example_branch_dop_operator_v3']) retrieved from /home/airflow/.local/lib/python3.7/site-packages/airflow/example_dags/example_branch_python_dop_operator_3.py
[2023-05-27T14:48:43.783+0000] {logging_mixin.py:120} INFO - [2023-05-27T14:48:43.783+0000] {dag.py:2585} INFO - Sync 1 DAGs
[2023-05-27T14:48:43.827+0000] {logging_mixin.py:120} INFO - [2023-05-27T14:48:43.827+0000] {dag.py:3340} INFO - Setting next_dagrun for example_branch_dop_operator_v3 to 2023-05-27T14:47:00+00:00, run_after=2023-05-27T14:48:00+00:00
[2023-05-27T14:48:43.856+0000] {processor.py:176} INFO - Processing /home/airflow/.local/lib/python3.7/site-packages/airflow/example_dags/example_branch_python_dop_operator_3.py took 0.165 seconds
[2023-05-27T14:49:14.897+0000] {processor.py:154} INFO - Started process (PID=1287) to work on /home/airflow/.local/lib/python3.7/site-packages/airflow/example_dags/example_branch_python_dop_operator_3.py
[2023-05-27T14:49:14.901+0000] {processor.py:756} INFO - Processing file /home/airflow/.local/lib/python3.7/site-packages/airflow/example_dags/example_branch_python_dop_operator_3.py for tasks to queue
[2023-05-27T14:49:14.902+0000] {logging_mixin.py:120} INFO - [2023-05-27T14:49:14.901+0000] {dagbag.py:537} INFO - Filling up the DagBag from /home/airflow/.local/lib/python3.7/site-packages/airflow/example_dags/example_branch_python_dop_operator_3.py
[2023-05-27T14:49:14.982+0000] {processor.py:766} INFO - DAG(s) dict_keys(['example_branch_dop_operator_v3']) retrieved from /home/airflow/.local/lib/python3.7/site-packages/airflow/example_dags/example_branch_python_dop_operator_3.py
[2023-05-27T14:49:15.093+0000] {logging_mixin.py:120} INFO - [2023-05-27T14:49:15.093+0000] {dag.py:2585} INFO - Sync 1 DAGs
[2023-05-27T14:49:15.139+0000] {logging_mixin.py:120} INFO - [2023-05-27T14:49:15.139+0000] {dag.py:3340} INFO - Setting next_dagrun for example_branch_dop_operator_v3 to 2023-05-27T14:48:00+00:00, run_after=2023-05-27T14:49:00+00:00
[2023-05-27T14:49:15.171+0000] {processor.py:176} INFO - Processing /home/airflow/.local/lib/python3.7/site-packages/airflow/example_dags/example_branch_python_dop_operator_3.py took 0.278 seconds
[2023-05-27T14:49:46.111+0000] {processor.py:154} INFO - Started process (PID=1349) to work on /home/airflow/.local/lib/python3.7/site-packages/airflow/example_dags/example_branch_python_dop_operator_3.py
[2023-05-27T14:49:46.114+0000] {processor.py:756} INFO - Processing file /home/airflow/.local/lib/python3.7/site-packages/airflow/example_dags/example_branch_python_dop_operator_3.py for tasks to queue
[2023-05-27T14:49:46.114+0000] {logging_mixin.py:120} INFO - [2023-05-27T14:49:46.114+0000] {dagbag.py:537} INFO - Filling up the DagBag from /home/airflow/.local/lib/python3.7/site-packages/airflow/example_dags/example_branch_python_dop_operator_3.py
[2023-05-27T14:49:46.152+0000] {processor.py:766} INFO - DAG(s) dict_keys(['example_branch_dop_operator_v3']) retrieved from /home/airflow/.local/lib/python3.7/site-packages/airflow/example_dags/example_branch_python_dop_operator_3.py
[2023-05-27T14:49:46.201+0000] {logging_mixin.py:120} INFO - [2023-05-27T14:49:46.201+0000] {dag.py:2585} INFO - Sync 1 DAGs
[2023-05-27T14:49:46.239+0000] {logging_mixin.py:120} INFO - [2023-05-27T14:49:46.239+0000] {dag.py:3340} INFO - Setting next_dagrun for example_branch_dop_operator_v3 to 2023-05-27T14:48:00+00:00, run_after=2023-05-27T14:49:00+00:00
[2023-05-27T14:49:46.269+0000] {processor.py:176} INFO - Processing /home/airflow/.local/lib/python3.7/site-packages/airflow/example_dags/example_branch_python_dop_operator_3.py took 0.162 seconds
[2023-05-27T14:50:16.445+0000] {processor.py:154} INFO - Started process (PID=1406) to work on /home/airflow/.local/lib/python3.7/site-packages/airflow/example_dags/example_branch_python_dop_operator_3.py
[2023-05-27T14:50:16.449+0000] {processor.py:756} INFO - Processing file /home/airflow/.local/lib/python3.7/site-packages/airflow/example_dags/example_branch_python_dop_operator_3.py for tasks to queue
[2023-05-27T14:50:16.450+0000] {logging_mixin.py:120} INFO - [2023-05-27T14:50:16.450+0000] {dagbag.py:537} INFO - Filling up the DagBag from /home/airflow/.local/lib/python3.7/site-packages/airflow/example_dags/example_branch_python_dop_operator_3.py
[2023-05-27T14:50:16.480+0000] {processor.py:766} INFO - DAG(s) dict_keys(['example_branch_dop_operator_v3']) retrieved from /home/airflow/.local/lib/python3.7/site-packages/airflow/example_dags/example_branch_python_dop_operator_3.py
[2023-05-27T14:50:16.533+0000] {logging_mixin.py:120} INFO - [2023-05-27T14:50:16.532+0000] {dag.py:2585} INFO - Sync 1 DAGs
[2023-05-27T14:50:16.575+0000] {logging_mixin.py:120} INFO - [2023-05-27T14:50:16.574+0000] {dag.py:3340} INFO - Setting next_dagrun for example_branch_dop_operator_v3 to 2023-05-27T14:49:00+00:00, run_after=2023-05-27T14:50:00+00:00
[2023-05-27T14:50:16.602+0000] {processor.py:176} INFO - Processing /home/airflow/.local/lib/python3.7/site-packages/airflow/example_dags/example_branch_python_dop_operator_3.py took 0.161 seconds
[2023-05-27T14:50:46.683+0000] {processor.py:154} INFO - Started process (PID=1459) to work on /home/airflow/.local/lib/python3.7/site-packages/airflow/example_dags/example_branch_python_dop_operator_3.py
[2023-05-27T14:50:46.686+0000] {processor.py:756} INFO - Processing file /home/airflow/.local/lib/python3.7/site-packages/airflow/example_dags/example_branch_python_dop_operator_3.py for tasks to queue
[2023-05-27T14:50:46.686+0000] {logging_mixin.py:120} INFO - [2023-05-27T14:50:46.686+0000] {dagbag.py:537} INFO - Filling up the DagBag from /home/airflow/.local/lib/python3.7/site-packages/airflow/example_dags/example_branch_python_dop_operator_3.py
[2023-05-27T14:50:46.716+0000] {processor.py:766} INFO - DAG(s) dict_keys(['example_branch_dop_operator_v3']) retrieved from /home/airflow/.local/lib/python3.7/site-packages/airflow/example_dags/example_branch_python_dop_operator_3.py
[2023-05-27T14:50:46.764+0000] {logging_mixin.py:120} INFO - [2023-05-27T14:50:46.764+0000] {dag.py:2585} INFO - Sync 1 DAGs
[2023-05-27T14:50:46.801+0000] {logging_mixin.py:120} INFO - [2023-05-27T14:50:46.801+0000] {dag.py:3340} INFO - Setting next_dagrun for example_branch_dop_operator_v3 to 2023-05-27T14:49:00+00:00, run_after=2023-05-27T14:50:00+00:00
[2023-05-27T14:50:46.823+0000] {processor.py:176} INFO - Processing /home/airflow/.local/lib/python3.7/site-packages/airflow/example_dags/example_branch_python_dop_operator_3.py took 0.143 seconds
[2023-05-27T14:51:17.711+0000] {processor.py:154} INFO - Started process (PID=1514) to work on /home/airflow/.local/lib/python3.7/site-packages/airflow/example_dags/example_branch_python_dop_operator_3.py
[2023-05-27T14:51:17.713+0000] {processor.py:756} INFO - Processing file /home/airflow/.local/lib/python3.7/site-packages/airflow/example_dags/example_branch_python_dop_operator_3.py for tasks to queue
[2023-05-27T14:51:17.714+0000] {logging_mixin.py:120} INFO - [2023-05-27T14:51:17.713+0000] {dagbag.py:537} INFO - Filling up the DagBag from /home/airflow/.local/lib/python3.7/site-packages/airflow/example_dags/example_branch_python_dop_operator_3.py
[2023-05-27T14:51:17.749+0000] {processor.py:766} INFO - DAG(s) dict_keys(['example_branch_dop_operator_v3']) retrieved from /home/airflow/.local/lib/python3.7/site-packages/airflow/example_dags/example_branch_python_dop_operator_3.py
[2023-05-27T14:51:17.795+0000] {logging_mixin.py:120} INFO - [2023-05-27T14:51:17.795+0000] {dag.py:2585} INFO - Sync 1 DAGs
[2023-05-27T14:51:17.831+0000] {logging_mixin.py:120} INFO - [2023-05-27T14:51:17.831+0000] {dag.py:3340} INFO - Setting next_dagrun for example_branch_dop_operator_v3 to 2023-05-27T14:50:00+00:00, run_after=2023-05-27T14:51:00+00:00
[2023-05-27T14:51:17.854+0000] {processor.py:176} INFO - Processing /home/airflow/.local/lib/python3.7/site-packages/airflow/example_dags/example_branch_python_dop_operator_3.py took 0.147 seconds
[2023-05-27T14:51:48.179+0000] {processor.py:154} INFO - Started process (PID=1577) to work on /home/airflow/.local/lib/python3.7/site-packages/airflow/example_dags/example_branch_python_dop_operator_3.py
[2023-05-27T14:51:48.192+0000] {processor.py:756} INFO - Processing file /home/airflow/.local/lib/python3.7/site-packages/airflow/example_dags/example_branch_python_dop_operator_3.py for tasks to queue
[2023-05-27T14:51:48.204+0000] {logging_mixin.py:120} INFO - [2023-05-27T14:51:48.204+0000] {dagbag.py:537} INFO - Filling up the DagBag from /home/airflow/.local/lib/python3.7/site-packages/airflow/example_dags/example_branch_python_dop_operator_3.py
[2023-05-27T14:51:48.268+0000] {processor.py:766} INFO - DAG(s) dict_keys(['example_branch_dop_operator_v3']) retrieved from /home/airflow/.local/lib/python3.7/site-packages/airflow/example_dags/example_branch_python_dop_operator_3.py
[2023-05-27T14:51:48.425+0000] {logging_mixin.py:120} INFO - [2023-05-27T14:51:48.425+0000] {dag.py:2585} INFO - Sync 1 DAGs
[2023-05-27T14:51:48.507+0000] {logging_mixin.py:120} INFO - [2023-05-27T14:51:48.507+0000] {dag.py:3340} INFO - Setting next_dagrun for example_branch_dop_operator_v3 to 2023-05-27T14:50:00+00:00, run_after=2023-05-27T14:51:00+00:00
[2023-05-27T14:51:48.555+0000] {processor.py:176} INFO - Processing /home/airflow/.local/lib/python3.7/site-packages/airflow/example_dags/example_branch_python_dop_operator_3.py took 0.380 seconds
[2023-05-27T14:52:18.841+0000] {processor.py:154} INFO - Started process (PID=1631) to work on /home/airflow/.local/lib/python3.7/site-packages/airflow/example_dags/example_branch_python_dop_operator_3.py
[2023-05-27T14:52:18.860+0000] {processor.py:756} INFO - Processing file /home/airflow/.local/lib/python3.7/site-packages/airflow/example_dags/example_branch_python_dop_operator_3.py for tasks to queue
[2023-05-27T14:52:18.861+0000] {logging_mixin.py:120} INFO - [2023-05-27T14:52:18.861+0000] {dagbag.py:537} INFO - Filling up the DagBag from /home/airflow/.local/lib/python3.7/site-packages/airflow/example_dags/example_branch_python_dop_operator_3.py
[2023-05-27T14:52:18.995+0000] {processor.py:766} INFO - DAG(s) dict_keys(['example_branch_dop_operator_v3']) retrieved from /home/airflow/.local/lib/python3.7/site-packages/airflow/example_dags/example_branch_python_dop_operator_3.py
[2023-05-27T14:52:19.211+0000] {logging_mixin.py:120} INFO - [2023-05-27T14:52:19.211+0000] {dag.py:2585} INFO - Sync 1 DAGs
[2023-05-27T14:52:19.291+0000] {logging_mixin.py:120} INFO - [2023-05-27T14:52:19.291+0000] {dag.py:3340} INFO - Setting next_dagrun for example_branch_dop_operator_v3 to 2023-05-27T14:51:00+00:00, run_after=2023-05-27T14:52:00+00:00
[2023-05-27T14:52:19.355+0000] {processor.py:176} INFO - Processing /home/airflow/.local/lib/python3.7/site-packages/airflow/example_dags/example_branch_python_dop_operator_3.py took 0.517 seconds
[2023-05-27T14:52:53.469+0000] {processor.py:154} INFO - Started process (PID=1693) to work on /home/airflow/.local/lib/python3.7/site-packages/airflow/example_dags/example_branch_python_dop_operator_3.py
[2023-05-27T14:52:53.480+0000] {processor.py:756} INFO - Processing file /home/airflow/.local/lib/python3.7/site-packages/airflow/example_dags/example_branch_python_dop_operator_3.py for tasks to queue
[2023-05-27T14:52:53.481+0000] {logging_mixin.py:120} INFO - [2023-05-27T14:52:53.480+0000] {dagbag.py:537} INFO - Filling up the DagBag from /home/airflow/.local/lib/python3.7/site-packages/airflow/example_dags/example_branch_python_dop_operator_3.py
[2023-05-27T14:52:53.801+0000] {processor.py:766} INFO - DAG(s) dict_keys(['example_branch_dop_operator_v3']) retrieved from /home/airflow/.local/lib/python3.7/site-packages/airflow/example_dags/example_branch_python_dop_operator_3.py
[2023-05-27T14:52:54.158+0000] {logging_mixin.py:120} INFO - [2023-05-27T14:52:54.157+0000] {dag.py:2585} INFO - Sync 1 DAGs
[2023-05-27T14:52:54.241+0000] {logging_mixin.py:120} INFO - [2023-05-27T14:52:54.240+0000] {dag.py:3340} INFO - Setting next_dagrun for example_branch_dop_operator_v3 to 2023-05-27T14:51:00+00:00, run_after=2023-05-27T14:52:00+00:00
[2023-05-27T14:52:54.288+0000] {processor.py:176} INFO - Processing /home/airflow/.local/lib/python3.7/site-packages/airflow/example_dags/example_branch_python_dop_operator_3.py took 0.824 seconds
[2023-05-27T14:53:24.713+0000] {processor.py:154} INFO - Started process (PID=1747) to work on /home/airflow/.local/lib/python3.7/site-packages/airflow/example_dags/example_branch_python_dop_operator_3.py
[2023-05-27T14:53:24.715+0000] {processor.py:756} INFO - Processing file /home/airflow/.local/lib/python3.7/site-packages/airflow/example_dags/example_branch_python_dop_operator_3.py for tasks to queue
[2023-05-27T14:53:24.716+0000] {logging_mixin.py:120} INFO - [2023-05-27T14:53:24.716+0000] {dagbag.py:537} INFO - Filling up the DagBag from /home/airflow/.local/lib/python3.7/site-packages/airflow/example_dags/example_branch_python_dop_operator_3.py
[2023-05-27T14:53:24.747+0000] {processor.py:766} INFO - DAG(s) dict_keys(['example_branch_dop_operator_v3']) retrieved from /home/airflow/.local/lib/python3.7/site-packages/airflow/example_dags/example_branch_python_dop_operator_3.py
[2023-05-27T14:53:24.796+0000] {logging_mixin.py:120} INFO - [2023-05-27T14:53:24.796+0000] {dag.py:2585} INFO - Sync 1 DAGs
[2023-05-27T14:53:24.832+0000] {logging_mixin.py:120} INFO - [2023-05-27T14:53:24.832+0000] {dag.py:3340} INFO - Setting next_dagrun for example_branch_dop_operator_v3 to 2023-05-27T14:52:00+00:00, run_after=2023-05-27T14:53:00+00:00
[2023-05-27T14:53:24.855+0000] {processor.py:176} INFO - Processing /home/airflow/.local/lib/python3.7/site-packages/airflow/example_dags/example_branch_python_dop_operator_3.py took 0.145 seconds
