[2023-05-27T14:38:19.555+0000] {processor.py:154} INFO - Started process (PID=55) to work on /home/airflow/.local/lib/python3.7/site-packages/airflow/example_dags/example_task_group_decorator.py
[2023-05-27T14:38:19.556+0000] {processor.py:756} INFO - Processing file /home/airflow/.local/lib/python3.7/site-packages/airflow/example_dags/example_task_group_decorator.py for tasks to queue
[2023-05-27T14:38:19.557+0000] {logging_mixin.py:120} INFO - [2023-05-27T14:38:19.557+0000] {dagbag.py:537} INFO - Filling up the DagBag from /home/airflow/.local/lib/python3.7/site-packages/airflow/example_dags/example_task_group_decorator.py
[2023-05-27T14:38:19.874+0000] {processor.py:766} INFO - DAG(s) dict_keys(['example_task_group_decorator']) retrieved from /home/airflow/.local/lib/python3.7/site-packages/airflow/example_dags/example_task_group_decorator.py
[2023-05-27T14:38:20.746+0000] {logging_mixin.py:120} INFO - [2023-05-27T14:38:20.746+0000] {manager.py:507} INFO - Created Permission View: can read on DAG:example_task_group_decorator
[2023-05-27T14:38:20.808+0000] {logging_mixin.py:120} INFO - [2023-05-27T14:38:20.808+0000] {manager.py:507} INFO - Created Permission View: can edit on DAG:example_task_group_decorator
[2023-05-27T14:38:20.843+0000] {logging_mixin.py:120} INFO - [2023-05-27T14:38:20.843+0000] {manager.py:507} INFO - Created Permission View: can delete on DAG:example_task_group_decorator
[2023-05-27T14:38:20.843+0000] {logging_mixin.py:120} INFO - [2023-05-27T14:38:20.843+0000] {dag.py:2585} INFO - Sync 1 DAGs
[2023-05-27T14:38:20.907+0000] {logging_mixin.py:120} INFO - [2023-05-27T14:38:20.906+0000] {dag.py:2606} INFO - Creating ORM DAG for example_task_group_decorator
[2023-05-27T14:38:20.988+0000] {logging_mixin.py:120} INFO - [2023-05-27T14:38:20.988+0000] {dag.py:3340} INFO - Setting next_dagrun for example_task_group_decorator to 2023-05-26T14:38:20.988335+00:00, run_after=2023-05-27T14:38:20.988335+00:00
[2023-05-27T14:38:21.103+0000] {processor.py:176} INFO - Processing /home/airflow/.local/lib/python3.7/site-packages/airflow/example_dags/example_task_group_decorator.py took 1.596 seconds
[2023-05-27T14:38:51.561+0000] {processor.py:154} INFO - Started process (PID=109) to work on /home/airflow/.local/lib/python3.7/site-packages/airflow/example_dags/example_task_group_decorator.py
[2023-05-27T14:38:51.567+0000] {processor.py:756} INFO - Processing file /home/airflow/.local/lib/python3.7/site-packages/airflow/example_dags/example_task_group_decorator.py for tasks to queue
[2023-05-27T14:38:51.581+0000] {logging_mixin.py:120} INFO - [2023-05-27T14:38:51.581+0000] {dagbag.py:537} INFO - Filling up the DagBag from /home/airflow/.local/lib/python3.7/site-packages/airflow/example_dags/example_task_group_decorator.py
[2023-05-27T14:38:51.694+0000] {processor.py:766} INFO - DAG(s) dict_keys(['example_task_group_decorator']) retrieved from /home/airflow/.local/lib/python3.7/site-packages/airflow/example_dags/example_task_group_decorator.py
[2023-05-27T14:38:51.821+0000] {logging_mixin.py:120} INFO - [2023-05-27T14:38:51.821+0000] {dag.py:2585} INFO - Sync 1 DAGs
[2023-05-27T14:38:51.854+0000] {logging_mixin.py:120} INFO - [2023-05-27T14:38:51.854+0000] {dag.py:3340} INFO - Setting next_dagrun for example_task_group_decorator to 2023-05-26T14:38:51.853892+00:00, run_after=2023-05-27T14:38:51.853892+00:00
[2023-05-27T14:38:51.917+0000] {processor.py:176} INFO - Processing /home/airflow/.local/lib/python3.7/site-packages/airflow/example_dags/example_task_group_decorator.py took 0.371 seconds
[2023-05-27T14:39:22.110+0000] {processor.py:154} INFO - Started process (PID=165) to work on /home/airflow/.local/lib/python3.7/site-packages/airflow/example_dags/example_task_group_decorator.py
[2023-05-27T14:39:22.113+0000] {processor.py:756} INFO - Processing file /home/airflow/.local/lib/python3.7/site-packages/airflow/example_dags/example_task_group_decorator.py for tasks to queue
[2023-05-27T14:39:22.114+0000] {logging_mixin.py:120} INFO - [2023-05-27T14:39:22.114+0000] {dagbag.py:537} INFO - Filling up the DagBag from /home/airflow/.local/lib/python3.7/site-packages/airflow/example_dags/example_task_group_decorator.py
[2023-05-27T14:39:22.229+0000] {processor.py:766} INFO - DAG(s) dict_keys(['example_task_group_decorator']) retrieved from /home/airflow/.local/lib/python3.7/site-packages/airflow/example_dags/example_task_group_decorator.py
[2023-05-27T14:39:22.327+0000] {logging_mixin.py:120} INFO - [2023-05-27T14:39:22.327+0000] {dag.py:2585} INFO - Sync 1 DAGs
[2023-05-27T14:39:22.391+0000] {logging_mixin.py:120} INFO - [2023-05-27T14:39:22.391+0000] {dag.py:3340} INFO - Setting next_dagrun for example_task_group_decorator to 2023-05-26T14:39:22.386191+00:00, run_after=2023-05-27T14:39:22.386191+00:00
[2023-05-27T14:39:22.426+0000] {processor.py:176} INFO - Processing /home/airflow/.local/lib/python3.7/site-packages/airflow/example_dags/example_task_group_decorator.py took 0.320 seconds
[2023-05-27T14:39:53.344+0000] {processor.py:154} INFO - Started process (PID=227) to work on /home/airflow/.local/lib/python3.7/site-packages/airflow/example_dags/example_task_group_decorator.py
[2023-05-27T14:39:53.346+0000] {processor.py:756} INFO - Processing file /home/airflow/.local/lib/python3.7/site-packages/airflow/example_dags/example_task_group_decorator.py for tasks to queue
[2023-05-27T14:39:53.347+0000] {logging_mixin.py:120} INFO - [2023-05-27T14:39:53.347+0000] {dagbag.py:537} INFO - Filling up the DagBag from /home/airflow/.local/lib/python3.7/site-packages/airflow/example_dags/example_task_group_decorator.py
[2023-05-27T14:39:53.429+0000] {processor.py:766} INFO - DAG(s) dict_keys(['example_task_group_decorator']) retrieved from /home/airflow/.local/lib/python3.7/site-packages/airflow/example_dags/example_task_group_decorator.py
[2023-05-27T14:39:53.515+0000] {logging_mixin.py:120} INFO - [2023-05-27T14:39:53.515+0000] {dag.py:2585} INFO - Sync 1 DAGs
[2023-05-27T14:39:53.575+0000] {logging_mixin.py:120} INFO - [2023-05-27T14:39:53.574+0000] {dag.py:3340} INFO - Setting next_dagrun for example_task_group_decorator to 2023-05-26T14:39:53.572252+00:00, run_after=2023-05-27T14:39:53.572252+00:00
[2023-05-27T14:39:53.617+0000] {processor.py:176} INFO - Processing /home/airflow/.local/lib/python3.7/site-packages/airflow/example_dags/example_task_group_decorator.py took 0.277 seconds
[2023-05-27T14:40:23.670+0000] {processor.py:154} INFO - Started process (PID=281) to work on /home/airflow/.local/lib/python3.7/site-packages/airflow/example_dags/example_task_group_decorator.py
[2023-05-27T14:40:23.671+0000] {processor.py:756} INFO - Processing file /home/airflow/.local/lib/python3.7/site-packages/airflow/example_dags/example_task_group_decorator.py for tasks to queue
[2023-05-27T14:40:23.672+0000] {logging_mixin.py:120} INFO - [2023-05-27T14:40:23.672+0000] {dagbag.py:537} INFO - Filling up the DagBag from /home/airflow/.local/lib/python3.7/site-packages/airflow/example_dags/example_task_group_decorator.py
[2023-05-27T14:40:23.722+0000] {processor.py:766} INFO - DAG(s) dict_keys(['example_task_group_decorator']) retrieved from /home/airflow/.local/lib/python3.7/site-packages/airflow/example_dags/example_task_group_decorator.py
[2023-05-27T14:40:23.824+0000] {logging_mixin.py:120} INFO - [2023-05-27T14:40:23.823+0000] {dag.py:2585} INFO - Sync 1 DAGs
[2023-05-27T14:40:23.912+0000] {logging_mixin.py:120} INFO - [2023-05-27T14:40:23.912+0000] {dag.py:3340} INFO - Setting next_dagrun for example_task_group_decorator to 2023-05-26T14:40:23.911432+00:00, run_after=2023-05-27T14:40:23.911432+00:00
[2023-05-27T14:40:23.969+0000] {processor.py:176} INFO - Processing /home/airflow/.local/lib/python3.7/site-packages/airflow/example_dags/example_task_group_decorator.py took 0.303 seconds
[2023-05-27T14:40:54.510+0000] {processor.py:154} INFO - Started process (PID=336) to work on /home/airflow/.local/lib/python3.7/site-packages/airflow/example_dags/example_task_group_decorator.py
[2023-05-27T14:40:54.512+0000] {processor.py:756} INFO - Processing file /home/airflow/.local/lib/python3.7/site-packages/airflow/example_dags/example_task_group_decorator.py for tasks to queue
[2023-05-27T14:40:54.513+0000] {logging_mixin.py:120} INFO - [2023-05-27T14:40:54.512+0000] {dagbag.py:537} INFO - Filling up the DagBag from /home/airflow/.local/lib/python3.7/site-packages/airflow/example_dags/example_task_group_decorator.py
[2023-05-27T14:40:54.573+0000] {processor.py:766} INFO - DAG(s) dict_keys(['example_task_group_decorator']) retrieved from /home/airflow/.local/lib/python3.7/site-packages/airflow/example_dags/example_task_group_decorator.py
[2023-05-27T14:40:54.682+0000] {logging_mixin.py:120} INFO - [2023-05-27T14:40:54.681+0000] {dag.py:2585} INFO - Sync 1 DAGs
[2023-05-27T14:40:54.736+0000] {logging_mixin.py:120} INFO - [2023-05-27T14:40:54.736+0000] {dag.py:3340} INFO - Setting next_dagrun for example_task_group_decorator to 2023-05-26T14:40:54.735725+00:00, run_after=2023-05-27T14:40:54.735725+00:00
[2023-05-27T14:40:54.757+0000] {processor.py:176} INFO - Processing /home/airflow/.local/lib/python3.7/site-packages/airflow/example_dags/example_task_group_decorator.py took 0.250 seconds
[2023-05-27T14:41:25.458+0000] {processor.py:154} INFO - Started process (PID=399) to work on /home/airflow/.local/lib/python3.7/site-packages/airflow/example_dags/example_task_group_decorator.py
[2023-05-27T14:41:25.460+0000] {processor.py:756} INFO - Processing file /home/airflow/.local/lib/python3.7/site-packages/airflow/example_dags/example_task_group_decorator.py for tasks to queue
[2023-05-27T14:41:25.460+0000] {logging_mixin.py:120} INFO - [2023-05-27T14:41:25.460+0000] {dagbag.py:537} INFO - Filling up the DagBag from /home/airflow/.local/lib/python3.7/site-packages/airflow/example_dags/example_task_group_decorator.py
[2023-05-27T14:41:25.516+0000] {processor.py:766} INFO - DAG(s) dict_keys(['example_task_group_decorator']) retrieved from /home/airflow/.local/lib/python3.7/site-packages/airflow/example_dags/example_task_group_decorator.py
[2023-05-27T14:41:25.567+0000] {logging_mixin.py:120} INFO - [2023-05-27T14:41:25.566+0000] {dag.py:2585} INFO - Sync 1 DAGs
[2023-05-27T14:41:25.601+0000] {logging_mixin.py:120} INFO - [2023-05-27T14:41:25.601+0000] {dag.py:3340} INFO - Setting next_dagrun for example_task_group_decorator to 2023-05-26T14:41:25.601454+00:00, run_after=2023-05-27T14:41:25.601454+00:00
[2023-05-27T14:41:25.624+0000] {processor.py:176} INFO - Processing /home/airflow/.local/lib/python3.7/site-packages/airflow/example_dags/example_task_group_decorator.py took 0.170 seconds
[2023-05-27T14:41:55.911+0000] {processor.py:154} INFO - Started process (PID=454) to work on /home/airflow/.local/lib/python3.7/site-packages/airflow/example_dags/example_task_group_decorator.py
[2023-05-27T14:41:55.912+0000] {processor.py:756} INFO - Processing file /home/airflow/.local/lib/python3.7/site-packages/airflow/example_dags/example_task_group_decorator.py for tasks to queue
[2023-05-27T14:41:55.912+0000] {logging_mixin.py:120} INFO - [2023-05-27T14:41:55.912+0000] {dagbag.py:537} INFO - Filling up the DagBag from /home/airflow/.local/lib/python3.7/site-packages/airflow/example_dags/example_task_group_decorator.py
[2023-05-27T14:41:55.967+0000] {processor.py:766} INFO - DAG(s) dict_keys(['example_task_group_decorator']) retrieved from /home/airflow/.local/lib/python3.7/site-packages/airflow/example_dags/example_task_group_decorator.py
[2023-05-27T14:41:56.019+0000] {logging_mixin.py:120} INFO - [2023-05-27T14:41:56.018+0000] {dag.py:2585} INFO - Sync 1 DAGs
[2023-05-27T14:41:56.052+0000] {logging_mixin.py:120} INFO - [2023-05-27T14:41:56.052+0000] {dag.py:3340} INFO - Setting next_dagrun for example_task_group_decorator to 2023-05-26T14:41:56.051923+00:00, run_after=2023-05-27T14:41:56.051923+00:00
[2023-05-27T14:41:56.073+0000] {processor.py:176} INFO - Processing /home/airflow/.local/lib/python3.7/site-packages/airflow/example_dags/example_task_group_decorator.py took 0.166 seconds
[2023-05-27T14:42:26.630+0000] {processor.py:154} INFO - Started process (PID=518) to work on /home/airflow/.local/lib/python3.7/site-packages/airflow/example_dags/example_task_group_decorator.py
[2023-05-27T14:42:26.637+0000] {processor.py:756} INFO - Processing file /home/airflow/.local/lib/python3.7/site-packages/airflow/example_dags/example_task_group_decorator.py for tasks to queue
[2023-05-27T14:42:26.637+0000] {logging_mixin.py:120} INFO - [2023-05-27T14:42:26.637+0000] {dagbag.py:537} INFO - Filling up the DagBag from /home/airflow/.local/lib/python3.7/site-packages/airflow/example_dags/example_task_group_decorator.py
[2023-05-27T14:42:26.754+0000] {processor.py:766} INFO - DAG(s) dict_keys(['example_task_group_decorator']) retrieved from /home/airflow/.local/lib/python3.7/site-packages/airflow/example_dags/example_task_group_decorator.py
[2023-05-27T14:42:26.833+0000] {logging_mixin.py:120} INFO - [2023-05-27T14:42:26.833+0000] {dag.py:2585} INFO - Sync 1 DAGs
[2023-05-27T14:42:26.865+0000] {logging_mixin.py:120} INFO - [2023-05-27T14:42:26.864+0000] {dag.py:3340} INFO - Setting next_dagrun for example_task_group_decorator to 2023-05-26T14:42:26.864632+00:00, run_after=2023-05-27T14:42:26.864632+00:00
[2023-05-27T14:42:26.887+0000] {processor.py:176} INFO - Processing /home/airflow/.local/lib/python3.7/site-packages/airflow/example_dags/example_task_group_decorator.py took 0.272 seconds
[2023-05-27T14:42:57.034+0000] {processor.py:154} INFO - Started process (PID=572) to work on /home/airflow/.local/lib/python3.7/site-packages/airflow/example_dags/example_task_group_decorator.py
[2023-05-27T14:42:57.038+0000] {processor.py:756} INFO - Processing file /home/airflow/.local/lib/python3.7/site-packages/airflow/example_dags/example_task_group_decorator.py for tasks to queue
[2023-05-27T14:42:57.038+0000] {logging_mixin.py:120} INFO - [2023-05-27T14:42:57.038+0000] {dagbag.py:537} INFO - Filling up the DagBag from /home/airflow/.local/lib/python3.7/site-packages/airflow/example_dags/example_task_group_decorator.py
[2023-05-27T14:42:57.091+0000] {processor.py:766} INFO - DAG(s) dict_keys(['example_task_group_decorator']) retrieved from /home/airflow/.local/lib/python3.7/site-packages/airflow/example_dags/example_task_group_decorator.py
[2023-05-27T14:42:57.144+0000] {logging_mixin.py:120} INFO - [2023-05-27T14:42:57.144+0000] {dag.py:2585} INFO - Sync 1 DAGs
[2023-05-27T14:42:57.185+0000] {logging_mixin.py:120} INFO - [2023-05-27T14:42:57.185+0000] {dag.py:3340} INFO - Setting next_dagrun for example_task_group_decorator to 2023-05-26T14:42:57.185101+00:00, run_after=2023-05-27T14:42:57.185101+00:00
[2023-05-27T14:42:57.210+0000] {processor.py:176} INFO - Processing /home/airflow/.local/lib/python3.7/site-packages/airflow/example_dags/example_task_group_decorator.py took 0.180 seconds
[2023-05-27T14:43:27.632+0000] {processor.py:154} INFO - Started process (PID=635) to work on /home/airflow/.local/lib/python3.7/site-packages/airflow/example_dags/example_task_group_decorator.py
[2023-05-27T14:43:27.635+0000] {processor.py:756} INFO - Processing file /home/airflow/.local/lib/python3.7/site-packages/airflow/example_dags/example_task_group_decorator.py for tasks to queue
[2023-05-27T14:43:27.637+0000] {logging_mixin.py:120} INFO - [2023-05-27T14:43:27.636+0000] {dagbag.py:537} INFO - Filling up the DagBag from /home/airflow/.local/lib/python3.7/site-packages/airflow/example_dags/example_task_group_decorator.py
[2023-05-27T14:43:27.715+0000] {processor.py:766} INFO - DAG(s) dict_keys(['example_task_group_decorator']) retrieved from /home/airflow/.local/lib/python3.7/site-packages/airflow/example_dags/example_task_group_decorator.py
[2023-05-27T14:43:27.814+0000] {logging_mixin.py:120} INFO - [2023-05-27T14:43:27.813+0000] {dag.py:2585} INFO - Sync 1 DAGs
[2023-05-27T14:43:27.853+0000] {logging_mixin.py:120} INFO - [2023-05-27T14:43:27.852+0000] {dag.py:3340} INFO - Setting next_dagrun for example_task_group_decorator to 2023-05-26T14:43:27.852631+00:00, run_after=2023-05-27T14:43:27.852631+00:00
[2023-05-27T14:43:27.874+0000] {processor.py:176} INFO - Processing /home/airflow/.local/lib/python3.7/site-packages/airflow/example_dags/example_task_group_decorator.py took 0.253 seconds
[2023-05-27T14:43:58.266+0000] {processor.py:154} INFO - Started process (PID=689) to work on /home/airflow/.local/lib/python3.7/site-packages/airflow/example_dags/example_task_group_decorator.py
[2023-05-27T14:43:58.267+0000] {processor.py:756} INFO - Processing file /home/airflow/.local/lib/python3.7/site-packages/airflow/example_dags/example_task_group_decorator.py for tasks to queue
[2023-05-27T14:43:58.268+0000] {logging_mixin.py:120} INFO - [2023-05-27T14:43:58.268+0000] {dagbag.py:537} INFO - Filling up the DagBag from /home/airflow/.local/lib/python3.7/site-packages/airflow/example_dags/example_task_group_decorator.py
[2023-05-27T14:43:58.375+0000] {processor.py:766} INFO - DAG(s) dict_keys(['example_task_group_decorator']) retrieved from /home/airflow/.local/lib/python3.7/site-packages/airflow/example_dags/example_task_group_decorator.py
[2023-05-27T14:43:58.456+0000] {logging_mixin.py:120} INFO - [2023-05-27T14:43:58.456+0000] {dag.py:2585} INFO - Sync 1 DAGs
[2023-05-27T14:43:58.486+0000] {logging_mixin.py:120} INFO - [2023-05-27T14:43:58.486+0000] {dag.py:3340} INFO - Setting next_dagrun for example_task_group_decorator to 2023-05-26T14:43:58.486234+00:00, run_after=2023-05-27T14:43:58.486234+00:00
[2023-05-27T14:43:58.507+0000] {processor.py:176} INFO - Processing /home/airflow/.local/lib/python3.7/site-packages/airflow/example_dags/example_task_group_decorator.py took 0.245 seconds
[2023-05-27T14:44:28.659+0000] {processor.py:154} INFO - Started process (PID=742) to work on /home/airflow/.local/lib/python3.7/site-packages/airflow/example_dags/example_task_group_decorator.py
[2023-05-27T14:44:28.662+0000] {processor.py:756} INFO - Processing file /home/airflow/.local/lib/python3.7/site-packages/airflow/example_dags/example_task_group_decorator.py for tasks to queue
[2023-05-27T14:44:28.662+0000] {logging_mixin.py:120} INFO - [2023-05-27T14:44:28.662+0000] {dagbag.py:537} INFO - Filling up the DagBag from /home/airflow/.local/lib/python3.7/site-packages/airflow/example_dags/example_task_group_decorator.py
[2023-05-27T14:44:28.710+0000] {processor.py:766} INFO - DAG(s) dict_keys(['example_task_group_decorator']) retrieved from /home/airflow/.local/lib/python3.7/site-packages/airflow/example_dags/example_task_group_decorator.py
[2023-05-27T14:44:28.762+0000] {logging_mixin.py:120} INFO - [2023-05-27T14:44:28.762+0000] {dag.py:2585} INFO - Sync 1 DAGs
[2023-05-27T14:44:28.793+0000] {logging_mixin.py:120} INFO - [2023-05-27T14:44:28.793+0000] {dag.py:3340} INFO - Setting next_dagrun for example_task_group_decorator to 2023-05-26T14:44:28.792729+00:00, run_after=2023-05-27T14:44:28.792729+00:00
[2023-05-27T14:44:28.815+0000] {processor.py:176} INFO - Processing /home/airflow/.local/lib/python3.7/site-packages/airflow/example_dags/example_task_group_decorator.py took 0.160 seconds
[2023-05-27T14:44:59.483+0000] {processor.py:154} INFO - Started process (PID=805) to work on /home/airflow/.local/lib/python3.7/site-packages/airflow/example_dags/example_task_group_decorator.py
[2023-05-27T14:44:59.487+0000] {processor.py:756} INFO - Processing file /home/airflow/.local/lib/python3.7/site-packages/airflow/example_dags/example_task_group_decorator.py for tasks to queue
[2023-05-27T14:44:59.487+0000] {logging_mixin.py:120} INFO - [2023-05-27T14:44:59.487+0000] {dagbag.py:537} INFO - Filling up the DagBag from /home/airflow/.local/lib/python3.7/site-packages/airflow/example_dags/example_task_group_decorator.py
[2023-05-27T14:44:59.567+0000] {processor.py:766} INFO - DAG(s) dict_keys(['example_task_group_decorator']) retrieved from /home/airflow/.local/lib/python3.7/site-packages/airflow/example_dags/example_task_group_decorator.py
[2023-05-27T14:44:59.654+0000] {logging_mixin.py:120} INFO - [2023-05-27T14:44:59.654+0000] {dag.py:2585} INFO - Sync 1 DAGs
[2023-05-27T14:44:59.686+0000] {logging_mixin.py:120} INFO - [2023-05-27T14:44:59.686+0000] {dag.py:3340} INFO - Setting next_dagrun for example_task_group_decorator to 2023-05-26T14:44:59.685242+00:00, run_after=2023-05-27T14:44:59.685242+00:00
[2023-05-27T14:44:59.716+0000] {processor.py:176} INFO - Processing /home/airflow/.local/lib/python3.7/site-packages/airflow/example_dags/example_task_group_decorator.py took 0.236 seconds
[2023-05-27T14:45:30.390+0000] {processor.py:154} INFO - Started process (PID=858) to work on /home/airflow/.local/lib/python3.7/site-packages/airflow/example_dags/example_task_group_decorator.py
[2023-05-27T14:45:30.392+0000] {processor.py:756} INFO - Processing file /home/airflow/.local/lib/python3.7/site-packages/airflow/example_dags/example_task_group_decorator.py for tasks to queue
[2023-05-27T14:45:30.392+0000] {logging_mixin.py:120} INFO - [2023-05-27T14:45:30.392+0000] {dagbag.py:537} INFO - Filling up the DagBag from /home/airflow/.local/lib/python3.7/site-packages/airflow/example_dags/example_task_group_decorator.py
[2023-05-27T14:45:30.459+0000] {processor.py:766} INFO - DAG(s) dict_keys(['example_task_group_decorator']) retrieved from /home/airflow/.local/lib/python3.7/site-packages/airflow/example_dags/example_task_group_decorator.py
[2023-05-27T14:45:30.519+0000] {logging_mixin.py:120} INFO - [2023-05-27T14:45:30.518+0000] {dag.py:2585} INFO - Sync 1 DAGs
[2023-05-27T14:45:30.556+0000] {logging_mixin.py:120} INFO - [2023-05-27T14:45:30.556+0000] {dag.py:3340} INFO - Setting next_dagrun for example_task_group_decorator to 2023-05-26T14:45:30.555771+00:00, run_after=2023-05-27T14:45:30.555771+00:00
[2023-05-27T14:45:30.578+0000] {processor.py:176} INFO - Processing /home/airflow/.local/lib/python3.7/site-packages/airflow/example_dags/example_task_group_decorator.py took 0.192 seconds
[2023-05-27T14:46:00.719+0000] {processor.py:154} INFO - Started process (PID=921) to work on /home/airflow/.local/lib/python3.7/site-packages/airflow/example_dags/example_task_group_decorator.py
[2023-05-27T14:46:00.729+0000] {processor.py:756} INFO - Processing file /home/airflow/.local/lib/python3.7/site-packages/airflow/example_dags/example_task_group_decorator.py for tasks to queue
[2023-05-27T14:46:00.737+0000] {logging_mixin.py:120} INFO - [2023-05-27T14:46:00.737+0000] {dagbag.py:537} INFO - Filling up the DagBag from /home/airflow/.local/lib/python3.7/site-packages/airflow/example_dags/example_task_group_decorator.py
[2023-05-27T14:46:00.795+0000] {processor.py:766} INFO - DAG(s) dict_keys(['example_task_group_decorator']) retrieved from /home/airflow/.local/lib/python3.7/site-packages/airflow/example_dags/example_task_group_decorator.py
[2023-05-27T14:46:00.874+0000] {logging_mixin.py:120} INFO - [2023-05-27T14:46:00.874+0000] {dag.py:2585} INFO - Sync 1 DAGs
[2023-05-27T14:46:00.950+0000] {logging_mixin.py:120} INFO - [2023-05-27T14:46:00.950+0000] {dag.py:3340} INFO - Setting next_dagrun for example_task_group_decorator to 2023-05-26T14:46:00.947359+00:00, run_after=2023-05-27T14:46:00.947359+00:00
[2023-05-27T14:46:01.008+0000] {processor.py:176} INFO - Processing /home/airflow/.local/lib/python3.7/site-packages/airflow/example_dags/example_task_group_decorator.py took 0.298 seconds
[2023-05-27T14:46:31.348+0000] {processor.py:154} INFO - Started process (PID=975) to work on /home/airflow/.local/lib/python3.7/site-packages/airflow/example_dags/example_task_group_decorator.py
[2023-05-27T14:46:31.358+0000] {processor.py:756} INFO - Processing file /home/airflow/.local/lib/python3.7/site-packages/airflow/example_dags/example_task_group_decorator.py for tasks to queue
[2023-05-27T14:46:31.364+0000] {logging_mixin.py:120} INFO - [2023-05-27T14:46:31.363+0000] {dagbag.py:537} INFO - Filling up the DagBag from /home/airflow/.local/lib/python3.7/site-packages/airflow/example_dags/example_task_group_decorator.py
[2023-05-27T14:46:31.478+0000] {processor.py:766} INFO - DAG(s) dict_keys(['example_task_group_decorator']) retrieved from /home/airflow/.local/lib/python3.7/site-packages/airflow/example_dags/example_task_group_decorator.py
[2023-05-27T14:46:31.573+0000] {logging_mixin.py:120} INFO - [2023-05-27T14:46:31.573+0000] {dag.py:2585} INFO - Sync 1 DAGs
[2023-05-27T14:46:31.605+0000] {logging_mixin.py:120} INFO - [2023-05-27T14:46:31.605+0000] {dag.py:3340} INFO - Setting next_dagrun for example_task_group_decorator to 2023-05-26T14:46:31.605188+00:00, run_after=2023-05-27T14:46:31.605188+00:00
[2023-05-27T14:46:31.627+0000] {processor.py:176} INFO - Processing /home/airflow/.local/lib/python3.7/site-packages/airflow/example_dags/example_task_group_decorator.py took 0.284 seconds
[2023-05-27T14:47:01.851+0000] {processor.py:154} INFO - Started process (PID=1029) to work on /home/airflow/.local/lib/python3.7/site-packages/airflow/example_dags/example_task_group_decorator.py
[2023-05-27T14:47:01.853+0000] {processor.py:756} INFO - Processing file /home/airflow/.local/lib/python3.7/site-packages/airflow/example_dags/example_task_group_decorator.py for tasks to queue
[2023-05-27T14:47:01.854+0000] {logging_mixin.py:120} INFO - [2023-05-27T14:47:01.854+0000] {dagbag.py:537} INFO - Filling up the DagBag from /home/airflow/.local/lib/python3.7/site-packages/airflow/example_dags/example_task_group_decorator.py
[2023-05-27T14:47:01.922+0000] {processor.py:766} INFO - DAG(s) dict_keys(['example_task_group_decorator']) retrieved from /home/airflow/.local/lib/python3.7/site-packages/airflow/example_dags/example_task_group_decorator.py
[2023-05-27T14:47:01.982+0000] {logging_mixin.py:120} INFO - [2023-05-27T14:47:01.982+0000] {dag.py:2585} INFO - Sync 1 DAGs
[2023-05-27T14:47:02.040+0000] {logging_mixin.py:120} INFO - [2023-05-27T14:47:02.040+0000] {dag.py:3340} INFO - Setting next_dagrun for example_task_group_decorator to 2023-05-26T14:47:02.040034+00:00, run_after=2023-05-27T14:47:02.040034+00:00
[2023-05-27T14:47:02.078+0000] {processor.py:176} INFO - Processing /home/airflow/.local/lib/python3.7/site-packages/airflow/example_dags/example_task_group_decorator.py took 0.232 seconds
[2023-05-27T14:47:32.753+0000] {processor.py:154} INFO - Started process (PID=1093) to work on /home/airflow/.local/lib/python3.7/site-packages/airflow/example_dags/example_task_group_decorator.py
[2023-05-27T14:47:32.758+0000] {processor.py:756} INFO - Processing file /home/airflow/.local/lib/python3.7/site-packages/airflow/example_dags/example_task_group_decorator.py for tasks to queue
[2023-05-27T14:47:32.759+0000] {logging_mixin.py:120} INFO - [2023-05-27T14:47:32.759+0000] {dagbag.py:537} INFO - Filling up the DagBag from /home/airflow/.local/lib/python3.7/site-packages/airflow/example_dags/example_task_group_decorator.py
[2023-05-27T14:47:32.864+0000] {processor.py:766} INFO - DAG(s) dict_keys(['example_task_group_decorator']) retrieved from /home/airflow/.local/lib/python3.7/site-packages/airflow/example_dags/example_task_group_decorator.py
[2023-05-27T14:47:32.970+0000] {logging_mixin.py:120} INFO - [2023-05-27T14:47:32.969+0000] {dag.py:2585} INFO - Sync 1 DAGs
[2023-05-27T14:47:33.003+0000] {logging_mixin.py:120} INFO - [2023-05-27T14:47:33.003+0000] {dag.py:3340} INFO - Setting next_dagrun for example_task_group_decorator to 2023-05-26T14:47:33.003401+00:00, run_after=2023-05-27T14:47:33.003401+00:00
[2023-05-27T14:47:33.027+0000] {processor.py:176} INFO - Processing /home/airflow/.local/lib/python3.7/site-packages/airflow/example_dags/example_task_group_decorator.py took 0.285 seconds
[2023-05-27T14:48:03.411+0000] {processor.py:154} INFO - Started process (PID=1147) to work on /home/airflow/.local/lib/python3.7/site-packages/airflow/example_dags/example_task_group_decorator.py
[2023-05-27T14:48:03.413+0000] {processor.py:756} INFO - Processing file /home/airflow/.local/lib/python3.7/site-packages/airflow/example_dags/example_task_group_decorator.py for tasks to queue
[2023-05-27T14:48:03.414+0000] {logging_mixin.py:120} INFO - [2023-05-27T14:48:03.414+0000] {dagbag.py:537} INFO - Filling up the DagBag from /home/airflow/.local/lib/python3.7/site-packages/airflow/example_dags/example_task_group_decorator.py
[2023-05-27T14:48:03.473+0000] {processor.py:766} INFO - DAG(s) dict_keys(['example_task_group_decorator']) retrieved from /home/airflow/.local/lib/python3.7/site-packages/airflow/example_dags/example_task_group_decorator.py
[2023-05-27T14:48:03.544+0000] {logging_mixin.py:120} INFO - [2023-05-27T14:48:03.543+0000] {dag.py:2585} INFO - Sync 1 DAGs
[2023-05-27T14:48:03.583+0000] {logging_mixin.py:120} INFO - [2023-05-27T14:48:03.583+0000] {dag.py:3340} INFO - Setting next_dagrun for example_task_group_decorator to 2023-05-26T14:48:03.583149+00:00, run_after=2023-05-27T14:48:03.583149+00:00
[2023-05-27T14:48:03.606+0000] {processor.py:176} INFO - Processing /home/airflow/.local/lib/python3.7/site-packages/airflow/example_dags/example_task_group_decorator.py took 0.200 seconds
[2023-05-27T14:48:34.074+0000] {processor.py:154} INFO - Started process (PID=1209) to work on /home/airflow/.local/lib/python3.7/site-packages/airflow/example_dags/example_task_group_decorator.py
[2023-05-27T14:48:34.091+0000] {processor.py:756} INFO - Processing file /home/airflow/.local/lib/python3.7/site-packages/airflow/example_dags/example_task_group_decorator.py for tasks to queue
[2023-05-27T14:48:34.092+0000] {logging_mixin.py:120} INFO - [2023-05-27T14:48:34.092+0000] {dagbag.py:537} INFO - Filling up the DagBag from /home/airflow/.local/lib/python3.7/site-packages/airflow/example_dags/example_task_group_decorator.py
[2023-05-27T14:48:34.138+0000] {processor.py:766} INFO - DAG(s) dict_keys(['example_task_group_decorator']) retrieved from /home/airflow/.local/lib/python3.7/site-packages/airflow/example_dags/example_task_group_decorator.py
[2023-05-27T14:48:34.217+0000] {logging_mixin.py:120} INFO - [2023-05-27T14:48:34.217+0000] {dag.py:2585} INFO - Sync 1 DAGs
[2023-05-27T14:48:34.279+0000] {logging_mixin.py:120} INFO - [2023-05-27T14:48:34.279+0000] {dag.py:3340} INFO - Setting next_dagrun for example_task_group_decorator to 2023-05-26T14:48:34.278884+00:00, run_after=2023-05-27T14:48:34.278884+00:00
[2023-05-27T14:48:34.300+0000] {processor.py:176} INFO - Processing /home/airflow/.local/lib/python3.7/site-packages/airflow/example_dags/example_task_group_decorator.py took 0.239 seconds
[2023-05-27T14:49:04.455+0000] {processor.py:154} INFO - Started process (PID=1263) to work on /home/airflow/.local/lib/python3.7/site-packages/airflow/example_dags/example_task_group_decorator.py
[2023-05-27T14:49:04.458+0000] {processor.py:756} INFO - Processing file /home/airflow/.local/lib/python3.7/site-packages/airflow/example_dags/example_task_group_decorator.py for tasks to queue
[2023-05-27T14:49:04.459+0000] {logging_mixin.py:120} INFO - [2023-05-27T14:49:04.459+0000] {dagbag.py:537} INFO - Filling up the DagBag from /home/airflow/.local/lib/python3.7/site-packages/airflow/example_dags/example_task_group_decorator.py
[2023-05-27T14:49:04.507+0000] {processor.py:766} INFO - DAG(s) dict_keys(['example_task_group_decorator']) retrieved from /home/airflow/.local/lib/python3.7/site-packages/airflow/example_dags/example_task_group_decorator.py
[2023-05-27T14:49:04.558+0000] {logging_mixin.py:120} INFO - [2023-05-27T14:49:04.558+0000] {dag.py:2585} INFO - Sync 1 DAGs
[2023-05-27T14:49:04.590+0000] {logging_mixin.py:120} INFO - [2023-05-27T14:49:04.589+0000] {dag.py:3340} INFO - Setting next_dagrun for example_task_group_decorator to 2023-05-26T14:49:04.589537+00:00, run_after=2023-05-27T14:49:04.589537+00:00
[2023-05-27T14:49:04.614+0000] {processor.py:176} INFO - Processing /home/airflow/.local/lib/python3.7/site-packages/airflow/example_dags/example_task_group_decorator.py took 0.163 seconds
[2023-05-27T14:49:34.943+0000] {processor.py:154} INFO - Started process (PID=1326) to work on /home/airflow/.local/lib/python3.7/site-packages/airflow/example_dags/example_task_group_decorator.py
[2023-05-27T14:49:34.946+0000] {processor.py:756} INFO - Processing file /home/airflow/.local/lib/python3.7/site-packages/airflow/example_dags/example_task_group_decorator.py for tasks to queue
[2023-05-27T14:49:34.947+0000] {logging_mixin.py:120} INFO - [2023-05-27T14:49:34.947+0000] {dagbag.py:537} INFO - Filling up the DagBag from /home/airflow/.local/lib/python3.7/site-packages/airflow/example_dags/example_task_group_decorator.py
[2023-05-27T14:49:35.031+0000] {processor.py:766} INFO - DAG(s) dict_keys(['example_task_group_decorator']) retrieved from /home/airflow/.local/lib/python3.7/site-packages/airflow/example_dags/example_task_group_decorator.py
[2023-05-27T14:49:35.095+0000] {logging_mixin.py:120} INFO - [2023-05-27T14:49:35.094+0000] {dag.py:2585} INFO - Sync 1 DAGs
[2023-05-27T14:49:35.134+0000] {logging_mixin.py:120} INFO - [2023-05-27T14:49:35.133+0000] {dag.py:3340} INFO - Setting next_dagrun for example_task_group_decorator to 2023-05-26T14:49:35.133516+00:00, run_after=2023-05-27T14:49:35.133516+00:00
[2023-05-27T14:49:35.155+0000] {processor.py:176} INFO - Processing /home/airflow/.local/lib/python3.7/site-packages/airflow/example_dags/example_task_group_decorator.py took 0.215 seconds
[2023-05-27T14:50:05.606+0000] {processor.py:154} INFO - Started process (PID=1382) to work on /home/airflow/.local/lib/python3.7/site-packages/airflow/example_dags/example_task_group_decorator.py
[2023-05-27T14:50:05.608+0000] {processor.py:756} INFO - Processing file /home/airflow/.local/lib/python3.7/site-packages/airflow/example_dags/example_task_group_decorator.py for tasks to queue
[2023-05-27T14:50:05.609+0000] {logging_mixin.py:120} INFO - [2023-05-27T14:50:05.609+0000] {dagbag.py:537} INFO - Filling up the DagBag from /home/airflow/.local/lib/python3.7/site-packages/airflow/example_dags/example_task_group_decorator.py
[2023-05-27T14:50:05.671+0000] {processor.py:766} INFO - DAG(s) dict_keys(['example_task_group_decorator']) retrieved from /home/airflow/.local/lib/python3.7/site-packages/airflow/example_dags/example_task_group_decorator.py
[2023-05-27T14:50:05.853+0000] {logging_mixin.py:120} INFO - [2023-05-27T14:50:05.853+0000] {dag.py:2585} INFO - Sync 1 DAGs
[2023-05-27T14:50:05.901+0000] {logging_mixin.py:120} INFO - [2023-05-27T14:50:05.901+0000] {dag.py:3340} INFO - Setting next_dagrun for example_task_group_decorator to 2023-05-26T14:50:05.901312+00:00, run_after=2023-05-27T14:50:05.901312+00:00
[2023-05-27T14:50:05.930+0000] {processor.py:176} INFO - Processing /home/airflow/.local/lib/python3.7/site-packages/airflow/example_dags/example_task_group_decorator.py took 0.328 seconds
[2023-05-27T14:50:36.969+0000] {processor.py:154} INFO - Started process (PID=1445) to work on /home/airflow/.local/lib/python3.7/site-packages/airflow/example_dags/example_task_group_decorator.py
[2023-05-27T14:50:36.973+0000] {processor.py:756} INFO - Processing file /home/airflow/.local/lib/python3.7/site-packages/airflow/example_dags/example_task_group_decorator.py for tasks to queue
[2023-05-27T14:50:36.974+0000] {logging_mixin.py:120} INFO - [2023-05-27T14:50:36.974+0000] {dagbag.py:537} INFO - Filling up the DagBag from /home/airflow/.local/lib/python3.7/site-packages/airflow/example_dags/example_task_group_decorator.py
[2023-05-27T14:50:37.039+0000] {processor.py:766} INFO - DAG(s) dict_keys(['example_task_group_decorator']) retrieved from /home/airflow/.local/lib/python3.7/site-packages/airflow/example_dags/example_task_group_decorator.py
[2023-05-27T14:50:37.108+0000] {logging_mixin.py:120} INFO - [2023-05-27T14:50:37.108+0000] {dag.py:2585} INFO - Sync 1 DAGs
[2023-05-27T14:50:37.143+0000] {logging_mixin.py:120} INFO - [2023-05-27T14:50:37.143+0000] {dag.py:3340} INFO - Setting next_dagrun for example_task_group_decorator to 2023-05-26T14:50:37.143346+00:00, run_after=2023-05-27T14:50:37.143346+00:00
[2023-05-27T14:50:37.175+0000] {processor.py:176} INFO - Processing /home/airflow/.local/lib/python3.7/site-packages/airflow/example_dags/example_task_group_decorator.py took 0.210 seconds
[2023-05-27T14:51:14.142+0000] {processor.py:154} INFO - Started process (PID=1499) to work on /home/airflow/.local/lib/python3.7/site-packages/airflow/example_dags/example_task_group_decorator.py
[2023-05-27T14:51:14.145+0000] {processor.py:756} INFO - Processing file /home/airflow/.local/lib/python3.7/site-packages/airflow/example_dags/example_task_group_decorator.py for tasks to queue
[2023-05-27T14:51:14.146+0000] {logging_mixin.py:120} INFO - [2023-05-27T14:51:14.146+0000] {dagbag.py:537} INFO - Filling up the DagBag from /home/airflow/.local/lib/python3.7/site-packages/airflow/example_dags/example_task_group_decorator.py
[2023-05-27T14:51:14.201+0000] {processor.py:766} INFO - DAG(s) dict_keys(['example_task_group_decorator']) retrieved from /home/airflow/.local/lib/python3.7/site-packages/airflow/example_dags/example_task_group_decorator.py
[2023-05-27T14:51:14.254+0000] {logging_mixin.py:120} INFO - [2023-05-27T14:51:14.254+0000] {dag.py:2585} INFO - Sync 1 DAGs
[2023-05-27T14:51:14.292+0000] {logging_mixin.py:120} INFO - [2023-05-27T14:51:14.292+0000] {dag.py:3340} INFO - Setting next_dagrun for example_task_group_decorator to 2023-05-26T14:51:14.292265+00:00, run_after=2023-05-27T14:51:14.292265+00:00
[2023-05-27T14:51:14.328+0000] {processor.py:176} INFO - Processing /home/airflow/.local/lib/python3.7/site-packages/airflow/example_dags/example_task_group_decorator.py took 0.192 seconds
[2023-05-27T14:51:44.564+0000] {processor.py:154} INFO - Started process (PID=1553) to work on /home/airflow/.local/lib/python3.7/site-packages/airflow/example_dags/example_task_group_decorator.py
[2023-05-27T14:51:44.566+0000] {processor.py:756} INFO - Processing file /home/airflow/.local/lib/python3.7/site-packages/airflow/example_dags/example_task_group_decorator.py for tasks to queue
[2023-05-27T14:51:44.567+0000] {logging_mixin.py:120} INFO - [2023-05-27T14:51:44.567+0000] {dagbag.py:537} INFO - Filling up the DagBag from /home/airflow/.local/lib/python3.7/site-packages/airflow/example_dags/example_task_group_decorator.py
[2023-05-27T14:51:44.614+0000] {processor.py:766} INFO - DAG(s) dict_keys(['example_task_group_decorator']) retrieved from /home/airflow/.local/lib/python3.7/site-packages/airflow/example_dags/example_task_group_decorator.py
[2023-05-27T14:51:44.671+0000] {logging_mixin.py:120} INFO - [2023-05-27T14:51:44.670+0000] {dag.py:2585} INFO - Sync 1 DAGs
[2023-05-27T14:51:44.704+0000] {logging_mixin.py:120} INFO - [2023-05-27T14:51:44.704+0000] {dag.py:3340} INFO - Setting next_dagrun for example_task_group_decorator to 2023-05-26T14:51:44.704286+00:00, run_after=2023-05-27T14:51:44.704286+00:00
[2023-05-27T14:51:44.737+0000] {processor.py:176} INFO - Processing /home/airflow/.local/lib/python3.7/site-packages/airflow/example_dags/example_task_group_decorator.py took 0.177 seconds
[2023-05-27T14:52:15.231+0000] {processor.py:154} INFO - Started process (PID=1616) to work on /home/airflow/.local/lib/python3.7/site-packages/airflow/example_dags/example_task_group_decorator.py
[2023-05-27T14:52:15.234+0000] {processor.py:756} INFO - Processing file /home/airflow/.local/lib/python3.7/site-packages/airflow/example_dags/example_task_group_decorator.py for tasks to queue
[2023-05-27T14:52:15.234+0000] {logging_mixin.py:120} INFO - [2023-05-27T14:52:15.234+0000] {dagbag.py:537} INFO - Filling up the DagBag from /home/airflow/.local/lib/python3.7/site-packages/airflow/example_dags/example_task_group_decorator.py
[2023-05-27T14:52:15.283+0000] {processor.py:766} INFO - DAG(s) dict_keys(['example_task_group_decorator']) retrieved from /home/airflow/.local/lib/python3.7/site-packages/airflow/example_dags/example_task_group_decorator.py
[2023-05-27T14:52:15.394+0000] {logging_mixin.py:120} INFO - [2023-05-27T14:52:15.394+0000] {dag.py:2585} INFO - Sync 1 DAGs
[2023-05-27T14:52:15.426+0000] {logging_mixin.py:120} INFO - [2023-05-27T14:52:15.426+0000] {dag.py:3340} INFO - Setting next_dagrun for example_task_group_decorator to 2023-05-26T14:52:15.426127+00:00, run_after=2023-05-27T14:52:15.426127+00:00
[2023-05-27T14:52:15.449+0000] {processor.py:176} INFO - Processing /home/airflow/.local/lib/python3.7/site-packages/airflow/example_dags/example_task_group_decorator.py took 0.222 seconds
[2023-05-27T14:52:46.083+0000] {processor.py:154} INFO - Started process (PID=1668) to work on /home/airflow/.local/lib/python3.7/site-packages/airflow/example_dags/example_task_group_decorator.py
[2023-05-27T14:52:46.087+0000] {processor.py:756} INFO - Processing file /home/airflow/.local/lib/python3.7/site-packages/airflow/example_dags/example_task_group_decorator.py for tasks to queue
[2023-05-27T14:52:46.088+0000] {logging_mixin.py:120} INFO - [2023-05-27T14:52:46.088+0000] {dagbag.py:537} INFO - Filling up the DagBag from /home/airflow/.local/lib/python3.7/site-packages/airflow/example_dags/example_task_group_decorator.py
[2023-05-27T14:52:46.176+0000] {processor.py:766} INFO - DAG(s) dict_keys(['example_task_group_decorator']) retrieved from /home/airflow/.local/lib/python3.7/site-packages/airflow/example_dags/example_task_group_decorator.py
[2023-05-27T14:52:46.245+0000] {logging_mixin.py:120} INFO - [2023-05-27T14:52:46.245+0000] {dag.py:2585} INFO - Sync 1 DAGs
[2023-05-27T14:52:46.319+0000] {logging_mixin.py:120} INFO - [2023-05-27T14:52:46.319+0000] {dag.py:3340} INFO - Setting next_dagrun for example_task_group_decorator to 2023-05-26T14:52:46.318854+00:00, run_after=2023-05-27T14:52:46.318854+00:00
[2023-05-27T14:52:46.434+0000] {processor.py:176} INFO - Processing /home/airflow/.local/lib/python3.7/site-packages/airflow/example_dags/example_task_group_decorator.py took 0.355 seconds
[2023-05-27T14:53:17.409+0000] {processor.py:154} INFO - Started process (PID=1722) to work on /home/airflow/.local/lib/python3.7/site-packages/airflow/example_dags/example_task_group_decorator.py
[2023-05-27T14:53:17.412+0000] {processor.py:756} INFO - Processing file /home/airflow/.local/lib/python3.7/site-packages/airflow/example_dags/example_task_group_decorator.py for tasks to queue
[2023-05-27T14:53:17.412+0000] {logging_mixin.py:120} INFO - [2023-05-27T14:53:17.412+0000] {dagbag.py:537} INFO - Filling up the DagBag from /home/airflow/.local/lib/python3.7/site-packages/airflow/example_dags/example_task_group_decorator.py
[2023-05-27T14:53:17.477+0000] {processor.py:766} INFO - DAG(s) dict_keys(['example_task_group_decorator']) retrieved from /home/airflow/.local/lib/python3.7/site-packages/airflow/example_dags/example_task_group_decorator.py
[2023-05-27T14:53:17.529+0000] {logging_mixin.py:120} INFO - [2023-05-27T14:53:17.529+0000] {dag.py:2585} INFO - Sync 1 DAGs
[2023-05-27T14:53:17.562+0000] {logging_mixin.py:120} INFO - [2023-05-27T14:53:17.562+0000] {dag.py:3340} INFO - Setting next_dagrun for example_task_group_decorator to 2023-05-26T14:53:17.562054+00:00, run_after=2023-05-27T14:53:17.562054+00:00
[2023-05-27T14:53:17.591+0000] {processor.py:176} INFO - Processing /home/airflow/.local/lib/python3.7/site-packages/airflow/example_dags/example_task_group_decorator.py took 0.188 seconds
