[2023-05-27T14:38:33.946+0000] {processor.py:154} INFO - Started process (PID=77) to work on /home/airflow/.local/lib/python3.7/site-packages/airflow/example_dags/example_branch_labels.py
[2023-05-27T14:38:33.947+0000] {processor.py:756} INFO - Processing file /home/airflow/.local/lib/python3.7/site-packages/airflow/example_dags/example_branch_labels.py for tasks to queue
[2023-05-27T14:38:33.952+0000] {logging_mixin.py:120} INFO - [2023-05-27T14:38:33.952+0000] {dagbag.py:537} INFO - Filling up the DagBag from /home/airflow/.local/lib/python3.7/site-packages/airflow/example_dags/example_branch_labels.py
[2023-05-27T14:38:34.016+0000] {processor.py:766} INFO - DAG(s) dict_keys(['example_branch_labels']) retrieved from /home/airflow/.local/lib/python3.7/site-packages/airflow/example_dags/example_branch_labels.py
[2023-05-27T14:38:34.460+0000] {logging_mixin.py:120} INFO - [2023-05-27T14:38:34.459+0000] {manager.py:507} INFO - Created Permission View: can read on DAG:example_branch_labels
[2023-05-27T14:38:34.501+0000] {logging_mixin.py:120} INFO - [2023-05-27T14:38:34.501+0000] {manager.py:507} INFO - Created Permission View: can edit on DAG:example_branch_labels
[2023-05-27T14:38:34.520+0000] {logging_mixin.py:120} INFO - [2023-05-27T14:38:34.520+0000] {manager.py:507} INFO - Created Permission View: can delete on DAG:example_branch_labels
[2023-05-27T14:38:34.521+0000] {logging_mixin.py:120} INFO - [2023-05-27T14:38:34.521+0000] {dag.py:2585} INFO - Sync 1 DAGs
[2023-05-27T14:38:34.551+0000] {logging_mixin.py:120} INFO - [2023-05-27T14:38:34.550+0000] {dag.py:2606} INFO - Creating ORM DAG for example_branch_labels
[2023-05-27T14:38:34.594+0000] {logging_mixin.py:120} INFO - [2023-05-27T14:38:34.594+0000] {dag.py:3340} INFO - Setting next_dagrun for example_branch_labels to 2023-05-26T00:00:00+00:00, run_after=2023-05-27T00:00:00+00:00
[2023-05-27T14:38:34.638+0000] {processor.py:176} INFO - Processing /home/airflow/.local/lib/python3.7/site-packages/airflow/example_dags/example_branch_labels.py took 0.716 seconds
[2023-05-27T14:39:05.210+0000] {processor.py:154} INFO - Started process (PID=140) to work on /home/airflow/.local/lib/python3.7/site-packages/airflow/example_dags/example_branch_labels.py
[2023-05-27T14:39:05.219+0000] {processor.py:756} INFO - Processing file /home/airflow/.local/lib/python3.7/site-packages/airflow/example_dags/example_branch_labels.py for tasks to queue
[2023-05-27T14:39:05.220+0000] {logging_mixin.py:120} INFO - [2023-05-27T14:39:05.219+0000] {dagbag.py:537} INFO - Filling up the DagBag from /home/airflow/.local/lib/python3.7/site-packages/airflow/example_dags/example_branch_labels.py
[2023-05-27T14:39:05.245+0000] {processor.py:766} INFO - DAG(s) dict_keys(['example_branch_labels']) retrieved from /home/airflow/.local/lib/python3.7/site-packages/airflow/example_dags/example_branch_labels.py
[2023-05-27T14:39:05.296+0000] {logging_mixin.py:120} INFO - [2023-05-27T14:39:05.296+0000] {dag.py:2585} INFO - Sync 1 DAGs
[2023-05-27T14:39:05.331+0000] {logging_mixin.py:120} INFO - [2023-05-27T14:39:05.331+0000] {dag.py:3340} INFO - Setting next_dagrun for example_branch_labels to 2023-05-26T00:00:00+00:00, run_after=2023-05-27T00:00:00+00:00
[2023-05-27T14:39:05.381+0000] {processor.py:176} INFO - Processing /home/airflow/.local/lib/python3.7/site-packages/airflow/example_dags/example_branch_labels.py took 0.178 seconds
[2023-05-27T14:39:35.789+0000] {processor.py:154} INFO - Started process (PID=196) to work on /home/airflow/.local/lib/python3.7/site-packages/airflow/example_dags/example_branch_labels.py
[2023-05-27T14:39:35.790+0000] {processor.py:756} INFO - Processing file /home/airflow/.local/lib/python3.7/site-packages/airflow/example_dags/example_branch_labels.py for tasks to queue
[2023-05-27T14:39:35.791+0000] {logging_mixin.py:120} INFO - [2023-05-27T14:39:35.791+0000] {dagbag.py:537} INFO - Filling up the DagBag from /home/airflow/.local/lib/python3.7/site-packages/airflow/example_dags/example_branch_labels.py
[2023-05-27T14:39:35.818+0000] {processor.py:766} INFO - DAG(s) dict_keys(['example_branch_labels']) retrieved from /home/airflow/.local/lib/python3.7/site-packages/airflow/example_dags/example_branch_labels.py
[2023-05-27T14:39:35.940+0000] {logging_mixin.py:120} INFO - [2023-05-27T14:39:35.940+0000] {dag.py:2585} INFO - Sync 1 DAGs
[2023-05-27T14:39:36.026+0000] {logging_mixin.py:120} INFO - [2023-05-27T14:39:36.026+0000] {dag.py:3340} INFO - Setting next_dagrun for example_branch_labels to 2023-05-26T00:00:00+00:00, run_after=2023-05-27T00:00:00+00:00
[2023-05-27T14:39:36.094+0000] {processor.py:176} INFO - Processing /home/airflow/.local/lib/python3.7/site-packages/airflow/example_dags/example_branch_labels.py took 0.309 seconds
[2023-05-27T14:40:06.217+0000] {processor.py:154} INFO - Started process (PID=258) to work on /home/airflow/.local/lib/python3.7/site-packages/airflow/example_dags/example_branch_labels.py
[2023-05-27T14:40:06.219+0000] {processor.py:756} INFO - Processing file /home/airflow/.local/lib/python3.7/site-packages/airflow/example_dags/example_branch_labels.py for tasks to queue
[2023-05-27T14:40:06.220+0000] {logging_mixin.py:120} INFO - [2023-05-27T14:40:06.220+0000] {dagbag.py:537} INFO - Filling up the DagBag from /home/airflow/.local/lib/python3.7/site-packages/airflow/example_dags/example_branch_labels.py
[2023-05-27T14:40:06.268+0000] {processor.py:766} INFO - DAG(s) dict_keys(['example_branch_labels']) retrieved from /home/airflow/.local/lib/python3.7/site-packages/airflow/example_dags/example_branch_labels.py
[2023-05-27T14:40:06.379+0000] {logging_mixin.py:120} INFO - [2023-05-27T14:40:06.379+0000] {dag.py:2585} INFO - Sync 1 DAGs
[2023-05-27T14:40:06.441+0000] {logging_mixin.py:120} INFO - [2023-05-27T14:40:06.441+0000] {dag.py:3340} INFO - Setting next_dagrun for example_branch_labels to 2023-05-26T00:00:00+00:00, run_after=2023-05-27T00:00:00+00:00
[2023-05-27T14:40:06.467+0000] {processor.py:176} INFO - Processing /home/airflow/.local/lib/python3.7/site-packages/airflow/example_dags/example_branch_labels.py took 0.258 seconds
[2023-05-27T14:40:36.631+0000] {processor.py:154} INFO - Started process (PID=312) to work on /home/airflow/.local/lib/python3.7/site-packages/airflow/example_dags/example_branch_labels.py
[2023-05-27T14:40:36.640+0000] {processor.py:756} INFO - Processing file /home/airflow/.local/lib/python3.7/site-packages/airflow/example_dags/example_branch_labels.py for tasks to queue
[2023-05-27T14:40:36.640+0000] {logging_mixin.py:120} INFO - [2023-05-27T14:40:36.640+0000] {dagbag.py:537} INFO - Filling up the DagBag from /home/airflow/.local/lib/python3.7/site-packages/airflow/example_dags/example_branch_labels.py
[2023-05-27T14:40:36.661+0000] {processor.py:766} INFO - DAG(s) dict_keys(['example_branch_labels']) retrieved from /home/airflow/.local/lib/python3.7/site-packages/airflow/example_dags/example_branch_labels.py
[2023-05-27T14:40:36.774+0000] {logging_mixin.py:120} INFO - [2023-05-27T14:40:36.773+0000] {dag.py:2585} INFO - Sync 1 DAGs
[2023-05-27T14:40:36.817+0000] {logging_mixin.py:120} INFO - [2023-05-27T14:40:36.817+0000] {dag.py:3340} INFO - Setting next_dagrun for example_branch_labels to 2023-05-26T00:00:00+00:00, run_after=2023-05-27T00:00:00+00:00
[2023-05-27T14:40:36.853+0000] {processor.py:176} INFO - Processing /home/airflow/.local/lib/python3.7/site-packages/airflow/example_dags/example_branch_labels.py took 0.226 seconds
[2023-05-27T14:41:07.510+0000] {processor.py:154} INFO - Started process (PID=374) to work on /home/airflow/.local/lib/python3.7/site-packages/airflow/example_dags/example_branch_labels.py
[2023-05-27T14:41:07.511+0000] {processor.py:756} INFO - Processing file /home/airflow/.local/lib/python3.7/site-packages/airflow/example_dags/example_branch_labels.py for tasks to queue
[2023-05-27T14:41:07.512+0000] {logging_mixin.py:120} INFO - [2023-05-27T14:41:07.512+0000] {dagbag.py:537} INFO - Filling up the DagBag from /home/airflow/.local/lib/python3.7/site-packages/airflow/example_dags/example_branch_labels.py
[2023-05-27T14:41:07.573+0000] {processor.py:766} INFO - DAG(s) dict_keys(['example_branch_labels']) retrieved from /home/airflow/.local/lib/python3.7/site-packages/airflow/example_dags/example_branch_labels.py
[2023-05-27T14:41:07.701+0000] {logging_mixin.py:120} INFO - [2023-05-27T14:41:07.700+0000] {dag.py:2585} INFO - Sync 1 DAGs
[2023-05-27T14:41:07.757+0000] {logging_mixin.py:120} INFO - [2023-05-27T14:41:07.757+0000] {dag.py:3340} INFO - Setting next_dagrun for example_branch_labels to 2023-05-26T00:00:00+00:00, run_after=2023-05-27T00:00:00+00:00
[2023-05-27T14:41:07.797+0000] {processor.py:176} INFO - Processing /home/airflow/.local/lib/python3.7/site-packages/airflow/example_dags/example_branch_labels.py took 0.296 seconds
[2023-05-27T14:41:38.385+0000] {processor.py:154} INFO - Started process (PID=431) to work on /home/airflow/.local/lib/python3.7/site-packages/airflow/example_dags/example_branch_labels.py
[2023-05-27T14:41:38.386+0000] {processor.py:756} INFO - Processing file /home/airflow/.local/lib/python3.7/site-packages/airflow/example_dags/example_branch_labels.py for tasks to queue
[2023-05-27T14:41:38.387+0000] {logging_mixin.py:120} INFO - [2023-05-27T14:41:38.387+0000] {dagbag.py:537} INFO - Filling up the DagBag from /home/airflow/.local/lib/python3.7/site-packages/airflow/example_dags/example_branch_labels.py
[2023-05-27T14:41:38.425+0000] {processor.py:766} INFO - DAG(s) dict_keys(['example_branch_labels']) retrieved from /home/airflow/.local/lib/python3.7/site-packages/airflow/example_dags/example_branch_labels.py
[2023-05-27T14:41:38.492+0000] {logging_mixin.py:120} INFO - [2023-05-27T14:41:38.491+0000] {dag.py:2585} INFO - Sync 1 DAGs
[2023-05-27T14:41:38.526+0000] {logging_mixin.py:120} INFO - [2023-05-27T14:41:38.526+0000] {dag.py:3340} INFO - Setting next_dagrun for example_branch_labels to 2023-05-26T00:00:00+00:00, run_after=2023-05-27T00:00:00+00:00
[2023-05-27T14:41:38.573+0000] {processor.py:176} INFO - Processing /home/airflow/.local/lib/python3.7/site-packages/airflow/example_dags/example_branch_labels.py took 0.193 seconds
[2023-05-27T14:42:08.676+0000] {processor.py:154} INFO - Started process (PID=485) to work on /home/airflow/.local/lib/python3.7/site-packages/airflow/example_dags/example_branch_labels.py
[2023-05-27T14:42:08.677+0000] {processor.py:756} INFO - Processing file /home/airflow/.local/lib/python3.7/site-packages/airflow/example_dags/example_branch_labels.py for tasks to queue
[2023-05-27T14:42:08.678+0000] {logging_mixin.py:120} INFO - [2023-05-27T14:42:08.678+0000] {dagbag.py:537} INFO - Filling up the DagBag from /home/airflow/.local/lib/python3.7/site-packages/airflow/example_dags/example_branch_labels.py
[2023-05-27T14:42:08.699+0000] {processor.py:766} INFO - DAG(s) dict_keys(['example_branch_labels']) retrieved from /home/airflow/.local/lib/python3.7/site-packages/airflow/example_dags/example_branch_labels.py
[2023-05-27T14:42:08.750+0000] {logging_mixin.py:120} INFO - [2023-05-27T14:42:08.750+0000] {dag.py:2585} INFO - Sync 1 DAGs
[2023-05-27T14:42:08.792+0000] {logging_mixin.py:120} INFO - [2023-05-27T14:42:08.792+0000] {dag.py:3340} INFO - Setting next_dagrun for example_branch_labels to 2023-05-26T00:00:00+00:00, run_after=2023-05-27T00:00:00+00:00
[2023-05-27T14:42:08.839+0000] {processor.py:176} INFO - Processing /home/airflow/.local/lib/python3.7/site-packages/airflow/example_dags/example_branch_labels.py took 0.168 seconds
[2023-05-27T14:42:39.107+0000] {processor.py:154} INFO - Started process (PID=549) to work on /home/airflow/.local/lib/python3.7/site-packages/airflow/example_dags/example_branch_labels.py
[2023-05-27T14:42:39.110+0000] {processor.py:756} INFO - Processing file /home/airflow/.local/lib/python3.7/site-packages/airflow/example_dags/example_branch_labels.py for tasks to queue
[2023-05-27T14:42:39.110+0000] {logging_mixin.py:120} INFO - [2023-05-27T14:42:39.110+0000] {dagbag.py:537} INFO - Filling up the DagBag from /home/airflow/.local/lib/python3.7/site-packages/airflow/example_dags/example_branch_labels.py
[2023-05-27T14:42:39.144+0000] {processor.py:766} INFO - DAG(s) dict_keys(['example_branch_labels']) retrieved from /home/airflow/.local/lib/python3.7/site-packages/airflow/example_dags/example_branch_labels.py
[2023-05-27T14:42:39.206+0000] {logging_mixin.py:120} INFO - [2023-05-27T14:42:39.206+0000] {dag.py:2585} INFO - Sync 1 DAGs
[2023-05-27T14:42:39.248+0000] {logging_mixin.py:120} INFO - [2023-05-27T14:42:39.248+0000] {dag.py:3340} INFO - Setting next_dagrun for example_branch_labels to 2023-05-26T00:00:00+00:00, run_after=2023-05-27T00:00:00+00:00
[2023-05-27T14:42:39.268+0000] {processor.py:176} INFO - Processing /home/airflow/.local/lib/python3.7/site-packages/airflow/example_dags/example_branch_labels.py took 0.165 seconds
[2023-05-27T14:43:10.019+0000] {processor.py:154} INFO - Started process (PID=602) to work on /home/airflow/.local/lib/python3.7/site-packages/airflow/example_dags/example_branch_labels.py
[2023-05-27T14:43:10.023+0000] {processor.py:756} INFO - Processing file /home/airflow/.local/lib/python3.7/site-packages/airflow/example_dags/example_branch_labels.py for tasks to queue
[2023-05-27T14:43:10.027+0000] {logging_mixin.py:120} INFO - [2023-05-27T14:43:10.027+0000] {dagbag.py:537} INFO - Filling up the DagBag from /home/airflow/.local/lib/python3.7/site-packages/airflow/example_dags/example_branch_labels.py
[2023-05-27T14:43:10.059+0000] {processor.py:766} INFO - DAG(s) dict_keys(['example_branch_labels']) retrieved from /home/airflow/.local/lib/python3.7/site-packages/airflow/example_dags/example_branch_labels.py
[2023-05-27T14:43:10.196+0000] {logging_mixin.py:120} INFO - [2023-05-27T14:43:10.196+0000] {dag.py:2585} INFO - Sync 1 DAGs
[2023-05-27T14:43:10.229+0000] {logging_mixin.py:120} INFO - [2023-05-27T14:43:10.228+0000] {dag.py:3340} INFO - Setting next_dagrun for example_branch_labels to 2023-05-26T00:00:00+00:00, run_after=2023-05-27T00:00:00+00:00
[2023-05-27T14:43:10.250+0000] {processor.py:176} INFO - Processing /home/airflow/.local/lib/python3.7/site-packages/airflow/example_dags/example_branch_labels.py took 0.235 seconds
[2023-05-27T14:43:41.001+0000] {processor.py:154} INFO - Started process (PID=665) to work on /home/airflow/.local/lib/python3.7/site-packages/airflow/example_dags/example_branch_labels.py
[2023-05-27T14:43:41.003+0000] {processor.py:756} INFO - Processing file /home/airflow/.local/lib/python3.7/site-packages/airflow/example_dags/example_branch_labels.py for tasks to queue
[2023-05-27T14:43:41.010+0000] {logging_mixin.py:120} INFO - [2023-05-27T14:43:41.010+0000] {dagbag.py:537} INFO - Filling up the DagBag from /home/airflow/.local/lib/python3.7/site-packages/airflow/example_dags/example_branch_labels.py
[2023-05-27T14:43:41.044+0000] {processor.py:766} INFO - DAG(s) dict_keys(['example_branch_labels']) retrieved from /home/airflow/.local/lib/python3.7/site-packages/airflow/example_dags/example_branch_labels.py
[2023-05-27T14:43:41.114+0000] {logging_mixin.py:120} INFO - [2023-05-27T14:43:41.113+0000] {dag.py:2585} INFO - Sync 1 DAGs
[2023-05-27T14:43:41.151+0000] {logging_mixin.py:120} INFO - [2023-05-27T14:43:41.151+0000] {dag.py:3340} INFO - Setting next_dagrun for example_branch_labels to 2023-05-26T00:00:00+00:00, run_after=2023-05-27T00:00:00+00:00
[2023-05-27T14:43:41.178+0000] {processor.py:176} INFO - Processing /home/airflow/.local/lib/python3.7/site-packages/airflow/example_dags/example_branch_labels.py took 0.188 seconds
[2023-05-27T14:44:11.833+0000] {processor.py:154} INFO - Started process (PID=719) to work on /home/airflow/.local/lib/python3.7/site-packages/airflow/example_dags/example_branch_labels.py
[2023-05-27T14:44:11.835+0000] {processor.py:756} INFO - Processing file /home/airflow/.local/lib/python3.7/site-packages/airflow/example_dags/example_branch_labels.py for tasks to queue
[2023-05-27T14:44:11.837+0000] {logging_mixin.py:120} INFO - [2023-05-27T14:44:11.837+0000] {dagbag.py:537} INFO - Filling up the DagBag from /home/airflow/.local/lib/python3.7/site-packages/airflow/example_dags/example_branch_labels.py
[2023-05-27T14:44:11.858+0000] {processor.py:766} INFO - DAG(s) dict_keys(['example_branch_labels']) retrieved from /home/airflow/.local/lib/python3.7/site-packages/airflow/example_dags/example_branch_labels.py
[2023-05-27T14:44:11.914+0000] {logging_mixin.py:120} INFO - [2023-05-27T14:44:11.914+0000] {dag.py:2585} INFO - Sync 1 DAGs
[2023-05-27T14:44:11.948+0000] {logging_mixin.py:120} INFO - [2023-05-27T14:44:11.948+0000] {dag.py:3340} INFO - Setting next_dagrun for example_branch_labels to 2023-05-26T00:00:00+00:00, run_after=2023-05-27T00:00:00+00:00
[2023-05-27T14:44:11.983+0000] {processor.py:176} INFO - Processing /home/airflow/.local/lib/python3.7/site-packages/airflow/example_dags/example_branch_labels.py took 0.153 seconds
[2023-05-27T14:44:42.168+0000] {processor.py:154} INFO - Started process (PID=773) to work on /home/airflow/.local/lib/python3.7/site-packages/airflow/example_dags/example_branch_labels.py
[2023-05-27T14:44:42.170+0000] {processor.py:756} INFO - Processing file /home/airflow/.local/lib/python3.7/site-packages/airflow/example_dags/example_branch_labels.py for tasks to queue
[2023-05-27T14:44:42.171+0000] {logging_mixin.py:120} INFO - [2023-05-27T14:44:42.171+0000] {dagbag.py:537} INFO - Filling up the DagBag from /home/airflow/.local/lib/python3.7/site-packages/airflow/example_dags/example_branch_labels.py
[2023-05-27T14:44:42.190+0000] {processor.py:766} INFO - DAG(s) dict_keys(['example_branch_labels']) retrieved from /home/airflow/.local/lib/python3.7/site-packages/airflow/example_dags/example_branch_labels.py
[2023-05-27T14:44:42.241+0000] {logging_mixin.py:120} INFO - [2023-05-27T14:44:42.240+0000] {dag.py:2585} INFO - Sync 1 DAGs
[2023-05-27T14:44:42.274+0000] {logging_mixin.py:120} INFO - [2023-05-27T14:44:42.273+0000] {dag.py:3340} INFO - Setting next_dagrun for example_branch_labels to 2023-05-26T00:00:00+00:00, run_after=2023-05-27T00:00:00+00:00
[2023-05-27T14:44:42.295+0000] {processor.py:176} INFO - Processing /home/airflow/.local/lib/python3.7/site-packages/airflow/example_dags/example_branch_labels.py took 0.130 seconds
[2023-05-27T14:45:12.790+0000] {processor.py:154} INFO - Started process (PID=835) to work on /home/airflow/.local/lib/python3.7/site-packages/airflow/example_dags/example_branch_labels.py
[2023-05-27T14:45:12.796+0000] {processor.py:756} INFO - Processing file /home/airflow/.local/lib/python3.7/site-packages/airflow/example_dags/example_branch_labels.py for tasks to queue
[2023-05-27T14:45:12.797+0000] {logging_mixin.py:120} INFO - [2023-05-27T14:45:12.797+0000] {dagbag.py:537} INFO - Filling up the DagBag from /home/airflow/.local/lib/python3.7/site-packages/airflow/example_dags/example_branch_labels.py
[2023-05-27T14:45:12.825+0000] {processor.py:766} INFO - DAG(s) dict_keys(['example_branch_labels']) retrieved from /home/airflow/.local/lib/python3.7/site-packages/airflow/example_dags/example_branch_labels.py
[2023-05-27T14:45:12.877+0000] {logging_mixin.py:120} INFO - [2023-05-27T14:45:12.877+0000] {dag.py:2585} INFO - Sync 1 DAGs
[2023-05-27T14:45:12.912+0000] {logging_mixin.py:120} INFO - [2023-05-27T14:45:12.912+0000] {dag.py:3340} INFO - Setting next_dagrun for example_branch_labels to 2023-05-26T00:00:00+00:00, run_after=2023-05-27T00:00:00+00:00
[2023-05-27T14:45:12.935+0000] {processor.py:176} INFO - Processing /home/airflow/.local/lib/python3.7/site-packages/airflow/example_dags/example_branch_labels.py took 0.149 seconds
[2023-05-27T14:45:43.613+0000] {processor.py:154} INFO - Started process (PID=888) to work on /home/airflow/.local/lib/python3.7/site-packages/airflow/example_dags/example_branch_labels.py
[2023-05-27T14:45:43.616+0000] {processor.py:756} INFO - Processing file /home/airflow/.local/lib/python3.7/site-packages/airflow/example_dags/example_branch_labels.py for tasks to queue
[2023-05-27T14:45:43.616+0000] {logging_mixin.py:120} INFO - [2023-05-27T14:45:43.616+0000] {dagbag.py:537} INFO - Filling up the DagBag from /home/airflow/.local/lib/python3.7/site-packages/airflow/example_dags/example_branch_labels.py
[2023-05-27T14:45:43.637+0000] {processor.py:766} INFO - DAG(s) dict_keys(['example_branch_labels']) retrieved from /home/airflow/.local/lib/python3.7/site-packages/airflow/example_dags/example_branch_labels.py
[2023-05-27T14:45:43.689+0000] {logging_mixin.py:120} INFO - [2023-05-27T14:45:43.689+0000] {dag.py:2585} INFO - Sync 1 DAGs
[2023-05-27T14:45:43.724+0000] {logging_mixin.py:120} INFO - [2023-05-27T14:45:43.724+0000] {dag.py:3340} INFO - Setting next_dagrun for example_branch_labels to 2023-05-26T00:00:00+00:00, run_after=2023-05-27T00:00:00+00:00
[2023-05-27T14:45:43.745+0000] {processor.py:176} INFO - Processing /home/airflow/.local/lib/python3.7/site-packages/airflow/example_dags/example_branch_labels.py took 0.136 seconds
[2023-05-27T14:46:14.012+0000] {processor.py:154} INFO - Started process (PID=951) to work on /home/airflow/.local/lib/python3.7/site-packages/airflow/example_dags/example_branch_labels.py
[2023-05-27T14:46:14.023+0000] {processor.py:756} INFO - Processing file /home/airflow/.local/lib/python3.7/site-packages/airflow/example_dags/example_branch_labels.py for tasks to queue
[2023-05-27T14:46:14.024+0000] {logging_mixin.py:120} INFO - [2023-05-27T14:46:14.023+0000] {dagbag.py:537} INFO - Filling up the DagBag from /home/airflow/.local/lib/python3.7/site-packages/airflow/example_dags/example_branch_labels.py
[2023-05-27T14:46:14.062+0000] {processor.py:766} INFO - DAG(s) dict_keys(['example_branch_labels']) retrieved from /home/airflow/.local/lib/python3.7/site-packages/airflow/example_dags/example_branch_labels.py
[2023-05-27T14:46:14.162+0000] {logging_mixin.py:120} INFO - [2023-05-27T14:46:14.162+0000] {dag.py:2585} INFO - Sync 1 DAGs
[2023-05-27T14:46:14.203+0000] {logging_mixin.py:120} INFO - [2023-05-27T14:46:14.202+0000] {dag.py:3340} INFO - Setting next_dagrun for example_branch_labels to 2023-05-26T00:00:00+00:00, run_after=2023-05-27T00:00:00+00:00
[2023-05-27T14:46:14.233+0000] {processor.py:176} INFO - Processing /home/airflow/.local/lib/python3.7/site-packages/airflow/example_dags/example_branch_labels.py took 0.226 seconds
[2023-05-27T14:46:44.329+0000] {processor.py:154} INFO - Started process (PID=1006) to work on /home/airflow/.local/lib/python3.7/site-packages/airflow/example_dags/example_branch_labels.py
[2023-05-27T14:46:44.332+0000] {processor.py:756} INFO - Processing file /home/airflow/.local/lib/python3.7/site-packages/airflow/example_dags/example_branch_labels.py for tasks to queue
[2023-05-27T14:46:44.332+0000] {logging_mixin.py:120} INFO - [2023-05-27T14:46:44.332+0000] {dagbag.py:537} INFO - Filling up the DagBag from /home/airflow/.local/lib/python3.7/site-packages/airflow/example_dags/example_branch_labels.py
[2023-05-27T14:46:44.383+0000] {processor.py:766} INFO - DAG(s) dict_keys(['example_branch_labels']) retrieved from /home/airflow/.local/lib/python3.7/site-packages/airflow/example_dags/example_branch_labels.py
[2023-05-27T14:46:44.513+0000] {logging_mixin.py:120} INFO - [2023-05-27T14:46:44.513+0000] {dag.py:2585} INFO - Sync 1 DAGs
[2023-05-27T14:46:44.546+0000] {logging_mixin.py:120} INFO - [2023-05-27T14:46:44.546+0000] {dag.py:3340} INFO - Setting next_dagrun for example_branch_labels to 2023-05-26T00:00:00+00:00, run_after=2023-05-27T00:00:00+00:00
[2023-05-27T14:46:44.582+0000] {processor.py:176} INFO - Processing /home/airflow/.local/lib/python3.7/site-packages/airflow/example_dags/example_branch_labels.py took 0.261 seconds
[2023-05-27T14:47:14.878+0000] {processor.py:154} INFO - Started process (PID=1065) to work on /home/airflow/.local/lib/python3.7/site-packages/airflow/example_dags/example_branch_labels.py
[2023-05-27T14:47:14.890+0000] {processor.py:756} INFO - Processing file /home/airflow/.local/lib/python3.7/site-packages/airflow/example_dags/example_branch_labels.py for tasks to queue
[2023-05-27T14:47:14.891+0000] {logging_mixin.py:120} INFO - [2023-05-27T14:47:14.890+0000] {dagbag.py:537} INFO - Filling up the DagBag from /home/airflow/.local/lib/python3.7/site-packages/airflow/example_dags/example_branch_labels.py
[2023-05-27T14:47:14.924+0000] {processor.py:766} INFO - DAG(s) dict_keys(['example_branch_labels']) retrieved from /home/airflow/.local/lib/python3.7/site-packages/airflow/example_dags/example_branch_labels.py
[2023-05-27T14:47:15.001+0000] {logging_mixin.py:120} INFO - [2023-05-27T14:47:15.001+0000] {dag.py:2585} INFO - Sync 1 DAGs
[2023-05-27T14:47:15.065+0000] {logging_mixin.py:120} INFO - [2023-05-27T14:47:15.065+0000] {dag.py:3340} INFO - Setting next_dagrun for example_branch_labels to 2023-05-26T00:00:00+00:00, run_after=2023-05-27T00:00:00+00:00
[2023-05-27T14:47:15.108+0000] {processor.py:176} INFO - Processing /home/airflow/.local/lib/python3.7/site-packages/airflow/example_dags/example_branch_labels.py took 0.240 seconds
[2023-05-27T14:47:45.274+0000] {processor.py:154} INFO - Started process (PID=1123) to work on /home/airflow/.local/lib/python3.7/site-packages/airflow/example_dags/example_branch_labels.py
[2023-05-27T14:47:45.279+0000] {processor.py:756} INFO - Processing file /home/airflow/.local/lib/python3.7/site-packages/airflow/example_dags/example_branch_labels.py for tasks to queue
[2023-05-27T14:47:45.282+0000] {logging_mixin.py:120} INFO - [2023-05-27T14:47:45.282+0000] {dagbag.py:537} INFO - Filling up the DagBag from /home/airflow/.local/lib/python3.7/site-packages/airflow/example_dags/example_branch_labels.py
[2023-05-27T14:47:45.322+0000] {processor.py:766} INFO - DAG(s) dict_keys(['example_branch_labels']) retrieved from /home/airflow/.local/lib/python3.7/site-packages/airflow/example_dags/example_branch_labels.py
[2023-05-27T14:47:45.374+0000] {logging_mixin.py:120} INFO - [2023-05-27T14:47:45.373+0000] {dag.py:2585} INFO - Sync 1 DAGs
[2023-05-27T14:47:45.411+0000] {logging_mixin.py:120} INFO - [2023-05-27T14:47:45.411+0000] {dag.py:3340} INFO - Setting next_dagrun for example_branch_labels to 2023-05-26T00:00:00+00:00, run_after=2023-05-27T00:00:00+00:00
[2023-05-27T14:47:45.468+0000] {processor.py:176} INFO - Processing /home/airflow/.local/lib/python3.7/site-packages/airflow/example_dags/example_branch_labels.py took 0.201 seconds
[2023-05-27T14:48:16.009+0000] {processor.py:154} INFO - Started process (PID=1176) to work on /home/airflow/.local/lib/python3.7/site-packages/airflow/example_dags/example_branch_labels.py
[2023-05-27T14:48:16.012+0000] {processor.py:756} INFO - Processing file /home/airflow/.local/lib/python3.7/site-packages/airflow/example_dags/example_branch_labels.py for tasks to queue
[2023-05-27T14:48:16.013+0000] {logging_mixin.py:120} INFO - [2023-05-27T14:48:16.012+0000] {dagbag.py:537} INFO - Filling up the DagBag from /home/airflow/.local/lib/python3.7/site-packages/airflow/example_dags/example_branch_labels.py
[2023-05-27T14:48:16.032+0000] {processor.py:766} INFO - DAG(s) dict_keys(['example_branch_labels']) retrieved from /home/airflow/.local/lib/python3.7/site-packages/airflow/example_dags/example_branch_labels.py
[2023-05-27T14:48:16.081+0000] {logging_mixin.py:120} INFO - [2023-05-27T14:48:16.081+0000] {dag.py:2585} INFO - Sync 1 DAGs
[2023-05-27T14:48:16.116+0000] {logging_mixin.py:120} INFO - [2023-05-27T14:48:16.116+0000] {dag.py:3340} INFO - Setting next_dagrun for example_branch_labels to 2023-05-26T00:00:00+00:00, run_after=2023-05-27T00:00:00+00:00
[2023-05-27T14:48:16.136+0000] {processor.py:176} INFO - Processing /home/airflow/.local/lib/python3.7/site-packages/airflow/example_dags/example_branch_labels.py took 0.131 seconds
[2023-05-27T14:48:46.439+0000] {processor.py:154} INFO - Started process (PID=1239) to work on /home/airflow/.local/lib/python3.7/site-packages/airflow/example_dags/example_branch_labels.py
[2023-05-27T14:48:46.443+0000] {processor.py:756} INFO - Processing file /home/airflow/.local/lib/python3.7/site-packages/airflow/example_dags/example_branch_labels.py for tasks to queue
[2023-05-27T14:48:46.444+0000] {logging_mixin.py:120} INFO - [2023-05-27T14:48:46.443+0000] {dagbag.py:537} INFO - Filling up the DagBag from /home/airflow/.local/lib/python3.7/site-packages/airflow/example_dags/example_branch_labels.py
[2023-05-27T14:48:46.464+0000] {processor.py:766} INFO - DAG(s) dict_keys(['example_branch_labels']) retrieved from /home/airflow/.local/lib/python3.7/site-packages/airflow/example_dags/example_branch_labels.py
[2023-05-27T14:48:46.515+0000] {logging_mixin.py:120} INFO - [2023-05-27T14:48:46.515+0000] {dag.py:2585} INFO - Sync 1 DAGs
[2023-05-27T14:48:46.547+0000] {logging_mixin.py:120} INFO - [2023-05-27T14:48:46.547+0000] {dag.py:3340} INFO - Setting next_dagrun for example_branch_labels to 2023-05-26T00:00:00+00:00, run_after=2023-05-27T00:00:00+00:00
[2023-05-27T14:48:46.570+0000] {processor.py:176} INFO - Processing /home/airflow/.local/lib/python3.7/site-packages/airflow/example_dags/example_branch_labels.py took 0.135 seconds
[2023-05-27T14:49:17.182+0000] {processor.py:154} INFO - Started process (PID=1293) to work on /home/airflow/.local/lib/python3.7/site-packages/airflow/example_dags/example_branch_labels.py
[2023-05-27T14:49:17.184+0000] {processor.py:756} INFO - Processing file /home/airflow/.local/lib/python3.7/site-packages/airflow/example_dags/example_branch_labels.py for tasks to queue
[2023-05-27T14:49:17.185+0000] {logging_mixin.py:120} INFO - [2023-05-27T14:49:17.185+0000] {dagbag.py:537} INFO - Filling up the DagBag from /home/airflow/.local/lib/python3.7/site-packages/airflow/example_dags/example_branch_labels.py
[2023-05-27T14:49:17.251+0000] {processor.py:766} INFO - DAG(s) dict_keys(['example_branch_labels']) retrieved from /home/airflow/.local/lib/python3.7/site-packages/airflow/example_dags/example_branch_labels.py
[2023-05-27T14:49:17.315+0000] {logging_mixin.py:120} INFO - [2023-05-27T14:49:17.315+0000] {dag.py:2585} INFO - Sync 1 DAGs
[2023-05-27T14:49:17.349+0000] {logging_mixin.py:120} INFO - [2023-05-27T14:49:17.349+0000] {dag.py:3340} INFO - Setting next_dagrun for example_branch_labels to 2023-05-26T00:00:00+00:00, run_after=2023-05-27T00:00:00+00:00
[2023-05-27T14:49:17.378+0000] {processor.py:176} INFO - Processing /home/airflow/.local/lib/python3.7/site-packages/airflow/example_dags/example_branch_labels.py took 0.201 seconds
[2023-05-27T14:49:47.919+0000] {processor.py:154} INFO - Started process (PID=1357) to work on /home/airflow/.local/lib/python3.7/site-packages/airflow/example_dags/example_branch_labels.py
[2023-05-27T14:49:47.921+0000] {processor.py:756} INFO - Processing file /home/airflow/.local/lib/python3.7/site-packages/airflow/example_dags/example_branch_labels.py for tasks to queue
[2023-05-27T14:49:47.922+0000] {logging_mixin.py:120} INFO - [2023-05-27T14:49:47.922+0000] {dagbag.py:537} INFO - Filling up the DagBag from /home/airflow/.local/lib/python3.7/site-packages/airflow/example_dags/example_branch_labels.py
[2023-05-27T14:49:47.963+0000] {processor.py:766} INFO - DAG(s) dict_keys(['example_branch_labels']) retrieved from /home/airflow/.local/lib/python3.7/site-packages/airflow/example_dags/example_branch_labels.py
[2023-05-27T14:49:48.101+0000] {logging_mixin.py:120} INFO - [2023-05-27T14:49:48.101+0000] {dag.py:2585} INFO - Sync 1 DAGs
[2023-05-27T14:49:48.170+0000] {logging_mixin.py:120} INFO - [2023-05-27T14:49:48.170+0000] {dag.py:3340} INFO - Setting next_dagrun for example_branch_labels to 2023-05-26T00:00:00+00:00, run_after=2023-05-27T00:00:00+00:00
[2023-05-27T14:49:48.242+0000] {processor.py:176} INFO - Processing /home/airflow/.local/lib/python3.7/site-packages/airflow/example_dags/example_branch_labels.py took 0.329 seconds
[2023-05-27T14:50:18.388+0000] {processor.py:154} INFO - Started process (PID=1413) to work on /home/airflow/.local/lib/python3.7/site-packages/airflow/example_dags/example_branch_labels.py
[2023-05-27T14:50:18.390+0000] {processor.py:756} INFO - Processing file /home/airflow/.local/lib/python3.7/site-packages/airflow/example_dags/example_branch_labels.py for tasks to queue
[2023-05-27T14:50:18.390+0000] {logging_mixin.py:120} INFO - [2023-05-27T14:50:18.390+0000] {dagbag.py:537} INFO - Filling up the DagBag from /home/airflow/.local/lib/python3.7/site-packages/airflow/example_dags/example_branch_labels.py
[2023-05-27T14:50:18.411+0000] {processor.py:766} INFO - DAG(s) dict_keys(['example_branch_labels']) retrieved from /home/airflow/.local/lib/python3.7/site-packages/airflow/example_dags/example_branch_labels.py
[2023-05-27T14:50:18.482+0000] {logging_mixin.py:120} INFO - [2023-05-27T14:50:18.482+0000] {dag.py:2585} INFO - Sync 1 DAGs
[2023-05-27T14:50:18.542+0000] {logging_mixin.py:120} INFO - [2023-05-27T14:50:18.542+0000] {dag.py:3340} INFO - Setting next_dagrun for example_branch_labels to 2023-05-26T00:00:00+00:00, run_after=2023-05-27T00:00:00+00:00
[2023-05-27T14:50:18.605+0000] {processor.py:176} INFO - Processing /home/airflow/.local/lib/python3.7/site-packages/airflow/example_dags/example_branch_labels.py took 0.224 seconds
[2023-05-27T14:50:48.689+0000] {processor.py:154} INFO - Started process (PID=1467) to work on /home/airflow/.local/lib/python3.7/site-packages/airflow/example_dags/example_branch_labels.py
[2023-05-27T14:50:48.691+0000] {processor.py:756} INFO - Processing file /home/airflow/.local/lib/python3.7/site-packages/airflow/example_dags/example_branch_labels.py for tasks to queue
[2023-05-27T14:50:48.692+0000] {logging_mixin.py:120} INFO - [2023-05-27T14:50:48.692+0000] {dagbag.py:537} INFO - Filling up the DagBag from /home/airflow/.local/lib/python3.7/site-packages/airflow/example_dags/example_branch_labels.py
[2023-05-27T14:50:48.714+0000] {processor.py:766} INFO - DAG(s) dict_keys(['example_branch_labels']) retrieved from /home/airflow/.local/lib/python3.7/site-packages/airflow/example_dags/example_branch_labels.py
[2023-05-27T14:50:48.762+0000] {logging_mixin.py:120} INFO - [2023-05-27T14:50:48.762+0000] {dag.py:2585} INFO - Sync 1 DAGs
[2023-05-27T14:50:48.798+0000] {logging_mixin.py:120} INFO - [2023-05-27T14:50:48.798+0000] {dag.py:3340} INFO - Setting next_dagrun for example_branch_labels to 2023-05-26T00:00:00+00:00, run_after=2023-05-27T00:00:00+00:00
[2023-05-27T14:50:48.829+0000] {processor.py:176} INFO - Processing /home/airflow/.local/lib/python3.7/site-packages/airflow/example_dags/example_branch_labels.py took 0.144 seconds
[2023-05-27T14:51:19.249+0000] {processor.py:154} INFO - Started process (PID=1520) to work on /home/airflow/.local/lib/python3.7/site-packages/airflow/example_dags/example_branch_labels.py
[2023-05-27T14:51:19.251+0000] {processor.py:756} INFO - Processing file /home/airflow/.local/lib/python3.7/site-packages/airflow/example_dags/example_branch_labels.py for tasks to queue
[2023-05-27T14:51:19.252+0000] {logging_mixin.py:120} INFO - [2023-05-27T14:51:19.251+0000] {dagbag.py:537} INFO - Filling up the DagBag from /home/airflow/.local/lib/python3.7/site-packages/airflow/example_dags/example_branch_labels.py
[2023-05-27T14:51:19.271+0000] {processor.py:766} INFO - DAG(s) dict_keys(['example_branch_labels']) retrieved from /home/airflow/.local/lib/python3.7/site-packages/airflow/example_dags/example_branch_labels.py
[2023-05-27T14:51:19.320+0000] {logging_mixin.py:120} INFO - [2023-05-27T14:51:19.320+0000] {dag.py:2585} INFO - Sync 1 DAGs
[2023-05-27T14:51:19.353+0000] {logging_mixin.py:120} INFO - [2023-05-27T14:51:19.352+0000] {dag.py:3340} INFO - Setting next_dagrun for example_branch_labels to 2023-05-26T00:00:00+00:00, run_after=2023-05-27T00:00:00+00:00
[2023-05-27T14:51:19.373+0000] {processor.py:176} INFO - Processing /home/airflow/.local/lib/python3.7/site-packages/airflow/example_dags/example_branch_labels.py took 0.128 seconds
[2023-05-27T14:51:50.118+0000] {processor.py:154} INFO - Started process (PID=1583) to work on /home/airflow/.local/lib/python3.7/site-packages/airflow/example_dags/example_branch_labels.py
[2023-05-27T14:51:50.124+0000] {processor.py:756} INFO - Processing file /home/airflow/.local/lib/python3.7/site-packages/airflow/example_dags/example_branch_labels.py for tasks to queue
[2023-05-27T14:51:50.124+0000] {logging_mixin.py:120} INFO - [2023-05-27T14:51:50.124+0000] {dagbag.py:537} INFO - Filling up the DagBag from /home/airflow/.local/lib/python3.7/site-packages/airflow/example_dags/example_branch_labels.py
[2023-05-27T14:51:50.166+0000] {processor.py:766} INFO - DAG(s) dict_keys(['example_branch_labels']) retrieved from /home/airflow/.local/lib/python3.7/site-packages/airflow/example_dags/example_branch_labels.py
[2023-05-27T14:51:50.252+0000] {logging_mixin.py:120} INFO - [2023-05-27T14:51:50.251+0000] {dag.py:2585} INFO - Sync 1 DAGs
[2023-05-27T14:51:50.287+0000] {logging_mixin.py:120} INFO - [2023-05-27T14:51:50.287+0000] {dag.py:3340} INFO - Setting next_dagrun for example_branch_labels to 2023-05-26T00:00:00+00:00, run_after=2023-05-27T00:00:00+00:00
[2023-05-27T14:51:50.335+0000] {processor.py:176} INFO - Processing /home/airflow/.local/lib/python3.7/site-packages/airflow/example_dags/example_branch_labels.py took 0.224 seconds
[2023-05-27T14:52:21.601+0000] {processor.py:154} INFO - Started process (PID=1637) to work on /home/airflow/.local/lib/python3.7/site-packages/airflow/example_dags/example_branch_labels.py
[2023-05-27T14:52:21.604+0000] {processor.py:756} INFO - Processing file /home/airflow/.local/lib/python3.7/site-packages/airflow/example_dags/example_branch_labels.py for tasks to queue
[2023-05-27T14:52:21.605+0000] {logging_mixin.py:120} INFO - [2023-05-27T14:52:21.604+0000] {dagbag.py:537} INFO - Filling up the DagBag from /home/airflow/.local/lib/python3.7/site-packages/airflow/example_dags/example_branch_labels.py
[2023-05-27T14:52:21.648+0000] {processor.py:766} INFO - DAG(s) dict_keys(['example_branch_labels']) retrieved from /home/airflow/.local/lib/python3.7/site-packages/airflow/example_dags/example_branch_labels.py
[2023-05-27T14:52:21.700+0000] {logging_mixin.py:120} INFO - [2023-05-27T14:52:21.700+0000] {dag.py:2585} INFO - Sync 1 DAGs
[2023-05-27T14:52:21.736+0000] {logging_mixin.py:120} INFO - [2023-05-27T14:52:21.736+0000] {dag.py:3340} INFO - Setting next_dagrun for example_branch_labels to 2023-05-26T00:00:00+00:00, run_after=2023-05-27T00:00:00+00:00
[2023-05-27T14:52:21.758+0000] {processor.py:176} INFO - Processing /home/airflow/.local/lib/python3.7/site-packages/airflow/example_dags/example_branch_labels.py took 0.163 seconds
[2023-05-27T14:52:55.558+0000] {processor.py:154} INFO - Started process (PID=1700) to work on /home/airflow/.local/lib/python3.7/site-packages/airflow/example_dags/example_branch_labels.py
[2023-05-27T14:52:55.560+0000] {processor.py:756} INFO - Processing file /home/airflow/.local/lib/python3.7/site-packages/airflow/example_dags/example_branch_labels.py for tasks to queue
[2023-05-27T14:52:55.562+0000] {logging_mixin.py:120} INFO - [2023-05-27T14:52:55.561+0000] {dagbag.py:537} INFO - Filling up the DagBag from /home/airflow/.local/lib/python3.7/site-packages/airflow/example_dags/example_branch_labels.py
[2023-05-27T14:52:55.638+0000] {processor.py:766} INFO - DAG(s) dict_keys(['example_branch_labels']) retrieved from /home/airflow/.local/lib/python3.7/site-packages/airflow/example_dags/example_branch_labels.py
[2023-05-27T14:52:55.768+0000] {logging_mixin.py:120} INFO - [2023-05-27T14:52:55.768+0000] {dag.py:2585} INFO - Sync 1 DAGs
[2023-05-27T14:52:55.803+0000] {logging_mixin.py:120} INFO - [2023-05-27T14:52:55.802+0000] {dag.py:3340} INFO - Setting next_dagrun for example_branch_labels to 2023-05-26T00:00:00+00:00, run_after=2023-05-27T00:00:00+00:00
[2023-05-27T14:52:55.825+0000] {processor.py:176} INFO - Processing /home/airflow/.local/lib/python3.7/site-packages/airflow/example_dags/example_branch_labels.py took 0.278 seconds
[2023-05-27T14:53:26.397+0000] {processor.py:154} INFO - Started process (PID=1753) to work on /home/airflow/.local/lib/python3.7/site-packages/airflow/example_dags/example_branch_labels.py
[2023-05-27T14:53:26.399+0000] {processor.py:756} INFO - Processing file /home/airflow/.local/lib/python3.7/site-packages/airflow/example_dags/example_branch_labels.py for tasks to queue
[2023-05-27T14:53:26.400+0000] {logging_mixin.py:120} INFO - [2023-05-27T14:53:26.400+0000] {dagbag.py:537} INFO - Filling up the DagBag from /home/airflow/.local/lib/python3.7/site-packages/airflow/example_dags/example_branch_labels.py
[2023-05-27T14:53:26.420+0000] {processor.py:766} INFO - DAG(s) dict_keys(['example_branch_labels']) retrieved from /home/airflow/.local/lib/python3.7/site-packages/airflow/example_dags/example_branch_labels.py
[2023-05-27T14:53:26.471+0000] {logging_mixin.py:120} INFO - [2023-05-27T14:53:26.471+0000] {dag.py:2585} INFO - Sync 1 DAGs
[2023-05-27T14:53:26.505+0000] {logging_mixin.py:120} INFO - [2023-05-27T14:53:26.505+0000] {dag.py:3340} INFO - Setting next_dagrun for example_branch_labels to 2023-05-26T00:00:00+00:00, run_after=2023-05-27T00:00:00+00:00
[2023-05-27T14:53:26.525+0000] {processor.py:176} INFO - Processing /home/airflow/.local/lib/python3.7/site-packages/airflow/example_dags/example_branch_labels.py took 0.132 seconds
