[2023-05-27T14:38:21.228+0000] {processor.py:154} INFO - Started process (PID=57) to work on /home/airflow/.local/lib/python3.7/site-packages/airflow/example_dags/example_local_kubernetes_executor.py
[2023-05-27T14:38:21.229+0000] {processor.py:756} INFO - Processing file /home/airflow/.local/lib/python3.7/site-packages/airflow/example_dags/example_local_kubernetes_executor.py for tasks to queue
[2023-05-27T14:38:21.230+0000] {logging_mixin.py:120} INFO - [2023-05-27T14:38:21.230+0000] {dagbag.py:537} INFO - Filling up the DagBag from /home/airflow/.local/lib/python3.7/site-packages/airflow/example_dags/example_local_kubernetes_executor.py
[2023-05-27T14:38:21.394+0000] {processor.py:766} INFO - DAG(s) dict_keys(['example_local_kubernetes_executor']) retrieved from /home/airflow/.local/lib/python3.7/site-packages/airflow/example_dags/example_local_kubernetes_executor.py
[2023-05-27T14:38:22.045+0000] {logging_mixin.py:120} INFO - [2023-05-27T14:38:22.045+0000] {manager.py:507} INFO - Created Permission View: can read on DAG:example_local_kubernetes_executor
[2023-05-27T14:38:22.075+0000] {logging_mixin.py:120} INFO - [2023-05-27T14:38:22.075+0000] {manager.py:507} INFO - Created Permission View: can edit on DAG:example_local_kubernetes_executor
[2023-05-27T14:38:22.106+0000] {logging_mixin.py:120} INFO - [2023-05-27T14:38:22.106+0000] {manager.py:507} INFO - Created Permission View: can delete on DAG:example_local_kubernetes_executor
[2023-05-27T14:38:22.107+0000] {logging_mixin.py:120} INFO - [2023-05-27T14:38:22.106+0000] {dag.py:2585} INFO - Sync 1 DAGs
[2023-05-27T14:38:22.195+0000] {logging_mixin.py:120} INFO - [2023-05-27T14:38:22.194+0000] {dag.py:2606} INFO - Creating ORM DAG for example_local_kubernetes_executor
[2023-05-27T14:38:22.286+0000] {logging_mixin.py:120} INFO - [2023-05-27T14:38:22.286+0000] {dag.py:3340} INFO - Setting next_dagrun for example_local_kubernetes_executor to None, run_after=None
[2023-05-27T14:38:22.387+0000] {processor.py:176} INFO - Processing /home/airflow/.local/lib/python3.7/site-packages/airflow/example_dags/example_local_kubernetes_executor.py took 1.183 seconds
[2023-05-27T14:38:52.592+0000] {processor.py:154} INFO - Started process (PID=111) to work on /home/airflow/.local/lib/python3.7/site-packages/airflow/example_dags/example_local_kubernetes_executor.py
[2023-05-27T14:38:52.594+0000] {processor.py:756} INFO - Processing file /home/airflow/.local/lib/python3.7/site-packages/airflow/example_dags/example_local_kubernetes_executor.py for tasks to queue
[2023-05-27T14:38:52.594+0000] {logging_mixin.py:120} INFO - [2023-05-27T14:38:52.594+0000] {dagbag.py:537} INFO - Filling up the DagBag from /home/airflow/.local/lib/python3.7/site-packages/airflow/example_dags/example_local_kubernetes_executor.py
[2023-05-27T14:38:52.655+0000] {processor.py:766} INFO - DAG(s) dict_keys(['example_local_kubernetes_executor']) retrieved from /home/airflow/.local/lib/python3.7/site-packages/airflow/example_dags/example_local_kubernetes_executor.py
[2023-05-27T14:38:52.754+0000] {logging_mixin.py:120} INFO - [2023-05-27T14:38:52.754+0000] {dag.py:2585} INFO - Sync 1 DAGs
[2023-05-27T14:38:52.785+0000] {logging_mixin.py:120} INFO - [2023-05-27T14:38:52.785+0000] {dag.py:3340} INFO - Setting next_dagrun for example_local_kubernetes_executor to None, run_after=None
[2023-05-27T14:38:52.810+0000] {processor.py:176} INFO - Processing /home/airflow/.local/lib/python3.7/site-packages/airflow/example_dags/example_local_kubernetes_executor.py took 0.225 seconds
[2023-05-27T14:39:23.465+0000] {processor.py:154} INFO - Started process (PID=167) to work on /home/airflow/.local/lib/python3.7/site-packages/airflow/example_dags/example_local_kubernetes_executor.py
[2023-05-27T14:39:23.466+0000] {processor.py:756} INFO - Processing file /home/airflow/.local/lib/python3.7/site-packages/airflow/example_dags/example_local_kubernetes_executor.py for tasks to queue
[2023-05-27T14:39:23.467+0000] {logging_mixin.py:120} INFO - [2023-05-27T14:39:23.467+0000] {dagbag.py:537} INFO - Filling up the DagBag from /home/airflow/.local/lib/python3.7/site-packages/airflow/example_dags/example_local_kubernetes_executor.py
[2023-05-27T14:39:23.508+0000] {processor.py:766} INFO - DAG(s) dict_keys(['example_local_kubernetes_executor']) retrieved from /home/airflow/.local/lib/python3.7/site-packages/airflow/example_dags/example_local_kubernetes_executor.py
[2023-05-27T14:39:23.581+0000] {logging_mixin.py:120} INFO - [2023-05-27T14:39:23.581+0000] {dag.py:2585} INFO - Sync 1 DAGs
[2023-05-27T14:39:23.618+0000] {logging_mixin.py:120} INFO - [2023-05-27T14:39:23.617+0000] {dag.py:3340} INFO - Setting next_dagrun for example_local_kubernetes_executor to None, run_after=None
[2023-05-27T14:39:23.645+0000] {processor.py:176} INFO - Processing /home/airflow/.local/lib/python3.7/site-packages/airflow/example_dags/example_local_kubernetes_executor.py took 0.184 seconds
[2023-05-27T14:39:54.652+0000] {processor.py:154} INFO - Started process (PID=229) to work on /home/airflow/.local/lib/python3.7/site-packages/airflow/example_dags/example_local_kubernetes_executor.py
[2023-05-27T14:39:54.653+0000] {processor.py:756} INFO - Processing file /home/airflow/.local/lib/python3.7/site-packages/airflow/example_dags/example_local_kubernetes_executor.py for tasks to queue
[2023-05-27T14:39:54.654+0000] {logging_mixin.py:120} INFO - [2023-05-27T14:39:54.654+0000] {dagbag.py:537} INFO - Filling up the DagBag from /home/airflow/.local/lib/python3.7/site-packages/airflow/example_dags/example_local_kubernetes_executor.py
[2023-05-27T14:39:54.707+0000] {processor.py:766} INFO - DAG(s) dict_keys(['example_local_kubernetes_executor']) retrieved from /home/airflow/.local/lib/python3.7/site-packages/airflow/example_dags/example_local_kubernetes_executor.py
[2023-05-27T14:39:54.772+0000] {logging_mixin.py:120} INFO - [2023-05-27T14:39:54.772+0000] {dag.py:2585} INFO - Sync 1 DAGs
[2023-05-27T14:39:54.804+0000] {logging_mixin.py:120} INFO - [2023-05-27T14:39:54.804+0000] {dag.py:3340} INFO - Setting next_dagrun for example_local_kubernetes_executor to None, run_after=None
[2023-05-27T14:39:54.826+0000] {processor.py:176} INFO - Processing /home/airflow/.local/lib/python3.7/site-packages/airflow/example_dags/example_local_kubernetes_executor.py took 0.177 seconds
[2023-05-27T14:40:25.006+0000] {processor.py:154} INFO - Started process (PID=283) to work on /home/airflow/.local/lib/python3.7/site-packages/airflow/example_dags/example_local_kubernetes_executor.py
[2023-05-27T14:40:25.016+0000] {processor.py:756} INFO - Processing file /home/airflow/.local/lib/python3.7/site-packages/airflow/example_dags/example_local_kubernetes_executor.py for tasks to queue
[2023-05-27T14:40:25.017+0000] {logging_mixin.py:120} INFO - [2023-05-27T14:40:25.017+0000] {dagbag.py:537} INFO - Filling up the DagBag from /home/airflow/.local/lib/python3.7/site-packages/airflow/example_dags/example_local_kubernetes_executor.py
[2023-05-27T14:40:25.112+0000] {processor.py:766} INFO - DAG(s) dict_keys(['example_local_kubernetes_executor']) retrieved from /home/airflow/.local/lib/python3.7/site-packages/airflow/example_dags/example_local_kubernetes_executor.py
[2023-05-27T14:40:25.268+0000] {logging_mixin.py:120} INFO - [2023-05-27T14:40:25.267+0000] {dag.py:2585} INFO - Sync 1 DAGs
[2023-05-27T14:40:25.314+0000] {logging_mixin.py:120} INFO - [2023-05-27T14:40:25.314+0000] {dag.py:3340} INFO - Setting next_dagrun for example_local_kubernetes_executor to None, run_after=None
[2023-05-27T14:40:25.356+0000] {processor.py:176} INFO - Processing /home/airflow/.local/lib/python3.7/site-packages/airflow/example_dags/example_local_kubernetes_executor.py took 0.366 seconds
[2023-05-27T14:40:55.750+0000] {processor.py:154} INFO - Started process (PID=347) to work on /home/airflow/.local/lib/python3.7/site-packages/airflow/example_dags/example_local_kubernetes_executor.py
[2023-05-27T14:40:55.753+0000] {processor.py:756} INFO - Processing file /home/airflow/.local/lib/python3.7/site-packages/airflow/example_dags/example_local_kubernetes_executor.py for tasks to queue
[2023-05-27T14:40:55.754+0000] {logging_mixin.py:120} INFO - [2023-05-27T14:40:55.753+0000] {dagbag.py:537} INFO - Filling up the DagBag from /home/airflow/.local/lib/python3.7/site-packages/airflow/example_dags/example_local_kubernetes_executor.py
[2023-05-27T14:40:55.810+0000] {processor.py:766} INFO - DAG(s) dict_keys(['example_local_kubernetes_executor']) retrieved from /home/airflow/.local/lib/python3.7/site-packages/airflow/example_dags/example_local_kubernetes_executor.py
[2023-05-27T14:40:55.882+0000] {logging_mixin.py:120} INFO - [2023-05-27T14:40:55.882+0000] {dag.py:2585} INFO - Sync 1 DAGs
[2023-05-27T14:40:55.925+0000] {logging_mixin.py:120} INFO - [2023-05-27T14:40:55.925+0000] {dag.py:3340} INFO - Setting next_dagrun for example_local_kubernetes_executor to None, run_after=None
[2023-05-27T14:40:55.948+0000] {processor.py:176} INFO - Processing /home/airflow/.local/lib/python3.7/site-packages/airflow/example_dags/example_local_kubernetes_executor.py took 0.201 seconds
[2023-05-27T14:41:26.625+0000] {processor.py:154} INFO - Started process (PID=401) to work on /home/airflow/.local/lib/python3.7/site-packages/airflow/example_dags/example_local_kubernetes_executor.py
[2023-05-27T14:41:26.626+0000] {processor.py:756} INFO - Processing file /home/airflow/.local/lib/python3.7/site-packages/airflow/example_dags/example_local_kubernetes_executor.py for tasks to queue
[2023-05-27T14:41:26.626+0000] {logging_mixin.py:120} INFO - [2023-05-27T14:41:26.626+0000] {dagbag.py:537} INFO - Filling up the DagBag from /home/airflow/.local/lib/python3.7/site-packages/airflow/example_dags/example_local_kubernetes_executor.py
[2023-05-27T14:41:26.694+0000] {processor.py:766} INFO - DAG(s) dict_keys(['example_local_kubernetes_executor']) retrieved from /home/airflow/.local/lib/python3.7/site-packages/airflow/example_dags/example_local_kubernetes_executor.py
[2023-05-27T14:41:26.791+0000] {logging_mixin.py:120} INFO - [2023-05-27T14:41:26.791+0000] {dag.py:2585} INFO - Sync 1 DAGs
[2023-05-27T14:41:26.822+0000] {logging_mixin.py:120} INFO - [2023-05-27T14:41:26.822+0000] {dag.py:3340} INFO - Setting next_dagrun for example_local_kubernetes_executor to None, run_after=None
[2023-05-27T14:41:26.843+0000] {processor.py:176} INFO - Processing /home/airflow/.local/lib/python3.7/site-packages/airflow/example_dags/example_local_kubernetes_executor.py took 0.222 seconds
[2023-05-27T14:41:57.067+0000] {processor.py:154} INFO - Started process (PID=456) to work on /home/airflow/.local/lib/python3.7/site-packages/airflow/example_dags/example_local_kubernetes_executor.py
[2023-05-27T14:41:57.070+0000] {processor.py:756} INFO - Processing file /home/airflow/.local/lib/python3.7/site-packages/airflow/example_dags/example_local_kubernetes_executor.py for tasks to queue
[2023-05-27T14:41:57.070+0000] {logging_mixin.py:120} INFO - [2023-05-27T14:41:57.070+0000] {dagbag.py:537} INFO - Filling up the DagBag from /home/airflow/.local/lib/python3.7/site-packages/airflow/example_dags/example_local_kubernetes_executor.py
[2023-05-27T14:41:57.107+0000] {processor.py:766} INFO - DAG(s) dict_keys(['example_local_kubernetes_executor']) retrieved from /home/airflow/.local/lib/python3.7/site-packages/airflow/example_dags/example_local_kubernetes_executor.py
[2023-05-27T14:41:57.164+0000] {logging_mixin.py:120} INFO - [2023-05-27T14:41:57.164+0000] {dag.py:2585} INFO - Sync 1 DAGs
[2023-05-27T14:41:57.195+0000] {logging_mixin.py:120} INFO - [2023-05-27T14:41:57.195+0000] {dag.py:3340} INFO - Setting next_dagrun for example_local_kubernetes_executor to None, run_after=None
[2023-05-27T14:41:57.218+0000] {processor.py:176} INFO - Processing /home/airflow/.local/lib/python3.7/site-packages/airflow/example_dags/example_local_kubernetes_executor.py took 0.157 seconds
[2023-05-27T14:42:27.844+0000] {processor.py:154} INFO - Started process (PID=520) to work on /home/airflow/.local/lib/python3.7/site-packages/airflow/example_dags/example_local_kubernetes_executor.py
[2023-05-27T14:42:27.847+0000] {processor.py:756} INFO - Processing file /home/airflow/.local/lib/python3.7/site-packages/airflow/example_dags/example_local_kubernetes_executor.py for tasks to queue
[2023-05-27T14:42:27.848+0000] {logging_mixin.py:120} INFO - [2023-05-27T14:42:27.848+0000] {dagbag.py:537} INFO - Filling up the DagBag from /home/airflow/.local/lib/python3.7/site-packages/airflow/example_dags/example_local_kubernetes_executor.py
[2023-05-27T14:42:27.937+0000] {processor.py:766} INFO - DAG(s) dict_keys(['example_local_kubernetes_executor']) retrieved from /home/airflow/.local/lib/python3.7/site-packages/airflow/example_dags/example_local_kubernetes_executor.py
[2023-05-27T14:42:28.049+0000] {logging_mixin.py:120} INFO - [2023-05-27T14:42:28.048+0000] {dag.py:2585} INFO - Sync 1 DAGs
[2023-05-27T14:42:28.080+0000] {logging_mixin.py:120} INFO - [2023-05-27T14:42:28.080+0000] {dag.py:3340} INFO - Setting next_dagrun for example_local_kubernetes_executor to None, run_after=None
[2023-05-27T14:42:28.103+0000] {processor.py:176} INFO - Processing /home/airflow/.local/lib/python3.7/site-packages/airflow/example_dags/example_local_kubernetes_executor.py took 0.262 seconds
[2023-05-27T14:42:58.207+0000] {processor.py:154} INFO - Started process (PID=574) to work on /home/airflow/.local/lib/python3.7/site-packages/airflow/example_dags/example_local_kubernetes_executor.py
[2023-05-27T14:42:58.209+0000] {processor.py:756} INFO - Processing file /home/airflow/.local/lib/python3.7/site-packages/airflow/example_dags/example_local_kubernetes_executor.py for tasks to queue
[2023-05-27T14:42:58.209+0000] {logging_mixin.py:120} INFO - [2023-05-27T14:42:58.209+0000] {dagbag.py:537} INFO - Filling up the DagBag from /home/airflow/.local/lib/python3.7/site-packages/airflow/example_dags/example_local_kubernetes_executor.py
[2023-05-27T14:42:58.241+0000] {processor.py:766} INFO - DAG(s) dict_keys(['example_local_kubernetes_executor']) retrieved from /home/airflow/.local/lib/python3.7/site-packages/airflow/example_dags/example_local_kubernetes_executor.py
[2023-05-27T14:42:58.288+0000] {logging_mixin.py:120} INFO - [2023-05-27T14:42:58.288+0000] {dag.py:2585} INFO - Sync 1 DAGs
[2023-05-27T14:42:58.318+0000] {logging_mixin.py:120} INFO - [2023-05-27T14:42:58.318+0000] {dag.py:3340} INFO - Setting next_dagrun for example_local_kubernetes_executor to None, run_after=None
[2023-05-27T14:42:58.341+0000] {processor.py:176} INFO - Processing /home/airflow/.local/lib/python3.7/site-packages/airflow/example_dags/example_local_kubernetes_executor.py took 0.137 seconds
[2023-05-27T14:43:28.883+0000] {processor.py:154} INFO - Started process (PID=637) to work on /home/airflow/.local/lib/python3.7/site-packages/airflow/example_dags/example_local_kubernetes_executor.py
[2023-05-27T14:43:28.890+0000] {processor.py:756} INFO - Processing file /home/airflow/.local/lib/python3.7/site-packages/airflow/example_dags/example_local_kubernetes_executor.py for tasks to queue
[2023-05-27T14:43:28.892+0000] {logging_mixin.py:120} INFO - [2023-05-27T14:43:28.892+0000] {dagbag.py:537} INFO - Filling up the DagBag from /home/airflow/.local/lib/python3.7/site-packages/airflow/example_dags/example_local_kubernetes_executor.py
[2023-05-27T14:43:28.949+0000] {processor.py:766} INFO - DAG(s) dict_keys(['example_local_kubernetes_executor']) retrieved from /home/airflow/.local/lib/python3.7/site-packages/airflow/example_dags/example_local_kubernetes_executor.py
[2023-05-27T14:43:29.053+0000] {logging_mixin.py:120} INFO - [2023-05-27T14:43:29.053+0000] {dag.py:2585} INFO - Sync 1 DAGs
[2023-05-27T14:43:29.098+0000] {logging_mixin.py:120} INFO - [2023-05-27T14:43:29.098+0000] {dag.py:3340} INFO - Setting next_dagrun for example_local_kubernetes_executor to None, run_after=None
[2023-05-27T14:43:29.119+0000] {processor.py:176} INFO - Processing /home/airflow/.local/lib/python3.7/site-packages/airflow/example_dags/example_local_kubernetes_executor.py took 0.247 seconds
[2023-05-27T14:43:59.451+0000] {processor.py:154} INFO - Started process (PID=691) to work on /home/airflow/.local/lib/python3.7/site-packages/airflow/example_dags/example_local_kubernetes_executor.py
[2023-05-27T14:43:59.458+0000] {processor.py:756} INFO - Processing file /home/airflow/.local/lib/python3.7/site-packages/airflow/example_dags/example_local_kubernetes_executor.py for tasks to queue
[2023-05-27T14:43:59.459+0000] {logging_mixin.py:120} INFO - [2023-05-27T14:43:59.459+0000] {dagbag.py:537} INFO - Filling up the DagBag from /home/airflow/.local/lib/python3.7/site-packages/airflow/example_dags/example_local_kubernetes_executor.py
[2023-05-27T14:43:59.518+0000] {processor.py:766} INFO - DAG(s) dict_keys(['example_local_kubernetes_executor']) retrieved from /home/airflow/.local/lib/python3.7/site-packages/airflow/example_dags/example_local_kubernetes_executor.py
[2023-05-27T14:43:59.634+0000] {logging_mixin.py:120} INFO - [2023-05-27T14:43:59.634+0000] {dag.py:2585} INFO - Sync 1 DAGs
[2023-05-27T14:43:59.698+0000] {logging_mixin.py:120} INFO - [2023-05-27T14:43:59.698+0000] {dag.py:3340} INFO - Setting next_dagrun for example_local_kubernetes_executor to None, run_after=None
[2023-05-27T14:43:59.743+0000] {processor.py:176} INFO - Processing /home/airflow/.local/lib/python3.7/site-packages/airflow/example_dags/example_local_kubernetes_executor.py took 0.296 seconds
[2023-05-27T14:44:29.858+0000] {processor.py:154} INFO - Started process (PID=752) to work on /home/airflow/.local/lib/python3.7/site-packages/airflow/example_dags/example_local_kubernetes_executor.py
[2023-05-27T14:44:29.860+0000] {processor.py:756} INFO - Processing file /home/airflow/.local/lib/python3.7/site-packages/airflow/example_dags/example_local_kubernetes_executor.py for tasks to queue
[2023-05-27T14:44:29.868+0000] {logging_mixin.py:120} INFO - [2023-05-27T14:44:29.868+0000] {dagbag.py:537} INFO - Filling up the DagBag from /home/airflow/.local/lib/python3.7/site-packages/airflow/example_dags/example_local_kubernetes_executor.py
[2023-05-27T14:44:29.961+0000] {processor.py:766} INFO - DAG(s) dict_keys(['example_local_kubernetes_executor']) retrieved from /home/airflow/.local/lib/python3.7/site-packages/airflow/example_dags/example_local_kubernetes_executor.py
[2023-05-27T14:44:30.029+0000] {logging_mixin.py:120} INFO - [2023-05-27T14:44:30.029+0000] {dag.py:2585} INFO - Sync 1 DAGs
[2023-05-27T14:44:30.080+0000] {logging_mixin.py:120} INFO - [2023-05-27T14:44:30.080+0000] {dag.py:3340} INFO - Setting next_dagrun for example_local_kubernetes_executor to None, run_after=None
[2023-05-27T14:44:30.134+0000] {processor.py:176} INFO - Processing /home/airflow/.local/lib/python3.7/site-packages/airflow/example_dags/example_local_kubernetes_executor.py took 0.280 seconds
[2023-05-27T14:45:00.511+0000] {processor.py:154} INFO - Started process (PID=807) to work on /home/airflow/.local/lib/python3.7/site-packages/airflow/example_dags/example_local_kubernetes_executor.py
[2023-05-27T14:45:00.514+0000] {processor.py:756} INFO - Processing file /home/airflow/.local/lib/python3.7/site-packages/airflow/example_dags/example_local_kubernetes_executor.py for tasks to queue
[2023-05-27T14:45:00.515+0000] {logging_mixin.py:120} INFO - [2023-05-27T14:45:00.515+0000] {dagbag.py:537} INFO - Filling up the DagBag from /home/airflow/.local/lib/python3.7/site-packages/airflow/example_dags/example_local_kubernetes_executor.py
[2023-05-27T14:45:00.582+0000] {processor.py:766} INFO - DAG(s) dict_keys(['example_local_kubernetes_executor']) retrieved from /home/airflow/.local/lib/python3.7/site-packages/airflow/example_dags/example_local_kubernetes_executor.py
[2023-05-27T14:45:00.668+0000] {logging_mixin.py:120} INFO - [2023-05-27T14:45:00.668+0000] {dag.py:2585} INFO - Sync 1 DAGs
[2023-05-27T14:45:00.699+0000] {logging_mixin.py:120} INFO - [2023-05-27T14:45:00.699+0000] {dag.py:3340} INFO - Setting next_dagrun for example_local_kubernetes_executor to None, run_after=None
[2023-05-27T14:45:00.722+0000] {processor.py:176} INFO - Processing /home/airflow/.local/lib/python3.7/site-packages/airflow/example_dags/example_local_kubernetes_executor.py took 0.219 seconds
[2023-05-27T14:45:31.560+0000] {processor.py:154} INFO - Started process (PID=860) to work on /home/airflow/.local/lib/python3.7/site-packages/airflow/example_dags/example_local_kubernetes_executor.py
[2023-05-27T14:45:31.564+0000] {processor.py:756} INFO - Processing file /home/airflow/.local/lib/python3.7/site-packages/airflow/example_dags/example_local_kubernetes_executor.py for tasks to queue
[2023-05-27T14:45:31.572+0000] {logging_mixin.py:120} INFO - [2023-05-27T14:45:31.571+0000] {dagbag.py:537} INFO - Filling up the DagBag from /home/airflow/.local/lib/python3.7/site-packages/airflow/example_dags/example_local_kubernetes_executor.py
[2023-05-27T14:45:31.615+0000] {processor.py:766} INFO - DAG(s) dict_keys(['example_local_kubernetes_executor']) retrieved from /home/airflow/.local/lib/python3.7/site-packages/airflow/example_dags/example_local_kubernetes_executor.py
[2023-05-27T14:45:31.669+0000] {logging_mixin.py:120} INFO - [2023-05-27T14:45:31.669+0000] {dag.py:2585} INFO - Sync 1 DAGs
[2023-05-27T14:45:31.706+0000] {logging_mixin.py:120} INFO - [2023-05-27T14:45:31.706+0000] {dag.py:3340} INFO - Setting next_dagrun for example_local_kubernetes_executor to None, run_after=None
[2023-05-27T14:45:31.730+0000] {processor.py:176} INFO - Processing /home/airflow/.local/lib/python3.7/site-packages/airflow/example_dags/example_local_kubernetes_executor.py took 0.174 seconds
[2023-05-27T14:46:02.027+0000] {processor.py:154} INFO - Started process (PID=923) to work on /home/airflow/.local/lib/python3.7/site-packages/airflow/example_dags/example_local_kubernetes_executor.py
[2023-05-27T14:46:02.029+0000] {processor.py:756} INFO - Processing file /home/airflow/.local/lib/python3.7/site-packages/airflow/example_dags/example_local_kubernetes_executor.py for tasks to queue
[2023-05-27T14:46:02.030+0000] {logging_mixin.py:120} INFO - [2023-05-27T14:46:02.030+0000] {dagbag.py:537} INFO - Filling up the DagBag from /home/airflow/.local/lib/python3.7/site-packages/airflow/example_dags/example_local_kubernetes_executor.py
[2023-05-27T14:46:02.072+0000] {processor.py:766} INFO - DAG(s) dict_keys(['example_local_kubernetes_executor']) retrieved from /home/airflow/.local/lib/python3.7/site-packages/airflow/example_dags/example_local_kubernetes_executor.py
[2023-05-27T14:46:02.122+0000] {logging_mixin.py:120} INFO - [2023-05-27T14:46:02.122+0000] {dag.py:2585} INFO - Sync 1 DAGs
[2023-05-27T14:46:02.154+0000] {logging_mixin.py:120} INFO - [2023-05-27T14:46:02.154+0000] {dag.py:3340} INFO - Setting next_dagrun for example_local_kubernetes_executor to None, run_after=None
[2023-05-27T14:46:02.179+0000] {processor.py:176} INFO - Processing /home/airflow/.local/lib/python3.7/site-packages/airflow/example_dags/example_local_kubernetes_executor.py took 0.156 seconds
[2023-05-27T14:46:32.573+0000] {processor.py:154} INFO - Started process (PID=977) to work on /home/airflow/.local/lib/python3.7/site-packages/airflow/example_dags/example_local_kubernetes_executor.py
[2023-05-27T14:46:32.588+0000] {processor.py:756} INFO - Processing file /home/airflow/.local/lib/python3.7/site-packages/airflow/example_dags/example_local_kubernetes_executor.py for tasks to queue
[2023-05-27T14:46:32.589+0000] {logging_mixin.py:120} INFO - [2023-05-27T14:46:32.589+0000] {dagbag.py:537} INFO - Filling up the DagBag from /home/airflow/.local/lib/python3.7/site-packages/airflow/example_dags/example_local_kubernetes_executor.py
[2023-05-27T14:46:32.696+0000] {processor.py:766} INFO - DAG(s) dict_keys(['example_local_kubernetes_executor']) retrieved from /home/airflow/.local/lib/python3.7/site-packages/airflow/example_dags/example_local_kubernetes_executor.py
[2023-05-27T14:46:32.775+0000] {logging_mixin.py:120} INFO - [2023-05-27T14:46:32.774+0000] {dag.py:2585} INFO - Sync 1 DAGs
[2023-05-27T14:46:32.806+0000] {logging_mixin.py:120} INFO - [2023-05-27T14:46:32.806+0000] {dag.py:3340} INFO - Setting next_dagrun for example_local_kubernetes_executor to None, run_after=None
[2023-05-27T14:46:32.831+0000] {processor.py:176} INFO - Processing /home/airflow/.local/lib/python3.7/site-packages/airflow/example_dags/example_local_kubernetes_executor.py took 0.263 seconds
[2023-05-27T14:47:03.104+0000] {processor.py:154} INFO - Started process (PID=1040) to work on /home/airflow/.local/lib/python3.7/site-packages/airflow/example_dags/example_local_kubernetes_executor.py
[2023-05-27T14:47:03.111+0000] {processor.py:756} INFO - Processing file /home/airflow/.local/lib/python3.7/site-packages/airflow/example_dags/example_local_kubernetes_executor.py for tasks to queue
[2023-05-27T14:47:03.112+0000] {logging_mixin.py:120} INFO - [2023-05-27T14:47:03.112+0000] {dagbag.py:537} INFO - Filling up the DagBag from /home/airflow/.local/lib/python3.7/site-packages/airflow/example_dags/example_local_kubernetes_executor.py
[2023-05-27T14:47:03.192+0000] {processor.py:766} INFO - DAG(s) dict_keys(['example_local_kubernetes_executor']) retrieved from /home/airflow/.local/lib/python3.7/site-packages/airflow/example_dags/example_local_kubernetes_executor.py
[2023-05-27T14:47:03.282+0000] {logging_mixin.py:120} INFO - [2023-05-27T14:47:03.282+0000] {dag.py:2585} INFO - Sync 1 DAGs
[2023-05-27T14:47:03.346+0000] {logging_mixin.py:120} INFO - [2023-05-27T14:47:03.346+0000] {dag.py:3340} INFO - Setting next_dagrun for example_local_kubernetes_executor to None, run_after=None
[2023-05-27T14:47:03.387+0000] {processor.py:176} INFO - Processing /home/airflow/.local/lib/python3.7/site-packages/airflow/example_dags/example_local_kubernetes_executor.py took 0.288 seconds
[2023-05-27T14:47:33.977+0000] {processor.py:154} INFO - Started process (PID=1095) to work on /home/airflow/.local/lib/python3.7/site-packages/airflow/example_dags/example_local_kubernetes_executor.py
[2023-05-27T14:47:33.979+0000] {processor.py:756} INFO - Processing file /home/airflow/.local/lib/python3.7/site-packages/airflow/example_dags/example_local_kubernetes_executor.py for tasks to queue
[2023-05-27T14:47:33.980+0000] {logging_mixin.py:120} INFO - [2023-05-27T14:47:33.980+0000] {dagbag.py:537} INFO - Filling up the DagBag from /home/airflow/.local/lib/python3.7/site-packages/airflow/example_dags/example_local_kubernetes_executor.py
[2023-05-27T14:47:34.043+0000] {processor.py:766} INFO - DAG(s) dict_keys(['example_local_kubernetes_executor']) retrieved from /home/airflow/.local/lib/python3.7/site-packages/airflow/example_dags/example_local_kubernetes_executor.py
[2023-05-27T14:47:34.177+0000] {logging_mixin.py:120} INFO - [2023-05-27T14:47:34.177+0000] {dag.py:2585} INFO - Sync 1 DAGs
[2023-05-27T14:47:34.284+0000] {logging_mixin.py:120} INFO - [2023-05-27T14:47:34.284+0000] {dag.py:3340} INFO - Setting next_dagrun for example_local_kubernetes_executor to None, run_after=None
[2023-05-27T14:47:34.340+0000] {processor.py:176} INFO - Processing /home/airflow/.local/lib/python3.7/site-packages/airflow/example_dags/example_local_kubernetes_executor.py took 0.367 seconds
[2023-05-27T14:48:04.603+0000] {processor.py:154} INFO - Started process (PID=1149) to work on /home/airflow/.local/lib/python3.7/site-packages/airflow/example_dags/example_local_kubernetes_executor.py
[2023-05-27T14:48:04.605+0000] {processor.py:756} INFO - Processing file /home/airflow/.local/lib/python3.7/site-packages/airflow/example_dags/example_local_kubernetes_executor.py for tasks to queue
[2023-05-27T14:48:04.605+0000] {logging_mixin.py:120} INFO - [2023-05-27T14:48:04.605+0000] {dagbag.py:537} INFO - Filling up the DagBag from /home/airflow/.local/lib/python3.7/site-packages/airflow/example_dags/example_local_kubernetes_executor.py
[2023-05-27T14:48:04.642+0000] {processor.py:766} INFO - DAG(s) dict_keys(['example_local_kubernetes_executor']) retrieved from /home/airflow/.local/lib/python3.7/site-packages/airflow/example_dags/example_local_kubernetes_executor.py
[2023-05-27T14:48:04.697+0000] {logging_mixin.py:120} INFO - [2023-05-27T14:48:04.697+0000] {dag.py:2585} INFO - Sync 1 DAGs
[2023-05-27T14:48:04.735+0000] {logging_mixin.py:120} INFO - [2023-05-27T14:48:04.735+0000] {dag.py:3340} INFO - Setting next_dagrun for example_local_kubernetes_executor to None, run_after=None
[2023-05-27T14:48:04.762+0000] {processor.py:176} INFO - Processing /home/airflow/.local/lib/python3.7/site-packages/airflow/example_dags/example_local_kubernetes_executor.py took 0.164 seconds
[2023-05-27T14:48:35.284+0000] {processor.py:154} INFO - Started process (PID=1211) to work on /home/airflow/.local/lib/python3.7/site-packages/airflow/example_dags/example_local_kubernetes_executor.py
[2023-05-27T14:48:35.286+0000] {processor.py:756} INFO - Processing file /home/airflow/.local/lib/python3.7/site-packages/airflow/example_dags/example_local_kubernetes_executor.py for tasks to queue
[2023-05-27T14:48:35.287+0000] {logging_mixin.py:120} INFO - [2023-05-27T14:48:35.287+0000] {dagbag.py:537} INFO - Filling up the DagBag from /home/airflow/.local/lib/python3.7/site-packages/airflow/example_dags/example_local_kubernetes_executor.py
[2023-05-27T14:48:35.414+0000] {processor.py:766} INFO - DAG(s) dict_keys(['example_local_kubernetes_executor']) retrieved from /home/airflow/.local/lib/python3.7/site-packages/airflow/example_dags/example_local_kubernetes_executor.py
[2023-05-27T14:48:35.582+0000] {logging_mixin.py:120} INFO - [2023-05-27T14:48:35.580+0000] {dag.py:2585} INFO - Sync 1 DAGs
[2023-05-27T14:48:35.692+0000] {logging_mixin.py:120} INFO - [2023-05-27T14:48:35.692+0000] {dag.py:3340} INFO - Setting next_dagrun for example_local_kubernetes_executor to None, run_after=None
[2023-05-27T14:48:35.744+0000] {processor.py:176} INFO - Processing /home/airflow/.local/lib/python3.7/site-packages/airflow/example_dags/example_local_kubernetes_executor.py took 0.464 seconds
[2023-05-27T14:49:06.476+0000] {processor.py:154} INFO - Started process (PID=1265) to work on /home/airflow/.local/lib/python3.7/site-packages/airflow/example_dags/example_local_kubernetes_executor.py
[2023-05-27T14:49:06.479+0000] {processor.py:756} INFO - Processing file /home/airflow/.local/lib/python3.7/site-packages/airflow/example_dags/example_local_kubernetes_executor.py for tasks to queue
[2023-05-27T14:49:06.479+0000] {logging_mixin.py:120} INFO - [2023-05-27T14:49:06.479+0000] {dagbag.py:537} INFO - Filling up the DagBag from /home/airflow/.local/lib/python3.7/site-packages/airflow/example_dags/example_local_kubernetes_executor.py
[2023-05-27T14:49:06.517+0000] {processor.py:766} INFO - DAG(s) dict_keys(['example_local_kubernetes_executor']) retrieved from /home/airflow/.local/lib/python3.7/site-packages/airflow/example_dags/example_local_kubernetes_executor.py
[2023-05-27T14:49:06.566+0000] {logging_mixin.py:120} INFO - [2023-05-27T14:49:06.566+0000] {dag.py:2585} INFO - Sync 1 DAGs
[2023-05-27T14:49:06.609+0000] {logging_mixin.py:120} INFO - [2023-05-27T14:49:06.609+0000] {dag.py:3340} INFO - Setting next_dagrun for example_local_kubernetes_executor to None, run_after=None
[2023-05-27T14:49:06.632+0000] {processor.py:176} INFO - Processing /home/airflow/.local/lib/python3.7/site-packages/airflow/example_dags/example_local_kubernetes_executor.py took 0.159 seconds
[2023-05-27T14:49:37.191+0000] {processor.py:154} INFO - Started process (PID=1328) to work on /home/airflow/.local/lib/python3.7/site-packages/airflow/example_dags/example_local_kubernetes_executor.py
[2023-05-27T14:49:37.193+0000] {processor.py:756} INFO - Processing file /home/airflow/.local/lib/python3.7/site-packages/airflow/example_dags/example_local_kubernetes_executor.py for tasks to queue
[2023-05-27T14:49:37.194+0000] {logging_mixin.py:120} INFO - [2023-05-27T14:49:37.194+0000] {dagbag.py:537} INFO - Filling up the DagBag from /home/airflow/.local/lib/python3.7/site-packages/airflow/example_dags/example_local_kubernetes_executor.py
[2023-05-27T14:49:37.233+0000] {processor.py:766} INFO - DAG(s) dict_keys(['example_local_kubernetes_executor']) retrieved from /home/airflow/.local/lib/python3.7/site-packages/airflow/example_dags/example_local_kubernetes_executor.py
[2023-05-27T14:49:37.284+0000] {logging_mixin.py:120} INFO - [2023-05-27T14:49:37.284+0000] {dag.py:2585} INFO - Sync 1 DAGs
[2023-05-27T14:49:37.316+0000] {logging_mixin.py:120} INFO - [2023-05-27T14:49:37.315+0000] {dag.py:3340} INFO - Setting next_dagrun for example_local_kubernetes_executor to None, run_after=None
[2023-05-27T14:49:37.337+0000] {processor.py:176} INFO - Processing /home/airflow/.local/lib/python3.7/site-packages/airflow/example_dags/example_local_kubernetes_executor.py took 0.150 seconds
[2023-05-27T14:50:07.983+0000] {processor.py:154} INFO - Started process (PID=1384) to work on /home/airflow/.local/lib/python3.7/site-packages/airflow/example_dags/example_local_kubernetes_executor.py
[2023-05-27T14:50:07.989+0000] {processor.py:756} INFO - Processing file /home/airflow/.local/lib/python3.7/site-packages/airflow/example_dags/example_local_kubernetes_executor.py for tasks to queue
[2023-05-27T14:50:07.990+0000] {logging_mixin.py:120} INFO - [2023-05-27T14:50:07.990+0000] {dagbag.py:537} INFO - Filling up the DagBag from /home/airflow/.local/lib/python3.7/site-packages/airflow/example_dags/example_local_kubernetes_executor.py
[2023-05-27T14:50:08.083+0000] {processor.py:766} INFO - DAG(s) dict_keys(['example_local_kubernetes_executor']) retrieved from /home/airflow/.local/lib/python3.7/site-packages/airflow/example_dags/example_local_kubernetes_executor.py
[2023-05-27T14:50:08.200+0000] {logging_mixin.py:120} INFO - [2023-05-27T14:50:08.199+0000] {dag.py:2585} INFO - Sync 1 DAGs
[2023-05-27T14:50:08.245+0000] {logging_mixin.py:120} INFO - [2023-05-27T14:50:08.245+0000] {dag.py:3340} INFO - Setting next_dagrun for example_local_kubernetes_executor to None, run_after=None
[2023-05-27T14:50:08.297+0000] {processor.py:176} INFO - Processing /home/airflow/.local/lib/python3.7/site-packages/airflow/example_dags/example_local_kubernetes_executor.py took 0.319 seconds
[2023-05-27T14:50:38.425+0000] {processor.py:154} INFO - Started process (PID=1448) to work on /home/airflow/.local/lib/python3.7/site-packages/airflow/example_dags/example_local_kubernetes_executor.py
[2023-05-27T14:50:38.431+0000] {processor.py:756} INFO - Processing file /home/airflow/.local/lib/python3.7/site-packages/airflow/example_dags/example_local_kubernetes_executor.py for tasks to queue
[2023-05-27T14:50:38.431+0000] {logging_mixin.py:120} INFO - [2023-05-27T14:50:38.431+0000] {dagbag.py:537} INFO - Filling up the DagBag from /home/airflow/.local/lib/python3.7/site-packages/airflow/example_dags/example_local_kubernetes_executor.py
[2023-05-27T14:50:38.498+0000] {processor.py:766} INFO - DAG(s) dict_keys(['example_local_kubernetes_executor']) retrieved from /home/airflow/.local/lib/python3.7/site-packages/airflow/example_dags/example_local_kubernetes_executor.py
[2023-05-27T14:50:38.575+0000] {logging_mixin.py:120} INFO - [2023-05-27T14:50:38.574+0000] {dag.py:2585} INFO - Sync 1 DAGs
[2023-05-27T14:50:38.606+0000] {logging_mixin.py:120} INFO - [2023-05-27T14:50:38.606+0000] {dag.py:3340} INFO - Setting next_dagrun for example_local_kubernetes_executor to None, run_after=None
[2023-05-27T14:50:38.648+0000] {processor.py:176} INFO - Processing /home/airflow/.local/lib/python3.7/site-packages/airflow/example_dags/example_local_kubernetes_executor.py took 0.228 seconds
[2023-05-27T14:51:14.358+0000] {processor.py:154} INFO - Started process (PID=1501) to work on /home/airflow/.local/lib/python3.7/site-packages/airflow/example_dags/example_local_kubernetes_executor.py
[2023-05-27T14:51:14.365+0000] {processor.py:756} INFO - Processing file /home/airflow/.local/lib/python3.7/site-packages/airflow/example_dags/example_local_kubernetes_executor.py for tasks to queue
[2023-05-27T14:51:14.366+0000] {logging_mixin.py:120} INFO - [2023-05-27T14:51:14.366+0000] {dagbag.py:537} INFO - Filling up the DagBag from /home/airflow/.local/lib/python3.7/site-packages/airflow/example_dags/example_local_kubernetes_executor.py
[2023-05-27T14:51:14.411+0000] {processor.py:766} INFO - DAG(s) dict_keys(['example_local_kubernetes_executor']) retrieved from /home/airflow/.local/lib/python3.7/site-packages/airflow/example_dags/example_local_kubernetes_executor.py
[2023-05-27T14:51:14.485+0000] {logging_mixin.py:120} INFO - [2023-05-27T14:51:14.485+0000] {dag.py:2585} INFO - Sync 1 DAGs
[2023-05-27T14:51:14.537+0000] {logging_mixin.py:120} INFO - [2023-05-27T14:51:14.537+0000] {dag.py:3340} INFO - Setting next_dagrun for example_local_kubernetes_executor to None, run_after=None
[2023-05-27T14:51:14.560+0000] {processor.py:176} INFO - Processing /home/airflow/.local/lib/python3.7/site-packages/airflow/example_dags/example_local_kubernetes_executor.py took 0.207 seconds
[2023-05-27T14:51:44.767+0000] {processor.py:154} INFO - Started process (PID=1555) to work on /home/airflow/.local/lib/python3.7/site-packages/airflow/example_dags/example_local_kubernetes_executor.py
[2023-05-27T14:51:44.769+0000] {processor.py:756} INFO - Processing file /home/airflow/.local/lib/python3.7/site-packages/airflow/example_dags/example_local_kubernetes_executor.py for tasks to queue
[2023-05-27T14:51:44.769+0000] {logging_mixin.py:120} INFO - [2023-05-27T14:51:44.769+0000] {dagbag.py:537} INFO - Filling up the DagBag from /home/airflow/.local/lib/python3.7/site-packages/airflow/example_dags/example_local_kubernetes_executor.py
[2023-05-27T14:51:44.814+0000] {processor.py:766} INFO - DAG(s) dict_keys(['example_local_kubernetes_executor']) retrieved from /home/airflow/.local/lib/python3.7/site-packages/airflow/example_dags/example_local_kubernetes_executor.py
[2023-05-27T14:51:44.866+0000] {logging_mixin.py:120} INFO - [2023-05-27T14:51:44.866+0000] {dag.py:2585} INFO - Sync 1 DAGs
[2023-05-27T14:51:44.900+0000] {logging_mixin.py:120} INFO - [2023-05-27T14:51:44.900+0000] {dag.py:3340} INFO - Setting next_dagrun for example_local_kubernetes_executor to None, run_after=None
[2023-05-27T14:51:44.922+0000] {processor.py:176} INFO - Processing /home/airflow/.local/lib/python3.7/site-packages/airflow/example_dags/example_local_kubernetes_executor.py took 0.159 seconds
[2023-05-27T14:52:15.666+0000] {processor.py:154} INFO - Started process (PID=1618) to work on /home/airflow/.local/lib/python3.7/site-packages/airflow/example_dags/example_local_kubernetes_executor.py
[2023-05-27T14:52:15.669+0000] {processor.py:756} INFO - Processing file /home/airflow/.local/lib/python3.7/site-packages/airflow/example_dags/example_local_kubernetes_executor.py for tasks to queue
[2023-05-27T14:52:15.670+0000] {logging_mixin.py:120} INFO - [2023-05-27T14:52:15.670+0000] {dagbag.py:537} INFO - Filling up the DagBag from /home/airflow/.local/lib/python3.7/site-packages/airflow/example_dags/example_local_kubernetes_executor.py
[2023-05-27T14:52:15.704+0000] {processor.py:766} INFO - DAG(s) dict_keys(['example_local_kubernetes_executor']) retrieved from /home/airflow/.local/lib/python3.7/site-packages/airflow/example_dags/example_local_kubernetes_executor.py
[2023-05-27T14:52:15.756+0000] {logging_mixin.py:120} INFO - [2023-05-27T14:52:15.755+0000] {dag.py:2585} INFO - Sync 1 DAGs
[2023-05-27T14:52:15.828+0000] {logging_mixin.py:120} INFO - [2023-05-27T14:52:15.828+0000] {dag.py:3340} INFO - Setting next_dagrun for example_local_kubernetes_executor to None, run_after=None
[2023-05-27T14:52:15.853+0000] {processor.py:176} INFO - Processing /home/airflow/.local/lib/python3.7/site-packages/airflow/example_dags/example_local_kubernetes_executor.py took 0.190 seconds
[2023-05-27T14:52:46.531+0000] {processor.py:154} INFO - Started process (PID=1670) to work on /home/airflow/.local/lib/python3.7/site-packages/airflow/example_dags/example_local_kubernetes_executor.py
[2023-05-27T14:52:46.535+0000] {processor.py:756} INFO - Processing file /home/airflow/.local/lib/python3.7/site-packages/airflow/example_dags/example_local_kubernetes_executor.py for tasks to queue
[2023-05-27T14:52:46.536+0000] {logging_mixin.py:120} INFO - [2023-05-27T14:52:46.536+0000] {dagbag.py:537} INFO - Filling up the DagBag from /home/airflow/.local/lib/python3.7/site-packages/airflow/example_dags/example_local_kubernetes_executor.py
[2023-05-27T14:52:46.591+0000] {processor.py:766} INFO - DAG(s) dict_keys(['example_local_kubernetes_executor']) retrieved from /home/airflow/.local/lib/python3.7/site-packages/airflow/example_dags/example_local_kubernetes_executor.py
[2023-05-27T14:52:46.644+0000] {logging_mixin.py:120} INFO - [2023-05-27T14:52:46.643+0000] {dag.py:2585} INFO - Sync 1 DAGs
[2023-05-27T14:52:46.674+0000] {logging_mixin.py:120} INFO - [2023-05-27T14:52:46.674+0000] {dag.py:3340} INFO - Setting next_dagrun for example_local_kubernetes_executor to None, run_after=None
[2023-05-27T14:52:46.697+0000] {processor.py:176} INFO - Processing /home/airflow/.local/lib/python3.7/site-packages/airflow/example_dags/example_local_kubernetes_executor.py took 0.170 seconds
[2023-05-27T14:53:17.621+0000] {processor.py:154} INFO - Started process (PID=1724) to work on /home/airflow/.local/lib/python3.7/site-packages/airflow/example_dags/example_local_kubernetes_executor.py
[2023-05-27T14:53:17.623+0000] {processor.py:756} INFO - Processing file /home/airflow/.local/lib/python3.7/site-packages/airflow/example_dags/example_local_kubernetes_executor.py for tasks to queue
[2023-05-27T14:53:17.624+0000] {logging_mixin.py:120} INFO - [2023-05-27T14:53:17.624+0000] {dagbag.py:537} INFO - Filling up the DagBag from /home/airflow/.local/lib/python3.7/site-packages/airflow/example_dags/example_local_kubernetes_executor.py
[2023-05-27T14:53:17.653+0000] {processor.py:766} INFO - DAG(s) dict_keys(['example_local_kubernetes_executor']) retrieved from /home/airflow/.local/lib/python3.7/site-packages/airflow/example_dags/example_local_kubernetes_executor.py
[2023-05-27T14:53:17.707+0000] {logging_mixin.py:120} INFO - [2023-05-27T14:53:17.707+0000] {dag.py:2585} INFO - Sync 1 DAGs
[2023-05-27T14:53:17.743+0000] {logging_mixin.py:120} INFO - [2023-05-27T14:53:17.743+0000] {dag.py:3340} INFO - Setting next_dagrun for example_local_kubernetes_executor to None, run_after=None
[2023-05-27T14:53:17.768+0000] {processor.py:176} INFO - Processing /home/airflow/.local/lib/python3.7/site-packages/airflow/example_dags/example_local_kubernetes_executor.py took 0.151 seconds
