[2023-05-27T14:38:34.711+0000] {processor.py:154} INFO - Started process (PID=79) to work on /home/airflow/.local/lib/python3.7/site-packages/airflow/example_dags/example_branch_day_of_week_operator.py
[2023-05-27T14:38:34.712+0000] {processor.py:756} INFO - Processing file /home/airflow/.local/lib/python3.7/site-packages/airflow/example_dags/example_branch_day_of_week_operator.py for tasks to queue
[2023-05-27T14:38:34.713+0000] {logging_mixin.py:120} INFO - [2023-05-27T14:38:34.713+0000] {dagbag.py:537} INFO - Filling up the DagBag from /home/airflow/.local/lib/python3.7/site-packages/airflow/example_dags/example_branch_day_of_week_operator.py
[2023-05-27T14:38:34.769+0000] {processor.py:766} INFO - DAG(s) dict_keys(['example_weekday_branch_operator']) retrieved from /home/airflow/.local/lib/python3.7/site-packages/airflow/example_dags/example_branch_day_of_week_operator.py
[2023-05-27T14:38:35.096+0000] {logging_mixin.py:120} INFO - [2023-05-27T14:38:35.096+0000] {manager.py:507} INFO - Created Permission View: can read on DAG:example_weekday_branch_operator
[2023-05-27T14:38:35.114+0000] {logging_mixin.py:120} INFO - [2023-05-27T14:38:35.114+0000] {manager.py:507} INFO - Created Permission View: can edit on DAG:example_weekday_branch_operator
[2023-05-27T14:38:35.128+0000] {logging_mixin.py:120} INFO - [2023-05-27T14:38:35.128+0000] {manager.py:507} INFO - Created Permission View: can delete on DAG:example_weekday_branch_operator
[2023-05-27T14:38:35.128+0000] {logging_mixin.py:120} INFO - [2023-05-27T14:38:35.128+0000] {dag.py:2585} INFO - Sync 1 DAGs
[2023-05-27T14:38:35.163+0000] {logging_mixin.py:120} INFO - [2023-05-27T14:38:35.162+0000] {dag.py:2606} INFO - Creating ORM DAG for example_weekday_branch_operator
[2023-05-27T14:38:35.187+0000] {logging_mixin.py:120} INFO - [2023-05-27T14:38:35.187+0000] {dag.py:3340} INFO - Setting next_dagrun for example_weekday_branch_operator to 2023-05-26T00:00:00+00:00, run_after=2023-05-27T00:00:00+00:00
[2023-05-27T14:38:35.227+0000] {processor.py:176} INFO - Processing /home/airflow/.local/lib/python3.7/site-packages/airflow/example_dags/example_branch_day_of_week_operator.py took 0.522 seconds
[2023-05-27T14:39:05.413+0000] {processor.py:154} INFO - Started process (PID=142) to work on /home/airflow/.local/lib/python3.7/site-packages/airflow/example_dags/example_branch_day_of_week_operator.py
[2023-05-27T14:39:05.416+0000] {processor.py:756} INFO - Processing file /home/airflow/.local/lib/python3.7/site-packages/airflow/example_dags/example_branch_day_of_week_operator.py for tasks to queue
[2023-05-27T14:39:05.417+0000] {logging_mixin.py:120} INFO - [2023-05-27T14:39:05.417+0000] {dagbag.py:537} INFO - Filling up the DagBag from /home/airflow/.local/lib/python3.7/site-packages/airflow/example_dags/example_branch_day_of_week_operator.py
[2023-05-27T14:39:05.450+0000] {processor.py:766} INFO - DAG(s) dict_keys(['example_weekday_branch_operator']) retrieved from /home/airflow/.local/lib/python3.7/site-packages/airflow/example_dags/example_branch_day_of_week_operator.py
[2023-05-27T14:39:05.510+0000] {logging_mixin.py:120} INFO - [2023-05-27T14:39:05.510+0000] {dag.py:2585} INFO - Sync 1 DAGs
[2023-05-27T14:39:05.545+0000] {logging_mixin.py:120} INFO - [2023-05-27T14:39:05.545+0000] {dag.py:3340} INFO - Setting next_dagrun for example_weekday_branch_operator to 2023-05-26T00:00:00+00:00, run_after=2023-05-27T00:00:00+00:00
[2023-05-27T14:39:05.568+0000] {processor.py:176} INFO - Processing /home/airflow/.local/lib/python3.7/site-packages/airflow/example_dags/example_branch_day_of_week_operator.py took 0.162 seconds
[2023-05-27T14:39:36.141+0000] {processor.py:154} INFO - Started process (PID=198) to work on /home/airflow/.local/lib/python3.7/site-packages/airflow/example_dags/example_branch_day_of_week_operator.py
[2023-05-27T14:39:36.152+0000] {processor.py:756} INFO - Processing file /home/airflow/.local/lib/python3.7/site-packages/airflow/example_dags/example_branch_day_of_week_operator.py for tasks to queue
[2023-05-27T14:39:36.153+0000] {logging_mixin.py:120} INFO - [2023-05-27T14:39:36.152+0000] {dagbag.py:537} INFO - Filling up the DagBag from /home/airflow/.local/lib/python3.7/site-packages/airflow/example_dags/example_branch_day_of_week_operator.py
[2023-05-27T14:39:36.179+0000] {processor.py:766} INFO - DAG(s) dict_keys(['example_weekday_branch_operator']) retrieved from /home/airflow/.local/lib/python3.7/site-packages/airflow/example_dags/example_branch_day_of_week_operator.py
[2023-05-27T14:39:36.237+0000] {logging_mixin.py:120} INFO - [2023-05-27T14:39:36.236+0000] {dag.py:2585} INFO - Sync 1 DAGs
[2023-05-27T14:39:36.280+0000] {logging_mixin.py:120} INFO - [2023-05-27T14:39:36.280+0000] {dag.py:3340} INFO - Setting next_dagrun for example_weekday_branch_operator to 2023-05-26T00:00:00+00:00, run_after=2023-05-27T00:00:00+00:00
[2023-05-27T14:39:36.303+0000] {processor.py:176} INFO - Processing /home/airflow/.local/lib/python3.7/site-packages/airflow/example_dags/example_branch_day_of_week_operator.py took 0.167 seconds
[2023-05-27T14:40:06.461+0000] {processor.py:154} INFO - Started process (PID=260) to work on /home/airflow/.local/lib/python3.7/site-packages/airflow/example_dags/example_branch_day_of_week_operator.py
[2023-05-27T14:40:06.468+0000] {processor.py:756} INFO - Processing file /home/airflow/.local/lib/python3.7/site-packages/airflow/example_dags/example_branch_day_of_week_operator.py for tasks to queue
[2023-05-27T14:40:06.469+0000] {logging_mixin.py:120} INFO - [2023-05-27T14:40:06.469+0000] {dagbag.py:537} INFO - Filling up the DagBag from /home/airflow/.local/lib/python3.7/site-packages/airflow/example_dags/example_branch_day_of_week_operator.py
[2023-05-27T14:40:06.499+0000] {processor.py:766} INFO - DAG(s) dict_keys(['example_weekday_branch_operator']) retrieved from /home/airflow/.local/lib/python3.7/site-packages/airflow/example_dags/example_branch_day_of_week_operator.py
[2023-05-27T14:40:06.553+0000] {logging_mixin.py:120} INFO - [2023-05-27T14:40:06.553+0000] {dag.py:2585} INFO - Sync 1 DAGs
[2023-05-27T14:40:06.588+0000] {logging_mixin.py:120} INFO - [2023-05-27T14:40:06.588+0000] {dag.py:3340} INFO - Setting next_dagrun for example_weekday_branch_operator to 2023-05-26T00:00:00+00:00, run_after=2023-05-27T00:00:00+00:00
[2023-05-27T14:40:06.612+0000] {processor.py:176} INFO - Processing /home/airflow/.local/lib/python3.7/site-packages/airflow/example_dags/example_branch_day_of_week_operator.py took 0.157 seconds
[2023-05-27T14:40:36.900+0000] {processor.py:154} INFO - Started process (PID=314) to work on /home/airflow/.local/lib/python3.7/site-packages/airflow/example_dags/example_branch_day_of_week_operator.py
[2023-05-27T14:40:36.902+0000] {processor.py:756} INFO - Processing file /home/airflow/.local/lib/python3.7/site-packages/airflow/example_dags/example_branch_day_of_week_operator.py for tasks to queue
[2023-05-27T14:40:36.904+0000] {logging_mixin.py:120} INFO - [2023-05-27T14:40:36.904+0000] {dagbag.py:537} INFO - Filling up the DagBag from /home/airflow/.local/lib/python3.7/site-packages/airflow/example_dags/example_branch_day_of_week_operator.py
[2023-05-27T14:40:36.949+0000] {processor.py:766} INFO - DAG(s) dict_keys(['example_weekday_branch_operator']) retrieved from /home/airflow/.local/lib/python3.7/site-packages/airflow/example_dags/example_branch_day_of_week_operator.py
[2023-05-27T14:40:36.998+0000] {logging_mixin.py:120} INFO - [2023-05-27T14:40:36.998+0000] {dag.py:2585} INFO - Sync 1 DAGs
[2023-05-27T14:40:37.033+0000] {logging_mixin.py:120} INFO - [2023-05-27T14:40:37.033+0000] {dag.py:3340} INFO - Setting next_dagrun for example_weekday_branch_operator to 2023-05-26T00:00:00+00:00, run_after=2023-05-27T00:00:00+00:00
[2023-05-27T14:40:37.057+0000] {processor.py:176} INFO - Processing /home/airflow/.local/lib/python3.7/site-packages/airflow/example_dags/example_branch_day_of_week_operator.py took 0.164 seconds
[2023-05-27T14:41:07.850+0000] {processor.py:154} INFO - Started process (PID=378) to work on /home/airflow/.local/lib/python3.7/site-packages/airflow/example_dags/example_branch_day_of_week_operator.py
[2023-05-27T14:41:07.852+0000] {processor.py:756} INFO - Processing file /home/airflow/.local/lib/python3.7/site-packages/airflow/example_dags/example_branch_day_of_week_operator.py for tasks to queue
[2023-05-27T14:41:07.853+0000] {logging_mixin.py:120} INFO - [2023-05-27T14:41:07.853+0000] {dagbag.py:537} INFO - Filling up the DagBag from /home/airflow/.local/lib/python3.7/site-packages/airflow/example_dags/example_branch_day_of_week_operator.py
[2023-05-27T14:41:07.916+0000] {processor.py:766} INFO - DAG(s) dict_keys(['example_weekday_branch_operator']) retrieved from /home/airflow/.local/lib/python3.7/site-packages/airflow/example_dags/example_branch_day_of_week_operator.py
[2023-05-27T14:41:07.994+0000] {logging_mixin.py:120} INFO - [2023-05-27T14:41:07.993+0000] {dag.py:2585} INFO - Sync 1 DAGs
[2023-05-27T14:41:08.042+0000] {logging_mixin.py:120} INFO - [2023-05-27T14:41:08.042+0000] {dag.py:3340} INFO - Setting next_dagrun for example_weekday_branch_operator to 2023-05-26T00:00:00+00:00, run_after=2023-05-27T00:00:00+00:00
[2023-05-27T14:41:08.082+0000] {processor.py:176} INFO - Processing /home/airflow/.local/lib/python3.7/site-packages/airflow/example_dags/example_branch_day_of_week_operator.py took 0.238 seconds
[2023-05-27T14:41:38.621+0000] {processor.py:154} INFO - Started process (PID=433) to work on /home/airflow/.local/lib/python3.7/site-packages/airflow/example_dags/example_branch_day_of_week_operator.py
[2023-05-27T14:41:38.622+0000] {processor.py:756} INFO - Processing file /home/airflow/.local/lib/python3.7/site-packages/airflow/example_dags/example_branch_day_of_week_operator.py for tasks to queue
[2023-05-27T14:41:38.623+0000] {logging_mixin.py:120} INFO - [2023-05-27T14:41:38.622+0000] {dagbag.py:537} INFO - Filling up the DagBag from /home/airflow/.local/lib/python3.7/site-packages/airflow/example_dags/example_branch_day_of_week_operator.py
[2023-05-27T14:41:38.647+0000] {processor.py:766} INFO - DAG(s) dict_keys(['example_weekday_branch_operator']) retrieved from /home/airflow/.local/lib/python3.7/site-packages/airflow/example_dags/example_branch_day_of_week_operator.py
[2023-05-27T14:41:38.711+0000] {logging_mixin.py:120} INFO - [2023-05-27T14:41:38.711+0000] {dag.py:2585} INFO - Sync 1 DAGs
[2023-05-27T14:41:38.745+0000] {logging_mixin.py:120} INFO - [2023-05-27T14:41:38.745+0000] {dag.py:3340} INFO - Setting next_dagrun for example_weekday_branch_operator to 2023-05-26T00:00:00+00:00, run_after=2023-05-27T00:00:00+00:00
[2023-05-27T14:41:38.767+0000] {processor.py:176} INFO - Processing /home/airflow/.local/lib/python3.7/site-packages/airflow/example_dags/example_branch_day_of_week_operator.py took 0.150 seconds
[2023-05-27T14:42:08.893+0000] {processor.py:154} INFO - Started process (PID=487) to work on /home/airflow/.local/lib/python3.7/site-packages/airflow/example_dags/example_branch_day_of_week_operator.py
[2023-05-27T14:42:08.895+0000] {processor.py:756} INFO - Processing file /home/airflow/.local/lib/python3.7/site-packages/airflow/example_dags/example_branch_day_of_week_operator.py for tasks to queue
[2023-05-27T14:42:08.895+0000] {logging_mixin.py:120} INFO - [2023-05-27T14:42:08.895+0000] {dagbag.py:537} INFO - Filling up the DagBag from /home/airflow/.local/lib/python3.7/site-packages/airflow/example_dags/example_branch_day_of_week_operator.py
[2023-05-27T14:42:08.922+0000] {processor.py:766} INFO - DAG(s) dict_keys(['example_weekday_branch_operator']) retrieved from /home/airflow/.local/lib/python3.7/site-packages/airflow/example_dags/example_branch_day_of_week_operator.py
[2023-05-27T14:42:08.976+0000] {logging_mixin.py:120} INFO - [2023-05-27T14:42:08.976+0000] {dag.py:2585} INFO - Sync 1 DAGs
[2023-05-27T14:42:09.010+0000] {logging_mixin.py:120} INFO - [2023-05-27T14:42:09.010+0000] {dag.py:3340} INFO - Setting next_dagrun for example_weekday_branch_operator to 2023-05-26T00:00:00+00:00, run_after=2023-05-27T00:00:00+00:00
[2023-05-27T14:42:09.036+0000] {processor.py:176} INFO - Processing /home/airflow/.local/lib/python3.7/site-packages/airflow/example_dags/example_branch_day_of_week_operator.py took 0.152 seconds
[2023-05-27T14:42:39.456+0000] {processor.py:154} INFO - Started process (PID=551) to work on /home/airflow/.local/lib/python3.7/site-packages/airflow/example_dags/example_branch_day_of_week_operator.py
[2023-05-27T14:42:39.457+0000] {processor.py:756} INFO - Processing file /home/airflow/.local/lib/python3.7/site-packages/airflow/example_dags/example_branch_day_of_week_operator.py for tasks to queue
[2023-05-27T14:42:39.458+0000] {logging_mixin.py:120} INFO - [2023-05-27T14:42:39.458+0000] {dagbag.py:537} INFO - Filling up the DagBag from /home/airflow/.local/lib/python3.7/site-packages/airflow/example_dags/example_branch_day_of_week_operator.py
[2023-05-27T14:42:39.480+0000] {processor.py:766} INFO - DAG(s) dict_keys(['example_weekday_branch_operator']) retrieved from /home/airflow/.local/lib/python3.7/site-packages/airflow/example_dags/example_branch_day_of_week_operator.py
[2023-05-27T14:42:39.533+0000] {logging_mixin.py:120} INFO - [2023-05-27T14:42:39.533+0000] {dag.py:2585} INFO - Sync 1 DAGs
[2023-05-27T14:42:39.568+0000] {logging_mixin.py:120} INFO - [2023-05-27T14:42:39.568+0000] {dag.py:3340} INFO - Setting next_dagrun for example_weekday_branch_operator to 2023-05-26T00:00:00+00:00, run_after=2023-05-27T00:00:00+00:00
[2023-05-27T14:42:39.609+0000] {processor.py:176} INFO - Processing /home/airflow/.local/lib/python3.7/site-packages/airflow/example_dags/example_branch_day_of_week_operator.py took 0.158 seconds
[2023-05-27T14:43:10.276+0000] {processor.py:154} INFO - Started process (PID=604) to work on /home/airflow/.local/lib/python3.7/site-packages/airflow/example_dags/example_branch_day_of_week_operator.py
[2023-05-27T14:43:10.278+0000] {processor.py:756} INFO - Processing file /home/airflow/.local/lib/python3.7/site-packages/airflow/example_dags/example_branch_day_of_week_operator.py for tasks to queue
[2023-05-27T14:43:10.278+0000] {logging_mixin.py:120} INFO - [2023-05-27T14:43:10.278+0000] {dagbag.py:537} INFO - Filling up the DagBag from /home/airflow/.local/lib/python3.7/site-packages/airflow/example_dags/example_branch_day_of_week_operator.py
[2023-05-27T14:43:10.314+0000] {processor.py:766} INFO - DAG(s) dict_keys(['example_weekday_branch_operator']) retrieved from /home/airflow/.local/lib/python3.7/site-packages/airflow/example_dags/example_branch_day_of_week_operator.py
[2023-05-27T14:43:10.370+0000] {logging_mixin.py:120} INFO - [2023-05-27T14:43:10.369+0000] {dag.py:2585} INFO - Sync 1 DAGs
[2023-05-27T14:43:10.408+0000] {logging_mixin.py:120} INFO - [2023-05-27T14:43:10.408+0000] {dag.py:3340} INFO - Setting next_dagrun for example_weekday_branch_operator to 2023-05-26T00:00:00+00:00, run_after=2023-05-27T00:00:00+00:00
[2023-05-27T14:43:10.437+0000] {processor.py:176} INFO - Processing /home/airflow/.local/lib/python3.7/site-packages/airflow/example_dags/example_branch_day_of_week_operator.py took 0.165 seconds
[2023-05-27T14:43:41.216+0000] {processor.py:154} INFO - Started process (PID=667) to work on /home/airflow/.local/lib/python3.7/site-packages/airflow/example_dags/example_branch_day_of_week_operator.py
[2023-05-27T14:43:41.223+0000] {processor.py:756} INFO - Processing file /home/airflow/.local/lib/python3.7/site-packages/airflow/example_dags/example_branch_day_of_week_operator.py for tasks to queue
[2023-05-27T14:43:41.224+0000] {logging_mixin.py:120} INFO - [2023-05-27T14:43:41.224+0000] {dagbag.py:537} INFO - Filling up the DagBag from /home/airflow/.local/lib/python3.7/site-packages/airflow/example_dags/example_branch_day_of_week_operator.py
[2023-05-27T14:43:41.252+0000] {processor.py:766} INFO - DAG(s) dict_keys(['example_weekday_branch_operator']) retrieved from /home/airflow/.local/lib/python3.7/site-packages/airflow/example_dags/example_branch_day_of_week_operator.py
[2023-05-27T14:43:41.312+0000] {logging_mixin.py:120} INFO - [2023-05-27T14:43:41.311+0000] {dag.py:2585} INFO - Sync 1 DAGs
[2023-05-27T14:43:41.353+0000] {logging_mixin.py:120} INFO - [2023-05-27T14:43:41.353+0000] {dag.py:3340} INFO - Setting next_dagrun for example_weekday_branch_operator to 2023-05-26T00:00:00+00:00, run_after=2023-05-27T00:00:00+00:00
[2023-05-27T14:43:41.378+0000] {processor.py:176} INFO - Processing /home/airflow/.local/lib/python3.7/site-packages/airflow/example_dags/example_branch_day_of_week_operator.py took 0.170 seconds
[2023-05-27T14:44:12.035+0000] {processor.py:154} INFO - Started process (PID=721) to work on /home/airflow/.local/lib/python3.7/site-packages/airflow/example_dags/example_branch_day_of_week_operator.py
[2023-05-27T14:44:12.037+0000] {processor.py:756} INFO - Processing file /home/airflow/.local/lib/python3.7/site-packages/airflow/example_dags/example_branch_day_of_week_operator.py for tasks to queue
[2023-05-27T14:44:12.037+0000] {logging_mixin.py:120} INFO - [2023-05-27T14:44:12.037+0000] {dagbag.py:537} INFO - Filling up the DagBag from /home/airflow/.local/lib/python3.7/site-packages/airflow/example_dags/example_branch_day_of_week_operator.py
[2023-05-27T14:44:12.080+0000] {processor.py:766} INFO - DAG(s) dict_keys(['example_weekday_branch_operator']) retrieved from /home/airflow/.local/lib/python3.7/site-packages/airflow/example_dags/example_branch_day_of_week_operator.py
[2023-05-27T14:44:12.148+0000] {logging_mixin.py:120} INFO - [2023-05-27T14:44:12.148+0000] {dag.py:2585} INFO - Sync 1 DAGs
[2023-05-27T14:44:12.188+0000] {logging_mixin.py:120} INFO - [2023-05-27T14:44:12.188+0000] {dag.py:3340} INFO - Setting next_dagrun for example_weekday_branch_operator to 2023-05-26T00:00:00+00:00, run_after=2023-05-27T00:00:00+00:00
[2023-05-27T14:44:12.225+0000] {processor.py:176} INFO - Processing /home/airflow/.local/lib/python3.7/site-packages/airflow/example_dags/example_branch_day_of_week_operator.py took 0.212 seconds
[2023-05-27T14:44:42.324+0000] {processor.py:154} INFO - Started process (PID=775) to work on /home/airflow/.local/lib/python3.7/site-packages/airflow/example_dags/example_branch_day_of_week_operator.py
[2023-05-27T14:44:42.327+0000] {processor.py:756} INFO - Processing file /home/airflow/.local/lib/python3.7/site-packages/airflow/example_dags/example_branch_day_of_week_operator.py for tasks to queue
[2023-05-27T14:44:42.328+0000] {logging_mixin.py:120} INFO - [2023-05-27T14:44:42.328+0000] {dagbag.py:537} INFO - Filling up the DagBag from /home/airflow/.local/lib/python3.7/site-packages/airflow/example_dags/example_branch_day_of_week_operator.py
[2023-05-27T14:44:42.352+0000] {processor.py:766} INFO - DAG(s) dict_keys(['example_weekday_branch_operator']) retrieved from /home/airflow/.local/lib/python3.7/site-packages/airflow/example_dags/example_branch_day_of_week_operator.py
[2023-05-27T14:44:42.401+0000] {logging_mixin.py:120} INFO - [2023-05-27T14:44:42.401+0000] {dag.py:2585} INFO - Sync 1 DAGs
[2023-05-27T14:44:42.446+0000] {logging_mixin.py:120} INFO - [2023-05-27T14:44:42.446+0000] {dag.py:3340} INFO - Setting next_dagrun for example_weekday_branch_operator to 2023-05-26T00:00:00+00:00, run_after=2023-05-27T00:00:00+00:00
[2023-05-27T14:44:42.484+0000] {processor.py:176} INFO - Processing /home/airflow/.local/lib/python3.7/site-packages/airflow/example_dags/example_branch_day_of_week_operator.py took 0.164 seconds
[2023-05-27T14:45:12.962+0000] {processor.py:154} INFO - Started process (PID=837) to work on /home/airflow/.local/lib/python3.7/site-packages/airflow/example_dags/example_branch_day_of_week_operator.py
[2023-05-27T14:45:12.966+0000] {processor.py:756} INFO - Processing file /home/airflow/.local/lib/python3.7/site-packages/airflow/example_dags/example_branch_day_of_week_operator.py for tasks to queue
[2023-05-27T14:45:12.967+0000] {logging_mixin.py:120} INFO - [2023-05-27T14:45:12.966+0000] {dagbag.py:537} INFO - Filling up the DagBag from /home/airflow/.local/lib/python3.7/site-packages/airflow/example_dags/example_branch_day_of_week_operator.py
[2023-05-27T14:45:12.993+0000] {processor.py:766} INFO - DAG(s) dict_keys(['example_weekday_branch_operator']) retrieved from /home/airflow/.local/lib/python3.7/site-packages/airflow/example_dags/example_branch_day_of_week_operator.py
[2023-05-27T14:45:13.044+0000] {logging_mixin.py:120} INFO - [2023-05-27T14:45:13.044+0000] {dag.py:2585} INFO - Sync 1 DAGs
[2023-05-27T14:45:13.078+0000] {logging_mixin.py:120} INFO - [2023-05-27T14:45:13.078+0000] {dag.py:3340} INFO - Setting next_dagrun for example_weekday_branch_operator to 2023-05-26T00:00:00+00:00, run_after=2023-05-27T00:00:00+00:00
[2023-05-27T14:45:13.109+0000] {processor.py:176} INFO - Processing /home/airflow/.local/lib/python3.7/site-packages/airflow/example_dags/example_branch_day_of_week_operator.py took 0.151 seconds
[2023-05-27T14:45:43.774+0000] {processor.py:154} INFO - Started process (PID=890) to work on /home/airflow/.local/lib/python3.7/site-packages/airflow/example_dags/example_branch_day_of_week_operator.py
[2023-05-27T14:45:43.776+0000] {processor.py:756} INFO - Processing file /home/airflow/.local/lib/python3.7/site-packages/airflow/example_dags/example_branch_day_of_week_operator.py for tasks to queue
[2023-05-27T14:45:43.777+0000] {logging_mixin.py:120} INFO - [2023-05-27T14:45:43.777+0000] {dagbag.py:537} INFO - Filling up the DagBag from /home/airflow/.local/lib/python3.7/site-packages/airflow/example_dags/example_branch_day_of_week_operator.py
[2023-05-27T14:45:43.807+0000] {processor.py:766} INFO - DAG(s) dict_keys(['example_weekday_branch_operator']) retrieved from /home/airflow/.local/lib/python3.7/site-packages/airflow/example_dags/example_branch_day_of_week_operator.py
[2023-05-27T14:45:43.855+0000] {logging_mixin.py:120} INFO - [2023-05-27T14:45:43.855+0000] {dag.py:2585} INFO - Sync 1 DAGs
[2023-05-27T14:45:43.890+0000] {logging_mixin.py:120} INFO - [2023-05-27T14:45:43.890+0000] {dag.py:3340} INFO - Setting next_dagrun for example_weekday_branch_operator to 2023-05-26T00:00:00+00:00, run_after=2023-05-27T00:00:00+00:00
[2023-05-27T14:45:43.913+0000] {processor.py:176} INFO - Processing /home/airflow/.local/lib/python3.7/site-packages/airflow/example_dags/example_branch_day_of_week_operator.py took 0.144 seconds
[2023-05-27T14:46:14.252+0000] {processor.py:154} INFO - Started process (PID=953) to work on /home/airflow/.local/lib/python3.7/site-packages/airflow/example_dags/example_branch_day_of_week_operator.py
[2023-05-27T14:46:14.256+0000] {processor.py:756} INFO - Processing file /home/airflow/.local/lib/python3.7/site-packages/airflow/example_dags/example_branch_day_of_week_operator.py for tasks to queue
[2023-05-27T14:46:14.257+0000] {logging_mixin.py:120} INFO - [2023-05-27T14:46:14.257+0000] {dagbag.py:537} INFO - Filling up the DagBag from /home/airflow/.local/lib/python3.7/site-packages/airflow/example_dags/example_branch_day_of_week_operator.py
[2023-05-27T14:46:14.282+0000] {processor.py:766} INFO - DAG(s) dict_keys(['example_weekday_branch_operator']) retrieved from /home/airflow/.local/lib/python3.7/site-packages/airflow/example_dags/example_branch_day_of_week_operator.py
[2023-05-27T14:46:14.336+0000] {logging_mixin.py:120} INFO - [2023-05-27T14:46:14.335+0000] {dag.py:2585} INFO - Sync 1 DAGs
[2023-05-27T14:46:14.370+0000] {logging_mixin.py:120} INFO - [2023-05-27T14:46:14.370+0000] {dag.py:3340} INFO - Setting next_dagrun for example_weekday_branch_operator to 2023-05-26T00:00:00+00:00, run_after=2023-05-27T00:00:00+00:00
[2023-05-27T14:46:14.401+0000] {processor.py:176} INFO - Processing /home/airflow/.local/lib/python3.7/site-packages/airflow/example_dags/example_branch_day_of_week_operator.py took 0.159 seconds
[2023-05-27T14:46:44.498+0000] {processor.py:154} INFO - Started process (PID=1007) to work on /home/airflow/.local/lib/python3.7/site-packages/airflow/example_dags/example_branch_day_of_week_operator.py
[2023-05-27T14:46:44.504+0000] {processor.py:756} INFO - Processing file /home/airflow/.local/lib/python3.7/site-packages/airflow/example_dags/example_branch_day_of_week_operator.py for tasks to queue
[2023-05-27T14:46:44.505+0000] {logging_mixin.py:120} INFO - [2023-05-27T14:46:44.505+0000] {dagbag.py:537} INFO - Filling up the DagBag from /home/airflow/.local/lib/python3.7/site-packages/airflow/example_dags/example_branch_day_of_week_operator.py
[2023-05-27T14:46:44.543+0000] {processor.py:766} INFO - DAG(s) dict_keys(['example_weekday_branch_operator']) retrieved from /home/airflow/.local/lib/python3.7/site-packages/airflow/example_dags/example_branch_day_of_week_operator.py
[2023-05-27T14:46:44.637+0000] {logging_mixin.py:120} INFO - [2023-05-27T14:46:44.637+0000] {dag.py:2585} INFO - Sync 1 DAGs
[2023-05-27T14:46:44.676+0000] {logging_mixin.py:120} INFO - [2023-05-27T14:46:44.676+0000] {dag.py:3340} INFO - Setting next_dagrun for example_weekday_branch_operator to 2023-05-26T00:00:00+00:00, run_after=2023-05-27T00:00:00+00:00
[2023-05-27T14:46:44.700+0000] {processor.py:176} INFO - Processing /home/airflow/.local/lib/python3.7/site-packages/airflow/example_dags/example_branch_day_of_week_operator.py took 0.206 seconds
[2023-05-27T14:47:15.151+0000] {processor.py:154} INFO - Started process (PID=1068) to work on /home/airflow/.local/lib/python3.7/site-packages/airflow/example_dags/example_branch_day_of_week_operator.py
[2023-05-27T14:47:15.157+0000] {processor.py:756} INFO - Processing file /home/airflow/.local/lib/python3.7/site-packages/airflow/example_dags/example_branch_day_of_week_operator.py for tasks to queue
[2023-05-27T14:47:15.158+0000] {logging_mixin.py:120} INFO - [2023-05-27T14:47:15.158+0000] {dagbag.py:537} INFO - Filling up the DagBag from /home/airflow/.local/lib/python3.7/site-packages/airflow/example_dags/example_branch_day_of_week_operator.py
[2023-05-27T14:47:15.204+0000] {processor.py:766} INFO - DAG(s) dict_keys(['example_weekday_branch_operator']) retrieved from /home/airflow/.local/lib/python3.7/site-packages/airflow/example_dags/example_branch_day_of_week_operator.py
[2023-05-27T14:47:15.253+0000] {logging_mixin.py:120} INFO - [2023-05-27T14:47:15.253+0000] {dag.py:2585} INFO - Sync 1 DAGs
[2023-05-27T14:47:15.288+0000] {logging_mixin.py:120} INFO - [2023-05-27T14:47:15.288+0000] {dag.py:3340} INFO - Setting next_dagrun for example_weekday_branch_operator to 2023-05-26T00:00:00+00:00, run_after=2023-05-27T00:00:00+00:00
[2023-05-27T14:47:15.311+0000] {processor.py:176} INFO - Processing /home/airflow/.local/lib/python3.7/site-packages/airflow/example_dags/example_branch_day_of_week_operator.py took 0.164 seconds
[2023-05-27T14:47:45.516+0000] {processor.py:154} INFO - Started process (PID=1125) to work on /home/airflow/.local/lib/python3.7/site-packages/airflow/example_dags/example_branch_day_of_week_operator.py
[2023-05-27T14:47:45.522+0000] {processor.py:756} INFO - Processing file /home/airflow/.local/lib/python3.7/site-packages/airflow/example_dags/example_branch_day_of_week_operator.py for tasks to queue
[2023-05-27T14:47:45.522+0000] {logging_mixin.py:120} INFO - [2023-05-27T14:47:45.522+0000] {dagbag.py:537} INFO - Filling up the DagBag from /home/airflow/.local/lib/python3.7/site-packages/airflow/example_dags/example_branch_day_of_week_operator.py
[2023-05-27T14:47:45.550+0000] {processor.py:766} INFO - DAG(s) dict_keys(['example_weekday_branch_operator']) retrieved from /home/airflow/.local/lib/python3.7/site-packages/airflow/example_dags/example_branch_day_of_week_operator.py
[2023-05-27T14:47:45.604+0000] {logging_mixin.py:120} INFO - [2023-05-27T14:47:45.604+0000] {dag.py:2585} INFO - Sync 1 DAGs
[2023-05-27T14:47:45.640+0000] {logging_mixin.py:120} INFO - [2023-05-27T14:47:45.639+0000] {dag.py:3340} INFO - Setting next_dagrun for example_weekday_branch_operator to 2023-05-26T00:00:00+00:00, run_after=2023-05-27T00:00:00+00:00
[2023-05-27T14:47:45.665+0000] {processor.py:176} INFO - Processing /home/airflow/.local/lib/python3.7/site-packages/airflow/example_dags/example_branch_day_of_week_operator.py took 0.153 seconds
[2023-05-27T14:48:16.161+0000] {processor.py:154} INFO - Started process (PID=1178) to work on /home/airflow/.local/lib/python3.7/site-packages/airflow/example_dags/example_branch_day_of_week_operator.py
[2023-05-27T14:48:16.164+0000] {processor.py:756} INFO - Processing file /home/airflow/.local/lib/python3.7/site-packages/airflow/example_dags/example_branch_day_of_week_operator.py for tasks to queue
[2023-05-27T14:48:16.165+0000] {logging_mixin.py:120} INFO - [2023-05-27T14:48:16.164+0000] {dagbag.py:537} INFO - Filling up the DagBag from /home/airflow/.local/lib/python3.7/site-packages/airflow/example_dags/example_branch_day_of_week_operator.py
[2023-05-27T14:48:16.193+0000] {processor.py:766} INFO - DAG(s) dict_keys(['example_weekday_branch_operator']) retrieved from /home/airflow/.local/lib/python3.7/site-packages/airflow/example_dags/example_branch_day_of_week_operator.py
[2023-05-27T14:48:16.242+0000] {logging_mixin.py:120} INFO - [2023-05-27T14:48:16.241+0000] {dag.py:2585} INFO - Sync 1 DAGs
[2023-05-27T14:48:16.275+0000] {logging_mixin.py:120} INFO - [2023-05-27T14:48:16.274+0000] {dag.py:3340} INFO - Setting next_dagrun for example_weekday_branch_operator to 2023-05-26T00:00:00+00:00, run_after=2023-05-27T00:00:00+00:00
[2023-05-27T14:48:16.297+0000] {processor.py:176} INFO - Processing /home/airflow/.local/lib/python3.7/site-packages/airflow/example_dags/example_branch_day_of_week_operator.py took 0.139 seconds
[2023-05-27T14:48:46.605+0000] {processor.py:154} INFO - Started process (PID=1241) to work on /home/airflow/.local/lib/python3.7/site-packages/airflow/example_dags/example_branch_day_of_week_operator.py
[2023-05-27T14:48:46.606+0000] {processor.py:756} INFO - Processing file /home/airflow/.local/lib/python3.7/site-packages/airflow/example_dags/example_branch_day_of_week_operator.py for tasks to queue
[2023-05-27T14:48:46.607+0000] {logging_mixin.py:120} INFO - [2023-05-27T14:48:46.607+0000] {dagbag.py:537} INFO - Filling up the DagBag from /home/airflow/.local/lib/python3.7/site-packages/airflow/example_dags/example_branch_day_of_week_operator.py
[2023-05-27T14:48:46.633+0000] {processor.py:766} INFO - DAG(s) dict_keys(['example_weekday_branch_operator']) retrieved from /home/airflow/.local/lib/python3.7/site-packages/airflow/example_dags/example_branch_day_of_week_operator.py
[2023-05-27T14:48:46.706+0000] {logging_mixin.py:120} INFO - [2023-05-27T14:48:46.705+0000] {dag.py:2585} INFO - Sync 1 DAGs
[2023-05-27T14:48:46.753+0000] {logging_mixin.py:120} INFO - [2023-05-27T14:48:46.753+0000] {dag.py:3340} INFO - Setting next_dagrun for example_weekday_branch_operator to 2023-05-26T00:00:00+00:00, run_after=2023-05-27T00:00:00+00:00
[2023-05-27T14:48:46.785+0000] {processor.py:176} INFO - Processing /home/airflow/.local/lib/python3.7/site-packages/airflow/example_dags/example_branch_day_of_week_operator.py took 0.184 seconds
[2023-05-27T14:49:17.408+0000] {processor.py:154} INFO - Started process (PID=1295) to work on /home/airflow/.local/lib/python3.7/site-packages/airflow/example_dags/example_branch_day_of_week_operator.py
[2023-05-27T14:49:17.413+0000] {processor.py:756} INFO - Processing file /home/airflow/.local/lib/python3.7/site-packages/airflow/example_dags/example_branch_day_of_week_operator.py for tasks to queue
[2023-05-27T14:49:17.415+0000] {logging_mixin.py:120} INFO - [2023-05-27T14:49:17.414+0000] {dagbag.py:537} INFO - Filling up the DagBag from /home/airflow/.local/lib/python3.7/site-packages/airflow/example_dags/example_branch_day_of_week_operator.py
[2023-05-27T14:49:17.443+0000] {processor.py:766} INFO - DAG(s) dict_keys(['example_weekday_branch_operator']) retrieved from /home/airflow/.local/lib/python3.7/site-packages/airflow/example_dags/example_branch_day_of_week_operator.py
[2023-05-27T14:49:17.494+0000] {logging_mixin.py:120} INFO - [2023-05-27T14:49:17.494+0000] {dag.py:2585} INFO - Sync 1 DAGs
[2023-05-27T14:49:17.540+0000] {logging_mixin.py:120} INFO - [2023-05-27T14:49:17.540+0000] {dag.py:3340} INFO - Setting next_dagrun for example_weekday_branch_operator to 2023-05-26T00:00:00+00:00, run_after=2023-05-27T00:00:00+00:00
[2023-05-27T14:49:17.563+0000] {processor.py:176} INFO - Processing /home/airflow/.local/lib/python3.7/site-packages/airflow/example_dags/example_branch_day_of_week_operator.py took 0.160 seconds
[2023-05-27T14:49:48.101+0000] {processor.py:154} INFO - Started process (PID=1359) to work on /home/airflow/.local/lib/python3.7/site-packages/airflow/example_dags/example_branch_day_of_week_operator.py
[2023-05-27T14:49:48.106+0000] {processor.py:756} INFO - Processing file /home/airflow/.local/lib/python3.7/site-packages/airflow/example_dags/example_branch_day_of_week_operator.py for tasks to queue
[2023-05-27T14:49:48.107+0000] {logging_mixin.py:120} INFO - [2023-05-27T14:49:48.107+0000] {dagbag.py:537} INFO - Filling up the DagBag from /home/airflow/.local/lib/python3.7/site-packages/airflow/example_dags/example_branch_day_of_week_operator.py
[2023-05-27T14:49:48.135+0000] {processor.py:766} INFO - DAG(s) dict_keys(['example_weekday_branch_operator']) retrieved from /home/airflow/.local/lib/python3.7/site-packages/airflow/example_dags/example_branch_day_of_week_operator.py
[2023-05-27T14:49:48.187+0000] {logging_mixin.py:120} INFO - [2023-05-27T14:49:48.187+0000] {dag.py:2585} INFO - Sync 1 DAGs
[2023-05-27T14:49:48.222+0000] {logging_mixin.py:120} INFO - [2023-05-27T14:49:48.222+0000] {dag.py:3340} INFO - Setting next_dagrun for example_weekday_branch_operator to 2023-05-26T00:00:00+00:00, run_after=2023-05-27T00:00:00+00:00
[2023-05-27T14:49:48.259+0000] {processor.py:176} INFO - Processing /home/airflow/.local/lib/python3.7/site-packages/airflow/example_dags/example_branch_day_of_week_operator.py took 0.163 seconds
[2023-05-27T14:50:18.392+0000] {processor.py:154} INFO - Started process (PID=1414) to work on /home/airflow/.local/lib/python3.7/site-packages/airflow/example_dags/example_branch_day_of_week_operator.py
[2023-05-27T14:50:18.402+0000] {processor.py:756} INFO - Processing file /home/airflow/.local/lib/python3.7/site-packages/airflow/example_dags/example_branch_day_of_week_operator.py for tasks to queue
[2023-05-27T14:50:18.403+0000] {logging_mixin.py:120} INFO - [2023-05-27T14:50:18.403+0000] {dagbag.py:537} INFO - Filling up the DagBag from /home/airflow/.local/lib/python3.7/site-packages/airflow/example_dags/example_branch_day_of_week_operator.py
[2023-05-27T14:50:18.468+0000] {processor.py:766} INFO - DAG(s) dict_keys(['example_weekday_branch_operator']) retrieved from /home/airflow/.local/lib/python3.7/site-packages/airflow/example_dags/example_branch_day_of_week_operator.py
[2023-05-27T14:50:18.547+0000] {logging_mixin.py:120} INFO - [2023-05-27T14:50:18.547+0000] {dag.py:2585} INFO - Sync 1 DAGs
[2023-05-27T14:50:18.629+0000] {logging_mixin.py:120} INFO - [2023-05-27T14:50:18.629+0000] {dag.py:3340} INFO - Setting next_dagrun for example_weekday_branch_operator to 2023-05-26T00:00:00+00:00, run_after=2023-05-27T00:00:00+00:00
[2023-05-27T14:50:18.654+0000] {processor.py:176} INFO - Processing /home/airflow/.local/lib/python3.7/site-packages/airflow/example_dags/example_branch_day_of_week_operator.py took 0.266 seconds
[2023-05-27T14:50:48.697+0000] {processor.py:154} INFO - Started process (PID=1468) to work on /home/airflow/.local/lib/python3.7/site-packages/airflow/example_dags/example_branch_day_of_week_operator.py
[2023-05-27T14:50:48.699+0000] {processor.py:756} INFO - Processing file /home/airflow/.local/lib/python3.7/site-packages/airflow/example_dags/example_branch_day_of_week_operator.py for tasks to queue
[2023-05-27T14:50:48.700+0000] {logging_mixin.py:120} INFO - [2023-05-27T14:50:48.700+0000] {dagbag.py:537} INFO - Filling up the DagBag from /home/airflow/.local/lib/python3.7/site-packages/airflow/example_dags/example_branch_day_of_week_operator.py
[2023-05-27T14:50:48.746+0000] {processor.py:766} INFO - DAG(s) dict_keys(['example_weekday_branch_operator']) retrieved from /home/airflow/.local/lib/python3.7/site-packages/airflow/example_dags/example_branch_day_of_week_operator.py
[2023-05-27T14:50:48.825+0000] {logging_mixin.py:120} INFO - [2023-05-27T14:50:48.825+0000] {dag.py:2585} INFO - Sync 1 DAGs
[2023-05-27T14:50:48.866+0000] {logging_mixin.py:120} INFO - [2023-05-27T14:50:48.866+0000] {dag.py:3340} INFO - Setting next_dagrun for example_weekday_branch_operator to 2023-05-26T00:00:00+00:00, run_after=2023-05-27T00:00:00+00:00
[2023-05-27T14:50:48.891+0000] {processor.py:176} INFO - Processing /home/airflow/.local/lib/python3.7/site-packages/airflow/example_dags/example_branch_day_of_week_operator.py took 0.198 seconds
[2023-05-27T14:51:19.566+0000] {processor.py:154} INFO - Started process (PID=1522) to work on /home/airflow/.local/lib/python3.7/site-packages/airflow/example_dags/example_branch_day_of_week_operator.py
[2023-05-27T14:51:19.571+0000] {processor.py:756} INFO - Processing file /home/airflow/.local/lib/python3.7/site-packages/airflow/example_dags/example_branch_day_of_week_operator.py for tasks to queue
[2023-05-27T14:51:19.571+0000] {logging_mixin.py:120} INFO - [2023-05-27T14:51:19.571+0000] {dagbag.py:537} INFO - Filling up the DagBag from /home/airflow/.local/lib/python3.7/site-packages/airflow/example_dags/example_branch_day_of_week_operator.py
[2023-05-27T14:51:19.594+0000] {processor.py:766} INFO - DAG(s) dict_keys(['example_weekday_branch_operator']) retrieved from /home/airflow/.local/lib/python3.7/site-packages/airflow/example_dags/example_branch_day_of_week_operator.py
[2023-05-27T14:51:19.644+0000] {logging_mixin.py:120} INFO - [2023-05-27T14:51:19.643+0000] {dag.py:2585} INFO - Sync 1 DAGs
[2023-05-27T14:51:19.678+0000] {logging_mixin.py:120} INFO - [2023-05-27T14:51:19.677+0000] {dag.py:3340} INFO - Setting next_dagrun for example_weekday_branch_operator to 2023-05-26T00:00:00+00:00, run_after=2023-05-27T00:00:00+00:00
[2023-05-27T14:51:19.700+0000] {processor.py:176} INFO - Processing /home/airflow/.local/lib/python3.7/site-packages/airflow/example_dags/example_branch_day_of_week_operator.py took 0.137 seconds
[2023-05-27T14:51:50.384+0000] {processor.py:154} INFO - Started process (PID=1585) to work on /home/airflow/.local/lib/python3.7/site-packages/airflow/example_dags/example_branch_day_of_week_operator.py
[2023-05-27T14:51:50.391+0000] {processor.py:756} INFO - Processing file /home/airflow/.local/lib/python3.7/site-packages/airflow/example_dags/example_branch_day_of_week_operator.py for tasks to queue
[2023-05-27T14:51:50.393+0000] {logging_mixin.py:120} INFO - [2023-05-27T14:51:50.393+0000] {dagbag.py:537} INFO - Filling up the DagBag from /home/airflow/.local/lib/python3.7/site-packages/airflow/example_dags/example_branch_day_of_week_operator.py
[2023-05-27T14:51:50.433+0000] {processor.py:766} INFO - DAG(s) dict_keys(['example_weekday_branch_operator']) retrieved from /home/airflow/.local/lib/python3.7/site-packages/airflow/example_dags/example_branch_day_of_week_operator.py
[2023-05-27T14:51:50.545+0000] {logging_mixin.py:120} INFO - [2023-05-27T14:51:50.544+0000] {dag.py:2585} INFO - Sync 1 DAGs
[2023-05-27T14:51:50.591+0000] {logging_mixin.py:120} INFO - [2023-05-27T14:51:50.591+0000] {dag.py:3340} INFO - Setting next_dagrun for example_weekday_branch_operator to 2023-05-26T00:00:00+00:00, run_after=2023-05-27T00:00:00+00:00
[2023-05-27T14:51:50.618+0000] {processor.py:176} INFO - Processing /home/airflow/.local/lib/python3.7/site-packages/airflow/example_dags/example_branch_day_of_week_operator.py took 0.241 seconds
[2023-05-27T14:52:21.802+0000] {processor.py:154} INFO - Started process (PID=1639) to work on /home/airflow/.local/lib/python3.7/site-packages/airflow/example_dags/example_branch_day_of_week_operator.py
[2023-05-27T14:52:21.804+0000] {processor.py:756} INFO - Processing file /home/airflow/.local/lib/python3.7/site-packages/airflow/example_dags/example_branch_day_of_week_operator.py for tasks to queue
[2023-05-27T14:52:21.806+0000] {logging_mixin.py:120} INFO - [2023-05-27T14:52:21.805+0000] {dagbag.py:537} INFO - Filling up the DagBag from /home/airflow/.local/lib/python3.7/site-packages/airflow/example_dags/example_branch_day_of_week_operator.py
[2023-05-27T14:52:21.866+0000] {processor.py:766} INFO - DAG(s) dict_keys(['example_weekday_branch_operator']) retrieved from /home/airflow/.local/lib/python3.7/site-packages/airflow/example_dags/example_branch_day_of_week_operator.py
[2023-05-27T14:52:21.943+0000] {logging_mixin.py:120} INFO - [2023-05-27T14:52:21.943+0000] {dag.py:2585} INFO - Sync 1 DAGs
[2023-05-27T14:52:21.983+0000] {logging_mixin.py:120} INFO - [2023-05-27T14:52:21.983+0000] {dag.py:3340} INFO - Setting next_dagrun for example_weekday_branch_operator to 2023-05-26T00:00:00+00:00, run_after=2023-05-27T00:00:00+00:00
[2023-05-27T14:52:22.006+0000] {processor.py:176} INFO - Processing /home/airflow/.local/lib/python3.7/site-packages/airflow/example_dags/example_branch_day_of_week_operator.py took 0.209 seconds
[2023-05-27T14:52:55.867+0000] {processor.py:154} INFO - Started process (PID=1702) to work on /home/airflow/.local/lib/python3.7/site-packages/airflow/example_dags/example_branch_day_of_week_operator.py
[2023-05-27T14:52:55.872+0000] {processor.py:756} INFO - Processing file /home/airflow/.local/lib/python3.7/site-packages/airflow/example_dags/example_branch_day_of_week_operator.py for tasks to queue
[2023-05-27T14:52:55.873+0000] {logging_mixin.py:120} INFO - [2023-05-27T14:52:55.873+0000] {dagbag.py:537} INFO - Filling up the DagBag from /home/airflow/.local/lib/python3.7/site-packages/airflow/example_dags/example_branch_day_of_week_operator.py
[2023-05-27T14:52:55.924+0000] {processor.py:766} INFO - DAG(s) dict_keys(['example_weekday_branch_operator']) retrieved from /home/airflow/.local/lib/python3.7/site-packages/airflow/example_dags/example_branch_day_of_week_operator.py
[2023-05-27T14:52:56.037+0000] {logging_mixin.py:120} INFO - [2023-05-27T14:52:56.037+0000] {dag.py:2585} INFO - Sync 1 DAGs
[2023-05-27T14:52:56.113+0000] {logging_mixin.py:120} INFO - [2023-05-27T14:52:56.113+0000] {dag.py:3340} INFO - Setting next_dagrun for example_weekday_branch_operator to 2023-05-26T00:00:00+00:00, run_after=2023-05-27T00:00:00+00:00
[2023-05-27T14:52:56.158+0000] {processor.py:176} INFO - Processing /home/airflow/.local/lib/python3.7/site-packages/airflow/example_dags/example_branch_day_of_week_operator.py took 0.295 seconds
[2023-05-27T14:53:26.451+0000] {processor.py:154} INFO - Started process (PID=1754) to work on /home/airflow/.local/lib/python3.7/site-packages/airflow/example_dags/example_branch_day_of_week_operator.py
[2023-05-27T14:53:26.453+0000] {processor.py:756} INFO - Processing file /home/airflow/.local/lib/python3.7/site-packages/airflow/example_dags/example_branch_day_of_week_operator.py for tasks to queue
[2023-05-27T14:53:26.453+0000] {logging_mixin.py:120} INFO - [2023-05-27T14:53:26.453+0000] {dagbag.py:537} INFO - Filling up the DagBag from /home/airflow/.local/lib/python3.7/site-packages/airflow/example_dags/example_branch_day_of_week_operator.py
[2023-05-27T14:53:26.475+0000] {processor.py:766} INFO - DAG(s) dict_keys(['example_weekday_branch_operator']) retrieved from /home/airflow/.local/lib/python3.7/site-packages/airflow/example_dags/example_branch_day_of_week_operator.py
[2023-05-27T14:53:26.546+0000] {logging_mixin.py:120} INFO - [2023-05-27T14:53:26.546+0000] {dag.py:2585} INFO - Sync 1 DAGs
[2023-05-27T14:53:26.581+0000] {logging_mixin.py:120} INFO - [2023-05-27T14:53:26.580+0000] {dag.py:3340} INFO - Setting next_dagrun for example_weekday_branch_operator to 2023-05-26T00:00:00+00:00, run_after=2023-05-27T00:00:00+00:00
[2023-05-27T14:53:26.602+0000] {processor.py:176} INFO - Processing /home/airflow/.local/lib/python3.7/site-packages/airflow/example_dags/example_branch_day_of_week_operator.py took 0.155 seconds
