[2023-05-27T14:38:29.633+0000] {processor.py:154} INFO - Started process (PID=69) to work on /home/airflow/.local/lib/python3.7/site-packages/airflow/example_dags/example_datasets.py
[2023-05-27T14:38:29.634+0000] {processor.py:756} INFO - Processing file /home/airflow/.local/lib/python3.7/site-packages/airflow/example_dags/example_datasets.py for tasks to queue
[2023-05-27T14:38:29.634+0000] {logging_mixin.py:120} INFO - [2023-05-27T14:38:29.634+0000] {dagbag.py:537} INFO - Filling up the DagBag from /home/airflow/.local/lib/python3.7/site-packages/airflow/example_dags/example_datasets.py
[2023-05-27T14:38:29.683+0000] {processor.py:766} INFO - DAG(s) dict_keys(['dataset_consumes_1', 'dataset_consumes_1_and_2', 'dataset_consumes_1_never_scheduled', 'dataset_produces_2', 'dataset_consumes_unknown_never_scheduled', 'dataset_produces_1']) retrieved from /home/airflow/.local/lib/python3.7/site-packages/airflow/example_dags/example_datasets.py
[2023-05-27T14:38:29.965+0000] {logging_mixin.py:120} INFO - [2023-05-27T14:38:29.965+0000] {manager.py:507} INFO - Created Permission View: can read on DAG:dataset_consumes_1
[2023-05-27T14:38:29.994+0000] {logging_mixin.py:120} INFO - [2023-05-27T14:38:29.994+0000] {manager.py:507} INFO - Created Permission View: can edit on DAG:dataset_consumes_1
[2023-05-27T14:38:30.025+0000] {logging_mixin.py:120} INFO - [2023-05-27T14:38:30.025+0000] {manager.py:507} INFO - Created Permission View: can delete on DAG:dataset_consumes_1
[2023-05-27T14:38:30.063+0000] {logging_mixin.py:120} INFO - [2023-05-27T14:38:30.063+0000] {manager.py:507} INFO - Created Permission View: can read on DAG:dataset_consumes_1_and_2
[2023-05-27T14:38:30.114+0000] {logging_mixin.py:120} INFO - [2023-05-27T14:38:30.114+0000] {manager.py:507} INFO - Created Permission View: can edit on DAG:dataset_consumes_1_and_2
[2023-05-27T14:38:30.138+0000] {logging_mixin.py:120} INFO - [2023-05-27T14:38:30.138+0000] {manager.py:507} INFO - Created Permission View: can delete on DAG:dataset_consumes_1_and_2
[2023-05-27T14:38:30.175+0000] {logging_mixin.py:120} INFO - [2023-05-27T14:38:30.175+0000] {manager.py:507} INFO - Created Permission View: can read on DAG:dataset_consumes_1_never_scheduled
[2023-05-27T14:38:30.196+0000] {logging_mixin.py:120} INFO - [2023-05-27T14:38:30.195+0000] {manager.py:507} INFO - Created Permission View: can edit on DAG:dataset_consumes_1_never_scheduled
[2023-05-27T14:38:30.213+0000] {logging_mixin.py:120} INFO - [2023-05-27T14:38:30.213+0000] {manager.py:507} INFO - Created Permission View: can delete on DAG:dataset_consumes_1_never_scheduled
[2023-05-27T14:38:30.272+0000] {logging_mixin.py:120} INFO - [2023-05-27T14:38:30.271+0000] {manager.py:507} INFO - Created Permission View: can read on DAG:dataset_produces_2
[2023-05-27T14:38:30.288+0000] {logging_mixin.py:120} INFO - [2023-05-27T14:38:30.288+0000] {manager.py:507} INFO - Created Permission View: can edit on DAG:dataset_produces_2
[2023-05-27T14:38:30.302+0000] {logging_mixin.py:120} INFO - [2023-05-27T14:38:30.302+0000] {manager.py:507} INFO - Created Permission View: can delete on DAG:dataset_produces_2
[2023-05-27T14:38:30.324+0000] {logging_mixin.py:120} INFO - [2023-05-27T14:38:30.324+0000] {manager.py:507} INFO - Created Permission View: can read on DAG:dataset_consumes_unknown_never_scheduled
[2023-05-27T14:38:30.336+0000] {logging_mixin.py:120} INFO - [2023-05-27T14:38:30.335+0000] {manager.py:507} INFO - Created Permission View: can edit on DAG:dataset_consumes_unknown_never_scheduled
[2023-05-27T14:38:30.348+0000] {logging_mixin.py:120} INFO - [2023-05-27T14:38:30.348+0000] {manager.py:507} INFO - Created Permission View: can delete on DAG:dataset_consumes_unknown_never_scheduled
[2023-05-27T14:38:30.370+0000] {logging_mixin.py:120} INFO - [2023-05-27T14:38:30.370+0000] {manager.py:507} INFO - Created Permission View: can read on DAG:dataset_produces_1
[2023-05-27T14:38:30.384+0000] {logging_mixin.py:120} INFO - [2023-05-27T14:38:30.384+0000] {manager.py:507} INFO - Created Permission View: can edit on DAG:dataset_produces_1
[2023-05-27T14:38:30.423+0000] {logging_mixin.py:120} INFO - [2023-05-27T14:38:30.422+0000] {manager.py:507} INFO - Created Permission View: can delete on DAG:dataset_produces_1
[2023-05-27T14:38:30.423+0000] {logging_mixin.py:120} INFO - [2023-05-27T14:38:30.423+0000] {dag.py:2585} INFO - Sync 6 DAGs
[2023-05-27T14:38:30.475+0000] {logging_mixin.py:120} INFO - [2023-05-27T14:38:30.475+0000] {dag.py:2606} INFO - Creating ORM DAG for dataset_produces_1
[2023-05-27T14:38:30.486+0000] {logging_mixin.py:120} INFO - [2023-05-27T14:38:30.486+0000] {dag.py:2606} INFO - Creating ORM DAG for dataset_consumes_1_and_2
[2023-05-27T14:38:30.488+0000] {logging_mixin.py:120} INFO - [2023-05-27T14:38:30.487+0000] {dag.py:2606} INFO - Creating ORM DAG for dataset_consumes_unknown_never_scheduled
[2023-05-27T14:38:30.488+0000] {logging_mixin.py:120} INFO - [2023-05-27T14:38:30.488+0000] {dag.py:2606} INFO - Creating ORM DAG for dataset_consumes_1
[2023-05-27T14:38:30.489+0000] {logging_mixin.py:120} INFO - [2023-05-27T14:38:30.489+0000] {dag.py:2606} INFO - Creating ORM DAG for dataset_produces_2
[2023-05-27T14:38:30.489+0000] {logging_mixin.py:120} INFO - [2023-05-27T14:38:30.489+0000] {dag.py:2606} INFO - Creating ORM DAG for dataset_consumes_1_never_scheduled
[2023-05-27T14:38:30.515+0000] {logging_mixin.py:120} INFO - [2023-05-27T14:38:30.514+0000] {dag.py:3340} INFO - Setting next_dagrun for dataset_consumes_1 to None, run_after=None
[2023-05-27T14:38:30.515+0000] {logging_mixin.py:120} INFO - [2023-05-27T14:38:30.515+0000] {dag.py:3340} INFO - Setting next_dagrun for dataset_consumes_1_and_2 to None, run_after=None
[2023-05-27T14:38:30.516+0000] {logging_mixin.py:120} INFO - [2023-05-27T14:38:30.516+0000] {dag.py:3340} INFO - Setting next_dagrun for dataset_consumes_1_never_scheduled to None, run_after=None
[2023-05-27T14:38:30.516+0000] {logging_mixin.py:120} INFO - [2023-05-27T14:38:30.516+0000] {dag.py:3340} INFO - Setting next_dagrun for dataset_consumes_unknown_never_scheduled to None, run_after=None
[2023-05-27T14:38:30.519+0000] {logging_mixin.py:120} INFO - [2023-05-27T14:38:30.519+0000] {dag.py:3340} INFO - Setting next_dagrun for dataset_produces_1 to 2023-05-26T00:00:00+00:00, run_after=2023-05-27T00:00:00+00:00
[2023-05-27T14:38:30.525+0000] {logging_mixin.py:120} INFO - [2023-05-27T14:38:30.525+0000] {dag.py:3340} INFO - Setting next_dagrun for dataset_produces_2 to None, run_after=None
[2023-05-27T14:38:30.729+0000] {processor.py:176} INFO - Processing /home/airflow/.local/lib/python3.7/site-packages/airflow/example_dags/example_datasets.py took 1.103 seconds
[2023-05-27T14:39:01.336+0000] {processor.py:154} INFO - Started process (PID=123) to work on /home/airflow/.local/lib/python3.7/site-packages/airflow/example_dags/example_datasets.py
[2023-05-27T14:39:01.338+0000] {processor.py:756} INFO - Processing file /home/airflow/.local/lib/python3.7/site-packages/airflow/example_dags/example_datasets.py for tasks to queue
[2023-05-27T14:39:01.338+0000] {logging_mixin.py:120} INFO - [2023-05-27T14:39:01.338+0000] {dagbag.py:537} INFO - Filling up the DagBag from /home/airflow/.local/lib/python3.7/site-packages/airflow/example_dags/example_datasets.py
[2023-05-27T14:39:01.363+0000] {processor.py:766} INFO - DAG(s) dict_keys(['dataset_consumes_unknown_never_scheduled', 'dataset_produces_1', 'dataset_produces_2', 'dataset_consumes_1', 'dataset_consumes_1_never_scheduled', 'dataset_consumes_1_and_2']) retrieved from /home/airflow/.local/lib/python3.7/site-packages/airflow/example_dags/example_datasets.py
[2023-05-27T14:39:01.433+0000] {logging_mixin.py:120} INFO - [2023-05-27T14:39:01.433+0000] {dag.py:2585} INFO - Sync 6 DAGs
[2023-05-27T14:39:01.490+0000] {logging_mixin.py:120} INFO - [2023-05-27T14:39:01.490+0000] {dag.py:3340} INFO - Setting next_dagrun for dataset_consumes_1 to None, run_after=None
[2023-05-27T14:39:01.496+0000] {logging_mixin.py:120} INFO - [2023-05-27T14:39:01.496+0000] {dag.py:3340} INFO - Setting next_dagrun for dataset_consumes_1_and_2 to None, run_after=None
[2023-05-27T14:39:01.499+0000] {logging_mixin.py:120} INFO - [2023-05-27T14:39:01.499+0000] {dag.py:3340} INFO - Setting next_dagrun for dataset_consumes_1_never_scheduled to None, run_after=None
[2023-05-27T14:39:01.500+0000] {logging_mixin.py:120} INFO - [2023-05-27T14:39:01.500+0000] {dag.py:3340} INFO - Setting next_dagrun for dataset_consumes_unknown_never_scheduled to None, run_after=None
[2023-05-27T14:39:01.504+0000] {logging_mixin.py:120} INFO - [2023-05-27T14:39:01.503+0000] {dag.py:3340} INFO - Setting next_dagrun for dataset_produces_1 to 2023-05-26T00:00:00+00:00, run_after=2023-05-27T00:00:00+00:00
[2023-05-27T14:39:01.505+0000] {logging_mixin.py:120} INFO - [2023-05-27T14:39:01.505+0000] {dag.py:3340} INFO - Setting next_dagrun for dataset_produces_2 to None, run_after=None
[2023-05-27T14:39:01.540+0000] {processor.py:176} INFO - Processing /home/airflow/.local/lib/python3.7/site-packages/airflow/example_dags/example_datasets.py took 0.208 seconds
[2023-05-27T14:39:31.783+0000] {processor.py:154} INFO - Started process (PID=189) to work on /home/airflow/.local/lib/python3.7/site-packages/airflow/example_dags/example_datasets.py
[2023-05-27T14:39:31.785+0000] {processor.py:756} INFO - Processing file /home/airflow/.local/lib/python3.7/site-packages/airflow/example_dags/example_datasets.py for tasks to queue
[2023-05-27T14:39:31.786+0000] {logging_mixin.py:120} INFO - [2023-05-27T14:39:31.785+0000] {dagbag.py:537} INFO - Filling up the DagBag from /home/airflow/.local/lib/python3.7/site-packages/airflow/example_dags/example_datasets.py
[2023-05-27T14:39:31.815+0000] {processor.py:766} INFO - DAG(s) dict_keys(['dataset_consumes_1', 'dataset_consumes_1_and_2', 'dataset_produces_1', 'dataset_consumes_1_never_scheduled', 'dataset_produces_2', 'dataset_consumes_unknown_never_scheduled']) retrieved from /home/airflow/.local/lib/python3.7/site-packages/airflow/example_dags/example_datasets.py
[2023-05-27T14:39:31.885+0000] {logging_mixin.py:120} INFO - [2023-05-27T14:39:31.885+0000] {dag.py:2585} INFO - Sync 6 DAGs
[2023-05-27T14:39:31.921+0000] {logging_mixin.py:120} INFO - [2023-05-27T14:39:31.921+0000] {dag.py:3340} INFO - Setting next_dagrun for dataset_consumes_1 to None, run_after=None
[2023-05-27T14:39:31.926+0000] {logging_mixin.py:120} INFO - [2023-05-27T14:39:31.925+0000] {dag.py:3340} INFO - Setting next_dagrun for dataset_consumes_1_and_2 to None, run_after=None
[2023-05-27T14:39:31.927+0000] {logging_mixin.py:120} INFO - [2023-05-27T14:39:31.927+0000] {dag.py:3340} INFO - Setting next_dagrun for dataset_consumes_1_never_scheduled to None, run_after=None
[2023-05-27T14:39:31.928+0000] {logging_mixin.py:120} INFO - [2023-05-27T14:39:31.928+0000] {dag.py:3340} INFO - Setting next_dagrun for dataset_consumes_unknown_never_scheduled to None, run_after=None
[2023-05-27T14:39:31.931+0000] {logging_mixin.py:120} INFO - [2023-05-27T14:39:31.931+0000] {dag.py:3340} INFO - Setting next_dagrun for dataset_produces_1 to 2023-05-26T00:00:00+00:00, run_after=2023-05-27T00:00:00+00:00
[2023-05-27T14:39:31.933+0000] {logging_mixin.py:120} INFO - [2023-05-27T14:39:31.933+0000] {dag.py:3340} INFO - Setting next_dagrun for dataset_produces_2 to None, run_after=None
[2023-05-27T14:39:31.975+0000] {processor.py:176} INFO - Processing /home/airflow/.local/lib/python3.7/site-packages/airflow/example_dags/example_datasets.py took 0.195 seconds
[2023-05-27T14:40:02.489+0000] {processor.py:154} INFO - Started process (PID=241) to work on /home/airflow/.local/lib/python3.7/site-packages/airflow/example_dags/example_datasets.py
[2023-05-27T14:40:02.491+0000] {processor.py:756} INFO - Processing file /home/airflow/.local/lib/python3.7/site-packages/airflow/example_dags/example_datasets.py for tasks to queue
[2023-05-27T14:40:02.492+0000] {logging_mixin.py:120} INFO - [2023-05-27T14:40:02.492+0000] {dagbag.py:537} INFO - Filling up the DagBag from /home/airflow/.local/lib/python3.7/site-packages/airflow/example_dags/example_datasets.py
[2023-05-27T14:40:02.551+0000] {processor.py:766} INFO - DAG(s) dict_keys(['dataset_produces_1', 'dataset_consumes_unknown_never_scheduled', 'dataset_consumes_1', 'dataset_consumes_1_never_scheduled', 'dataset_consumes_1_and_2', 'dataset_produces_2']) retrieved from /home/airflow/.local/lib/python3.7/site-packages/airflow/example_dags/example_datasets.py
[2023-05-27T14:40:02.667+0000] {logging_mixin.py:120} INFO - [2023-05-27T14:40:02.667+0000] {dag.py:2585} INFO - Sync 6 DAGs
[2023-05-27T14:40:02.714+0000] {logging_mixin.py:120} INFO - [2023-05-27T14:40:02.713+0000] {dag.py:3340} INFO - Setting next_dagrun for dataset_consumes_1 to None, run_after=None
[2023-05-27T14:40:02.719+0000] {logging_mixin.py:120} INFO - [2023-05-27T14:40:02.719+0000] {dag.py:3340} INFO - Setting next_dagrun for dataset_consumes_1_and_2 to None, run_after=None
[2023-05-27T14:40:02.721+0000] {logging_mixin.py:120} INFO - [2023-05-27T14:40:02.721+0000] {dag.py:3340} INFO - Setting next_dagrun for dataset_consumes_1_never_scheduled to None, run_after=None
[2023-05-27T14:40:02.723+0000] {logging_mixin.py:120} INFO - [2023-05-27T14:40:02.722+0000] {dag.py:3340} INFO - Setting next_dagrun for dataset_consumes_unknown_never_scheduled to None, run_after=None
[2023-05-27T14:40:02.726+0000] {logging_mixin.py:120} INFO - [2023-05-27T14:40:02.726+0000] {dag.py:3340} INFO - Setting next_dagrun for dataset_produces_1 to 2023-05-26T00:00:00+00:00, run_after=2023-05-27T00:00:00+00:00
[2023-05-27T14:40:02.728+0000] {logging_mixin.py:120} INFO - [2023-05-27T14:40:02.728+0000] {dag.py:3340} INFO - Setting next_dagrun for dataset_produces_2 to None, run_after=None
[2023-05-27T14:40:02.770+0000] {processor.py:176} INFO - Processing /home/airflow/.local/lib/python3.7/site-packages/airflow/example_dags/example_datasets.py took 0.286 seconds
[2023-05-27T14:40:33.523+0000] {processor.py:154} INFO - Started process (PID=304) to work on /home/airflow/.local/lib/python3.7/site-packages/airflow/example_dags/example_datasets.py
[2023-05-27T14:40:33.524+0000] {processor.py:756} INFO - Processing file /home/airflow/.local/lib/python3.7/site-packages/airflow/example_dags/example_datasets.py for tasks to queue
[2023-05-27T14:40:33.525+0000] {logging_mixin.py:120} INFO - [2023-05-27T14:40:33.525+0000] {dagbag.py:537} INFO - Filling up the DagBag from /home/airflow/.local/lib/python3.7/site-packages/airflow/example_dags/example_datasets.py
[2023-05-27T14:40:33.549+0000] {processor.py:766} INFO - DAG(s) dict_keys(['dataset_produces_1', 'dataset_consumes_1_and_2', 'dataset_consumes_1_never_scheduled', 'dataset_consumes_1', 'dataset_produces_2', 'dataset_consumes_unknown_never_scheduled']) retrieved from /home/airflow/.local/lib/python3.7/site-packages/airflow/example_dags/example_datasets.py
[2023-05-27T14:40:33.620+0000] {logging_mixin.py:120} INFO - [2023-05-27T14:40:33.620+0000] {dag.py:2585} INFO - Sync 6 DAGs
[2023-05-27T14:40:33.656+0000] {logging_mixin.py:120} INFO - [2023-05-27T14:40:33.656+0000] {dag.py:3340} INFO - Setting next_dagrun for dataset_consumes_1 to None, run_after=None
[2023-05-27T14:40:33.661+0000] {logging_mixin.py:120} INFO - [2023-05-27T14:40:33.660+0000] {dag.py:3340} INFO - Setting next_dagrun for dataset_consumes_1_and_2 to None, run_after=None
[2023-05-27T14:40:33.662+0000] {logging_mixin.py:120} INFO - [2023-05-27T14:40:33.662+0000] {dag.py:3340} INFO - Setting next_dagrun for dataset_consumes_1_never_scheduled to None, run_after=None
[2023-05-27T14:40:33.663+0000] {logging_mixin.py:120} INFO - [2023-05-27T14:40:33.663+0000] {dag.py:3340} INFO - Setting next_dagrun for dataset_consumes_unknown_never_scheduled to None, run_after=None
[2023-05-27T14:40:33.666+0000] {logging_mixin.py:120} INFO - [2023-05-27T14:40:33.666+0000] {dag.py:3340} INFO - Setting next_dagrun for dataset_produces_1 to 2023-05-26T00:00:00+00:00, run_after=2023-05-27T00:00:00+00:00
[2023-05-27T14:40:33.667+0000] {logging_mixin.py:120} INFO - [2023-05-27T14:40:33.667+0000] {dag.py:3340} INFO - Setting next_dagrun for dataset_produces_2 to None, run_after=None
[2023-05-27T14:40:33.702+0000] {processor.py:176} INFO - Processing /home/airflow/.local/lib/python3.7/site-packages/airflow/example_dags/example_datasets.py took 0.183 seconds
[2023-05-27T14:41:04.121+0000] {processor.py:154} INFO - Started process (PID=358) to work on /home/airflow/.local/lib/python3.7/site-packages/airflow/example_dags/example_datasets.py
[2023-05-27T14:41:04.123+0000] {processor.py:756} INFO - Processing file /home/airflow/.local/lib/python3.7/site-packages/airflow/example_dags/example_datasets.py for tasks to queue
[2023-05-27T14:41:04.124+0000] {logging_mixin.py:120} INFO - [2023-05-27T14:41:04.124+0000] {dagbag.py:537} INFO - Filling up the DagBag from /home/airflow/.local/lib/python3.7/site-packages/airflow/example_dags/example_datasets.py
[2023-05-27T14:41:04.153+0000] {processor.py:766} INFO - DAG(s) dict_keys(['dataset_consumes_1', 'dataset_produces_1', 'dataset_consumes_unknown_never_scheduled', 'dataset_consumes_1_and_2', 'dataset_produces_2', 'dataset_consumes_1_never_scheduled']) retrieved from /home/airflow/.local/lib/python3.7/site-packages/airflow/example_dags/example_datasets.py
[2023-05-27T14:41:04.241+0000] {logging_mixin.py:120} INFO - [2023-05-27T14:41:04.240+0000] {dag.py:2585} INFO - Sync 6 DAGs
[2023-05-27T14:41:04.274+0000] {logging_mixin.py:120} INFO - [2023-05-27T14:41:04.274+0000] {dag.py:3340} INFO - Setting next_dagrun for dataset_consumes_1 to None, run_after=None
[2023-05-27T14:41:04.280+0000] {logging_mixin.py:120} INFO - [2023-05-27T14:41:04.280+0000] {dag.py:3340} INFO - Setting next_dagrun for dataset_consumes_1_and_2 to None, run_after=None
[2023-05-27T14:41:04.281+0000] {logging_mixin.py:120} INFO - [2023-05-27T14:41:04.281+0000] {dag.py:3340} INFO - Setting next_dagrun for dataset_consumes_1_never_scheduled to None, run_after=None
[2023-05-27T14:41:04.282+0000] {logging_mixin.py:120} INFO - [2023-05-27T14:41:04.282+0000] {dag.py:3340} INFO - Setting next_dagrun for dataset_consumes_unknown_never_scheduled to None, run_after=None
[2023-05-27T14:41:04.288+0000] {logging_mixin.py:120} INFO - [2023-05-27T14:41:04.287+0000] {dag.py:3340} INFO - Setting next_dagrun for dataset_produces_1 to 2023-05-26T00:00:00+00:00, run_after=2023-05-27T00:00:00+00:00
[2023-05-27T14:41:04.290+0000] {logging_mixin.py:120} INFO - [2023-05-27T14:41:04.289+0000] {dag.py:3340} INFO - Setting next_dagrun for dataset_produces_2 to None, run_after=None
[2023-05-27T14:41:04.340+0000] {processor.py:176} INFO - Processing /home/airflow/.local/lib/python3.7/site-packages/airflow/example_dags/example_datasets.py took 0.223 seconds
[2023-05-27T14:41:34.495+0000] {processor.py:154} INFO - Started process (PID=423) to work on /home/airflow/.local/lib/python3.7/site-packages/airflow/example_dags/example_datasets.py
[2023-05-27T14:41:34.497+0000] {processor.py:756} INFO - Processing file /home/airflow/.local/lib/python3.7/site-packages/airflow/example_dags/example_datasets.py for tasks to queue
[2023-05-27T14:41:34.498+0000] {logging_mixin.py:120} INFO - [2023-05-27T14:41:34.498+0000] {dagbag.py:537} INFO - Filling up the DagBag from /home/airflow/.local/lib/python3.7/site-packages/airflow/example_dags/example_datasets.py
[2023-05-27T14:41:34.536+0000] {processor.py:766} INFO - DAG(s) dict_keys(['dataset_produces_2', 'dataset_consumes_unknown_never_scheduled', 'dataset_produces_1', 'dataset_consumes_1_never_scheduled', 'dataset_consumes_1', 'dataset_consumes_1_and_2']) retrieved from /home/airflow/.local/lib/python3.7/site-packages/airflow/example_dags/example_datasets.py
[2023-05-27T14:41:34.721+0000] {logging_mixin.py:120} INFO - [2023-05-27T14:41:34.721+0000] {dag.py:2585} INFO - Sync 6 DAGs
[2023-05-27T14:41:34.809+0000] {logging_mixin.py:120} INFO - [2023-05-27T14:41:34.809+0000] {dag.py:3340} INFO - Setting next_dagrun for dataset_consumes_1 to None, run_after=None
[2023-05-27T14:41:34.817+0000] {logging_mixin.py:120} INFO - [2023-05-27T14:41:34.817+0000] {dag.py:3340} INFO - Setting next_dagrun for dataset_consumes_1_and_2 to None, run_after=None
[2023-05-27T14:41:34.819+0000] {logging_mixin.py:120} INFO - [2023-05-27T14:41:34.818+0000] {dag.py:3340} INFO - Setting next_dagrun for dataset_consumes_1_never_scheduled to None, run_after=None
[2023-05-27T14:41:34.820+0000] {logging_mixin.py:120} INFO - [2023-05-27T14:41:34.820+0000] {dag.py:3340} INFO - Setting next_dagrun for dataset_consumes_unknown_never_scheduled to None, run_after=None
[2023-05-27T14:41:34.823+0000] {logging_mixin.py:120} INFO - [2023-05-27T14:41:34.823+0000] {dag.py:3340} INFO - Setting next_dagrun for dataset_produces_1 to 2023-05-26T00:00:00+00:00, run_after=2023-05-27T00:00:00+00:00
[2023-05-27T14:41:34.825+0000] {logging_mixin.py:120} INFO - [2023-05-27T14:41:34.825+0000] {dag.py:3340} INFO - Setting next_dagrun for dataset_produces_2 to None, run_after=None
[2023-05-27T14:41:34.864+0000] {processor.py:176} INFO - Processing /home/airflow/.local/lib/python3.7/site-packages/airflow/example_dags/example_datasets.py took 0.382 seconds
[2023-05-27T14:42:05.524+0000] {processor.py:154} INFO - Started process (PID=476) to work on /home/airflow/.local/lib/python3.7/site-packages/airflow/example_dags/example_datasets.py
[2023-05-27T14:42:05.530+0000] {processor.py:756} INFO - Processing file /home/airflow/.local/lib/python3.7/site-packages/airflow/example_dags/example_datasets.py for tasks to queue
[2023-05-27T14:42:05.533+0000] {logging_mixin.py:120} INFO - [2023-05-27T14:42:05.533+0000] {dagbag.py:537} INFO - Filling up the DagBag from /home/airflow/.local/lib/python3.7/site-packages/airflow/example_dags/example_datasets.py
[2023-05-27T14:42:05.630+0000] {processor.py:766} INFO - DAG(s) dict_keys(['dataset_consumes_1_never_scheduled', 'dataset_produces_1', 'dataset_consumes_1_and_2', 'dataset_produces_2', 'dataset_consumes_1', 'dataset_consumes_unknown_never_scheduled']) retrieved from /home/airflow/.local/lib/python3.7/site-packages/airflow/example_dags/example_datasets.py
[2023-05-27T14:42:05.770+0000] {logging_mixin.py:120} INFO - [2023-05-27T14:42:05.769+0000] {dag.py:2585} INFO - Sync 6 DAGs
[2023-05-27T14:42:05.854+0000] {logging_mixin.py:120} INFO - [2023-05-27T14:42:05.854+0000] {dag.py:3340} INFO - Setting next_dagrun for dataset_consumes_1 to None, run_after=None
[2023-05-27T14:42:05.872+0000] {logging_mixin.py:120} INFO - [2023-05-27T14:42:05.872+0000] {dag.py:3340} INFO - Setting next_dagrun for dataset_consumes_1_and_2 to None, run_after=None
[2023-05-27T14:42:05.874+0000] {logging_mixin.py:120} INFO - [2023-05-27T14:42:05.874+0000] {dag.py:3340} INFO - Setting next_dagrun for dataset_consumes_1_never_scheduled to None, run_after=None
[2023-05-27T14:42:05.875+0000] {logging_mixin.py:120} INFO - [2023-05-27T14:42:05.875+0000] {dag.py:3340} INFO - Setting next_dagrun for dataset_consumes_unknown_never_scheduled to None, run_after=None
[2023-05-27T14:42:05.885+0000] {logging_mixin.py:120} INFO - [2023-05-27T14:42:05.885+0000] {dag.py:3340} INFO - Setting next_dagrun for dataset_produces_1 to 2023-05-26T00:00:00+00:00, run_after=2023-05-27T00:00:00+00:00
[2023-05-27T14:42:05.888+0000] {logging_mixin.py:120} INFO - [2023-05-27T14:42:05.888+0000] {dag.py:3340} INFO - Setting next_dagrun for dataset_produces_2 to None, run_after=None
[2023-05-27T14:42:05.963+0000] {processor.py:176} INFO - Processing /home/airflow/.local/lib/python3.7/site-packages/airflow/example_dags/example_datasets.py took 0.447 seconds
[2023-05-27T14:42:36.164+0000] {processor.py:154} INFO - Started process (PID=531) to work on /home/airflow/.local/lib/python3.7/site-packages/airflow/example_dags/example_datasets.py
[2023-05-27T14:42:36.166+0000] {processor.py:756} INFO - Processing file /home/airflow/.local/lib/python3.7/site-packages/airflow/example_dags/example_datasets.py for tasks to queue
[2023-05-27T14:42:36.166+0000] {logging_mixin.py:120} INFO - [2023-05-27T14:42:36.166+0000] {dagbag.py:537} INFO - Filling up the DagBag from /home/airflow/.local/lib/python3.7/site-packages/airflow/example_dags/example_datasets.py
[2023-05-27T14:42:36.189+0000] {processor.py:766} INFO - DAG(s) dict_keys(['dataset_produces_1', 'dataset_produces_2', 'dataset_consumes_unknown_never_scheduled', 'dataset_consumes_1', 'dataset_consumes_1_never_scheduled', 'dataset_consumes_1_and_2']) retrieved from /home/airflow/.local/lib/python3.7/site-packages/airflow/example_dags/example_datasets.py
[2023-05-27T14:42:36.263+0000] {logging_mixin.py:120} INFO - [2023-05-27T14:42:36.263+0000] {dag.py:2585} INFO - Sync 6 DAGs
[2023-05-27T14:42:36.322+0000] {logging_mixin.py:120} INFO - [2023-05-27T14:42:36.321+0000] {dag.py:3340} INFO - Setting next_dagrun for dataset_consumes_1 to None, run_after=None
[2023-05-27T14:42:36.327+0000] {logging_mixin.py:120} INFO - [2023-05-27T14:42:36.327+0000] {dag.py:3340} INFO - Setting next_dagrun for dataset_consumes_1_and_2 to None, run_after=None
[2023-05-27T14:42:36.328+0000] {logging_mixin.py:120} INFO - [2023-05-27T14:42:36.328+0000] {dag.py:3340} INFO - Setting next_dagrun for dataset_consumes_1_never_scheduled to None, run_after=None
[2023-05-27T14:42:36.330+0000] {logging_mixin.py:120} INFO - [2023-05-27T14:42:36.329+0000] {dag.py:3340} INFO - Setting next_dagrun for dataset_consumes_unknown_never_scheduled to None, run_after=None
[2023-05-27T14:42:36.334+0000] {logging_mixin.py:120} INFO - [2023-05-27T14:42:36.334+0000] {dag.py:3340} INFO - Setting next_dagrun for dataset_produces_1 to 2023-05-26T00:00:00+00:00, run_after=2023-05-27T00:00:00+00:00
[2023-05-27T14:42:36.336+0000] {logging_mixin.py:120} INFO - [2023-05-27T14:42:36.335+0000] {dag.py:3340} INFO - Setting next_dagrun for dataset_produces_2 to None, run_after=None
[2023-05-27T14:42:36.372+0000] {processor.py:176} INFO - Processing /home/airflow/.local/lib/python3.7/site-packages/airflow/example_dags/example_datasets.py took 0.212 seconds
[2023-05-27T14:43:06.536+0000] {processor.py:154} INFO - Started process (PID=594) to work on /home/airflow/.local/lib/python3.7/site-packages/airflow/example_dags/example_datasets.py
[2023-05-27T14:43:06.540+0000] {processor.py:756} INFO - Processing file /home/airflow/.local/lib/python3.7/site-packages/airflow/example_dags/example_datasets.py for tasks to queue
[2023-05-27T14:43:06.541+0000] {logging_mixin.py:120} INFO - [2023-05-27T14:43:06.541+0000] {dagbag.py:537} INFO - Filling up the DagBag from /home/airflow/.local/lib/python3.7/site-packages/airflow/example_dags/example_datasets.py
[2023-05-27T14:43:06.578+0000] {processor.py:766} INFO - DAG(s) dict_keys(['dataset_consumes_1_and_2', 'dataset_produces_2', 'dataset_consumes_1', 'dataset_produces_1', 'dataset_consumes_1_never_scheduled', 'dataset_consumes_unknown_never_scheduled']) retrieved from /home/airflow/.local/lib/python3.7/site-packages/airflow/example_dags/example_datasets.py
[2023-05-27T14:43:06.745+0000] {logging_mixin.py:120} INFO - [2023-05-27T14:43:06.744+0000] {dag.py:2585} INFO - Sync 6 DAGs
[2023-05-27T14:43:06.817+0000] {logging_mixin.py:120} INFO - [2023-05-27T14:43:06.817+0000] {dag.py:3340} INFO - Setting next_dagrun for dataset_consumes_1 to None, run_after=None
[2023-05-27T14:43:06.833+0000] {logging_mixin.py:120} INFO - [2023-05-27T14:43:06.831+0000] {dag.py:3340} INFO - Setting next_dagrun for dataset_consumes_1_and_2 to None, run_after=None
[2023-05-27T14:43:06.836+0000] {logging_mixin.py:120} INFO - [2023-05-27T14:43:06.836+0000] {dag.py:3340} INFO - Setting next_dagrun for dataset_consumes_1_never_scheduled to None, run_after=None
[2023-05-27T14:43:06.839+0000] {logging_mixin.py:120} INFO - [2023-05-27T14:43:06.839+0000] {dag.py:3340} INFO - Setting next_dagrun for dataset_consumes_unknown_never_scheduled to None, run_after=None
[2023-05-27T14:43:06.845+0000] {logging_mixin.py:120} INFO - [2023-05-27T14:43:06.845+0000] {dag.py:3340} INFO - Setting next_dagrun for dataset_produces_1 to 2023-05-26T00:00:00+00:00, run_after=2023-05-27T00:00:00+00:00
[2023-05-27T14:43:06.855+0000] {logging_mixin.py:120} INFO - [2023-05-27T14:43:06.848+0000] {dag.py:3340} INFO - Setting next_dagrun for dataset_produces_2 to None, run_after=None
[2023-05-27T14:43:06.937+0000] {processor.py:176} INFO - Processing /home/airflow/.local/lib/python3.7/site-packages/airflow/example_dags/example_datasets.py took 0.405 seconds
[2023-05-27T14:43:36.996+0000] {processor.py:154} INFO - Started process (PID=648) to work on /home/airflow/.local/lib/python3.7/site-packages/airflow/example_dags/example_datasets.py
[2023-05-27T14:43:37.002+0000] {processor.py:756} INFO - Processing file /home/airflow/.local/lib/python3.7/site-packages/airflow/example_dags/example_datasets.py for tasks to queue
[2023-05-27T14:43:37.003+0000] {logging_mixin.py:120} INFO - [2023-05-27T14:43:37.003+0000] {dagbag.py:537} INFO - Filling up the DagBag from /home/airflow/.local/lib/python3.7/site-packages/airflow/example_dags/example_datasets.py
[2023-05-27T14:43:37.060+0000] {processor.py:766} INFO - DAG(s) dict_keys(['dataset_consumes_unknown_never_scheduled', 'dataset_produces_2', 'dataset_produces_1', 'dataset_consumes_1', 'dataset_consumes_1_and_2', 'dataset_consumes_1_never_scheduled']) retrieved from /home/airflow/.local/lib/python3.7/site-packages/airflow/example_dags/example_datasets.py
[2023-05-27T14:43:37.186+0000] {logging_mixin.py:120} INFO - [2023-05-27T14:43:37.186+0000] {dag.py:2585} INFO - Sync 6 DAGs
[2023-05-27T14:43:37.221+0000] {logging_mixin.py:120} INFO - [2023-05-27T14:43:37.221+0000] {dag.py:3340} INFO - Setting next_dagrun for dataset_consumes_1 to None, run_after=None
[2023-05-27T14:43:37.225+0000] {logging_mixin.py:120} INFO - [2023-05-27T14:43:37.225+0000] {dag.py:3340} INFO - Setting next_dagrun for dataset_consumes_1_and_2 to None, run_after=None
[2023-05-27T14:43:37.227+0000] {logging_mixin.py:120} INFO - [2023-05-27T14:43:37.227+0000] {dag.py:3340} INFO - Setting next_dagrun for dataset_consumes_1_never_scheduled to None, run_after=None
[2023-05-27T14:43:37.228+0000] {logging_mixin.py:120} INFO - [2023-05-27T14:43:37.228+0000] {dag.py:3340} INFO - Setting next_dagrun for dataset_consumes_unknown_never_scheduled to None, run_after=None
[2023-05-27T14:43:37.231+0000] {logging_mixin.py:120} INFO - [2023-05-27T14:43:37.231+0000] {dag.py:3340} INFO - Setting next_dagrun for dataset_produces_1 to 2023-05-26T00:00:00+00:00, run_after=2023-05-27T00:00:00+00:00
[2023-05-27T14:43:37.232+0000] {logging_mixin.py:120} INFO - [2023-05-27T14:43:37.232+0000] {dag.py:3340} INFO - Setting next_dagrun for dataset_produces_2 to None, run_after=None
[2023-05-27T14:43:37.282+0000] {processor.py:176} INFO - Processing /home/airflow/.local/lib/python3.7/site-packages/airflow/example_dags/example_datasets.py took 0.293 seconds
[2023-05-27T14:44:07.842+0000] {processor.py:154} INFO - Started process (PID=711) to work on /home/airflow/.local/lib/python3.7/site-packages/airflow/example_dags/example_datasets.py
[2023-05-27T14:44:07.845+0000] {processor.py:756} INFO - Processing file /home/airflow/.local/lib/python3.7/site-packages/airflow/example_dags/example_datasets.py for tasks to queue
[2023-05-27T14:44:07.846+0000] {logging_mixin.py:120} INFO - [2023-05-27T14:44:07.845+0000] {dagbag.py:537} INFO - Filling up the DagBag from /home/airflow/.local/lib/python3.7/site-packages/airflow/example_dags/example_datasets.py
[2023-05-27T14:44:07.868+0000] {processor.py:766} INFO - DAG(s) dict_keys(['dataset_produces_1', 'dataset_consumes_1_and_2', 'dataset_consumes_unknown_never_scheduled', 'dataset_produces_2', 'dataset_consumes_1_never_scheduled', 'dataset_consumes_1']) retrieved from /home/airflow/.local/lib/python3.7/site-packages/airflow/example_dags/example_datasets.py
[2023-05-27T14:44:07.937+0000] {logging_mixin.py:120} INFO - [2023-05-27T14:44:07.937+0000] {dag.py:2585} INFO - Sync 6 DAGs
[2023-05-27T14:44:07.969+0000] {logging_mixin.py:120} INFO - [2023-05-27T14:44:07.969+0000] {dag.py:3340} INFO - Setting next_dagrun for dataset_consumes_1 to None, run_after=None
[2023-05-27T14:44:07.973+0000] {logging_mixin.py:120} INFO - [2023-05-27T14:44:07.973+0000] {dag.py:3340} INFO - Setting next_dagrun for dataset_consumes_1_and_2 to None, run_after=None
[2023-05-27T14:44:07.976+0000] {logging_mixin.py:120} INFO - [2023-05-27T14:44:07.976+0000] {dag.py:3340} INFO - Setting next_dagrun for dataset_consumes_1_never_scheduled to None, run_after=None
[2023-05-27T14:44:07.980+0000] {logging_mixin.py:120} INFO - [2023-05-27T14:44:07.980+0000] {dag.py:3340} INFO - Setting next_dagrun for dataset_consumes_unknown_never_scheduled to None, run_after=None
[2023-05-27T14:44:07.984+0000] {logging_mixin.py:120} INFO - [2023-05-27T14:44:07.983+0000] {dag.py:3340} INFO - Setting next_dagrun for dataset_produces_1 to 2023-05-26T00:00:00+00:00, run_after=2023-05-27T00:00:00+00:00
[2023-05-27T14:44:07.985+0000] {logging_mixin.py:120} INFO - [2023-05-27T14:44:07.985+0000] {dag.py:3340} INFO - Setting next_dagrun for dataset_produces_2 to None, run_after=None
[2023-05-27T14:44:08.018+0000] {processor.py:176} INFO - Processing /home/airflow/.local/lib/python3.7/site-packages/airflow/example_dags/example_datasets.py took 0.179 seconds
[2023-05-27T14:44:38.082+0000] {processor.py:154} INFO - Started process (PID=765) to work on /home/airflow/.local/lib/python3.7/site-packages/airflow/example_dags/example_datasets.py
[2023-05-27T14:44:38.085+0000] {processor.py:756} INFO - Processing file /home/airflow/.local/lib/python3.7/site-packages/airflow/example_dags/example_datasets.py for tasks to queue
[2023-05-27T14:44:38.086+0000] {logging_mixin.py:120} INFO - [2023-05-27T14:44:38.085+0000] {dagbag.py:537} INFO - Filling up the DagBag from /home/airflow/.local/lib/python3.7/site-packages/airflow/example_dags/example_datasets.py
[2023-05-27T14:44:38.114+0000] {processor.py:766} INFO - DAG(s) dict_keys(['dataset_consumes_1_never_scheduled', 'dataset_consumes_1_and_2', 'dataset_produces_2', 'dataset_produces_1', 'dataset_consumes_unknown_never_scheduled', 'dataset_consumes_1']) retrieved from /home/airflow/.local/lib/python3.7/site-packages/airflow/example_dags/example_datasets.py
[2023-05-27T14:44:38.182+0000] {logging_mixin.py:120} INFO - [2023-05-27T14:44:38.182+0000] {dag.py:2585} INFO - Sync 6 DAGs
[2023-05-27T14:44:38.215+0000] {logging_mixin.py:120} INFO - [2023-05-27T14:44:38.215+0000] {dag.py:3340} INFO - Setting next_dagrun for dataset_consumes_1 to None, run_after=None
[2023-05-27T14:44:38.219+0000] {logging_mixin.py:120} INFO - [2023-05-27T14:44:38.219+0000] {dag.py:3340} INFO - Setting next_dagrun for dataset_consumes_1_and_2 to None, run_after=None
[2023-05-27T14:44:38.221+0000] {logging_mixin.py:120} INFO - [2023-05-27T14:44:38.220+0000] {dag.py:3340} INFO - Setting next_dagrun for dataset_consumes_1_never_scheduled to None, run_after=None
[2023-05-27T14:44:38.222+0000] {logging_mixin.py:120} INFO - [2023-05-27T14:44:38.222+0000] {dag.py:3340} INFO - Setting next_dagrun for dataset_consumes_unknown_never_scheduled to None, run_after=None
[2023-05-27T14:44:38.225+0000] {logging_mixin.py:120} INFO - [2023-05-27T14:44:38.225+0000] {dag.py:3340} INFO - Setting next_dagrun for dataset_produces_1 to 2023-05-26T00:00:00+00:00, run_after=2023-05-27T00:00:00+00:00
[2023-05-27T14:44:38.226+0000] {logging_mixin.py:120} INFO - [2023-05-27T14:44:38.226+0000] {dag.py:3340} INFO - Setting next_dagrun for dataset_produces_2 to None, run_after=None
[2023-05-27T14:44:38.258+0000] {processor.py:176} INFO - Processing /home/airflow/.local/lib/python3.7/site-packages/airflow/example_dags/example_datasets.py took 0.179 seconds
[2023-05-27T14:45:08.686+0000] {processor.py:154} INFO - Started process (PID=825) to work on /home/airflow/.local/lib/python3.7/site-packages/airflow/example_dags/example_datasets.py
[2023-05-27T14:45:08.693+0000] {processor.py:756} INFO - Processing file /home/airflow/.local/lib/python3.7/site-packages/airflow/example_dags/example_datasets.py for tasks to queue
[2023-05-27T14:45:08.694+0000] {logging_mixin.py:120} INFO - [2023-05-27T14:45:08.694+0000] {dagbag.py:537} INFO - Filling up the DagBag from /home/airflow/.local/lib/python3.7/site-packages/airflow/example_dags/example_datasets.py
[2023-05-27T14:45:08.748+0000] {processor.py:766} INFO - DAG(s) dict_keys(['dataset_consumes_1_never_scheduled', 'dataset_produces_2', 'dataset_produces_1', 'dataset_consumes_1', 'dataset_consumes_unknown_never_scheduled', 'dataset_consumes_1_and_2']) retrieved from /home/airflow/.local/lib/python3.7/site-packages/airflow/example_dags/example_datasets.py
[2023-05-27T14:45:08.820+0000] {logging_mixin.py:120} INFO - [2023-05-27T14:45:08.820+0000] {dag.py:2585} INFO - Sync 6 DAGs
[2023-05-27T14:45:08.868+0000] {logging_mixin.py:120} INFO - [2023-05-27T14:45:08.868+0000] {dag.py:3340} INFO - Setting next_dagrun for dataset_consumes_1 to None, run_after=None
[2023-05-27T14:45:08.874+0000] {logging_mixin.py:120} INFO - [2023-05-27T14:45:08.874+0000] {dag.py:3340} INFO - Setting next_dagrun for dataset_consumes_1_and_2 to None, run_after=None
[2023-05-27T14:45:08.876+0000] {logging_mixin.py:120} INFO - [2023-05-27T14:45:08.876+0000] {dag.py:3340} INFO - Setting next_dagrun for dataset_consumes_1_never_scheduled to None, run_after=None
[2023-05-27T14:45:08.879+0000] {logging_mixin.py:120} INFO - [2023-05-27T14:45:08.879+0000] {dag.py:3340} INFO - Setting next_dagrun for dataset_consumes_unknown_never_scheduled to None, run_after=None
[2023-05-27T14:45:08.884+0000] {logging_mixin.py:120} INFO - [2023-05-27T14:45:08.884+0000] {dag.py:3340} INFO - Setting next_dagrun for dataset_produces_1 to 2023-05-26T00:00:00+00:00, run_after=2023-05-27T00:00:00+00:00
[2023-05-27T14:45:08.886+0000] {logging_mixin.py:120} INFO - [2023-05-27T14:45:08.886+0000] {dag.py:3340} INFO - Setting next_dagrun for dataset_produces_2 to None, run_after=None
[2023-05-27T14:45:08.963+0000] {processor.py:176} INFO - Processing /home/airflow/.local/lib/python3.7/site-packages/airflow/example_dags/example_datasets.py took 0.281 seconds
[2023-05-27T14:45:39.533+0000] {processor.py:154} INFO - Started process (PID=880) to work on /home/airflow/.local/lib/python3.7/site-packages/airflow/example_dags/example_datasets.py
[2023-05-27T14:45:39.535+0000] {processor.py:756} INFO - Processing file /home/airflow/.local/lib/python3.7/site-packages/airflow/example_dags/example_datasets.py for tasks to queue
[2023-05-27T14:45:39.535+0000] {logging_mixin.py:120} INFO - [2023-05-27T14:45:39.535+0000] {dagbag.py:537} INFO - Filling up the DagBag from /home/airflow/.local/lib/python3.7/site-packages/airflow/example_dags/example_datasets.py
[2023-05-27T14:45:39.581+0000] {processor.py:766} INFO - DAG(s) dict_keys(['dataset_produces_2', 'dataset_consumes_1_never_scheduled', 'dataset_produces_1', 'dataset_consumes_unknown_never_scheduled', 'dataset_consumes_1', 'dataset_consumes_1_and_2']) retrieved from /home/airflow/.local/lib/python3.7/site-packages/airflow/example_dags/example_datasets.py
[2023-05-27T14:45:39.745+0000] {logging_mixin.py:120} INFO - [2023-05-27T14:45:39.743+0000] {dag.py:2585} INFO - Sync 6 DAGs
[2023-05-27T14:45:39.821+0000] {logging_mixin.py:120} INFO - [2023-05-27T14:45:39.820+0000] {dag.py:3340} INFO - Setting next_dagrun for dataset_consumes_1 to None, run_after=None
[2023-05-27T14:45:39.825+0000] {logging_mixin.py:120} INFO - [2023-05-27T14:45:39.825+0000] {dag.py:3340} INFO - Setting next_dagrun for dataset_consumes_1_and_2 to None, run_after=None
[2023-05-27T14:45:39.826+0000] {logging_mixin.py:120} INFO - [2023-05-27T14:45:39.826+0000] {dag.py:3340} INFO - Setting next_dagrun for dataset_consumes_1_never_scheduled to None, run_after=None
[2023-05-27T14:45:39.828+0000] {logging_mixin.py:120} INFO - [2023-05-27T14:45:39.828+0000] {dag.py:3340} INFO - Setting next_dagrun for dataset_consumes_unknown_never_scheduled to None, run_after=None
[2023-05-27T14:45:39.831+0000] {logging_mixin.py:120} INFO - [2023-05-27T14:45:39.831+0000] {dag.py:3340} INFO - Setting next_dagrun for dataset_produces_1 to 2023-05-26T00:00:00+00:00, run_after=2023-05-27T00:00:00+00:00
[2023-05-27T14:45:39.832+0000] {logging_mixin.py:120} INFO - [2023-05-27T14:45:39.832+0000] {dag.py:3340} INFO - Setting next_dagrun for dataset_produces_2 to None, run_after=None
[2023-05-27T14:45:39.887+0000] {processor.py:176} INFO - Processing /home/airflow/.local/lib/python3.7/site-packages/airflow/example_dags/example_datasets.py took 0.358 seconds
[2023-05-27T14:46:10.897+0000] {processor.py:154} INFO - Started process (PID=934) to work on /home/airflow/.local/lib/python3.7/site-packages/airflow/example_dags/example_datasets.py
[2023-05-27T14:46:10.902+0000] {processor.py:756} INFO - Processing file /home/airflow/.local/lib/python3.7/site-packages/airflow/example_dags/example_datasets.py for tasks to queue
[2023-05-27T14:46:10.903+0000] {logging_mixin.py:120} INFO - [2023-05-27T14:46:10.903+0000] {dagbag.py:537} INFO - Filling up the DagBag from /home/airflow/.local/lib/python3.7/site-packages/airflow/example_dags/example_datasets.py
[2023-05-27T14:46:10.944+0000] {processor.py:766} INFO - DAG(s) dict_keys(['dataset_produces_1', 'dataset_consumes_unknown_never_scheduled', 'dataset_consumes_1', 'dataset_consumes_1_never_scheduled', 'dataset_consumes_1_and_2', 'dataset_produces_2']) retrieved from /home/airflow/.local/lib/python3.7/site-packages/airflow/example_dags/example_datasets.py
[2023-05-27T14:46:11.046+0000] {logging_mixin.py:120} INFO - [2023-05-27T14:46:11.046+0000] {dag.py:2585} INFO - Sync 6 DAGs
[2023-05-27T14:46:11.081+0000] {logging_mixin.py:120} INFO - [2023-05-27T14:46:11.080+0000] {dag.py:3340} INFO - Setting next_dagrun for dataset_consumes_1 to None, run_after=None
[2023-05-27T14:46:11.085+0000] {logging_mixin.py:120} INFO - [2023-05-27T14:46:11.085+0000] {dag.py:3340} INFO - Setting next_dagrun for dataset_consumes_1_and_2 to None, run_after=None
[2023-05-27T14:46:11.086+0000] {logging_mixin.py:120} INFO - [2023-05-27T14:46:11.086+0000] {dag.py:3340} INFO - Setting next_dagrun for dataset_consumes_1_never_scheduled to None, run_after=None
[2023-05-27T14:46:11.087+0000] {logging_mixin.py:120} INFO - [2023-05-27T14:46:11.087+0000] {dag.py:3340} INFO - Setting next_dagrun for dataset_consumes_unknown_never_scheduled to None, run_after=None
[2023-05-27T14:46:11.090+0000] {logging_mixin.py:120} INFO - [2023-05-27T14:46:11.090+0000] {dag.py:3340} INFO - Setting next_dagrun for dataset_produces_1 to 2023-05-26T00:00:00+00:00, run_after=2023-05-27T00:00:00+00:00
[2023-05-27T14:46:11.092+0000] {logging_mixin.py:120} INFO - [2023-05-27T14:46:11.092+0000] {dag.py:3340} INFO - Setting next_dagrun for dataset_produces_2 to None, run_after=None
[2023-05-27T14:46:11.124+0000] {processor.py:176} INFO - Processing /home/airflow/.local/lib/python3.7/site-packages/airflow/example_dags/example_datasets.py took 0.231 seconds
[2023-05-27T14:46:41.332+0000] {processor.py:154} INFO - Started process (PID=997) to work on /home/airflow/.local/lib/python3.7/site-packages/airflow/example_dags/example_datasets.py
[2023-05-27T14:46:41.334+0000] {processor.py:756} INFO - Processing file /home/airflow/.local/lib/python3.7/site-packages/airflow/example_dags/example_datasets.py for tasks to queue
[2023-05-27T14:46:41.335+0000] {logging_mixin.py:120} INFO - [2023-05-27T14:46:41.335+0000] {dagbag.py:537} INFO - Filling up the DagBag from /home/airflow/.local/lib/python3.7/site-packages/airflow/example_dags/example_datasets.py
[2023-05-27T14:46:41.376+0000] {processor.py:766} INFO - DAG(s) dict_keys(['dataset_produces_1', 'dataset_produces_2', 'dataset_consumes_1', 'dataset_consumes_unknown_never_scheduled', 'dataset_consumes_1_and_2', 'dataset_consumes_1_never_scheduled']) retrieved from /home/airflow/.local/lib/python3.7/site-packages/airflow/example_dags/example_datasets.py
[2023-05-27T14:46:41.449+0000] {logging_mixin.py:120} INFO - [2023-05-27T14:46:41.448+0000] {dag.py:2585} INFO - Sync 6 DAGs
[2023-05-27T14:46:41.484+0000] {logging_mixin.py:120} INFO - [2023-05-27T14:46:41.484+0000] {dag.py:3340} INFO - Setting next_dagrun for dataset_consumes_1 to None, run_after=None
[2023-05-27T14:46:41.488+0000] {logging_mixin.py:120} INFO - [2023-05-27T14:46:41.488+0000] {dag.py:3340} INFO - Setting next_dagrun for dataset_consumes_1_and_2 to None, run_after=None
[2023-05-27T14:46:41.489+0000] {logging_mixin.py:120} INFO - [2023-05-27T14:46:41.489+0000] {dag.py:3340} INFO - Setting next_dagrun for dataset_consumes_1_never_scheduled to None, run_after=None
[2023-05-27T14:46:41.491+0000] {logging_mixin.py:120} INFO - [2023-05-27T14:46:41.490+0000] {dag.py:3340} INFO - Setting next_dagrun for dataset_consumes_unknown_never_scheduled to None, run_after=None
[2023-05-27T14:46:41.494+0000] {logging_mixin.py:120} INFO - [2023-05-27T14:46:41.494+0000] {dag.py:3340} INFO - Setting next_dagrun for dataset_produces_1 to 2023-05-26T00:00:00+00:00, run_after=2023-05-27T00:00:00+00:00
[2023-05-27T14:46:41.495+0000] {logging_mixin.py:120} INFO - [2023-05-27T14:46:41.495+0000] {dag.py:3340} INFO - Setting next_dagrun for dataset_produces_2 to None, run_after=None
[2023-05-27T14:46:41.529+0000] {processor.py:176} INFO - Processing /home/airflow/.local/lib/python3.7/site-packages/airflow/example_dags/example_datasets.py took 0.200 seconds
[2023-05-27T14:47:11.553+0000] {processor.py:154} INFO - Started process (PID=1050) to work on /home/airflow/.local/lib/python3.7/site-packages/airflow/example_dags/example_datasets.py
[2023-05-27T14:47:11.555+0000] {processor.py:756} INFO - Processing file /home/airflow/.local/lib/python3.7/site-packages/airflow/example_dags/example_datasets.py for tasks to queue
[2023-05-27T14:47:11.556+0000] {logging_mixin.py:120} INFO - [2023-05-27T14:47:11.556+0000] {dagbag.py:537} INFO - Filling up the DagBag from /home/airflow/.local/lib/python3.7/site-packages/airflow/example_dags/example_datasets.py
[2023-05-27T14:47:11.579+0000] {processor.py:766} INFO - DAG(s) dict_keys(['dataset_consumes_1_and_2', 'dataset_produces_2', 'dataset_consumes_1_never_scheduled', 'dataset_consumes_1', 'dataset_produces_1', 'dataset_consumes_unknown_never_scheduled']) retrieved from /home/airflow/.local/lib/python3.7/site-packages/airflow/example_dags/example_datasets.py
[2023-05-27T14:47:11.674+0000] {logging_mixin.py:120} INFO - [2023-05-27T14:47:11.674+0000] {dag.py:2585} INFO - Sync 6 DAGs
[2023-05-27T14:47:11.709+0000] {logging_mixin.py:120} INFO - [2023-05-27T14:47:11.709+0000] {dag.py:3340} INFO - Setting next_dagrun for dataset_consumes_1 to None, run_after=None
[2023-05-27T14:47:11.714+0000] {logging_mixin.py:120} INFO - [2023-05-27T14:47:11.713+0000] {dag.py:3340} INFO - Setting next_dagrun for dataset_consumes_1_and_2 to None, run_after=None
[2023-05-27T14:47:11.715+0000] {logging_mixin.py:120} INFO - [2023-05-27T14:47:11.715+0000] {dag.py:3340} INFO - Setting next_dagrun for dataset_consumes_1_never_scheduled to None, run_after=None
[2023-05-27T14:47:11.716+0000] {logging_mixin.py:120} INFO - [2023-05-27T14:47:11.716+0000] {dag.py:3340} INFO - Setting next_dagrun for dataset_consumes_unknown_never_scheduled to None, run_after=None
[2023-05-27T14:47:11.719+0000] {logging_mixin.py:120} INFO - [2023-05-27T14:47:11.719+0000] {dag.py:3340} INFO - Setting next_dagrun for dataset_produces_1 to 2023-05-26T00:00:00+00:00, run_after=2023-05-27T00:00:00+00:00
[2023-05-27T14:47:11.721+0000] {logging_mixin.py:120} INFO - [2023-05-27T14:47:11.721+0000] {dag.py:3340} INFO - Setting next_dagrun for dataset_produces_2 to None, run_after=None
[2023-05-27T14:47:11.755+0000] {processor.py:176} INFO - Processing /home/airflow/.local/lib/python3.7/site-packages/airflow/example_dags/example_datasets.py took 0.206 seconds
[2023-05-27T14:47:41.782+0000] {processor.py:154} INFO - Started process (PID=1114) to work on /home/airflow/.local/lib/python3.7/site-packages/airflow/example_dags/example_datasets.py
[2023-05-27T14:47:41.786+0000] {processor.py:756} INFO - Processing file /home/airflow/.local/lib/python3.7/site-packages/airflow/example_dags/example_datasets.py for tasks to queue
[2023-05-27T14:47:41.787+0000] {logging_mixin.py:120} INFO - [2023-05-27T14:47:41.787+0000] {dagbag.py:537} INFO - Filling up the DagBag from /home/airflow/.local/lib/python3.7/site-packages/airflow/example_dags/example_datasets.py
[2023-05-27T14:47:41.844+0000] {processor.py:766} INFO - DAG(s) dict_keys(['dataset_consumes_unknown_never_scheduled', 'dataset_consumes_1_and_2', 'dataset_produces_2', 'dataset_consumes_1', 'dataset_produces_1', 'dataset_consumes_1_never_scheduled']) retrieved from /home/airflow/.local/lib/python3.7/site-packages/airflow/example_dags/example_datasets.py
[2023-05-27T14:47:42.011+0000] {logging_mixin.py:120} INFO - [2023-05-27T14:47:42.011+0000] {dag.py:2585} INFO - Sync 6 DAGs
[2023-05-27T14:47:42.049+0000] {logging_mixin.py:120} INFO - [2023-05-27T14:47:42.049+0000] {dag.py:3340} INFO - Setting next_dagrun for dataset_consumes_1 to None, run_after=None
[2023-05-27T14:47:42.053+0000] {logging_mixin.py:120} INFO - [2023-05-27T14:47:42.053+0000] {dag.py:3340} INFO - Setting next_dagrun for dataset_consumes_1_and_2 to None, run_after=None
[2023-05-27T14:47:42.055+0000] {logging_mixin.py:120} INFO - [2023-05-27T14:47:42.055+0000] {dag.py:3340} INFO - Setting next_dagrun for dataset_consumes_1_never_scheduled to None, run_after=None
[2023-05-27T14:47:42.056+0000] {logging_mixin.py:120} INFO - [2023-05-27T14:47:42.056+0000] {dag.py:3340} INFO - Setting next_dagrun for dataset_consumes_unknown_never_scheduled to None, run_after=None
[2023-05-27T14:47:42.059+0000] {logging_mixin.py:120} INFO - [2023-05-27T14:47:42.059+0000] {dag.py:3340} INFO - Setting next_dagrun for dataset_produces_1 to 2023-05-26T00:00:00+00:00, run_after=2023-05-27T00:00:00+00:00
[2023-05-27T14:47:42.061+0000] {logging_mixin.py:120} INFO - [2023-05-27T14:47:42.061+0000] {dag.py:3340} INFO - Setting next_dagrun for dataset_produces_2 to None, run_after=None
[2023-05-27T14:47:42.106+0000] {processor.py:176} INFO - Processing /home/airflow/.local/lib/python3.7/site-packages/airflow/example_dags/example_datasets.py took 0.327 seconds
[2023-05-27T14:48:12.942+0000] {processor.py:154} INFO - Started process (PID=1168) to work on /home/airflow/.local/lib/python3.7/site-packages/airflow/example_dags/example_datasets.py
[2023-05-27T14:48:12.945+0000] {processor.py:756} INFO - Processing file /home/airflow/.local/lib/python3.7/site-packages/airflow/example_dags/example_datasets.py for tasks to queue
[2023-05-27T14:48:12.945+0000] {logging_mixin.py:120} INFO - [2023-05-27T14:48:12.945+0000] {dagbag.py:537} INFO - Filling up the DagBag from /home/airflow/.local/lib/python3.7/site-packages/airflow/example_dags/example_datasets.py
[2023-05-27T14:48:12.993+0000] {processor.py:766} INFO - DAG(s) dict_keys(['dataset_produces_1', 'dataset_consumes_1_never_scheduled', 'dataset_consumes_unknown_never_scheduled', 'dataset_consumes_1', 'dataset_consumes_1_and_2', 'dataset_produces_2']) retrieved from /home/airflow/.local/lib/python3.7/site-packages/airflow/example_dags/example_datasets.py
[2023-05-27T14:48:13.069+0000] {logging_mixin.py:120} INFO - [2023-05-27T14:48:13.069+0000] {dag.py:2585} INFO - Sync 6 DAGs
[2023-05-27T14:48:13.110+0000] {logging_mixin.py:120} INFO - [2023-05-27T14:48:13.110+0000] {dag.py:3340} INFO - Setting next_dagrun for dataset_consumes_1 to None, run_after=None
[2023-05-27T14:48:13.114+0000] {logging_mixin.py:120} INFO - [2023-05-27T14:48:13.114+0000] {dag.py:3340} INFO - Setting next_dagrun for dataset_consumes_1_and_2 to None, run_after=None
[2023-05-27T14:48:13.116+0000] {logging_mixin.py:120} INFO - [2023-05-27T14:48:13.115+0000] {dag.py:3340} INFO - Setting next_dagrun for dataset_consumes_1_never_scheduled to None, run_after=None
[2023-05-27T14:48:13.119+0000] {logging_mixin.py:120} INFO - [2023-05-27T14:48:13.117+0000] {dag.py:3340} INFO - Setting next_dagrun for dataset_consumes_unknown_never_scheduled to None, run_after=None
[2023-05-27T14:48:13.124+0000] {logging_mixin.py:120} INFO - [2023-05-27T14:48:13.124+0000] {dag.py:3340} INFO - Setting next_dagrun for dataset_produces_1 to 2023-05-26T00:00:00+00:00, run_after=2023-05-27T00:00:00+00:00
[2023-05-27T14:48:13.125+0000] {logging_mixin.py:120} INFO - [2023-05-27T14:48:13.125+0000] {dag.py:3340} INFO - Setting next_dagrun for dataset_produces_2 to None, run_after=None
[2023-05-27T14:48:13.220+0000] {processor.py:176} INFO - Processing /home/airflow/.local/lib/python3.7/site-packages/airflow/example_dags/example_datasets.py took 0.282 seconds
[2023-05-27T14:48:43.315+0000] {processor.py:154} INFO - Started process (PID=1221) to work on /home/airflow/.local/lib/python3.7/site-packages/airflow/example_dags/example_datasets.py
[2023-05-27T14:48:43.318+0000] {processor.py:756} INFO - Processing file /home/airflow/.local/lib/python3.7/site-packages/airflow/example_dags/example_datasets.py for tasks to queue
[2023-05-27T14:48:43.319+0000] {logging_mixin.py:120} INFO - [2023-05-27T14:48:43.318+0000] {dagbag.py:537} INFO - Filling up the DagBag from /home/airflow/.local/lib/python3.7/site-packages/airflow/example_dags/example_datasets.py
[2023-05-27T14:48:43.341+0000] {processor.py:766} INFO - DAG(s) dict_keys(['dataset_consumes_1_never_scheduled', 'dataset_produces_1', 'dataset_consumes_1_and_2', 'dataset_consumes_unknown_never_scheduled', 'dataset_produces_2', 'dataset_consumes_1']) retrieved from /home/airflow/.local/lib/python3.7/site-packages/airflow/example_dags/example_datasets.py
[2023-05-27T14:48:43.410+0000] {logging_mixin.py:120} INFO - [2023-05-27T14:48:43.410+0000] {dag.py:2585} INFO - Sync 6 DAGs
[2023-05-27T14:48:43.444+0000] {logging_mixin.py:120} INFO - [2023-05-27T14:48:43.444+0000] {dag.py:3340} INFO - Setting next_dagrun for dataset_consumes_1 to None, run_after=None
[2023-05-27T14:48:43.448+0000] {logging_mixin.py:120} INFO - [2023-05-27T14:48:43.448+0000] {dag.py:3340} INFO - Setting next_dagrun for dataset_consumes_1_and_2 to None, run_after=None
[2023-05-27T14:48:43.449+0000] {logging_mixin.py:120} INFO - [2023-05-27T14:48:43.449+0000] {dag.py:3340} INFO - Setting next_dagrun for dataset_consumes_1_never_scheduled to None, run_after=None
[2023-05-27T14:48:43.450+0000] {logging_mixin.py:120} INFO - [2023-05-27T14:48:43.450+0000] {dag.py:3340} INFO - Setting next_dagrun for dataset_consumes_unknown_never_scheduled to None, run_after=None
[2023-05-27T14:48:43.454+0000] {logging_mixin.py:120} INFO - [2023-05-27T14:48:43.454+0000] {dag.py:3340} INFO - Setting next_dagrun for dataset_produces_1 to 2023-05-26T00:00:00+00:00, run_after=2023-05-27T00:00:00+00:00
[2023-05-27T14:48:43.455+0000] {logging_mixin.py:120} INFO - [2023-05-27T14:48:43.455+0000] {dag.py:3340} INFO - Setting next_dagrun for dataset_produces_2 to None, run_after=None
[2023-05-27T14:48:43.492+0000] {processor.py:176} INFO - Processing /home/airflow/.local/lib/python3.7/site-packages/airflow/example_dags/example_datasets.py took 0.181 seconds
[2023-05-27T14:49:14.303+0000] {processor.py:154} INFO - Started process (PID=1285) to work on /home/airflow/.local/lib/python3.7/site-packages/airflow/example_dags/example_datasets.py
[2023-05-27T14:49:14.312+0000] {processor.py:756} INFO - Processing file /home/airflow/.local/lib/python3.7/site-packages/airflow/example_dags/example_datasets.py for tasks to queue
[2023-05-27T14:49:14.316+0000] {logging_mixin.py:120} INFO - [2023-05-27T14:49:14.316+0000] {dagbag.py:537} INFO - Filling up the DagBag from /home/airflow/.local/lib/python3.7/site-packages/airflow/example_dags/example_datasets.py
[2023-05-27T14:49:14.410+0000] {processor.py:766} INFO - DAG(s) dict_keys(['dataset_consumes_1_never_scheduled', 'dataset_consumes_1_and_2', 'dataset_consumes_1', 'dataset_produces_2', 'dataset_produces_1', 'dataset_consumes_unknown_never_scheduled']) retrieved from /home/airflow/.local/lib/python3.7/site-packages/airflow/example_dags/example_datasets.py
[2023-05-27T14:49:14.627+0000] {logging_mixin.py:120} INFO - [2023-05-27T14:49:14.627+0000] {dag.py:2585} INFO - Sync 6 DAGs
[2023-05-27T14:49:14.722+0000] {logging_mixin.py:120} INFO - [2023-05-27T14:49:14.722+0000] {dag.py:3340} INFO - Setting next_dagrun for dataset_consumes_1 to None, run_after=None
[2023-05-27T14:49:14.732+0000] {logging_mixin.py:120} INFO - [2023-05-27T14:49:14.732+0000] {dag.py:3340} INFO - Setting next_dagrun for dataset_consumes_1_and_2 to None, run_after=None
[2023-05-27T14:49:14.737+0000] {logging_mixin.py:120} INFO - [2023-05-27T14:49:14.737+0000] {dag.py:3340} INFO - Setting next_dagrun for dataset_consumes_1_never_scheduled to None, run_after=None
[2023-05-27T14:49:14.741+0000] {logging_mixin.py:120} INFO - [2023-05-27T14:49:14.741+0000] {dag.py:3340} INFO - Setting next_dagrun for dataset_consumes_unknown_never_scheduled to None, run_after=None
[2023-05-27T14:49:14.750+0000] {logging_mixin.py:120} INFO - [2023-05-27T14:49:14.750+0000] {dag.py:3340} INFO - Setting next_dagrun for dataset_produces_1 to 2023-05-26T00:00:00+00:00, run_after=2023-05-27T00:00:00+00:00
[2023-05-27T14:49:14.756+0000] {logging_mixin.py:120} INFO - [2023-05-27T14:49:14.756+0000] {dag.py:3340} INFO - Setting next_dagrun for dataset_produces_2 to None, run_after=None
[2023-05-27T14:49:14.844+0000] {processor.py:176} INFO - Processing /home/airflow/.local/lib/python3.7/site-packages/airflow/example_dags/example_datasets.py took 0.553 seconds
[2023-05-27T14:49:44.895+0000] {processor.py:154} INFO - Started process (PID=1339) to work on /home/airflow/.local/lib/python3.7/site-packages/airflow/example_dags/example_datasets.py
[2023-05-27T14:49:44.897+0000] {processor.py:756} INFO - Processing file /home/airflow/.local/lib/python3.7/site-packages/airflow/example_dags/example_datasets.py for tasks to queue
[2023-05-27T14:49:44.898+0000] {logging_mixin.py:120} INFO - [2023-05-27T14:49:44.898+0000] {dagbag.py:537} INFO - Filling up the DagBag from /home/airflow/.local/lib/python3.7/site-packages/airflow/example_dags/example_datasets.py
[2023-05-27T14:49:44.925+0000] {processor.py:766} INFO - DAG(s) dict_keys(['dataset_produces_1', 'dataset_consumes_1_and_2', 'dataset_produces_2', 'dataset_consumes_unknown_never_scheduled', 'dataset_consumes_1_never_scheduled', 'dataset_consumes_1']) retrieved from /home/airflow/.local/lib/python3.7/site-packages/airflow/example_dags/example_datasets.py
[2023-05-27T14:49:44.992+0000] {logging_mixin.py:120} INFO - [2023-05-27T14:49:44.991+0000] {dag.py:2585} INFO - Sync 6 DAGs
[2023-05-27T14:49:45.026+0000] {logging_mixin.py:120} INFO - [2023-05-27T14:49:45.026+0000] {dag.py:3340} INFO - Setting next_dagrun for dataset_consumes_1 to None, run_after=None
[2023-05-27T14:49:45.030+0000] {logging_mixin.py:120} INFO - [2023-05-27T14:49:45.030+0000] {dag.py:3340} INFO - Setting next_dagrun for dataset_consumes_1_and_2 to None, run_after=None
[2023-05-27T14:49:45.031+0000] {logging_mixin.py:120} INFO - [2023-05-27T14:49:45.031+0000] {dag.py:3340} INFO - Setting next_dagrun for dataset_consumes_1_never_scheduled to None, run_after=None
[2023-05-27T14:49:45.032+0000] {logging_mixin.py:120} INFO - [2023-05-27T14:49:45.032+0000] {dag.py:3340} INFO - Setting next_dagrun for dataset_consumes_unknown_never_scheduled to None, run_after=None
[2023-05-27T14:49:45.036+0000] {logging_mixin.py:120} INFO - [2023-05-27T14:49:45.035+0000] {dag.py:3340} INFO - Setting next_dagrun for dataset_produces_1 to 2023-05-26T00:00:00+00:00, run_after=2023-05-27T00:00:00+00:00
[2023-05-27T14:49:45.037+0000] {logging_mixin.py:120} INFO - [2023-05-27T14:49:45.037+0000] {dag.py:3340} INFO - Setting next_dagrun for dataset_produces_2 to None, run_after=None
[2023-05-27T14:49:45.072+0000] {processor.py:176} INFO - Processing /home/airflow/.local/lib/python3.7/site-packages/airflow/example_dags/example_datasets.py took 0.181 seconds
[2023-05-27T14:50:15.219+0000] {processor.py:154} INFO - Started process (PID=1404) to work on /home/airflow/.local/lib/python3.7/site-packages/airflow/example_dags/example_datasets.py
[2023-05-27T14:50:15.221+0000] {processor.py:756} INFO - Processing file /home/airflow/.local/lib/python3.7/site-packages/airflow/example_dags/example_datasets.py for tasks to queue
[2023-05-27T14:50:15.222+0000] {logging_mixin.py:120} INFO - [2023-05-27T14:50:15.222+0000] {dagbag.py:537} INFO - Filling up the DagBag from /home/airflow/.local/lib/python3.7/site-packages/airflow/example_dags/example_datasets.py
[2023-05-27T14:50:15.246+0000] {processor.py:766} INFO - DAG(s) dict_keys(['dataset_produces_2', 'dataset_consumes_1_and_2', 'dataset_consumes_1_never_scheduled', 'dataset_produces_1', 'dataset_consumes_unknown_never_scheduled', 'dataset_consumes_1']) retrieved from /home/airflow/.local/lib/python3.7/site-packages/airflow/example_dags/example_datasets.py
[2023-05-27T14:50:15.315+0000] {logging_mixin.py:120} INFO - [2023-05-27T14:50:15.315+0000] {dag.py:2585} INFO - Sync 6 DAGs
[2023-05-27T14:50:15.348+0000] {logging_mixin.py:120} INFO - [2023-05-27T14:50:15.348+0000] {dag.py:3340} INFO - Setting next_dagrun for dataset_consumes_1 to None, run_after=None
[2023-05-27T14:50:15.352+0000] {logging_mixin.py:120} INFO - [2023-05-27T14:50:15.352+0000] {dag.py:3340} INFO - Setting next_dagrun for dataset_consumes_1_and_2 to None, run_after=None
[2023-05-27T14:50:15.353+0000] {logging_mixin.py:120} INFO - [2023-05-27T14:50:15.353+0000] {dag.py:3340} INFO - Setting next_dagrun for dataset_consumes_1_never_scheduled to None, run_after=None
[2023-05-27T14:50:15.354+0000] {logging_mixin.py:120} INFO - [2023-05-27T14:50:15.354+0000] {dag.py:3340} INFO - Setting next_dagrun for dataset_consumes_unknown_never_scheduled to None, run_after=None
[2023-05-27T14:50:15.357+0000] {logging_mixin.py:120} INFO - [2023-05-27T14:50:15.357+0000] {dag.py:3340} INFO - Setting next_dagrun for dataset_produces_1 to 2023-05-26T00:00:00+00:00, run_after=2023-05-27T00:00:00+00:00
[2023-05-27T14:50:15.359+0000] {logging_mixin.py:120} INFO - [2023-05-27T14:50:15.359+0000] {dag.py:3340} INFO - Setting next_dagrun for dataset_produces_2 to None, run_after=None
[2023-05-27T14:50:15.391+0000] {processor.py:176} INFO - Processing /home/airflow/.local/lib/python3.7/site-packages/airflow/example_dags/example_datasets.py took 0.176 seconds
[2023-05-27T14:50:45.568+0000] {processor.py:154} INFO - Started process (PID=1458) to work on /home/airflow/.local/lib/python3.7/site-packages/airflow/example_dags/example_datasets.py
[2023-05-27T14:50:45.570+0000] {processor.py:756} INFO - Processing file /home/airflow/.local/lib/python3.7/site-packages/airflow/example_dags/example_datasets.py for tasks to queue
[2023-05-27T14:50:45.571+0000] {logging_mixin.py:120} INFO - [2023-05-27T14:50:45.571+0000] {dagbag.py:537} INFO - Filling up the DagBag from /home/airflow/.local/lib/python3.7/site-packages/airflow/example_dags/example_datasets.py
[2023-05-27T14:50:45.596+0000] {processor.py:766} INFO - DAG(s) dict_keys(['dataset_consumes_1_never_scheduled', 'dataset_consumes_1', 'dataset_produces_2', 'dataset_produces_1', 'dataset_consumes_1_and_2', 'dataset_consumes_unknown_never_scheduled']) retrieved from /home/airflow/.local/lib/python3.7/site-packages/airflow/example_dags/example_datasets.py
[2023-05-27T14:50:45.665+0000] {logging_mixin.py:120} INFO - [2023-05-27T14:50:45.665+0000] {dag.py:2585} INFO - Sync 6 DAGs
[2023-05-27T14:50:45.697+0000] {logging_mixin.py:120} INFO - [2023-05-27T14:50:45.697+0000] {dag.py:3340} INFO - Setting next_dagrun for dataset_consumes_1 to None, run_after=None
[2023-05-27T14:50:45.702+0000] {logging_mixin.py:120} INFO - [2023-05-27T14:50:45.701+0000] {dag.py:3340} INFO - Setting next_dagrun for dataset_consumes_1_and_2 to None, run_after=None
[2023-05-27T14:50:45.703+0000] {logging_mixin.py:120} INFO - [2023-05-27T14:50:45.703+0000] {dag.py:3340} INFO - Setting next_dagrun for dataset_consumes_1_never_scheduled to None, run_after=None
[2023-05-27T14:50:45.704+0000] {logging_mixin.py:120} INFO - [2023-05-27T14:50:45.704+0000] {dag.py:3340} INFO - Setting next_dagrun for dataset_consumes_unknown_never_scheduled to None, run_after=None
[2023-05-27T14:50:45.707+0000] {logging_mixin.py:120} INFO - [2023-05-27T14:50:45.707+0000] {dag.py:3340} INFO - Setting next_dagrun for dataset_produces_1 to 2023-05-26T00:00:00+00:00, run_after=2023-05-27T00:00:00+00:00
[2023-05-27T14:50:45.708+0000] {logging_mixin.py:120} INFO - [2023-05-27T14:50:45.708+0000] {dag.py:3340} INFO - Setting next_dagrun for dataset_produces_2 to None, run_after=None
[2023-05-27T14:50:45.742+0000] {processor.py:176} INFO - Processing /home/airflow/.local/lib/python3.7/site-packages/airflow/example_dags/example_datasets.py took 0.178 seconds
[2023-05-27T14:51:16.529+0000] {processor.py:154} INFO - Started process (PID=1512) to work on /home/airflow/.local/lib/python3.7/site-packages/airflow/example_dags/example_datasets.py
[2023-05-27T14:51:16.531+0000] {processor.py:756} INFO - Processing file /home/airflow/.local/lib/python3.7/site-packages/airflow/example_dags/example_datasets.py for tasks to queue
[2023-05-27T14:51:16.532+0000] {logging_mixin.py:120} INFO - [2023-05-27T14:51:16.532+0000] {dagbag.py:537} INFO - Filling up the DagBag from /home/airflow/.local/lib/python3.7/site-packages/airflow/example_dags/example_datasets.py
[2023-05-27T14:51:16.558+0000] {processor.py:766} INFO - DAG(s) dict_keys(['dataset_produces_2', 'dataset_produces_1', 'dataset_consumes_1_and_2', 'dataset_consumes_unknown_never_scheduled', 'dataset_consumes_1', 'dataset_consumes_1_never_scheduled']) retrieved from /home/airflow/.local/lib/python3.7/site-packages/airflow/example_dags/example_datasets.py
[2023-05-27T14:51:16.626+0000] {logging_mixin.py:120} INFO - [2023-05-27T14:51:16.626+0000] {dag.py:2585} INFO - Sync 6 DAGs
[2023-05-27T14:51:16.660+0000] {logging_mixin.py:120} INFO - [2023-05-27T14:51:16.660+0000] {dag.py:3340} INFO - Setting next_dagrun for dataset_consumes_1 to None, run_after=None
[2023-05-27T14:51:16.664+0000] {logging_mixin.py:120} INFO - [2023-05-27T14:51:16.664+0000] {dag.py:3340} INFO - Setting next_dagrun for dataset_consumes_1_and_2 to None, run_after=None
[2023-05-27T14:51:16.665+0000] {logging_mixin.py:120} INFO - [2023-05-27T14:51:16.665+0000] {dag.py:3340} INFO - Setting next_dagrun for dataset_consumes_1_never_scheduled to None, run_after=None
[2023-05-27T14:51:16.666+0000] {logging_mixin.py:120} INFO - [2023-05-27T14:51:16.666+0000] {dag.py:3340} INFO - Setting next_dagrun for dataset_consumes_unknown_never_scheduled to None, run_after=None
[2023-05-27T14:51:16.670+0000] {logging_mixin.py:120} INFO - [2023-05-27T14:51:16.669+0000] {dag.py:3340} INFO - Setting next_dagrun for dataset_produces_1 to 2023-05-26T00:00:00+00:00, run_after=2023-05-27T00:00:00+00:00
[2023-05-27T14:51:16.671+0000] {logging_mixin.py:120} INFO - [2023-05-27T14:51:16.671+0000] {dag.py:3340} INFO - Setting next_dagrun for dataset_produces_2 to None, run_after=None
[2023-05-27T14:51:16.706+0000] {processor.py:176} INFO - Processing /home/airflow/.local/lib/python3.7/site-packages/airflow/example_dags/example_datasets.py took 0.181 seconds
[2023-05-27T14:51:46.831+0000] {processor.py:154} INFO - Started process (PID=1575) to work on /home/airflow/.local/lib/python3.7/site-packages/airflow/example_dags/example_datasets.py
[2023-05-27T14:51:46.836+0000] {processor.py:756} INFO - Processing file /home/airflow/.local/lib/python3.7/site-packages/airflow/example_dags/example_datasets.py for tasks to queue
[2023-05-27T14:51:46.837+0000] {logging_mixin.py:120} INFO - [2023-05-27T14:51:46.837+0000] {dagbag.py:537} INFO - Filling up the DagBag from /home/airflow/.local/lib/python3.7/site-packages/airflow/example_dags/example_datasets.py
[2023-05-27T14:51:46.871+0000] {processor.py:766} INFO - DAG(s) dict_keys(['dataset_consumes_1_never_scheduled', 'dataset_consumes_1', 'dataset_consumes_unknown_never_scheduled', 'dataset_produces_2', 'dataset_produces_1', 'dataset_consumes_1_and_2']) retrieved from /home/airflow/.local/lib/python3.7/site-packages/airflow/example_dags/example_datasets.py
[2023-05-27T14:51:46.971+0000] {logging_mixin.py:120} INFO - [2023-05-27T14:51:46.971+0000] {dag.py:2585} INFO - Sync 6 DAGs
[2023-05-27T14:51:47.072+0000] {logging_mixin.py:120} INFO - [2023-05-27T14:51:47.071+0000] {dag.py:3340} INFO - Setting next_dagrun for dataset_consumes_1 to None, run_after=None
[2023-05-27T14:51:47.076+0000] {logging_mixin.py:120} INFO - [2023-05-27T14:51:47.076+0000] {dag.py:3340} INFO - Setting next_dagrun for dataset_consumes_1_and_2 to None, run_after=None
[2023-05-27T14:51:47.077+0000] {logging_mixin.py:120} INFO - [2023-05-27T14:51:47.077+0000] {dag.py:3340} INFO - Setting next_dagrun for dataset_consumes_1_never_scheduled to None, run_after=None
[2023-05-27T14:51:47.078+0000] {logging_mixin.py:120} INFO - [2023-05-27T14:51:47.078+0000] {dag.py:3340} INFO - Setting next_dagrun for dataset_consumes_unknown_never_scheduled to None, run_after=None
[2023-05-27T14:51:47.082+0000] {logging_mixin.py:120} INFO - [2023-05-27T14:51:47.082+0000] {dag.py:3340} INFO - Setting next_dagrun for dataset_produces_1 to 2023-05-26T00:00:00+00:00, run_after=2023-05-27T00:00:00+00:00
[2023-05-27T14:51:47.083+0000] {logging_mixin.py:120} INFO - [2023-05-27T14:51:47.083+0000] {dag.py:3340} INFO - Setting next_dagrun for dataset_produces_2 to None, run_after=None
[2023-05-27T14:51:47.117+0000] {processor.py:176} INFO - Processing /home/airflow/.local/lib/python3.7/site-packages/airflow/example_dags/example_datasets.py took 0.291 seconds
[2023-05-27T14:52:17.251+0000] {processor.py:154} INFO - Started process (PID=1628) to work on /home/airflow/.local/lib/python3.7/site-packages/airflow/example_dags/example_datasets.py
[2023-05-27T14:52:17.285+0000] {processor.py:756} INFO - Processing file /home/airflow/.local/lib/python3.7/site-packages/airflow/example_dags/example_datasets.py for tasks to queue
[2023-05-27T14:52:17.288+0000] {logging_mixin.py:120} INFO - [2023-05-27T14:52:17.288+0000] {dagbag.py:537} INFO - Filling up the DagBag from /home/airflow/.local/lib/python3.7/site-packages/airflow/example_dags/example_datasets.py
[2023-05-27T14:52:17.351+0000] {processor.py:766} INFO - DAG(s) dict_keys(['dataset_consumes_1', 'dataset_produces_2', 'dataset_consumes_unknown_never_scheduled', 'dataset_consumes_1_never_scheduled', 'dataset_produces_1', 'dataset_consumes_1_and_2']) retrieved from /home/airflow/.local/lib/python3.7/site-packages/airflow/example_dags/example_datasets.py
[2023-05-27T14:52:17.463+0000] {logging_mixin.py:120} INFO - [2023-05-27T14:52:17.463+0000] {dag.py:2585} INFO - Sync 6 DAGs
[2023-05-27T14:52:17.513+0000] {logging_mixin.py:120} INFO - [2023-05-27T14:52:17.513+0000] {dag.py:3340} INFO - Setting next_dagrun for dataset_consumes_1 to None, run_after=None
[2023-05-27T14:52:17.524+0000] {logging_mixin.py:120} INFO - [2023-05-27T14:52:17.524+0000] {dag.py:3340} INFO - Setting next_dagrun for dataset_consumes_1_and_2 to None, run_after=None
[2023-05-27T14:52:17.525+0000] {logging_mixin.py:120} INFO - [2023-05-27T14:52:17.525+0000] {dag.py:3340} INFO - Setting next_dagrun for dataset_consumes_1_never_scheduled to None, run_after=None
[2023-05-27T14:52:17.528+0000] {logging_mixin.py:120} INFO - [2023-05-27T14:52:17.528+0000] {dag.py:3340} INFO - Setting next_dagrun for dataset_consumes_unknown_never_scheduled to None, run_after=None
[2023-05-27T14:52:17.534+0000] {logging_mixin.py:120} INFO - [2023-05-27T14:52:17.533+0000] {dag.py:3340} INFO - Setting next_dagrun for dataset_produces_1 to 2023-05-26T00:00:00+00:00, run_after=2023-05-27T00:00:00+00:00
[2023-05-27T14:52:17.536+0000] {logging_mixin.py:120} INFO - [2023-05-27T14:52:17.536+0000] {dag.py:3340} INFO - Setting next_dagrun for dataset_produces_2 to None, run_after=None
[2023-05-27T14:52:17.709+0000] {processor.py:176} INFO - Processing /home/airflow/.local/lib/python3.7/site-packages/airflow/example_dags/example_datasets.py took 0.462 seconds
[2023-05-27T14:52:51.452+0000] {processor.py:154} INFO - Started process (PID=1690) to work on /home/airflow/.local/lib/python3.7/site-packages/airflow/example_dags/example_datasets.py
[2023-05-27T14:52:51.459+0000] {processor.py:756} INFO - Processing file /home/airflow/.local/lib/python3.7/site-packages/airflow/example_dags/example_datasets.py for tasks to queue
[2023-05-27T14:52:51.460+0000] {logging_mixin.py:120} INFO - [2023-05-27T14:52:51.459+0000] {dagbag.py:537} INFO - Filling up the DagBag from /home/airflow/.local/lib/python3.7/site-packages/airflow/example_dags/example_datasets.py
[2023-05-27T14:52:51.631+0000] {processor.py:766} INFO - DAG(s) dict_keys(['dataset_consumes_unknown_never_scheduled', 'dataset_consumes_1', 'dataset_produces_2', 'dataset_consumes_1_never_scheduled', 'dataset_consumes_1_and_2', 'dataset_produces_1']) retrieved from /home/airflow/.local/lib/python3.7/site-packages/airflow/example_dags/example_datasets.py
[2023-05-27T14:52:52.563+0000] {logging_mixin.py:120} INFO - [2023-05-27T14:52:52.548+0000] {dag.py:2585} INFO - Sync 6 DAGs
[2023-05-27T14:52:52.866+0000] {logging_mixin.py:120} INFO - [2023-05-27T14:52:52.837+0000] {dag.py:3340} INFO - Setting next_dagrun for dataset_consumes_1 to None, run_after=None
[2023-05-27T14:52:52.874+0000] {logging_mixin.py:120} INFO - [2023-05-27T14:52:52.873+0000] {dag.py:3340} INFO - Setting next_dagrun for dataset_consumes_1_and_2 to None, run_after=None
[2023-05-27T14:52:52.875+0000] {logging_mixin.py:120} INFO - [2023-05-27T14:52:52.875+0000] {dag.py:3340} INFO - Setting next_dagrun for dataset_consumes_1_never_scheduled to None, run_after=None
[2023-05-27T14:52:52.881+0000] {logging_mixin.py:120} INFO - [2023-05-27T14:52:52.881+0000] {dag.py:3340} INFO - Setting next_dagrun for dataset_consumes_unknown_never_scheduled to None, run_after=None
[2023-05-27T14:52:52.895+0000] {logging_mixin.py:120} INFO - [2023-05-27T14:52:52.895+0000] {dag.py:3340} INFO - Setting next_dagrun for dataset_produces_1 to 2023-05-26T00:00:00+00:00, run_after=2023-05-27T00:00:00+00:00
[2023-05-27T14:52:52.897+0000] {logging_mixin.py:120} INFO - [2023-05-27T14:52:52.897+0000] {dag.py:3340} INFO - Setting next_dagrun for dataset_produces_2 to None, run_after=None
[2023-05-27T14:52:53.133+0000] {processor.py:176} INFO - Processing /home/airflow/.local/lib/python3.7/site-packages/airflow/example_dags/example_datasets.py took 1.685 seconds
[2023-05-27T14:53:23.491+0000] {processor.py:154} INFO - Started process (PID=1745) to work on /home/airflow/.local/lib/python3.7/site-packages/airflow/example_dags/example_datasets.py
[2023-05-27T14:53:23.493+0000] {processor.py:756} INFO - Processing file /home/airflow/.local/lib/python3.7/site-packages/airflow/example_dags/example_datasets.py for tasks to queue
[2023-05-27T14:53:23.494+0000] {logging_mixin.py:120} INFO - [2023-05-27T14:53:23.493+0000] {dagbag.py:537} INFO - Filling up the DagBag from /home/airflow/.local/lib/python3.7/site-packages/airflow/example_dags/example_datasets.py
[2023-05-27T14:53:23.520+0000] {processor.py:766} INFO - DAG(s) dict_keys(['dataset_consumes_1', 'dataset_consumes_1_and_2', 'dataset_consumes_unknown_never_scheduled', 'dataset_produces_2', 'dataset_consumes_1_never_scheduled', 'dataset_produces_1']) retrieved from /home/airflow/.local/lib/python3.7/site-packages/airflow/example_dags/example_datasets.py
[2023-05-27T14:53:23.594+0000] {logging_mixin.py:120} INFO - [2023-05-27T14:53:23.594+0000] {dag.py:2585} INFO - Sync 6 DAGs
[2023-05-27T14:53:23.628+0000] {logging_mixin.py:120} INFO - [2023-05-27T14:53:23.628+0000] {dag.py:3340} INFO - Setting next_dagrun for dataset_consumes_1 to None, run_after=None
[2023-05-27T14:53:23.632+0000] {logging_mixin.py:120} INFO - [2023-05-27T14:53:23.632+0000] {dag.py:3340} INFO - Setting next_dagrun for dataset_consumes_1_and_2 to None, run_after=None
[2023-05-27T14:53:23.633+0000] {logging_mixin.py:120} INFO - [2023-05-27T14:53:23.633+0000] {dag.py:3340} INFO - Setting next_dagrun for dataset_consumes_1_never_scheduled to None, run_after=None
[2023-05-27T14:53:23.635+0000] {logging_mixin.py:120} INFO - [2023-05-27T14:53:23.634+0000] {dag.py:3340} INFO - Setting next_dagrun for dataset_consumes_unknown_never_scheduled to None, run_after=None
[2023-05-27T14:53:23.638+0000] {logging_mixin.py:120} INFO - [2023-05-27T14:53:23.638+0000] {dag.py:3340} INFO - Setting next_dagrun for dataset_produces_1 to 2023-05-26T00:00:00+00:00, run_after=2023-05-27T00:00:00+00:00
[2023-05-27T14:53:23.639+0000] {logging_mixin.py:120} INFO - [2023-05-27T14:53:23.639+0000] {dag.py:3340} INFO - Setting next_dagrun for dataset_produces_2 to None, run_after=None
[2023-05-27T14:53:23.677+0000] {processor.py:176} INFO - Processing /home/airflow/.local/lib/python3.7/site-packages/airflow/example_dags/example_datasets.py took 0.190 seconds
