[2023-05-27T14:38:32.925+0000] {processor.py:154} INFO - Started process (PID=76) to work on /home/airflow/.local/lib/python3.7/site-packages/airflow/example_dags/example_branch_datetime_operator.py
[2023-05-27T14:38:32.926+0000] {processor.py:756} INFO - Processing file /home/airflow/.local/lib/python3.7/site-packages/airflow/example_dags/example_branch_datetime_operator.py for tasks to queue
[2023-05-27T14:38:32.927+0000] {logging_mixin.py:120} INFO - [2023-05-27T14:38:32.926+0000] {dagbag.py:537} INFO - Filling up the DagBag from /home/airflow/.local/lib/python3.7/site-packages/airflow/example_dags/example_branch_datetime_operator.py
[2023-05-27T14:38:32.997+0000] {processor.py:766} INFO - DAG(s) dict_keys(['example_branch_datetime_operator_2', 'example_branch_datetime_operator', 'example_branch_datetime_operator_3']) retrieved from /home/airflow/.local/lib/python3.7/site-packages/airflow/example_dags/example_branch_datetime_operator.py
[2023-05-27T14:38:33.622+0000] {logging_mixin.py:120} INFO - [2023-05-27T14:38:33.622+0000] {manager.py:507} INFO - Created Permission View: can read on DAG:example_branch_datetime_operator_2
[2023-05-27T14:38:33.663+0000] {logging_mixin.py:120} INFO - [2023-05-27T14:38:33.661+0000] {manager.py:507} INFO - Created Permission View: can edit on DAG:example_branch_datetime_operator_2
[2023-05-27T14:38:33.702+0000] {logging_mixin.py:120} INFO - [2023-05-27T14:38:33.702+0000] {manager.py:507} INFO - Created Permission View: can delete on DAG:example_branch_datetime_operator_2
[2023-05-27T14:38:33.781+0000] {logging_mixin.py:120} INFO - [2023-05-27T14:38:33.781+0000] {manager.py:507} INFO - Created Permission View: can read on DAG:example_branch_datetime_operator
[2023-05-27T14:38:33.805+0000] {logging_mixin.py:120} INFO - [2023-05-27T14:38:33.805+0000] {manager.py:507} INFO - Created Permission View: can edit on DAG:example_branch_datetime_operator
[2023-05-27T14:38:33.836+0000] {logging_mixin.py:120} INFO - [2023-05-27T14:38:33.836+0000] {manager.py:507} INFO - Created Permission View: can delete on DAG:example_branch_datetime_operator
[2023-05-27T14:38:33.892+0000] {logging_mixin.py:120} INFO - [2023-05-27T14:38:33.892+0000] {manager.py:507} INFO - Created Permission View: can read on DAG:example_branch_datetime_operator_3
[2023-05-27T14:38:33.903+0000] {logging_mixin.py:120} INFO - [2023-05-27T14:38:33.903+0000] {manager.py:507} INFO - Created Permission View: can edit on DAG:example_branch_datetime_operator_3
[2023-05-27T14:38:33.916+0000] {logging_mixin.py:120} INFO - [2023-05-27T14:38:33.915+0000] {manager.py:507} INFO - Created Permission View: can delete on DAG:example_branch_datetime_operator_3
[2023-05-27T14:38:33.916+0000] {logging_mixin.py:120} INFO - [2023-05-27T14:38:33.916+0000] {dag.py:2585} INFO - Sync 3 DAGs
[2023-05-27T14:38:33.966+0000] {logging_mixin.py:120} INFO - [2023-05-27T14:38:33.965+0000] {dag.py:2606} INFO - Creating ORM DAG for example_branch_datetime_operator_2
[2023-05-27T14:38:33.966+0000] {logging_mixin.py:120} INFO - [2023-05-27T14:38:33.966+0000] {dag.py:2606} INFO - Creating ORM DAG for example_branch_datetime_operator
[2023-05-27T14:38:33.967+0000] {logging_mixin.py:120} INFO - [2023-05-27T14:38:33.967+0000] {dag.py:2606} INFO - Creating ORM DAG for example_branch_datetime_operator_3
[2023-05-27T14:38:34.023+0000] {logging_mixin.py:120} INFO - [2023-05-27T14:38:34.023+0000] {dag.py:3340} INFO - Setting next_dagrun for example_branch_datetime_operator to 2023-05-26T00:00:00+00:00, run_after=2023-05-27T00:00:00+00:00
[2023-05-27T14:38:34.026+0000] {logging_mixin.py:120} INFO - [2023-05-27T14:38:34.026+0000] {dag.py:3340} INFO - Setting next_dagrun for example_branch_datetime_operator_2 to 2023-05-26T00:00:00+00:00, run_after=2023-05-27T00:00:00+00:00
[2023-05-27T14:38:34.040+0000] {logging_mixin.py:120} INFO - [2023-05-27T14:38:34.040+0000] {dag.py:3340} INFO - Setting next_dagrun for example_branch_datetime_operator_3 to 2023-05-26T00:00:00+00:00, run_after=2023-05-27T00:00:00+00:00
[2023-05-27T14:38:34.122+0000] {processor.py:176} INFO - Processing /home/airflow/.local/lib/python3.7/site-packages/airflow/example_dags/example_branch_datetime_operator.py took 1.209 seconds
[2023-05-27T14:39:04.192+0000] {processor.py:154} INFO - Started process (PID=139) to work on /home/airflow/.local/lib/python3.7/site-packages/airflow/example_dags/example_branch_datetime_operator.py
[2023-05-27T14:39:04.194+0000] {processor.py:756} INFO - Processing file /home/airflow/.local/lib/python3.7/site-packages/airflow/example_dags/example_branch_datetime_operator.py for tasks to queue
[2023-05-27T14:39:04.195+0000] {logging_mixin.py:120} INFO - [2023-05-27T14:39:04.194+0000] {dagbag.py:537} INFO - Filling up the DagBag from /home/airflow/.local/lib/python3.7/site-packages/airflow/example_dags/example_branch_datetime_operator.py
[2023-05-27T14:39:04.223+0000] {processor.py:766} INFO - DAG(s) dict_keys(['example_branch_datetime_operator_3', 'example_branch_datetime_operator_2', 'example_branch_datetime_operator']) retrieved from /home/airflow/.local/lib/python3.7/site-packages/airflow/example_dags/example_branch_datetime_operator.py
[2023-05-27T14:39:04.283+0000] {logging_mixin.py:120} INFO - [2023-05-27T14:39:04.283+0000] {dag.py:2585} INFO - Sync 3 DAGs
[2023-05-27T14:39:04.328+0000] {logging_mixin.py:120} INFO - [2023-05-27T14:39:04.328+0000] {dag.py:3340} INFO - Setting next_dagrun for example_branch_datetime_operator to 2023-05-26T00:00:00+00:00, run_after=2023-05-27T00:00:00+00:00
[2023-05-27T14:39:04.335+0000] {logging_mixin.py:120} INFO - [2023-05-27T14:39:04.334+0000] {dag.py:3340} INFO - Setting next_dagrun for example_branch_datetime_operator_2 to 2023-05-26T00:00:00+00:00, run_after=2023-05-27T00:00:00+00:00
[2023-05-27T14:39:04.339+0000] {logging_mixin.py:120} INFO - [2023-05-27T14:39:04.339+0000] {dag.py:3340} INFO - Setting next_dagrun for example_branch_datetime_operator_3 to 2023-05-26T00:00:00+00:00, run_after=2023-05-27T00:00:00+00:00
[2023-05-27T14:39:04.364+0000] {processor.py:176} INFO - Processing /home/airflow/.local/lib/python3.7/site-packages/airflow/example_dags/example_branch_datetime_operator.py took 0.175 seconds
[2023-05-27T14:39:34.578+0000] {processor.py:154} INFO - Started process (PID=195) to work on /home/airflow/.local/lib/python3.7/site-packages/airflow/example_dags/example_branch_datetime_operator.py
[2023-05-27T14:39:34.584+0000] {processor.py:756} INFO - Processing file /home/airflow/.local/lib/python3.7/site-packages/airflow/example_dags/example_branch_datetime_operator.py for tasks to queue
[2023-05-27T14:39:34.584+0000] {logging_mixin.py:120} INFO - [2023-05-27T14:39:34.584+0000] {dagbag.py:537} INFO - Filling up the DagBag from /home/airflow/.local/lib/python3.7/site-packages/airflow/example_dags/example_branch_datetime_operator.py
[2023-05-27T14:39:34.626+0000] {processor.py:766} INFO - DAG(s) dict_keys(['example_branch_datetime_operator', 'example_branch_datetime_operator_2', 'example_branch_datetime_operator_3']) retrieved from /home/airflow/.local/lib/python3.7/site-packages/airflow/example_dags/example_branch_datetime_operator.py
[2023-05-27T14:39:34.796+0000] {logging_mixin.py:120} INFO - [2023-05-27T14:39:34.795+0000] {dag.py:2585} INFO - Sync 3 DAGs
[2023-05-27T14:39:34.837+0000] {logging_mixin.py:120} INFO - [2023-05-27T14:39:34.837+0000] {dag.py:3340} INFO - Setting next_dagrun for example_branch_datetime_operator to 2023-05-26T00:00:00+00:00, run_after=2023-05-27T00:00:00+00:00
[2023-05-27T14:39:34.843+0000] {logging_mixin.py:120} INFO - [2023-05-27T14:39:34.843+0000] {dag.py:3340} INFO - Setting next_dagrun for example_branch_datetime_operator_2 to 2023-05-26T00:00:00+00:00, run_after=2023-05-27T00:00:00+00:00
[2023-05-27T14:39:34.846+0000] {logging_mixin.py:120} INFO - [2023-05-27T14:39:34.846+0000] {dag.py:3340} INFO - Setting next_dagrun for example_branch_datetime_operator_3 to 2023-05-26T00:00:00+00:00, run_after=2023-05-27T00:00:00+00:00
[2023-05-27T14:39:34.866+0000] {processor.py:176} INFO - Processing /home/airflow/.local/lib/python3.7/site-packages/airflow/example_dags/example_branch_datetime_operator.py took 0.293 seconds
[2023-05-27T14:40:04.972+0000] {processor.py:154} INFO - Started process (PID=257) to work on /home/airflow/.local/lib/python3.7/site-packages/airflow/example_dags/example_branch_datetime_operator.py
[2023-05-27T14:40:04.974+0000] {processor.py:756} INFO - Processing file /home/airflow/.local/lib/python3.7/site-packages/airflow/example_dags/example_branch_datetime_operator.py for tasks to queue
[2023-05-27T14:40:04.974+0000] {logging_mixin.py:120} INFO - [2023-05-27T14:40:04.974+0000] {dagbag.py:537} INFO - Filling up the DagBag from /home/airflow/.local/lib/python3.7/site-packages/airflow/example_dags/example_branch_datetime_operator.py
[2023-05-27T14:40:05.001+0000] {processor.py:766} INFO - DAG(s) dict_keys(['example_branch_datetime_operator_2', 'example_branch_datetime_operator_3', 'example_branch_datetime_operator']) retrieved from /home/airflow/.local/lib/python3.7/site-packages/airflow/example_dags/example_branch_datetime_operator.py
[2023-05-27T14:40:05.104+0000] {logging_mixin.py:120} INFO - [2023-05-27T14:40:05.104+0000] {dag.py:2585} INFO - Sync 3 DAGs
[2023-05-27T14:40:05.155+0000] {logging_mixin.py:120} INFO - [2023-05-27T14:40:05.154+0000] {dag.py:3340} INFO - Setting next_dagrun for example_branch_datetime_operator to 2023-05-26T00:00:00+00:00, run_after=2023-05-27T00:00:00+00:00
[2023-05-27T14:40:05.162+0000] {logging_mixin.py:120} INFO - [2023-05-27T14:40:05.162+0000] {dag.py:3340} INFO - Setting next_dagrun for example_branch_datetime_operator_2 to 2023-05-26T00:00:00+00:00, run_after=2023-05-27T00:00:00+00:00
[2023-05-27T14:40:05.168+0000] {logging_mixin.py:120} INFO - [2023-05-27T14:40:05.168+0000] {dag.py:3340} INFO - Setting next_dagrun for example_branch_datetime_operator_3 to 2023-05-26T00:00:00+00:00, run_after=2023-05-27T00:00:00+00:00
[2023-05-27T14:40:05.211+0000] {processor.py:176} INFO - Processing /home/airflow/.local/lib/python3.7/site-packages/airflow/example_dags/example_branch_datetime_operator.py took 0.243 seconds
[2023-05-27T14:40:35.620+0000] {processor.py:154} INFO - Started process (PID=311) to work on /home/airflow/.local/lib/python3.7/site-packages/airflow/example_dags/example_branch_datetime_operator.py
[2023-05-27T14:40:35.621+0000] {processor.py:756} INFO - Processing file /home/airflow/.local/lib/python3.7/site-packages/airflow/example_dags/example_branch_datetime_operator.py for tasks to queue
[2023-05-27T14:40:35.622+0000] {logging_mixin.py:120} INFO - [2023-05-27T14:40:35.622+0000] {dagbag.py:537} INFO - Filling up the DagBag from /home/airflow/.local/lib/python3.7/site-packages/airflow/example_dags/example_branch_datetime_operator.py
[2023-05-27T14:40:35.646+0000] {processor.py:766} INFO - DAG(s) dict_keys(['example_branch_datetime_operator_2', 'example_branch_datetime_operator', 'example_branch_datetime_operator_3']) retrieved from /home/airflow/.local/lib/python3.7/site-packages/airflow/example_dags/example_branch_datetime_operator.py
[2023-05-27T14:40:35.703+0000] {logging_mixin.py:120} INFO - [2023-05-27T14:40:35.703+0000] {dag.py:2585} INFO - Sync 3 DAGs
[2023-05-27T14:40:35.736+0000] {logging_mixin.py:120} INFO - [2023-05-27T14:40:35.736+0000] {dag.py:3340} INFO - Setting next_dagrun for example_branch_datetime_operator to 2023-05-26T00:00:00+00:00, run_after=2023-05-27T00:00:00+00:00
[2023-05-27T14:40:35.742+0000] {logging_mixin.py:120} INFO - [2023-05-27T14:40:35.742+0000] {dag.py:3340} INFO - Setting next_dagrun for example_branch_datetime_operator_2 to 2023-05-26T00:00:00+00:00, run_after=2023-05-27T00:00:00+00:00
[2023-05-27T14:40:35.745+0000] {logging_mixin.py:120} INFO - [2023-05-27T14:40:35.745+0000] {dag.py:3340} INFO - Setting next_dagrun for example_branch_datetime_operator_3 to 2023-05-26T00:00:00+00:00, run_after=2023-05-27T00:00:00+00:00
[2023-05-27T14:40:35.765+0000] {processor.py:176} INFO - Processing /home/airflow/.local/lib/python3.7/site-packages/airflow/example_dags/example_branch_datetime_operator.py took 0.149 seconds
[2023-05-27T14:41:06.299+0000] {processor.py:154} INFO - Started process (PID=366) to work on /home/airflow/.local/lib/python3.7/site-packages/airflow/example_dags/example_branch_datetime_operator.py
[2023-05-27T14:41:06.301+0000] {processor.py:756} INFO - Processing file /home/airflow/.local/lib/python3.7/site-packages/airflow/example_dags/example_branch_datetime_operator.py for tasks to queue
[2023-05-27T14:41:06.302+0000] {logging_mixin.py:120} INFO - [2023-05-27T14:41:06.302+0000] {dagbag.py:537} INFO - Filling up the DagBag from /home/airflow/.local/lib/python3.7/site-packages/airflow/example_dags/example_branch_datetime_operator.py
[2023-05-27T14:41:06.339+0000] {processor.py:766} INFO - DAG(s) dict_keys(['example_branch_datetime_operator', 'example_branch_datetime_operator_3', 'example_branch_datetime_operator_2']) retrieved from /home/airflow/.local/lib/python3.7/site-packages/airflow/example_dags/example_branch_datetime_operator.py
[2023-05-27T14:41:06.397+0000] {logging_mixin.py:120} INFO - [2023-05-27T14:41:06.397+0000] {dag.py:2585} INFO - Sync 3 DAGs
[2023-05-27T14:41:06.433+0000] {logging_mixin.py:120} INFO - [2023-05-27T14:41:06.433+0000] {dag.py:3340} INFO - Setting next_dagrun for example_branch_datetime_operator to 2023-05-26T00:00:00+00:00, run_after=2023-05-27T00:00:00+00:00
[2023-05-27T14:41:06.439+0000] {logging_mixin.py:120} INFO - [2023-05-27T14:41:06.439+0000] {dag.py:3340} INFO - Setting next_dagrun for example_branch_datetime_operator_2 to 2023-05-26T00:00:00+00:00, run_after=2023-05-27T00:00:00+00:00
[2023-05-27T14:41:06.442+0000] {logging_mixin.py:120} INFO - [2023-05-27T14:41:06.442+0000] {dag.py:3340} INFO - Setting next_dagrun for example_branch_datetime_operator_3 to 2023-05-26T00:00:00+00:00, run_after=2023-05-27T00:00:00+00:00
[2023-05-27T14:41:06.465+0000] {processor.py:176} INFO - Processing /home/airflow/.local/lib/python3.7/site-packages/airflow/example_dags/example_branch_datetime_operator.py took 0.170 seconds
[2023-05-27T14:41:36.626+0000] {processor.py:154} INFO - Started process (PID=430) to work on /home/airflow/.local/lib/python3.7/site-packages/airflow/example_dags/example_branch_datetime_operator.py
[2023-05-27T14:41:36.627+0000] {processor.py:756} INFO - Processing file /home/airflow/.local/lib/python3.7/site-packages/airflow/example_dags/example_branch_datetime_operator.py for tasks to queue
[2023-05-27T14:41:36.628+0000] {logging_mixin.py:120} INFO - [2023-05-27T14:41:36.628+0000] {dagbag.py:537} INFO - Filling up the DagBag from /home/airflow/.local/lib/python3.7/site-packages/airflow/example_dags/example_branch_datetime_operator.py
[2023-05-27T14:41:36.669+0000] {processor.py:766} INFO - DAG(s) dict_keys(['example_branch_datetime_operator_3', 'example_branch_datetime_operator', 'example_branch_datetime_operator_2']) retrieved from /home/airflow/.local/lib/python3.7/site-packages/airflow/example_dags/example_branch_datetime_operator.py
[2023-05-27T14:41:36.726+0000] {logging_mixin.py:120} INFO - [2023-05-27T14:41:36.726+0000] {dag.py:2585} INFO - Sync 3 DAGs
[2023-05-27T14:41:36.761+0000] {logging_mixin.py:120} INFO - [2023-05-27T14:41:36.761+0000] {dag.py:3340} INFO - Setting next_dagrun for example_branch_datetime_operator to 2023-05-26T00:00:00+00:00, run_after=2023-05-27T00:00:00+00:00
[2023-05-27T14:41:36.767+0000] {logging_mixin.py:120} INFO - [2023-05-27T14:41:36.767+0000] {dag.py:3340} INFO - Setting next_dagrun for example_branch_datetime_operator_2 to 2023-05-26T00:00:00+00:00, run_after=2023-05-27T00:00:00+00:00
[2023-05-27T14:41:36.770+0000] {logging_mixin.py:120} INFO - [2023-05-27T14:41:36.770+0000] {dag.py:3340} INFO - Setting next_dagrun for example_branch_datetime_operator_3 to 2023-05-26T00:00:00+00:00, run_after=2023-05-27T00:00:00+00:00
[2023-05-27T14:41:36.791+0000] {processor.py:176} INFO - Processing /home/airflow/.local/lib/python3.7/site-packages/airflow/example_dags/example_branch_datetime_operator.py took 0.170 seconds
[2023-05-27T14:42:07.478+0000] {processor.py:154} INFO - Started process (PID=483) to work on /home/airflow/.local/lib/python3.7/site-packages/airflow/example_dags/example_branch_datetime_operator.py
[2023-05-27T14:42:07.480+0000] {processor.py:756} INFO - Processing file /home/airflow/.local/lib/python3.7/site-packages/airflow/example_dags/example_branch_datetime_operator.py for tasks to queue
[2023-05-27T14:42:07.481+0000] {logging_mixin.py:120} INFO - [2023-05-27T14:42:07.481+0000] {dagbag.py:537} INFO - Filling up the DagBag from /home/airflow/.local/lib/python3.7/site-packages/airflow/example_dags/example_branch_datetime_operator.py
[2023-05-27T14:42:07.508+0000] {processor.py:766} INFO - DAG(s) dict_keys(['example_branch_datetime_operator_3', 'example_branch_datetime_operator_2', 'example_branch_datetime_operator']) retrieved from /home/airflow/.local/lib/python3.7/site-packages/airflow/example_dags/example_branch_datetime_operator.py
[2023-05-27T14:42:07.568+0000] {logging_mixin.py:120} INFO - [2023-05-27T14:42:07.567+0000] {dag.py:2585} INFO - Sync 3 DAGs
[2023-05-27T14:42:07.605+0000] {logging_mixin.py:120} INFO - [2023-05-27T14:42:07.605+0000] {dag.py:3340} INFO - Setting next_dagrun for example_branch_datetime_operator to 2023-05-26T00:00:00+00:00, run_after=2023-05-27T00:00:00+00:00
[2023-05-27T14:42:07.611+0000] {logging_mixin.py:120} INFO - [2023-05-27T14:42:07.611+0000] {dag.py:3340} INFO - Setting next_dagrun for example_branch_datetime_operator_2 to 2023-05-26T00:00:00+00:00, run_after=2023-05-27T00:00:00+00:00
[2023-05-27T14:42:07.614+0000] {logging_mixin.py:120} INFO - [2023-05-27T14:42:07.614+0000] {dag.py:3340} INFO - Setting next_dagrun for example_branch_datetime_operator_3 to 2023-05-26T00:00:00+00:00, run_after=2023-05-27T00:00:00+00:00
[2023-05-27T14:42:07.636+0000] {processor.py:176} INFO - Processing /home/airflow/.local/lib/python3.7/site-packages/airflow/example_dags/example_branch_datetime_operator.py took 0.161 seconds
[2023-05-27T14:42:37.957+0000] {processor.py:154} INFO - Started process (PID=547) to work on /home/airflow/.local/lib/python3.7/site-packages/airflow/example_dags/example_branch_datetime_operator.py
[2023-05-27T14:42:37.961+0000] {processor.py:756} INFO - Processing file /home/airflow/.local/lib/python3.7/site-packages/airflow/example_dags/example_branch_datetime_operator.py for tasks to queue
[2023-05-27T14:42:37.962+0000] {logging_mixin.py:120} INFO - [2023-05-27T14:42:37.961+0000] {dagbag.py:537} INFO - Filling up the DagBag from /home/airflow/.local/lib/python3.7/site-packages/airflow/example_dags/example_branch_datetime_operator.py
[2023-05-27T14:42:37.991+0000] {processor.py:766} INFO - DAG(s) dict_keys(['example_branch_datetime_operator_2', 'example_branch_datetime_operator', 'example_branch_datetime_operator_3']) retrieved from /home/airflow/.local/lib/python3.7/site-packages/airflow/example_dags/example_branch_datetime_operator.py
[2023-05-27T14:42:38.078+0000] {logging_mixin.py:120} INFO - [2023-05-27T14:42:38.077+0000] {dag.py:2585} INFO - Sync 3 DAGs
[2023-05-27T14:42:38.114+0000] {logging_mixin.py:120} INFO - [2023-05-27T14:42:38.114+0000] {dag.py:3340} INFO - Setting next_dagrun for example_branch_datetime_operator to 2023-05-26T00:00:00+00:00, run_after=2023-05-27T00:00:00+00:00
[2023-05-27T14:42:38.121+0000] {logging_mixin.py:120} INFO - [2023-05-27T14:42:38.121+0000] {dag.py:3340} INFO - Setting next_dagrun for example_branch_datetime_operator_2 to 2023-05-26T00:00:00+00:00, run_after=2023-05-27T00:00:00+00:00
[2023-05-27T14:42:38.125+0000] {logging_mixin.py:120} INFO - [2023-05-27T14:42:38.125+0000] {dag.py:3340} INFO - Setting next_dagrun for example_branch_datetime_operator_3 to 2023-05-26T00:00:00+00:00, run_after=2023-05-27T00:00:00+00:00
[2023-05-27T14:42:38.174+0000] {processor.py:176} INFO - Processing /home/airflow/.local/lib/python3.7/site-packages/airflow/example_dags/example_branch_datetime_operator.py took 0.229 seconds
[2023-05-27T14:43:08.715+0000] {processor.py:154} INFO - Started process (PID=601) to work on /home/airflow/.local/lib/python3.7/site-packages/airflow/example_dags/example_branch_datetime_operator.py
[2023-05-27T14:43:08.720+0000] {processor.py:756} INFO - Processing file /home/airflow/.local/lib/python3.7/site-packages/airflow/example_dags/example_branch_datetime_operator.py for tasks to queue
[2023-05-27T14:43:08.720+0000] {logging_mixin.py:120} INFO - [2023-05-27T14:43:08.720+0000] {dagbag.py:537} INFO - Filling up the DagBag from /home/airflow/.local/lib/python3.7/site-packages/airflow/example_dags/example_branch_datetime_operator.py
[2023-05-27T14:43:08.780+0000] {processor.py:766} INFO - DAG(s) dict_keys(['example_branch_datetime_operator', 'example_branch_datetime_operator_3', 'example_branch_datetime_operator_2']) retrieved from /home/airflow/.local/lib/python3.7/site-packages/airflow/example_dags/example_branch_datetime_operator.py
[2023-05-27T14:43:08.968+0000] {logging_mixin.py:120} INFO - [2023-05-27T14:43:08.968+0000] {dag.py:2585} INFO - Sync 3 DAGs
[2023-05-27T14:43:09.030+0000] {logging_mixin.py:120} INFO - [2023-05-27T14:43:09.030+0000] {dag.py:3340} INFO - Setting next_dagrun for example_branch_datetime_operator to 2023-05-26T00:00:00+00:00, run_after=2023-05-27T00:00:00+00:00
[2023-05-27T14:43:09.038+0000] {logging_mixin.py:120} INFO - [2023-05-27T14:43:09.038+0000] {dag.py:3340} INFO - Setting next_dagrun for example_branch_datetime_operator_2 to 2023-05-26T00:00:00+00:00, run_after=2023-05-27T00:00:00+00:00
[2023-05-27T14:43:09.044+0000] {logging_mixin.py:120} INFO - [2023-05-27T14:43:09.044+0000] {dag.py:3340} INFO - Setting next_dagrun for example_branch_datetime_operator_3 to 2023-05-26T00:00:00+00:00, run_after=2023-05-27T00:00:00+00:00
[2023-05-27T14:43:09.080+0000] {processor.py:176} INFO - Processing /home/airflow/.local/lib/python3.7/site-packages/airflow/example_dags/example_branch_datetime_operator.py took 0.368 seconds
[2023-05-27T14:43:39.785+0000] {processor.py:154} INFO - Started process (PID=662) to work on /home/airflow/.local/lib/python3.7/site-packages/airflow/example_dags/example_branch_datetime_operator.py
[2023-05-27T14:43:39.787+0000] {processor.py:756} INFO - Processing file /home/airflow/.local/lib/python3.7/site-packages/airflow/example_dags/example_branch_datetime_operator.py for tasks to queue
[2023-05-27T14:43:39.788+0000] {logging_mixin.py:120} INFO - [2023-05-27T14:43:39.788+0000] {dagbag.py:537} INFO - Filling up the DagBag from /home/airflow/.local/lib/python3.7/site-packages/airflow/example_dags/example_branch_datetime_operator.py
[2023-05-27T14:43:39.816+0000] {processor.py:766} INFO - DAG(s) dict_keys(['example_branch_datetime_operator_3', 'example_branch_datetime_operator_2', 'example_branch_datetime_operator']) retrieved from /home/airflow/.local/lib/python3.7/site-packages/airflow/example_dags/example_branch_datetime_operator.py
[2023-05-27T14:43:39.916+0000] {logging_mixin.py:120} INFO - [2023-05-27T14:43:39.915+0000] {dag.py:2585} INFO - Sync 3 DAGs
[2023-05-27T14:43:39.950+0000] {logging_mixin.py:120} INFO - [2023-05-27T14:43:39.950+0000] {dag.py:3340} INFO - Setting next_dagrun for example_branch_datetime_operator to 2023-05-26T00:00:00+00:00, run_after=2023-05-27T00:00:00+00:00
[2023-05-27T14:43:39.956+0000] {logging_mixin.py:120} INFO - [2023-05-27T14:43:39.956+0000] {dag.py:3340} INFO - Setting next_dagrun for example_branch_datetime_operator_2 to 2023-05-26T00:00:00+00:00, run_after=2023-05-27T00:00:00+00:00
[2023-05-27T14:43:39.959+0000] {logging_mixin.py:120} INFO - [2023-05-27T14:43:39.959+0000] {dag.py:3340} INFO - Setting next_dagrun for example_branch_datetime_operator_3 to 2023-05-26T00:00:00+00:00, run_after=2023-05-27T00:00:00+00:00
[2023-05-27T14:43:39.979+0000] {processor.py:176} INFO - Processing /home/airflow/.local/lib/python3.7/site-packages/airflow/example_dags/example_branch_datetime_operator.py took 0.197 seconds
[2023-05-27T14:44:10.585+0000] {processor.py:154} INFO - Started process (PID=718) to work on /home/airflow/.local/lib/python3.7/site-packages/airflow/example_dags/example_branch_datetime_operator.py
[2023-05-27T14:44:10.599+0000] {processor.py:756} INFO - Processing file /home/airflow/.local/lib/python3.7/site-packages/airflow/example_dags/example_branch_datetime_operator.py for tasks to queue
[2023-05-27T14:44:10.600+0000] {logging_mixin.py:120} INFO - [2023-05-27T14:44:10.600+0000] {dagbag.py:537} INFO - Filling up the DagBag from /home/airflow/.local/lib/python3.7/site-packages/airflow/example_dags/example_branch_datetime_operator.py
[2023-05-27T14:44:10.665+0000] {processor.py:766} INFO - DAG(s) dict_keys(['example_branch_datetime_operator_3', 'example_branch_datetime_operator', 'example_branch_datetime_operator_2']) retrieved from /home/airflow/.local/lib/python3.7/site-packages/airflow/example_dags/example_branch_datetime_operator.py
[2023-05-27T14:44:10.781+0000] {logging_mixin.py:120} INFO - [2023-05-27T14:44:10.781+0000] {dag.py:2585} INFO - Sync 3 DAGs
[2023-05-27T14:44:10.841+0000] {logging_mixin.py:120} INFO - [2023-05-27T14:44:10.841+0000] {dag.py:3340} INFO - Setting next_dagrun for example_branch_datetime_operator to 2023-05-26T00:00:00+00:00, run_after=2023-05-27T00:00:00+00:00
[2023-05-27T14:44:10.847+0000] {logging_mixin.py:120} INFO - [2023-05-27T14:44:10.847+0000] {dag.py:3340} INFO - Setting next_dagrun for example_branch_datetime_operator_2 to 2023-05-26T00:00:00+00:00, run_after=2023-05-27T00:00:00+00:00
[2023-05-27T14:44:10.850+0000] {logging_mixin.py:120} INFO - [2023-05-27T14:44:10.850+0000] {dag.py:3340} INFO - Setting next_dagrun for example_branch_datetime_operator_3 to 2023-05-26T00:00:00+00:00, run_after=2023-05-27T00:00:00+00:00
[2023-05-27T14:44:10.870+0000] {processor.py:176} INFO - Processing /home/airflow/.local/lib/python3.7/site-packages/airflow/example_dags/example_branch_datetime_operator.py took 0.288 seconds
[2023-05-27T14:44:40.990+0000] {processor.py:154} INFO - Started process (PID=772) to work on /home/airflow/.local/lib/python3.7/site-packages/airflow/example_dags/example_branch_datetime_operator.py
[2023-05-27T14:44:40.992+0000] {processor.py:756} INFO - Processing file /home/airflow/.local/lib/python3.7/site-packages/airflow/example_dags/example_branch_datetime_operator.py for tasks to queue
[2023-05-27T14:44:40.993+0000] {logging_mixin.py:120} INFO - [2023-05-27T14:44:40.993+0000] {dagbag.py:537} INFO - Filling up the DagBag from /home/airflow/.local/lib/python3.7/site-packages/airflow/example_dags/example_branch_datetime_operator.py
[2023-05-27T14:44:41.020+0000] {processor.py:766} INFO - DAG(s) dict_keys(['example_branch_datetime_operator', 'example_branch_datetime_operator_2', 'example_branch_datetime_operator_3']) retrieved from /home/airflow/.local/lib/python3.7/site-packages/airflow/example_dags/example_branch_datetime_operator.py
[2023-05-27T14:44:41.077+0000] {logging_mixin.py:120} INFO - [2023-05-27T14:44:41.077+0000] {dag.py:2585} INFO - Sync 3 DAGs
[2023-05-27T14:44:41.110+0000] {logging_mixin.py:120} INFO - [2023-05-27T14:44:41.110+0000] {dag.py:3340} INFO - Setting next_dagrun for example_branch_datetime_operator to 2023-05-26T00:00:00+00:00, run_after=2023-05-27T00:00:00+00:00
[2023-05-27T14:44:41.116+0000] {logging_mixin.py:120} INFO - [2023-05-27T14:44:41.115+0000] {dag.py:3340} INFO - Setting next_dagrun for example_branch_datetime_operator_2 to 2023-05-26T00:00:00+00:00, run_after=2023-05-27T00:00:00+00:00
[2023-05-27T14:44:41.119+0000] {logging_mixin.py:120} INFO - [2023-05-27T14:44:41.119+0000] {dag.py:3340} INFO - Setting next_dagrun for example_branch_datetime_operator_3 to 2023-05-26T00:00:00+00:00, run_after=2023-05-27T00:00:00+00:00
[2023-05-27T14:44:41.139+0000] {processor.py:176} INFO - Processing /home/airflow/.local/lib/python3.7/site-packages/airflow/example_dags/example_branch_datetime_operator.py took 0.154 seconds
[2023-05-27T14:45:11.652+0000] {processor.py:154} INFO - Started process (PID=834) to work on /home/airflow/.local/lib/python3.7/site-packages/airflow/example_dags/example_branch_datetime_operator.py
[2023-05-27T14:45:11.658+0000] {processor.py:756} INFO - Processing file /home/airflow/.local/lib/python3.7/site-packages/airflow/example_dags/example_branch_datetime_operator.py for tasks to queue
[2023-05-27T14:45:11.659+0000] {logging_mixin.py:120} INFO - [2023-05-27T14:45:11.658+0000] {dagbag.py:537} INFO - Filling up the DagBag from /home/airflow/.local/lib/python3.7/site-packages/airflow/example_dags/example_branch_datetime_operator.py
[2023-05-27T14:45:11.725+0000] {processor.py:766} INFO - DAG(s) dict_keys(['example_branch_datetime_operator_3', 'example_branch_datetime_operator_2', 'example_branch_datetime_operator']) retrieved from /home/airflow/.local/lib/python3.7/site-packages/airflow/example_dags/example_branch_datetime_operator.py
[2023-05-27T14:45:11.807+0000] {logging_mixin.py:120} INFO - [2023-05-27T14:45:11.806+0000] {dag.py:2585} INFO - Sync 3 DAGs
[2023-05-27T14:45:11.844+0000] {logging_mixin.py:120} INFO - [2023-05-27T14:45:11.844+0000] {dag.py:3340} INFO - Setting next_dagrun for example_branch_datetime_operator to 2023-05-26T00:00:00+00:00, run_after=2023-05-27T00:00:00+00:00
[2023-05-27T14:45:11.850+0000] {logging_mixin.py:120} INFO - [2023-05-27T14:45:11.850+0000] {dag.py:3340} INFO - Setting next_dagrun for example_branch_datetime_operator_2 to 2023-05-26T00:00:00+00:00, run_after=2023-05-27T00:00:00+00:00
[2023-05-27T14:45:11.853+0000] {logging_mixin.py:120} INFO - [2023-05-27T14:45:11.853+0000] {dag.py:3340} INFO - Setting next_dagrun for example_branch_datetime_operator_3 to 2023-05-26T00:00:00+00:00, run_after=2023-05-27T00:00:00+00:00
[2023-05-27T14:45:11.877+0000] {processor.py:176} INFO - Processing /home/airflow/.local/lib/python3.7/site-packages/airflow/example_dags/example_branch_datetime_operator.py took 0.236 seconds
[2023-05-27T14:45:42.463+0000] {processor.py:154} INFO - Started process (PID=887) to work on /home/airflow/.local/lib/python3.7/site-packages/airflow/example_dags/example_branch_datetime_operator.py
[2023-05-27T14:45:42.465+0000] {processor.py:756} INFO - Processing file /home/airflow/.local/lib/python3.7/site-packages/airflow/example_dags/example_branch_datetime_operator.py for tasks to queue
[2023-05-27T14:45:42.466+0000] {logging_mixin.py:120} INFO - [2023-05-27T14:45:42.466+0000] {dagbag.py:537} INFO - Filling up the DagBag from /home/airflow/.local/lib/python3.7/site-packages/airflow/example_dags/example_branch_datetime_operator.py
[2023-05-27T14:45:42.493+0000] {processor.py:766} INFO - DAG(s) dict_keys(['example_branch_datetime_operator', 'example_branch_datetime_operator_3', 'example_branch_datetime_operator_2']) retrieved from /home/airflow/.local/lib/python3.7/site-packages/airflow/example_dags/example_branch_datetime_operator.py
[2023-05-27T14:45:42.551+0000] {logging_mixin.py:120} INFO - [2023-05-27T14:45:42.551+0000] {dag.py:2585} INFO - Sync 3 DAGs
[2023-05-27T14:45:42.586+0000] {logging_mixin.py:120} INFO - [2023-05-27T14:45:42.586+0000] {dag.py:3340} INFO - Setting next_dagrun for example_branch_datetime_operator to 2023-05-26T00:00:00+00:00, run_after=2023-05-27T00:00:00+00:00
[2023-05-27T14:45:42.597+0000] {logging_mixin.py:120} INFO - [2023-05-27T14:45:42.597+0000] {dag.py:3340} INFO - Setting next_dagrun for example_branch_datetime_operator_2 to 2023-05-26T00:00:00+00:00, run_after=2023-05-27T00:00:00+00:00
[2023-05-27T14:45:42.600+0000] {logging_mixin.py:120} INFO - [2023-05-27T14:45:42.600+0000] {dag.py:3340} INFO - Setting next_dagrun for example_branch_datetime_operator_3 to 2023-05-26T00:00:00+00:00, run_after=2023-05-27T00:00:00+00:00
[2023-05-27T14:45:42.622+0000] {processor.py:176} INFO - Processing /home/airflow/.local/lib/python3.7/site-packages/airflow/example_dags/example_branch_datetime_operator.py took 0.163 seconds
[2023-05-27T14:46:12.767+0000] {processor.py:154} INFO - Started process (PID=950) to work on /home/airflow/.local/lib/python3.7/site-packages/airflow/example_dags/example_branch_datetime_operator.py
[2023-05-27T14:46:12.769+0000] {processor.py:756} INFO - Processing file /home/airflow/.local/lib/python3.7/site-packages/airflow/example_dags/example_branch_datetime_operator.py for tasks to queue
[2023-05-27T14:46:12.770+0000] {logging_mixin.py:120} INFO - [2023-05-27T14:46:12.769+0000] {dagbag.py:537} INFO - Filling up the DagBag from /home/airflow/.local/lib/python3.7/site-packages/airflow/example_dags/example_branch_datetime_operator.py
[2023-05-27T14:46:12.817+0000] {processor.py:766} INFO - DAG(s) dict_keys(['example_branch_datetime_operator', 'example_branch_datetime_operator_3', 'example_branch_datetime_operator_2']) retrieved from /home/airflow/.local/lib/python3.7/site-packages/airflow/example_dags/example_branch_datetime_operator.py
[2023-05-27T14:46:12.905+0000] {logging_mixin.py:120} INFO - [2023-05-27T14:46:12.904+0000] {dag.py:2585} INFO - Sync 3 DAGs
[2023-05-27T14:46:12.940+0000] {logging_mixin.py:120} INFO - [2023-05-27T14:46:12.939+0000] {dag.py:3340} INFO - Setting next_dagrun for example_branch_datetime_operator to 2023-05-26T00:00:00+00:00, run_after=2023-05-27T00:00:00+00:00
[2023-05-27T14:46:12.946+0000] {logging_mixin.py:120} INFO - [2023-05-27T14:46:12.945+0000] {dag.py:3340} INFO - Setting next_dagrun for example_branch_datetime_operator_2 to 2023-05-26T00:00:00+00:00, run_after=2023-05-27T00:00:00+00:00
[2023-05-27T14:46:12.949+0000] {logging_mixin.py:120} INFO - [2023-05-27T14:46:12.949+0000] {dag.py:3340} INFO - Setting next_dagrun for example_branch_datetime_operator_3 to 2023-05-26T00:00:00+00:00, run_after=2023-05-27T00:00:00+00:00
[2023-05-27T14:46:12.969+0000] {processor.py:176} INFO - Processing /home/airflow/.local/lib/python3.7/site-packages/airflow/example_dags/example_branch_datetime_operator.py took 0.205 seconds
[2023-05-27T14:46:43.002+0000] {processor.py:154} INFO - Started process (PID=1003) to work on /home/airflow/.local/lib/python3.7/site-packages/airflow/example_dags/example_branch_datetime_operator.py
[2023-05-27T14:46:43.009+0000] {processor.py:756} INFO - Processing file /home/airflow/.local/lib/python3.7/site-packages/airflow/example_dags/example_branch_datetime_operator.py for tasks to queue
[2023-05-27T14:46:43.011+0000] {logging_mixin.py:120} INFO - [2023-05-27T14:46:43.011+0000] {dagbag.py:537} INFO - Filling up the DagBag from /home/airflow/.local/lib/python3.7/site-packages/airflow/example_dags/example_branch_datetime_operator.py
[2023-05-27T14:46:43.065+0000] {processor.py:766} INFO - DAG(s) dict_keys(['example_branch_datetime_operator', 'example_branch_datetime_operator_3', 'example_branch_datetime_operator_2']) retrieved from /home/airflow/.local/lib/python3.7/site-packages/airflow/example_dags/example_branch_datetime_operator.py
[2023-05-27T14:46:43.182+0000] {logging_mixin.py:120} INFO - [2023-05-27T14:46:43.181+0000] {dag.py:2585} INFO - Sync 3 DAGs
[2023-05-27T14:46:43.242+0000] {logging_mixin.py:120} INFO - [2023-05-27T14:46:43.242+0000] {dag.py:3340} INFO - Setting next_dagrun for example_branch_datetime_operator to 2023-05-26T00:00:00+00:00, run_after=2023-05-27T00:00:00+00:00
[2023-05-27T14:46:43.248+0000] {logging_mixin.py:120} INFO - [2023-05-27T14:46:43.248+0000] {dag.py:3340} INFO - Setting next_dagrun for example_branch_datetime_operator_2 to 2023-05-26T00:00:00+00:00, run_after=2023-05-27T00:00:00+00:00
[2023-05-27T14:46:43.252+0000] {logging_mixin.py:120} INFO - [2023-05-27T14:46:43.252+0000] {dag.py:3340} INFO - Setting next_dagrun for example_branch_datetime_operator_3 to 2023-05-26T00:00:00+00:00, run_after=2023-05-27T00:00:00+00:00
[2023-05-27T14:46:43.272+0000] {processor.py:176} INFO - Processing /home/airflow/.local/lib/python3.7/site-packages/airflow/example_dags/example_branch_datetime_operator.py took 0.273 seconds
[2023-05-27T14:47:13.862+0000] {processor.py:154} INFO - Started process (PID=1058) to work on /home/airflow/.local/lib/python3.7/site-packages/airflow/example_dags/example_branch_datetime_operator.py
[2023-05-27T14:47:13.866+0000] {processor.py:756} INFO - Processing file /home/airflow/.local/lib/python3.7/site-packages/airflow/example_dags/example_branch_datetime_operator.py for tasks to queue
[2023-05-27T14:47:13.867+0000] {logging_mixin.py:120} INFO - [2023-05-27T14:47:13.867+0000] {dagbag.py:537} INFO - Filling up the DagBag from /home/airflow/.local/lib/python3.7/site-packages/airflow/example_dags/example_branch_datetime_operator.py
[2023-05-27T14:47:13.894+0000] {processor.py:766} INFO - DAG(s) dict_keys(['example_branch_datetime_operator_3', 'example_branch_datetime_operator', 'example_branch_datetime_operator_2']) retrieved from /home/airflow/.local/lib/python3.7/site-packages/airflow/example_dags/example_branch_datetime_operator.py
[2023-05-27T14:47:13.964+0000] {logging_mixin.py:120} INFO - [2023-05-27T14:47:13.964+0000] {dag.py:2585} INFO - Sync 3 DAGs
[2023-05-27T14:47:14.000+0000] {logging_mixin.py:120} INFO - [2023-05-27T14:47:14.000+0000] {dag.py:3340} INFO - Setting next_dagrun for example_branch_datetime_operator to 2023-05-26T00:00:00+00:00, run_after=2023-05-27T00:00:00+00:00
[2023-05-27T14:47:14.007+0000] {logging_mixin.py:120} INFO - [2023-05-27T14:47:14.007+0000] {dag.py:3340} INFO - Setting next_dagrun for example_branch_datetime_operator_2 to 2023-05-26T00:00:00+00:00, run_after=2023-05-27T00:00:00+00:00
[2023-05-27T14:47:14.012+0000] {logging_mixin.py:120} INFO - [2023-05-27T14:47:14.012+0000] {dag.py:3340} INFO - Setting next_dagrun for example_branch_datetime_operator_3 to 2023-05-26T00:00:00+00:00, run_after=2023-05-27T00:00:00+00:00
[2023-05-27T14:47:14.036+0000] {processor.py:176} INFO - Processing /home/airflow/.local/lib/python3.7/site-packages/airflow/example_dags/example_branch_datetime_operator.py took 0.177 seconds
[2023-05-27T14:47:44.254+0000] {processor.py:154} INFO - Started process (PID=1122) to work on /home/airflow/.local/lib/python3.7/site-packages/airflow/example_dags/example_branch_datetime_operator.py
[2023-05-27T14:47:44.256+0000] {processor.py:756} INFO - Processing file /home/airflow/.local/lib/python3.7/site-packages/airflow/example_dags/example_branch_datetime_operator.py for tasks to queue
[2023-05-27T14:47:44.256+0000] {logging_mixin.py:120} INFO - [2023-05-27T14:47:44.256+0000] {dagbag.py:537} INFO - Filling up the DagBag from /home/airflow/.local/lib/python3.7/site-packages/airflow/example_dags/example_branch_datetime_operator.py
[2023-05-27T14:47:44.282+0000] {processor.py:766} INFO - DAG(s) dict_keys(['example_branch_datetime_operator', 'example_branch_datetime_operator_2', 'example_branch_datetime_operator_3']) retrieved from /home/airflow/.local/lib/python3.7/site-packages/airflow/example_dags/example_branch_datetime_operator.py
[2023-05-27T14:47:44.339+0000] {logging_mixin.py:120} INFO - [2023-05-27T14:47:44.339+0000] {dag.py:2585} INFO - Sync 3 DAGs
[2023-05-27T14:47:44.377+0000] {logging_mixin.py:120} INFO - [2023-05-27T14:47:44.376+0000] {dag.py:3340} INFO - Setting next_dagrun for example_branch_datetime_operator to 2023-05-26T00:00:00+00:00, run_after=2023-05-27T00:00:00+00:00
[2023-05-27T14:47:44.383+0000] {logging_mixin.py:120} INFO - [2023-05-27T14:47:44.383+0000] {dag.py:3340} INFO - Setting next_dagrun for example_branch_datetime_operator_2 to 2023-05-26T00:00:00+00:00, run_after=2023-05-27T00:00:00+00:00
[2023-05-27T14:47:44.387+0000] {logging_mixin.py:120} INFO - [2023-05-27T14:47:44.386+0000] {dag.py:3340} INFO - Setting next_dagrun for example_branch_datetime_operator_3 to 2023-05-26T00:00:00+00:00, run_after=2023-05-27T00:00:00+00:00
[2023-05-27T14:47:44.407+0000] {processor.py:176} INFO - Processing /home/airflow/.local/lib/python3.7/site-packages/airflow/example_dags/example_branch_datetime_operator.py took 0.157 seconds
[2023-05-27T14:48:14.784+0000] {processor.py:154} INFO - Started process (PID=1175) to work on /home/airflow/.local/lib/python3.7/site-packages/airflow/example_dags/example_branch_datetime_operator.py
[2023-05-27T14:48:14.786+0000] {processor.py:756} INFO - Processing file /home/airflow/.local/lib/python3.7/site-packages/airflow/example_dags/example_branch_datetime_operator.py for tasks to queue
[2023-05-27T14:48:14.787+0000] {logging_mixin.py:120} INFO - [2023-05-27T14:48:14.787+0000] {dagbag.py:537} INFO - Filling up the DagBag from /home/airflow/.local/lib/python3.7/site-packages/airflow/example_dags/example_branch_datetime_operator.py
[2023-05-27T14:48:14.821+0000] {processor.py:766} INFO - DAG(s) dict_keys(['example_branch_datetime_operator', 'example_branch_datetime_operator_2', 'example_branch_datetime_operator_3']) retrieved from /home/airflow/.local/lib/python3.7/site-packages/airflow/example_dags/example_branch_datetime_operator.py
[2023-05-27T14:48:14.886+0000] {logging_mixin.py:120} INFO - [2023-05-27T14:48:14.886+0000] {dag.py:2585} INFO - Sync 3 DAGs
[2023-05-27T14:48:14.921+0000] {logging_mixin.py:120} INFO - [2023-05-27T14:48:14.920+0000] {dag.py:3340} INFO - Setting next_dagrun for example_branch_datetime_operator to 2023-05-26T00:00:00+00:00, run_after=2023-05-27T00:00:00+00:00
[2023-05-27T14:48:14.927+0000] {logging_mixin.py:120} INFO - [2023-05-27T14:48:14.927+0000] {dag.py:3340} INFO - Setting next_dagrun for example_branch_datetime_operator_2 to 2023-05-26T00:00:00+00:00, run_after=2023-05-27T00:00:00+00:00
[2023-05-27T14:48:14.930+0000] {logging_mixin.py:120} INFO - [2023-05-27T14:48:14.930+0000] {dag.py:3340} INFO - Setting next_dagrun for example_branch_datetime_operator_3 to 2023-05-26T00:00:00+00:00, run_after=2023-05-27T00:00:00+00:00
[2023-05-27T14:48:14.950+0000] {processor.py:176} INFO - Processing /home/airflow/.local/lib/python3.7/site-packages/airflow/example_dags/example_branch_datetime_operator.py took 0.170 seconds
[2023-05-27T14:48:45.362+0000] {processor.py:154} INFO - Started process (PID=1238) to work on /home/airflow/.local/lib/python3.7/site-packages/airflow/example_dags/example_branch_datetime_operator.py
[2023-05-27T14:48:45.365+0000] {processor.py:756} INFO - Processing file /home/airflow/.local/lib/python3.7/site-packages/airflow/example_dags/example_branch_datetime_operator.py for tasks to queue
[2023-05-27T14:48:45.366+0000] {logging_mixin.py:120} INFO - [2023-05-27T14:48:45.366+0000] {dagbag.py:537} INFO - Filling up the DagBag from /home/airflow/.local/lib/python3.7/site-packages/airflow/example_dags/example_branch_datetime_operator.py
[2023-05-27T14:48:45.415+0000] {processor.py:766} INFO - DAG(s) dict_keys(['example_branch_datetime_operator_3', 'example_branch_datetime_operator', 'example_branch_datetime_operator_2']) retrieved from /home/airflow/.local/lib/python3.7/site-packages/airflow/example_dags/example_branch_datetime_operator.py
[2023-05-27T14:48:45.480+0000] {logging_mixin.py:120} INFO - [2023-05-27T14:48:45.480+0000] {dag.py:2585} INFO - Sync 3 DAGs
[2023-05-27T14:48:45.514+0000] {logging_mixin.py:120} INFO - [2023-05-27T14:48:45.514+0000] {dag.py:3340} INFO - Setting next_dagrun for example_branch_datetime_operator to 2023-05-26T00:00:00+00:00, run_after=2023-05-27T00:00:00+00:00
[2023-05-27T14:48:45.520+0000] {logging_mixin.py:120} INFO - [2023-05-27T14:48:45.520+0000] {dag.py:3340} INFO - Setting next_dagrun for example_branch_datetime_operator_2 to 2023-05-26T00:00:00+00:00, run_after=2023-05-27T00:00:00+00:00
[2023-05-27T14:48:45.523+0000] {logging_mixin.py:120} INFO - [2023-05-27T14:48:45.523+0000] {dag.py:3340} INFO - Setting next_dagrun for example_branch_datetime_operator_3 to 2023-05-26T00:00:00+00:00, run_after=2023-05-27T00:00:00+00:00
[2023-05-27T14:48:45.542+0000] {processor.py:176} INFO - Processing /home/airflow/.local/lib/python3.7/site-packages/airflow/example_dags/example_branch_datetime_operator.py took 0.190 seconds
[2023-05-27T14:49:15.960+0000] {processor.py:154} INFO - Started process (PID=1292) to work on /home/airflow/.local/lib/python3.7/site-packages/airflow/example_dags/example_branch_datetime_operator.py
[2023-05-27T14:49:15.964+0000] {processor.py:756} INFO - Processing file /home/airflow/.local/lib/python3.7/site-packages/airflow/example_dags/example_branch_datetime_operator.py for tasks to queue
[2023-05-27T14:49:15.964+0000] {logging_mixin.py:120} INFO - [2023-05-27T14:49:15.964+0000] {dagbag.py:537} INFO - Filling up the DagBag from /home/airflow/.local/lib/python3.7/site-packages/airflow/example_dags/example_branch_datetime_operator.py
[2023-05-27T14:49:16.055+0000] {processor.py:766} INFO - DAG(s) dict_keys(['example_branch_datetime_operator_2', 'example_branch_datetime_operator', 'example_branch_datetime_operator_3']) retrieved from /home/airflow/.local/lib/python3.7/site-packages/airflow/example_dags/example_branch_datetime_operator.py
[2023-05-27T14:49:16.208+0000] {logging_mixin.py:120} INFO - [2023-05-27T14:49:16.208+0000] {dag.py:2585} INFO - Sync 3 DAGs
[2023-05-27T14:49:16.246+0000] {logging_mixin.py:120} INFO - [2023-05-27T14:49:16.245+0000] {dag.py:3340} INFO - Setting next_dagrun for example_branch_datetime_operator to 2023-05-26T00:00:00+00:00, run_after=2023-05-27T00:00:00+00:00
[2023-05-27T14:49:16.252+0000] {logging_mixin.py:120} INFO - [2023-05-27T14:49:16.252+0000] {dag.py:3340} INFO - Setting next_dagrun for example_branch_datetime_operator_2 to 2023-05-26T00:00:00+00:00, run_after=2023-05-27T00:00:00+00:00
[2023-05-27T14:49:16.255+0000] {logging_mixin.py:120} INFO - [2023-05-27T14:49:16.255+0000] {dag.py:3340} INFO - Setting next_dagrun for example_branch_datetime_operator_3 to 2023-05-26T00:00:00+00:00, run_after=2023-05-27T00:00:00+00:00
[2023-05-27T14:49:16.278+0000] {processor.py:176} INFO - Processing /home/airflow/.local/lib/python3.7/site-packages/airflow/example_dags/example_branch_datetime_operator.py took 0.322 seconds
[2023-05-27T14:49:46.869+0000] {processor.py:154} INFO - Started process (PID=1356) to work on /home/airflow/.local/lib/python3.7/site-packages/airflow/example_dags/example_branch_datetime_operator.py
[2023-05-27T14:49:46.872+0000] {processor.py:756} INFO - Processing file /home/airflow/.local/lib/python3.7/site-packages/airflow/example_dags/example_branch_datetime_operator.py for tasks to queue
[2023-05-27T14:49:46.873+0000] {logging_mixin.py:120} INFO - [2023-05-27T14:49:46.873+0000] {dagbag.py:537} INFO - Filling up the DagBag from /home/airflow/.local/lib/python3.7/site-packages/airflow/example_dags/example_branch_datetime_operator.py
[2023-05-27T14:49:46.903+0000] {processor.py:766} INFO - DAG(s) dict_keys(['example_branch_datetime_operator_2', 'example_branch_datetime_operator', 'example_branch_datetime_operator_3']) retrieved from /home/airflow/.local/lib/python3.7/site-packages/airflow/example_dags/example_branch_datetime_operator.py
[2023-05-27T14:49:46.964+0000] {logging_mixin.py:120} INFO - [2023-05-27T14:49:46.963+0000] {dag.py:2585} INFO - Sync 3 DAGs
[2023-05-27T14:49:46.998+0000] {logging_mixin.py:120} INFO - [2023-05-27T14:49:46.998+0000] {dag.py:3340} INFO - Setting next_dagrun for example_branch_datetime_operator to 2023-05-26T00:00:00+00:00, run_after=2023-05-27T00:00:00+00:00
[2023-05-27T14:49:47.004+0000] {logging_mixin.py:120} INFO - [2023-05-27T14:49:47.004+0000] {dag.py:3340} INFO - Setting next_dagrun for example_branch_datetime_operator_2 to 2023-05-26T00:00:00+00:00, run_after=2023-05-27T00:00:00+00:00
[2023-05-27T14:49:47.007+0000] {logging_mixin.py:120} INFO - [2023-05-27T14:49:47.007+0000] {dag.py:3340} INFO - Setting next_dagrun for example_branch_datetime_operator_3 to 2023-05-26T00:00:00+00:00, run_after=2023-05-27T00:00:00+00:00
[2023-05-27T14:49:47.027+0000] {processor.py:176} INFO - Processing /home/airflow/.local/lib/python3.7/site-packages/airflow/example_dags/example_branch_datetime_operator.py took 0.174 seconds
[2023-05-27T14:50:17.208+0000] {processor.py:154} INFO - Started process (PID=1411) to work on /home/airflow/.local/lib/python3.7/site-packages/airflow/example_dags/example_branch_datetime_operator.py
[2023-05-27T14:50:17.210+0000] {processor.py:756} INFO - Processing file /home/airflow/.local/lib/python3.7/site-packages/airflow/example_dags/example_branch_datetime_operator.py for tasks to queue
[2023-05-27T14:50:17.211+0000] {logging_mixin.py:120} INFO - [2023-05-27T14:50:17.211+0000] {dagbag.py:537} INFO - Filling up the DagBag from /home/airflow/.local/lib/python3.7/site-packages/airflow/example_dags/example_branch_datetime_operator.py
[2023-05-27T14:50:17.256+0000] {processor.py:766} INFO - DAG(s) dict_keys(['example_branch_datetime_operator_3', 'example_branch_datetime_operator_2', 'example_branch_datetime_operator']) retrieved from /home/airflow/.local/lib/python3.7/site-packages/airflow/example_dags/example_branch_datetime_operator.py
[2023-05-27T14:50:17.348+0000] {logging_mixin.py:120} INFO - [2023-05-27T14:50:17.348+0000] {dag.py:2585} INFO - Sync 3 DAGs
[2023-05-27T14:50:17.386+0000] {logging_mixin.py:120} INFO - [2023-05-27T14:50:17.386+0000] {dag.py:3340} INFO - Setting next_dagrun for example_branch_datetime_operator to 2023-05-26T00:00:00+00:00, run_after=2023-05-27T00:00:00+00:00
[2023-05-27T14:50:17.392+0000] {logging_mixin.py:120} INFO - [2023-05-27T14:50:17.392+0000] {dag.py:3340} INFO - Setting next_dagrun for example_branch_datetime_operator_2 to 2023-05-26T00:00:00+00:00, run_after=2023-05-27T00:00:00+00:00
[2023-05-27T14:50:17.395+0000] {logging_mixin.py:120} INFO - [2023-05-27T14:50:17.395+0000] {dag.py:3340} INFO - Setting next_dagrun for example_branch_datetime_operator_3 to 2023-05-26T00:00:00+00:00, run_after=2023-05-27T00:00:00+00:00
[2023-05-27T14:50:17.414+0000] {processor.py:176} INFO - Processing /home/airflow/.local/lib/python3.7/site-packages/airflow/example_dags/example_branch_datetime_operator.py took 0.213 seconds
[2023-05-27T14:50:48.411+0000] {processor.py:154} INFO - Started process (PID=1465) to work on /home/airflow/.local/lib/python3.7/site-packages/airflow/example_dags/example_branch_datetime_operator.py
[2023-05-27T14:50:48.418+0000] {processor.py:756} INFO - Processing file /home/airflow/.local/lib/python3.7/site-packages/airflow/example_dags/example_branch_datetime_operator.py for tasks to queue
[2023-05-27T14:50:48.424+0000] {logging_mixin.py:120} INFO - [2023-05-27T14:50:48.424+0000] {dagbag.py:537} INFO - Filling up the DagBag from /home/airflow/.local/lib/python3.7/site-packages/airflow/example_dags/example_branch_datetime_operator.py
[2023-05-27T14:50:48.457+0000] {processor.py:766} INFO - DAG(s) dict_keys(['example_branch_datetime_operator_3', 'example_branch_datetime_operator_2', 'example_branch_datetime_operator']) retrieved from /home/airflow/.local/lib/python3.7/site-packages/airflow/example_dags/example_branch_datetime_operator.py
[2023-05-27T14:50:48.516+0000] {logging_mixin.py:120} INFO - [2023-05-27T14:50:48.516+0000] {dag.py:2585} INFO - Sync 3 DAGs
[2023-05-27T14:50:48.550+0000] {logging_mixin.py:120} INFO - [2023-05-27T14:50:48.550+0000] {dag.py:3340} INFO - Setting next_dagrun for example_branch_datetime_operator to 2023-05-26T00:00:00+00:00, run_after=2023-05-27T00:00:00+00:00
[2023-05-27T14:50:48.555+0000] {logging_mixin.py:120} INFO - [2023-05-27T14:50:48.555+0000] {dag.py:3340} INFO - Setting next_dagrun for example_branch_datetime_operator_2 to 2023-05-26T00:00:00+00:00, run_after=2023-05-27T00:00:00+00:00
[2023-05-27T14:50:48.558+0000] {logging_mixin.py:120} INFO - [2023-05-27T14:50:48.558+0000] {dag.py:3340} INFO - Setting next_dagrun for example_branch_datetime_operator_3 to 2023-05-26T00:00:00+00:00, run_after=2023-05-27T00:00:00+00:00
[2023-05-27T14:50:48.581+0000] {processor.py:176} INFO - Processing /home/airflow/.local/lib/python3.7/site-packages/airflow/example_dags/example_branch_datetime_operator.py took 0.174 seconds
[2023-05-27T14:51:19.223+0000] {processor.py:154} INFO - Started process (PID=1519) to work on /home/airflow/.local/lib/python3.7/site-packages/airflow/example_dags/example_branch_datetime_operator.py
[2023-05-27T14:51:19.226+0000] {processor.py:756} INFO - Processing file /home/airflow/.local/lib/python3.7/site-packages/airflow/example_dags/example_branch_datetime_operator.py for tasks to queue
[2023-05-27T14:51:19.227+0000] {logging_mixin.py:120} INFO - [2023-05-27T14:51:19.226+0000] {dagbag.py:537} INFO - Filling up the DagBag from /home/airflow/.local/lib/python3.7/site-packages/airflow/example_dags/example_branch_datetime_operator.py
[2023-05-27T14:51:19.252+0000] {processor.py:766} INFO - DAG(s) dict_keys(['example_branch_datetime_operator', 'example_branch_datetime_operator_2', 'example_branch_datetime_operator_3']) retrieved from /home/airflow/.local/lib/python3.7/site-packages/airflow/example_dags/example_branch_datetime_operator.py
[2023-05-27T14:51:19.310+0000] {logging_mixin.py:120} INFO - [2023-05-27T14:51:19.310+0000] {dag.py:2585} INFO - Sync 3 DAGs
[2023-05-27T14:51:19.343+0000] {logging_mixin.py:120} INFO - [2023-05-27T14:51:19.342+0000] {dag.py:3340} INFO - Setting next_dagrun for example_branch_datetime_operator to 2023-05-26T00:00:00+00:00, run_after=2023-05-27T00:00:00+00:00
[2023-05-27T14:51:19.348+0000] {logging_mixin.py:120} INFO - [2023-05-27T14:51:19.348+0000] {dag.py:3340} INFO - Setting next_dagrun for example_branch_datetime_operator_2 to 2023-05-26T00:00:00+00:00, run_after=2023-05-27T00:00:00+00:00
[2023-05-27T14:51:19.351+0000] {logging_mixin.py:120} INFO - [2023-05-27T14:51:19.351+0000] {dag.py:3340} INFO - Setting next_dagrun for example_branch_datetime_operator_3 to 2023-05-26T00:00:00+00:00, run_after=2023-05-27T00:00:00+00:00
[2023-05-27T14:51:19.370+0000] {processor.py:176} INFO - Processing /home/airflow/.local/lib/python3.7/site-packages/airflow/example_dags/example_branch_datetime_operator.py took 0.151 seconds
[2023-05-27T14:51:50.013+0000] {processor.py:154} INFO - Started process (PID=1582) to work on /home/airflow/.local/lib/python3.7/site-packages/airflow/example_dags/example_branch_datetime_operator.py
[2023-05-27T14:51:50.020+0000] {processor.py:756} INFO - Processing file /home/airflow/.local/lib/python3.7/site-packages/airflow/example_dags/example_branch_datetime_operator.py for tasks to queue
[2023-05-27T14:51:50.021+0000] {logging_mixin.py:120} INFO - [2023-05-27T14:51:50.020+0000] {dagbag.py:537} INFO - Filling up the DagBag from /home/airflow/.local/lib/python3.7/site-packages/airflow/example_dags/example_branch_datetime_operator.py
[2023-05-27T14:51:50.066+0000] {processor.py:766} INFO - DAG(s) dict_keys(['example_branch_datetime_operator_3', 'example_branch_datetime_operator', 'example_branch_datetime_operator_2']) retrieved from /home/airflow/.local/lib/python3.7/site-packages/airflow/example_dags/example_branch_datetime_operator.py
[2023-05-27T14:51:50.131+0000] {logging_mixin.py:120} INFO - [2023-05-27T14:51:50.130+0000] {dag.py:2585} INFO - Sync 3 DAGs
[2023-05-27T14:51:50.166+0000] {logging_mixin.py:120} INFO - [2023-05-27T14:51:50.166+0000] {dag.py:3340} INFO - Setting next_dagrun for example_branch_datetime_operator to 2023-05-26T00:00:00+00:00, run_after=2023-05-27T00:00:00+00:00
[2023-05-27T14:51:50.172+0000] {logging_mixin.py:120} INFO - [2023-05-27T14:51:50.172+0000] {dag.py:3340} INFO - Setting next_dagrun for example_branch_datetime_operator_2 to 2023-05-26T00:00:00+00:00, run_after=2023-05-27T00:00:00+00:00
[2023-05-27T14:51:50.175+0000] {logging_mixin.py:120} INFO - [2023-05-27T14:51:50.175+0000] {dag.py:3340} INFO - Setting next_dagrun for example_branch_datetime_operator_3 to 2023-05-26T00:00:00+00:00, run_after=2023-05-27T00:00:00+00:00
[2023-05-27T14:51:50.194+0000] {processor.py:176} INFO - Processing /home/airflow/.local/lib/python3.7/site-packages/airflow/example_dags/example_branch_datetime_operator.py took 0.186 seconds
[2023-05-27T14:52:21.259+0000] {processor.py:154} INFO - Started process (PID=1636) to work on /home/airflow/.local/lib/python3.7/site-packages/airflow/example_dags/example_branch_datetime_operator.py
[2023-05-27T14:52:21.263+0000] {processor.py:756} INFO - Processing file /home/airflow/.local/lib/python3.7/site-packages/airflow/example_dags/example_branch_datetime_operator.py for tasks to queue
[2023-05-27T14:52:21.264+0000] {logging_mixin.py:120} INFO - [2023-05-27T14:52:21.264+0000] {dagbag.py:537} INFO - Filling up the DagBag from /home/airflow/.local/lib/python3.7/site-packages/airflow/example_dags/example_branch_datetime_operator.py
[2023-05-27T14:52:21.344+0000] {processor.py:766} INFO - DAG(s) dict_keys(['example_branch_datetime_operator_3', 'example_branch_datetime_operator_2', 'example_branch_datetime_operator']) retrieved from /home/airflow/.local/lib/python3.7/site-packages/airflow/example_dags/example_branch_datetime_operator.py
[2023-05-27T14:52:21.502+0000] {logging_mixin.py:120} INFO - [2023-05-27T14:52:21.502+0000] {dag.py:2585} INFO - Sync 3 DAGs
[2023-05-27T14:52:21.543+0000] {logging_mixin.py:120} INFO - [2023-05-27T14:52:21.542+0000] {dag.py:3340} INFO - Setting next_dagrun for example_branch_datetime_operator to 2023-05-26T00:00:00+00:00, run_after=2023-05-27T00:00:00+00:00
[2023-05-27T14:52:21.549+0000] {logging_mixin.py:120} INFO - [2023-05-27T14:52:21.549+0000] {dag.py:3340} INFO - Setting next_dagrun for example_branch_datetime_operator_2 to 2023-05-26T00:00:00+00:00, run_after=2023-05-27T00:00:00+00:00
[2023-05-27T14:52:21.552+0000] {logging_mixin.py:120} INFO - [2023-05-27T14:52:21.552+0000] {dag.py:3340} INFO - Setting next_dagrun for example_branch_datetime_operator_3 to 2023-05-26T00:00:00+00:00, run_after=2023-05-27T00:00:00+00:00
[2023-05-27T14:52:21.573+0000] {processor.py:176} INFO - Processing /home/airflow/.local/lib/python3.7/site-packages/airflow/example_dags/example_branch_datetime_operator.py took 0.321 seconds
[2023-05-27T14:52:55.102+0000] {processor.py:154} INFO - Started process (PID=1699) to work on /home/airflow/.local/lib/python3.7/site-packages/airflow/example_dags/example_branch_datetime_operator.py
[2023-05-27T14:52:55.105+0000] {processor.py:756} INFO - Processing file /home/airflow/.local/lib/python3.7/site-packages/airflow/example_dags/example_branch_datetime_operator.py for tasks to queue
[2023-05-27T14:52:55.106+0000] {logging_mixin.py:120} INFO - [2023-05-27T14:52:55.105+0000] {dagbag.py:537} INFO - Filling up the DagBag from /home/airflow/.local/lib/python3.7/site-packages/airflow/example_dags/example_branch_datetime_operator.py
[2023-05-27T14:52:55.177+0000] {processor.py:766} INFO - DAG(s) dict_keys(['example_branch_datetime_operator_3', 'example_branch_datetime_operator_2', 'example_branch_datetime_operator']) retrieved from /home/airflow/.local/lib/python3.7/site-packages/airflow/example_dags/example_branch_datetime_operator.py
[2023-05-27T14:52:55.363+0000] {logging_mixin.py:120} INFO - [2023-05-27T14:52:55.363+0000] {dag.py:2585} INFO - Sync 3 DAGs
[2023-05-27T14:52:55.437+0000] {logging_mixin.py:120} INFO - [2023-05-27T14:52:55.436+0000] {dag.py:3340} INFO - Setting next_dagrun for example_branch_datetime_operator to 2023-05-26T00:00:00+00:00, run_after=2023-05-27T00:00:00+00:00
[2023-05-27T14:52:55.447+0000] {logging_mixin.py:120} INFO - [2023-05-27T14:52:55.447+0000] {dag.py:3340} INFO - Setting next_dagrun for example_branch_datetime_operator_2 to 2023-05-26T00:00:00+00:00, run_after=2023-05-27T00:00:00+00:00
[2023-05-27T14:52:55.451+0000] {logging_mixin.py:120} INFO - [2023-05-27T14:52:55.451+0000] {dag.py:3340} INFO - Setting next_dagrun for example_branch_datetime_operator_3 to 2023-05-26T00:00:00+00:00, run_after=2023-05-27T00:00:00+00:00
[2023-05-27T14:52:55.498+0000] {processor.py:176} INFO - Processing /home/airflow/.local/lib/python3.7/site-packages/airflow/example_dags/example_branch_datetime_operator.py took 0.401 seconds
[2023-05-27T14:53:26.226+0000] {processor.py:154} INFO - Started process (PID=1752) to work on /home/airflow/.local/lib/python3.7/site-packages/airflow/example_dags/example_branch_datetime_operator.py
[2023-05-27T14:53:26.230+0000] {processor.py:756} INFO - Processing file /home/airflow/.local/lib/python3.7/site-packages/airflow/example_dags/example_branch_datetime_operator.py for tasks to queue
[2023-05-27T14:53:26.231+0000] {logging_mixin.py:120} INFO - [2023-05-27T14:53:26.231+0000] {dagbag.py:537} INFO - Filling up the DagBag from /home/airflow/.local/lib/python3.7/site-packages/airflow/example_dags/example_branch_datetime_operator.py
[2023-05-27T14:53:26.288+0000] {processor.py:766} INFO - DAG(s) dict_keys(['example_branch_datetime_operator', 'example_branch_datetime_operator_3', 'example_branch_datetime_operator_2']) retrieved from /home/airflow/.local/lib/python3.7/site-packages/airflow/example_dags/example_branch_datetime_operator.py
[2023-05-27T14:53:26.360+0000] {logging_mixin.py:120} INFO - [2023-05-27T14:53:26.360+0000] {dag.py:2585} INFO - Sync 3 DAGs
[2023-05-27T14:53:26.394+0000] {logging_mixin.py:120} INFO - [2023-05-27T14:53:26.394+0000] {dag.py:3340} INFO - Setting next_dagrun for example_branch_datetime_operator to 2023-05-26T00:00:00+00:00, run_after=2023-05-27T00:00:00+00:00
[2023-05-27T14:53:26.400+0000] {logging_mixin.py:120} INFO - [2023-05-27T14:53:26.400+0000] {dag.py:3340} INFO - Setting next_dagrun for example_branch_datetime_operator_2 to 2023-05-26T00:00:00+00:00, run_after=2023-05-27T00:00:00+00:00
[2023-05-27T14:53:26.403+0000] {logging_mixin.py:120} INFO - [2023-05-27T14:53:26.403+0000] {dag.py:3340} INFO - Setting next_dagrun for example_branch_datetime_operator_3 to 2023-05-26T00:00:00+00:00, run_after=2023-05-27T00:00:00+00:00
[2023-05-27T14:53:26.422+0000] {processor.py:176} INFO - Processing /home/airflow/.local/lib/python3.7/site-packages/airflow/example_dags/example_branch_datetime_operator.py took 0.200 seconds
