[2023-05-27T14:38:31.781+0000] {processor.py:154} INFO - Started process (PID=73) to work on /home/airflow/.local/lib/python3.7/site-packages/airflow/example_dags/tutorial_taskflow_api.py
[2023-05-27T14:38:31.782+0000] {processor.py:756} INFO - Processing file /home/airflow/.local/lib/python3.7/site-packages/airflow/example_dags/tutorial_taskflow_api.py for tasks to queue
[2023-05-27T14:38:31.783+0000] {logging_mixin.py:120} INFO - [2023-05-27T14:38:31.783+0000] {dagbag.py:537} INFO - Filling up the DagBag from /home/airflow/.local/lib/python3.7/site-packages/airflow/example_dags/tutorial_taskflow_api.py
[2023-05-27T14:38:31.864+0000] {processor.py:766} INFO - DAG(s) dict_keys(['tutorial_taskflow_api']) retrieved from /home/airflow/.local/lib/python3.7/site-packages/airflow/example_dags/tutorial_taskflow_api.py
[2023-05-27T14:38:32.452+0000] {logging_mixin.py:120} INFO - [2023-05-27T14:38:32.452+0000] {manager.py:507} INFO - Created Permission View: can read on DAG:tutorial_taskflow_api
[2023-05-27T14:38:32.508+0000] {logging_mixin.py:120} INFO - [2023-05-27T14:38:32.507+0000] {manager.py:507} INFO - Created Permission View: can edit on DAG:tutorial_taskflow_api
[2023-05-27T14:38:32.558+0000] {logging_mixin.py:120} INFO - [2023-05-27T14:38:32.558+0000] {manager.py:507} INFO - Created Permission View: can delete on DAG:tutorial_taskflow_api
[2023-05-27T14:38:32.559+0000] {logging_mixin.py:120} INFO - [2023-05-27T14:38:32.558+0000] {dag.py:2585} INFO - Sync 1 DAGs
[2023-05-27T14:38:32.631+0000] {logging_mixin.py:120} INFO - [2023-05-27T14:38:32.627+0000] {dag.py:2606} INFO - Creating ORM DAG for tutorial_taskflow_api
[2023-05-27T14:38:32.688+0000] {logging_mixin.py:120} INFO - [2023-05-27T14:38:32.687+0000] {dag.py:3340} INFO - Setting next_dagrun for tutorial_taskflow_api to None, run_after=None
[2023-05-27T14:38:32.784+0000] {processor.py:176} INFO - Processing /home/airflow/.local/lib/python3.7/site-packages/airflow/example_dags/tutorial_taskflow_api.py took 1.027 seconds
[2023-05-27T14:39:03.763+0000] {processor.py:154} INFO - Started process (PID=136) to work on /home/airflow/.local/lib/python3.7/site-packages/airflow/example_dags/tutorial_taskflow_api.py
[2023-05-27T14:39:03.765+0000] {processor.py:756} INFO - Processing file /home/airflow/.local/lib/python3.7/site-packages/airflow/example_dags/tutorial_taskflow_api.py for tasks to queue
[2023-05-27T14:39:03.768+0000] {logging_mixin.py:120} INFO - [2023-05-27T14:39:03.768+0000] {dagbag.py:537} INFO - Filling up the DagBag from /home/airflow/.local/lib/python3.7/site-packages/airflow/example_dags/tutorial_taskflow_api.py
[2023-05-27T14:39:03.822+0000] {processor.py:766} INFO - DAG(s) dict_keys(['tutorial_taskflow_api']) retrieved from /home/airflow/.local/lib/python3.7/site-packages/airflow/example_dags/tutorial_taskflow_api.py
[2023-05-27T14:39:03.962+0000] {logging_mixin.py:120} INFO - [2023-05-27T14:39:03.962+0000] {dag.py:2585} INFO - Sync 1 DAGs
[2023-05-27T14:39:03.998+0000] {logging_mixin.py:120} INFO - [2023-05-27T14:39:03.998+0000] {dag.py:3340} INFO - Setting next_dagrun for tutorial_taskflow_api to None, run_after=None
[2023-05-27T14:39:04.021+0000] {processor.py:176} INFO - Processing /home/airflow/.local/lib/python3.7/site-packages/airflow/example_dags/tutorial_taskflow_api.py took 0.268 seconds
[2023-05-27T14:39:34.278+0000] {processor.py:154} INFO - Started process (PID=192) to work on /home/airflow/.local/lib/python3.7/site-packages/airflow/example_dags/tutorial_taskflow_api.py
[2023-05-27T14:39:34.283+0000] {processor.py:756} INFO - Processing file /home/airflow/.local/lib/python3.7/site-packages/airflow/example_dags/tutorial_taskflow_api.py for tasks to queue
[2023-05-27T14:39:34.284+0000] {logging_mixin.py:120} INFO - [2023-05-27T14:39:34.284+0000] {dagbag.py:537} INFO - Filling up the DagBag from /home/airflow/.local/lib/python3.7/site-packages/airflow/example_dags/tutorial_taskflow_api.py
[2023-05-27T14:39:34.345+0000] {processor.py:766} INFO - DAG(s) dict_keys(['tutorial_taskflow_api']) retrieved from /home/airflow/.local/lib/python3.7/site-packages/airflow/example_dags/tutorial_taskflow_api.py
[2023-05-27T14:39:34.418+0000] {logging_mixin.py:120} INFO - [2023-05-27T14:39:34.418+0000] {dag.py:2585} INFO - Sync 1 DAGs
[2023-05-27T14:39:34.452+0000] {logging_mixin.py:120} INFO - [2023-05-27T14:39:34.452+0000] {dag.py:3340} INFO - Setting next_dagrun for tutorial_taskflow_api to None, run_after=None
[2023-05-27T14:39:34.485+0000] {processor.py:176} INFO - Processing /home/airflow/.local/lib/python3.7/site-packages/airflow/example_dags/tutorial_taskflow_api.py took 0.213 seconds
[2023-05-27T14:40:04.712+0000] {processor.py:154} INFO - Started process (PID=254) to work on /home/airflow/.local/lib/python3.7/site-packages/airflow/example_dags/tutorial_taskflow_api.py
[2023-05-27T14:40:04.716+0000] {processor.py:756} INFO - Processing file /home/airflow/.local/lib/python3.7/site-packages/airflow/example_dags/tutorial_taskflow_api.py for tasks to queue
[2023-05-27T14:40:04.717+0000] {logging_mixin.py:120} INFO - [2023-05-27T14:40:04.717+0000] {dagbag.py:537} INFO - Filling up the DagBag from /home/airflow/.local/lib/python3.7/site-packages/airflow/example_dags/tutorial_taskflow_api.py
[2023-05-27T14:40:04.754+0000] {processor.py:766} INFO - DAG(s) dict_keys(['tutorial_taskflow_api']) retrieved from /home/airflow/.local/lib/python3.7/site-packages/airflow/example_dags/tutorial_taskflow_api.py
[2023-05-27T14:40:04.815+0000] {logging_mixin.py:120} INFO - [2023-05-27T14:40:04.815+0000] {dag.py:2585} INFO - Sync 1 DAGs
[2023-05-27T14:40:04.849+0000] {logging_mixin.py:120} INFO - [2023-05-27T14:40:04.848+0000] {dag.py:3340} INFO - Setting next_dagrun for tutorial_taskflow_api to None, run_after=None
[2023-05-27T14:40:04.875+0000] {processor.py:176} INFO - Processing /home/airflow/.local/lib/python3.7/site-packages/airflow/example_dags/tutorial_taskflow_api.py took 0.167 seconds
[2023-05-27T14:40:35.275+0000] {processor.py:154} INFO - Started process (PID=308) to work on /home/airflow/.local/lib/python3.7/site-packages/airflow/example_dags/tutorial_taskflow_api.py
[2023-05-27T14:40:35.276+0000] {processor.py:756} INFO - Processing file /home/airflow/.local/lib/python3.7/site-packages/airflow/example_dags/tutorial_taskflow_api.py for tasks to queue
[2023-05-27T14:40:35.277+0000] {logging_mixin.py:120} INFO - [2023-05-27T14:40:35.277+0000] {dagbag.py:537} INFO - Filling up the DagBag from /home/airflow/.local/lib/python3.7/site-packages/airflow/example_dags/tutorial_taskflow_api.py
[2023-05-27T14:40:35.306+0000] {processor.py:766} INFO - DAG(s) dict_keys(['tutorial_taskflow_api']) retrieved from /home/airflow/.local/lib/python3.7/site-packages/airflow/example_dags/tutorial_taskflow_api.py
[2023-05-27T14:40:35.361+0000] {logging_mixin.py:120} INFO - [2023-05-27T14:40:35.361+0000] {dag.py:2585} INFO - Sync 1 DAGs
[2023-05-27T14:40:35.393+0000] {logging_mixin.py:120} INFO - [2023-05-27T14:40:35.392+0000] {dag.py:3340} INFO - Setting next_dagrun for tutorial_taskflow_api to None, run_after=None
[2023-05-27T14:40:35.416+0000] {processor.py:176} INFO - Processing /home/airflow/.local/lib/python3.7/site-packages/airflow/example_dags/tutorial_taskflow_api.py took 0.145 seconds
[2023-05-27T14:41:05.544+0000] {processor.py:154} INFO - Started process (PID=363) to work on /home/airflow/.local/lib/python3.7/site-packages/airflow/example_dags/tutorial_taskflow_api.py
[2023-05-27T14:41:05.546+0000] {processor.py:756} INFO - Processing file /home/airflow/.local/lib/python3.7/site-packages/airflow/example_dags/tutorial_taskflow_api.py for tasks to queue
[2023-05-27T14:41:05.547+0000] {logging_mixin.py:120} INFO - [2023-05-27T14:41:05.547+0000] {dagbag.py:537} INFO - Filling up the DagBag from /home/airflow/.local/lib/python3.7/site-packages/airflow/example_dags/tutorial_taskflow_api.py
[2023-05-27T14:41:05.576+0000] {processor.py:766} INFO - DAG(s) dict_keys(['tutorial_taskflow_api']) retrieved from /home/airflow/.local/lib/python3.7/site-packages/airflow/example_dags/tutorial_taskflow_api.py
[2023-05-27T14:41:05.701+0000] {logging_mixin.py:120} INFO - [2023-05-27T14:41:05.700+0000] {dag.py:2585} INFO - Sync 1 DAGs
[2023-05-27T14:41:05.760+0000] {logging_mixin.py:120} INFO - [2023-05-27T14:41:05.759+0000] {dag.py:3340} INFO - Setting next_dagrun for tutorial_taskflow_api to None, run_after=None
[2023-05-27T14:41:05.782+0000] {processor.py:176} INFO - Processing /home/airflow/.local/lib/python3.7/site-packages/airflow/example_dags/tutorial_taskflow_api.py took 0.242 seconds
[2023-05-27T14:41:35.921+0000] {processor.py:154} INFO - Started process (PID=426) to work on /home/airflow/.local/lib/python3.7/site-packages/airflow/example_dags/tutorial_taskflow_api.py
[2023-05-27T14:41:35.925+0000] {processor.py:756} INFO - Processing file /home/airflow/.local/lib/python3.7/site-packages/airflow/example_dags/tutorial_taskflow_api.py for tasks to queue
[2023-05-27T14:41:35.926+0000] {logging_mixin.py:120} INFO - [2023-05-27T14:41:35.926+0000] {dagbag.py:537} INFO - Filling up the DagBag from /home/airflow/.local/lib/python3.7/site-packages/airflow/example_dags/tutorial_taskflow_api.py
[2023-05-27T14:41:35.999+0000] {processor.py:766} INFO - DAG(s) dict_keys(['tutorial_taskflow_api']) retrieved from /home/airflow/.local/lib/python3.7/site-packages/airflow/example_dags/tutorial_taskflow_api.py
[2023-05-27T14:41:36.168+0000] {logging_mixin.py:120} INFO - [2023-05-27T14:41:36.168+0000] {dag.py:2585} INFO - Sync 1 DAGs
[2023-05-27T14:41:36.211+0000] {logging_mixin.py:120} INFO - [2023-05-27T14:41:36.211+0000] {dag.py:3340} INFO - Setting next_dagrun for tutorial_taskflow_api to None, run_after=None
[2023-05-27T14:41:36.238+0000] {processor.py:176} INFO - Processing /home/airflow/.local/lib/python3.7/site-packages/airflow/example_dags/tutorial_taskflow_api.py took 0.323 seconds
[2023-05-27T14:42:07.130+0000] {processor.py:154} INFO - Started process (PID=480) to work on /home/airflow/.local/lib/python3.7/site-packages/airflow/example_dags/tutorial_taskflow_api.py
[2023-05-27T14:42:07.133+0000] {processor.py:756} INFO - Processing file /home/airflow/.local/lib/python3.7/site-packages/airflow/example_dags/tutorial_taskflow_api.py for tasks to queue
[2023-05-27T14:42:07.134+0000] {logging_mixin.py:120} INFO - [2023-05-27T14:42:07.134+0000] {dagbag.py:537} INFO - Filling up the DagBag from /home/airflow/.local/lib/python3.7/site-packages/airflow/example_dags/tutorial_taskflow_api.py
[2023-05-27T14:42:07.163+0000] {processor.py:766} INFO - DAG(s) dict_keys(['tutorial_taskflow_api']) retrieved from /home/airflow/.local/lib/python3.7/site-packages/airflow/example_dags/tutorial_taskflow_api.py
[2023-05-27T14:42:07.216+0000] {logging_mixin.py:120} INFO - [2023-05-27T14:42:07.216+0000] {dag.py:2585} INFO - Sync 1 DAGs
[2023-05-27T14:42:07.258+0000] {logging_mixin.py:120} INFO - [2023-05-27T14:42:07.258+0000] {dag.py:3340} INFO - Setting next_dagrun for tutorial_taskflow_api to None, run_after=None
[2023-05-27T14:42:07.280+0000] {processor.py:176} INFO - Processing /home/airflow/.local/lib/python3.7/site-packages/airflow/example_dags/tutorial_taskflow_api.py took 0.154 seconds
[2023-05-27T14:42:37.628+0000] {processor.py:154} INFO - Started process (PID=544) to work on /home/airflow/.local/lib/python3.7/site-packages/airflow/example_dags/tutorial_taskflow_api.py
[2023-05-27T14:42:37.631+0000] {processor.py:756} INFO - Processing file /home/airflow/.local/lib/python3.7/site-packages/airflow/example_dags/tutorial_taskflow_api.py for tasks to queue
[2023-05-27T14:42:37.632+0000] {logging_mixin.py:120} INFO - [2023-05-27T14:42:37.631+0000] {dagbag.py:537} INFO - Filling up the DagBag from /home/airflow/.local/lib/python3.7/site-packages/airflow/example_dags/tutorial_taskflow_api.py
[2023-05-27T14:42:37.673+0000] {processor.py:766} INFO - DAG(s) dict_keys(['tutorial_taskflow_api']) retrieved from /home/airflow/.local/lib/python3.7/site-packages/airflow/example_dags/tutorial_taskflow_api.py
[2023-05-27T14:42:37.725+0000] {logging_mixin.py:120} INFO - [2023-05-27T14:42:37.725+0000] {dag.py:2585} INFO - Sync 1 DAGs
[2023-05-27T14:42:37.766+0000] {logging_mixin.py:120} INFO - [2023-05-27T14:42:37.766+0000] {dag.py:3340} INFO - Setting next_dagrun for tutorial_taskflow_api to None, run_after=None
[2023-05-27T14:42:37.832+0000] {processor.py:176} INFO - Processing /home/airflow/.local/lib/python3.7/site-packages/airflow/example_dags/tutorial_taskflow_api.py took 0.208 seconds
[2023-05-27T14:43:08.286+0000] {processor.py:154} INFO - Started process (PID=598) to work on /home/airflow/.local/lib/python3.7/site-packages/airflow/example_dags/tutorial_taskflow_api.py
[2023-05-27T14:43:08.288+0000] {processor.py:756} INFO - Processing file /home/airflow/.local/lib/python3.7/site-packages/airflow/example_dags/tutorial_taskflow_api.py for tasks to queue
[2023-05-27T14:43:08.289+0000] {logging_mixin.py:120} INFO - [2023-05-27T14:43:08.289+0000] {dagbag.py:537} INFO - Filling up the DagBag from /home/airflow/.local/lib/python3.7/site-packages/airflow/example_dags/tutorial_taskflow_api.py
[2023-05-27T14:43:08.331+0000] {processor.py:766} INFO - DAG(s) dict_keys(['tutorial_taskflow_api']) retrieved from /home/airflow/.local/lib/python3.7/site-packages/airflow/example_dags/tutorial_taskflow_api.py
[2023-05-27T14:43:08.598+0000] {logging_mixin.py:120} INFO - [2023-05-27T14:43:08.598+0000] {dag.py:2585} INFO - Sync 1 DAGs
[2023-05-27T14:43:08.633+0000] {logging_mixin.py:120} INFO - [2023-05-27T14:43:08.633+0000] {dag.py:3340} INFO - Setting next_dagrun for tutorial_taskflow_api to None, run_after=None
[2023-05-27T14:43:08.658+0000] {processor.py:176} INFO - Processing /home/airflow/.local/lib/python3.7/site-packages/airflow/example_dags/tutorial_taskflow_api.py took 0.376 seconds
[2023-05-27T14:43:39.545+0000] {processor.py:154} INFO - Started process (PID=659) to work on /home/airflow/.local/lib/python3.7/site-packages/airflow/example_dags/tutorial_taskflow_api.py
[2023-05-27T14:43:39.547+0000] {processor.py:756} INFO - Processing file /home/airflow/.local/lib/python3.7/site-packages/airflow/example_dags/tutorial_taskflow_api.py for tasks to queue
[2023-05-27T14:43:39.548+0000] {logging_mixin.py:120} INFO - [2023-05-27T14:43:39.548+0000] {dagbag.py:537} INFO - Filling up the DagBag from /home/airflow/.local/lib/python3.7/site-packages/airflow/example_dags/tutorial_taskflow_api.py
[2023-05-27T14:43:39.576+0000] {processor.py:766} INFO - DAG(s) dict_keys(['tutorial_taskflow_api']) retrieved from /home/airflow/.local/lib/python3.7/site-packages/airflow/example_dags/tutorial_taskflow_api.py
[2023-05-27T14:43:39.635+0000] {logging_mixin.py:120} INFO - [2023-05-27T14:43:39.634+0000] {dag.py:2585} INFO - Sync 1 DAGs
[2023-05-27T14:43:39.678+0000] {logging_mixin.py:120} INFO - [2023-05-27T14:43:39.678+0000] {dag.py:3340} INFO - Setting next_dagrun for tutorial_taskflow_api to None, run_after=None
[2023-05-27T14:43:39.717+0000] {processor.py:176} INFO - Processing /home/airflow/.local/lib/python3.7/site-packages/airflow/example_dags/tutorial_taskflow_api.py took 0.176 seconds
[2023-05-27T14:44:10.270+0000] {processor.py:154} INFO - Started process (PID=715) to work on /home/airflow/.local/lib/python3.7/site-packages/airflow/example_dags/tutorial_taskflow_api.py
[2023-05-27T14:44:10.273+0000] {processor.py:756} INFO - Processing file /home/airflow/.local/lib/python3.7/site-packages/airflow/example_dags/tutorial_taskflow_api.py for tasks to queue
[2023-05-27T14:44:10.274+0000] {logging_mixin.py:120} INFO - [2023-05-27T14:44:10.274+0000] {dagbag.py:537} INFO - Filling up the DagBag from /home/airflow/.local/lib/python3.7/site-packages/airflow/example_dags/tutorial_taskflow_api.py
[2023-05-27T14:44:10.310+0000] {processor.py:766} INFO - DAG(s) dict_keys(['tutorial_taskflow_api']) retrieved from /home/airflow/.local/lib/python3.7/site-packages/airflow/example_dags/tutorial_taskflow_api.py
[2023-05-27T14:44:10.368+0000] {logging_mixin.py:120} INFO - [2023-05-27T14:44:10.367+0000] {dag.py:2585} INFO - Sync 1 DAGs
[2023-05-27T14:44:10.404+0000] {logging_mixin.py:120} INFO - [2023-05-27T14:44:10.404+0000] {dag.py:3340} INFO - Setting next_dagrun for tutorial_taskflow_api to None, run_after=None
[2023-05-27T14:44:10.494+0000] {processor.py:176} INFO - Processing /home/airflow/.local/lib/python3.7/site-packages/airflow/example_dags/tutorial_taskflow_api.py took 0.228 seconds
[2023-05-27T14:44:40.661+0000] {processor.py:154} INFO - Started process (PID=769) to work on /home/airflow/.local/lib/python3.7/site-packages/airflow/example_dags/tutorial_taskflow_api.py
[2023-05-27T14:44:40.663+0000] {processor.py:756} INFO - Processing file /home/airflow/.local/lib/python3.7/site-packages/airflow/example_dags/tutorial_taskflow_api.py for tasks to queue
[2023-05-27T14:44:40.664+0000] {logging_mixin.py:120} INFO - [2023-05-27T14:44:40.664+0000] {dagbag.py:537} INFO - Filling up the DagBag from /home/airflow/.local/lib/python3.7/site-packages/airflow/example_dags/tutorial_taskflow_api.py
[2023-05-27T14:44:40.693+0000] {processor.py:766} INFO - DAG(s) dict_keys(['tutorial_taskflow_api']) retrieved from /home/airflow/.local/lib/python3.7/site-packages/airflow/example_dags/tutorial_taskflow_api.py
[2023-05-27T14:44:40.750+0000] {logging_mixin.py:120} INFO - [2023-05-27T14:44:40.750+0000] {dag.py:2585} INFO - Sync 1 DAGs
[2023-05-27T14:44:40.784+0000] {logging_mixin.py:120} INFO - [2023-05-27T14:44:40.783+0000] {dag.py:3340} INFO - Setting next_dagrun for tutorial_taskflow_api to None, run_after=None
[2023-05-27T14:44:40.805+0000] {processor.py:176} INFO - Processing /home/airflow/.local/lib/python3.7/site-packages/airflow/example_dags/tutorial_taskflow_api.py took 0.148 seconds
[2023-05-27T14:45:11.332+0000] {processor.py:154} INFO - Started process (PID=831) to work on /home/airflow/.local/lib/python3.7/site-packages/airflow/example_dags/tutorial_taskflow_api.py
[2023-05-27T14:45:11.335+0000] {processor.py:756} INFO - Processing file /home/airflow/.local/lib/python3.7/site-packages/airflow/example_dags/tutorial_taskflow_api.py for tasks to queue
[2023-05-27T14:45:11.336+0000] {logging_mixin.py:120} INFO - [2023-05-27T14:45:11.336+0000] {dagbag.py:537} INFO - Filling up the DagBag from /home/airflow/.local/lib/python3.7/site-packages/airflow/example_dags/tutorial_taskflow_api.py
[2023-05-27T14:45:11.387+0000] {processor.py:766} INFO - DAG(s) dict_keys(['tutorial_taskflow_api']) retrieved from /home/airflow/.local/lib/python3.7/site-packages/airflow/example_dags/tutorial_taskflow_api.py
[2023-05-27T14:45:11.438+0000] {logging_mixin.py:120} INFO - [2023-05-27T14:45:11.438+0000] {dag.py:2585} INFO - Sync 1 DAGs
[2023-05-27T14:45:11.472+0000] {logging_mixin.py:120} INFO - [2023-05-27T14:45:11.472+0000] {dag.py:3340} INFO - Setting next_dagrun for tutorial_taskflow_api to None, run_after=None
[2023-05-27T14:45:11.498+0000] {processor.py:176} INFO - Processing /home/airflow/.local/lib/python3.7/site-packages/airflow/example_dags/tutorial_taskflow_api.py took 0.176 seconds
[2023-05-27T14:45:42.264+0000] {processor.py:154} INFO - Started process (PID=884) to work on /home/airflow/.local/lib/python3.7/site-packages/airflow/example_dags/tutorial_taskflow_api.py
[2023-05-27T14:45:42.268+0000] {processor.py:756} INFO - Processing file /home/airflow/.local/lib/python3.7/site-packages/airflow/example_dags/tutorial_taskflow_api.py for tasks to queue
[2023-05-27T14:45:42.269+0000] {logging_mixin.py:120} INFO - [2023-05-27T14:45:42.269+0000] {dagbag.py:537} INFO - Filling up the DagBag from /home/airflow/.local/lib/python3.7/site-packages/airflow/example_dags/tutorial_taskflow_api.py
[2023-05-27T14:45:42.298+0000] {processor.py:766} INFO - DAG(s) dict_keys(['tutorial_taskflow_api']) retrieved from /home/airflow/.local/lib/python3.7/site-packages/airflow/example_dags/tutorial_taskflow_api.py
[2023-05-27T14:45:42.352+0000] {logging_mixin.py:120} INFO - [2023-05-27T14:45:42.352+0000] {dag.py:2585} INFO - Sync 1 DAGs
[2023-05-27T14:45:42.386+0000] {logging_mixin.py:120} INFO - [2023-05-27T14:45:42.386+0000] {dag.py:3340} INFO - Setting next_dagrun for tutorial_taskflow_api to None, run_after=None
[2023-05-27T14:45:42.409+0000] {processor.py:176} INFO - Processing /home/airflow/.local/lib/python3.7/site-packages/airflow/example_dags/tutorial_taskflow_api.py took 0.149 seconds
[2023-05-27T14:46:12.503+0000] {processor.py:154} INFO - Started process (PID=947) to work on /home/airflow/.local/lib/python3.7/site-packages/airflow/example_dags/tutorial_taskflow_api.py
[2023-05-27T14:46:12.505+0000] {processor.py:756} INFO - Processing file /home/airflow/.local/lib/python3.7/site-packages/airflow/example_dags/tutorial_taskflow_api.py for tasks to queue
[2023-05-27T14:46:12.507+0000] {logging_mixin.py:120} INFO - [2023-05-27T14:46:12.506+0000] {dagbag.py:537} INFO - Filling up the DagBag from /home/airflow/.local/lib/python3.7/site-packages/airflow/example_dags/tutorial_taskflow_api.py
[2023-05-27T14:46:12.562+0000] {processor.py:766} INFO - DAG(s) dict_keys(['tutorial_taskflow_api']) retrieved from /home/airflow/.local/lib/python3.7/site-packages/airflow/example_dags/tutorial_taskflow_api.py
[2023-05-27T14:46:12.651+0000] {logging_mixin.py:120} INFO - [2023-05-27T14:46:12.649+0000] {dag.py:2585} INFO - Sync 1 DAGs
[2023-05-27T14:46:12.683+0000] {logging_mixin.py:120} INFO - [2023-05-27T14:46:12.683+0000] {dag.py:3340} INFO - Setting next_dagrun for tutorial_taskflow_api to None, run_after=None
[2023-05-27T14:46:12.716+0000] {processor.py:176} INFO - Processing /home/airflow/.local/lib/python3.7/site-packages/airflow/example_dags/tutorial_taskflow_api.py took 0.219 seconds
[2023-05-27T14:46:42.786+0000] {processor.py:154} INFO - Started process (PID=1001) to work on /home/airflow/.local/lib/python3.7/site-packages/airflow/example_dags/tutorial_taskflow_api.py
[2023-05-27T14:46:42.788+0000] {processor.py:756} INFO - Processing file /home/airflow/.local/lib/python3.7/site-packages/airflow/example_dags/tutorial_taskflow_api.py for tasks to queue
[2023-05-27T14:46:42.789+0000] {logging_mixin.py:120} INFO - [2023-05-27T14:46:42.788+0000] {dagbag.py:537} INFO - Filling up the DagBag from /home/airflow/.local/lib/python3.7/site-packages/airflow/example_dags/tutorial_taskflow_api.py
[2023-05-27T14:46:42.829+0000] {processor.py:766} INFO - DAG(s) dict_keys(['tutorial_taskflow_api']) retrieved from /home/airflow/.local/lib/python3.7/site-packages/airflow/example_dags/tutorial_taskflow_api.py
[2023-05-27T14:46:42.880+0000] {logging_mixin.py:120} INFO - [2023-05-27T14:46:42.879+0000] {dag.py:2585} INFO - Sync 1 DAGs
[2023-05-27T14:46:42.912+0000] {logging_mixin.py:120} INFO - [2023-05-27T14:46:42.912+0000] {dag.py:3340} INFO - Setting next_dagrun for tutorial_taskflow_api to None, run_after=None
[2023-05-27T14:46:42.968+0000] {processor.py:176} INFO - Processing /home/airflow/.local/lib/python3.7/site-packages/airflow/example_dags/tutorial_taskflow_api.py took 0.187 seconds
[2023-05-27T14:47:13.319+0000] {processor.py:154} INFO - Started process (PID=1055) to work on /home/airflow/.local/lib/python3.7/site-packages/airflow/example_dags/tutorial_taskflow_api.py
[2023-05-27T14:47:13.332+0000] {processor.py:756} INFO - Processing file /home/airflow/.local/lib/python3.7/site-packages/airflow/example_dags/tutorial_taskflow_api.py for tasks to queue
[2023-05-27T14:47:13.340+0000] {logging_mixin.py:120} INFO - [2023-05-27T14:47:13.339+0000] {dagbag.py:537} INFO - Filling up the DagBag from /home/airflow/.local/lib/python3.7/site-packages/airflow/example_dags/tutorial_taskflow_api.py
[2023-05-27T14:47:13.423+0000] {processor.py:766} INFO - DAG(s) dict_keys(['tutorial_taskflow_api']) retrieved from /home/airflow/.local/lib/python3.7/site-packages/airflow/example_dags/tutorial_taskflow_api.py
[2023-05-27T14:47:13.532+0000] {logging_mixin.py:120} INFO - [2023-05-27T14:47:13.532+0000] {dag.py:2585} INFO - Sync 1 DAGs
[2023-05-27T14:47:13.593+0000] {logging_mixin.py:120} INFO - [2023-05-27T14:47:13.593+0000] {dag.py:3340} INFO - Setting next_dagrun for tutorial_taskflow_api to None, run_after=None
[2023-05-27T14:47:13.650+0000] {processor.py:176} INFO - Processing /home/airflow/.local/lib/python3.7/site-packages/airflow/example_dags/tutorial_taskflow_api.py took 0.339 seconds
[2023-05-27T14:47:43.911+0000] {processor.py:154} INFO - Started process (PID=1119) to work on /home/airflow/.local/lib/python3.7/site-packages/airflow/example_dags/tutorial_taskflow_api.py
[2023-05-27T14:47:43.914+0000] {processor.py:756} INFO - Processing file /home/airflow/.local/lib/python3.7/site-packages/airflow/example_dags/tutorial_taskflow_api.py for tasks to queue
[2023-05-27T14:47:43.915+0000] {logging_mixin.py:120} INFO - [2023-05-27T14:47:43.915+0000] {dagbag.py:537} INFO - Filling up the DagBag from /home/airflow/.local/lib/python3.7/site-packages/airflow/example_dags/tutorial_taskflow_api.py
[2023-05-27T14:47:43.943+0000] {processor.py:766} INFO - DAG(s) dict_keys(['tutorial_taskflow_api']) retrieved from /home/airflow/.local/lib/python3.7/site-packages/airflow/example_dags/tutorial_taskflow_api.py
[2023-05-27T14:47:43.998+0000] {logging_mixin.py:120} INFO - [2023-05-27T14:47:43.998+0000] {dag.py:2585} INFO - Sync 1 DAGs
[2023-05-27T14:47:44.036+0000] {logging_mixin.py:120} INFO - [2023-05-27T14:47:44.035+0000] {dag.py:3340} INFO - Setting next_dagrun for tutorial_taskflow_api to None, run_after=None
[2023-05-27T14:47:44.060+0000] {processor.py:176} INFO - Processing /home/airflow/.local/lib/python3.7/site-packages/airflow/example_dags/tutorial_taskflow_api.py took 0.152 seconds
[2023-05-27T14:48:14.572+0000] {processor.py:154} INFO - Started process (PID=1172) to work on /home/airflow/.local/lib/python3.7/site-packages/airflow/example_dags/tutorial_taskflow_api.py
[2023-05-27T14:48:14.574+0000] {processor.py:756} INFO - Processing file /home/airflow/.local/lib/python3.7/site-packages/airflow/example_dags/tutorial_taskflow_api.py for tasks to queue
[2023-05-27T14:48:14.574+0000] {logging_mixin.py:120} INFO - [2023-05-27T14:48:14.574+0000] {dagbag.py:537} INFO - Filling up the DagBag from /home/airflow/.local/lib/python3.7/site-packages/airflow/example_dags/tutorial_taskflow_api.py
[2023-05-27T14:48:14.606+0000] {processor.py:766} INFO - DAG(s) dict_keys(['tutorial_taskflow_api']) retrieved from /home/airflow/.local/lib/python3.7/site-packages/airflow/example_dags/tutorial_taskflow_api.py
[2023-05-27T14:48:14.665+0000] {logging_mixin.py:120} INFO - [2023-05-27T14:48:14.665+0000] {dag.py:2585} INFO - Sync 1 DAGs
[2023-05-27T14:48:14.716+0000] {logging_mixin.py:120} INFO - [2023-05-27T14:48:14.715+0000] {dag.py:3340} INFO - Setting next_dagrun for tutorial_taskflow_api to None, run_after=None
[2023-05-27T14:48:14.743+0000] {processor.py:176} INFO - Processing /home/airflow/.local/lib/python3.7/site-packages/airflow/example_dags/tutorial_taskflow_api.py took 0.175 seconds
[2023-05-27T14:48:45.026+0000] {processor.py:154} INFO - Started process (PID=1235) to work on /home/airflow/.local/lib/python3.7/site-packages/airflow/example_dags/tutorial_taskflow_api.py
[2023-05-27T14:48:45.029+0000] {processor.py:756} INFO - Processing file /home/airflow/.local/lib/python3.7/site-packages/airflow/example_dags/tutorial_taskflow_api.py for tasks to queue
[2023-05-27T14:48:45.029+0000] {logging_mixin.py:120} INFO - [2023-05-27T14:48:45.029+0000] {dagbag.py:537} INFO - Filling up the DagBag from /home/airflow/.local/lib/python3.7/site-packages/airflow/example_dags/tutorial_taskflow_api.py
[2023-05-27T14:48:45.076+0000] {processor.py:766} INFO - DAG(s) dict_keys(['tutorial_taskflow_api']) retrieved from /home/airflow/.local/lib/python3.7/site-packages/airflow/example_dags/tutorial_taskflow_api.py
[2023-05-27T14:48:45.130+0000] {logging_mixin.py:120} INFO - [2023-05-27T14:48:45.130+0000] {dag.py:2585} INFO - Sync 1 DAGs
[2023-05-27T14:48:45.176+0000] {logging_mixin.py:120} INFO - [2023-05-27T14:48:45.175+0000] {dag.py:3340} INFO - Setting next_dagrun for tutorial_taskflow_api to None, run_after=None
[2023-05-27T14:48:45.206+0000] {processor.py:176} INFO - Processing /home/airflow/.local/lib/python3.7/site-packages/airflow/example_dags/tutorial_taskflow_api.py took 0.187 seconds
[2023-05-27T14:49:15.262+0000] {processor.py:154} INFO - Started process (PID=1289) to work on /home/airflow/.local/lib/python3.7/site-packages/airflow/example_dags/tutorial_taskflow_api.py
[2023-05-27T14:49:15.269+0000] {processor.py:756} INFO - Processing file /home/airflow/.local/lib/python3.7/site-packages/airflow/example_dags/tutorial_taskflow_api.py for tasks to queue
[2023-05-27T14:49:15.270+0000] {logging_mixin.py:120} INFO - [2023-05-27T14:49:15.270+0000] {dagbag.py:537} INFO - Filling up the DagBag from /home/airflow/.local/lib/python3.7/site-packages/airflow/example_dags/tutorial_taskflow_api.py
[2023-05-27T14:49:15.325+0000] {processor.py:766} INFO - DAG(s) dict_keys(['tutorial_taskflow_api']) retrieved from /home/airflow/.local/lib/python3.7/site-packages/airflow/example_dags/tutorial_taskflow_api.py
[2023-05-27T14:49:15.434+0000] {logging_mixin.py:120} INFO - [2023-05-27T14:49:15.434+0000] {dag.py:2585} INFO - Sync 1 DAGs
[2023-05-27T14:49:15.548+0000] {logging_mixin.py:120} INFO - [2023-05-27T14:49:15.547+0000] {dag.py:3340} INFO - Setting next_dagrun for tutorial_taskflow_api to None, run_after=None
[2023-05-27T14:49:15.621+0000] {processor.py:176} INFO - Processing /home/airflow/.local/lib/python3.7/site-packages/airflow/example_dags/tutorial_taskflow_api.py took 0.364 seconds
[2023-05-27T14:49:46.395+0000] {processor.py:154} INFO - Started process (PID=1351) to work on /home/airflow/.local/lib/python3.7/site-packages/airflow/example_dags/tutorial_taskflow_api.py
[2023-05-27T14:49:46.401+0000] {processor.py:756} INFO - Processing file /home/airflow/.local/lib/python3.7/site-packages/airflow/example_dags/tutorial_taskflow_api.py for tasks to queue
[2023-05-27T14:49:46.402+0000] {logging_mixin.py:120} INFO - [2023-05-27T14:49:46.402+0000] {dagbag.py:537} INFO - Filling up the DagBag from /home/airflow/.local/lib/python3.7/site-packages/airflow/example_dags/tutorial_taskflow_api.py
[2023-05-27T14:49:46.463+0000] {processor.py:766} INFO - DAG(s) dict_keys(['tutorial_taskflow_api']) retrieved from /home/airflow/.local/lib/python3.7/site-packages/airflow/example_dags/tutorial_taskflow_api.py
[2023-05-27T14:49:46.563+0000] {logging_mixin.py:120} INFO - [2023-05-27T14:49:46.563+0000] {dag.py:2585} INFO - Sync 1 DAGs
[2023-05-27T14:49:46.624+0000] {logging_mixin.py:120} INFO - [2023-05-27T14:49:46.624+0000] {dag.py:3340} INFO - Setting next_dagrun for tutorial_taskflow_api to None, run_after=None
[2023-05-27T14:49:46.657+0000] {processor.py:176} INFO - Processing /home/airflow/.local/lib/python3.7/site-packages/airflow/example_dags/tutorial_taskflow_api.py took 0.269 seconds
[2023-05-27T14:50:16.701+0000] {processor.py:154} INFO - Started process (PID=1408) to work on /home/airflow/.local/lib/python3.7/site-packages/airflow/example_dags/tutorial_taskflow_api.py
[2023-05-27T14:50:16.705+0000] {processor.py:756} INFO - Processing file /home/airflow/.local/lib/python3.7/site-packages/airflow/example_dags/tutorial_taskflow_api.py for tasks to queue
[2023-05-27T14:50:16.706+0000] {logging_mixin.py:120} INFO - [2023-05-27T14:50:16.706+0000] {dagbag.py:537} INFO - Filling up the DagBag from /home/airflow/.local/lib/python3.7/site-packages/airflow/example_dags/tutorial_taskflow_api.py
[2023-05-27T14:50:16.735+0000] {processor.py:766} INFO - DAG(s) dict_keys(['tutorial_taskflow_api']) retrieved from /home/airflow/.local/lib/python3.7/site-packages/airflow/example_dags/tutorial_taskflow_api.py
[2023-05-27T14:50:16.797+0000] {logging_mixin.py:120} INFO - [2023-05-27T14:50:16.796+0000] {dag.py:2585} INFO - Sync 1 DAGs
[2023-05-27T14:50:16.827+0000] {logging_mixin.py:120} INFO - [2023-05-27T14:50:16.827+0000] {dag.py:3340} INFO - Setting next_dagrun for tutorial_taskflow_api to None, run_after=None
[2023-05-27T14:50:16.885+0000] {processor.py:176} INFO - Processing /home/airflow/.local/lib/python3.7/site-packages/airflow/example_dags/tutorial_taskflow_api.py took 0.188 seconds
[2023-05-27T14:50:46.948+0000] {processor.py:154} INFO - Started process (PID=1462) to work on /home/airflow/.local/lib/python3.7/site-packages/airflow/example_dags/tutorial_taskflow_api.py
[2023-05-27T14:50:46.952+0000] {processor.py:756} INFO - Processing file /home/airflow/.local/lib/python3.7/site-packages/airflow/example_dags/tutorial_taskflow_api.py for tasks to queue
[2023-05-27T14:50:46.953+0000] {logging_mixin.py:120} INFO - [2023-05-27T14:50:46.953+0000] {dagbag.py:537} INFO - Filling up the DagBag from /home/airflow/.local/lib/python3.7/site-packages/airflow/example_dags/tutorial_taskflow_api.py
[2023-05-27T14:50:46.981+0000] {processor.py:766} INFO - DAG(s) dict_keys(['tutorial_taskflow_api']) retrieved from /home/airflow/.local/lib/python3.7/site-packages/airflow/example_dags/tutorial_taskflow_api.py
[2023-05-27T14:50:47.036+0000] {logging_mixin.py:120} INFO - [2023-05-27T14:50:47.036+0000] {dag.py:2585} INFO - Sync 1 DAGs
[2023-05-27T14:50:47.070+0000] {logging_mixin.py:120} INFO - [2023-05-27T14:50:47.070+0000] {dag.py:3340} INFO - Setting next_dagrun for tutorial_taskflow_api to None, run_after=None
[2023-05-27T14:50:47.092+0000] {processor.py:176} INFO - Processing /home/airflow/.local/lib/python3.7/site-packages/airflow/example_dags/tutorial_taskflow_api.py took 0.148 seconds
[2023-05-27T14:51:18.052+0000] {processor.py:154} INFO - Started process (PID=1516) to work on /home/airflow/.local/lib/python3.7/site-packages/airflow/example_dags/tutorial_taskflow_api.py
[2023-05-27T14:51:18.054+0000] {processor.py:756} INFO - Processing file /home/airflow/.local/lib/python3.7/site-packages/airflow/example_dags/tutorial_taskflow_api.py for tasks to queue
[2023-05-27T14:51:18.055+0000] {logging_mixin.py:120} INFO - [2023-05-27T14:51:18.055+0000] {dagbag.py:537} INFO - Filling up the DagBag from /home/airflow/.local/lib/python3.7/site-packages/airflow/example_dags/tutorial_taskflow_api.py
[2023-05-27T14:51:18.087+0000] {processor.py:766} INFO - DAG(s) dict_keys(['tutorial_taskflow_api']) retrieved from /home/airflow/.local/lib/python3.7/site-packages/airflow/example_dags/tutorial_taskflow_api.py
[2023-05-27T14:51:18.138+0000] {logging_mixin.py:120} INFO - [2023-05-27T14:51:18.138+0000] {dag.py:2585} INFO - Sync 1 DAGs
[2023-05-27T14:51:18.171+0000] {logging_mixin.py:120} INFO - [2023-05-27T14:51:18.171+0000] {dag.py:3340} INFO - Setting next_dagrun for tutorial_taskflow_api to None, run_after=None
[2023-05-27T14:51:18.196+0000] {processor.py:176} INFO - Processing /home/airflow/.local/lib/python3.7/site-packages/airflow/example_dags/tutorial_taskflow_api.py took 0.154 seconds
[2023-05-27T14:51:48.591+0000] {processor.py:154} INFO - Started process (PID=1579) to work on /home/airflow/.local/lib/python3.7/site-packages/airflow/example_dags/tutorial_taskflow_api.py
[2023-05-27T14:51:48.593+0000] {processor.py:756} INFO - Processing file /home/airflow/.local/lib/python3.7/site-packages/airflow/example_dags/tutorial_taskflow_api.py for tasks to queue
[2023-05-27T14:51:48.594+0000] {logging_mixin.py:120} INFO - [2023-05-27T14:51:48.594+0000] {dagbag.py:537} INFO - Filling up the DagBag from /home/airflow/.local/lib/python3.7/site-packages/airflow/example_dags/tutorial_taskflow_api.py
[2023-05-27T14:51:48.644+0000] {processor.py:766} INFO - DAG(s) dict_keys(['tutorial_taskflow_api']) retrieved from /home/airflow/.local/lib/python3.7/site-packages/airflow/example_dags/tutorial_taskflow_api.py
[2023-05-27T14:51:48.699+0000] {logging_mixin.py:120} INFO - [2023-05-27T14:51:48.699+0000] {dag.py:2585} INFO - Sync 1 DAGs
[2023-05-27T14:51:48.739+0000] {logging_mixin.py:120} INFO - [2023-05-27T14:51:48.738+0000] {dag.py:3340} INFO - Setting next_dagrun for tutorial_taskflow_api to None, run_after=None
[2023-05-27T14:51:48.763+0000] {processor.py:176} INFO - Processing /home/airflow/.local/lib/python3.7/site-packages/airflow/example_dags/tutorial_taskflow_api.py took 0.177 seconds
[2023-05-27T14:52:19.729+0000] {processor.py:154} INFO - Started process (PID=1633) to work on /home/airflow/.local/lib/python3.7/site-packages/airflow/example_dags/tutorial_taskflow_api.py
[2023-05-27T14:52:19.731+0000] {processor.py:756} INFO - Processing file /home/airflow/.local/lib/python3.7/site-packages/airflow/example_dags/tutorial_taskflow_api.py for tasks to queue
[2023-05-27T14:52:19.732+0000] {logging_mixin.py:120} INFO - [2023-05-27T14:52:19.732+0000] {dagbag.py:537} INFO - Filling up the DagBag from /home/airflow/.local/lib/python3.7/site-packages/airflow/example_dags/tutorial_taskflow_api.py
[2023-05-27T14:52:19.762+0000] {processor.py:766} INFO - DAG(s) dict_keys(['tutorial_taskflow_api']) retrieved from /home/airflow/.local/lib/python3.7/site-packages/airflow/example_dags/tutorial_taskflow_api.py
[2023-05-27T14:52:19.813+0000] {logging_mixin.py:120} INFO - [2023-05-27T14:52:19.813+0000] {dag.py:2585} INFO - Sync 1 DAGs
[2023-05-27T14:52:19.845+0000] {logging_mixin.py:120} INFO - [2023-05-27T14:52:19.845+0000] {dag.py:3340} INFO - Setting next_dagrun for tutorial_taskflow_api to None, run_after=None
[2023-05-27T14:52:19.875+0000] {processor.py:176} INFO - Processing /home/airflow/.local/lib/python3.7/site-packages/airflow/example_dags/tutorial_taskflow_api.py took 0.151 seconds
[2023-05-27T14:52:54.361+0000] {processor.py:154} INFO - Started process (PID=1696) to work on /home/airflow/.local/lib/python3.7/site-packages/airflow/example_dags/tutorial_taskflow_api.py
[2023-05-27T14:52:54.364+0000] {processor.py:756} INFO - Processing file /home/airflow/.local/lib/python3.7/site-packages/airflow/example_dags/tutorial_taskflow_api.py for tasks to queue
[2023-05-27T14:52:54.364+0000] {logging_mixin.py:120} INFO - [2023-05-27T14:52:54.364+0000] {dagbag.py:537} INFO - Filling up the DagBag from /home/airflow/.local/lib/python3.7/site-packages/airflow/example_dags/tutorial_taskflow_api.py
[2023-05-27T14:52:54.411+0000] {processor.py:766} INFO - DAG(s) dict_keys(['tutorial_taskflow_api']) retrieved from /home/airflow/.local/lib/python3.7/site-packages/airflow/example_dags/tutorial_taskflow_api.py
[2023-05-27T14:52:54.697+0000] {logging_mixin.py:120} INFO - [2023-05-27T14:52:54.697+0000] {dag.py:2585} INFO - Sync 1 DAGs
[2023-05-27T14:52:54.740+0000] {logging_mixin.py:120} INFO - [2023-05-27T14:52:54.739+0000] {dag.py:3340} INFO - Setting next_dagrun for tutorial_taskflow_api to None, run_after=None
[2023-05-27T14:52:54.766+0000] {processor.py:176} INFO - Processing /home/airflow/.local/lib/python3.7/site-packages/airflow/example_dags/tutorial_taskflow_api.py took 0.409 seconds
[2023-05-27T14:53:25.051+0000] {processor.py:154} INFO - Started process (PID=1749) to work on /home/airflow/.local/lib/python3.7/site-packages/airflow/example_dags/tutorial_taskflow_api.py
[2023-05-27T14:53:25.053+0000] {processor.py:756} INFO - Processing file /home/airflow/.local/lib/python3.7/site-packages/airflow/example_dags/tutorial_taskflow_api.py for tasks to queue
[2023-05-27T14:53:25.054+0000] {logging_mixin.py:120} INFO - [2023-05-27T14:53:25.054+0000] {dagbag.py:537} INFO - Filling up the DagBag from /home/airflow/.local/lib/python3.7/site-packages/airflow/example_dags/tutorial_taskflow_api.py
[2023-05-27T14:53:25.080+0000] {processor.py:766} INFO - DAG(s) dict_keys(['tutorial_taskflow_api']) retrieved from /home/airflow/.local/lib/python3.7/site-packages/airflow/example_dags/tutorial_taskflow_api.py
[2023-05-27T14:53:25.129+0000] {logging_mixin.py:120} INFO - [2023-05-27T14:53:25.129+0000] {dag.py:2585} INFO - Sync 1 DAGs
[2023-05-27T14:53:25.159+0000] {logging_mixin.py:120} INFO - [2023-05-27T14:53:25.159+0000] {dag.py:3340} INFO - Setting next_dagrun for tutorial_taskflow_api to None, run_after=None
[2023-05-27T14:53:25.184+0000] {processor.py:176} INFO - Processing /home/airflow/.local/lib/python3.7/site-packages/airflow/example_dags/tutorial_taskflow_api.py took 0.137 seconds
