[2023-05-27T14:38:15.452+0000] {processor.py:154} INFO - Started process (PID=41) to work on /home/airflow/.local/lib/python3.7/site-packages/airflow/example_dags/tutorial.py
[2023-05-27T14:38:15.452+0000] {processor.py:756} INFO - Processing file /home/airflow/.local/lib/python3.7/site-packages/airflow/example_dags/tutorial.py for tasks to queue
[2023-05-27T14:38:15.460+0000] {logging_mixin.py:120} INFO - [2023-05-27T14:38:15.460+0000] {dagbag.py:537} INFO - Filling up the DagBag from /home/airflow/.local/lib/python3.7/site-packages/airflow/example_dags/tutorial.py
[2023-05-27T14:38:15.680+0000] {processor.py:766} INFO - DAG(s) dict_keys(['tutorial']) retrieved from /home/airflow/.local/lib/python3.7/site-packages/airflow/example_dags/tutorial.py
[2023-05-27T14:38:16.985+0000] {logging_mixin.py:120} INFO - [2023-05-27T14:38:16.985+0000] {manager.py:507} INFO - Created Permission View: can read on DAG:tutorial
[2023-05-27T14:38:17.155+0000] {logging_mixin.py:120} INFO - [2023-05-27T14:38:17.154+0000] {manager.py:507} INFO - Created Permission View: can edit on DAG:tutorial
[2023-05-27T14:38:17.246+0000] {logging_mixin.py:120} INFO - [2023-05-27T14:38:17.245+0000] {manager.py:507} INFO - Created Permission View: can delete on DAG:tutorial
[2023-05-27T14:38:17.246+0000] {logging_mixin.py:120} INFO - [2023-05-27T14:38:17.246+0000] {dag.py:2585} INFO - Sync 1 DAGs
[2023-05-27T14:38:17.279+0000] {logging_mixin.py:120} INFO - [2023-05-27T14:38:17.279+0000] {dag.py:2606} INFO - Creating ORM DAG for tutorial
[2023-05-27T14:38:17.294+0000] {logging_mixin.py:120} INFO - [2023-05-27T14:38:17.294+0000] {dag.py:3340} INFO - Setting next_dagrun for tutorial to 2023-05-26T14:38:17.293960+00:00, run_after=2023-05-27T14:38:17.293960+00:00
[2023-05-27T14:38:17.343+0000] {processor.py:176} INFO - Processing /home/airflow/.local/lib/python3.7/site-packages/airflow/example_dags/tutorial.py took 1.903 seconds
[2023-05-27T14:38:48.119+0000] {processor.py:154} INFO - Started process (PID=95) to work on /home/airflow/.local/lib/python3.7/site-packages/airflow/example_dags/tutorial.py
[2023-05-27T14:38:48.120+0000] {processor.py:756} INFO - Processing file /home/airflow/.local/lib/python3.7/site-packages/airflow/example_dags/tutorial.py for tasks to queue
[2023-05-27T14:38:48.121+0000] {logging_mixin.py:120} INFO - [2023-05-27T14:38:48.121+0000] {dagbag.py:537} INFO - Filling up the DagBag from /home/airflow/.local/lib/python3.7/site-packages/airflow/example_dags/tutorial.py
[2023-05-27T14:38:48.140+0000] {processor.py:766} INFO - DAG(s) dict_keys(['tutorial']) retrieved from /home/airflow/.local/lib/python3.7/site-packages/airflow/example_dags/tutorial.py
[2023-05-27T14:38:48.192+0000] {logging_mixin.py:120} INFO - [2023-05-27T14:38:48.192+0000] {dag.py:2585} INFO - Sync 1 DAGs
[2023-05-27T14:38:48.222+0000] {logging_mixin.py:120} INFO - [2023-05-27T14:38:48.222+0000] {dag.py:3340} INFO - Setting next_dagrun for tutorial to 2023-05-26T14:38:48.222072+00:00, run_after=2023-05-27T14:38:48.222072+00:00
[2023-05-27T14:38:48.253+0000] {processor.py:176} INFO - Processing /home/airflow/.local/lib/python3.7/site-packages/airflow/example_dags/tutorial.py took 0.138 seconds
[2023-05-27T14:39:18.736+0000] {processor.py:154} INFO - Started process (PID=160) to work on /home/airflow/.local/lib/python3.7/site-packages/airflow/example_dags/tutorial.py
[2023-05-27T14:39:18.740+0000] {processor.py:756} INFO - Processing file /home/airflow/.local/lib/python3.7/site-packages/airflow/example_dags/tutorial.py for tasks to queue
[2023-05-27T14:39:18.740+0000] {logging_mixin.py:120} INFO - [2023-05-27T14:39:18.740+0000] {dagbag.py:537} INFO - Filling up the DagBag from /home/airflow/.local/lib/python3.7/site-packages/airflow/example_dags/tutorial.py
[2023-05-27T14:39:18.877+0000] {processor.py:766} INFO - DAG(s) dict_keys(['tutorial']) retrieved from /home/airflow/.local/lib/python3.7/site-packages/airflow/example_dags/tutorial.py
[2023-05-27T14:39:19.277+0000] {logging_mixin.py:120} INFO - [2023-05-27T14:39:19.277+0000] {dag.py:2585} INFO - Sync 1 DAGs
[2023-05-27T14:39:19.356+0000] {logging_mixin.py:120} INFO - [2023-05-27T14:39:19.356+0000] {dag.py:3340} INFO - Setting next_dagrun for tutorial to 2023-05-26T14:39:19.356321+00:00, run_after=2023-05-27T14:39:19.356321+00:00
[2023-05-27T14:39:19.402+0000] {processor.py:176} INFO - Processing /home/airflow/.local/lib/python3.7/site-packages/airflow/example_dags/tutorial.py took 0.677 seconds
[2023-05-27T14:39:50.134+0000] {processor.py:154} INFO - Started process (PID=213) to work on /home/airflow/.local/lib/python3.7/site-packages/airflow/example_dags/tutorial.py
[2023-05-27T14:39:50.136+0000] {processor.py:756} INFO - Processing file /home/airflow/.local/lib/python3.7/site-packages/airflow/example_dags/tutorial.py for tasks to queue
[2023-05-27T14:39:50.137+0000] {logging_mixin.py:120} INFO - [2023-05-27T14:39:50.137+0000] {dagbag.py:537} INFO - Filling up the DagBag from /home/airflow/.local/lib/python3.7/site-packages/airflow/example_dags/tutorial.py
[2023-05-27T14:39:50.162+0000] {processor.py:766} INFO - DAG(s) dict_keys(['tutorial']) retrieved from /home/airflow/.local/lib/python3.7/site-packages/airflow/example_dags/tutorial.py
[2023-05-27T14:39:50.214+0000] {logging_mixin.py:120} INFO - [2023-05-27T14:39:50.214+0000] {dag.py:2585} INFO - Sync 1 DAGs
[2023-05-27T14:39:50.246+0000] {logging_mixin.py:120} INFO - [2023-05-27T14:39:50.246+0000] {dag.py:3340} INFO - Setting next_dagrun for tutorial to 2023-05-26T14:39:50.246409+00:00, run_after=2023-05-27T14:39:50.246409+00:00
[2023-05-27T14:39:50.271+0000] {processor.py:176} INFO - Processing /home/airflow/.local/lib/python3.7/site-packages/airflow/example_dags/tutorial.py took 0.140 seconds
[2023-05-27T14:40:20.615+0000] {processor.py:154} INFO - Started process (PID=276) to work on /home/airflow/.local/lib/python3.7/site-packages/airflow/example_dags/tutorial.py
[2023-05-27T14:40:20.617+0000] {processor.py:756} INFO - Processing file /home/airflow/.local/lib/python3.7/site-packages/airflow/example_dags/tutorial.py for tasks to queue
[2023-05-27T14:40:20.617+0000] {logging_mixin.py:120} INFO - [2023-05-27T14:40:20.617+0000] {dagbag.py:537} INFO - Filling up the DagBag from /home/airflow/.local/lib/python3.7/site-packages/airflow/example_dags/tutorial.py
[2023-05-27T14:40:20.671+0000] {processor.py:766} INFO - DAG(s) dict_keys(['tutorial']) retrieved from /home/airflow/.local/lib/python3.7/site-packages/airflow/example_dags/tutorial.py
[2023-05-27T14:40:20.749+0000] {logging_mixin.py:120} INFO - [2023-05-27T14:40:20.749+0000] {dag.py:2585} INFO - Sync 1 DAGs
[2023-05-27T14:40:20.781+0000] {logging_mixin.py:120} INFO - [2023-05-27T14:40:20.781+0000] {dag.py:3340} INFO - Setting next_dagrun for tutorial to 2023-05-26T14:40:20.781286+00:00, run_after=2023-05-27T14:40:20.781286+00:00
[2023-05-27T14:40:20.803+0000] {processor.py:176} INFO - Processing /home/airflow/.local/lib/python3.7/site-packages/airflow/example_dags/tutorial.py took 0.191 seconds
[2023-05-27T14:40:51.241+0000] {processor.py:154} INFO - Started process (PID=331) to work on /home/airflow/.local/lib/python3.7/site-packages/airflow/example_dags/tutorial.py
[2023-05-27T14:40:51.248+0000] {processor.py:756} INFO - Processing file /home/airflow/.local/lib/python3.7/site-packages/airflow/example_dags/tutorial.py for tasks to queue
[2023-05-27T14:40:51.248+0000] {logging_mixin.py:120} INFO - [2023-05-27T14:40:51.248+0000] {dagbag.py:537} INFO - Filling up the DagBag from /home/airflow/.local/lib/python3.7/site-packages/airflow/example_dags/tutorial.py
[2023-05-27T14:40:51.272+0000] {processor.py:766} INFO - DAG(s) dict_keys(['tutorial']) retrieved from /home/airflow/.local/lib/python3.7/site-packages/airflow/example_dags/tutorial.py
[2023-05-27T14:40:51.324+0000] {logging_mixin.py:120} INFO - [2023-05-27T14:40:51.323+0000] {dag.py:2585} INFO - Sync 1 DAGs
[2023-05-27T14:40:51.356+0000] {logging_mixin.py:120} INFO - [2023-05-27T14:40:51.355+0000] {dag.py:3340} INFO - Setting next_dagrun for tutorial to 2023-05-26T14:40:51.355556+00:00, run_after=2023-05-27T14:40:51.355556+00:00
[2023-05-27T14:40:51.392+0000] {processor.py:176} INFO - Processing /home/airflow/.local/lib/python3.7/site-packages/airflow/example_dags/tutorial.py took 0.155 seconds
[2023-05-27T14:41:21.999+0000] {processor.py:154} INFO - Started process (PID=394) to work on /home/airflow/.local/lib/python3.7/site-packages/airflow/example_dags/tutorial.py
[2023-05-27T14:41:22.005+0000] {processor.py:756} INFO - Processing file /home/airflow/.local/lib/python3.7/site-packages/airflow/example_dags/tutorial.py for tasks to queue
[2023-05-27T14:41:22.006+0000] {logging_mixin.py:120} INFO - [2023-05-27T14:41:22.006+0000] {dagbag.py:537} INFO - Filling up the DagBag from /home/airflow/.local/lib/python3.7/site-packages/airflow/example_dags/tutorial.py
[2023-05-27T14:41:22.089+0000] {processor.py:766} INFO - DAG(s) dict_keys(['tutorial']) retrieved from /home/airflow/.local/lib/python3.7/site-packages/airflow/example_dags/tutorial.py
[2023-05-27T14:41:22.286+0000] {logging_mixin.py:120} INFO - [2023-05-27T14:41:22.286+0000] {dag.py:2585} INFO - Sync 1 DAGs
[2023-05-27T14:41:22.362+0000] {logging_mixin.py:120} INFO - [2023-05-27T14:41:22.362+0000] {dag.py:3340} INFO - Setting next_dagrun for tutorial to 2023-05-26T14:41:22.361883+00:00, run_after=2023-05-27T14:41:22.361883+00:00
[2023-05-27T14:41:22.413+0000] {processor.py:176} INFO - Processing /home/airflow/.local/lib/python3.7/site-packages/airflow/example_dags/tutorial.py took 0.420 seconds
[2023-05-27T14:41:52.682+0000] {processor.py:154} INFO - Started process (PID=449) to work on /home/airflow/.local/lib/python3.7/site-packages/airflow/example_dags/tutorial.py
[2023-05-27T14:41:52.688+0000] {processor.py:756} INFO - Processing file /home/airflow/.local/lib/python3.7/site-packages/airflow/example_dags/tutorial.py for tasks to queue
[2023-05-27T14:41:52.689+0000] {logging_mixin.py:120} INFO - [2023-05-27T14:41:52.688+0000] {dagbag.py:537} INFO - Filling up the DagBag from /home/airflow/.local/lib/python3.7/site-packages/airflow/example_dags/tutorial.py
[2023-05-27T14:41:52.747+0000] {processor.py:766} INFO - DAG(s) dict_keys(['tutorial']) retrieved from /home/airflow/.local/lib/python3.7/site-packages/airflow/example_dags/tutorial.py
[2023-05-27T14:41:52.861+0000] {logging_mixin.py:120} INFO - [2023-05-27T14:41:52.856+0000] {dag.py:2585} INFO - Sync 1 DAGs
[2023-05-27T14:41:52.946+0000] {logging_mixin.py:120} INFO - [2023-05-27T14:41:52.946+0000] {dag.py:3340} INFO - Setting next_dagrun for tutorial to 2023-05-26T14:41:52.946344+00:00, run_after=2023-05-27T14:41:52.946344+00:00
[2023-05-27T14:41:53.024+0000] {processor.py:176} INFO - Processing /home/airflow/.local/lib/python3.7/site-packages/airflow/example_dags/tutorial.py took 0.346 seconds
[2023-05-27T14:42:23.088+0000] {processor.py:154} INFO - Started process (PID=503) to work on /home/airflow/.local/lib/python3.7/site-packages/airflow/example_dags/tutorial.py
[2023-05-27T14:42:23.090+0000] {processor.py:756} INFO - Processing file /home/airflow/.local/lib/python3.7/site-packages/airflow/example_dags/tutorial.py for tasks to queue
[2023-05-27T14:42:23.091+0000] {logging_mixin.py:120} INFO - [2023-05-27T14:42:23.090+0000] {dagbag.py:537} INFO - Filling up the DagBag from /home/airflow/.local/lib/python3.7/site-packages/airflow/example_dags/tutorial.py
[2023-05-27T14:42:23.177+0000] {processor.py:766} INFO - DAG(s) dict_keys(['tutorial']) retrieved from /home/airflow/.local/lib/python3.7/site-packages/airflow/example_dags/tutorial.py
[2023-05-27T14:42:23.251+0000] {logging_mixin.py:120} INFO - [2023-05-27T14:42:23.251+0000] {dag.py:2585} INFO - Sync 1 DAGs
[2023-05-27T14:42:23.284+0000] {logging_mixin.py:120} INFO - [2023-05-27T14:42:23.284+0000] {dag.py:3340} INFO - Setting next_dagrun for tutorial to 2023-05-26T14:42:23.284269+00:00, run_after=2023-05-27T14:42:23.284269+00:00
[2023-05-27T14:42:23.306+0000] {processor.py:176} INFO - Processing /home/airflow/.local/lib/python3.7/site-packages/airflow/example_dags/tutorial.py took 0.222 seconds
[2023-05-27T14:42:53.622+0000] {processor.py:154} INFO - Started process (PID=567) to work on /home/airflow/.local/lib/python3.7/site-packages/airflow/example_dags/tutorial.py
[2023-05-27T14:42:53.624+0000] {processor.py:756} INFO - Processing file /home/airflow/.local/lib/python3.7/site-packages/airflow/example_dags/tutorial.py for tasks to queue
[2023-05-27T14:42:53.625+0000] {logging_mixin.py:120} INFO - [2023-05-27T14:42:53.625+0000] {dagbag.py:537} INFO - Filling up the DagBag from /home/airflow/.local/lib/python3.7/site-packages/airflow/example_dags/tutorial.py
[2023-05-27T14:42:53.655+0000] {processor.py:766} INFO - DAG(s) dict_keys(['tutorial']) retrieved from /home/airflow/.local/lib/python3.7/site-packages/airflow/example_dags/tutorial.py
[2023-05-27T14:42:53.727+0000] {logging_mixin.py:120} INFO - [2023-05-27T14:42:53.727+0000] {dag.py:2585} INFO - Sync 1 DAGs
[2023-05-27T14:42:53.758+0000] {logging_mixin.py:120} INFO - [2023-05-27T14:42:53.758+0000] {dag.py:3340} INFO - Setting next_dagrun for tutorial to 2023-05-26T14:42:53.758074+00:00, run_after=2023-05-27T14:42:53.758074+00:00
[2023-05-27T14:42:53.780+0000] {processor.py:176} INFO - Processing /home/airflow/.local/lib/python3.7/site-packages/airflow/example_dags/tutorial.py took 0.161 seconds
[2023-05-27T14:43:24.403+0000] {processor.py:154} INFO - Started process (PID=621) to work on /home/airflow/.local/lib/python3.7/site-packages/airflow/example_dags/tutorial.py
[2023-05-27T14:43:24.406+0000] {processor.py:756} INFO - Processing file /home/airflow/.local/lib/python3.7/site-packages/airflow/example_dags/tutorial.py for tasks to queue
[2023-05-27T14:43:24.407+0000] {logging_mixin.py:120} INFO - [2023-05-27T14:43:24.407+0000] {dagbag.py:537} INFO - Filling up the DagBag from /home/airflow/.local/lib/python3.7/site-packages/airflow/example_dags/tutorial.py
[2023-05-27T14:43:24.435+0000] {processor.py:766} INFO - DAG(s) dict_keys(['tutorial']) retrieved from /home/airflow/.local/lib/python3.7/site-packages/airflow/example_dags/tutorial.py
[2023-05-27T14:43:24.484+0000] {logging_mixin.py:120} INFO - [2023-05-27T14:43:24.484+0000] {dag.py:2585} INFO - Sync 1 DAGs
[2023-05-27T14:43:24.516+0000] {logging_mixin.py:120} INFO - [2023-05-27T14:43:24.516+0000] {dag.py:3340} INFO - Setting next_dagrun for tutorial to 2023-05-26T14:43:24.516254+00:00, run_after=2023-05-27T14:43:24.516254+00:00
[2023-05-27T14:43:24.539+0000] {processor.py:176} INFO - Processing /home/airflow/.local/lib/python3.7/site-packages/airflow/example_dags/tutorial.py took 0.139 seconds
[2023-05-27T14:43:54.946+0000] {processor.py:154} INFO - Started process (PID=684) to work on /home/airflow/.local/lib/python3.7/site-packages/airflow/example_dags/tutorial.py
[2023-05-27T14:43:54.948+0000] {processor.py:756} INFO - Processing file /home/airflow/.local/lib/python3.7/site-packages/airflow/example_dags/tutorial.py for tasks to queue
[2023-05-27T14:43:54.948+0000] {logging_mixin.py:120} INFO - [2023-05-27T14:43:54.948+0000] {dagbag.py:537} INFO - Filling up the DagBag from /home/airflow/.local/lib/python3.7/site-packages/airflow/example_dags/tutorial.py
[2023-05-27T14:43:55.041+0000] {processor.py:766} INFO - DAG(s) dict_keys(['tutorial']) retrieved from /home/airflow/.local/lib/python3.7/site-packages/airflow/example_dags/tutorial.py
[2023-05-27T14:43:55.141+0000] {logging_mixin.py:120} INFO - [2023-05-27T14:43:55.140+0000] {dag.py:2585} INFO - Sync 1 DAGs
[2023-05-27T14:43:55.178+0000] {logging_mixin.py:120} INFO - [2023-05-27T14:43:55.178+0000] {dag.py:3340} INFO - Setting next_dagrun for tutorial to 2023-05-26T14:43:55.178379+00:00, run_after=2023-05-27T14:43:55.178379+00:00
[2023-05-27T14:43:55.202+0000] {processor.py:176} INFO - Processing /home/airflow/.local/lib/python3.7/site-packages/airflow/example_dags/tutorial.py took 0.259 seconds
[2023-05-27T14:44:25.423+0000] {processor.py:154} INFO - Started process (PID=737) to work on /home/airflow/.local/lib/python3.7/site-packages/airflow/example_dags/tutorial.py
[2023-05-27T14:44:25.425+0000] {processor.py:756} INFO - Processing file /home/airflow/.local/lib/python3.7/site-packages/airflow/example_dags/tutorial.py for tasks to queue
[2023-05-27T14:44:25.425+0000] {logging_mixin.py:120} INFO - [2023-05-27T14:44:25.425+0000] {dagbag.py:537} INFO - Filling up the DagBag from /home/airflow/.local/lib/python3.7/site-packages/airflow/example_dags/tutorial.py
[2023-05-27T14:44:25.495+0000] {processor.py:766} INFO - DAG(s) dict_keys(['tutorial']) retrieved from /home/airflow/.local/lib/python3.7/site-packages/airflow/example_dags/tutorial.py
[2023-05-27T14:44:25.581+0000] {logging_mixin.py:120} INFO - [2023-05-27T14:44:25.581+0000] {dag.py:2585} INFO - Sync 1 DAGs
[2023-05-27T14:44:25.624+0000] {logging_mixin.py:120} INFO - [2023-05-27T14:44:25.624+0000] {dag.py:3340} INFO - Setting next_dagrun for tutorial to 2023-05-26T14:44:25.624462+00:00, run_after=2023-05-27T14:44:25.624462+00:00
[2023-05-27T14:44:25.646+0000] {processor.py:176} INFO - Processing /home/airflow/.local/lib/python3.7/site-packages/airflow/example_dags/tutorial.py took 0.226 seconds
[2023-05-27T14:44:55.710+0000] {processor.py:154} INFO - Started process (PID=798) to work on /home/airflow/.local/lib/python3.7/site-packages/airflow/example_dags/tutorial.py
[2023-05-27T14:44:55.711+0000] {processor.py:756} INFO - Processing file /home/airflow/.local/lib/python3.7/site-packages/airflow/example_dags/tutorial.py for tasks to queue
[2023-05-27T14:44:55.712+0000] {logging_mixin.py:120} INFO - [2023-05-27T14:44:55.712+0000] {dagbag.py:537} INFO - Filling up the DagBag from /home/airflow/.local/lib/python3.7/site-packages/airflow/example_dags/tutorial.py
[2023-05-27T14:44:55.758+0000] {processor.py:766} INFO - DAG(s) dict_keys(['tutorial']) retrieved from /home/airflow/.local/lib/python3.7/site-packages/airflow/example_dags/tutorial.py
[2023-05-27T14:44:55.841+0000] {logging_mixin.py:120} INFO - [2023-05-27T14:44:55.840+0000] {dag.py:2585} INFO - Sync 1 DAGs
[2023-05-27T14:44:55.892+0000] {logging_mixin.py:120} INFO - [2023-05-27T14:44:55.892+0000] {dag.py:3340} INFO - Setting next_dagrun for tutorial to 2023-05-26T14:44:55.892365+00:00, run_after=2023-05-27T14:44:55.892365+00:00
[2023-05-27T14:44:55.915+0000] {processor.py:176} INFO - Processing /home/airflow/.local/lib/python3.7/site-packages/airflow/example_dags/tutorial.py took 0.212 seconds
[2023-05-27T14:45:25.964+0000] {processor.py:154} INFO - Started process (PID=853) to work on /home/airflow/.local/lib/python3.7/site-packages/airflow/example_dags/tutorial.py
[2023-05-27T14:45:25.973+0000] {processor.py:756} INFO - Processing file /home/airflow/.local/lib/python3.7/site-packages/airflow/example_dags/tutorial.py for tasks to queue
[2023-05-27T14:45:25.974+0000] {logging_mixin.py:120} INFO - [2023-05-27T14:45:25.974+0000] {dagbag.py:537} INFO - Filling up the DagBag from /home/airflow/.local/lib/python3.7/site-packages/airflow/example_dags/tutorial.py
[2023-05-27T14:45:26.074+0000] {processor.py:766} INFO - DAG(s) dict_keys(['tutorial']) retrieved from /home/airflow/.local/lib/python3.7/site-packages/airflow/example_dags/tutorial.py
[2023-05-27T14:45:26.208+0000] {logging_mixin.py:120} INFO - [2023-05-27T14:45:26.208+0000] {dag.py:2585} INFO - Sync 1 DAGs
[2023-05-27T14:45:26.273+0000] {logging_mixin.py:120} INFO - [2023-05-27T14:45:26.273+0000] {dag.py:3340} INFO - Setting next_dagrun for tutorial to 2023-05-26T14:45:26.272890+00:00, run_after=2023-05-27T14:45:26.272890+00:00
[2023-05-27T14:45:26.331+0000] {processor.py:176} INFO - Processing /home/airflow/.local/lib/python3.7/site-packages/airflow/example_dags/tutorial.py took 0.371 seconds
[2023-05-27T14:45:57.209+0000] {processor.py:154} INFO - Started process (PID=907) to work on /home/airflow/.local/lib/python3.7/site-packages/airflow/example_dags/tutorial.py
[2023-05-27T14:45:57.213+0000] {processor.py:756} INFO - Processing file /home/airflow/.local/lib/python3.7/site-packages/airflow/example_dags/tutorial.py for tasks to queue
[2023-05-27T14:45:57.214+0000] {logging_mixin.py:120} INFO - [2023-05-27T14:45:57.214+0000] {dagbag.py:537} INFO - Filling up the DagBag from /home/airflow/.local/lib/python3.7/site-packages/airflow/example_dags/tutorial.py
[2023-05-27T14:45:57.281+0000] {processor.py:766} INFO - DAG(s) dict_keys(['tutorial']) retrieved from /home/airflow/.local/lib/python3.7/site-packages/airflow/example_dags/tutorial.py
[2023-05-27T14:45:57.366+0000] {logging_mixin.py:120} INFO - [2023-05-27T14:45:57.366+0000] {dag.py:2585} INFO - Sync 1 DAGs
[2023-05-27T14:45:57.411+0000] {logging_mixin.py:120} INFO - [2023-05-27T14:45:57.411+0000] {dag.py:3340} INFO - Setting next_dagrun for tutorial to 2023-05-26T14:45:57.411286+00:00, run_after=2023-05-27T14:45:57.411286+00:00
[2023-05-27T14:45:57.433+0000] {processor.py:176} INFO - Processing /home/airflow/.local/lib/python3.7/site-packages/airflow/example_dags/tutorial.py took 0.229 seconds
[2023-05-27T14:46:28.077+0000] {processor.py:154} INFO - Started process (PID=970) to work on /home/airflow/.local/lib/python3.7/site-packages/airflow/example_dags/tutorial.py
[2023-05-27T14:46:28.080+0000] {processor.py:756} INFO - Processing file /home/airflow/.local/lib/python3.7/site-packages/airflow/example_dags/tutorial.py for tasks to queue
[2023-05-27T14:46:28.081+0000] {logging_mixin.py:120} INFO - [2023-05-27T14:46:28.081+0000] {dagbag.py:537} INFO - Filling up the DagBag from /home/airflow/.local/lib/python3.7/site-packages/airflow/example_dags/tutorial.py
[2023-05-27T14:46:28.107+0000] {processor.py:766} INFO - DAG(s) dict_keys(['tutorial']) retrieved from /home/airflow/.local/lib/python3.7/site-packages/airflow/example_dags/tutorial.py
[2023-05-27T14:46:28.164+0000] {logging_mixin.py:120} INFO - [2023-05-27T14:46:28.164+0000] {dag.py:2585} INFO - Sync 1 DAGs
[2023-05-27T14:46:28.195+0000] {logging_mixin.py:120} INFO - [2023-05-27T14:46:28.195+0000] {dag.py:3340} INFO - Setting next_dagrun for tutorial to 2023-05-26T14:46:28.195357+00:00, run_after=2023-05-27T14:46:28.195357+00:00
[2023-05-27T14:46:28.218+0000] {processor.py:176} INFO - Processing /home/airflow/.local/lib/python3.7/site-packages/airflow/example_dags/tutorial.py took 0.145 seconds
[2023-05-27T14:46:58.461+0000] {processor.py:154} INFO - Started process (PID=1024) to work on /home/airflow/.local/lib/python3.7/site-packages/airflow/example_dags/tutorial.py
[2023-05-27T14:46:58.464+0000] {processor.py:756} INFO - Processing file /home/airflow/.local/lib/python3.7/site-packages/airflow/example_dags/tutorial.py for tasks to queue
[2023-05-27T14:46:58.464+0000] {logging_mixin.py:120} INFO - [2023-05-27T14:46:58.464+0000] {dagbag.py:537} INFO - Filling up the DagBag from /home/airflow/.local/lib/python3.7/site-packages/airflow/example_dags/tutorial.py
[2023-05-27T14:46:58.490+0000] {processor.py:766} INFO - DAG(s) dict_keys(['tutorial']) retrieved from /home/airflow/.local/lib/python3.7/site-packages/airflow/example_dags/tutorial.py
[2023-05-27T14:46:58.541+0000] {logging_mixin.py:120} INFO - [2023-05-27T14:46:58.541+0000] {dag.py:2585} INFO - Sync 1 DAGs
[2023-05-27T14:46:58.575+0000] {logging_mixin.py:120} INFO - [2023-05-27T14:46:58.575+0000] {dag.py:3340} INFO - Setting next_dagrun for tutorial to 2023-05-26T14:46:58.575475+00:00, run_after=2023-05-27T14:46:58.575475+00:00
[2023-05-27T14:46:58.603+0000] {processor.py:176} INFO - Processing /home/airflow/.local/lib/python3.7/site-packages/airflow/example_dags/tutorial.py took 0.145 seconds
[2023-05-27T14:47:29.368+0000] {processor.py:154} INFO - Started process (PID=1088) to work on /home/airflow/.local/lib/python3.7/site-packages/airflow/example_dags/tutorial.py
[2023-05-27T14:47:29.371+0000] {processor.py:756} INFO - Processing file /home/airflow/.local/lib/python3.7/site-packages/airflow/example_dags/tutorial.py for tasks to queue
[2023-05-27T14:47:29.372+0000] {logging_mixin.py:120} INFO - [2023-05-27T14:47:29.372+0000] {dagbag.py:537} INFO - Filling up the DagBag from /home/airflow/.local/lib/python3.7/site-packages/airflow/example_dags/tutorial.py
[2023-05-27T14:47:29.434+0000] {processor.py:766} INFO - DAG(s) dict_keys(['tutorial']) retrieved from /home/airflow/.local/lib/python3.7/site-packages/airflow/example_dags/tutorial.py
[2023-05-27T14:47:29.576+0000] {logging_mixin.py:120} INFO - [2023-05-27T14:47:29.576+0000] {dag.py:2585} INFO - Sync 1 DAGs
[2023-05-27T14:47:29.641+0000] {logging_mixin.py:120} INFO - [2023-05-27T14:47:29.641+0000] {dag.py:3340} INFO - Setting next_dagrun for tutorial to 2023-05-26T14:47:29.641066+00:00, run_after=2023-05-27T14:47:29.641066+00:00
[2023-05-27T14:47:29.669+0000] {processor.py:176} INFO - Processing /home/airflow/.local/lib/python3.7/site-packages/airflow/example_dags/tutorial.py took 0.308 seconds
[2023-05-27T14:47:59.986+0000] {processor.py:154} INFO - Started process (PID=1142) to work on /home/airflow/.local/lib/python3.7/site-packages/airflow/example_dags/tutorial.py
[2023-05-27T14:47:59.988+0000] {processor.py:756} INFO - Processing file /home/airflow/.local/lib/python3.7/site-packages/airflow/example_dags/tutorial.py for tasks to queue
[2023-05-27T14:47:59.989+0000] {logging_mixin.py:120} INFO - [2023-05-27T14:47:59.989+0000] {dagbag.py:537} INFO - Filling up the DagBag from /home/airflow/.local/lib/python3.7/site-packages/airflow/example_dags/tutorial.py
[2023-05-27T14:48:00.048+0000] {processor.py:766} INFO - DAG(s) dict_keys(['tutorial']) retrieved from /home/airflow/.local/lib/python3.7/site-packages/airflow/example_dags/tutorial.py
[2023-05-27T14:48:00.121+0000] {logging_mixin.py:120} INFO - [2023-05-27T14:48:00.121+0000] {dag.py:2585} INFO - Sync 1 DAGs
[2023-05-27T14:48:00.206+0000] {logging_mixin.py:120} INFO - [2023-05-27T14:48:00.206+0000] {dag.py:3340} INFO - Setting next_dagrun for tutorial to 2023-05-26T14:48:00.206263+00:00, run_after=2023-05-27T14:48:00.206263+00:00
[2023-05-27T14:48:00.229+0000] {processor.py:176} INFO - Processing /home/airflow/.local/lib/python3.7/site-packages/airflow/example_dags/tutorial.py took 0.247 seconds
[2023-05-27T14:48:30.772+0000] {processor.py:154} INFO - Started process (PID=1195) to work on /home/airflow/.local/lib/python3.7/site-packages/airflow/example_dags/tutorial.py
[2023-05-27T14:48:30.774+0000] {processor.py:756} INFO - Processing file /home/airflow/.local/lib/python3.7/site-packages/airflow/example_dags/tutorial.py for tasks to queue
[2023-05-27T14:48:30.775+0000] {logging_mixin.py:120} INFO - [2023-05-27T14:48:30.775+0000] {dagbag.py:537} INFO - Filling up the DagBag from /home/airflow/.local/lib/python3.7/site-packages/airflow/example_dags/tutorial.py
[2023-05-27T14:48:30.801+0000] {processor.py:766} INFO - DAG(s) dict_keys(['tutorial']) retrieved from /home/airflow/.local/lib/python3.7/site-packages/airflow/example_dags/tutorial.py
[2023-05-27T14:48:30.861+0000] {logging_mixin.py:120} INFO - [2023-05-27T14:48:30.861+0000] {dag.py:2585} INFO - Sync 1 DAGs
[2023-05-27T14:48:30.896+0000] {logging_mixin.py:120} INFO - [2023-05-27T14:48:30.895+0000] {dag.py:3340} INFO - Setting next_dagrun for tutorial to 2023-05-26T14:48:30.895520+00:00, run_after=2023-05-27T14:48:30.895520+00:00
[2023-05-27T14:48:30.921+0000] {processor.py:176} INFO - Processing /home/airflow/.local/lib/python3.7/site-packages/airflow/example_dags/tutorial.py took 0.153 seconds
[2023-05-27T14:49:01.674+0000] {processor.py:154} INFO - Started process (PID=1258) to work on /home/airflow/.local/lib/python3.7/site-packages/airflow/example_dags/tutorial.py
[2023-05-27T14:49:01.683+0000] {processor.py:756} INFO - Processing file /home/airflow/.local/lib/python3.7/site-packages/airflow/example_dags/tutorial.py for tasks to queue
[2023-05-27T14:49:01.684+0000] {logging_mixin.py:120} INFO - [2023-05-27T14:49:01.684+0000] {dagbag.py:537} INFO - Filling up the DagBag from /home/airflow/.local/lib/python3.7/site-packages/airflow/example_dags/tutorial.py
[2023-05-27T14:49:01.731+0000] {processor.py:766} INFO - DAG(s) dict_keys(['tutorial']) retrieved from /home/airflow/.local/lib/python3.7/site-packages/airflow/example_dags/tutorial.py
[2023-05-27T14:49:01.845+0000] {logging_mixin.py:120} INFO - [2023-05-27T14:49:01.843+0000] {dag.py:2585} INFO - Sync 1 DAGs
[2023-05-27T14:49:01.978+0000] {logging_mixin.py:120} INFO - [2023-05-27T14:49:01.978+0000] {dag.py:3340} INFO - Setting next_dagrun for tutorial to 2023-05-26T14:49:01.978375+00:00, run_after=2023-05-27T14:49:01.978375+00:00
[2023-05-27T14:49:02.014+0000] {processor.py:176} INFO - Processing /home/airflow/.local/lib/python3.7/site-packages/airflow/example_dags/tutorial.py took 0.344 seconds
[2023-05-27T14:49:32.500+0000] {processor.py:154} INFO - Started process (PID=1312) to work on /home/airflow/.local/lib/python3.7/site-packages/airflow/example_dags/tutorial.py
[2023-05-27T14:49:32.502+0000] {processor.py:756} INFO - Processing file /home/airflow/.local/lib/python3.7/site-packages/airflow/example_dags/tutorial.py for tasks to queue
[2023-05-27T14:49:32.503+0000] {logging_mixin.py:120} INFO - [2023-05-27T14:49:32.503+0000] {dagbag.py:537} INFO - Filling up the DagBag from /home/airflow/.local/lib/python3.7/site-packages/airflow/example_dags/tutorial.py
[2023-05-27T14:49:32.530+0000] {processor.py:766} INFO - DAG(s) dict_keys(['tutorial']) retrieved from /home/airflow/.local/lib/python3.7/site-packages/airflow/example_dags/tutorial.py
[2023-05-27T14:49:32.588+0000] {logging_mixin.py:120} INFO - [2023-05-27T14:49:32.588+0000] {dag.py:2585} INFO - Sync 1 DAGs
[2023-05-27T14:49:32.620+0000] {logging_mixin.py:120} INFO - [2023-05-27T14:49:32.619+0000] {dag.py:3340} INFO - Setting next_dagrun for tutorial to 2023-05-26T14:49:32.619501+00:00, run_after=2023-05-27T14:49:32.619501+00:00
[2023-05-27T14:49:32.644+0000] {processor.py:176} INFO - Processing /home/airflow/.local/lib/python3.7/site-packages/airflow/example_dags/tutorial.py took 0.147 seconds
[2023-05-27T14:50:03.138+0000] {processor.py:154} INFO - Started process (PID=1377) to work on /home/airflow/.local/lib/python3.7/site-packages/airflow/example_dags/tutorial.py
[2023-05-27T14:50:03.140+0000] {processor.py:756} INFO - Processing file /home/airflow/.local/lib/python3.7/site-packages/airflow/example_dags/tutorial.py for tasks to queue
[2023-05-27T14:50:03.141+0000] {logging_mixin.py:120} INFO - [2023-05-27T14:50:03.141+0000] {dagbag.py:537} INFO - Filling up the DagBag from /home/airflow/.local/lib/python3.7/site-packages/airflow/example_dags/tutorial.py
[2023-05-27T14:50:03.166+0000] {processor.py:766} INFO - DAG(s) dict_keys(['tutorial']) retrieved from /home/airflow/.local/lib/python3.7/site-packages/airflow/example_dags/tutorial.py
[2023-05-27T14:50:03.217+0000] {logging_mixin.py:120} INFO - [2023-05-27T14:50:03.216+0000] {dag.py:2585} INFO - Sync 1 DAGs
[2023-05-27T14:50:03.250+0000] {logging_mixin.py:120} INFO - [2023-05-27T14:50:03.250+0000] {dag.py:3340} INFO - Setting next_dagrun for tutorial to 2023-05-26T14:50:03.250405+00:00, run_after=2023-05-27T14:50:03.250405+00:00
[2023-05-27T14:50:03.274+0000] {processor.py:176} INFO - Processing /home/airflow/.local/lib/python3.7/site-packages/airflow/example_dags/tutorial.py took 0.141 seconds
[2023-05-27T14:50:34.288+0000] {processor.py:154} INFO - Started process (PID=1431) to work on /home/airflow/.local/lib/python3.7/site-packages/airflow/example_dags/tutorial.py
[2023-05-27T14:50:34.303+0000] {processor.py:756} INFO - Processing file /home/airflow/.local/lib/python3.7/site-packages/airflow/example_dags/tutorial.py for tasks to queue
[2023-05-27T14:50:34.304+0000] {logging_mixin.py:120} INFO - [2023-05-27T14:50:34.304+0000] {dagbag.py:537} INFO - Filling up the DagBag from /home/airflow/.local/lib/python3.7/site-packages/airflow/example_dags/tutorial.py
[2023-05-27T14:50:34.337+0000] {processor.py:766} INFO - DAG(s) dict_keys(['tutorial']) retrieved from /home/airflow/.local/lib/python3.7/site-packages/airflow/example_dags/tutorial.py
[2023-05-27T14:50:34.429+0000] {logging_mixin.py:120} INFO - [2023-05-27T14:50:34.429+0000] {dag.py:2585} INFO - Sync 1 DAGs
[2023-05-27T14:50:34.502+0000] {logging_mixin.py:120} INFO - [2023-05-27T14:50:34.502+0000] {dag.py:3340} INFO - Setting next_dagrun for tutorial to 2023-05-26T14:50:34.501789+00:00, run_after=2023-05-27T14:50:34.501789+00:00
[2023-05-27T14:50:34.530+0000] {processor.py:176} INFO - Processing /home/airflow/.local/lib/python3.7/site-packages/airflow/example_dags/tutorial.py took 0.254 seconds
[2023-05-27T14:51:11.320+0000] {processor.py:154} INFO - Started process (PID=1494) to work on /home/airflow/.local/lib/python3.7/site-packages/airflow/example_dags/tutorial.py
[2023-05-27T14:51:11.338+0000] {processor.py:756} INFO - Processing file /home/airflow/.local/lib/python3.7/site-packages/airflow/example_dags/tutorial.py for tasks to queue
[2023-05-27T14:51:11.340+0000] {logging_mixin.py:120} INFO - [2023-05-27T14:51:11.340+0000] {dagbag.py:537} INFO - Filling up the DagBag from /home/airflow/.local/lib/python3.7/site-packages/airflow/example_dags/tutorial.py
[2023-05-27T14:51:11.571+0000] {processor.py:766} INFO - DAG(s) dict_keys(['tutorial']) retrieved from /home/airflow/.local/lib/python3.7/site-packages/airflow/example_dags/tutorial.py
[2023-05-27T14:51:11.758+0000] {logging_mixin.py:120} INFO - [2023-05-27T14:51:11.758+0000] {dag.py:2585} INFO - Sync 1 DAGs
[2023-05-27T14:51:11.871+0000] {logging_mixin.py:120} INFO - [2023-05-27T14:51:11.871+0000] {dag.py:3340} INFO - Setting next_dagrun for tutorial to 2023-05-26T14:51:11.839383+00:00, run_after=2023-05-27T14:51:11.839383+00:00
[2023-05-27T14:51:11.950+0000] {processor.py:176} INFO - Processing /home/airflow/.local/lib/python3.7/site-packages/airflow/example_dags/tutorial.py took 0.634 seconds
[2023-05-27T14:51:42.923+0000] {processor.py:154} INFO - Started process (PID=1547) to work on /home/airflow/.local/lib/python3.7/site-packages/airflow/example_dags/tutorial.py
[2023-05-27T14:51:42.925+0000] {processor.py:756} INFO - Processing file /home/airflow/.local/lib/python3.7/site-packages/airflow/example_dags/tutorial.py for tasks to queue
[2023-05-27T14:51:42.926+0000] {logging_mixin.py:120} INFO - [2023-05-27T14:51:42.926+0000] {dagbag.py:537} INFO - Filling up the DagBag from /home/airflow/.local/lib/python3.7/site-packages/airflow/example_dags/tutorial.py
[2023-05-27T14:51:42.950+0000] {processor.py:766} INFO - DAG(s) dict_keys(['tutorial']) retrieved from /home/airflow/.local/lib/python3.7/site-packages/airflow/example_dags/tutorial.py
[2023-05-27T14:51:42.997+0000] {logging_mixin.py:120} INFO - [2023-05-27T14:51:42.997+0000] {dag.py:2585} INFO - Sync 1 DAGs
[2023-05-27T14:51:43.030+0000] {logging_mixin.py:120} INFO - [2023-05-27T14:51:43.030+0000] {dag.py:3340} INFO - Setting next_dagrun for tutorial to 2023-05-26T14:51:43.028450+00:00, run_after=2023-05-27T14:51:43.028450+00:00
[2023-05-27T14:51:43.056+0000] {processor.py:176} INFO - Processing /home/airflow/.local/lib/python3.7/site-packages/airflow/example_dags/tutorial.py took 0.137 seconds
[2023-05-27T14:52:13.570+0000] {processor.py:154} INFO - Started process (PID=1610) to work on /home/airflow/.local/lib/python3.7/site-packages/airflow/example_dags/tutorial.py
[2023-05-27T14:52:13.572+0000] {processor.py:756} INFO - Processing file /home/airflow/.local/lib/python3.7/site-packages/airflow/example_dags/tutorial.py for tasks to queue
[2023-05-27T14:52:13.573+0000] {logging_mixin.py:120} INFO - [2023-05-27T14:52:13.573+0000] {dagbag.py:537} INFO - Filling up the DagBag from /home/airflow/.local/lib/python3.7/site-packages/airflow/example_dags/tutorial.py
[2023-05-27T14:52:13.643+0000] {processor.py:766} INFO - DAG(s) dict_keys(['tutorial']) retrieved from /home/airflow/.local/lib/python3.7/site-packages/airflow/example_dags/tutorial.py
[2023-05-27T14:52:13.767+0000] {logging_mixin.py:120} INFO - [2023-05-27T14:52:13.767+0000] {dag.py:2585} INFO - Sync 1 DAGs
[2023-05-27T14:52:13.808+0000] {logging_mixin.py:120} INFO - [2023-05-27T14:52:13.808+0000] {dag.py:3340} INFO - Setting next_dagrun for tutorial to 2023-05-26T14:52:13.805865+00:00, run_after=2023-05-27T14:52:13.805865+00:00
[2023-05-27T14:52:13.833+0000] {processor.py:176} INFO - Processing /home/airflow/.local/lib/python3.7/site-packages/airflow/example_dags/tutorial.py took 0.267 seconds
[2023-05-27T14:52:44.340+0000] {processor.py:154} INFO - Started process (PID=1660) to work on /home/airflow/.local/lib/python3.7/site-packages/airflow/example_dags/tutorial.py
[2023-05-27T14:52:44.346+0000] {processor.py:756} INFO - Processing file /home/airflow/.local/lib/python3.7/site-packages/airflow/example_dags/tutorial.py for tasks to queue
[2023-05-27T14:52:44.347+0000] {logging_mixin.py:120} INFO - [2023-05-27T14:52:44.347+0000] {dagbag.py:537} INFO - Filling up the DagBag from /home/airflow/.local/lib/python3.7/site-packages/airflow/example_dags/tutorial.py
[2023-05-27T14:52:44.411+0000] {processor.py:766} INFO - DAG(s) dict_keys(['tutorial']) retrieved from /home/airflow/.local/lib/python3.7/site-packages/airflow/example_dags/tutorial.py
[2023-05-27T14:52:44.497+0000] {logging_mixin.py:120} INFO - [2023-05-27T14:52:44.496+0000] {dag.py:2585} INFO - Sync 1 DAGs
[2023-05-27T14:52:44.552+0000] {logging_mixin.py:120} INFO - [2023-05-27T14:52:44.551+0000] {dag.py:3340} INFO - Setting next_dagrun for tutorial to 2023-05-26T14:52:44.551398+00:00, run_after=2023-05-27T14:52:44.551398+00:00
[2023-05-27T14:52:44.580+0000] {processor.py:176} INFO - Processing /home/airflow/.local/lib/python3.7/site-packages/airflow/example_dags/tutorial.py took 0.244 seconds
[2023-05-27T14:53:14.816+0000] {processor.py:154} INFO - Started process (PID=1714) to work on /home/airflow/.local/lib/python3.7/site-packages/airflow/example_dags/tutorial.py
[2023-05-27T14:53:14.819+0000] {processor.py:756} INFO - Processing file /home/airflow/.local/lib/python3.7/site-packages/airflow/example_dags/tutorial.py for tasks to queue
[2023-05-27T14:53:14.820+0000] {logging_mixin.py:120} INFO - [2023-05-27T14:53:14.820+0000] {dagbag.py:537} INFO - Filling up the DagBag from /home/airflow/.local/lib/python3.7/site-packages/airflow/example_dags/tutorial.py
[2023-05-27T14:53:14.894+0000] {processor.py:766} INFO - DAG(s) dict_keys(['tutorial']) retrieved from /home/airflow/.local/lib/python3.7/site-packages/airflow/example_dags/tutorial.py
[2023-05-27T14:53:15.004+0000] {logging_mixin.py:120} INFO - [2023-05-27T14:53:15.004+0000] {dag.py:2585} INFO - Sync 1 DAGs
[2023-05-27T14:53:15.039+0000] {logging_mixin.py:120} INFO - [2023-05-27T14:53:15.039+0000] {dag.py:3340} INFO - Setting next_dagrun for tutorial to 2023-05-26T14:53:15.038139+00:00, run_after=2023-05-27T14:53:15.038139+00:00
[2023-05-27T14:53:15.063+0000] {processor.py:176} INFO - Processing /home/airflow/.local/lib/python3.7/site-packages/airflow/example_dags/tutorial.py took 0.251 seconds
[2023-05-27T14:53:45.161+0000] {processor.py:154} INFO - Started process (PID=1768) to work on /home/airflow/.local/lib/python3.7/site-packages/airflow/example_dags/tutorial.py
[2023-05-27T14:53:45.163+0000] {processor.py:756} INFO - Processing file /home/airflow/.local/lib/python3.7/site-packages/airflow/example_dags/tutorial.py for tasks to queue
[2023-05-27T14:53:45.164+0000] {logging_mixin.py:120} INFO - [2023-05-27T14:53:45.163+0000] {dagbag.py:537} INFO - Filling up the DagBag from /home/airflow/.local/lib/python3.7/site-packages/airflow/example_dags/tutorial.py
[2023-05-27T14:53:45.244+0000] {processor.py:766} INFO - DAG(s) dict_keys(['tutorial']) retrieved from /home/airflow/.local/lib/python3.7/site-packages/airflow/example_dags/tutorial.py
[2023-05-27T14:53:45.352+0000] {logging_mixin.py:120} INFO - [2023-05-27T14:53:45.352+0000] {dag.py:2585} INFO - Sync 1 DAGs
[2023-05-27T14:53:45.388+0000] {logging_mixin.py:120} INFO - [2023-05-27T14:53:45.387+0000] {dag.py:3340} INFO - Setting next_dagrun for tutorial to 2023-05-26T14:53:45.385302+00:00, run_after=2023-05-27T14:53:45.385302+00:00
[2023-05-27T14:53:45.413+0000] {processor.py:176} INFO - Processing /home/airflow/.local/lib/python3.7/site-packages/airflow/example_dags/tutorial.py took 0.255 seconds
[2023-05-27T14:58:47.619+0000] {processor.py:154} INFO - Started process (PID=1784) to work on /home/airflow/.local/lib/python3.7/site-packages/airflow/example_dags/tutorial.py
[2023-05-27T14:58:47.644+0000] {processor.py:756} INFO - Processing file /home/airflow/.local/lib/python3.7/site-packages/airflow/example_dags/tutorial.py for tasks to queue
[2023-05-27T14:58:47.645+0000] {logging_mixin.py:120} INFO - [2023-05-27T14:58:47.645+0000] {dagbag.py:537} INFO - Filling up the DagBag from /home/airflow/.local/lib/python3.7/site-packages/airflow/example_dags/tutorial.py
[2023-05-27T14:58:48.428+0000] {processor.py:766} INFO - DAG(s) dict_keys(['tutorial']) retrieved from /home/airflow/.local/lib/python3.7/site-packages/airflow/example_dags/tutorial.py
